
 eiger (login-i17) : TURBOMOLE rev. V7.5.0 compiled 13 Jun 2020 at 23:29:25
 Copyright (C) 2020 TURBOMOLE GmbH, Karlsruhe


    2020-08-14 13:41:02.351 

                                                                                
  
Total energy =  -4206.6965878330 H =   -114470.0447205 eV
 
 HOMO-LUMO Separation
   HOMO:   222. b  27 a1    -0.13254777 H =     -3.60681 eV
   LUMO:   223. b  27 b2    -0.08511217 H =     -2.31602 eV
   Gap :                    +0.04743560 H =     +1.29079 eV
 
Number of MOs=   1678, Electrons=    295.00, Symmetry: d2d  
 
   Nr.   Orbital    Occupation       Energy
 1678. a 173 a1                  +588.560696 H =    +16015.552 eV
 1677. a 171 b2                  +588.560559 H =    +16015.549 eV
 1676. b 173 a1                  +584.496798 H =    +15904.968 eV
 1675. b 171 b2                  +584.496662 H =    +15904.964 eV
 1674. b 172 a1                  +248.365199 H =     +6758.361 eV
 1673. b 170 b2                  +248.365055 H =     +6758.357 eV
 1672. a 172 a1                  +248.321951 H =     +6757.184 eV
 1671. a 170 b2                  +248.321808 H =     +6757.181 eV
 1670. a 171 a1                   +85.738960 H =     +2333.076 eV
 1669. b 171 a1                   +85.732154 H =     +2332.891 eV
 1668. b 170 a1                   +69.622723 H =     +1894.531 eV
 1667. b 169 b2                   +69.622403 H =     +1894.522 eV
 1666. a 170 a1                   +69.417556 H =     +1888.948 eV
     .
     .
     .
  271. a  33 a1                    +0.096132 H =        +2.616 eV
  270. b  45 e                     +0.090201 H =        +2.455 eV
  269. a  45 e                     +0.083261 H =        +2.266 eV
  268. b  33 b2                    +0.082690 H =        +2.250 eV
  267. b  44 e                     +0.082674 H =        +2.250 eV
  266. b  33 a1                    +0.081541 H =        +2.219 eV
  265. a  44 e                     +0.080788 H =        +2.198 eV
  264. a  32 b2                    +0.067828 H =        +1.846 eV
  263. a  32 a1                    +0.066935 H =        +1.821 eV
  262. b  32 b2                    +0.066892 H =        +1.820 eV
  261. b  43 e                     +0.065841 H =        +1.792 eV
  260. a  43 e                     +0.065626 H =        +1.786 eV
  259. a  31 b2                    +0.062482 H =        +1.700 eV
  258. b  12 a2                    +0.061631 H =        +1.677 eV
  257. b  13 b1                    +0.061515 H =        +1.674 eV
  256. b  42 e                     +0.056787 H =        +1.545 eV
  255. a  42 e                     +0.056661 H =        +1.542 eV
  254. b  32 a1                    +0.053999 H =        +1.469 eV
  253. a  12 a2                    +0.053838 H =        +1.465 eV
  252. a  13 b1                    +0.053822 H =        +1.465 eV
  251. a  31 a1                    +0.052318 H =        +1.424 eV
  250. b  41 e                     +0.048569 H =        +1.322 eV
  249. a  41 e                     +0.041980 H =        +1.142 eV
  248. b  31 b2                    +0.032588 H =        +0.887 eV
  247. a  30 b2                    +0.032046 H =        +0.872 eV
  246. b  30 b2                    +0.028050 H =        +0.763 eV
  245. b  40 e                     +0.026095 H =        +0.710 eV
  244. a  29 b2                    +0.025975 H =        +0.707 eV
  243. b  31 a1                    +0.025420 H =        +0.692 eV
  242. a  30 a1                    +0.024252 H =        +0.660 eV
  241. a  40 e                     +0.017405 H =        +0.474 eV
  240. b  30 a1                    +0.009574 H =        +0.261 eV
  239. a  29 a1                    +0.008340 H =        +0.227 eV
  238. b  39 e                     -0.002678 H =        -0.073 eV
  237. b  12 b1                    -0.010130 H =        -0.276 eV
  236. b  11 a2                    -0.010585 H =        -0.288 eV
  235. a  39 e                     -0.034068 H =        -0.927 eV
  234. b  29 a1                    -0.035301 H =        -0.961 eV
  233. b  29 b2                    -0.035521 H =        -0.967 eV
  232. b  38 e                     -0.036614 H =        -0.996 eV
  231. b  37 e                     -0.043357 H =        -1.180 eV
  230. b  28 b2                    -0.050909 H =        -1.385 eV
  229. b  36 e                     -0.057054 H =        -1.553 eV
  228. b  28 a1                    -0.057481 H =        -1.564 eV
  227. a  28 b2                    -0.065082 H =        -1.771 eV
  226. a  12 b1                    -0.067919 H =        -1.848 eV
  225. a  28 a1                    -0.073276 H =        -1.994 eV
  224. b  11 b1                    -0.079723 H =        -2.169 eV
  223. b  27 b2                    -0.085112 H =        -2.316 eV
  222. b  27 a1       1.000        -0.132548 H =        -3.607 eV
  221. a  11 a2       1.000        -0.182949 H =        -4.978 eV
  220. b  35 e        2.000        -0.183630 H =        -4.997 eV
  219. b  10 a2       1.000        -0.183672 H =        -4.998 eV
  218. a  38 e        2.000        -0.183873 H =        -5.003 eV
  217. b  26 b2       1.000        -0.194453 H =        -5.291 eV
  216. b  34 e        2.000        -0.197937 H =        -5.386 eV
  215. b  26 a1       1.000        -0.199126 H =        -5.418 eV
  214. a  37 e        2.000        -0.199428 H =        -5.427 eV
  213. b  33 e        2.000        -0.200519 H =        -5.456 eV
  212. a  11 b1       1.000        -0.208914 H =        -5.685 eV
  211. b  10 b1       1.000        -0.209118 H =        -5.690 eV
  210. b  25 b2       1.000        -0.210860 H =        -5.738 eV
  209. b  25 a1       1.000        -0.211158 H =        -5.746 eV
  208. a  27 b2       1.000        -0.212484 H =        -5.782 eV
  207. a  27 a1       1.000        -0.212593 H =        -5.785 eV
  206. a  36 e        2.000        -0.215924 H =        -5.876 eV
  205. b  32 e        2.000        -0.217851 H =        -5.928 eV
  204. b   9 a2       1.000        -0.218588 H =        -5.948 eV
  203. a  10 a2       1.000        -0.220061 H =        -5.988 eV
  202. b  31 e        2.000        -0.242110 H =        -6.588 eV
  201. a  35 e        2.000        -0.242368 H =        -6.595 eV
  200. a  26 b2       1.000        -0.244257 H =        -6.647 eV
  199. b  24 b2       1.000        -0.251806 H =        -6.852 eV
  198. a  10 b1       1.000        -0.272288 H =        -7.409 eV
  197. a  26 a1       1.000        -0.274827 H =        -7.478 eV
  196. b   9 b1       1.000        -0.277043 H =        -7.539 eV
  195. b  24 a1       1.000        -0.279290 H =        -7.600 eV
  194. a  34 e        2.000        -0.279319 H =        -7.601 eV
  193. a  25 b2       1.000        -0.280361 H =        -7.629 eV
  192. b  30 e        2.000        -0.282345 H =        -7.683 eV
  191. a  25 a1       1.000        -0.282659 H =        -7.692 eV
  190. b  23 b2       1.000        -0.287381 H =        -7.820 eV
  189. b  23 a1       1.000        -0.300569 H =        -8.179 eV
  188. a  33 e        2.000        -0.312287 H =        -8.498 eV
  187. a   9 a2       1.000        -0.328936 H =        -8.951 eV
  186. a   9 b1       1.000        -0.328966 H =        -8.952 eV
  185. b  29 e        2.000        -0.329011 H =        -8.953 eV
  184. b   8 a2       1.000        -0.329308 H =        -8.961 eV
  183. b   8 b1       1.000        -0.329353 H =        -8.962 eV
  182. a  32 e        2.000        -0.329645 H =        -8.970 eV
  181. b  28 e        2.000        -0.330853 H =        -9.003 eV
  180. a  24 b2       1.000        -0.330945 H =        -9.005 eV
  179. a  24 a1       1.000        -0.330956 H =        -9.006 eV
  178. b  22 b2       1.000        -0.331713 H =        -9.026 eV
  177. a  31 e        2.000        -0.331795 H =        -9.029 eV
  176. b  22 a1       1.000        -0.331935 H =        -9.032 eV
  175. a  30 e        2.000        -0.332103 H =        -9.037 eV
     .
     .
     .
   13. a   2 e        2.000       -10.531546 H =      -286.578 eV
   12. a   3 a1       1.000       -10.540582 H =      -286.824 eV
   11. a   3 b2       1.000       -10.540582 H =      -286.824 eV
   10. b   2 b2       1.000       -14.547917 H =      -395.869 eV
    9. b   2 a1       1.000       -14.547917 H =      -395.869 eV
    8. a   2 b2       1.000       -14.763416 H =      -401.733 eV
    7. a   2 a1       1.000       -14.763416 H =      -401.733 eV
    6. a   1 b2       1.000       -88.653433 H =     -2412.383 eV
    5. a   1 e        2.000       -88.653436 H =     -2412.383 eV
    4. a   1 a1       1.000       -88.653437 H =     -2412.383 eV
    3. b   1 b2       1.000       -88.653527 H =     -2412.385 eV
    2. b   1 e        2.000       -88.653530 H =     -2412.385 eV
    1. b   1 a1       1.000       -88.653531 H =     -2412.385 eV


    ------------------------------------------------------------------------
         total  cpu-time :   0.36 seconds
         total wall-time :   0.50 seconds
    ------------------------------------------------------------------------

   ****  eiger : all done  ****


    2020-08-14 13:41:02.821 

