
 eiger (login-i17) : TURBOMOLE rev. V7.5.0 compiled 13 Jun 2020 at 23:29:25
 Copyright (C) 2020 TURBOMOLE GmbH, Karlsruhe


    2020-08-14 13:47:33.776 

                                                                                
  
Total energy =  -4206.6965893330 H =   -114470.0447614 eV
 
 HOMO-LUMO Separation
   HOMO:   222. b  27 a1    -0.13506663 H =     -3.67535 eV
   LUMO:   223. b  27 b2    -0.08825067 H =     -2.40142 eV
   Gap :                    +0.04681596 H =     +1.27393 eV
 
Number of MOs=   1678, Electrons=    295.00, Symmetry: d2d  
 
   Nr.   Orbital    Occupation       Energy
 1678. a 171 b2                  +588.547698 H =    +16015.199 eV
 1677. a 173 a1                  +588.546714 H =    +16015.172 eV
 1676. b 171 b2                  +584.483920 H =    +15904.618 eV
 1675. b 173 a1                  +584.482939 H =    +15904.591 eV
 1674. b 170 b2                  +248.353451 H =     +6758.042 eV
 1673. b 172 a1                  +248.352572 H =     +6758.018 eV
 1672. a 170 b2                  +248.310218 H =     +6756.865 eV
 1671. a 172 a1                  +248.309336 H =     +6756.841 eV
 1670. a 171 a1                   +85.735956 H =     +2332.994 eV
 1669. b 171 a1                   +85.729070 H =     +2332.807 eV
 1668. b 169 b2                   +69.606280 H =     +1894.083 eV
 1667. b 170 a1                   +69.605170 H =     +1894.053 eV
 1666. a 169 b2                   +69.401198 H =     +1888.503 eV
     .
     .
     .
  271. a  14 b1                    +0.095588 H =        +2.601 eV
  270. b  45 e                     +0.089077 H =        +2.424 eV
  269. b  33 b2                    +0.083078 H =        +2.261 eV
  268. a  45 e                     +0.082991 H =        +2.258 eV
  267. b  44 e                     +0.082450 H =        +2.244 eV
  266. b  33 a1                    +0.081793 H =        +2.226 eV
  265. a  44 e                     +0.080157 H =        +2.181 eV
  264. a  32 b2                    +0.068152 H =        +1.855 eV
  263. a  32 a1                    +0.067529 H =        +1.838 eV
  262. b  32 b2                    +0.066805 H =        +1.818 eV
  261. b  43 e                     +0.066253 H =        +1.803 eV
  260. a  43 e                     +0.066047 H =        +1.797 eV
  259. a  31 b2                    +0.062984 H =        +1.714 eV
  258. b  12 a2                    +0.061925 H =        +1.685 eV
  257. b  13 b1                    +0.061831 H =        +1.682 eV
  256. b  42 e                     +0.056626 H =        +1.541 eV
  255. a  42 e                     +0.056525 H =        +1.538 eV
  254. b  32 a1                    +0.053911 H =        +1.467 eV
  253. a  13 b1                    +0.053859 H =        +1.466 eV
  252. a  12 a2                    +0.053831 H =        +1.465 eV
  251. a  31 a1                    +0.052515 H =        +1.429 eV
  250. b  41 e                     +0.048559 H =        +1.321 eV
  249. a  41 e                     +0.041530 H =        +1.130 eV
  248. b  31 b2                    +0.032255 H =        +0.878 eV
  247. a  30 b2                    +0.031674 H =        +0.862 eV
  246. b  30 b2                    +0.028584 H =        +0.778 eV
  245. b  40 e                     +0.026905 H =        +0.732 eV
  244. a  29 b2                    +0.026203 H =        +0.713 eV
  243. b  31 a1                    +0.025080 H =        +0.682 eV
  242. a  30 a1                    +0.023772 H =        +0.647 eV
  241. a  40 e                     +0.018436 H =        +0.502 eV
  240. b  30 a1                    +0.010386 H =        +0.283 eV
  239. a  29 a1                    +0.008942 H =        +0.243 eV
  238. b  39 e                     -0.003143 H =        -0.086 eV
  237. b  12 b1                    -0.010523 H =        -0.286 eV
  236. b  11 a2                    -0.010995 H =        -0.299 eV
  235. a  39 e                     -0.035581 H =        -0.968 eV
  234. b  29 a1                    -0.035701 H =        -0.971 eV
  233. b  29 b2                    -0.035991 H =        -0.979 eV
  232. b  38 e                     -0.038168 H =        -1.039 eV
  231. b  37 e                     -0.043933 H =        -1.195 eV
  230. b  28 b2                    -0.052205 H =        -1.421 eV
  229. b  28 a1                    -0.057502 H =        -1.565 eV
  228. b  36 e                     -0.057548 H =        -1.566 eV
  227. a  28 b2                    -0.068638 H =        -1.868 eV
  226. a  12 b1                    -0.071110 H =        -1.935 eV
  225. a  28 a1                    -0.075106 H =        -2.044 eV
  224. b  11 b1                    -0.083238 H =        -2.265 eV
  223. b  27 b2                    -0.088251 H =        -2.401 eV
  222. b  27 a1       1.000        -0.135067 H =        -3.675 eV
  221. b  35 e        2.000        -0.183659 H =        -4.998 eV
  220. a  38 e        2.000        -0.183675 H =        -4.998 eV
  219. a  11 a2       1.000        -0.183999 H =        -5.007 eV
  218. b  10 a2       1.000        -0.184870 H =        -5.031 eV
  217. b  26 b2       1.000        -0.195246 H =        -5.313 eV
  216. b  34 e        2.000        -0.198132 H =        -5.391 eV
  215. a  37 e        2.000        -0.198694 H =        -5.407 eV
  214. b  33 e        2.000        -0.199950 H =        -5.441 eV
  213. b  26 a1       1.000        -0.200183 H =        -5.447 eV
  212. a  11 b1       1.000        -0.207537 H =        -5.647 eV
  211. b  10 b1       1.000        -0.207817 H =        -5.655 eV
  210. b  25 b2       1.000        -0.210168 H =        -5.719 eV
  209. b  25 a1       1.000        -0.210483 H =        -5.728 eV
  208. a  27 b2       1.000        -0.211739 H =        -5.762 eV
  207. a  27 a1       1.000        -0.211858 H =        -5.765 eV
  206. a  36 e        2.000        -0.218215 H =        -5.938 eV
  205. b   9 a2       1.000        -0.218878 H =        -5.956 eV
  204. b  32 e        2.000        -0.220107 H =        -5.989 eV
  203. a  10 a2       1.000        -0.220461 H =        -5.999 eV
  202. b  31 e        2.000        -0.244281 H =        -6.647 eV
  201. a  35 e        2.000        -0.244614 H =        -6.656 eV
  200. a  26 b2       1.000        -0.246662 H =        -6.712 eV
  199. b  24 b2       1.000        -0.254185 H =        -6.917 eV
  198. a  10 b1       1.000        -0.272875 H =        -7.425 eV
  197. a  26 a1       1.000        -0.276506 H =        -7.524 eV
  196. b   9 b1       1.000        -0.277797 H =        -7.559 eV
  195. a  25 b2       1.000        -0.281428 H =        -7.658 eV
  194. a  34 e        2.000        -0.281503 H =        -7.660 eV
  193. b  24 a1       1.000        -0.281675 H =        -7.665 eV
  192. b  30 e        2.000        -0.284495 H =        -7.742 eV
  191. a  25 a1       1.000        -0.285787 H =        -7.777 eV
  190. b  23 b2       1.000        -0.288744 H =        -7.857 eV
  189. b  23 a1       1.000        -0.303181 H =        -8.250 eV
  188. a  33 e        2.000        -0.312786 H =        -8.511 eV
  187. a   9 a2       1.000        -0.328501 H =        -8.939 eV
  186. a   9 b1       1.000        -0.328528 H =        -8.940 eV
  185. b   8 a2       1.000        -0.328829 H =        -8.948 eV
  184. b   8 b1       1.000        -0.328871 H =        -8.949 eV
  183. b  29 e        2.000        -0.328922 H =        -8.950 eV
  182. a  32 e        2.000        -0.329347 H =        -8.962 eV
  181. a  24 b2       1.000        -0.330598 H =        -8.996 eV
  180. a  24 a1       1.000        -0.330615 H =        -8.997 eV
  179. b  28 e        2.000        -0.330649 H =        -8.997 eV
  178. b  22 b2       1.000        -0.331276 H =        -9.014 eV
  177. b  22 a1       1.000        -0.331502 H =        -9.021 eV
  176. a  31 e        2.000        -0.331551 H =        -9.022 eV
  175. a  30 e        2.000        -0.331646 H =        -9.025 eV
     .
     .
     .
   13. a   2 e        2.000       -10.532017 H =      -286.591 eV
   12. a   3 a1       1.000       -10.541144 H =      -286.839 eV
   11. a   3 b2       1.000       -10.541144 H =      -286.839 eV
   10. b   2 a1       1.000       -14.548444 H =      -395.883 eV
    9. b   2 b2       1.000       -14.548444 H =      -395.883 eV
    8. a   2 a1       1.000       -14.763888 H =      -401.746 eV
    7. a   2 b2       1.000       -14.763888 H =      -401.746 eV
    6. a   1 b2       1.000       -88.655531 H =     -2412.440 eV
    5. a   1 e        2.000       -88.655534 H =     -2412.440 eV
    4. a   1 a1       1.000       -88.655535 H =     -2412.440 eV
    3. b   1 b2       1.000       -88.655621 H =     -2412.442 eV
    2. b   1 e        2.000       -88.655624 H =     -2412.442 eV
    1. b   1 a1       1.000       -88.655625 H =     -2412.442 eV


    ------------------------------------------------------------------------
         total  cpu-time :   0.36 seconds
         total wall-time :   0.62 seconds
    ------------------------------------------------------------------------

   ****  eiger : all done  ****


    2020-08-14 13:47:34.363 

