
 eiger (login-i15) : TURBOMOLE rev. V7.5.0 compiled 13 Jun 2020 at 23:29:25
 Copyright (C) 2020 TURBOMOLE GmbH, Karlsruhe


    2020-10-13 14:08:58.087 

                                                                                
  
Total energy =  -4085.3101746990 H =   -111166.9521752 eV
 
 HOMO-LUMO Separation
   HOMO:   221. b  28 a1    -0.04333851 H =     -1.17930 eV
   LUMO:   222. b  28 b2    +0.00141563 H =     +0.03852 eV
   Gap :                    +0.04475414 H =     +1.21782 eV
 
Number of MOs=   1678, Electrons=    293.00, Symmetry: d2d  
 
   Nr.   Orbital    Occupation       Energy
  238. a  39 e                     +0.062996 H =        +1.714 eV
  237. a  38 e                     +0.059098 H =        +1.608 eV
  236. a  12 b1                    +0.058187 H =        +1.583 eV
  235. a  11 a2                    +0.056688 H =        +1.543 eV
  234. a  29 a1                    +0.055459 H =        +1.509 eV
  233. a  29 b2                    +0.054540 H =        +1.484 eV
  232. a  37 e                     +0.048959 H =        +1.332 eV
  231. b  39 e                     +0.047213 H =        +1.285 eV
  230. a  28 a1                    +0.043698 H =        +1.189 eV
  229. a  28 b2                    +0.043585 H =        +1.186 eV
  228. a  36 e                     +0.040539 H =        +1.103 eV
  227. a  35 e                     +0.039545 H =        +1.076 eV
  226. a  11 b1                    +0.016121 H =        +0.439 eV
  225. a  27 b2                    +0.013509 H =        +0.368 eV
  224. a  27 a1                    +0.007732 H =        +0.210 eV
  223. b  12 b1                    +0.006529 H =        +0.178 eV
  222. b  28 b2                    +0.001416 H =        +0.039 eV
  221. b  28 a1       1.000        -0.043339 H =        -1.179 eV
  220. a  26 b2       1.000        -0.085103 H =        -2.316 eV
  219. a  26 a1       1.000        -0.088726 H =        -2.414 eV
  218. b  11 a2       1.000        -0.097299 H =        -2.648 eV
  217. a  10 a2       1.000        -0.100141 H =        -2.725 eV
  216. b  38 e        2.000        -0.105893 H =        -2.882 eV
  215. a  34 e        2.000        -0.108870 H =        -2.962 eV
  214. b  37 e        2.000        -0.125955 H =        -3.427 eV
  213. a  33 e        2.000        -0.126025 H =        -3.429 eV
  212. a  32 e        2.000        -0.132399 H =        -3.603 eV
  211. a  10 b1       1.000        -0.133820 H =        -3.641 eV
  210. b  11 b1       1.000        -0.135399 H =        -3.684 eV
  209. a  25 b2       1.000        -0.136500 H =        -3.714 eV
  208. a  25 a1       1.000        -0.136843 H =        -3.724 eV
  207. b  36 e        2.000        -0.136955 H =        -3.727 eV
  206. b  27 b2       1.000        -0.138924 H =        -3.780 eV


    ------------------------------------------------------------------------
         total  cpu-time :   0.39 seconds
         total wall-time :   1.64 seconds
    ------------------------------------------------------------------------

   ****  eiger : all done  ****


    2020-10-13 14:08:59.251 

