
   OpenMP run-time library returned nthreads = 20

 escf (hpc3-17-09) : TURBOMOLE rev. V7-5-tag-28-gbe0a187fad compiled 7 Apr 2020 at 04:41:40
 Copyright (C) 2020 TURBOMOLE GmbH, Karlsruhe


    2020-09-03 04:07:03.809 




                                e s c f

                             TURBOMOLE GmbH


          integral direct evaluation of 

                    * excitation energies and transition moments 
                    * dynamic response properties 
                    * stabilities



          OpenMP Shared-Memory Parallelization: 20 CPUs.

            By: Erik P. Almaraz and Filipp Furche
            Copyright 2009-2011 by UCI and TURBOMOLE GmbH.

            Revised by: Christof Holzer and Yannick J. Franzke



          references (see also programs dscf and ridft) 

          implementation and benchmarks (review) 
          F. Furche and D. Rappoport,  
          "Density functional methods for excited states: 
          equilibrium structure and electronic spectra",
          ch. III of "Computational Photochemistry", ed. by 
          M. Olivucci, vol. 16 of "Theoretical and Computational 
          Chemistry", Elsevier, Amsterdam, 2005.

          Bethe-Salpeter equation
          K. Krause and W. Klopper,
          J. Comput. Chem. 38 (2017) 383.

          2c BSE, GW and hybrid TD-DFT
          C. Holzer and W. Klopper
          J. Chem. Phys. 150, 204116 (2019)

          nonorthonormal Krylov space methods 
          F. Furche, B. T. Krull, B. D. Nguyen, and J. Kwon, 
          J. Chem. Phys. 144 (2016), 174105.

          two-component GW quasi particle energies 
          M. Kuehn and F. Weigend, 
          J. Chem. Theory Comput. 11 (2015), 969.

          two-component TDDFT with spin-orbit coupling 
          M. Kuehn and F. Weigend, 
          J. Chem. Theory Comput. 9 (2013), 5341.
          M. Kuehn and F. Weigend, 
          J. Chem. Phys. 142 (2015), 034116.

          GW quasi particle energies
          M. J. van Setten, F. Weigend, and F. Evers,
          J. Chem. Theory Comput. 9 (2013), 232.

          Fast GW methods: RIGW, contour deformation
          J. Chem. Phys. 150, 204116 (2019)

          current-density dependent meta-GGA Linear Response
          J. E. Bates and F. Furche, 
          J. Chem. Phys. 137 (2012), 164105.

          spin-flip method 
          M. Kuehn and F. Weigend, 
          Chem. Phys. Chem. 12 (2011), 3331.

          RI-J method 
          R. Bauernschmitt, M. Haeser, O. Treutler, and R. Ahlrichs,
          Chem. Phys. Lett. 264 (1997), 573.

          density functional implementation               
          R. Bauernschmitt and R. Ahlrichs,
          Chem. Phys. Lett. 256 (1996), 454.
          R. Bauernschmitt and R. Ahlrichs,
          J. Chem. Phys. 104 (1996), 9047.

          UHF extension (RPA and CIS)
          C. Ochsenfeld, J. Gauss, and R. Ahlrichs, 
          J. Chem. Phys. 103 (1995), 7401.

          integral direct algorithm                 
          H. Weiss, R. Ahlrichs, and M. Haeser, 
          J. Chem. Phys. 99 (1993), 1262.

          Seminumerical and pseudospectral algorithms
          C. Holzer, in preparation (2020)

          Two-component static/dynamic polarizabilities,
          and relativistic damped-response approach,
          polarizabilities and damped response at GW-BSE level
          M. Kehry, Y. J. Franzke, C. Holzer, and W. Klopper,
          submitted (2020)
                                     



 UHF mode switched on !


              +--------------------------------------------------+
              | Atomic coordinate, charge and isotop information |
              +--------------------------------------------------+

                    atomic coordinates            atom    charge  isotop
          0.00000000    0.00000000    0.00000000    mo    42.000     0
          0.00000000    0.00000000   -6.36904119    tb    65.000     0
          0.00000000    0.00000000    6.36904119    tb    65.000     0
          2.40742097    2.40742097   -2.48501305    s     16.000     0
         -2.40742097   -2.40742097   -2.48501305    s     16.000     0
          2.40742097   -2.40742097    2.48501305    s     16.000     0
         -2.40742097    2.40742097    2.48501305    s     16.000     0
          4.65075523   -1.59785404   -7.63043802    c      6.000     0
          3.59557103   -3.59557103   -6.20920019    c      6.000     0
          1.59785404   -4.65075523   -7.63043802    c      6.000     0
          1.41052015   -3.30278187   -9.93226242    c      6.000     0
          3.30278187   -1.41052015   -9.93226242    c      6.000     0
         -1.59785404    4.65075523   -7.63043802    c      6.000     0
         -3.59557103    3.59557103   -6.20920019    c      6.000     0
         -4.65075523    1.59785404   -7.63043802    c      6.000     0
         -3.30278187    1.41052015   -9.93226242    c      6.000     0
         -1.41052015    3.30278187   -9.93226242    c      6.000     0
          1.59785404    4.65075523    7.63043802    c      6.000     0
          1.41052015    3.30278187    9.93226242    c      6.000     0
          3.30278187    1.41052015    9.93226242    c      6.000     0
          4.65075523    1.59785404    7.63043802    c      6.000     0
          3.59557103    3.59557103    6.20920019    c      6.000     0
         -4.65075523   -1.59785404    7.63043802    c      6.000     0
         -3.30278187   -1.41052015    9.93226242    c      6.000     0
         -1.41052015   -3.30278187    9.93226242    c      6.000     0
         -1.59785404   -4.65075523    7.63043802    c      6.000     0
         -3.59557103   -3.59557103    6.20920019    c      6.000     0
          0.39217488   -6.18583433   -7.03042080    h      1.000     0
          0.06938555   -3.65964098  -11.43121777    h      1.000     0
          4.14640331   -4.14640331   -4.32225395    h      1.000     0
          3.65964098   -0.06938555  -11.43121777    h      1.000     0
          6.18583433   -0.39217488   -7.03042080    h      1.000     0
         -0.06938555    3.65964098  -11.43121777    h      1.000     0
         -0.39217488    6.18583433   -7.03042080    h      1.000     0
         -4.14640331    4.14640331   -4.32225395    h      1.000     0
         -6.18583433    0.39217488   -7.03042080    h      1.000     0
         -3.65964098    0.06938555  -11.43121777    h      1.000     0
         -0.39217488   -6.18583433    7.03042080    h      1.000     0
         -4.14640331   -4.14640331    4.32225395    h      1.000     0
         -6.18583433   -0.39217488    7.03042080    h      1.000     0
         -3.65964098   -0.06938555   11.43121777    h      1.000     0
         -0.06938555   -3.65964098   11.43121777    h      1.000     0
          0.06938555    3.65964098   11.43121777    h      1.000     0
          0.39217488    6.18583433    7.03042080    h      1.000     0
          4.14640331    4.14640331    4.32225395    h      1.000     0
          3.65964098    0.06938555   11.43121777    h      1.000     0
          6.18583433    0.39217488    7.03042080    h      1.000     0
 
       center of nuclear mass  :    0.00000000   -0.00000000   -0.00000000
       center of nuclear charge:    0.00000000    0.00000000   -0.00000000

              +--------------------------------------------------+
              |               basis set information              |
              +--------------------------------------------------+

              we will work with the 1s 3p 5d 7f 9g ... basis set
              ...i.e. with spherical basis functions...

   type   atoms  prim   cont   basis
   ---------------------------------------------------------------------------
    mo       1     60     40   def2-TZVP   [6s4p3d1f|7s7p5d1f]
    tb       2    171     93   def2-TZVP   [10s7p5d4f1g|14s14p10d8f1g]
    s        4     63     37   def2-TZVP   [5s5p2d1f|14s9p3d1f]
    c       20     46     31   def2-TZVP   [5s3p2d1f|11s6p2d1f]
    h       20      8      6   def2-TZVP   [3s1p|5s1p]
   ---------------------------------------------------------------------------
   total:   47   1734   1114
   ---------------------------------------------------------------------------

   total number of primitive shells          :  120
   total number of contracted shells         :  420
   total number of cartesian basis functions : 1286
   total number of SCF-basis functions       : 1114

 number of unique ecp types :                     2

 residuum convergence criterium   :  0.10E-04

 COSMO is enabled, use tighter integral                screening thresholds 
                     7

 integral neglect threshold       :  0.26E-13
 integral storage threshold THIZE :  0.10E-04
 integral storage threshold THIME :         5

 
             FOUND RI-J FLAG !
 
  
 AUXILIARY BASIS SET information:

              we will work with the 1s 3p 5d 7f 9g ... basis set
              ...i.e. with spherical basis functions...

   type   atoms  prim   cont   basis
   ---------------------------------------------------------------------------
    mo       1     99     89   def2-TZVP   [8s5p5d2f3g|11s5p5d3f3g]
    tb       2    263    200   def2-TZVP   [14s7p6d6f5g2h2i|18s7p6d6f6g3h5i]
    s        4     77     51   def2-TZVP   [8s4p3d1f1g|14s5p5d2f1g]
    c       20     70     49   def2-TZVP   [6s4p3d1f1g|12s5p4d2f1g]
    h       20     16     11   def2-TZVP   [3s1p1d|5s2p1d]
   ---------------------------------------------------------------------------
   total:   47   2653   1893
   ---------------------------------------------------------------------------

   total number of primitive shells          :  137
   total number of contracted shells         :  575
   total number of cartesian basis functions : 2438
   total number of SCF-basis functions       : 1893

 RPA UHF-EXCITATION-CALCULATION (spin-conserved)
 
             FOUND DFT-FLAG !
 

 symmetry group of the molecule :   d2d

 the group has the following generators :
   s4(z)
   c2(x)

    8 symmetry operations found

 there are 5 real representations :   a1   a2   b1   b2   e   

 maximum number of shells which are related by symmetry :  8

 IRREPs of excited states :   b2   e   

    mo occupation :
   irrep   mo's   occupied
    a1     173       27
    a2     109       11
    b1     111       11
    b2     171       27
    e      275       38
 
 number of basis functions   :  1114
 number of occupied orbitals :   152
 
 ALPHA-Occupation:                   152
 BETA-Occupation :                   141
 COSMO: symmetry in response calc. w/out guarantee
 ==============================================================================
                      COSMO switched on
 ==============================================================================
 COSMO stati: segments per atom: H   32 other atoms   92
 COSMO statistics: nps   1586 npspher:    650
 COSMO surface:
   number of segments: 1586
   area (bohr**2):     1491.271053
   volume (bohr**3):   3866.787275
 COSMO: check number of disjunct cavities:

       ... OK contiguous cavity found
   sym. distinct segments:  282
   sym. dist. seg. on spheres:  109
   min. distance between points:      0.233347
   max. symmetrization distance error:      0.000080

 Surface grid was constructed by projection of gridpoints of symmetry distict atoms.
 This may lead to differences compared to C1 results.
 Using refractive index n                   =    1.30000000000000     
 Screening function (n**2-1)/(n**2+0.5)     =   0.315068493150685     
  
           ------------------
           density functional
           ------------------
 TPSS global hybrid functional
 exchange:    9/10 (LDA+TPSS) + 1/10 HF
 correlation: LDA (PW) + TPSS

 spherical integration : Lebedev's spherical grid
 spherical gridsize    :                     4
    i.e. gridpoints    :                   434
 value for diffuse not defined
 radial integration    : Chebyshev 2nd kind (scaling 3)
 radial gridsize       :                     6
 integration cells     :                     9
 partition function    : becke
 partition sharpness   :                     3
  
 
 Derivatives of quadrature weights will be included
 

 The current-density response will be included
 for meta-GGA functionals in TDDFT.

  
           ----------------------
               RI - INFORMATION
           ----------------------

 biggest AO integral is expected to be    24.498957202

 Threshold for integral neglect (rithr2):   0.26E-13
 Threshold for integral neglect (rithr1):   0.26E-13

 Contributions to RI integral batches: 
  neglected integral batches:                 79569
  direct contribution:                            0
  memory contribution:                  8841
 Core memory available (ricore)            55000 MiB
 Core memory needed for (P|Q) and Cholesky 3 MiB
 Core memory used for integrals            1692 MiB
  
 ****************************************
 Memory allocated for RIDFT 1695 MiB
 ****************************************
                                            
  MOs are in ASCII format !


 reading orbital data $uhfmo_alpha  from file alpha
 orbital characterization : scfconv=7

 reading orbital data $uhfmo_beta  from file beta
 orbital characterization : scfconv=7
 preparing DFT   numerical integration ....
          Overall gridpoints after grid construction =         62979
 Ordering of quadrature gridpoints disabled.

 Calculating ground state density on molecular grid

 Integral of ground state total density: Na =   293.0014468210570    

 Integral of ground state spin density:  Nb =   11.00001265195823    


 all orbitals will be included in the transformation

 number of non-frozen orbitals          :  1114
 number of non-frozen occupied orbitals :   152
 all orbitals will be included in the transformation

 number of non-frozen orbitals          :  1114
 number of non-frozen occupied orbitals :   141

 dimension of super-tensorspace: 2

          IRREP   tensor space dimension   number of roots

           b2            36919                 100
           e             70843                 100

 maximum number of Davidson iterations set to   35


 machine precision: 2.22D-16


 logfile unrs_b2   will be constructed

 logfile unrs_e    will be constructed


                       Nonorthonormal Krylov Space Iteration


 total number of roots to be determined: 200


 maximum core memory set to        75000 MB,
 corresponding to     1484 vectors in CAO basis


 maximum number of simultaneously treated vectors (including degeneracy):      324


 Iteration IRREP Converged      Max. Euclidean
                 roots          residual norm

    1       b2       0        1.382480360393391D-01
            e        0        1.190018621571012D-01
 
    2       b2       0        3.866593267139384D-02
            e        0        1.821012704236915D-02
 
    3       b2       0        3.596013817636590D-02
            e        0        5.001698180966584D-03
 
    4       b2       0        3.592211947606379D-02
            e        0        1.707465966282811D-03
 
    5       b2       0        3.592200174438861D-02
            e        0        1.690101276154940D-03
 
    6       b2       0        3.592200116232235D-02
            e        0        1.689981338377006D-03
 
    7       b2       0        3.592200105466944D-02
            e        0        1.689980431559555D-03
 
    8       b2       0        3.592200105288471D-02
            e        0        1.689979824321493D-03
 
 Orthogonal subspace update failed - check your input  !
