
 eiger (login-i17) : TURBOMOLE rev. V7.5.0 compiled 13 Jun 2020 at 23:29:25
 Copyright (C) 2020 TURBOMOLE GmbH, Karlsruhe


    2020-08-14 11:34:19.876 

                                                                                
  
Total energy =  -4085.3667720230 H =   -111168.4922668 eV
 
 HOMO-LUMO Separation
   HOMO:   221. b  27 a1    -0.12861421 H =     -3.49977 eV
   LUMO:   222. b  11 b1    -0.08212736 H =     -2.23480 eV
   Gap :                    +0.04648685 H =     +1.26497 eV
 
Number of MOs=   1678, Electrons=    293.00, Symmetry: d2d  
 
   Nr.   Orbital    Occupation       Energy
 1678. a 171 b2                  +559.780047 H =    +15232.391 eV
 1677. a 173 a1                  +559.775274 H =    +15232.261 eV
 1676. b 171 b2                  +555.486909 H =    +15115.569 eV
 1675. b 173 a1                  +555.482152 H =    +15115.439 eV
 1674. b 170 b2                  +236.865918 H =     +6445.450 eV
 1673. b 172 a1                  +236.861622 H =     +6445.333 eV
 1672. a 170 b2                  +236.838613 H =     +6444.707 eV
 1671. a 172 a1                  +236.834297 H =     +6444.589 eV
 1670. a 171 a1                   +85.742014 H =     +2333.159 eV
 1669. b 171 a1                   +85.734676 H =     +2332.959 eV
 1668. b 169 b2                   +66.706276 H =     +1815.170 eV
 1667. b 170 a1                   +66.700523 H =     +1815.014 eV
 1666. a 169 b2                   +66.433640 H =     +1807.751 eV
     .
     .
     .
  270. a  14 b1                    +0.088403 H =        +2.406 eV
  269. a  45 e                     +0.083373 H =        +2.269 eV
  268. b  44 e                     +0.082683 H =        +2.250 eV
  267. b  33 b2                    +0.081400 H =        +2.215 eV
  266. b  33 a1                    +0.080925 H =        +2.202 eV
  265. a  44 e                     +0.075009 H =        +2.041 eV
  264. a  32 a1                    +0.063402 H =        +1.725 eV
  263. a  32 b2                    +0.062993 H =        +1.714 eV
  262. b  43 e                     +0.061832 H =        +1.683 eV
  261. a  43 e                     +0.060504 H =        +1.646 eV
  260. b  12 a2                    +0.060349 H =        +1.642 eV
  259. b  13 b1                    +0.060290 H =        +1.641 eV
  258. b  32 b2                    +0.059736 H =        +1.626 eV
  257. a  31 b2                    +0.057839 H =        +1.574 eV
  256. b  42 e                     +0.051496 H =        +1.401 eV
  255. a  42 e                     +0.050220 H =        +1.367 eV
  254. b  41 e                     +0.047713 H =        +1.298 eV
  253. a  13 b1                    +0.047021 H =        +1.280 eV
  252. a  12 a2                    +0.046904 H =        +1.276 eV
  251. b  32 a1                    +0.046251 H =        +1.259 eV
  250. a  31 a1                    +0.045703 H =        +1.244 eV
  249. a  41 e                     +0.035676 H =        +0.971 eV
  248. b  31 b2                    +0.032182 H =        +0.876 eV
  247. a  30 b2                    +0.031848 H =        +0.867 eV
  246. b  30 b2                    +0.028569 H =        +0.777 eV
  245. b  40 e                     +0.028389 H =        +0.772 eV
  244. b  31 a1                    +0.024432 H =        +0.665 eV
  243. a  29 b2                    +0.023269 H =        +0.633 eV
  242. a  30 a1                    +0.022894 H =        +0.623 eV
  241. a  40 e                     +0.015945 H =        +0.434 eV
  240. b  30 a1                    +0.009868 H =        +0.269 eV
  239. a  29 a1                    +0.004973 H =        +0.135 eV
  238. b  39 e                     -0.013997 H =        -0.381 eV
  237. b  38 e                     -0.014785 H =        -0.402 eV
  236. b  12 b1                    -0.014786 H =        -0.402 eV
  235. b  11 a2                    -0.015364 H =        -0.418 eV
  234. b  29 b2                    -0.024989 H =        -0.680 eV
  233. b  29 a1                    -0.026009 H =        -0.708 eV
  232. b  37 e                     -0.028313 H =        -0.770 eV
  231. b  28 a1                    -0.029692 H =        -0.808 eV
  230. b  28 b2                    -0.029914 H =        -0.814 eV
  229. b  36 e                     -0.032201 H =        -0.876 eV
  228. a  39 e                     -0.035579 H =        -0.968 eV
  227. b  35 e                     -0.041611 H =        -1.132 eV
  226. a  12 b1                    -0.069186 H =        -1.883 eV
  225. a  28 b2                    -0.070444 H =        -1.917 eV
  224. a  28 a1                    -0.075102 H =        -2.044 eV
  223. b  27 b2                    -0.078893 H =        -2.147 eV
  222. b  11 b1                    -0.082127 H =        -2.235 eV
  221. b  27 a1       1.000        -0.128614 H =        -3.500 eV
  220. b  26 b2       1.000        -0.164156 H =        -4.467 eV
  219. b  26 a1       1.000        -0.170869 H =        -4.650 eV
  218. a  11 a2       1.000        -0.183085 H =        -4.982 eV
  217. b  10 a2       1.000        -0.184308 H =        -5.015 eV
  216. a  38 e        2.000        -0.184494 H =        -5.020 eV
  215. b  34 e        2.000        -0.188292 H =        -5.124 eV
  214. a  37 e        2.000        -0.199651 H =        -5.433 eV
  213. b  33 e        2.000        -0.200682 H =        -5.461 eV
  212. b  10 b1       1.000        -0.209239 H =        -5.694 eV
  211. a  11 b1       1.000        -0.209721 H =        -5.707 eV
  210. b  25 b2       1.000        -0.210918 H =        -5.739 eV
  209. b  25 a1       1.000        -0.211000 H =        -5.742 eV
  208. a  27 b2       1.000        -0.212933 H =        -5.794 eV
  207. a  27 a1       1.000        -0.213074 H =        -5.798 eV
  206. a  36 e        2.000        -0.217339 H =        -5.914 eV
  205. b   9 a2       1.000        -0.219309 H =        -5.968 eV
  204. b  32 e        2.000        -0.219584 H =        -5.975 eV
  203. a  10 a2       1.000        -0.221759 H =        -6.034 eV
  202. b  31 e        2.000        -0.242804 H =        -6.607 eV
  201. a  35 e        2.000        -0.242864 H =        -6.609 eV
  200. a  26 b2       1.000        -0.243989 H =        -6.639 eV
  199. b  24 b2       1.000        -0.250673 H =        -6.821 eV
  198. a  10 b1       1.000        -0.270561 H =        -7.362 eV
  197. a  26 a1       1.000        -0.274211 H =        -7.462 eV
  196. b   9 b1       1.000        -0.275686 H =        -7.502 eV
  195. a  34 e        2.000        -0.278199 H =        -7.570 eV
  194. a  25 b2       1.000        -0.278803 H =        -7.587 eV
  193. b  24 a1       1.000        -0.280129 H =        -7.623 eV
  192. b  30 e        2.000        -0.281662 H =        -7.664 eV
  191. a  25 a1       1.000        -0.282000 H =        -7.674 eV
  190. b  23 b2       1.000        -0.286687 H =        -7.801 eV
  189. b  23 a1       1.000        -0.300186 H =        -8.168 eV
  188. a   9 a2       1.000        -0.329458 H =        -8.965 eV
  187. a   9 b1       1.000        -0.329481 H =        -8.966 eV
  186. b   8 a2       1.000        -0.329813 H =        -8.975 eV
  185. b   8 b1       1.000        -0.329848 H =        -8.976 eV
  184. b  29 e        2.000        -0.329861 H =        -8.976 eV
  183. a  33 e        2.000        -0.330090 H =        -8.982 eV
  182. b  28 e        2.000        -0.331632 H =        -9.024 eV
  181. a  24 b2       1.000        -0.331703 H =        -9.026 eV
  180. a  24 a1       1.000        -0.331796 H =        -9.029 eV
  179. b  22 b2       1.000        -0.332202 H =        -9.040 eV
  178. b  22 a1       1.000        -0.332406 H =        -9.045 eV
  177. a  32 e        2.000        -0.332613 H =        -9.051 eV
  176. a  31 e        2.000        -0.332639 H =        -9.052 eV
  175. b  27 e        2.000        -0.332975 H =        -9.061 eV
  174. a  23 b2       1.000        -0.346229 H =        -9.421 eV
     .
     .
     .
   13. a   3 b2       1.000       -10.413412 H =      -283.363 eV
   12. a   3 a1       1.000       -10.413412 H =      -283.363 eV
   11. a   2 e        2.000       -10.414406 H =      -283.390 eV
   10. b   2 a1       1.000       -13.754460 H =      -374.278 eV
    9. b   2 b2       1.000       -13.754460 H =      -374.278 eV
    8. a   2 a1       1.000       -14.005820 H =      -381.118 eV
    7. a   2 b2       1.000       -14.005820 H =      -381.118 eV
    6. a   1 b2       1.000       -88.652703 H =     -2412.363 eV
    5. a   1 e        2.000       -88.652705 H =     -2412.363 eV
    4. a   1 a1       1.000       -88.652707 H =     -2412.363 eV
    3. b   1 b2       1.000       -88.652949 H =     -2412.370 eV
    2. b   1 e        2.000       -88.652951 H =     -2412.370 eV
    1. b   1 a1       1.000       -88.652953 H =     -2412.370 eV


    ------------------------------------------------------------------------
         total  cpu-time :   0.36 seconds
         total wall-time :   0.58 seconds
    ------------------------------------------------------------------------

   ****  eiger : all done  ****


    2020-08-14 11:34:20.428 

