
 ridft (login-i16) : TURBOMOLE rev. V7.5.0 compiled 13 Jun 2020 at 23:29:25
 Copyright (C) 2020 TURBOMOLE GmbH, Karlsruhe


    2020-07-23 12:54:41.549 



                                  r i d f t

                        DFT program with RI approximation 
                                for coulomb part 




                                                 
                                 References:     
                                                 
          TURBOMOLE:                             
              R. Ahlrichs, M. Baer, M. Haeser, H. Horn, and
              C. Koelmel
              Electronic structure calculations on workstation
              computers: the program system TURBOMOLE
              Chem. Phys. Lett. 162: 165 (1989)
          Density Functional:                              
              O. Treutler and R. Ahlrichs                      
              Efficient Molecular Numerical Integration Schemes
              J. Chem. Phys. 102: 346 (1995)                   
          Parallel Version:                                
              Performance of parallel TURBOMOLE for Density    
              Functional Calculations                          
              M. v. Arnim and R. Ahlrichs                      
              J. Comp. Chem. 19: 1746 (1998)                   
          RI-J Method:                                     
              Auxiliary Basis Sets to approximate Coulomb      
              Potentials                                       
              Chem. Phys. Lett. 240: 283 (1995)                
              K. Eichkorn, O. Treutler, H. Oehm, M. Haeser     
              and R. Ahlrichs                                  
              Chem. Phys. Lett. 242: 652 (1995)                
                                                           
              Auxiliary Basis Sets for Main Row Atoms and their
              Use to approximate Coulomb Potentials            
              K. Eichkorn, F. Weigend, O. Treutler and         
              R. Ahlrichs                                      
              Theo. Chem. Acc. 97: 119 (1997)                   
                                                           
              Accurate Coulomb-fitting basis sets for H to Rn 
              F. Weigend                                        
              Phys. Chem. Chem. Phys. 8: 1057 (2006)            
                                                           
          Multipole accelerated RI-J (MARI-J):             
              Fast evaluation of the Coulomb potential for     
              electron densities using multipole accelerated   
              resolution of identity approximation             
              M. Sierka, A. Hogekamp and R. Ahlrichs           
              J. Chem. Phys. 118: 9136 (2003)                  
          RI-JK Method:                                     
              A fully direct RI-HF algorithm: Implementation,
              optimised auxiliary basis sets, demonstration of
              accuracy and efficiency                         
              F. Weigend                                      
              Phys. Chem. Chem. Phys. 4: 4285 (2002)           
          Two-component HF and DFT with spin-orbit coupling:  
              Self-consistent treatment of spin-orbit         
              interactions with efficient Hartree-Fock and    
              density functional methods                      
              M. K. Armbruster, F. Weigend, C. van Wüllen and 
              W. Klopper                                      
              Phys. Chem. Chem. Phys. 10: 1748 (2008)         
          Two-component difference density and DIIS algorithm 
              Efficient two-component self-consistent field   
              procedures and gradients: implementation in     
              TURBOMOLE and application to Au20-              
              A. Baldes, F. Weigend                           
              Mol. Phys. 111: 2617 (2013)                     
          Relativistic all-electron 2c calculations           
              An efficient implementation of two-component    
              relativistic exact-decoupling methods for large 
              molecules                                       
              D. Peng, N. Middendorf, F. Weigend, M. Reiher   
              J. Chem. Phys. 138: 184105 (2013)               
          Finite nucleus model and SNSO approximation         
              Efficient implementation of one- and two-       
              component analytical energy gradients in exact  
              two-component theory                            
              Y. J. Franzke, N. Middendorf, F. Weigend        
              J. Chem. Phys. 148: 104110 (2018)               
          Grids for all-electron relativistic methods         
              Error-consistent segmented contracted all-      
              electron relativistic basis sets of double-     
              and triple-zeta quality for NMR shielding       
              constants                                       
              Y. J. Franzke, R. Tress, T. M. Pazdera,         
              F. Weigend                                      
              Phys. Chem. Chem. Phys. 21: 166658 (2019)       
          Seminumerical exchange algorithms                   
              Seminumerical calculation of the Hartree-Fock   
              exchange matirx: Application to two-component   
              procedures and efficient evaluation of local    
              hybrid functionsl                               
              P. Plessow, F. Weigend,                         
              J. Comput. Chem. 33: 810 (2012)                 
          Improved seminumerical algorithms                   
              C. Holzer, in preparation (2020)                
                                         




              +--------------------------------------------------+
              |      general information about current run       |
              +--------------------------------------------------+

 
no calculation of wave function, analysis of properties only
 TPSS global hybrid functional
 exchange:    9/10 (LDA+TPSS) + 1/10 HF
 correlation: LDA (PW) + TPSS
 A Hybrid-DFT calculation using the RI-J approximation will be carried out.
 Allocatable memory for RI due to $ricore (MB):                 15000
 Multipole approximation for Coulomb integrals is used


              +--------------------------------------------------+
              | Atomic coordinate, charge and isotop information |
              +--------------------------------------------------+

                    atomic coordinates            atom    charge  isotop
          0.00000000    0.00000000    0.00000000    mo    42.000     0
          0.00000000    0.00000000   -6.34375126    dy    66.000     0
          0.00000000    0.00000000    6.34375126    dy    66.000     0
          2.43167149    2.43167149   -2.51250762    s     16.000     0
         -2.43167149   -2.43167149   -2.51250762    s     16.000     0
          2.43167149   -2.43167149    2.51250762    s     16.000     0
         -2.43167149    2.43167149    2.51250762    s     16.000     0
          4.62184251   -1.55444327   -7.57040577    c      6.000     0
          3.55462612   -3.55462612   -6.13861805    c      6.000     0
          1.55444327   -4.62184251   -7.57040577    c      6.000     0
          1.37008065   -3.27171112   -9.88287754    c      6.000     0
          3.27171112   -1.37008065   -9.88287754    c      6.000     0
         -1.55444327    4.62184251   -7.57040577    c      6.000     0
         -3.55462612    3.55462612   -6.13861805    c      6.000     0
         -4.62184251    1.55444327   -7.57040577    c      6.000     0
         -3.27171112    1.37008065   -9.88287754    c      6.000     0
         -1.37008065    3.27171112   -9.88287754    c      6.000     0
          1.55444327    4.62184251    7.57040577    c      6.000     0
          1.37008065    3.27171112    9.88287754    c      6.000     0
          3.27171112    1.37008065    9.88287754    c      6.000     0
          4.62184251    1.55444327    7.57040577    c      6.000     0
          3.55462612    3.55462612    6.13861805    c      6.000     0
         -4.62184251   -1.55444327    7.57040577    c      6.000     0
         -3.27171112   -1.37008065    9.88287754    c      6.000     0
         -1.37008065   -3.27171112    9.88287754    c      6.000     0
         -1.55444327   -4.62184251    7.57040577    c      6.000     0
         -3.55462612   -3.55462612    6.13861805    c      6.000     0
          0.34207754   -6.17729226   -6.96643838    h      1.000     0
          0.02619030   -3.64184635  -11.40428923    h      1.000     0
          4.11460422   -4.11460422   -4.23483151    h      1.000     0
          3.64184635   -0.02619030  -11.40428923    h      1.000     0
          6.17729226   -0.34207754   -6.96643838    h      1.000     0
         -0.02619030    3.64184635  -11.40428923    h      1.000     0
         -0.34207754    6.17729226   -6.96643838    h      1.000     0
         -4.11460422    4.11460422   -4.23483151    h      1.000     0
         -6.17729226    0.34207754   -6.96643838    h      1.000     0
         -3.64184635    0.02619030  -11.40428923    h      1.000     0
         -0.34207754   -6.17729226    6.96643838    h      1.000     0
         -4.11460422   -4.11460422    4.23483151    h      1.000     0
         -6.17729226   -0.34207754    6.96643838    h      1.000     0
         -3.64184635   -0.02619030   11.40428923    h      1.000     0
         -0.02619030   -3.64184635   11.40428923    h      1.000     0
          0.02619030    3.64184635   11.40428923    h      1.000     0
          0.34207754    6.17729226    6.96643838    h      1.000     0
          4.11460422    4.11460422    4.23483151    h      1.000     0
          3.64184635    0.02619030   11.40428923    h      1.000     0
          6.17729226    0.34207754    6.96643838    h      1.000     0
 
       center of nuclear mass  :   -0.00000000   -0.00000000    0.00000000
       center of nuclear charge:   -0.00000000   -0.00000000   -0.00000000

              +--------------------------------------------------+
              |               basis set information              |
              +--------------------------------------------------+

              we will work with the 1s 3p 5d 7f 9g ... basis set
              ...i.e. with spherical basis functions...

   type   atoms  prim   cont   basis
   ---------------------------------------------------------------------------
    mo       1     50     24   def2-SV(P)   [5s3p2d|7s6p5d]
    dy       2    144     69   def2-SV(P)   [10s6p4d3f|14s12p9d7f]
    s        4     36     18   def2-SV(P)   [4s3p1d|10s7p1d]
    c       20     24     14   def2-SV(P)   [3s2p1d|7s4p1d]
    h       20      4      2   def2-SV(P)   [2s|4s]
   ---------------------------------------------------------------------------
   total:   47   1042    554
   ---------------------------------------------------------------------------

   total number of primitive shells          :   94
   total number of contracted shells         :  248
   total number of cartesian basis functions :  606
   total number of SCF-basis functions       :  554

 number of unique ecp types :                     2

 integral neglect threshold       :  0.55E-10
 integral storage threshold THIZE :  0.10E-04
 integral storage threshold THIME :         5

 RI-J AUXILIARY BASIS SET information:

              we will work with the 1s 3p 5d 7f 9g ... basis set
              ...i.e. with spherical basis functions...

   type   atoms  prim   cont   basis
   ---------------------------------------------------------------------------
    mo       1     99     89   def2-SV(P)   [8s5p5d2f3g|11s5p5d3f3g]
    dy       2    263    200   def2-SV(P)   [14s7p6d6f5g2h2i|18s7p6d6f6g3h5i]
    s        4     77     51   universal   [8s4p3d1f1g|14s5p5d2f1g]
    c       20     70     49   universal   [6s4p3d1f1g|12s5p4d2f1g]
    h       20     16     11   universal   [3s1p1d|5s2p1d]
   ---------------------------------------------------------------------------
   total:   47   2653   1893
   ---------------------------------------------------------------------------

   total number of primitive shells          :  137
   total number of contracted shells         :  575
   total number of cartesian basis functions : 2438
   total number of SCF-basis functions       : 1893


 symmetry group of the molecule :   d2d

 the group has the following generators :
   s4(z)
   c2(x)

    8 symmetry operations found

 there are 5 real representations :   a1   a2   b1   b2   e   

 maximum number of shells which are related by symmetry :  8

  
           ------------------
           density functional
           ------------------
 TPSS global hybrid functional
 exchange:    9/10 (LDA+TPSS) + 1/10 HF
 correlation: LDA (PW) + TPSS

 spherical integration : Lebedev's spherical grid
 spherical gridsize    :                     4
    i.e. gridpoints    :                   434
 value for diffuse not defined
 radial integration    : Chebyshev 2nd kind (scaling 3)
 radial gridsize       :                     6
 integration cells     :                     9
 partition function    : becke
 partition sharpness   :                     3
  
 
 Derivatives of quadrature weights will be included
 

 biggest AO integral is expected to be    25.290768932

          ------------------------
          nuclear repulsion energy  :   5127.43553464    
          ------------------------

  _________________________________
 |                                 |
 |         DFTD3 V3.1 Rev 0        |
 | S.Grimme, University Bonn       |
 |            June  2014           |
 |   see standalone version        |
 |       dftd3 -h for options      |
 |_________________________________|
 
 Please cite DFT-D3 work done with this code as:
 S. Grimme, J. Antony, S. Ehrlich and H. Krieg,
 J. Chem. Phys, 132 (2010), 154104.
 If used with BJ-damping cite also
 S. Grimme, S. Ehrlich and L. Goerigk,
 J. Comput. Chem. 32 (2011), 1456-1465
 For DFT-D2 the reference is
 S. Grimme, J. Comput. Chem., 27 (2006), 1787-1799
 
C6 coefficients used:
                     2  C6 for element                      1
Z=  1 CN= 0.912     C6(AA)=    3.03
Z=  1 CN= 0.000     C6(AA)=    7.59
                     5  C6 for element                      6
Z=  6 CN= 0.000     C6(AA)=   49.11
Z=  6 CN= 0.987     C6(AA)=   43.25
Z=  6 CN= 1.998     C6(AA)=   29.36
Z=  6 CN= 2.999     C6(AA)=   25.78
Z=  6 CN= 3.984     C6(AA)=   18.21
                     3  C6 for element                     16
Z= 16 CN= 0.000     C6(AA)=  134.01
Z= 16 CN= 0.995     C6(AA)=  131.00
Z= 16 CN= 1.990     C6(AA)=  125.81
                     3  C6 for element                     42
Z= 42 CN= 0.000     C6(AA)=  845.90
Z= 42 CN= 1.942     C6(AA)=  502.01
Z= 42 CN=11.056     C6(AA)=  337.11
                     2  C6 for element                     66
Z= 66 CN= 0.000     C6(AA)= 2617.33
Z= 66 CN= 2.897     C6(AA)=  544.44

#           XYZ [au]              R0(AA) [Ang.]  CN          C6(AA)     C8(AA)   C10(AA) [au]
  1   0.00000   0.00000   0.00000   mo  1.286  5.614       502.0     57804.9   8153712.7
  2   0.00000   0.00000  -6.34375   dy  1.749 11.789       544.4    115916.4  30232866.7
  3   0.00000   0.00000   6.34375   dy  1.749 11.789       544.4    115916.4  30232866.7
  4   2.43167   2.43167  -2.51251   s   0.839  2.041       125.9      6166.8    370093.8
  5  -2.43167  -2.43167  -2.51251   s   0.839  2.041       125.9      6166.8    370093.8
  6   2.43167  -2.43167   2.51251   s   0.839  2.041       125.9      6166.8    370093.8
  7  -2.43167   2.43167   2.51251   s   0.839  2.041       125.9      6166.8    370093.8
  8   4.62184  -1.55444  -7.57041   c   0.644  4.111        18.3       528.0     18707.1
  9   3.55463  -3.55463  -6.13862   c   0.644  4.111        18.3       528.0     18707.1
 10   1.55444  -4.62184  -7.57041   c   0.644  4.111        18.3       528.0     18707.1
 11   1.37008  -3.27171  -9.88288   c   0.644  4.113        18.3       528.0     18706.6
 12   3.27171  -1.37008  -9.88288   c   0.644  4.113        18.3       528.0     18706.6
 13  -1.55444   4.62184  -7.57041   c   0.644  4.111        18.3       528.0     18707.1
 14  -3.55463   3.55463  -6.13862   c   0.644  4.111        18.3       528.0     18707.1
 15  -4.62184   1.55444  -7.57041   c   0.644  4.111        18.3       528.0     18707.1
 16  -3.27171   1.37008  -9.88288   c   0.644  4.113        18.3       528.0     18706.6
 17  -1.37008   3.27171  -9.88288   c   0.644  4.113        18.3       528.0     18706.6
 18   1.55444   4.62184   7.57041   c   0.644  4.111        18.3       528.0     18707.1
 19   1.37008   3.27171   9.88288   c   0.644  4.113        18.3       528.0     18706.6
 20   3.27171   1.37008   9.88288   c   0.644  4.113        18.3       528.0     18706.6
 21   4.62184   1.55444   7.57041   c   0.644  4.111        18.3       528.0     18707.1
 22   3.55463   3.55463   6.13862   c   0.644  4.111        18.3       528.0     18707.1
 23  -4.62184  -1.55444   7.57041   c   0.644  4.111        18.3       528.0     18707.1
 24  -3.27171  -1.37008   9.88288   c   0.644  4.113        18.3       528.0     18706.6
 25  -1.37008  -3.27171   9.88288   c   0.644  4.113        18.3       528.0     18706.6
 26  -1.55444  -4.62184   7.57041   c   0.644  4.111        18.3       528.0     18707.1
 27  -3.55463  -3.55463   6.13862   c   0.644  4.111        18.3       528.0     18707.1
 28   0.34208  -6.17729  -6.96644   h   0.417  1.014         3.1        37.3       552.1
 29   0.02619  -3.64185 -11.40429   h   0.417  1.013         3.1        37.3       552.2
 30   4.11460  -4.11460  -4.23483   h   0.417  1.016         3.1        37.3       552.0
 31   3.64185  -0.02619 -11.40429   h   0.417  1.013         3.1        37.3       552.2
 32   6.17729  -0.34208  -6.96644   h   0.417  1.014         3.1        37.3       552.1
 33  -0.02619   3.64185 -11.40429   h   0.417  1.013         3.1        37.3       552.2
 34  -0.34208   6.17729  -6.96644   h   0.417  1.014         3.1        37.3       552.1
 35  -4.11460   4.11460  -4.23483   h   0.417  1.016         3.1        37.3       552.0
 36  -6.17729   0.34208  -6.96644   h   0.417  1.014         3.1        37.3       552.1
 37  -3.64185   0.02619 -11.40429   h   0.417  1.013         3.1        37.3       552.2
 38  -0.34208  -6.17729   6.96644   h   0.417  1.014         3.1        37.3       552.1
 39  -4.11460  -4.11460   4.23483   h   0.417  1.016         3.1        37.3       552.0
 40  -6.17729  -0.34208   6.96644   h   0.417  1.014         3.1        37.3       552.1
 41  -3.64185  -0.02619  11.40429   h   0.417  1.013         3.1        37.3       552.2
 42  -0.02619  -3.64185  11.40429   h   0.417  1.013         3.1        37.3       552.2
 43   0.02619   3.64185  11.40429   h   0.417  1.013         3.1        37.3       552.2
 44   0.34208   6.17729   6.96644   h   0.417  1.014         3.1        37.3       552.1
 45   4.11460   4.11460   4.23483   h   0.417  1.016         3.1        37.3       552.0
 46   3.64185   0.02619  11.40429   h   0.417  1.013         3.1        37.3       552.2
 47   6.17729   0.34208   6.96644   h   0.417  1.014         3.1        37.3       552.1

molecular C6(AA) [au] =     53824.61

           DFT-D V3(BJ)
 DF tpssh                                             
 parameters
 s6       :    1.0000
 s8       :    2.2382
 a1       :    0.4529
 a2       :    4.6550
 k1-k3    :   16.0000    1.3333   -4.0000
 
 Edisp /kcal,au:   -69.6644 -0.11101723

 E6    /kcal :   -27.2364
 E8    /kcal :   -42.4280
 % E8        : 60.90
 nuclear repulsion energy                  =    5127.435534644
 empirical dispersive energy correction    =      -0.111017230
 nuclear repulsion + dispersion correction =    5127.324517414


         -----------------
         -S,T+V- integrals
         -----------------

 1e-integrals will be neglected if expon. factor < 0.551479E-11


          ----------------
          -ecp-  integrals
          ----------------
 
   Difference densities algorithm switched on.
   The maximal number of linear combinations of
   difference densities is                    20 .

 DIIS switched on: error vector is FDS-SDF
 Max. Iterations for DIIS is     :   4
 DIIS matrix (see manual) 
    Scaling factor of diagonals  :  1.200
    threshold for scaling factor :  0.000

 scf convergence criterion : increment of total energy < .1000000D-05
                  and increment of one-electron energy < .1000000D-02

 MOs are in ASCII format !


    mo occupation :
   irrep   mo's   occupied
    a1      94       28
    a2      48       11
    b1      50       11
    b2      92       27
    e      135       38
 
 number of basis functions   :   554
 number of occupied orbitals :   153
 

 reading orbital data $uhfmo_alpha  from file alpha
 orbital characterization : scfconv=6

 reading orbital data $uhfmo_beta  from file beta
 orbital characterization : scfconv=6
 mo-orthogonalization by Cholesky decomposition
 mo-orthogonalization by Cholesky decomposition

 UHF mode switched on !

 closed shell shift switched on 
 all occupied orbitals are shifted by    0.50000

  
           ------------------------
               RI-J - INFORMATION
           ------------------------
 
    +---------------- Multipole Accelerated RI-J ---------------+
    -------------------------------------------------------------
      Number of bins for density partition        :  8
      Maximum multipole moment used               : 14
      Multipole precision parameter               :  1.0000E-08
      Threshold for moment summation              :  1.0000E-24
      Minimum separation between boxes            :  0.0000E+00
      Maximum allowed extent                      :  2.0000E+01
    +-----------------------------------------------------------+
 
 Extensions and centers of shell-pairs:
  number of shells with a single center:     3122
  number of shells with double centers:       141
 Contributions to RI integral batches: 
  neglected integral batches:                     27613
  multipole/direct contribution:                      0
  multipole/memory contribution:                   3263
 Memory core needed for (P|Q) and Cholesky      1 MByte
 Memory core minimum needed except of (P|Q)     1 MByte
 Total minimum memory core needed (sum)         2 MByte
  
 ****************************************
 Memory allocated for RI-J   417 MByte
 ****************************************
                                            
 
 
 
 ==============================================================================
                           electrostatic moments
 ==============================================================================

 reference point for electrostatic moments:    0.00000   0.00000   0.00000

 
              nuc           elec       ->  total
 ------------------------------------------------------------------------------
                          charge      
 ------------------------------------------------------------------------------
         294.000000    -295.000000      -1.000000
 a-b                                    11.000000
 
 ------------------------------------------------------------------------------
                       dipole moment  
 ------------------------------------------------------------------------------
   x       0.000000       0.000000       0.000000
   y       0.000000       0.000000       0.000000
   z      -0.000000      -0.000000      -0.000000
 
   | dipole moment | =     0.0000 a.u. =     0.0000 debye 
 
 ------------------------------------------------------------------------------
                     quadrupole moment
 ------------------------------------------------------------------------------
  xx    1828.175585   -2034.075405    -205.899820
  yy    1828.175585   -2034.075405    -205.899820
  zz   13306.476079  -13530.570904    -224.094825
  xy      -0.000000      -0.000000      -0.000000
  xz      -0.000000      -0.000000      -0.000000
  yz       0.000000       0.000000       0.000000
 
     1/3  trace=    -211.964821
     anisotropy=      18.195005
 
 
 ==============================================================================
                  NATURAL POPULATION ANALYSIS (AO-BASIS) 
 ==============================================================================
A.E. Reed, R.B. Weinstock and F. Weinhold:
Natural population analysis, J. Chem. Phys. 83(2), 735(1985)
nbfiat:  1  5  9 10  0  0  0  0  0  0  0  0
nbfiat:  2 10 18 20 21  0  0  0  0  0  0  0
nbfiat:  3 10 18 20 21  0  0  0  0  0  0  0
nbfiat:  4  4  9  5  0  0  0  0  0  0  0  0
nbfiat:  5  4  9  5  0  0  0  0  0  0  0  0
nbfiat:  6  4  9  5  0  0  0  0  0  0  0  0
nbfiat:  7  4  9  5  0  0  0  0  0  0  0  0
nbfiat:  8  3  6  5  0  0  0  0  0  0  0  0
nbfiat:  9  3  6  5  0  0  0  0  0  0  0  0
nbfiat: 10  3  6  5  0  0  0  0  0  0  0  0
nbfiat: 11  3  6  5  0  0  0  0  0  0  0  0
nbfiat: 12  3  6  5  0  0  0  0  0  0  0  0
nbfiat: 13  3  6  5  0  0  0  0  0  0  0  0
nbfiat: 14  3  6  5  0  0  0  0  0  0  0  0
nbfiat: 15  3  6  5  0  0  0  0  0  0  0  0
nbfiat: 16  3  6  5  0  0  0  0  0  0  0  0
nbfiat: 17  3  6  5  0  0  0  0  0  0  0  0
nbfiat: 18  3  6  5  0  0  0  0  0  0  0  0
nbfiat: 19  3  6  5  0  0  0  0  0  0  0  0
nbfiat: 20  3  6  5  0  0  0  0  0  0  0  0
nbfiat: 21  3  6  5  0  0  0  0  0  0  0  0
nbfiat: 22  3  6  5  0  0  0  0  0  0  0  0
nbfiat: 23  3  6  5  0  0  0  0  0  0  0  0
nbfiat: 24  3  6  5  0  0  0  0  0  0  0  0
nbfiat: 25  3  6  5  0  0  0  0  0  0  0  0
nbfiat: 26  3  6  5  0  0  0  0  0  0  0  0
nbfiat: 27  3  6  5  0  0  0  0  0  0  0  0
nbfiat: 28  2  0  0  0  0  0  0  0  0  0  0
nbfiat: 29  2  0  0  0  0  0  0  0  0  0  0
nbfiat: 30  2  0  0  0  0  0  0  0  0  0  0
nbfiat: 31  2  0  0  0  0  0  0  0  0  0  0
nbfiat: 32  2  0  0  0  0  0  0  0  0  0  0
nbfiat: 33  2  0  0  0  0  0  0  0  0  0  0
nbfiat: 34  2  0  0  0  0  0  0  0  0  0  0
nbfiat: 35  2  0  0  0  0  0  0  0  0  0  0
nbfiat: 36  2  0  0  0  0  0  0  0  0  0  0
nbfiat: 37  2  0  0  0  0  0  0  0  0  0  0
nbfiat: 38  2  0  0  0  0  0  0  0  0  0  0
nbfiat: 39  2  0  0  0  0  0  0  0  0  0  0
nbfiat: 40  2  0  0  0  0  0  0  0  0  0  0
nbfiat: 41  2  0  0  0  0  0  0  0  0  0  0
nbfiat: 42  2  0  0  0  0  0  0  0  0  0  0
nbfiat: 43  2  0  0  0  0  0  0  0  0  0  0
nbfiat: 44  2  0  0  0  0  0  0  0  0  0  0
nbfiat: 45  2  0  0  0  0  0  0  0  0  0  0
nbfiat: 46  2  0  0  0  0  0  0  0  0  0  0
nbfiat: 47  2  0  0  0  0  0  0  0  0  0  0
Basis set: (total    554 functions)
mo      (shells)  s:  5 p:  3 d:  2 f:  0 g:  0
dy      (shells)  s: 10 p:  6 d:  4 f:  3 g:  0
dy      (shells)  s: 10 p:  6 d:  4 f:  3 g:  0
s       (shells)  s:  4 p:  3 d:  1 f:  0 g:  0
s       (shells)  s:  4 p:  3 d:  1 f:  0 g:  0
s       (shells)  s:  4 p:  3 d:  1 f:  0 g:  0
s       (shells)  s:  4 p:  3 d:  1 f:  0 g:  0
c       (shells)  s:  3 p:  2 d:  1 f:  0 g:  0
c       (shells)  s:  3 p:  2 d:  1 f:  0 g:  0
c       (shells)  s:  3 p:  2 d:  1 f:  0 g:  0
c       (shells)  s:  3 p:  2 d:  1 f:  0 g:  0
c       (shells)  s:  3 p:  2 d:  1 f:  0 g:  0
c       (shells)  s:  3 p:  2 d:  1 f:  0 g:  0
c       (shells)  s:  3 p:  2 d:  1 f:  0 g:  0
c       (shells)  s:  3 p:  2 d:  1 f:  0 g:  0
c       (shells)  s:  3 p:  2 d:  1 f:  0 g:  0
c       (shells)  s:  3 p:  2 d:  1 f:  0 g:  0
c       (shells)  s:  3 p:  2 d:  1 f:  0 g:  0
c       (shells)  s:  3 p:  2 d:  1 f:  0 g:  0
c       (shells)  s:  3 p:  2 d:  1 f:  0 g:  0
c       (shells)  s:  3 p:  2 d:  1 f:  0 g:  0
c       (shells)  s:  3 p:  2 d:  1 f:  0 g:  0
c       (shells)  s:  3 p:  2 d:  1 f:  0 g:  0
c       (shells)  s:  3 p:  2 d:  1 f:  0 g:  0
c       (shells)  s:  3 p:  2 d:  1 f:  0 g:  0
c       (shells)  s:  3 p:  2 d:  1 f:  0 g:  0
c       (shells)  s:  3 p:  2 d:  1 f:  0 g:  0
h       (shells)  s:  2 p:  0 d:  0 f:  0 g:  0
h       (shells)  s:  2 p:  0 d:  0 f:  0 g:  0
h       (shells)  s:  2 p:  0 d:  0 f:  0 g:  0
h       (shells)  s:  2 p:  0 d:  0 f:  0 g:  0
h       (shells)  s:  2 p:  0 d:  0 f:  0 g:  0
h       (shells)  s:  2 p:  0 d:  0 f:  0 g:  0
h       (shells)  s:  2 p:  0 d:  0 f:  0 g:  0
h       (shells)  s:  2 p:  0 d:  0 f:  0 g:  0
h       (shells)  s:  2 p:  0 d:  0 f:  0 g:  0
h       (shells)  s:  2 p:  0 d:  0 f:  0 g:  0
h       (shells)  s:  2 p:  0 d:  0 f:  0 g:  0
h       (shells)  s:  2 p:  0 d:  0 f:  0 g:  0
h       (shells)  s:  2 p:  0 d:  0 f:  0 g:  0
h       (shells)  s:  2 p:  0 d:  0 f:  0 g:  0
h       (shells)  s:  2 p:  0 d:  0 f:  0 g:  0
h       (shells)  s:  2 p:  0 d:  0 f:  0 g:  0
h       (shells)  s:  2 p:  0 d:  0 f:  0 g:  0
h       (shells)  s:  2 p:  0 d:  0 f:  0 g:  0
h       (shells)  s:  2 p:  0 d:  0 f:  0 g:  0
h       (shells)  s:  2 p:  0 d:  0 f:  0 g:  0
NMB set: (total    218 functions)
mo      (shells)  s:  2 p:  1 d:  1 f:  0 g:  0
dy      (shells)  s:  3 p:  2 d:  2 f:  1 g:  0
dy      (shells)  s:  3 p:  2 d:  2 f:  1 g:  0
s       (shells)  s:  3 p:  2 d:  0 f:  0 g:  0
s       (shells)  s:  3 p:  2 d:  0 f:  0 g:  0
s       (shells)  s:  3 p:  2 d:  0 f:  0 g:  0
s       (shells)  s:  3 p:  2 d:  0 f:  0 g:  0
c       (shells)  s:  2 p:  1 d:  0 f:  0 g:  0
c       (shells)  s:  2 p:  1 d:  0 f:  0 g:  0
c       (shells)  s:  2 p:  1 d:  0 f:  0 g:  0
c       (shells)  s:  2 p:  1 d:  0 f:  0 g:  0
c       (shells)  s:  2 p:  1 d:  0 f:  0 g:  0
c       (shells)  s:  2 p:  1 d:  0 f:  0 g:  0
c       (shells)  s:  2 p:  1 d:  0 f:  0 g:  0
c       (shells)  s:  2 p:  1 d:  0 f:  0 g:  0
c       (shells)  s:  2 p:  1 d:  0 f:  0 g:  0
c       (shells)  s:  2 p:  1 d:  0 f:  0 g:  0
c       (shells)  s:  2 p:  1 d:  0 f:  0 g:  0
c       (shells)  s:  2 p:  1 d:  0 f:  0 g:  0
c       (shells)  s:  2 p:  1 d:  0 f:  0 g:  0
c       (shells)  s:  2 p:  1 d:  0 f:  0 g:  0
c       (shells)  s:  2 p:  1 d:  0 f:  0 g:  0
c       (shells)  s:  2 p:  1 d:  0 f:  0 g:  0
c       (shells)  s:  2 p:  1 d:  0 f:  0 g:  0
c       (shells)  s:  2 p:  1 d:  0 f:  0 g:  0
c       (shells)  s:  2 p:  1 d:  0 f:  0 g:  0
c       (shells)  s:  2 p:  1 d:  0 f:  0 g:  0
h       (shells)  s:  1 p:  0 d:  0 f:  0 g:  0
h       (shells)  s:  1 p:  0 d:  0 f:  0 g:  0
h       (shells)  s:  1 p:  0 d:  0 f:  0 g:  0
h       (shells)  s:  1 p:  0 d:  0 f:  0 g:  0
h       (shells)  s:  1 p:  0 d:  0 f:  0 g:  0
h       (shells)  s:  1 p:  0 d:  0 f:  0 g:  0
h       (shells)  s:  1 p:  0 d:  0 f:  0 g:  0
h       (shells)  s:  1 p:  0 d:  0 f:  0 g:  0
h       (shells)  s:  1 p:  0 d:  0 f:  0 g:  0
h       (shells)  s:  1 p:  0 d:  0 f:  0 g:  0
h       (shells)  s:  1 p:  0 d:  0 f:  0 g:  0
h       (shells)  s:  1 p:  0 d:  0 f:  0 g:  0
h       (shells)  s:  1 p:  0 d:  0 f:  0 g:  0
h       (shells)  s:  1 p:  0 d:  0 f:  0 g:  0
h       (shells)  s:  1 p:  0 d:  0 f:  0 g:  0
h       (shells)  s:  1 p:  0 d:  0 f:  0 g:  0
h       (shells)  s:  1 p:  0 d:  0 f:  0 g:  0
h       (shells)  s:  1 p:  0 d:  0 f:  0 g:  0
h       (shells)  s:  1 p:  0 d:  0 f:  0 g:  0
h       (shells)  s:  1 p:  0 d:  0 f:  0 g:  0
NRB set: (total    336 functions)
mo      (shells)  s:  3 p:  2 d:  1 f:  0 g:  0
dy      (shells)  s:  7 p:  4 d:  2 f:  2 g:  0
dy      (shells)  s:  7 p:  4 d:  2 f:  2 g:  0
s       (shells)  s:  1 p:  1 d:  1 f:  0 g:  0
s       (shells)  s:  1 p:  1 d:  1 f:  0 g:  0
s       (shells)  s:  1 p:  1 d:  1 f:  0 g:  0
s       (shells)  s:  1 p:  1 d:  1 f:  0 g:  0
c       (shells)  s:  1 p:  1 d:  1 f:  0 g:  0
c       (shells)  s:  1 p:  1 d:  1 f:  0 g:  0
c       (shells)  s:  1 p:  1 d:  1 f:  0 g:  0
c       (shells)  s:  1 p:  1 d:  1 f:  0 g:  0
c       (shells)  s:  1 p:  1 d:  1 f:  0 g:  0
c       (shells)  s:  1 p:  1 d:  1 f:  0 g:  0
c       (shells)  s:  1 p:  1 d:  1 f:  0 g:  0
c       (shells)  s:  1 p:  1 d:  1 f:  0 g:  0
c       (shells)  s:  1 p:  1 d:  1 f:  0 g:  0
c       (shells)  s:  1 p:  1 d:  1 f:  0 g:  0
c       (shells)  s:  1 p:  1 d:  1 f:  0 g:  0
c       (shells)  s:  1 p:  1 d:  1 f:  0 g:  0
c       (shells)  s:  1 p:  1 d:  1 f:  0 g:  0
c       (shells)  s:  1 p:  1 d:  1 f:  0 g:  0
c       (shells)  s:  1 p:  1 d:  1 f:  0 g:  0
c       (shells)  s:  1 p:  1 d:  1 f:  0 g:  0
c       (shells)  s:  1 p:  1 d:  1 f:  0 g:  0
c       (shells)  s:  1 p:  1 d:  1 f:  0 g:  0
c       (shells)  s:  1 p:  1 d:  1 f:  0 g:  0
c       (shells)  s:  1 p:  1 d:  1 f:  0 g:  0
h       (shells)  s:  1 p:  0 d:  0 f:  0 g:  0
h       (shells)  s:  1 p:  0 d:  0 f:  0 g:  0
h       (shells)  s:  1 p:  0 d:  0 f:  0 g:  0
h       (shells)  s:  1 p:  0 d:  0 f:  0 g:  0
h       (shells)  s:  1 p:  0 d:  0 f:  0 g:  0
h       (shells)  s:  1 p:  0 d:  0 f:  0 g:  0
h       (shells)  s:  1 p:  0 d:  0 f:  0 g:  0
h       (shells)  s:  1 p:  0 d:  0 f:  0 g:  0
h       (shells)  s:  1 p:  0 d:  0 f:  0 g:  0
h       (shells)  s:  1 p:  0 d:  0 f:  0 g:  0
h       (shells)  s:  1 p:  0 d:  0 f:  0 g:  0
h       (shells)  s:  1 p:  0 d:  0 f:  0 g:  0
h       (shells)  s:  1 p:  0 d:  0 f:  0 g:  0
h       (shells)  s:  1 p:  0 d:  0 f:  0 g:  0
h       (shells)  s:  1 p:  0 d:  0 f:  0 g:  0
h       (shells)  s:  1 p:  0 d:  0 f:  0 g:  0
h       (shells)  s:  1 p:  0 d:  0 f:  0 g:  0
h       (shells)  s:  1 p:  0 d:  0 f:  0 g:  0
h       (shells)  s:  1 p:  0 d:  0 f:  0 g:  0
h       (shells)  s:  1 p:  0 d:  0 f:  0 g:  0

*********************
*** Total density ***
*********************

 Nr Atom            Natural Electron Configuration
--------------------------------------------------
   1 mo [ecp-28] [core] 5s( 0.47) 5p( 0.02) 4d( 5.31) 5d( 0.06)                                     
   2 dy [ecp-28] [core] 6s( 0.68) 7s( 0.12) 6p( 0.01) 5d( 1.47) 6d( 0.02) 4f( 8.49) 5f( 0.01)       
   3 dy [ecp-28] [core] 6s( 0.68) 7s( 0.12) 6p( 0.01) 5d( 1.47) 6d( 0.02) 4f( 8.49) 5f( 0.01)       
   4 s    [core]        3s( 1.81) 3p( 4.56) 3d( 0.01)                                               
   5 s    [core]        3s( 1.81) 3p( 4.56) 3d( 0.01)                                               
   6 s    [core]        3s( 1.81) 3p( 4.56) 3d( 0.01)                                               
   7 s    [core]        3s( 1.81) 3p( 4.56) 3d( 0.01)                                               
   8 c    [core]        2s( 0.96) 2p( 3.35) 3p( 0.02)                                               
   9 c    [core]        2s( 0.96) 2p( 3.34) 3p( 0.02)                                               
  10 c    [core]        2s( 0.96) 2p( 3.35) 3p( 0.02)                                               
  11 c    [core]        2s( 0.95) 2p( 3.37) 3p( 0.01)                                               
  12 c    [core]        2s( 0.95) 2p( 3.37) 3p( 0.01)                                               
  13 c    [core]        2s( 0.96) 2p( 3.35) 3p( 0.02)                                               
  14 c    [core]        2s( 0.96) 2p( 3.34) 3p( 0.02)                                               
  15 c    [core]        2s( 0.96) 2p( 3.35) 3p( 0.02)                                               
  16 c    [core]        2s( 0.95) 2p( 3.37) 3p( 0.01)                                               
  17 c    [core]        2s( 0.95) 2p( 3.37) 3p( 0.01)                                               
  18 c    [core]        2s( 0.96) 2p( 3.35) 3p( 0.02)                                               
  19 c    [core]        2s( 0.95) 2p( 3.37) 3p( 0.01)                                               
  20 c    [core]        2s( 0.95) 2p( 3.37) 3p( 0.01)                                               
  21 c    [core]        2s( 0.96) 2p( 3.35) 3p( 0.02)                                               
  22 c    [core]        2s( 0.96) 2p( 3.34) 3p( 0.02)                                               
  23 c    [core]        2s( 0.96) 2p( 3.35) 3p( 0.02)                                               
  24 c    [core]        2s( 0.95) 2p( 3.37) 3p( 0.01)                                               
  25 c    [core]        2s( 0.95) 2p( 3.37) 3p( 0.01)                                               
  26 c    [core]        2s( 0.96) 2p( 3.35) 3p( 0.02)                                               
  27 c    [core]        2s( 0.96) 2p( 3.34) 3p( 0.02)                                               
  28 h                  1s( 0.77)                                                                   
  29 h                  1s( 0.78)                                                                   
  30 h                  1s( 0.75)                                                                   
  31 h                  1s( 0.78)                                                                   
  32 h                  1s( 0.77)                                                                   
  33 h                  1s( 0.78)                                                                   
  34 h                  1s( 0.77)                                                                   
  35 h                  1s( 0.75)                                                                   
  36 h                  1s( 0.77)                                                                   
  37 h                  1s( 0.78)                                                                   
  38 h                  1s( 0.77)                                                                   
  39 h                  1s( 0.75)                                                                   
  40 h                  1s( 0.77)                                                                   
  41 h                  1s( 0.78)                                                                   
  42 h                  1s( 0.78)                                                                   
  43 h                  1s( 0.78)                                                                   
  44 h                  1s( 0.77)                                                                   
  45 h                  1s( 0.75)                                                                   
  46 h                  1s( 0.78)                                                                   
  47 h                  1s( 0.77)                                                                   

NATURAL POPULATIONS:  Natural atomic orbital occupancies

NAO   Atom  #       Type(AO)   Occupancy
----------------------------------------
    1 mo    1 s    Cor(4s)        1.99750
    2 mo    1 s    Val(5s)        0.47287
    3 mo    1 s    Ryd            0.00366
    4 mo    1 s    Ryd            0.00072
    5 mo    1 s    Ryd            0.00006
    6 mo    1 p    Cor(4px)       1.99287
    7 mo    1 p    Cor(4py)       1.99287
    8 mo    1 p    Cor(4pz)       1.99168
    9 mo    1 p    Ryd            0.00707
   10 mo    1 p    Ryd            0.00707
   11 mo    1 p    Ryd            0.00332
   12 mo    1 p    Ryd            0.00104
   13 mo    1 p    Ryd            0.00104
   14 mo    1 p    Ryd            0.00115
   15 mo    1 d    Val(4dz2)      1.32888
   16 mo    1 d    Val(4dxz)      1.00469
   17 mo    1 d    Val(4dyz)      1.00469
   18 mo    1 d    Val(4dxy)      0.95701
   19 mo    1 d    Val(4dx2-y2)   1.01143
   20 mo    1 d    Ryd            0.01337
   21 mo    1 d    Ryd            0.01427
   22 mo    1 d    Ryd            0.01427
   23 mo    1 d    Ryd            0.01691
   24 mo    1 d    Ryd            0.00036

   25 dy    2 s    Cor(4s)        1.99981
   26 dy    2 s    Cor(5s)        1.98507
   27 dy    2 s    Val(6s)        0.67736
   28 dy    2 s    Ryd            0.11618
   29 dy    2 s    Ryd            0.00369
   30 dy    2 s    Ryd            0.00078
   31 dy    2 s    Ryd            0.00011
   32 dy    2 s    Ryd            0.00003
   33 dy    2 s    Ryd            0.00000
   34 dy    2 s    Ryd            0.00000
   35 dy    2 p    Cor(4px)       1.99999
   36 dy    2 p    Cor(4py)       1.99999
   37 dy    2 p    Cor(4pz)       1.99999
   38 dy    2 p    Cor(5px)       1.99766
   39 dy    2 p    Cor(5py)       1.99766
   40 dy    2 p    Cor(5pz)       1.99753
   41 dy    2 p    Ryd            0.00317
   42 dy    2 p    Ryd            0.00317
   43 dy    2 p    Ryd            0.00222
   44 dy    2 p    Ryd            0.00113
   45 dy    2 p    Ryd            0.00113
   46 dy    2 p    Ryd            0.00231
   47 dy    2 p    Ryd            0.00022
   48 dy    2 p    Ryd            0.00022
   49 dy    2 p    Ryd            0.00025
   50 dy    2 p    Ryd            0.00000
   51 dy    2 p    Ryd            0.00000
   52 dy    2 p    Ryd            0.00000
   53 dy    2 d    Cor(4dz2)      1.99996
   54 dy    2 d    Cor(4dxz)      1.99997
   55 dy    2 d    Cor(4dyz)      1.99997
   56 dy    2 d    Cor(4dxy)      1.99996
   57 dy    2 d    Cor(4dx2-y2)   1.99998
   58 dy    2 d    Val(5dz2)      0.27511
   59 dy    2 d    Val(5dxz)      0.33040
   60 dy    2 d    Val(5dyz)      0.33040
   61 dy    2 d    Val(5dxy)      0.22065
   62 dy    2 d    Val(5dx2-y2)   0.31683
   63 dy    2 d    Ryd            0.00297
   64 dy    2 d    Ryd            0.00558
   65 dy    2 d    Ryd            0.00558
   66 dy    2 d    Ryd            0.00401
   67 dy    2 d    Ryd            0.00255
   68 dy    2 d    Ryd            0.00010
   69 dy    2 d    Ryd            0.00009
   70 dy    2 d    Ryd            0.00009
   71 dy    2 d    Ryd            0.00010
   72 dy    2 d    Ryd            0.00004
   73 dy    2 f    Val(4f0)       1.00071
   74 dy    2 f    Val(4fC1)      1.25551
   75 dy    2 f    Val(4fS1)      1.25549
   76 dy    2 f    Val(4fC2)      1.44913
   77 dy    2 f    Val(4fS2)      1.00698
   78 dy    2 f    Val(4fC3)      1.25977
   79 dy    2 f    Val(4fS3)      1.25976
   80 dy    2 f    Ryd            0.00037
   81 dy    2 f    Ryd            0.00086
   82 dy    2 f    Ryd            0.00086
   83 dy    2 f    Ryd            0.00088
   84 dy    2 f    Ryd            0.00067
   85 dy    2 f    Ryd            0.00080
   86 dy    2 f    Ryd            0.00080
   87 dy    2 f    Ryd            0.00001
   88 dy    2 f    Ryd            0.00001
   89 dy    2 f    Ryd            0.00001
   90 dy    2 f    Ryd            0.00001
   91 dy    2 f    Ryd            0.00001
   92 dy    2 f    Ryd            0.00002
   93 dy    2 f    Ryd            0.00002

   94 dy    3 s    Cor(4s)        1.99981
   95 dy    3 s    Cor(5s)        1.98507
   96 dy    3 s    Val(6s)        0.67736
   97 dy    3 s    Ryd            0.11618
   98 dy    3 s    Ryd            0.00369
   99 dy    3 s    Ryd            0.00078
  100 dy    3 s    Ryd            0.00011
  101 dy    3 s    Ryd            0.00003
  102 dy    3 s    Ryd            0.00000
  103 dy    3 s    Ryd            0.00000
  104 dy    3 p    Cor(4px)       1.99999
  105 dy    3 p    Cor(4py)       1.99999
  106 dy    3 p    Cor(4pz)       1.99999
  107 dy    3 p    Cor(5px)       1.99766
  108 dy    3 p    Cor(5py)       1.99766
  109 dy    3 p    Cor(5pz)       1.99753
  110 dy    3 p    Ryd            0.00317
  111 dy    3 p    Ryd            0.00317
  112 dy    3 p    Ryd            0.00222
  113 dy    3 p    Ryd            0.00113
  114 dy    3 p    Ryd            0.00113
  115 dy    3 p    Ryd            0.00231
  116 dy    3 p    Ryd            0.00022
  117 dy    3 p    Ryd            0.00022
  118 dy    3 p    Ryd            0.00025
  119 dy    3 p    Ryd            0.00000
  120 dy    3 p    Ryd            0.00000
  121 dy    3 p    Ryd            0.00000
  122 dy    3 d    Cor(4dz2)      1.99996
  123 dy    3 d    Cor(4dxz)      1.99997
  124 dy    3 d    Cor(4dyz)      1.99997
  125 dy    3 d    Cor(4dxy)      1.99996
  126 dy    3 d    Cor(4dx2-y2)   1.99998
  127 dy    3 d    Val(5dz2)      0.27511
  128 dy    3 d    Val(5dxz)      0.33040
  129 dy    3 d    Val(5dyz)      0.33040
  130 dy    3 d    Val(5dxy)      0.22065
  131 dy    3 d    Val(5dx2-y2)   0.31683
  132 dy    3 d    Ryd            0.00297
  133 dy    3 d    Ryd            0.00558
  134 dy    3 d    Ryd            0.00558
  135 dy    3 d    Ryd            0.00401
  136 dy    3 d    Ryd            0.00255
  137 dy    3 d    Ryd            0.00010
  138 dy    3 d    Ryd            0.00009
  139 dy    3 d    Ryd            0.00009
  140 dy    3 d    Ryd            0.00010
  141 dy    3 d    Ryd            0.00004
  142 dy    3 f    Val(4f0)       1.00071
  143 dy    3 f    Val(4fC1)      1.25549
  144 dy    3 f    Val(4fS1)      1.25552
  145 dy    3 f    Val(4fC2)      1.44913
  146 dy    3 f    Val(4fS2)      1.00698
  147 dy    3 f    Val(4fC3)      1.25977
  148 dy    3 f    Val(4fS3)      1.25976
  149 dy    3 f    Ryd            0.00037
  150 dy    3 f    Ryd            0.00086
  151 dy    3 f    Ryd            0.00086
  152 dy    3 f    Ryd            0.00088
  153 dy    3 f    Ryd            0.00067
  154 dy    3 f    Ryd            0.00080
  155 dy    3 f    Ryd            0.00080
  156 dy    3 f    Ryd            0.00001
  157 dy    3 f    Ryd            0.00001
  158 dy    3 f    Ryd            0.00001
  159 dy    3 f    Ryd            0.00001
  160 dy    3 f    Ryd            0.00001
  161 dy    3 f    Ryd            0.00002
  162 dy    3 f    Ryd            0.00002

  163 s     4 s    Cor(1s)        1.99999
  164 s     4 s    Cor(2s)        1.99965
  165 s     4 s    Val(3s)        1.81441
  166 s     4 s    Ryd            0.00247
  167 s     4 p    Cor(2px)       1.99988
  168 s     4 p    Cor(2py)       1.99988
  169 s     4 p    Cor(2pz)       1.99983
  170 s     4 p    Val(3px)       1.53095
  171 s     4 p    Val(3py)       1.53095
  172 s     4 p    Val(3pz)       1.49871
  173 s     4 p    Ryd            0.00093
  174 s     4 p    Ryd            0.00093
  175 s     4 p    Ryd            0.00190
  176 s     4 d    Ryd            0.00148
  177 s     4 d    Ryd            0.00225
  178 s     4 d    Ryd            0.00225
  179 s     4 d    Ryd            0.00286
  180 s     4 d    Ryd            0.00213

  181 s     5 s    Cor(1s)        1.99999
  182 s     5 s    Cor(2s)        1.99965
  183 s     5 s    Val(3s)        1.81441
  184 s     5 s    Ryd            0.00247
  185 s     5 p    Cor(2px)       1.99988
  186 s     5 p    Cor(2py)       1.99988
  187 s     5 p    Cor(2pz)       1.99983
  188 s     5 p    Val(3px)       1.53095
  189 s     5 p    Val(3py)       1.53095
  190 s     5 p    Val(3pz)       1.49871
  191 s     5 p    Ryd            0.00093
  192 s     5 p    Ryd            0.00093
  193 s     5 p    Ryd            0.00190
  194 s     5 d    Ryd            0.00148
  195 s     5 d    Ryd            0.00225
  196 s     5 d    Ryd            0.00225
  197 s     5 d    Ryd            0.00286
  198 s     5 d    Ryd            0.00213

  199 s     6 s    Cor(1s)        1.99999
  200 s     6 s    Cor(2s)        1.99965
  201 s     6 s    Val(3s)        1.81441
  202 s     6 s    Ryd            0.00247
  203 s     6 p    Cor(2px)       1.99988
  204 s     6 p    Cor(2py)       1.99988
  205 s     6 p    Cor(2pz)       1.99983
  206 s     6 p    Val(3px)       1.53095
  207 s     6 p    Val(3py)       1.53095
  208 s     6 p    Val(3pz)       1.49871
  209 s     6 p    Ryd            0.00093
  210 s     6 p    Ryd            0.00093
  211 s     6 p    Ryd            0.00190
  212 s     6 d    Ryd            0.00148
  213 s     6 d    Ryd            0.00225
  214 s     6 d    Ryd            0.00225
  215 s     6 d    Ryd            0.00286
  216 s     6 d    Ryd            0.00213

  217 s     7 s    Cor(1s)        1.99999
  218 s     7 s    Cor(2s)        1.99965
  219 s     7 s    Val(3s)        1.81441
  220 s     7 s    Ryd            0.00247
  221 s     7 p    Cor(2px)       1.99988
  222 s     7 p    Cor(2py)       1.99988
  223 s     7 p    Cor(2pz)       1.99983
  224 s     7 p    Val(3px)       1.53095
  225 s     7 p    Val(3py)       1.53095
  226 s     7 p    Val(3pz)       1.49871
  227 s     7 p    Ryd            0.00093
  228 s     7 p    Ryd            0.00093
  229 s     7 p    Ryd            0.00190
  230 s     7 d    Ryd            0.00148
  231 s     7 d    Ryd            0.00225
  232 s     7 d    Ryd            0.00225
  233 s     7 d    Ryd            0.00286
  234 s     7 d    Ryd            0.00213

  235 c     8 s    Cor(1s)        1.99887
  236 c     8 s    Val(2s)        0.95760
  237 c     8 s    Ryd            0.00370
  238 c     8 p    Val(2px)       1.14365
  239 c     8 p    Val(2py)       1.12992
  240 c     8 p    Val(2pz)       1.07150
  241 c     8 p    Ryd            0.00656
  242 c     8 p    Ryd            0.00362
  243 c     8 p    Ryd            0.00500
  244 c     8 d    Ryd            0.00086
  245 c     8 d    Ryd            0.00093
  246 c     8 d    Ryd            0.00081
  247 c     8 d    Ryd            0.00096
  248 c     8 d    Ryd            0.00084

  249 c     9 s    Cor(1s)        1.99886
  250 c     9 s    Val(2s)        0.96073
  251 c     9 s    Ryd            0.00329
  252 c     9 p    Val(2px)       1.07437
  253 c     9 p    Val(2py)       1.07437
  254 c     9 p    Val(2pz)       1.19363
  255 c     9 p    Ryd            0.00613
  256 c     9 p    Ryd            0.00613
  257 c     9 p    Ryd            0.00406
  258 c     9 d    Ryd            0.00116
  259 c     9 d    Ryd            0.00086
  260 c     9 d    Ryd            0.00086
  261 c     9 d    Ryd            0.00065
  262 c     9 d    Ryd            0.00083

  263 c    10 s    Cor(1s)        1.99887
  264 c    10 s    Val(2s)        0.95760
  265 c    10 s    Ryd            0.00370
  266 c    10 p    Val(2px)       1.12992
  267 c    10 p    Val(2py)       1.14365
  268 c    10 p    Val(2pz)       1.07150
  269 c    10 p    Ryd            0.00362
  270 c    10 p    Ryd            0.00656
  271 c    10 p    Ryd            0.00500
  272 c    10 d    Ryd            0.00086
  273 c    10 d    Ryd            0.00081
  274 c    10 d    Ryd            0.00093
  275 c    10 d    Ryd            0.00096
  276 c    10 d    Ryd            0.00084

  277 c    11 s    Cor(1s)        1.99889
  278 c    11 s    Val(2s)        0.95476
  279 c    11 s    Ryd            0.00421
  280 c    11 p    Val(2px)       1.15157
  281 c    11 p    Val(2py)       1.08093
  282 c    11 p    Val(2pz)       1.13574
  283 c    11 p    Ryd            0.00310
  284 c    11 p    Ryd            0.00535
  285 c    11 p    Ryd            0.00654
  286 c    11 d    Ryd            0.00090
  287 c    11 d    Ryd            0.00105
  288 c    11 d    Ryd            0.00080
  289 c    11 d    Ryd            0.00071
  290 c    11 d    Ryd            0.00091

  291 c    12 s    Cor(1s)        1.99889
  292 c    12 s    Val(2s)        0.95476
  293 c    12 s    Ryd            0.00421
  294 c    12 p    Val(2px)       1.08093
  295 c    12 p    Val(2py)       1.15157
  296 c    12 p    Val(2pz)       1.13574
  297 c    12 p    Ryd            0.00535
  298 c    12 p    Ryd            0.00310
  299 c    12 p    Ryd            0.00654
  300 c    12 d    Ryd            0.00090
  301 c    12 d    Ryd            0.00080
  302 c    12 d    Ryd            0.00105
  303 c    12 d    Ryd            0.00071
  304 c    12 d    Ryd            0.00091

  305 c    13 s    Cor(1s)        1.99887
  306 c    13 s    Val(2s)        0.95760
  307 c    13 s    Ryd            0.00370
  308 c    13 p    Val(2px)       1.12992
  309 c    13 p    Val(2py)       1.14365
  310 c    13 p    Val(2pz)       1.07150
  311 c    13 p    Ryd            0.00362
  312 c    13 p    Ryd            0.00656
  313 c    13 p    Ryd            0.00500
  314 c    13 d    Ryd            0.00086
  315 c    13 d    Ryd            0.00081
  316 c    13 d    Ryd            0.00093
  317 c    13 d    Ryd            0.00096
  318 c    13 d    Ryd            0.00084

  319 c    14 s    Cor(1s)        1.99886
  320 c    14 s    Val(2s)        0.96073
  321 c    14 s    Ryd            0.00329
  322 c    14 p    Val(2px)       1.07437
  323 c    14 p    Val(2py)       1.07437
  324 c    14 p    Val(2pz)       1.19363
  325 c    14 p    Ryd            0.00613
  326 c    14 p    Ryd            0.00613
  327 c    14 p    Ryd            0.00406
  328 c    14 d    Ryd            0.00116
  329 c    14 d    Ryd            0.00086
  330 c    14 d    Ryd            0.00086
  331 c    14 d    Ryd            0.00065
  332 c    14 d    Ryd            0.00083

  333 c    15 s    Cor(1s)        1.99887
  334 c    15 s    Val(2s)        0.95760
  335 c    15 s    Ryd            0.00370
  336 c    15 p    Val(2px)       1.14365
  337 c    15 p    Val(2py)       1.12992
  338 c    15 p    Val(2pz)       1.07150
  339 c    15 p    Ryd            0.00656
  340 c    15 p    Ryd            0.00362
  341 c    15 p    Ryd            0.00500
  342 c    15 d    Ryd            0.00086
  343 c    15 d    Ryd            0.00093
  344 c    15 d    Ryd            0.00081
  345 c    15 d    Ryd            0.00096
  346 c    15 d    Ryd            0.00084

  347 c    16 s    Cor(1s)        1.99889
  348 c    16 s    Val(2s)        0.95476
  349 c    16 s    Ryd            0.00421
  350 c    16 p    Val(2px)       1.08093
  351 c    16 p    Val(2py)       1.15157
  352 c    16 p    Val(2pz)       1.13574
  353 c    16 p    Ryd            0.00535
  354 c    16 p    Ryd            0.00310
  355 c    16 p    Ryd            0.00654
  356 c    16 d    Ryd            0.00090
  357 c    16 d    Ryd            0.00080
  358 c    16 d    Ryd            0.00105
  359 c    16 d    Ryd            0.00071
  360 c    16 d    Ryd            0.00091

  361 c    17 s    Cor(1s)        1.99889
  362 c    17 s    Val(2s)        0.95476
  363 c    17 s    Ryd            0.00421
  364 c    17 p    Val(2px)       1.15157
  365 c    17 p    Val(2py)       1.08093
  366 c    17 p    Val(2pz)       1.13574
  367 c    17 p    Ryd            0.00310
  368 c    17 p    Ryd            0.00535
  369 c    17 p    Ryd            0.00654
  370 c    17 d    Ryd            0.00090
  371 c    17 d    Ryd            0.00105
  372 c    17 d    Ryd            0.00080
  373 c    17 d    Ryd            0.00071
  374 c    17 d    Ryd            0.00091

  375 c    18 s    Cor(1s)        1.99887
  376 c    18 s    Val(2s)        0.95760
  377 c    18 s    Ryd            0.00370
  378 c    18 p    Val(2px)       1.12992
  379 c    18 p    Val(2py)       1.14365
  380 c    18 p    Val(2pz)       1.07150
  381 c    18 p    Ryd            0.00362
  382 c    18 p    Ryd            0.00656
  383 c    18 p    Ryd            0.00500
  384 c    18 d    Ryd            0.00086
  385 c    18 d    Ryd            0.00081
  386 c    18 d    Ryd            0.00093
  387 c    18 d    Ryd            0.00096
  388 c    18 d    Ryd            0.00084

  389 c    19 s    Cor(1s)        1.99889
  390 c    19 s    Val(2s)        0.95476
  391 c    19 s    Ryd            0.00421
  392 c    19 p    Val(2px)       1.15157
  393 c    19 p    Val(2py)       1.08093
  394 c    19 p    Val(2pz)       1.13574
  395 c    19 p    Ryd            0.00310
  396 c    19 p    Ryd            0.00535
  397 c    19 p    Ryd            0.00654
  398 c    19 d    Ryd            0.00090
  399 c    19 d    Ryd            0.00105
  400 c    19 d    Ryd            0.00080
  401 c    19 d    Ryd            0.00071
  402 c    19 d    Ryd            0.00091

  403 c    20 s    Cor(1s)        1.99889
  404 c    20 s    Val(2s)        0.95476
  405 c    20 s    Ryd            0.00421
  406 c    20 p    Val(2px)       1.08093
  407 c    20 p    Val(2py)       1.15157
  408 c    20 p    Val(2pz)       1.13574
  409 c    20 p    Ryd            0.00535
  410 c    20 p    Ryd            0.00310
  411 c    20 p    Ryd            0.00654
  412 c    20 d    Ryd            0.00090
  413 c    20 d    Ryd            0.00080
  414 c    20 d    Ryd            0.00105
  415 c    20 d    Ryd            0.00071
  416 c    20 d    Ryd            0.00091

  417 c    21 s    Cor(1s)        1.99887
  418 c    21 s    Val(2s)        0.95760
  419 c    21 s    Ryd            0.00370
  420 c    21 p    Val(2px)       1.14365
  421 c    21 p    Val(2py)       1.12992
  422 c    21 p    Val(2pz)       1.07150
  423 c    21 p    Ryd            0.00656
  424 c    21 p    Ryd            0.00362
  425 c    21 p    Ryd            0.00500
  426 c    21 d    Ryd            0.00086
  427 c    21 d    Ryd            0.00093
  428 c    21 d    Ryd            0.00081
  429 c    21 d    Ryd            0.00096
  430 c    21 d    Ryd            0.00084

  431 c    22 s    Cor(1s)        1.99886
  432 c    22 s    Val(2s)        0.96073
  433 c    22 s    Ryd            0.00329
  434 c    22 p    Val(2px)       1.07437
  435 c    22 p    Val(2py)       1.07437
  436 c    22 p    Val(2pz)       1.19363
  437 c    22 p    Ryd            0.00613
  438 c    22 p    Ryd            0.00613
  439 c    22 p    Ryd            0.00406
  440 c    22 d    Ryd            0.00116
  441 c    22 d    Ryd            0.00086
  442 c    22 d    Ryd            0.00086
  443 c    22 d    Ryd            0.00065
  444 c    22 d    Ryd            0.00083

  445 c    23 s    Cor(1s)        1.99887
  446 c    23 s    Val(2s)        0.95760
  447 c    23 s    Ryd            0.00370
  448 c    23 p    Val(2px)       1.14365
  449 c    23 p    Val(2py)       1.12992
  450 c    23 p    Val(2pz)       1.07150
  451 c    23 p    Ryd            0.00656
  452 c    23 p    Ryd            0.00362
  453 c    23 p    Ryd            0.00500
  454 c    23 d    Ryd            0.00086
  455 c    23 d    Ryd            0.00093
  456 c    23 d    Ryd            0.00081
  457 c    23 d    Ryd            0.00096
  458 c    23 d    Ryd            0.00084

  459 c    24 s    Cor(1s)        1.99889
  460 c    24 s    Val(2s)        0.95476
  461 c    24 s    Ryd            0.00421
  462 c    24 p    Val(2px)       1.08093
  463 c    24 p    Val(2py)       1.15157
  464 c    24 p    Val(2pz)       1.13574
  465 c    24 p    Ryd            0.00535
  466 c    24 p    Ryd            0.00310
  467 c    24 p    Ryd            0.00654
  468 c    24 d    Ryd            0.00090
  469 c    24 d    Ryd            0.00080
  470 c    24 d    Ryd            0.00105
  471 c    24 d    Ryd            0.00071
  472 c    24 d    Ryd            0.00091

  473 c    25 s    Cor(1s)        1.99889
  474 c    25 s    Val(2s)        0.95476
  475 c    25 s    Ryd            0.00421
  476 c    25 p    Val(2px)       1.15157
  477 c    25 p    Val(2py)       1.08093
  478 c    25 p    Val(2pz)       1.13574
  479 c    25 p    Ryd            0.00310
  480 c    25 p    Ryd            0.00535
  481 c    25 p    Ryd            0.00654
  482 c    25 d    Ryd            0.00090
  483 c    25 d    Ryd            0.00105
  484 c    25 d    Ryd            0.00080
  485 c    25 d    Ryd            0.00071
  486 c    25 d    Ryd            0.00091

  487 c    26 s    Cor(1s)        1.99887
  488 c    26 s    Val(2s)        0.95760
  489 c    26 s    Ryd            0.00370
  490 c    26 p    Val(2px)       1.12992
  491 c    26 p    Val(2py)       1.14365
  492 c    26 p    Val(2pz)       1.07150
  493 c    26 p    Ryd            0.00362
  494 c    26 p    Ryd            0.00656
  495 c    26 p    Ryd            0.00500
  496 c    26 d    Ryd            0.00086
  497 c    26 d    Ryd            0.00081
  498 c    26 d    Ryd            0.00093
  499 c    26 d    Ryd            0.00096
  500 c    26 d    Ryd            0.00084

  501 c    27 s    Cor(1s)        1.99886
  502 c    27 s    Val(2s)        0.96073
  503 c    27 s    Ryd            0.00329
  504 c    27 p    Val(2px)       1.07437
  505 c    27 p    Val(2py)       1.07437
  506 c    27 p    Val(2pz)       1.19363
  507 c    27 p    Ryd            0.00613
  508 c    27 p    Ryd            0.00613
  509 c    27 p    Ryd            0.00406
  510 c    27 d    Ryd            0.00116
  511 c    27 d    Ryd            0.00086
  512 c    27 d    Ryd            0.00086
  513 c    27 d    Ryd            0.00065
  514 c    27 d    Ryd            0.00083

  515 h    28 s    Val(1s)        0.76553
  516 h    28 s    Ryd            0.00144

  517 h    29 s    Val(1s)        0.77545
  518 h    29 s    Ryd            0.00118

  519 h    30 s    Val(1s)        0.75472
  520 h    30 s    Ryd            0.00208

  521 h    31 s    Val(1s)        0.77545
  522 h    31 s    Ryd            0.00118

  523 h    32 s    Val(1s)        0.76553
  524 h    32 s    Ryd            0.00144

  525 h    33 s    Val(1s)        0.77545
  526 h    33 s    Ryd            0.00118

  527 h    34 s    Val(1s)        0.76553
  528 h    34 s    Ryd            0.00144

  529 h    35 s    Val(1s)        0.75472
  530 h    35 s    Ryd            0.00208

  531 h    36 s    Val(1s)        0.76553
  532 h    36 s    Ryd            0.00144

  533 h    37 s    Val(1s)        0.77545
  534 h    37 s    Ryd            0.00118

  535 h    38 s    Val(1s)        0.76553
  536 h    38 s    Ryd            0.00144

  537 h    39 s    Val(1s)        0.75472
  538 h    39 s    Ryd            0.00208

  539 h    40 s    Val(1s)        0.76553
  540 h    40 s    Ryd            0.00144

  541 h    41 s    Val(1s)        0.77545
  542 h    41 s    Ryd            0.00118

  543 h    42 s    Val(1s)        0.77545
  544 h    42 s    Ryd            0.00118

  545 h    43 s    Val(1s)        0.77545
  546 h    43 s    Ryd            0.00118

  547 h    44 s    Val(1s)        0.76553
  548 h    44 s    Ryd            0.00144

  549 h    45 s    Val(1s)        0.75472
  550 h    45 s    Ryd            0.00208

  551 h    46 s    Val(1s)        0.77545
  552 h    46 s    Ryd            0.00118

  553 h    47 s    Val(1s)        0.76553
  554 h    47 s    Ryd            0.00144

Summary of Natural Population Analysis:
                                      Natural Population
                 Natural   -----------------------------------
Atom No          Charge       Core        Valence     Rydberg     Total
               ----------------------------------------------------------
  1  mo           0.16122     7.97492     5.77957     0.08430    13.83878
  2  dy           1.22330    25.97752    10.63812     0.16106    36.77670
  3  dy           1.22330    25.97752    10.63812     0.16106    36.77670
  4  s           -0.39146     9.99923     6.37503     0.01720    16.39146
  5  s           -0.39146     9.99923     6.37503     0.01720    16.39146
  6  s           -0.39146     9.99923     6.37503     0.01720    16.39146
  7  s           -0.39146     9.99923     6.37503     0.01720    16.39146
  8  c           -0.32482     1.99887     4.30267     0.02328     6.32482
  9  c           -0.32595     1.99886     4.30311     0.02398     6.32595
 10  c           -0.32482     1.99887     4.30267     0.02328     6.32482
 11  c           -0.34545     1.99889     4.32300     0.02355     6.34545
 12  c           -0.34545     1.99889     4.32300     0.02355     6.34545
 13  c           -0.32482     1.99887     4.30267     0.02328     6.32482
 14  c           -0.32595     1.99886     4.30311     0.02398     6.32595
 15  c           -0.32482     1.99887     4.30267     0.02328     6.32482
 16  c           -0.34545     1.99889     4.32300     0.02355     6.34545
 17  c           -0.34545     1.99889     4.32300     0.02355     6.34545
 18  c           -0.32482     1.99887     4.30267     0.02328     6.32482
 19  c           -0.34545     1.99889     4.32300     0.02355     6.34545
 20  c           -0.34545     1.99889     4.32300     0.02355     6.34545
 21  c           -0.32482     1.99887     4.30267     0.02328     6.32482
 22  c           -0.32595     1.99886     4.30311     0.02398     6.32595
 23  c           -0.32482     1.99887     4.30267     0.02328     6.32482
 24  c           -0.34545     1.99889     4.32300     0.02355     6.34545
 25  c           -0.34545     1.99889     4.32300     0.02355     6.34545
 26  c           -0.32482     1.99887     4.30267     0.02328     6.32482
 27  c           -0.32595     1.99886     4.30311     0.02398     6.32595
 28  h            0.23303     0.00000     0.76553     0.00144     0.76697
 29  h            0.22337     0.00000     0.77545     0.00118     0.77663
 30  h            0.24319     0.00000     0.75472     0.00208     0.75681
 31  h            0.22337     0.00000     0.77545     0.00118     0.77663
 32  h            0.23303     0.00000     0.76553     0.00144     0.76697
 33  h            0.22337     0.00000     0.77545     0.00118     0.77663
 34  h            0.23303     0.00000     0.76553     0.00144     0.76697
 35  h            0.24319     0.00000     0.75472     0.00208     0.75681
 36  h            0.23303     0.00000     0.76553     0.00144     0.76697
 37  h            0.22337     0.00000     0.77545     0.00118     0.77663
 38  h            0.23303     0.00000     0.76553     0.00144     0.76697
 39  h            0.24319     0.00000     0.75472     0.00208     0.75681
 40  h            0.23303     0.00000     0.76553     0.00144     0.76697
 41  h            0.22337     0.00000     0.77545     0.00118     0.77663
 42  h            0.22337     0.00000     0.77545     0.00118     0.77663
 43  h            0.22337     0.00000     0.77545     0.00118     0.77663
 44  h            0.23303     0.00000     0.76553     0.00144     0.76697
 45  h            0.24319     0.00000     0.75472     0.00208     0.75681
 46  h            0.22337     0.00000     0.77545     0.00118     0.77663
 47  h            0.23303     0.00000     0.76553     0.00144     0.76697
               ----------------------------------------------------------
 * Total *       -1.00000   139.90445   154.12048     0.97507   295.00000

For all atoms:
Core                     139.90445(  99.9317% of  140)
Valence                  154.12048(  99.4326% of  155)
Natural Minimal Basis    294.02493(  99.6695% of  295)
Natural Rydberg Basis      0.97507(   0.3305% of  295)

 ==============================================================================

atomic populations from total density:
atom          charge    n(s)      n(p)      n(d)      n(f)      n(g)
  1 mo         0.16122   2.47482   5.99810   5.36586   0.00000   0.00000
  2 dy         1.22330   4.78302  12.00666  11.49434   8.49269   0.00000
  3 dy         1.22330   4.78302  12.00666  11.49434   8.49269   0.00000
  4 s         -0.39146   5.81652  10.56398   0.01096   0.00000   0.00000
  5 s         -0.39146   5.81652  10.56398   0.01096   0.00000   0.00000
  6 s         -0.39146   5.81652  10.56398   0.01096   0.00000   0.00000
  7 s         -0.39146   5.81652  10.56398   0.01096   0.00000   0.00000
  8 c         -0.32482   2.96017   3.36024   0.00441   0.00000   0.00000
  9 c         -0.32595   2.96288   3.35871   0.00436   0.00000   0.00000
 10 c         -0.32482   2.96017   3.36024   0.00441   0.00000   0.00000
 11 c         -0.34545   2.95786   3.38322   0.00437   0.00000   0.00000
 12 c         -0.34545   2.95786   3.38322   0.00437   0.00000   0.00000
 13 c         -0.32482   2.96017   3.36024   0.00441   0.00000   0.00000
 14 c         -0.32595   2.96288   3.35871   0.00436   0.00000   0.00000
 15 c         -0.32482   2.96017   3.36024   0.00441   0.00000   0.00000
 16 c         -0.34545   2.95786   3.38322   0.00437   0.00000   0.00000
 17 c         -0.34545   2.95786   3.38322   0.00437   0.00000   0.00000
 18 c         -0.32482   2.96017   3.36024   0.00441   0.00000   0.00000
 19 c         -0.34545   2.95786   3.38322   0.00437   0.00000   0.00000
 20 c         -0.34545   2.95786   3.38322   0.00437   0.00000   0.00000
 21 c         -0.32482   2.96017   3.36024   0.00441   0.00000   0.00000
 22 c         -0.32595   2.96288   3.35871   0.00436   0.00000   0.00000
 23 c         -0.32482   2.96017   3.36024   0.00441   0.00000   0.00000
 24 c         -0.34545   2.95786   3.38322   0.00437   0.00000   0.00000
 25 c         -0.34545   2.95786   3.38322   0.00437   0.00000   0.00000
 26 c         -0.32482   2.96017   3.36024   0.00441   0.00000   0.00000
 27 c         -0.32595   2.96288   3.35871   0.00436   0.00000   0.00000
 28 h          0.23303   0.76697   0.00000   0.00000   0.00000   0.00000
 29 h          0.22337   0.77663   0.00000   0.00000   0.00000   0.00000
 30 h          0.24319   0.75681   0.00000   0.00000   0.00000   0.00000
 31 h          0.22337   0.77663   0.00000   0.00000   0.00000   0.00000
 32 h          0.23303   0.76697   0.00000   0.00000   0.00000   0.00000
 33 h          0.22337   0.77663   0.00000   0.00000   0.00000   0.00000
 34 h          0.23303   0.76697   0.00000   0.00000   0.00000   0.00000
 35 h          0.24319   0.75681   0.00000   0.00000   0.00000   0.00000
 36 h          0.23303   0.76697   0.00000   0.00000   0.00000   0.00000
 37 h          0.22337   0.77663   0.00000   0.00000   0.00000   0.00000
 38 h          0.23303   0.76697   0.00000   0.00000   0.00000   0.00000
 39 h          0.24319   0.75681   0.00000   0.00000   0.00000   0.00000
 40 h          0.23303   0.76697   0.00000   0.00000   0.00000   0.00000
 41 h          0.22337   0.77663   0.00000   0.00000   0.00000   0.00000
 42 h          0.22337   0.77663   0.00000   0.00000   0.00000   0.00000
 43 h          0.22337   0.77663   0.00000   0.00000   0.00000   0.00000
 44 h          0.23303   0.76697   0.00000   0.00000   0.00000   0.00000
 45 h          0.24319   0.75681   0.00000   0.00000   0.00000   0.00000
 46 h          0.22337   0.77663   0.00000   0.00000   0.00000   0.00000
 47 h          0.23303   0.76697   0.00000   0.00000   0.00000   0.00000

 ==============================================================================

 
 moments (from total density versus population analysis)
 <charge> =            -1.000000           -1.000000
 <xx  >   =          -205.899820          -10.013807
 <yy  >   =          -205.899820          -10.013807
 <zz  >   =          -224.094825          -39.077262
 <xy  >   =            -0.000000           -0.000000
 <xz  >   =            -0.000000            0.000000
 <yz  >   =             0.000000            0.000000


nbfiat:  1  5  9 10  0  0  0  0  0  0  0  0
nbfiat:  2 10 18 20 21  0  0  0  0  0  0  0
nbfiat:  3 10 18 20 21  0  0  0  0  0  0  0
nbfiat:  4  4  9  5  0  0  0  0  0  0  0  0
nbfiat:  5  4  9  5  0  0  0  0  0  0  0  0
nbfiat:  6  4  9  5  0  0  0  0  0  0  0  0
nbfiat:  7  4  9  5  0  0  0  0  0  0  0  0
nbfiat:  8  3  6  5  0  0  0  0  0  0  0  0
nbfiat:  9  3  6  5  0  0  0  0  0  0  0  0
nbfiat: 10  3  6  5  0  0  0  0  0  0  0  0
nbfiat: 11  3  6  5  0  0  0  0  0  0  0  0
nbfiat: 12  3  6  5  0  0  0  0  0  0  0  0
nbfiat: 13  3  6  5  0  0  0  0  0  0  0  0
nbfiat: 14  3  6  5  0  0  0  0  0  0  0  0
nbfiat: 15  3  6  5  0  0  0  0  0  0  0  0
nbfiat: 16  3  6  5  0  0  0  0  0  0  0  0
nbfiat: 17  3  6  5  0  0  0  0  0  0  0  0
nbfiat: 18  3  6  5  0  0  0  0  0  0  0  0
nbfiat: 19  3  6  5  0  0  0  0  0  0  0  0
nbfiat: 20  3  6  5  0  0  0  0  0  0  0  0
nbfiat: 21  3  6  5  0  0  0  0  0  0  0  0
nbfiat: 22  3  6  5  0  0  0  0  0  0  0  0
nbfiat: 23  3  6  5  0  0  0  0  0  0  0  0
nbfiat: 24  3  6  5  0  0  0  0  0  0  0  0
nbfiat: 25  3  6  5  0  0  0  0  0  0  0  0
nbfiat: 26  3  6  5  0  0  0  0  0  0  0  0
nbfiat: 27  3  6  5  0  0  0  0  0  0  0  0
nbfiat: 28  2  0  0  0  0  0  0  0  0  0  0
nbfiat: 29  2  0  0  0  0  0  0  0  0  0  0
nbfiat: 30  2  0  0  0  0  0  0  0  0  0  0
nbfiat: 31  2  0  0  0  0  0  0  0  0  0  0
nbfiat: 32  2  0  0  0  0  0  0  0  0  0  0
nbfiat: 33  2  0  0  0  0  0  0  0  0  0  0
nbfiat: 34  2  0  0  0  0  0  0  0  0  0  0
nbfiat: 35  2  0  0  0  0  0  0  0  0  0  0
nbfiat: 36  2  0  0  0  0  0  0  0  0  0  0
nbfiat: 37  2  0  0  0  0  0  0  0  0  0  0
nbfiat: 38  2  0  0  0  0  0  0  0  0  0  0
nbfiat: 39  2  0  0  0  0  0  0  0  0  0  0
nbfiat: 40  2  0  0  0  0  0  0  0  0  0  0
nbfiat: 41  2  0  0  0  0  0  0  0  0  0  0
nbfiat: 42  2  0  0  0  0  0  0  0  0  0  0
nbfiat: 43  2  0  0  0  0  0  0  0  0  0  0
nbfiat: 44  2  0  0  0  0  0  0  0  0  0  0
nbfiat: 45  2  0  0  0  0  0  0  0  0  0  0
nbfiat: 46  2  0  0  0  0  0  0  0  0  0  0
nbfiat: 47  2  0  0  0  0  0  0  0  0  0  0
***********************************
*** Spin density (Dalpha-Dbeta) ***
***********************************

 ==============================================================================

atomic populations from spin  density:
atom          sum       n(s)      n(p)      n(d)      n(f)      n(g)
  1 mo         0.78498   0.01228  -0.00784   0.78053   0.00000   0.00000
  2 dy         5.19661  -0.48073   0.03139   0.16362   5.48232   0.00000
  3 dy         5.19661  -0.48073   0.03139   0.16362   5.48232   0.00000
  4 s          0.00656  -0.00039   0.00507   0.00187   0.00000   0.00000
  5 s          0.00656  -0.00039   0.00507   0.00187   0.00000   0.00000
  6 s          0.00656  -0.00039   0.00507   0.00187   0.00000   0.00000
  7 s          0.00656  -0.00039   0.00507   0.00187   0.00000   0.00000
  8 c         -0.01565  -0.00218  -0.01348   0.00000   0.00000   0.00000
  9 c         -0.00736  -0.00079  -0.00654  -0.00003   0.00000   0.00000
 10 c         -0.01565  -0.00218  -0.01348   0.00000   0.00000   0.00000
 11 c         -0.00670  -0.00060  -0.00608  -0.00002   0.00000   0.00000
 12 c         -0.00670  -0.00060  -0.00608  -0.00002   0.00000   0.00000
 13 c         -0.01565  -0.00218  -0.01348   0.00000   0.00000   0.00000
 14 c         -0.00736  -0.00079  -0.00654  -0.00003   0.00000   0.00000
 15 c         -0.01565  -0.00218  -0.01348   0.00000   0.00000   0.00000
 16 c         -0.00670  -0.00060  -0.00608  -0.00002   0.00000   0.00000
 17 c         -0.00670  -0.00060  -0.00608  -0.00002   0.00000   0.00000
 18 c         -0.01565  -0.00218  -0.01348   0.00000   0.00000   0.00000
 19 c         -0.00670  -0.00060  -0.00608  -0.00002   0.00000   0.00000
 20 c         -0.00670  -0.00060  -0.00608  -0.00002   0.00000   0.00000
 21 c         -0.01565  -0.00218  -0.01348   0.00000   0.00000   0.00000
 22 c         -0.00736  -0.00079  -0.00654  -0.00003   0.00000   0.00000
 23 c         -0.01565  -0.00218  -0.01348   0.00000   0.00000   0.00000
 24 c         -0.00670  -0.00060  -0.00608  -0.00002   0.00000   0.00000
 25 c         -0.00670  -0.00060  -0.00608  -0.00002   0.00000   0.00000
 26 c         -0.01565  -0.00218  -0.01348   0.00000   0.00000   0.00000
 27 c         -0.00736  -0.00079  -0.00654  -0.00003   0.00000   0.00000
 28 h          0.00045   0.00045   0.00000   0.00000   0.00000   0.00000
 29 h          0.00001   0.00001   0.00000   0.00000   0.00000   0.00000
 30 h          0.00004   0.00004   0.00000   0.00000   0.00000   0.00000
 31 h          0.00001   0.00001   0.00000   0.00000   0.00000   0.00000
 32 h          0.00045   0.00045   0.00000   0.00000   0.00000   0.00000
 33 h          0.00001   0.00001   0.00000   0.00000   0.00000   0.00000
 34 h          0.00045   0.00045   0.00000   0.00000   0.00000   0.00000
 35 h          0.00004   0.00004   0.00000   0.00000   0.00000   0.00000
 36 h          0.00045   0.00045   0.00000   0.00000   0.00000   0.00000
 37 h          0.00001   0.00001   0.00000   0.00000   0.00000   0.00000
 38 h          0.00045   0.00045   0.00000   0.00000   0.00000   0.00000
 39 h          0.00004   0.00004   0.00000   0.00000   0.00000   0.00000
 40 h          0.00045   0.00045   0.00000   0.00000   0.00000   0.00000
 41 h          0.00001   0.00001   0.00000   0.00000   0.00000   0.00000
 42 h          0.00001   0.00001   0.00000   0.00000   0.00000   0.00000
 43 h          0.00001   0.00001   0.00000   0.00000   0.00000   0.00000
 44 h          0.00045   0.00045   0.00000   0.00000   0.00000   0.00000
 45 h          0.00004   0.00004   0.00000   0.00000   0.00000   0.00000
 46 h          0.00001   0.00001   0.00000   0.00000   0.00000   0.00000
 47 h          0.00045   0.00045   0.00000   0.00000   0.00000   0.00000
 
 
 ==============================================================================
                      CALCULATION OF QUANTITIES ON GRID
 ==============================================================================
 
 
     output format: .cub (cube format)
 
 
 quantities to be calculated are 
 amplitudes of    2 MOs
 
 calculation at a grid of  154*  102*  102 points
 
 origin at            0.00000        0.00000        0.00000
 
 normalised grid vectors:
                        x              y              z
  1. vector:         0.00000        0.00000        1.00000
  2. vector:         0.00000        1.00000        0.00000
  3. vector:         1.00000        0.00000        0.00000
 
                     minimum       increment       maximum
  1. vector:       -15.40429        0.20136       15.40429
  2. vector:       -10.17729        0.20153       10.17729
  3. vector:       -10.17729        0.20153       10.17729
 
 amplitudes on grid will be calculated for
  MO   col spin   energy/a.u   output file
  28a1     a      -0.04721     28a1_a.cub                              
  27a1     b      -0.00521     27a1_b.cub                              
 
 ==============================================================================
 
HOMO-LUMO Separation
 HOMO         :   -0.04721433 H =     -1.28477 eV
 LUMO         :   -0.00521312 H =     -0.14186 eV
 HOMO-LUMO gap:    0.04200121 H =     +1.14291 eV
 
 ==============================================================================


    ------------------------------------------------------------------------
         total  cpu-time :  11.45 seconds
         total wall-time :  11.91 seconds
    ------------------------------------------------------------------------

   ****  ridft : all done  ****


    2020-07-23 12:54:53.421 

