
   OpenMP run-time library returned nthreads = 20

 escf (hpc3-15-28) : TURBOMOLE rev. V7.5.0 compiled 17 Jun 2020 at 09:15:30
 Copyright (C) 2020 TURBOMOLE GmbH, Karlsruhe


    2020-07-29 16:10:48.563 




                                e s c f

                             TURBOMOLE GmbH


          integral direct evaluation of 

                    * excitation energies and transition moments 
                    * dynamic response properties 
                    * stabilities



          OpenMP Shared-Memory Parallelization: 20 CPUs.

            By: Erik P. Almaraz and Filipp Furche
            Copyright 2009-2011 by UCI and TURBOMOLE GmbH.

            Revised by: Christof Holzer and Yannick J. Franzke



          references (see also programs dscf and ridft) 

          implementation and benchmarks (review) 
          F. Furche and D. Rappoport,  
          "Density functional methods for excited states: 
          equilibrium structure and electronic spectra",
          ch. III of "Computational Photochemistry", ed. by 
          M. Olivucci, vol. 16 of "Theoretical and Computational 
          Chemistry", Elsevier, Amsterdam, 2005.

          Bethe-Salpeter equation
          K. Krause and W. Klopper,
          J. Comput. Chem. 38 (2017) 383.

          2c BSE, GW and hybrid TD-DFT
          C. Holzer and W. Klopper
          J. Chem. Phys. 150, 204116 (2019)

          nonorthonormal Krylov space methods 
          F. Furche, B. T. Krull, B. D. Nguyen, and J. Kwon, 
          J. Chem. Phys. 144 (2016), 174105.

          two-component GW quasi particle energies 
          M. Kuehn and F. Weigend, 
          J. Chem. Theory Comput. 11 (2015), 969.

          two-component TDDFT with spin-orbit coupling 
          M. Kuehn and F. Weigend, 
          J. Chem. Theory Comput. 9 (2013), 5341.
          M. Kuehn and F. Weigend, 
          J. Chem. Phys. 142 (2015), 034116.

          GW quasi particle energies
          M. J. van Setten, F. Weigend, and F. Evers,
          J. Chem. Theory Comput. 9 (2013), 232.

          Fast GW methods: RIGW, contour deformation
          J. Chem. Phys. 150, 204116 (2019)

          current-density dependent meta-GGA Linear Response
          J. E. Bates and F. Furche, 
          J. Chem. Phys. 137 (2012), 164105.

          spin-flip method 
          M. Kuehn and F. Weigend, 
          Chem. Phys. Chem. 12 (2011), 3331.

          RI-J method 
          R. Bauernschmitt, M. Haeser, O. Treutler, and R. Ahlrichs,
          Chem. Phys. Lett. 264 (1997), 573.

          density functional implementation               
          R. Bauernschmitt and R. Ahlrichs,
          Chem. Phys. Lett. 256 (1996), 454.
          R. Bauernschmitt and R. Ahlrichs,
          J. Chem. Phys. 104 (1996), 9047.

          UHF extension (RPA and CIS)
          C. Ochsenfeld, J. Gauss, and R. Ahlrichs, 
          J. Chem. Phys. 103 (1995), 7401.

          integral direct algorithm                 
          H. Weiss, R. Ahlrichs, and M. Haeser, 
          J. Chem. Phys. 99 (1993), 1262.

          Seminumerical and pseudospectral algorithms
          C. Holzer, in preparation (2020)

          Two-component static/dynamic polarizabilities,
          and relativistic damped-response approach,
          polarizabilities and damped response at GW-BSE level
          M. Kehry, Y. J. Franzke, C. Holzer, and W. Klopper,
          Mol. Phys. (2020)
                                     



 UHF mode switched on !


              +--------------------------------------------------+
              | Atomic coordinate, charge and isotop information |
              +--------------------------------------------------+

                    atomic coordinates            atom    charge  isotop
          0.00000000    0.00000000    0.00000000    mo    42.000     0
          0.00000000    0.00000000   -6.38172021    dy    66.000     0
          0.00000000    0.00000000    6.38172021    dy    66.000     0
          2.38781909    2.38781909   -2.50242622    s     16.000     0
         -2.38781909   -2.38781909   -2.50242622    s     16.000     0
          2.38781909   -2.38781909    2.50242622    s     16.000     0
         -2.38781909    2.38781909    2.50242622    s     16.000     0
          4.63803045   -1.58454338   -7.62263773    c      6.000     0
          3.57724811   -3.57724811   -6.19747849    c      6.000     0
          1.58454338   -4.63803045   -7.62263773    c      6.000     0
          1.40417655   -3.29726553   -9.92836817    c      6.000     0
          3.29726553   -1.40417655   -9.92836817    c      6.000     0
         -1.58454338    4.63803045   -7.62263773    c      6.000     0
         -3.57724811    3.57724811   -6.19747849    c      6.000     0
         -4.63803045    1.58454338   -7.62263773    c      6.000     0
         -3.29726553    1.40417655   -9.92836817    c      6.000     0
         -1.40417655    3.29726553   -9.92836817    c      6.000     0
          1.58454338    4.63803045    7.62263773    c      6.000     0
          1.40417655    3.29726553    9.92836817    c      6.000     0
          3.29726553    1.40417655    9.92836817    c      6.000     0
          4.63803045    1.58454338    7.62263773    c      6.000     0
          3.57724811    3.57724811    6.19747849    c      6.000     0
         -4.63803045   -1.58454338    7.62263773    c      6.000     0
         -3.29726553   -1.40417655    9.92836817    c      6.000     0
         -1.40417655   -3.29726553    9.92836817    c      6.000     0
         -1.58454338   -4.63803045    7.62263773    c      6.000     0
         -3.57724811   -3.57724811    6.19747849    c      6.000     0
          0.37864544   -6.17324022   -7.02324217    h      1.000     0
          0.06846253   -3.65902882  -11.43096438    h      1.000     0
          4.12526209   -4.12526209   -4.30900819    h      1.000     0
          3.65902882   -0.06846253  -11.43096438    h      1.000     0
          6.17324022   -0.37864544   -7.02324217    h      1.000     0
         -0.06846253    3.65902882  -11.43096438    h      1.000     0
         -0.37864544    6.17324022   -7.02324217    h      1.000     0
         -4.12526209    4.12526209   -4.30900819    h      1.000     0
         -6.17324022    0.37864544   -7.02324217    h      1.000     0
         -3.65902882    0.06846253  -11.43096438    h      1.000     0
         -0.37864544   -6.17324022    7.02324217    h      1.000     0
         -4.12526209   -4.12526209    4.30900819    h      1.000     0
         -6.17324022   -0.37864544    7.02324217    h      1.000     0
         -3.65902882   -0.06846253   11.43096438    h      1.000     0
         -0.06846253   -3.65902882   11.43096438    h      1.000     0
          0.06846253    3.65902882   11.43096438    h      1.000     0
          0.37864544    6.17324022    7.02324217    h      1.000     0
          4.12526209    4.12526209    4.30900819    h      1.000     0
          3.65902882    0.06846253   11.43096438    h      1.000     0
          6.17324022    0.37864544    7.02324217    h      1.000     0
 
       center of nuclear mass  :    0.00000000    0.00000000   -0.00000000
       center of nuclear charge:    0.00000000   -0.00000000    0.00000000

              +--------------------------------------------------+
              |               basis set information              |
              +--------------------------------------------------+

              we will work with the 1s 3p 5d 7f 9g ... basis set
              ...i.e. with spherical basis functions...

   type   atoms  prim   cont   basis
   ---------------------------------------------------------------------------
    mo       1     60     40   def2-TZVP   [6s4p3d1f|7s7p5d1f]
    dy       2    171     93   def2-TZVP   [10s7p5d4f1g|14s14p10d8f1g]
    s        4     63     37   def2-TZVP   [5s5p2d1f|14s9p3d1f]
    c       20     46     31   def2-TZVP   [5s3p2d1f|11s6p2d1f]
    h       20      8      6   def2-TZVP   [3s1p|5s1p]
   ---------------------------------------------------------------------------
   total:   47   1734   1114
   ---------------------------------------------------------------------------

   total number of primitive shells          :  120
   total number of contracted shells         :  420
   total number of cartesian basis functions : 1286
   total number of SCF-basis functions       : 1114

 number of unique ecp types :                     2

 residuum convergence criterium   :  0.10E-03


 integral neglect threshold       :  0.26E-11
 integral storage threshold THIZE :  0.10E-04
 integral storage threshold THIME :         5

 
             FOUND RI-J FLAG !
 
  
 AUXILIARY BASIS SET information:

              we will work with the 1s 3p 5d 7f 9g ... basis set
              ...i.e. with spherical basis functions...

   type   atoms  prim   cont   basis
   ---------------------------------------------------------------------------
    mo       1     99     89   def2-TZVP   [8s5p5d2f3g|11s5p5d3f3g]
    dy       2    263    200   def2-TZVP   [14s7p6d6f5g2h2i|18s7p6d6f6g3h5i]
    s        4     77     51   def2-TZVP   [8s4p3d1f1g|14s5p5d2f1g]
    c       20     70     49   def2-TZVP   [6s4p3d1f1g|12s5p4d2f1g]
    h       20     16     11   def2-TZVP   [3s1p1d|5s2p1d]
   ---------------------------------------------------------------------------
   total:   47   2653   1893
   ---------------------------------------------------------------------------

   total number of primitive shells          :  137
   total number of contracted shells         :  575
   total number of cartesian basis functions : 2438
   total number of SCF-basis functions       : 1893

 RPA UHF-EXCITATION-CALCULATION (spin-conserved)
 
             FOUND DFT-FLAG !
 

 symmetry group of the molecule :   d2d

 the group has the following generators :
   s4(z)
   c2(x)

    8 symmetry operations found

 there are 5 real representations :   a1   a2   b1   b2   e   

 maximum number of shells which are related by symmetry :  8

 IRREPs of excited states :   a1   a2   b1   b2   e   

    mo occupation :
   irrep   mo's   occupied
    a1     173       27
    a2     109       11
    b1     111       11
    b2     171       27
    e      275       38
 
 number of basis functions   :  1114
 number of occupied orbitals :   152
 
 ALPHA-Occupation:                   152
 BETA-Occupation :                   143
  
           ------------------
           density functional
           ------------------
 TPSS global hybrid functional
 exchange:    9/10 (LDA+TPSS) + 1/10 HF
 correlation: LDA (PW) + TPSS

 spherical integration : Lebedev's spherical grid
 spherical gridsize    :                     4
    i.e. gridpoints    :                   434
 value for diffuse not defined
 radial integration    : Chebyshev 2nd kind (scaling 3)
 radial gridsize       :                     6
 integration cells     :                     9
 partition function    : becke
 partition sharpness   :                     3
  
 
 Derivatives of quadrature weights will be included
 

 The current-density response will NOT be included
 for meta-GGA functionals in TDDFT.

 XXXXXXXXXXXXXXXXXXXXXXXXXXXXXXXXXXXXXXXXXXXXXXXXXXXXXXX
 XXX                                                 XXX
 XXX    ATTENTION: Results obtained using meta-GGA   XXX
 XXX    functionals without the current-density      XXX
 XXX    response in TDDFT are GAUGE-VARIANT.         XXX
 XXX                                                 XXX
 XXXXXXXXXXXXXXXXXXXXXXXXXXXXXXXXXXXXXXXXXXXXXXXXXXXXXXX


  
           ----------------------
               RI - INFORMATION
           ----------------------

 biggest AO integral is expected to be    25.238462089

 Threshold for integral neglect (rithr2):   0.26E-11
 Threshold for integral neglect (rithr1):   0.26E-11

 Contributions to RI integral batches: 
  neglected integral batches:                 80107
  direct contribution:                            0
  memory contribution:                  8303
 Core memory available (ricore)            100000 MiB
 Core memory needed for (P|Q) and Cholesky 4 MiB
 Core memory used for integrals            1604 MiB
  
 ****************************************
 Memory allocated for RIDFT 1608 MiB
 ****************************************
                                            
  MOs are in ASCII format !


 reading orbital data $uhfmo_alpha  from file alpha
 orbital characterization : scfconv=9

 reading orbital data $uhfmo_beta  from file beta
 orbital characterization : scfconv=9
 preparing DFT   numerical integration ....
          Overall gridpoints after grid construction =         62968
 Ordering of quadrature gridpoints disabled.

 Calculating ground state density on molecular grid

 Integral of ground state total density: Na =   295.0014317644412    

 Integral of ground state spin density:  Nb =   9.000011808408754    


 all orbitals will be included in the transformation

 number of non-frozen orbitals          :  1114
 number of non-frozen occupied orbitals :   152
 all orbitals will be included in the transformation

 number of non-frozen orbitals          :  1114
 number of non-frozen occupied orbitals :   143

 dimension of super-tensorspace: 2

          IRREP   tensor space dimension   number of roots

           a1            37126                  25
           a2            34151                  25
           b1            34153                  25
           b2            37125                  25
           e             71261                  10

 maximum number of Davidson iterations set to   35


 machine precision: 2.22D-16


 logfile unrs_a1   will be constructed

 logfile unrs_a2   will be constructed

 logfile unrs_b1   will be constructed

 logfile unrs_b2   will be constructed

 logfile unrs_e    will be constructed


                       Nonorthonormal Krylov Space Iteration


 total number of roots to be determined: 110


 maximum core memory set to       110000 MB,
 corresponding to     2177 vectors in CAO basis


 maximum number of simultaneously treated vectors (including degeneracy):      168


 Iteration IRREP Converged      Max. Euclidean
                 roots          residual norm

    1       a1       0        1.841478370201038D-01
            a2       0        1.677981660898389D-01
            b1       0        1.673053756734835D-01
            b2       0        1.917120087006905D-01
            e        0        1.053231993025852D-01
 
    2       a1       0        3.994998561295788D-02
            a2       0        6.255208424401601D-02
            b1       0        5.768231440714466D-02
            b2       0        3.804453666628425D-02
            e        0        1.784930188401455D-01
 
    3       a1       0        6.612482762720067D-03
            a2       0        6.151648337415768D-03
            b1       0        3.448774809601732D-03
            b2       0        7.524069797686040D-03
            e        0        1.552864628082158D-01
 
    4       a1       0        4.767104364701066D-03
            a2       5        5.269200379843113D-04
            b1      13        3.409305070348831D-04
            b2       0        1.781872054569959D-03
            e        0        1.352311610440501D-01
 
    5       a1      13        1.045437820296791D-03
            a2      25        9.741565874045424D-05
            b1      25        9.949381400286142D-05
            b2      19        1.877431417552716D-04

========================
 internal module stack: 
------------------------
    escf
========================

 Reference state is unstable
 escf ended abnormally
