           SMPCPUS    set: Shared-memory Parallelization with  20 CPUs.

           SMP Parallelization Reference:
           C. van Wullen, J. Comput. Chem. 32 (2011) 1195--1201

 escf (hpc3-14-15) : TURBOMOLE rev. V7.5.0 compiled 13 Jun 2020 at 23:29:25
 Copyright (C) 2020 TURBOMOLE GmbH, Karlsruhe


    2020-09-03 04:08:09.105 




                                e s c f

                             TURBOMOLE GmbH


          integral direct evaluation of 

                    * excitation energies and transition moments 
                    * dynamic response properties 
                    * stabilities



          references (see also programs dscf and ridft) 

          implementation and benchmarks (review) 
          F. Furche and D. Rappoport,  
          "Density functional methods for excited states: 
          equilibrium structure and electronic spectra",
          ch. III of "Computational Photochemistry", ed. by 
          M. Olivucci, vol. 16 of "Theoretical and Computational 
          Chemistry", Elsevier, Amsterdam, 2005.

          Bethe-Salpeter equation
          K. Krause and W. Klopper,
          J. Comput. Chem. 38 (2017) 383.

          2c BSE, GW and hybrid TD-DFT
          C. Holzer and W. Klopper
          J. Chem. Phys. 150, 204116 (2019)

          nonorthonormal Krylov space methods 
          F. Furche, B. T. Krull, B. D. Nguyen, and J. Kwon, 
          J. Chem. Phys. 144 (2016), 174105.

          two-component GW quasi particle energies 
          M. Kuehn and F. Weigend, 
          J. Chem. Theory Comput. 11 (2015), 969.

          two-component TDDFT with spin-orbit coupling 
          M. Kuehn and F. Weigend, 
          J. Chem. Theory Comput. 9 (2013), 5341.
          M. Kuehn and F. Weigend, 
          J. Chem. Phys. 142 (2015), 034116.

          GW quasi particle energies
          M. J. van Setten, F. Weigend, and F. Evers,
          J. Chem. Theory Comput. 9 (2013), 232.

          Fast GW methods: RIGW, contour deformation
          J. Chem. Phys. 150, 204116 (2019)

          current-density dependent meta-GGA Linear Response
          J. E. Bates and F. Furche, 
          J. Chem. Phys. 137 (2012), 164105.

          spin-flip method 
          M. Kuehn and F. Weigend, 
          Chem. Phys. Chem. 12 (2011), 3331.

          RI-J method 
          R. Bauernschmitt, M. Haeser, O. Treutler, and R. Ahlrichs,
          Chem. Phys. Lett. 264 (1997), 573.

          density functional implementation               
          R. Bauernschmitt and R. Ahlrichs,
          Chem. Phys. Lett. 256 (1996), 454.
          R. Bauernschmitt and R. Ahlrichs,
          J. Chem. Phys. 104 (1996), 9047.

          UHF extension (RPA and CIS)
          C. Ochsenfeld, J. Gauss, and R. Ahlrichs, 
          J. Chem. Phys. 103 (1995), 7401.

          integral direct algorithm                 
          H. Weiss, R. Ahlrichs, and M. Haeser, 
          J. Chem. Phys. 99 (1993), 1262.

          Seminumerical and pseudospectral algorithms
          C. Holzer, in preparation (2020)

          Two-component static/dynamic polarizabilities,
          and relativistic damped-response approach,
          polarizabilities and damped response at GW-BSE level
          M. Kehry, Y. J. Franzke, C. Holzer, and W. Klopper,
          Mol. Phys. (2020)
                                     



 UHF mode switched on !


              +--------------------------------------------------+
              | Atomic coordinate, charge and isotop information |
              +--------------------------------------------------+

                    atomic coordinates            atom    charge  isotop
          0.00000000    0.00000000    0.65011151    mo    42.000     0
         -0.47415400    6.41425904    0.17128130    y     39.000     0
          2.01103918    2.85702872    3.03760342    s     16.000     0
         -2.72551463    2.16335169   -1.75790994    s     16.000     0
          2.72551463   -2.16335169   -1.75790994    s     16.000     0
         -2.01103918   -2.85702872    3.03760342    s     16.000     0
          3.95402079    6.20696720   -2.27461077    c      6.000     0
          2.07303635    5.90782426   -4.17571171    c      6.000     0
          0.67567220    8.21630394   -4.34313779    c      6.000     0
          1.73727455    9.96757818   -2.57942991    c      6.000     0
          3.72385190    8.69965796   -1.25488045    c      6.000     0
         -2.23052573    7.70684441    4.69473394    c      6.000     0
         -4.11692286    6.11121212    3.61247797    c      6.000     0
         -5.18887669    7.41207874    1.50598720    c      6.000     0
         -4.00210893    9.83060836    1.31334793    c      6.000     0
         -2.16341042   10.01216393    3.28783285    c      6.000     0
         -1.39703146    8.73013294   -6.22330394    c      6.000     0
          1.21792378   12.75713540   -2.48204587    c      6.000     0
          1.80217884    3.68800417   -5.92468403    c      6.000     0
          5.46076138    9.84650363    0.68416022    c      6.000     0
          6.01935855    4.35655418   -1.66650275    c      6.000     0
         -0.69767887   12.31869810    4.07698355    c      6.000     0
         -4.91689415    3.57506965    4.60008578    c      6.000     0
         -7.36706227    6.53090117   -0.09272176    c      6.000     0
         -4.90211648   11.91538240   -0.39728984    c      6.000     0
          3.04224721    3.91430112   -7.59294048    h      1.000     0
         -0.14984541    3.49262651   -6.60993174    h      1.000     0
         -3.31976406    2.56946046    5.47183516    h      1.000     0
         -6.42015318    3.76219309    6.03912742    h      1.000     0
          2.30168885    1.90099486   -4.98833929    h      1.000     0
         -5.63166887    2.35898395    3.07346503    h      1.000     0
          6.67100668    4.55919107    0.29664999    h      1.000     0
          7.66646166    4.66116788   -2.91786982    h      1.000     0
          5.38740818    2.39060355   -1.90192553    h      1.000     0
         -7.17594947    7.15281786   -2.07066589    h      1.000     0
         -9.18052820    7.29170593    0.61508291    h      1.000     0
         -7.50251352    4.45748943   -0.10160684    h      1.000     0
         -0.75613638    7.19853223    7.06975992    c      6.000     0
         -1.71379247    8.01601299    8.73828162    h      1.000     0
          1.14998197    8.03086988    6.98927579    h      1.000     0
         -0.53185332    5.15893306    7.39769510    h      1.000     0
         -0.63990604    8.96800202   -8.15509015    h      1.000     0
         -2.44359272   10.46377735   -5.75587630    h      1.000     0
          4.65234050   11.57441552    1.50927813    h      1.000     0
         -3.68065040   13.58839904   -0.27978120    h      1.000     0
         -1.35580015   13.00479622    5.93562144    h      1.000     0
          2.63781051   13.79455060   -3.61020675    h      1.000     0
         -2.77035110    7.16471784   -6.30220199    h      1.000     0
          0.47415400   -6.41425904    0.17128130    y     39.000     0
          2.23052573   -7.70684441    4.69473394    c      6.000     0
         -0.67567220   -8.21630394   -4.34313779    c      6.000     0
          5.18887669   -7.41207874    1.50598720    c      6.000     0
         -3.95402079   -6.20696720   -2.27461077    c      6.000     0
          4.11692286   -6.11121212    3.61247797    c      6.000     0
         -2.07303635   -5.90782426   -4.17571171    c      6.000     0
          4.00210893   -9.83060836    1.31334793    c      6.000     0
         -3.72385190   -8.69965796   -1.25488045    c      6.000     0
          2.16341042  -10.01216393    3.28783285    c      6.000     0
         -1.73727455   -9.96757818   -2.57942991    c      6.000     0
          7.36706227   -6.53090117   -0.09272176    c      6.000     0
         -6.01935855   -4.35655418   -1.66650275    c      6.000     0
          0.75613638   -7.19853223    7.06975992    c      6.000     0
          1.39703146   -8.73013294   -6.22330394    c      6.000     0
          4.90211648  -11.91538240   -0.39728984    c      6.000     0
         -5.46076138   -9.84650363    0.68416022    c      6.000     0
          0.69767887  -12.31869810    4.07698355    c      6.000     0
         -1.21792378  -12.75713540   -2.48204587    c      6.000     0
          4.91689415   -3.57506965    4.60008578    c      6.000     0
         -1.80217884   -3.68800417   -5.92468403    c      6.000     0
          6.42015318   -3.76219309    6.03912742    h      1.000     0
         -3.04224721   -3.91430112   -7.59294048    h      1.000     0
          5.63166887   -2.35898395    3.07346503    h      1.000     0
         -2.30168885   -1.90099486   -4.98833929    h      1.000     0
          3.31976406   -2.56946046    5.47183516    h      1.000     0
          0.14984541   -3.49262651   -6.60993174    h      1.000     0
         -1.14998197   -8.03086988    6.98927579    h      1.000     0
          2.44359272  -10.46377735   -5.75587630    h      1.000     0
          7.17594947   -7.15281786   -2.07066589    h      1.000     0
         -6.67100668   -4.55919107    0.29664999    h      1.000     0
          1.71379247   -8.01601299    8.73828162    h      1.000     0
          0.63990604   -8.96800202   -8.15509015    h      1.000     0
          9.18052820   -7.29170593    0.61508291    h      1.000     0
         -7.66646166   -4.66116788   -2.91786982    h      1.000     0
          0.53185332   -5.15893306    7.39769510    h      1.000     0
          2.77035110   -7.16471784   -6.30220199    h      1.000     0
          7.50251352   -4.45748943   -0.10160684    h      1.000     0
         -5.38740818   -2.39060355   -1.90192553    h      1.000     0
          4.98639139  -11.33430756   -2.39502317    h      1.000     0
         -0.64497495   13.22577302   -3.26604907    h      1.000     0
          1.34321463   11.94978601    4.26800802    h      1.000     0
          0.93129708  -13.88161227    2.72939275    h      1.000     0
         -1.30689618  -13.51293248   -0.55097806    h      1.000     0
          3.68065040  -13.58839904   -0.27978120    h      1.000     0
          1.30689618   13.51293248   -0.55097806    h      1.000     0
         -4.65234050  -11.57441552    1.50927813    h      1.000     0
         -0.93129708   13.88161227    2.72939275    h      1.000     0
         -5.85488905   -8.52309853    2.24410125    h      1.000     0
          0.64497495  -13.22577302   -3.26604907    h      1.000     0
         -4.98639139   11.33430756   -2.39502317    h      1.000     0
         -1.34321463  -11.94978601    4.26800802    h      1.000     0
          5.85488905    8.52309853    2.24410125    h      1.000     0
         -7.30419703  -10.36741870   -0.14931090    h      1.000     0
          6.83120500  -12.51352829    0.13290149    h      1.000     0
         -2.63781051  -13.79455060   -3.61020675    h      1.000     0
         -6.83120500   12.51352829    0.13290149    h      1.000     0
          1.35580015  -13.00479622    5.93562144    h      1.000     0
          7.30419703   10.36741870   -0.14931090    h      1.000     0
 
       center of nuclear mass  :   -0.00000000   -0.00000000    0.16840115
       center of nuclear charge:   -0.00000000   -0.00000000    0.14953153

              +--------------------------------------------------+
              |               basis set information              |
              +--------------------------------------------------+

              we will work with the 1s 3p 5d 7f 9g ... basis set
              ...i.e. with spherical basis functions...

   type   atoms  prim   cont   basis
   ---------------------------------------------------------------------------
    mo       1     57     31   def2-SVP   [5s3p2d1f|7s6p5d1f]
    y        2     57     31   def2-SVP   [5s3p2d1f|7s6p5d1f]
    s        4     36     18   def2-SVP   [4s3p1d|10s7p1d]
    c       40     24     14   def2-SVP   [3s2p1d|7s4p1d]
    h       60      7      5   def2-SVP   [2s1p|4s1p]
   ---------------------------------------------------------------------------
   total:  107   1695   1025
   ---------------------------------------------------------------------------

   total number of primitive shells          :   73
   total number of contracted shells         :  485
   total number of cartesian basis functions : 1084
   total number of SCF-basis functions       : 1025

 number of unique ecp types :                     2

 residuum convergence criterium   :  0.10E-04

 COSMO is enabled, use tighter integral                screening thresholds 
                     7

 integral neglect threshold       :  0.31E-13
 integral storage threshold THIZE :  0.10E-04
 integral storage threshold THIME :         5

 
             FOUND RI-J FLAG !
 
  
 AUXILIARY BASIS SET information:

              we will work with the 1s 3p 5d 7f 9g ... basis set
              ...i.e. with spherical basis functions...

   type   atoms  prim   cont   basis
   ---------------------------------------------------------------------------
    mo       1     99     89   universal-ecp-   [8s5p5d2f3g|11s5p5d3f3g]
    y        2     99     89   universal-ecp-2   [8s5p5d2f3g|11s5p5d3f3g]
    s        4     77     51   universal   [8s4p3d1f1g|14s5p5d2f1g]
    c       40     70     49   def2-SVP   [6s4p3d1f1g|12s5p4d2f1g]
    h       60     16     11   def2-SVP   [3s1p1d|5s2p1d]
   ---------------------------------------------------------------------------
   total:  107   4365   3091
   ---------------------------------------------------------------------------

   total number of primitive shells          :  113
   total number of contracted shells         : 1037
   total number of cartesian basis functions : 3766
   total number of SCF-basis functions       : 3091

 RPA UHF-EXCITATION-CALCULATION (spin-conserved)
 
             FOUND DFT-FLAG !
 

 symmetry group of the molecule :   c1 

 the group has the following generators :
   c1(z)

    1 symmetry operations found

 there are 1 real representations :   a   

 maximum number of shells which are related by symmetry :  1

 IRREPs of excited states :   a   

    mo occupation :
   irrep   mo's   occupied
    a     1025      201
 
 number of basis functions   :  1025
 number of occupied orbitals :   201
 
 ALPHA-Occupation:                   201
 BETA-Occupation :                   200
 COSMO: symmetry in response calc. w/out guarantee
 atom                      7  is c  but not s 
COSMO: WARNING: problem reading $cosmo_atoms
 ==============================================================================
                      COSMO switched on
 ==============================================================================
 COSMO stati: segments per atom: H   32 other atoms   92
 COSMO statistics: nps   2603 npspher:    943
 COSMO surface:
   number of segments: 2603
   area (bohr**2):     2082.863544
   volume (bohr**3):   6562.996279
 COSMO: check number of disjunct cavities:

       ... OK contiguous cavity found
 Using refractive index n                   =    1.30000000000000     
 Screening function (n**2-1)/(n**2+0.5)     =   0.315068493150685     
  
           ------------------
           density functional
           ------------------
 TPSS global hybrid functional
 exchange:    9/10 (LDA+TPSS) + 1/10 HF
 correlation: LDA (PW) + TPSS

 spherical integration : Lebedev's spherical grid
 spherical gridsize    :                     4
    i.e. gridpoints    :                   434
 value for diffuse not defined
 radial integration    : Chebyshev 2nd kind (scaling 3)
 radial gridsize       :                     6
 integration cells     :                   107
 partition function    : becke
 partition sharpness   :                     3
  

 The current-density response will be included
 for meta-GGA functionals in TDDFT.

  
           ----------------------
               RI - INFORMATION
           ----------------------

 biggest AO integral is expected to be     9.765798878

 Threshold for integral neglect (rithr2):   0.31E-13
 Threshold for integral neglect (rithr1):   0.31E-13

 Contributions to RI integral batches: 
  neglected integral batches:                 47476
  direct contribution:                            0
  memory contribution:                 70379
 Core memory available (ricore)            50000 MiB
 Core memory needed for (P|Q) and Cholesky 73 MiB
 Core memory used for integrals            9683 MiB
  
 ****************************************
 Memory allocated for RIDFT 9756 MiB
 ****************************************
                                            
  MOs are in ASCII format !


 reading orbital data $uhfmo_alpha  from file alpha
 orbital characterization : scfconv=7

 reading orbital data $uhfmo_beta  from file beta
 orbital characterization : scfconv=7
 preparing DFT   numerical integration ....
          Overall gridpoints after grid construction =        975285

 Calculating ground state density on molecular grid

 Integral of ground state total density: Na =   401.0006784245183    

 Integral of ground state spin density:  Nb =   1.000004228256735    


 all orbitals will be included in the transformation

 number of non-frozen orbitals          :  1025
 number of non-frozen occupied orbitals :   201
 all orbitals will be included in the transformation

 number of non-frozen orbitals          :  1025
 number of non-frozen occupied orbitals :   200

 dimension of super-tensorspace: 2

          IRREP   tensor space dimension   number of roots

           a            330624                 200

 maximum number of Davidson iterations set to   35


 machine precision: 2.22D-16


 logfile unrs_a    exists already

 found    100 converged vectors on unrs_a   
 read     100 vectors from logfile unrs_a   



                       Nonorthonormal Krylov Space Iteration


 total number of roots to be determined: 200


 maximum core memory set to        60000 MB,
 corresponding to     1670 vectors in CAO basis


 maximum number of simultaneously treated vectors (including degeneracy):      208


 Iteration IRREP Converged      Max. Euclidean
                 roots          residual norm

