
 vibrations (login-i17) : TURBOMOLE rev. V7.5.0 compiled 13 Jun 2020 at 23:29:25
 Copyright (C) 2020 TURBOMOLE GmbH, Karlsruhe


    2020-08-10 23:44:54.486 



     this is  V I B R A T I O N S 

     program for calculating cartesian coordinates
     shifted along a certain normal mode



 reading data block $coord from file <coord>

 symmetry group of the molecule :   d2d

 the group has the following generators :
   s4(z)
   c2(x)

    8 symmetry operations found

   ATOM                    CARTESIAN COORDINATES                       MASS

    1 mo        0.000000000000     0.000000000000     0.000000000000   95.94
    2 y         0.000000000000     0.000000000000    -6.310295035106   88.91
    3 y         0.000000000000     0.000000000000     6.310295035106   88.91
    4 s         2.417744470552     2.417744470552    -2.472936433461   32.06
    5 s        -2.417744470552    -2.417744470552    -2.472936433461   32.06
    6 s         2.417744470552    -2.417744470552     2.472936433461   32.06
    7 s        -2.417744470552     2.417744470552     2.472936433461   32.06
    8 c         4.604976688678    -1.538321640368    -7.554136430047   12.01
    9 c         3.546116185255    -3.546116185255    -6.127138795574   12.01
   10 c         1.538321640368    -4.604976688678    -7.554136430047   12.01
   11 c         1.347060595531    -3.247825535980    -9.862841793006   12.01
   12 c         3.247825535980    -1.347060595531    -9.862841793006   12.01
   13 c        -1.538321640368     4.604976688678    -7.554136430047   12.01
   14 c        -3.546116185255     3.546116185255    -6.127138795574   12.01
   15 c        -4.604976688678     1.538321640368    -7.554136430047   12.01
   16 c        -3.247825535980     1.347060595531    -9.862841793006   12.01
   17 c        -1.347060595531     3.247825535980    -9.862841793006   12.01
   18 c         1.538321640368     4.604976688678     7.554136430047   12.01
   19 c         1.347060595531     3.247825535980     9.862841793006   12.01
   20 c         3.247825535980     1.347060595531     9.862841793006   12.01
   21 c         4.604976688678     1.538321640368     7.554136430047   12.01
   22 c         3.546116185255     3.546116185255     6.127138795574   12.01
   23 c        -4.604976688678    -1.538321640368     7.554136430047   12.01
   24 c        -3.247825535980    -1.347060595531     9.862841793006   12.01
   25 c        -1.347060595531    -3.247825535980     9.862841793006   12.01
   26 c        -1.538321640368    -4.604976688678     7.554136430047   12.01
   27 c        -3.546116185255    -3.546116185255     6.127138795574   12.01
   28 h         0.335429237950    -6.166253509116    -6.956882009013    1.01
   29 h         0.004295794983    -3.616595608673   -11.380850938672    1.01
   30 h         4.115763024553    -4.115763024553    -4.232369622140    1.01
   31 h         3.616595608673    -0.004295794983   -11.380850938672    1.01
   32 h         6.166253509116    -0.335429237950    -6.956882009013    1.01
   33 h        -0.004295794983     3.616595608673   -11.380850938672    1.01
   34 h        -0.335429237950     6.166253509116    -6.956882009013    1.01
   35 h        -4.115763024553     4.115763024553    -4.232369622140    1.01
   36 h        -6.166253509116     0.335429237950    -6.956882009013    1.01
   37 h        -3.616595608673     0.004295794983   -11.380850938672    1.01
   38 h        -0.335429237950    -6.166253509116     6.956882009013    1.01
   39 h        -4.115763024553    -4.115763024553     4.232369622140    1.01
   40 h        -6.166253509116    -0.335429237950     6.956882009013    1.01
   41 h        -3.616595608673    -0.004295794983    11.380850938672    1.01
   42 h        -0.004295794983    -3.616595608673    11.380850938672    1.01
   43 h         0.004295794983     3.616595608673    11.380850938672    1.01
   44 h         0.335429237950     6.166253509116     6.956882009013    1.01
   45 h         4.115763024553     4.115763024553     4.232369622140    1.01
   46 h         3.616595608673     0.004295794983    11.380850938672    1.01
   47 h         6.166253509116     0.335429237950     6.956882009013    1.01

   ATOM                    CARTESIAN GRADIENTS   
    1 mo        0.000000000000     0.000000000000     0.000000000000
    2 y         0.000000000000     0.000000000000    -0.000014770406
    3 y         0.000000000000     0.000000000000     0.000014770406
    4 s        -0.000007909845    -0.000007909845    -0.000040189818
    5 s         0.000007909845     0.000007909845    -0.000040189818
    6 s        -0.000007909845     0.000007909845     0.000040189818
    7 s         0.000007909845    -0.000007909845     0.000040189818
    8 c         0.000000940799     0.000008247572    -0.000009677738
    9 c         0.000003925167    -0.000003925167     0.000020199213
   10 c        -0.000008247572    -0.000000940799    -0.000009677738
   11 c        -0.000006498977     0.000007318764     0.000021663240
   12 c        -0.000007318764     0.000006498977     0.000021663240
   13 c         0.000008247572     0.000000940799    -0.000009677738
   14 c        -0.000003925167     0.000003925167     0.000020199213
   15 c        -0.000000940799    -0.000008247572    -0.000009677738
   16 c         0.000007318764    -0.000006498977     0.000021663240
   17 c         0.000006498977    -0.000007318764     0.000021663240
   18 c        -0.000008247572     0.000000940799     0.000009677738
   19 c        -0.000006498977    -0.000007318764    -0.000021663240
   20 c        -0.000007318764    -0.000006498977    -0.000021663240
   21 c         0.000000940799    -0.000008247572     0.000009677738
   22 c         0.000003925167     0.000003925167    -0.000020199213
   23 c        -0.000000940799     0.000008247572     0.000009677738
   24 c         0.000007318764     0.000006498977    -0.000021663240
   25 c         0.000006498977     0.000007318764    -0.000021663240
   26 c         0.000008247572    -0.000000940799     0.000009677738
   27 c        -0.000003925167    -0.000003925167    -0.000020199213
   28 h         0.000000880367    -0.000000448639    -0.000001780840
   29 h         0.000002716613    -0.000002256111    -0.000000343493
   30 h         0.000000755842    -0.000000755842    -0.000001953506
   31 h         0.000002256111    -0.000002716613    -0.000000343493
   32 h         0.000000448639    -0.000000880367    -0.000001780840
   33 h        -0.000002716613     0.000002256111    -0.000000343493
   34 h        -0.000000880367     0.000000448639    -0.000001780840
   35 h        -0.000000755842     0.000000755842    -0.000001953506
   36 h        -0.000000448639     0.000000880367    -0.000001780840
   37 h        -0.000002256111     0.000002716613    -0.000000343493
   38 h        -0.000000880367    -0.000000448639     0.000001780840
   39 h        -0.000000755842    -0.000000755842     0.000001953506
   40 h        -0.000000448639    -0.000000880367     0.000001780840
   41 h        -0.000002256111    -0.000002716613     0.000000343493
   42 h        -0.000002716613    -0.000002256111     0.000000343493
   43 h         0.000002716613     0.000002256111     0.000000343493
   44 h         0.000000880367     0.000000448639     0.000001780840
   45 h         0.000000755842     0.000000755842     0.000001953506
   46 h         0.000002256111     0.000002716613     0.000000343493
   47 h         0.000000448639     0.000000880367     0.000001780840
 

   ***  vibrational spectroscopic data read from $vibrational spectrum
        file=<vibspectrum>  ***

    VIBRATIONAL SPECTRUM :

   mode     symmetry     wave number     intensity     selection rules
                          cm**(-1)         km/mol   
     1                        0.00       0.0000000        -       - 
     2                        0.00       0.0000000        -       - 
     3                        0.00       0.0000000        -       - 
     4                        0.00       0.0000000        -       - 
     5                        0.00       0.0000000        -       - 
     6                        0.00       0.0000000        -       - 
     7        a2             21.47       0.0000000       NO      NO 
     8        b1             22.16       0.0000000       NO      YES
     9        e              27.00       0.5767200       YES     YES
    10        e              27.00       0.5767200       YES     YES
    11        e              33.63       0.0445100       YES     YES
    12        e              33.63       0.0445100       YES     YES
    13        b1             43.16       0.0000000       NO      YES
    14        a1             61.25       0.0000000       NO      YES
    15        e              72.38       0.0187700       YES     YES
    16        e              72.38       0.0187700       YES     YES
    17        a2             80.47       0.0000000       NO      NO 
    18        e              93.98       1.6247700       YES     YES
    19        e              93.98       1.6247700       YES     YES
    20        b2             99.07       0.2353500       YES     YES
    21        a1            125.38       0.0000000       NO      YES
    22        e             141.50       0.3092800       YES     YES
    23        e             141.50       0.3092800       YES     YES
    24        b1            141.61       0.0000000       NO      YES
    25        b2            157.49      37.8775000       YES     YES
    26        e             216.41       0.9825200       YES     YES
    27        e             216.41       0.9825200       YES     YES
    28        b2            229.66      88.9490000       YES     YES
    29        a1            232.50       0.0000000       NO      YES
    30        e             234.82       0.5722700       YES     YES
    31        e             234.82       0.5722600       YES     YES
    32        b2            247.48      35.2962600       YES     YES
    33        b1            251.39       0.0000000       NO      YES
    34        b1            252.24       0.0000000       NO      YES
    35        a2            252.25       0.0000000       NO      NO 
    36        e             279.76       0.0082200       YES     YES
    37        e             279.76       0.0082200       YES     YES
    38        b2            288.26     183.9477600       YES     YES
    39        a1            300.30       0.0000000       NO      YES
    40        e             310.51      35.3143800       YES     YES
    41        e             310.51      35.3143900       YES     YES
    42        a1            426.30       0.0000000       NO      YES
    43        b2            452.45     249.8452600       YES     YES
    44        e             460.30      45.8675900       YES     YES
    45        e             460.30      45.8675900       YES     YES
    46        b1            623.68       0.0000000       NO      YES
    47        a2            623.70       0.0000000       NO      NO 
    48        e             626.60       0.5158800       YES     YES
    49        e             626.60       0.5158800       YES     YES
    50        e             627.13       0.1011400       YES     YES
    51        e             627.13       0.1011400       YES     YES
    52        b2            628.43       0.2681400       YES     YES
    53        a1            628.46       0.0000000       NO      YES
    54        e             774.27      81.2234000       YES     YES
    55        e             774.27      81.2236100       YES     YES
    56        b1            778.63       0.0000000       NO      YES
    57        b2            778.73       0.0000000       YES     YES
    58        e             783.36       2.5160200       YES     YES
    59        e             783.36       2.5184200       YES     YES
    60        b2            786.39     240.7084200       YES     YES
    61        e             787.49     226.4197600       YES     YES
    62        e             787.49     226.4219700       YES     YES
    63        a1            787.52       0.0000000       NO      YES
    64        b2            789.53      75.4379300       YES     YES
    65        b1            793.22       0.0000000       NO      YES
    66        e             836.93       0.4251000       YES     YES
    67        e             836.93       0.4251000       YES     YES
    68        b2            837.46       1.0764300       YES     YES
    69        a1            837.46       0.0000000       NO      YES
    70        b1            841.10       0.0000000       NO      YES
    71        a2            841.10       0.0000000       NO      NO 
    72        e             842.84       0.0848500       YES     YES
    73        e             842.84       0.0848500       YES     YES
    74        a2            883.51       0.0000000       NO      NO 
    75        b1            883.52       0.0000000       NO      YES
    76        e             890.74       0.2992600       YES     YES
    77        e             890.74       0.2993000       YES     YES
    78        e             901.87       2.0952700       YES     YES
    79        e             901.87       2.0953000       YES     YES
    80        b2            903.76       0.0085600       YES     YES
    81        a1            903.92       0.0000000       NO      YES
    82        e            1027.46       4.7282700       YES     YES
    83        e            1027.46       4.7283900       YES     YES
    84        a2           1028.31       0.0000000       NO      NO 
    85        b1           1028.32       0.0000000       NO      YES
    86        b2           1030.08      57.2776700       YES     YES
    87        a1           1030.25       0.0000000       NO      YES
    88        e            1030.69      24.4779300       YES     YES
    89        e            1030.69      24.4780100       YES     YES
    90        e            1068.51       0.0010600       YES     YES
    91        e            1068.51       0.0010600       YES     YES
    92        b2           1073.77       0.0008100       YES     YES
    93        b1           1073.85       0.0000000       NO      YES
    94        b2           1075.11       0.0000000       YES     YES
    95        b1           1075.59       0.0000000       NO      YES
    96        e            1077.47       0.0094400       YES     YES
    97        e            1077.47       0.0094300       YES     YES
    98        e            1147.95       0.1226300       YES     YES
    99        e            1147.95       0.1226300       YES     YES
   100        b2           1148.76       0.0728000       YES     YES
   101        a1           1148.78       0.0000000       NO      YES
   102        b1           1280.77       0.0000000       NO      YES
   103        a2           1280.79       0.0000000       NO      NO 
   104        e            1281.73       0.0019400       YES     YES
   105        e            1281.73       0.0019400       YES     YES
   106        b1           1410.84       0.0000000       NO      YES
   107        a2           1410.87       0.0000000       NO      NO 
   108        e            1415.51       0.0039300       YES     YES
   109        e            1415.51       0.0039300       YES     YES
   110        e            1415.81       1.0711200       YES     YES
   111        e            1415.81       1.0711200       YES     YES
   112        b2           1418.27       1.6704600       YES     YES
   113        a1           1418.45       0.0000000       NO      YES
   114        e            1477.16       0.0032400       YES     YES
   115        e            1477.16       0.0032400       YES     YES
   116        b1           1477.86       0.0000000       NO      YES
   117        b2           1477.87       0.0000000       YES     YES
   118        e            1478.29       0.3739400       YES     YES
   119        e            1478.29       0.3739400       YES     YES
   120        b2           1479.26       0.0049000       YES     YES
   121        b1           1479.26       0.0000000       NO      YES
   122        b1           3205.17       0.0000000       NO      YES
   123        a2           3205.18       0.0000000       NO      NO 
   124        e            3208.78       2.5941600       YES     YES
   125        e            3208.78       2.5941400       YES     YES
   126        e            3214.23       1.4395400       YES     YES
   127        e            3214.23       1.4396000       YES     YES
   128        b2           3215.34      22.3490900       YES     YES
   129        a1           3215.38       0.0000000       NO      YES
   130        e            3228.22       0.5161800       YES     YES
   131        e            3228.22       0.5162200       YES     YES
   132        b1           3229.53       0.0000000       NO      YES
   133        a2           3229.55       0.0000000       NO      NO 
   134        e            3230.10      10.1562800       YES     YES
   135        e            3230.10      10.1562500       YES     YES
   136        b2           3230.49      38.4926900       YES     YES
   137        a1           3230.52       0.0000000       NO      YES
   138        e            3243.06       0.7043000       YES     YES
   139        e            3243.06       0.7042700       YES     YES
   140        b2           3243.57       0.7227100       YES     YES
   141        a1           3243.60       0.0000000       NO      YES

 ALONG WHICH MODE COORDINATES SHOULD BE SHIFTED?        
 W A R N I N G  :
 THE SELECTED NORMAL MODE   7 a2   IS  N O T  TOTALLY SYMMETRIC UNDER 
 ALL TRANSFORMATIONS OF THE INPUT SYMMETRY GROUP d2d  !
 SHIFTING COORDINATES ALONG THIS MODE WILL DESTROY SYMMETRY

 INPUT STEP LENGTH FOR SHIFTING in KELVIN (default= 298.15) : 
 SELECTED NORMAL MODE :   7  a2         21.47 cm**(-1)

    1mo  x         0.00000000      0.00000000
         y         0.00000000      0.00000000
         z        -0.00000001     -0.00000001
    2y   x         0.00000000      0.00000000
         y         0.00000000      0.00000000
         z        -0.00000001     -0.00000001
    3y   x         0.00000000      0.00000000
         y         0.00000000      0.00000000
         z        -0.00000001     -0.00000001
    4s   x         0.01639165      0.01672155
         y        -0.01639165     -0.01672155
         z        -0.00000001     -0.00000001
    5s   x        -0.01639165     -0.01672155
         y         0.01639165      0.01672155
         z        -0.00000001     -0.00000001
    6s   x        -0.01639165     -0.01672155
         y        -0.01639165     -0.01672155
         z        -0.00000001     -0.00000001
    7s   x         0.01639165      0.01672155
         y         0.01639165      0.01672155
         z        -0.00000001     -0.00000001
    8c   x        -0.01471836     -0.01501458
         y         0.03539734      0.03610975
         z        -0.09215013     -0.09400475
    9c   x         0.05987736      0.06108246
         y         0.05987737      0.06108247
         z         0.00000003      0.00000003
   10c   x         0.03539735      0.03610976
         y        -0.01471837     -0.01501459
         z         0.09215018      0.09400480
   11c   x        -0.05711980     -0.05826940
         y        -0.08528398     -0.08700042
         z         0.05782204      0.05898577
   12c   x        -0.08528393     -0.08700036
         y        -0.05711985     -0.05826945
         z        -0.05782202     -0.05898575
   13c   x        -0.03539735     -0.03610976
         y         0.01471837      0.01501459
         z         0.09215018      0.09400480
   14c   x        -0.05987736     -0.06108246
         y        -0.05987737     -0.06108247
         z         0.00000003      0.00000003
   15c   x         0.01471836      0.01501458
         y        -0.03539734     -0.03610975
         z        -0.09215013     -0.09400475
   16c   x         0.08528393      0.08700036
         y         0.05711985      0.05826945
         z        -0.05782202     -0.05898575
   17c   x         0.05711980      0.05826940
         y         0.08528398      0.08700042
         z         0.05782204      0.05898577
   18c   x        -0.03539735     -0.03610976
         y        -0.01471837     -0.01501459
         z         0.09215018      0.09400480
   19c   x         0.05711980      0.05826940
         y        -0.08528398     -0.08700042
         z         0.05782204      0.05898577
   20c   x         0.08528393      0.08700036
         y        -0.05711985     -0.05826945
         z        -0.05782202     -0.05898575
   21c   x         0.01471836      0.01501458
         y         0.03539734      0.03610975
         z        -0.09215013     -0.09400475
   22c   x        -0.05987736     -0.06108246
         y         0.05987737      0.06108247
         z         0.00000003      0.00000003
   23c   x        -0.01471836     -0.01501458
         y        -0.03539734     -0.03610975
         z        -0.09215013     -0.09400475
   24c   x        -0.08528393     -0.08700036
         y         0.05711985      0.05826945
         z        -0.05782202     -0.05898575
   25c   x        -0.05711980     -0.05826940
         y         0.08528398      0.08700042
         z         0.05782204      0.05898577
   26c   x         0.03539735      0.03610976
         y         0.01471837      0.01501459
         z         0.09215018      0.09400480
   27c   x         0.05987736      0.06108246
         y        -0.05987737     -0.06108247
         z         0.00000003      0.00000003
   28h   x         0.07720098      0.07875474
         y        -0.01467648     -0.01497186
         z         0.17570731      0.17924361
   29h   x        -0.09621197     -0.09814834
         y        -0.15334044     -0.15642659
         z         0.10879144      0.11098099
   30h   x         0.12510511      0.12762299
         y         0.12510517      0.12762305
         z         0.00000005      0.00000005
   31h   x        -0.15334038     -0.15642653
         y        -0.09621208     -0.09814846
         z        -0.10879146     -0.11098101
   32h   x        -0.01467653     -0.01497191
         y         0.07720103      0.07875479
         z        -0.17570722     -0.17924353
   33h   x         0.09621197      0.09814834
         y         0.15334044      0.15642659
         z         0.10879144      0.11098099
   34h   x        -0.07720098     -0.07875474
         y         0.01467648      0.01497186
         z         0.17570731      0.17924361
   35h   x        -0.12510511     -0.12762299
         y        -0.12510517     -0.12762305
         z         0.00000005      0.00000005
   36h   x         0.01467653      0.01497191
         y        -0.07720103     -0.07875479
         z        -0.17570722     -0.17924353
   37h   x         0.15334038      0.15642653
         y         0.09621208      0.09814846
         z        -0.10879146     -0.11098101
   38h   x         0.07720098      0.07875474
         y         0.01467648      0.01497186
         z         0.17570731      0.17924361
   39h   x         0.12510511      0.12762299
         y        -0.12510517     -0.12762305
         z         0.00000005      0.00000005
   40h   x        -0.01467653     -0.01497191
         y        -0.07720103     -0.07875479
         z        -0.17570722     -0.17924353
   41h   x        -0.15334038     -0.15642653
         y         0.09621208      0.09814846
         z        -0.10879146     -0.11098101
   42h   x        -0.09621197     -0.09814834
         y         0.15334044      0.15642659
         z         0.10879144      0.11098099
   43h   x         0.09621197      0.09814834
         y        -0.15334044     -0.15642659
         z         0.10879144      0.11098099
   44h   x        -0.07720098     -0.07875474
         y        -0.01467648     -0.01497186
         z         0.17570731      0.17924361
   45h   x        -0.12510511     -0.12762299
         y         0.12510517      0.12762305
         z         0.00000005      0.00000005
   46h   x         0.15334038      0.15642653
         y        -0.09621208     -0.09814846
         z        -0.10879146     -0.11098101
   47h   x         0.01467653      0.01497191
         y         0.07720103      0.07875479
         z        -0.17570722     -0.17924353

   ATOM         CARTESIAN COORDINATES SHIFTED ALONG MODE   7

    1 mo        0.000000000000     0.000000000000    -0.000000012242
    2 y         0.000000000000     0.000000000000    -6.310295050102
    3 y         0.000000000000     0.000000000000     6.310295020110
    4 s         2.434466021560     2.401022919135    -2.472936445498
    5 s        -2.434466021560    -2.401022919135    -2.472936445498
    6 s         2.401022919543    -2.434466021968     2.472936421423
    7 s        -2.401022919543     2.434466021968     2.472936421423
    8 c         4.589962109013    -1.502211890084    -7.648141184122
    9 c         3.607198641796    -3.485033715860    -6.127138763134
   10 c         1.574431403811    -4.619991283238    -7.460131628231
   11 c         1.288791199126    -3.334825952345    -9.803856019044
   12 c         3.160825171744    -1.405330048146    -9.921827543811
   13 c        -1.574431403811     4.619991283238    -7.460131628231
   14 c        -3.607198641796     3.485033715860    -6.127138763134
   15 c        -4.589962109013     1.502211890084    -7.648141184122
   16 c        -3.160825171744     1.405330048146    -9.921827543811
   17 c        -1.288791199126     3.334825952345    -9.803856019044
   18 c         1.502211876924     4.589962094119     7.648141231864
   19 c         1.405329991937     3.160825119615     9.921827566968
   20 c         3.334825900217     1.288791142917     9.803856042201
   21 c         4.619991268344     1.574431390652     7.460131675973
   22 c         3.485033728713     3.607198654650     6.127138828014
   23 c        -4.619991268344    -1.574431390652     7.460131675973
   24 c        -3.334825900217    -1.288791142917     9.803856042201
   25 c        -1.405329991937    -3.160825119615     9.921827566968
   26 c        -1.502211876924    -4.589962094119     7.648141231864
   27 c        -3.485033728713    -3.607198654650     6.127138828014
   28 h         0.414183978979    -6.181225370591    -6.777638395642
   29 h        -0.093852544747    -3.773022195219   -11.269869946349
   30 h         4.243386017530    -3.988139973225    -4.232369575928
   31 h         3.460169081805    -0.102444250804   -11.491831953539
   32 h         6.151281594899    -0.256674446935    -7.136125539959
   33 h         0.093852544747     3.773022195219   -11.269869946349
   34 h        -0.414183978979     6.181225370591    -6.777638395642
   35 h        -4.243386017530     3.988139973225    -4.232369575928
   36 h        -6.151281594899     0.256674446935    -7.136125539959
   37 h        -3.460169081805     0.102444250804   -11.491831953539
   38 h        -0.256674496921    -6.151281647640     7.136125622385
   39 h        -3.988140031576    -4.243386075881     4.232369668352
   40 h        -6.181225423332    -0.414184028966     6.777638478068
   41 h        -3.773022135542     0.093852660838    11.269869923804
   42 h        -0.102444134714    -3.460169022128    11.491831930995
   43 h         0.102444134714     3.460169022128    11.491831930995
   44 h         0.256674496921     6.151281647640     7.136125622385
   45 h         3.988140031576     4.243386075881     4.232369668352
   46 h         3.773022135542    -0.093852660838    11.269869923804
   47 h         6.181225423332     0.414184028966     6.777638478068
 

   ATOM         SHIFTED CARTESIAN COORDINATES IN PRINCIPAL AXIS SYSTEM

    1 mo        0.000000000000    -0.000000000000    -0.000000012253
    2 y         0.000000000000    -0.000000000000    -6.310295050114
    3 y         0.000000000000    -0.000000000000     6.310295020098
    4 s         3.419016330543     0.043164798376    -2.472936445510
    5 s        -3.419016330543    -0.043164798376    -2.472936445510
    6 s         0.043164798387    -3.419016331120     2.472936421411
    7 s        -0.043164798387     3.419016331120     2.472936421411
    8 c         2.267123052886    -4.264334155288    -7.648141184134
    9 c         0.184354924678    -5.012320351275    -6.127138763146
   10 c        -2.067541478839    -4.421360190686    -7.460131628243
   11 c        -1.382607989268    -3.297035340331    -9.803856019056
   12 c         1.304172487738    -3.203888642381    -9.921827543823
   13 c         2.067541478839     4.421360190686    -7.460131628243
   14 c        -0.184354924678     5.012320351275    -6.127138763146
   15 c        -2.267123052886     4.264334155288    -7.648141184134
   16 c        -1.304172487738     3.203888642381    -9.921827543823
   17 c         1.382607989268     3.297035340331    -9.803856019056
   18 c         4.264334135479     2.267123051273     7.648141231852
   19 c         3.203888565733     1.304172489126     9.921827566956
   20 c         3.297035263796    -1.382607993649     9.803856042189
   21 c         4.421360170829    -2.067541478000     7.460131675961
   22 c         5.012320369449     0.184354925033     6.127138828003
   23 c        -4.421360170829     2.067541478000     7.460131675961
   24 c        -3.297035263796     1.382607993649     9.803856042189
   25 c        -3.203888565733    -1.304172489126     9.921827566956
   26 c        -4.264334135479    -2.267123051273     7.648141231852
   27 c        -5.012320369449    -0.184354925033     6.127138828003
   28 h        -3.986012020173    -4.742447008193    -6.777638395654
   29 h        -2.682939179206    -2.654494706428   -11.269869946361
   30 h         0.294180240741    -5.815930134188    -4.232369575940
   31 h         2.423038547552    -2.472276096288   -11.491831953551
   32 h         4.255854632137    -4.448803027959    -7.136125539970
   33 h         2.682939179206     2.654494706428   -11.269869946361
   34 h         3.986012020173     4.742447008193    -6.777638395654
   35 h        -0.294180240741     5.815930134188    -4.232369575940
   36 h        -4.255854632137     4.448803027959    -7.136125539970
   37 h        -2.423038547552     2.472276096288   -11.491831953551
   38 h        -4.448803100546    -4.255854635504     7.136125622373
   39 h        -5.815930216693    -0.294180242353     4.232369668340
   40 h        -4.742447080856     3.986012020701     6.777638478056
   41 h        -2.654494582945     2.682939221517    11.269869923793
   42 h        -2.472275971246    -2.423038585006    11.491831930983
   43 h         2.472275971246     2.423038585006    11.491831930983
   44 h         4.448803100546     4.255854635504     7.136125622373
   45 h         5.815930216693     0.294180242353     4.232369668340
   46 h         2.654494582945    -2.682939221517    11.269869923793
   47 h         4.742447080856    -3.986012020701     6.777638478056
 

   ***  distorted cartesian coordinates written onto $newcoord !  ***



    ------------------------------------------------------------------------
         total  cpu-time :   0.08 seconds
         total wall-time :   0.23 seconds
    ------------------------------------------------------------------------

   ****  vibrations : all done  ****


    2020-08-10 23:44:54.629 

