
   OpenMP run-time library returned nthreads = 20

 escf (hpc3-14-12) : TURBOMOLE rev. V7.5.0 compiled 17 Jun 2020 at 09:15:30
 Copyright (C) 2020 TURBOMOLE GmbH, Karlsruhe


    2020-08-16 01:01:37.496 




                                e s c f

                             TURBOMOLE GmbH


          integral direct evaluation of 

                    * excitation energies and transition moments 
                    * dynamic response properties 
                    * stabilities



          OpenMP Shared-Memory Parallelization: 20 CPUs.

            By: Erik P. Almaraz and Filipp Furche
            Copyright 2009-2011 by UCI and TURBOMOLE GmbH.

            Revised by: Christof Holzer and Yannick J. Franzke



          references (see also programs dscf and ridft) 

          implementation and benchmarks (review) 
          F. Furche and D. Rappoport,  
          "Density functional methods for excited states: 
          equilibrium structure and electronic spectra",
          ch. III of "Computational Photochemistry", ed. by 
          M. Olivucci, vol. 16 of "Theoretical and Computational 
          Chemistry", Elsevier, Amsterdam, 2005.

          Bethe-Salpeter equation
          K. Krause and W. Klopper,
          J. Comput. Chem. 38 (2017) 383.

          2c BSE, GW and hybrid TD-DFT
          C. Holzer and W. Klopper
          J. Chem. Phys. 150, 204116 (2019)

          nonorthonormal Krylov space methods 
          F. Furche, B. T. Krull, B. D. Nguyen, and J. Kwon, 
          J. Chem. Phys. 144 (2016), 174105.

          two-component GW quasi particle energies 
          M. Kuehn and F. Weigend, 
          J. Chem. Theory Comput. 11 (2015), 969.

          two-component TDDFT with spin-orbit coupling 
          M. Kuehn and F. Weigend, 
          J. Chem. Theory Comput. 9 (2013), 5341.
          M. Kuehn and F. Weigend, 
          J. Chem. Phys. 142 (2015), 034116.

          GW quasi particle energies
          M. J. van Setten, F. Weigend, and F. Evers,
          J. Chem. Theory Comput. 9 (2013), 232.

          Fast GW methods: RIGW, contour deformation
          J. Chem. Phys. 150, 204116 (2019)

          current-density dependent meta-GGA Linear Response
          J. E. Bates and F. Furche, 
          J. Chem. Phys. 137 (2012), 164105.

          spin-flip method 
          M. Kuehn and F. Weigend, 
          Chem. Phys. Chem. 12 (2011), 3331.

          RI-J method 
          R. Bauernschmitt, M. Haeser, O. Treutler, and R. Ahlrichs,
          Chem. Phys. Lett. 264 (1997), 573.

          density functional implementation               
          R. Bauernschmitt and R. Ahlrichs,
          Chem. Phys. Lett. 256 (1996), 454.
          R. Bauernschmitt and R. Ahlrichs,
          J. Chem. Phys. 104 (1996), 9047.

          UHF extension (RPA and CIS)
          C. Ochsenfeld, J. Gauss, and R. Ahlrichs, 
          J. Chem. Phys. 103 (1995), 7401.

          integral direct algorithm                 
          H. Weiss, R. Ahlrichs, and M. Haeser, 
          J. Chem. Phys. 99 (1993), 1262.

          Seminumerical and pseudospectral algorithms
          C. Holzer, in preparation (2020)

          Two-component static/dynamic polarizabilities,
          and relativistic damped-response approach,
          polarizabilities and damped response at GW-BSE level
          M. Kehry, Y. J. Franzke, C. Holzer, and W. Klopper,
          Mol. Phys. (2020)
                                     



 UHF mode switched on !


              +--------------------------------------------------+
              | Atomic coordinate, charge and isotop information |
              +--------------------------------------------------+

                    atomic coordinates            atom    charge  isotop
          0.00000000    0.00000000    0.00000000    mo    42.000     0
          0.00000000    0.00000000   -6.32225787    y     39.000     0
          0.00000000    0.00000000    6.32225787    y     39.000     0
          2.43123666    2.43123666   -2.42570307    s     16.000     0
         -2.43123666   -2.43123666   -2.42570307    s     16.000     0
          2.43123666   -2.43123666    2.42570307    s     16.000     0
         -2.43123666    2.43123666    2.42570307    s     16.000     0
          4.58746355   -1.51720540   -7.53735824    c      6.000     0
          3.52728684   -3.52728684   -6.10884538    c      6.000     0
          1.51720540   -4.58746355   -7.53735824    c      6.000     0
          1.33841306   -3.23974568   -9.85330993    c      6.000     0
          3.23974568   -1.33841306   -9.85330993    c      6.000     0
         -1.51720540    4.58746355   -7.53735824    c      6.000     0
         -3.52728684    3.52728684   -6.10884538    c      6.000     0
         -4.58746355    1.51720540   -7.53735824    c      6.000     0
         -3.23974568    1.33841306   -9.85330993    c      6.000     0
         -1.33841306    3.23974568   -9.85330993    c      6.000     0
          1.51720540    4.58746355    7.53735824    c      6.000     0
          1.33841306    3.23974568    9.85330993    c      6.000     0
          3.23974568    1.33841306    9.85330993    c      6.000     0
          4.58746355    1.51720540    7.53735824    c      6.000     0
          3.52728684    3.52728684    6.10884538    c      6.000     0
         -4.58746355   -1.51720540    7.53735824    c      6.000     0
         -3.23974568   -1.33841306    9.85330993    c      6.000     0
         -1.33841306   -3.23974568    9.85330993    c      6.000     0
         -1.51720540   -4.58746355    7.53735824    c      6.000     0
         -3.52728684   -3.52728684    6.10884538    c      6.000     0
          0.31738421   -6.15628323   -6.95106297    h      1.000     0
         -0.00380870   -3.60994282  -11.37162130    h      1.000     0
          4.10901576   -4.10901576   -4.22059669    h      1.000     0
          3.60994282    0.00380870  -11.37162130    h      1.000     0
          6.15628323   -0.31738421   -6.95106297    h      1.000     0
          0.00380870    3.60994282  -11.37162130    h      1.000     0
         -0.31738421    6.15628323   -6.95106297    h      1.000     0
         -4.10901576    4.10901576   -4.22059669    h      1.000     0
         -6.15628323    0.31738421   -6.95106297    h      1.000     0
         -3.60994282   -0.00380870  -11.37162130    h      1.000     0
         -0.31738421   -6.15628323    6.95106297    h      1.000     0
         -4.10901576   -4.10901576    4.22059669    h      1.000     0
         -6.15628323   -0.31738421    6.95106297    h      1.000     0
         -3.60994282    0.00380870   11.37162130    h      1.000     0
          0.00380870   -3.60994282   11.37162130    h      1.000     0
         -0.00380870    3.60994282   11.37162130    h      1.000     0
          0.31738421    6.15628323    6.95106297    h      1.000     0
          4.10901576    4.10901576    4.22059669    h      1.000     0
          3.60994282   -0.00380870   11.37162130    h      1.000     0
          6.15628323    0.31738421    6.95106297    h      1.000     0
 
       center of nuclear mass  :    0.00000000   -0.00000000   -0.00000000
       center of nuclear charge:    0.00000000    0.00000000    0.00000000

              +--------------------------------------------------+
              |               basis set information              |
              +--------------------------------------------------+

              we will work with the 1s 3p 5d 7f 9g ... basis set
              ...i.e. with spherical basis functions...

   type   atoms  prim   cont   basis
   ---------------------------------------------------------------------------
    mo       1     60     34   def2-SVPD   [5s4p2d1f|7s7p5d1f]
    y        2     60     34   def2-SVPD   [5s4p2d1f|7s7p5d1f]
    s        4     45     27   def2-SVPD   [5s4p2d|11s8p2d]
    c       20     30     20   def2-SVPD   [4s2p2d|8s4p2d]
    h       20     10      8   def2-SVPD   [2s2p|4s2p]
   ---------------------------------------------------------------------------
   total:   47   1160    770
   ---------------------------------------------------------------------------

   total number of primitive shells          :   81
   total number of contracted shells         :  320
   total number of cartesian basis functions :  833
   total number of SCF-basis functions       :  770

 number of unique ecp types :                     2

 residuum convergence criterium   :  0.10E-04

 COSMO is enabled, use tighter integral                screening thresholds 
                     7

 integral neglect threshold       :  0.40E-13
 integral storage threshold THIZE :  0.10E-04
 integral storage threshold THIME :         5

 
             FOUND RI-J FLAG !
 
  
 AUXILIARY BASIS SET information:

              we will work with the 1s 3p 5d 7f 9g ... basis set
              ...i.e. with spherical basis functions...

   type   atoms  prim   cont   basis
   ---------------------------------------------------------------------------
    mo       1     99     89   def2-TZVP   [8s5p5d2f3g|11s5p5d3f3g]
    y        2     99     89   def2-TZVP   [8s5p5d2f3g|11s5p5d3f3g]
    s        4     77     51   def2-TZVP   [8s4p3d1f1g|14s5p5d2f1g]
    c       20     70     49   def2-SVP   [6s4p3d1f1g|12s5p4d2f1g]
    h       20     16     11   def2-SVP   [3s1p1d|5s2p1d]
   ---------------------------------------------------------------------------
   total:   47   2325   1671
   ---------------------------------------------------------------------------

   total number of primitive shells          :  113
   total number of contracted shells         :  537
   total number of cartesian basis functions : 2066
   total number of SCF-basis functions       : 1671

 RPA UHF-EXCITATION-CALCULATION (spin-conserved)
 
             FOUND DFT-FLAG !
 

 symmetry group of the molecule :   d2d

 the group has the following generators :
   s4(z)
   c2(x)

    8 symmetry operations found

 there are 5 real representations :   a1   a2   b1   b2   e   

 maximum number of shells which are related by symmetry :  8

 IRREPs of excited states :   b2   e   

    mo occupation :
   irrep   mo's   occupied
    a1     118       22
    a2      76        9
    b1      77        9
    b2     117       21
    e      191       30
 
 number of basis functions   :   770
 number of occupied orbitals :   121
 
 ALPHA-Occupation:                   121
 BETA-Occupation :                   120
 COSMO: symmetry in response calc. w/out guarantee
 ==============================================================================
                      COSMO switched on
 ==============================================================================

========================
 internal module stack: 
------------------------
    escf
========================

 COSMO: ERROR: cannot find cosdat in cosmo_transfer.tmp
 escf ended abnormally
