
   OpenMP run-time library returned nthreads = 20

 escf (hpc3-14-28) : TURBOMOLE rev. V7-5-tag-28-gbe0a187fad compiled 7 Apr 2020 at 04:41:40
 Copyright (C) 2020 TURBOMOLE GmbH, Karlsruhe


    2020-08-16 01:59:24.028 




                                e s c f

                             TURBOMOLE GmbH


          integral direct evaluation of 

                    * excitation energies and transition moments 
                    * dynamic response properties 
                    * stabilities



          OpenMP Shared-Memory Parallelization: 20 CPUs.

            By: Erik P. Almaraz and Filipp Furche
            Copyright 2009-2011 by UCI and TURBOMOLE GmbH.

            Revised by: Christof Holzer and Yannick J. Franzke



          references (see also programs dscf and ridft) 

          implementation and benchmarks (review) 
          F. Furche and D. Rappoport,  
          "Density functional methods for excited states: 
          equilibrium structure and electronic spectra",
          ch. III of "Computational Photochemistry", ed. by 
          M. Olivucci, vol. 16 of "Theoretical and Computational 
          Chemistry", Elsevier, Amsterdam, 2005.

          Bethe-Salpeter equation
          K. Krause and W. Klopper,
          J. Comput. Chem. 38 (2017) 383.

          2c BSE, GW and hybrid TD-DFT
          C. Holzer and W. Klopper
          J. Chem. Phys. 150, 204116 (2019)

          nonorthonormal Krylov space methods 
          F. Furche, B. T. Krull, B. D. Nguyen, and J. Kwon, 
          J. Chem. Phys. 144 (2016), 174105.

          two-component GW quasi particle energies 
          M. Kuehn and F. Weigend, 
          J. Chem. Theory Comput. 11 (2015), 969.

          two-component TDDFT with spin-orbit coupling 
          M. Kuehn and F. Weigend, 
          J. Chem. Theory Comput. 9 (2013), 5341.
          M. Kuehn and F. Weigend, 
          J. Chem. Phys. 142 (2015), 034116.

          GW quasi particle energies
          M. J. van Setten, F. Weigend, and F. Evers,
          J. Chem. Theory Comput. 9 (2013), 232.

          Fast GW methods: RIGW, contour deformation
          J. Chem. Phys. 150, 204116 (2019)

          current-density dependent meta-GGA Linear Response
          J. E. Bates and F. Furche, 
          J. Chem. Phys. 137 (2012), 164105.

          spin-flip method 
          M. Kuehn and F. Weigend, 
          Chem. Phys. Chem. 12 (2011), 3331.

          RI-J method 
          R. Bauernschmitt, M. Haeser, O. Treutler, and R. Ahlrichs,
          Chem. Phys. Lett. 264 (1997), 573.

          density functional implementation               
          R. Bauernschmitt and R. Ahlrichs,
          Chem. Phys. Lett. 256 (1996), 454.
          R. Bauernschmitt and R. Ahlrichs,
          J. Chem. Phys. 104 (1996), 9047.

          UHF extension (RPA and CIS)
          C. Ochsenfeld, J. Gauss, and R. Ahlrichs, 
          J. Chem. Phys. 103 (1995), 7401.

          integral direct algorithm                 
          H. Weiss, R. Ahlrichs, and M. Haeser, 
          J. Chem. Phys. 99 (1993), 1262.

          Seminumerical and pseudospectral algorithms
          C. Holzer, in preparation (2020)

          Two-component static/dynamic polarizabilities,
          and relativistic damped-response approach,
          polarizabilities and damped response at GW-BSE level
          M. Kehry, Y. J. Franzke, C. Holzer, and W. Klopper,
          submitted (2020)
                                     



 UHF mode switched on !


              +--------------------------------------------------+
              | Atomic coordinate, charge and isotop information |
              +--------------------------------------------------+

                    atomic coordinates            atom    charge  isotop
          0.00000000    0.00000000    0.00000000    mo    42.000     0
          0.00000000    0.00000000   -6.37232340    tb    65.000     0
          0.00000000    0.00000000    6.37232340    tb    65.000     0
          2.42726626    2.42726626   -2.42439711    s     16.000     0
         -2.42726626   -2.42726626   -2.42439711    s     16.000     0
          2.42726626   -2.42726626    2.42439711    s     16.000     0
         -2.42726626    2.42726626    2.42439711    s     16.000     0
          4.63068555   -1.57401451   -7.58840590    c      6.000     0
          3.57010466   -3.57010466   -6.16316068    c      6.000     0
          1.57401451   -4.63068555   -7.58840590    c      6.000     0
          1.40744721   -3.30047048   -9.90267964    c      6.000     0
          3.30047048   -1.40744721   -9.90267964    c      6.000     0
         -1.57401451    4.63068555   -7.58840590    c      6.000     0
         -3.57010466    3.57010466   -6.16316068    c      6.000     0
         -4.63068555    1.57401451   -7.58840590    c      6.000     0
         -3.30047048    1.40744721   -9.90267964    c      6.000     0
         -1.40744721    3.30047048   -9.90267964    c      6.000     0
          1.57401451    4.63068555    7.58840590    c      6.000     0
          1.40744721    3.30047048    9.90267964    c      6.000     0
          3.30047048    1.40744721    9.90267964    c      6.000     0
          4.63068555    1.57401451    7.58840590    c      6.000     0
          3.57010466    3.57010466    6.16316068    c      6.000     0
         -4.63068555   -1.57401451    7.58840590    c      6.000     0
         -3.30047048   -1.40744721    9.90267964    c      6.000     0
         -1.40744721   -3.30047048    9.90267964    c      6.000     0
         -1.57401451   -4.63068555    7.58840590    c      6.000     0
         -3.57010466   -3.57010466    6.16316068    c      6.000     0
          0.36832288   -6.16980905   -6.99656763    h      1.000     0
          0.06969270   -3.66111417  -11.40393183    h      1.000     0
          4.12431994   -4.12431994   -4.27732772    h      1.000     0
          3.66111417   -0.06969270  -11.40393183    h      1.000     0
          6.16980905   -0.36832288   -6.99656763    h      1.000     0
         -0.06969270    3.66111417  -11.40393183    h      1.000     0
         -0.36832288    6.16980905   -6.99656763    h      1.000     0
         -4.12431994    4.12431994   -4.27732772    h      1.000     0
         -6.16980905    0.36832288   -6.99656763    h      1.000     0
         -3.66111417    0.06969270  -11.40393183    h      1.000     0
         -0.36832288   -6.16980905    6.99656763    h      1.000     0
         -4.12431994   -4.12431994    4.27732772    h      1.000     0
         -6.16980905   -0.36832288    6.99656763    h      1.000     0
         -3.66111417   -0.06969270   11.40393183    h      1.000     0
         -0.06969270   -3.66111417   11.40393183    h      1.000     0
          0.06969270    3.66111417   11.40393183    h      1.000     0
          0.36832288    6.16980905    6.99656763    h      1.000     0
          4.12431994    4.12431994    4.27732772    h      1.000     0
          3.66111417    0.06969270   11.40393183    h      1.000     0
          6.16980905    0.36832288    6.99656763    h      1.000     0
 
       center of nuclear mass  :   -0.00000000    0.00000000    0.00000000
       center of nuclear charge:   -0.00000000    0.00000000   -0.00000000

              +--------------------------------------------------+
              |               basis set information              |
              +--------------------------------------------------+

              we will work with the 1s 3p 5d 7f 9g ... basis set
              ...i.e. with spherical basis functions...

   type   atoms  prim   cont   basis
   ---------------------------------------------------------------------------
    mo       1     60     40   def2-TZVP   [6s4p3d1f|7s7p5d1f]
    tb       2    171     93   def2-TZVP   [10s7p5d4f1g|14s14p10d8f1g]
    s        4     63     37   def2-TZVP   [5s5p2d1f|14s9p3d1f]
    c       20     46     31   def2-TZVP   [5s3p2d1f|11s6p2d1f]
    h       20      8      6   def2-TZVP   [3s1p|5s1p]
   ---------------------------------------------------------------------------
   total:   47   1734   1114
   ---------------------------------------------------------------------------

   total number of primitive shells          :  120
   total number of contracted shells         :  420
   total number of cartesian basis functions : 1286
   total number of SCF-basis functions       : 1114

 number of unique ecp types :                     2

 residuum convergence criterium   :  0.10E-04

 COSMO is enabled, use tighter integral                screening thresholds 
                     7

 integral neglect threshold       :  0.26E-13
 integral storage threshold THIZE :  0.10E-04
 integral storage threshold THIME :         5

 
             FOUND RI-J FLAG !
 
  
 AUXILIARY BASIS SET information:

              we will work with the 1s 3p 5d 7f 9g ... basis set
              ...i.e. with spherical basis functions...

   type   atoms  prim   cont   basis
   ---------------------------------------------------------------------------
    mo       1     99     89   def2-TZVP   [8s5p5d2f3g|11s5p5d3f3g]
    tb       2    263    200   def2-TZVP   [14s7p6d6f5g2h2i|18s7p6d6f6g3h5i]
    s        4     77     51   def2-TZVP   [8s4p3d1f1g|14s5p5d2f1g]
    c       20     70     49   def2-TZVP   [6s4p3d1f1g|12s5p4d2f1g]
    h       20     16     11   def2-TZVP   [3s1p1d|5s2p1d]
   ---------------------------------------------------------------------------
   total:   47   2653   1893
   ---------------------------------------------------------------------------

   total number of primitive shells          :  137
   total number of contracted shells         :  575
   total number of cartesian basis functions : 2438
   total number of SCF-basis functions       : 1893

 RPA UHF-EXCITATION-CALCULATION (spin-conserved)
 
             FOUND DFT-FLAG !
 

 symmetry group of the molecule :   d2d

 the group has the following generators :
   s4(z)
   c2(x)

    8 symmetry operations found

 there are 5 real representations :   a1   a2   b1   b2   e   

 maximum number of shells which are related by symmetry :  8

 IRREPs of excited states :   b2   e   

    mo occupation :
   irrep   mo's   occupied
    a1     173       27
    a2     109       11
    b1     111       11
    b2     171       27
    e      275       38
 
 number of basis functions   :  1114
 number of occupied orbitals :   152
 
 ALPHA-Occupation:                   152
 BETA-Occupation :                   141
 COSMO: symmetry in response calc. w/out guarantee
 ==============================================================================
                      COSMO switched on
 ==============================================================================

========================
 internal module stack: 
------------------------
    escf
========================

 COSMO: ERROR: cannot find cosdat in cosmo_transfer.tmp
 escf ended abnormally
