
 eiger (login-i15) : TURBOMOLE rev. V7.5.0 compiled 13 Jun 2020 at 23:29:25
 Copyright (C) 2020 TURBOMOLE GmbH, Karlsruhe


    2020-10-13 11:30:42.397 

                                                                                
  
Total energy =  -4085.3660457580 H =   -111168.4725041 eV
 
 HOMO-LUMO Separation
   HOMO:   221. b  28 a1    -0.12673156 H =     -3.44854 eV
   LUMO:   222. b  28 b2    -0.07654137 H =     -2.08280 eV
   Gap :                    +0.05019019 H =     +1.36574 eV
 
Number of MOs=   1678, Electrons=    293.00, Symmetry: d2d  
 
   Nr.   Orbital    Occupation       Energy
  238. a  39 e                     -0.015551 H =        -0.423 eV
  237. a  12 b1                    -0.020536 H =        -0.559 eV
  236. a  38 e                     -0.021587 H =        -0.587 eV
  235. a  11 a2                    -0.021590 H =        -0.587 eV
  234. a  29 a1                    -0.024351 H =        -0.663 eV
  233. a  29 b2                    -0.024407 H =        -0.664 eV
  232. a  37 e                     -0.030685 H =        -0.835 eV
  231. a  28 a1                    -0.034246 H =        -0.932 eV
  230. a  28 b2                    -0.034450 H =        -0.937 eV
  229. b  39 e                     -0.036724 H =        -0.999 eV
  228. a  36 e                     -0.037251 H =        -1.014 eV
  227. a  35 e                     -0.039891 H =        -1.085 eV
  226. a  27 b2                    -0.064829 H =        -1.764 eV
  225. a  11 b1                    -0.066245 H =        -1.803 eV
  224. a  27 a1                    -0.074330 H =        -2.023 eV
  223. b  12 b1                    -0.076085 H =        -2.070 eV
  222. b  28 b2                    -0.076541 H =        -2.083 eV
  221. b  28 a1       1.000        -0.126732 H =        -3.449 eV
  220. a  26 b2       1.000        -0.163853 H =        -4.459 eV
  219. a  26 a1       1.000        -0.166881 H =        -4.541 eV
  218. b  11 a2       1.000        -0.180490 H =        -4.911 eV
  217. a  10 a2       1.000        -0.182995 H =        -4.980 eV
  216. b  38 e        2.000        -0.184963 H =        -5.033 eV
  215. a  34 e        2.000        -0.188058 H =        -5.117 eV
  214. b  37 e        2.000        -0.200809 H =        -5.464 eV
  213. a  33 e        2.000        -0.201542 H =        -5.484 eV
  212. a  10 b1       1.000        -0.210386 H =        -5.725 eV
  211. a  25 b2       1.000        -0.211697 H =        -5.761 eV
  210. a  25 a1       1.000        -0.211788 H =        -5.763 eV
  209. b  11 b1       1.000        -0.212169 H =        -5.773 eV
  208. a  32 e        2.000        -0.213154 H =        -5.800 eV
  207. b  27 b2       1.000        -0.214158 H =        -5.828 eV
  206. b  27 a1       1.000        -0.214256 H =        -5.830 eV


    ------------------------------------------------------------------------
         total  cpu-time :   0.34 seconds
         total wall-time :   0.63 seconds
    ------------------------------------------------------------------------

   ****  eiger : all done  ****


    2020-10-13 11:30:42.956 

