           SMPCPUS    set: Shared-memory Parallelization with  20 CPUs.

           SMP Parallelization Reference:
           C. van Wullen, J. Comput. Chem. 32 (2011) 1195--1201

 ridft (hpc3-14-08) : TURBOMOLE rev. V7.5.0 compiled 13 Jun 2020 at 23:29:25
 Copyright (C) 2020 TURBOMOLE GmbH, Karlsruhe


    2020-08-11 11:26:49.279 



                                  r i d f t

                        DFT program with RI approximation 
                                for coulomb part 




                                                 
                                 References:     
                                                 
          TURBOMOLE:                             
              R. Ahlrichs, M. Baer, M. Haeser, H. Horn, and
              C. Koelmel
              Electronic structure calculations on workstation
              computers: the program system TURBOMOLE
              Chem. Phys. Lett. 162: 165 (1989)
          Density Functional:                              
              O. Treutler and R. Ahlrichs                      
              Efficient Molecular Numerical Integration Schemes
              J. Chem. Phys. 102: 346 (1995)                   
          Parallel Version:                                
              Performance of parallel TURBOMOLE for Density    
              Functional Calculations                          
              M. v. Arnim and R. Ahlrichs                      
              J. Comp. Chem. 19: 1746 (1998)                   
          RI-J Method:                                     
              Auxiliary Basis Sets to approximate Coulomb      
              Potentials                                       
              Chem. Phys. Lett. 240: 283 (1995)                
              K. Eichkorn, O. Treutler, H. Oehm, M. Haeser     
              and R. Ahlrichs                                  
              Chem. Phys. Lett. 242: 652 (1995)                
                                                           
              Auxiliary Basis Sets for Main Row Atoms and their
              Use to approximate Coulomb Potentials            
              K. Eichkorn, F. Weigend, O. Treutler and         
              R. Ahlrichs                                      
              Theo. Chem. Acc. 97: 119 (1997)                   
                                                           
              Accurate Coulomb-fitting basis sets for H to Rn 
              F. Weigend                                        
              Phys. Chem. Chem. Phys. 8: 1057 (2006)            
                                                           
          Multipole accelerated RI-J (MARI-J):             
              Fast evaluation of the Coulomb potential for     
              electron densities using multipole accelerated   
              resolution of identity approximation             
              M. Sierka, A. Hogekamp and R. Ahlrichs           
              J. Chem. Phys. 118: 9136 (2003)                  
          RI-JK Method:                                     
              A fully direct RI-HF algorithm: Implementation,
              optimised auxiliary basis sets, demonstration of
              accuracy and efficiency                         
              F. Weigend                                      
              Phys. Chem. Chem. Phys. 4: 4285 (2002)           
          Two-component HF and DFT with spin-orbit coupling:  
              Self-consistent treatment of spin-orbit         
              interactions with efficient Hartree-Fock and    
              density functional methods                      
              M. K. Armbruster, F. Weigend, C. van Wüllen and 
              W. Klopper                                      
              Phys. Chem. Chem. Phys. 10: 1748 (2008)         
          Two-component difference density and DIIS algorithm 
              Efficient two-component self-consistent field   
              procedures and gradients: implementation in     
              TURBOMOLE and application to Au20-              
              A. Baldes, F. Weigend                           
              Mol. Phys. 111: 2617 (2013)                     
          Relativistic all-electron 2c calculations           
              An efficient implementation of two-component    
              relativistic exact-decoupling methods for large 
              molecules                                       
              D. Peng, N. Middendorf, F. Weigend, M. Reiher   
              J. Chem. Phys. 138: 184105 (2013)               
          Finite nucleus model and SNSO approximation         
              Efficient implementation of one- and two-       
              component analytical energy gradients in exact  
              two-component theory                            
              Y. J. Franzke, N. Middendorf, F. Weigend        
              J. Chem. Phys. 148: 104110 (2018)               
          Grids for all-electron relativistic methods         
              Error-consistent segmented contracted all-      
              electron relativistic basis sets of double-     
              and triple-zeta quality for NMR shielding       
              constants                                       
              Y. J. Franzke, R. Tress, T. M. Pazdera,         
              F. Weigend                                      
              Phys. Chem. Chem. Phys. 21: 166658 (2019)       
          Seminumerical exchange algorithms                   
              Seminumerical calculation of the Hartree-Fock   
              exchange matirx: Application to two-component   
              procedures and efficient evaluation of local    
              hybrid functionsl                               
              P. Plessow, F. Weigend,                         
              J. Comput. Chem. 33: 810 (2012)                 
          Improved seminumerical algorithms                   
              C. Holzer, in preparation (2020)                
                                         




              +--------------------------------------------------+
              |      general information about current run       |
              +--------------------------------------------------+

 

 DENSITY CONVERGENCE CHECK SWITCHED ON !
 SCF CONVERGENCE IF RMS(delta[D]) <     0.1000000000E-06

 TPSS global hybrid functional
 exchange:    9/10 (LDA+TPSS) + 1/10 HF
 correlation: LDA (PW) + TPSS
 A Hybrid-DFT calculation using the RI-J approximation will be carried out.
 Allocatable memory for RI due to $ricore (MB):                 50000


              +--------------------------------------------------+
              | Atomic coordinate, charge and isotop information |
              +--------------------------------------------------+

                    atomic coordinates            atom    charge  isotop
          0.00000000    0.00000000    0.00000000    mo    42.000     0
          0.00000000    0.00000000   -6.66079720    y     39.000     0
          2.35462812    2.35732220   -2.64278061    s     16.000     0
         -2.35462812   -2.35732220   -2.64278061    s     16.000     0
          2.35462812   -2.35732220    2.64278061    s     16.000     0
         -2.35462812    2.35732220    2.64278061    s     16.000     0
          4.72257873   -1.63802297   -7.63354790    c      6.000     0
          3.56146986   -3.60872464   -6.20278338    c      6.000     0
          1.61586603   -4.70473171   -7.71867031    c      6.000     0
          1.59841652   -3.43949886  -10.10747796    c      6.000     0
          3.52248006   -1.53633602  -10.05321895    c      6.000     0
         -1.61586603    4.70473171   -7.71867031    c      6.000     0
         -3.56146986    3.60872464   -6.20278338    c      6.000     0
         -4.72257873    1.63802297   -7.63354790    c      6.000     0
         -3.52248006    1.53633602  -10.05321895    c      6.000     0
         -1.59841652    3.43949886  -10.10747796    c      6.000     0
          0.07085569   -6.99546331   -7.03627507    c      6.000     0
          0.20678446   -4.34878742  -12.41598427    c      6.000     0
          4.41508413   -4.54252304   -3.66186790    c      6.000     0
          4.51214165   -0.08297070  -12.28992076    c      6.000     0
          7.01793583   -0.14701141   -6.85462300    c      6.000     0
         -0.20678446    4.34878742  -12.41598427    c      6.000     0
         -4.41508413    4.54252304   -3.66186790    c      6.000     0
         -7.01793583    0.14701141   -6.85462300    c      6.000     0
         -4.51214165    0.08297070  -12.28992076    c      6.000     0
          5.86645657   -6.03398279   -3.87266515    h      1.000     0
          2.84335295   -5.34190120   -2.56198826    h      1.000     0
         -2.84335295    5.34190120   -2.56198826    h      1.000     0
         -5.86645657    6.03398279   -3.87266515    h      1.000     0
          5.23968997   -3.01847788   -2.51475995    h      1.000     0
         -5.23968997    3.01847788   -2.51475995    h      1.000     0
          7.09457166    1.70837470   -7.79639884    h      1.000     0
          8.77688690   -1.16259954   -7.35399953    h      1.000     0
          7.04236312    0.19876641   -4.80461490    h      1.000     0
         -7.09457166   -1.70837470   -7.79639884    h      1.000     0
         -8.77688690    1.16259954   -7.35399953    h      1.000     0
         -7.04236312   -0.19876641   -4.80461490    h      1.000     0
         -0.07085569    6.99546331   -7.03627507    c      6.000     0
         -1.07991068    8.75842744   -7.53462657    h      1.000     0
          1.75220951    7.03036929   -8.04197119    h      1.000     0
          0.34350614    7.05531164   -4.99942852    h      1.000     0
          1.07991068   -8.75842744   -7.53462657    h      1.000     0
         -1.75220951   -7.03036929   -8.04197119    h      1.000     0
          3.09847367    0.08737810  -13.80268855    h      1.000     0
         -3.09847367   -0.08737810  -13.80268855    h      1.000     0
         -1.19403455    5.98174380  -13.27327402    h      1.000     0
          1.19403455   -5.98174380  -13.27327402    h      1.000     0
         -0.34350614   -7.05531164   -4.99942852    h      1.000     0
          0.00000000    0.00000000    6.66079720    y     39.000     0
          1.61586603    4.70473171    7.71867031    c      6.000     0
         -1.61586603   -4.70473171    7.71867031    c      6.000     0
          4.72257873    1.63802297    7.63354790    c      6.000     0
         -4.72257873   -1.63802297    7.63354790    c      6.000     0
          3.56146986    3.60872464    6.20278338    c      6.000     0
         -3.56146986   -3.60872464    6.20278338    c      6.000     0
          3.52248006    1.53633602   10.05321895    c      6.000     0
         -3.52248006   -1.53633602   10.05321895    c      6.000     0
          1.59841652    3.43949886   10.10747796    c      6.000     0
         -1.59841652   -3.43949886   10.10747796    c      6.000     0
          7.01793583    0.14701141    6.85462300    c      6.000     0
         -7.01793583   -0.14701141    6.85462300    c      6.000     0
          0.07085569    6.99546331    7.03627507    c      6.000     0
         -0.07085569   -6.99546331    7.03627507    c      6.000     0
          4.51214165    0.08297070   12.28992076    c      6.000     0
         -4.51214165   -0.08297070   12.28992076    c      6.000     0
          0.20678446    4.34878742   12.41598427    c      6.000     0
         -0.20678446   -4.34878742   12.41598427    c      6.000     0
          4.41508413    4.54252304    3.66186790    c      6.000     0
         -4.41508413   -4.54252304    3.66186790    c      6.000     0
          5.86645657    6.03398279    3.87266515    h      1.000     0
         -5.86645657   -6.03398279    3.87266515    h      1.000     0
          5.23968997    3.01847788    2.51475995    h      1.000     0
         -5.23968997   -3.01847788    2.51475995    h      1.000     0
          2.84335295    5.34190120    2.56198826    h      1.000     0
         -2.84335295   -5.34190120    2.56198826    h      1.000     0
         -1.75220951    7.03036929    8.04197119    h      1.000     0
          1.75220951   -7.03036929    8.04197119    h      1.000     0
          7.09457166   -1.70837470    7.79639884    h      1.000     0
         -7.09457166    1.70837470    7.79639884    h      1.000     0
          1.07991068    8.75842744    7.53462657    h      1.000     0
         -1.07991068   -8.75842744    7.53462657    h      1.000     0
          8.77688690    1.16259954    7.35399953    h      1.000     0
         -8.77688690   -1.16259954    7.35399953    h      1.000     0
         -0.34350614    7.05531164    4.99942852    h      1.000     0
          0.34350614   -7.05531164    4.99942852    h      1.000     0
          7.04236312   -0.19876641    4.80461490    h      1.000     0
         -7.04236312    0.19876641    4.80461490    h      1.000     0
          5.12313746   -1.84189976   11.78450729    h      1.000     0
         -1.72983040   -4.97798728  -11.98621092    h      1.000     0
          1.72983040    4.97798728  -11.98621092    h      1.000     0
          0.07702106    2.88074958   13.88123619    h      1.000     0
         -0.07702106   -2.88074958   13.88123619    h      1.000     0
          3.09847367   -0.08737810   13.80268855    h      1.000     0
          0.07702106   -2.88074958  -13.88123619    h      1.000     0
         -3.09847367    0.08737810   13.80268855    h      1.000     0
         -0.07702106    2.88074958  -13.88123619    h      1.000     0
         -5.12313746    1.84189976   11.78450729    h      1.000     0
          1.72983040   -4.97798728   11.98621092    h      1.000     0
         -5.12313746   -1.84189976  -11.78450729    h      1.000     0
         -1.72983040    4.97798728   11.98621092    h      1.000     0
          5.12313746    1.84189976  -11.78450729    h      1.000     0
         -6.17742470   -1.04450222   13.11346305    h      1.000     0
          6.17742470    1.04450222   13.11346305    h      1.000     0
         -1.19403455   -5.98174380   13.27327402    h      1.000     0
         -6.17742470    1.04450222  -13.11346305    h      1.000     0
          1.19403455    5.98174380   13.27327402    h      1.000     0
          6.17742470   -1.04450222  -13.11346305    h      1.000     0
 
       center of nuclear mass  :   -0.00000000    0.00000000    0.00000000
       center of nuclear charge:   -0.00000000   -0.00000000    0.00000000

              +--------------------------------------------------+
              |               basis set information              |
              +--------------------------------------------------+

              we will work with the 1s 3p 5d 7f 9g ... basis set
              ...i.e. with spherical basis functions...

   type   atoms  prim   cont   basis
   ---------------------------------------------------------------------------
    mo       1     57     31   def2-SVP   [5s3p2d1f|7s6p5d1f]
    y        2     57     31   def2-SVP   [5s3p2d1f|7s6p5d1f]
    s        4     36     18   def2-SVP   [4s3p1d|10s7p1d]
    c       40     24     14   def2-SVP   [3s2p1d|7s4p1d]
    h       60      7      5   def2-SVP   [2s1p|4s1p]
   ---------------------------------------------------------------------------
   total:  107   1695   1025
   ---------------------------------------------------------------------------

   total number of primitive shells          :   73
   total number of contracted shells         :  485
   total number of cartesian basis functions : 1084
   total number of SCF-basis functions       : 1025

 number of unique ecp types :                     2

 integral neglect threshold       :  0.31E-11
 integral storage threshold THIZE :  0.10E-04
 integral storage threshold THIME :         5

 RI-J AUXILIARY BASIS SET information:

              we will work with the 1s 3p 5d 7f 9g ... basis set
              ...i.e. with spherical basis functions...

   type   atoms  prim   cont   basis
   ---------------------------------------------------------------------------
    mo       1     99     89   def2-SVP   [8s5p5d2f3g|11s5p5d3f3g]
    y        2     99     89   def2-SVP   [8s5p5d2f3g|11s5p5d3f3g]
    s        4     77     51   def2-SVP   [8s4p3d1f1g|14s5p5d2f1g]
    c       40     70     49   def2-SVP   [6s4p3d1f1g|12s5p4d2f1g]
    h       60     16     11   def2-SVP   [3s1p1d|5s2p1d]
   ---------------------------------------------------------------------------
   total:  107   4365   3091
   ---------------------------------------------------------------------------

   total number of primitive shells          :  113
   total number of contracted shells         : 1037
   total number of cartesian basis functions : 3766
   total number of SCF-basis functions       : 3091


 symmetry group of the molecule :   d2 

 the group has the following generators :
   c2(z)
   c2(x)

    4 symmetry operations found

 there are 4 real representations :   a    b1   b2   b3  

 maximum number of shells which are related by symmetry :  4

  
           ------------------
           density functional
           ------------------
 TPSS global hybrid functional
 exchange:    9/10 (LDA+TPSS) + 1/10 HF
 correlation: LDA (PW) + TPSS

 spherical integration : Lebedev's spherical grid
 spherical gridsize    :                     4
    i.e. gridpoints    :                   434
 value for diffuse not defined
 radial integration    : Chebyshev 2nd kind (scaling 3)
 radial gridsize       :                     6
 integration cells     :                    28
 partition function    : becke
 partition sharpness   :                     3
  

 biggest AO integral is expected to be     9.765798878

          ------------------------
          nuclear repulsion energy  :   8181.65353363    
          ------------------------

  _________________________________
 |                                 |
 |         DFTD3 V3.1 Rev 0        |
 | S.Grimme, University Bonn       |
 |            June  2014           |
 |   see standalone version        |
 |       dftd3 -h for options      |
 |_________________________________|
 
 Please cite DFT-D3 work done with this code as:
 S. Grimme, J. Antony, S. Ehrlich and H. Krieg,
 J. Chem. Phys, 132 (2010), 154104.
 If used with BJ-damping cite also
 S. Grimme, S. Ehrlich and L. Goerigk,
 J. Comput. Chem. 32 (2011), 1456-1465
 For DFT-D2 the reference is
 S. Grimme, J. Comput. Chem., 27 (2006), 1787-1799
 
C6 coefficients used:
                     2  C6 for element                      1
Z=  1 CN= 0.912     C6(AA)=    3.03
Z=  1 CN= 0.000     C6(AA)=    7.59
                     5  C6 for element                      6
Z=  6 CN= 0.000     C6(AA)=   49.11
Z=  6 CN= 0.987     C6(AA)=   43.25
Z=  6 CN= 1.998     C6(AA)=   29.36
Z=  6 CN= 2.999     C6(AA)=   25.78
Z=  6 CN= 3.984     C6(AA)=   18.21
                     3  C6 for element                     16
Z= 16 CN= 0.000     C6(AA)=  134.01
Z= 16 CN= 0.995     C6(AA)=  131.00
Z= 16 CN= 1.990     C6(AA)=  125.81
                     3  C6 for element                     39
Z= 39 CN= 0.000     C6(AA)= 2365.89
Z= 39 CN= 1.915     C6(AA)= 1132.30
Z= 39 CN= 2.890     C6(AA)=  451.08
                     3  C6 for element                     42
Z= 42 CN= 0.000     C6(AA)=  845.90
Z= 42 CN= 1.942     C6(AA)=  502.01
Z= 42 CN=11.056     C6(AA)=  337.11

#           XYZ [au]              R0(AA) [Ang.]  CN          C6(AA)     C8(AA)   C10(AA) [au]
  1   0.00000   0.00000   0.00000   mo  1.286  5.243       502.0     57804.9   8153712.7
  2   0.00000   0.00000  -6.66080   y   1.655 11.132       451.1     86005.2  20087594.1
  3   2.35463   2.35732  -2.64278   s   0.839  2.051       125.9      6166.5    370079.5
  4  -2.35463  -2.35732  -2.64278   s   0.839  2.051       125.9      6166.5    370079.5
  5   2.35463  -2.35732   2.64278   s   0.839  2.051       125.9      6166.5    370079.5
  6  -2.35463   2.35732   2.64278   s   0.839  2.051       125.9      6166.5    370079.5
  7   4.72258  -1.63802  -7.63355   c   0.644  4.095        18.3       528.2     18713.9
  8   3.56147  -3.60872  -6.20278   c   0.644  4.096        18.3       528.2     18713.5
  9   1.61587  -4.70473  -7.71867   c   0.644  4.098        18.3       528.2     18712.7
 10   1.59842  -3.43950 -10.10748   c   0.644  4.071        18.3       528.6     18726.3
 11   3.52248  -1.53634 -10.05322   c   0.644  4.071        18.3       528.6     18726.3
 12  -1.61587   4.70473  -7.71867   c   0.644  4.098        18.3       528.2     18712.7
 13  -3.56147   3.60872  -6.20278   c   0.644  4.096        18.3       528.2     18713.5
 14  -4.72258   1.63802  -7.63355   c   0.644  4.095        18.3       528.2     18713.9
 15  -3.52248   1.53634 -10.05322   c   0.644  4.071        18.3       528.6     18726.3
 16  -1.59842   3.43950 -10.10748   c   0.644  4.071        18.3       528.6     18726.3
 17   0.07086  -6.99546  -7.03628   c   0.644  4.064        18.3       528.7     18730.1
 18   0.20678  -4.34879 -12.41598   c   0.644  4.051        18.3       528.9     18737.9
 19   4.41508  -4.54252  -3.66187   c   0.644  4.075        18.3       528.5     18724.1
 20   4.51214  -0.08297 -12.28992   c   0.644  4.051        18.3       528.9     18737.8
 21   7.01794  -0.14701  -6.85462   c   0.644  4.063        18.3       528.7     18730.3
 22  -0.20678   4.34879 -12.41598   c   0.644  4.051        18.3       528.9     18737.9
 23  -4.41508   4.54252  -3.66187   c   0.644  4.075        18.3       528.5     18724.1
 24  -7.01794   0.14701  -6.85462   c   0.644  4.063        18.3       528.7     18730.3
 25  -4.51214   0.08297 -12.28992   c   0.644  4.051        18.3       528.9     18737.8
 26   5.86646  -6.03398  -3.87267   h   0.417  0.997         3.1        37.4       553.5
 27   2.84335  -5.34190  -2.56199   h   0.417  1.003         3.1        37.3       553.0
 28  -2.84335   5.34190  -2.56199   h   0.417  1.003         3.1        37.3       553.0
 29  -5.86646   6.03398  -3.87267   h   0.417  0.997         3.1        37.4       553.5
 30   5.23969  -3.01848  -2.51476   h   0.417  1.003         3.1        37.3       553.0
 31  -5.23969   3.01848  -2.51476   h   0.417  1.003         3.1        37.3       553.0
 32   7.09457   1.70837  -7.79640   h   0.417  0.999         3.1        37.4       553.3
 33   8.77689  -1.16260  -7.35400   h   0.417  0.996         3.1        37.4       553.6
 34   7.04236   0.19877  -4.80461   h   0.417  1.001         3.1        37.4       553.1
 35  -7.09457  -1.70837  -7.79640   h   0.417  0.999         3.1        37.4       553.3
 36  -8.77689   1.16260  -7.35400   h   0.417  0.996         3.1        37.4       553.6
 37  -7.04236  -0.19877  -4.80461   h   0.417  1.001         3.1        37.4       553.1
 38  -0.07086   6.99546  -7.03628   c   0.644  4.064        18.3       528.7     18730.1
 39  -1.07991   8.75843  -7.53463   h   0.417  0.996         3.1        37.4       553.6
 40   1.75221   7.03037  -8.04197   h   0.417  0.999         3.1        37.4       553.3
 41   0.34351   7.05531  -4.99943   h   0.417  1.001         3.1        37.4       553.1
 42   1.07991  -8.75843  -7.53463   h   0.417  0.996         3.1        37.4       553.6
 43  -1.75221  -7.03037  -8.04197   h   0.417  0.999         3.1        37.4       553.3
 44   3.09847   0.08738 -13.80269   h   0.417  0.999         3.1        37.4       553.3
 45  -3.09847  -0.08738 -13.80269   h   0.417  0.999         3.1        37.4       553.3
 46  -1.19403   5.98174 -13.27327   h   0.417  0.996         3.1        37.4       553.5
 47   1.19403  -5.98174 -13.27327   h   0.417  0.996         3.1        37.4       553.5
 48  -0.34351  -7.05531  -4.99943   h   0.417  1.001         3.1        37.4       553.1
 49   0.00000   0.00000   6.66080   y   1.655 11.132       451.1     86005.2  20087594.1
 50   1.61587   4.70473   7.71867   c   0.644  4.098        18.3       528.2     18712.7
 51  -1.61587  -4.70473   7.71867   c   0.644  4.098        18.3       528.2     18712.7
 52   4.72258   1.63802   7.63355   c   0.644  4.095        18.3       528.2     18713.9
 53  -4.72258  -1.63802   7.63355   c   0.644  4.095        18.3       528.2     18713.9
 54   3.56147   3.60872   6.20278   c   0.644  4.096        18.3       528.2     18713.5
 55  -3.56147  -3.60872   6.20278   c   0.644  4.096        18.3       528.2     18713.5
 56   3.52248   1.53634  10.05322   c   0.644  4.071        18.3       528.6     18726.3
 57  -3.52248  -1.53634  10.05322   c   0.644  4.071        18.3       528.6     18726.3
 58   1.59842   3.43950  10.10748   c   0.644  4.071        18.3       528.6     18726.3
 59  -1.59842  -3.43950  10.10748   c   0.644  4.071        18.3       528.6     18726.3
 60   7.01794   0.14701   6.85462   c   0.644  4.063        18.3       528.7     18730.3
 61  -7.01794  -0.14701   6.85462   c   0.644  4.063        18.3       528.7     18730.3
 62   0.07086   6.99546   7.03628   c   0.644  4.064        18.3       528.7     18730.1
 63  -0.07086  -6.99546   7.03628   c   0.644  4.064        18.3       528.7     18730.1
 64   4.51214   0.08297  12.28992   c   0.644  4.051        18.3       528.9     18737.8
 65  -4.51214  -0.08297  12.28992   c   0.644  4.051        18.3       528.9     18737.8
 66   0.20678   4.34879  12.41598   c   0.644  4.051        18.3       528.9     18737.9
 67  -0.20678  -4.34879  12.41598   c   0.644  4.051        18.3       528.9     18737.9
 68   4.41508   4.54252   3.66187   c   0.644  4.075        18.3       528.5     18724.1
 69  -4.41508  -4.54252   3.66187   c   0.644  4.075        18.3       528.5     18724.1
 70   5.86646   6.03398   3.87267   h   0.417  0.997         3.1        37.4       553.5
 71  -5.86646  -6.03398   3.87267   h   0.417  0.997         3.1        37.4       553.5
 72   5.23969   3.01848   2.51476   h   0.417  1.003         3.1        37.3       553.0
 73  -5.23969  -3.01848   2.51476   h   0.417  1.003         3.1        37.3       553.0
 74   2.84335   5.34190   2.56199   h   0.417  1.003         3.1        37.3       553.0
 75  -2.84335  -5.34190   2.56199   h   0.417  1.003         3.1        37.3       553.0
 76  -1.75221   7.03037   8.04197   h   0.417  0.999         3.1        37.4       553.3
 77   1.75221  -7.03037   8.04197   h   0.417  0.999         3.1        37.4       553.3
 78   7.09457  -1.70837   7.79640   h   0.417  0.999         3.1        37.4       553.3
 79  -7.09457   1.70837   7.79640   h   0.417  0.999         3.1        37.4       553.3
 80   1.07991   8.75843   7.53463   h   0.417  0.996         3.1        37.4       553.6
 81  -1.07991  -8.75843   7.53463   h   0.417  0.996         3.1        37.4       553.6
 82   8.77689   1.16260   7.35400   h   0.417  0.996         3.1        37.4       553.6
 83  -8.77689  -1.16260   7.35400   h   0.417  0.996         3.1        37.4       553.6
 84  -0.34351   7.05531   4.99943   h   0.417  1.001         3.1        37.4       553.1
 85   0.34351  -7.05531   4.99943   h   0.417  1.001         3.1        37.4       553.1
 86   7.04236  -0.19877   4.80461   h   0.417  1.001         3.1        37.4       553.1
 87  -7.04236   0.19877   4.80461   h   0.417  1.001         3.1        37.4       553.1
 88   5.12314  -1.84190  11.78451   h   0.417  0.999         3.1        37.4       553.3
 89  -1.72983  -4.97799 -11.98621   h   0.417  0.999         3.1        37.4       553.3
 90   1.72983   4.97799 -11.98621   h   0.417  0.999         3.1        37.4       553.3
 91   0.07702   2.88075  13.88124   h   0.417  0.999         3.1        37.4       553.3
 92  -0.07702  -2.88075  13.88124   h   0.417  0.999         3.1        37.4       553.3
 93   3.09847  -0.08738  13.80269   h   0.417  0.999         3.1        37.4       553.3
 94   0.07702  -2.88075 -13.88124   h   0.417  0.999         3.1        37.4       553.3
 95  -3.09847   0.08738  13.80269   h   0.417  0.999         3.1        37.4       553.3
 96  -0.07702   2.88075 -13.88124   h   0.417  0.999         3.1        37.4       553.3
 97  -5.12314   1.84190  11.78451   h   0.417  0.999         3.1        37.4       553.3
 98   1.72983  -4.97799  11.98621   h   0.417  0.999         3.1        37.4       553.3
 99  -5.12314  -1.84190 -11.78451   h   0.417  0.999         3.1        37.4       553.3
100  -1.72983   4.97799  11.98621   h   0.417  0.999         3.1        37.4       553.3
101   5.12314   1.84190 -11.78451   h   0.417  0.999         3.1        37.4       553.3
102  -6.17742  -1.04450  13.11346   h   0.417  0.996         3.1        37.4       553.5
103   6.17742   1.04450  13.11346   h   0.417  0.996         3.1        37.4       553.5
104  -1.19403  -5.98174  13.27327   h   0.417  0.996         3.1        37.4       553.5
105  -6.17742   1.04450 -13.11346   h   0.417  0.996         3.1        37.4       553.5
106   1.19403   5.98174  13.27327   h   0.417  0.996         3.1        37.4       553.5
107   6.17742  -1.04450 -13.11346   h   0.417  0.996         3.1        37.4       553.5

molecular C6(AA) [au] =    146793.82

           DFT-D V3(BJ)
 DF tpssh                                             
 parameters
 s6       :    1.0000
 s8       :    2.2382
 a1       :    0.4529
 a2       :    4.6550
 k1-k3    :   16.0000    1.3333   -4.0000
 
 Edisp /kcal,au:  -150.2919 -0.23950542

 E6    /kcal :   -65.7293
 E8    /kcal :   -84.5626
 % E8        : 56.27
 nuclear repulsion energy                  =    8181.653533630
 empirical dispersive energy correction    =      -0.239505420
 nuclear repulsion + dispersion correction =    8181.414028211


         -----------------
         -S,T+V- integrals
         -----------------

 1e-integrals will be neglected if expon. factor < 0.308299E-12


          ----------------
          -ecp-  integrals
          ----------------
 
   Difference densities algorithm switched on.
   The maximal number of linear combinations of
   difference densities is                    20 .

 DIIS switched on: error vector is FDS-SDF
 Max. Iterations for DIIS is     :   4
 DIIS matrix (see manual) 
    Scaling factor of diagonals  :  1.200
    threshold for scaling factor :  0.000

 scf convergence criterion : increment of total energy < .1000000D-06
                  and increment of one-electron energy < .1000000D-03

 MOs are in ASCII format !


    mo occupation :
   irrep   mo's   occupied
    a      260       51
    b1     257       50
    b2     254       50
    b3     254       50
 
 number of basis functions   :  1025
 number of occupied orbitals :   201
 

 reading orbital data $uhfmo_alpha  from file alpha
 orbital characterization : expanded

 reading orbital data $uhfmo_beta  from file beta
 orbital characterization : expanded
 virtual MOs provided and orthogonalized by Cholesky decomposition
 virtual MOs provided and orthogonalized by Cholesky decomposition

 UHF mode switched on !

 closed shell shift switched on 
 all occupied orbitals are shifted by    0.05000

  
           ------------------------
               RI-J - INFORMATION
           ------------------------
 Contributions to RI integral batches: 
  neglected integral batches:                103253
  direct contribution:                            0
  memory contribution:                 14602
 Memory core needed for (P|Q) and Cholesky      5 MByte
 Memory core minimum needed except of (P|Q)     3 MByte
 Total minimum memory core needed (sum)         7 MByte
  
 ****************************************
 Memory allocated for RI-J  2067 MByte
 ****************************************
                                            

 DSCF restart information will be dumped onto file alpha


 Starting SCF iterations

          Overall gridpoints after grid construction =        244878

 ITERATION  ENERGY          1e-ENERGY        2e-ENERGY     RMS[dD(SAO)]   TOL
   1  -3290.9922004410    -20858.302378     9385.8961490    0.000D+00 0.308D-11
                            Exc = -322.084868653     Coul =  9741.99542655    
                            exK = -34.0144088473    
                         Ntotal = 401.00056251      Nspin =0.99999181990    
                             Na = 201.00027716         Nb = 200.00028535    
                            current damping = 1.000
 
          max. resid. norm for Fia-block=  1.510D+00 for orbital     17a    beta 
          max. resid. fock norm         =  8.697D+00 for orbital    115a    beta 

 ITERATION  ENERGY          1e-ENERGY        2e-ENERGY     RMS[dD(SAO)]   TOL
   2  -3294.9905557951    -20880.100879     9403.6962951    0.949D-02 0.198D-11
                            Exc = -323.726690462      Eck =  9727.42298553    
                         Ntotal = 401.00044056      Nspin =0.99999508031    
                             Na = 201.00021782         Nb = 200.00022274    
                            current damping = 0.950
 
          Norm of current diis error:  3.2000    
          max. resid. norm for Fia-block=  5.067D-01 for orbital      1a    beta 
          max. resid. fock norm         =  8.337D-01 for orbital      1b1   beta 

 ITERATION  ENERGY          1e-ENERGY        2e-ENERGY     RMS[dD(SAO)]   TOL
   3  -3296.5296888127    -20893.892651     9415.9489345    0.535D-02 0.151D-11
                            Exc = -324.902898134      Eck =  9740.85183260    
                         Ntotal = 401.00024770      Nspin =0.99999017882    
                             Na = 201.00011894         Nb = 200.00012876    
                            current damping = 0.850
 
          Norm of current diis error:  1.8250    
          max. resid. norm for Fia-block=  2.494D-01 for orbital      1b1   beta 
          max. resid. fock norm         =  4.026D-01 for orbital      1b1   alpha

 ITERATION  ENERGY          1e-ENERGY        2e-ENERGY     RMS[dD(SAO)]   TOL
   4  -3297.1700302505    -20896.676670     9418.0926111    0.347D-02 0.129D-11
                            Exc = -325.508837985      Eck =  9743.60144908    
                         Ntotal = 401.00008499      Nspin =0.99998732991    
                             Na = 201.00003616         Nb = 200.00004883    
                            current damping = 0.750
 
          Norm of current diis error: 0.99302    
          max. resid. norm for Fia-block=  1.159D-01 for orbital     16b1   beta 
          max. resid. fock norm         =  1.855D-01 for orbital      1b1   beta 

 ITERATION  ENERGY          1e-ENERGY        2e-ENERGY     RMS[dD(SAO)]   TOL
   5  -3297.3731470534    -20904.289690     9425.5025147    0.344D-02 0.114D-11
                            Exc = -326.012413484      Eck =  9751.51492819    
                         Ntotal = 400.99997979      Nspin =0.99998025661    
                             Na = 200.99998002         Nb = 199.99999977    
                            current damping = 0.650
 
          Norm of current diis error: 0.62094    
          max. resid. norm for Fia-block=  7.027D-02 for orbital     46a    beta 
          max. resid. fock norm         =  9.795D-02 for orbital     52a    beta 
          mo-orthogonalization: Cholesky decomposition

 ITERATION  ENERGY          1e-ENERGY        2e-ENERGY     RMS[dD(SAO)]   TOL
   6  -3297.4549019765    -20901.033324     9422.1643941    0.274D-02 0.106D-11
                            Exc = -326.139924792      Eck =  9748.30431891    
                         Ntotal = 400.99991191      Nspin =0.99997891157    
                             Na = 200.99994541         Nb = 199.99996650    
                            current damping = 0.700
 
          Norm of current diis error: 0.43553    
          max. resid. norm for Fia-block=  3.300D-02 for orbital     47a    alpha
          max. resid. fock norm         =  4.738D-02 for orbital     52a    alpha

 ITERATION  ENERGY          1e-ENERGY        2e-ENERGY     RMS[dD(SAO)]   TOL
   7  -3297.5193421676    -20904.338168     9425.4047972    0.158D-02 0.102D-11
                            Exc = -326.276086404      Eck =  9751.68088359    
                         Ntotal = 400.99989114      Nspin =0.99997586454    
                             Na = 200.99993350         Nb = 199.99995764    
                            current damping = 0.750
 
          Norm of current diis error: 0.10033    
          max. resid. norm for Fia-block=  1.555D-02 for orbital     48a    alpha
          max. resid. fock norm         =  1.732D-02 for orbital     52a    alpha

 ITERATION  ENERGY          1e-ENERGY        2e-ENERGY     RMS[dD(SAO)]   TOL
   8  -3297.5249218024    -20904.618927     9425.6799767    0.570D-03 0.996D-12
                            Exc = -326.312369689      Eck =  9751.99234640    
                         Ntotal = 400.99988512      Nspin =0.99997463240    
                             Na = 200.99992988         Nb = 199.99995525    
                            current damping = 0.600
 
          Norm of current diis error: 0.50589E-01
          max. resid. norm for Fia-block=  8.325D-03 for orbital     48a    alpha
          max. resid. fock norm         =  1.012D-02 for orbital     52a    alpha

 ITERATION  ENERGY          1e-ENERGY        2e-ENERGY     RMS[dD(SAO)]   TOL
   9  -3297.5267338313    -20904.871683     9425.9309205    0.351D-03 0.973D-12
                            Exc = -326.332868411      Eck =  9752.26378895    
                         Ntotal = 400.99987986      Nspin =0.99997386673    
                             Na = 200.99992686         Nb = 199.99995300    
                            current damping = 0.450
 
          Norm of current diis error: 0.22825E-01
          max. resid. norm for Fia-block=  4.419D-03 for orbital     47a    alpha
          max. resid. fock norm         =  5.573D-03 for orbital     52a    alpha

 ITERATION  ENERGY          1e-ENERGY        2e-ENERGY     RMS[dD(SAO)]   TOL
  10  -3297.5272076013    -20904.783629     9425.8423931    0.209D-03 0.956D-12
                            Exc = -326.339771152      Eck =  9752.18216421    
                         Ntotal = 400.99988024      Nspin =0.99997342508    
                             Na = 200.99992683         Nb = 199.99995341    
                            current damping = 0.500
 
          Norm of current diis error: 0.12780E-01
          max. resid. norm for Fia-block=  2.319D-03 for orbital     47a    alpha
          max. resid. fock norm         =  2.604D-03 for orbital     52a    alpha
          mo-orthogonalization: Cholesky decomposition

 ITERATION  ENERGY          1e-ENERGY        2e-ENERGY     RMS[dD(SAO)]   TOL
  11  -3297.5273184984    -20904.935690     9425.9943437    0.969D-04 0.944D-12
                            Exc = -326.342691788      Eck =  9752.33703549    
                         Ntotal = 400.99987906      Nspin =0.99997324496    
                             Na = 200.99992615         Nb = 199.99995291    
                            current damping = 0.550
 
          Norm of current diis error: 0.74264E-02
          max. resid. norm for Fia-block=  1.366D-03 for orbital     46a    beta 
          max. resid. fock norm         =  1.608D-03 for orbital     51a    beta 

 ITERATION  ENERGY          1e-ENERGY        2e-ENERGY     RMS[dD(SAO)]   TOL
  12  -3297.5273473995    -20904.884844     9425.9434681    0.537D-04 0.935D-12
                            Exc = -326.342693048      Eck =  9752.28616118    
                         Ntotal = 400.99987902      Nspin =0.99997318027    
                             Na = 200.99992610         Nb = 199.99995292    
                            current damping = 0.600
 
          Norm of current diis error: 0.48801E-02
          max. resid. norm for Fia-block=  7.343D-04 for orbital     47a    alpha
          max. resid. fock norm         =  8.174D-04 for orbital     52a    alpha

 ITERATION  ENERGY          1e-ENERGY        2e-ENERGY     RMS[dD(SAO)]   TOL
  13  -3297.5273596312    -20904.906658     9425.9652703    0.254D-04 0.926D-12
                            Exc = -326.343835042      Eck =  9752.30910533    
                         Ntotal = 400.99987933      Nspin =0.99997312788    
                             Na = 200.99992623         Nb = 199.99995310    
                            current damping = 0.650
 
          Norm of current diis error: 0.12810E-02
          max. resid. norm for Fia-block=  3.353D-04 for orbital     47a    alpha
          max. resid. fock norm         =  4.084D-04 for orbital     52a    alpha

 ITERATION  ENERGY          1e-ENERGY        2e-ENERGY     RMS[dD(SAO)]   TOL
  14  -3297.5273616044    -20904.897687     9425.9562968    0.125D-04 0.922D-12
                            Exc = -326.343684919      Eck =  9752.29998172    
                         Ntotal = 400.99987933      Nspin =0.99997311353    
                             Na = 200.99992622         Nb = 199.99995311    
                            current damping = 0.700
 
          Norm of current diis error: 0.71107E-03
          max. resid. norm for Fia-block=  1.831D-04 for orbital     47a    alpha
          max. resid. fock norm         =  2.075D-04 for orbital     52a    alpha

 ITERATION  ENERGY          1e-ENERGY        2e-ENERGY     RMS[dD(SAO)]   TOL
  15  -3297.5273621840    -20904.907888     9425.9664981    0.623D-05 0.915D-12
                            Exc = -326.343745919      Eck =  9752.31024399    
                         Ntotal = 400.99987932      Nspin =0.99997310364    
                             Na = 200.99992621         Nb = 199.99995311    
                            current damping = 0.750
 
          Norm of current diis error: 0.49352E-03
          max. resid. norm for Fia-block=  1.064D-04 for orbital     46a    beta 
          max. resid. fock norm         =  1.305D-04 for orbital     52a    alpha
          mo-orthogonalization: Cholesky decomposition

 ITERATION  ENERGY          1e-ENERGY        2e-ENERGY     RMS[dD(SAO)]   TOL
  16  -3297.5273623735    -20904.902044     9425.9606531    0.416D-05 0.909D-12
                            Exc = -326.343771899      Eck =  9752.30442500    
                         Ntotal = 400.99987936      Nspin =0.99997309956    
                             Na = 200.99992623         Nb = 199.99995313    
                            current damping = 0.800
 
          Norm of current diis error: 0.38004E-03
          max. resid. norm for Fia-block=  8.528D-05 for orbital     47a    alpha
          max. resid. fock norm         =  9.606D-05 for orbital     52a    alpha

 ITERATION  ENERGY          1e-ENERGY        2e-ENERGY     RMS[dD(SAO)]   TOL
  17  -3297.5273624517    -20904.904219     9425.9628284    0.244D-05 0.898D-12
                            Exc = -326.343834811      Eck =  9752.30666326    
                         Ntotal = 400.99987937      Nspin =0.99997309639    
                             Na = 200.99992623         Nb = 199.99995314    
                            current damping = 0.850
 
          Norm of current diis error: 0.29152E-03
          max. resid. norm for Fia-block=  4.630D-05 for orbital     46a    beta 
          max. resid. fock norm         =  5.277D-05 for orbital     51a    beta 

 ITERATION  ENERGY          1e-ENERGY        2e-ENERGY     RMS[dD(SAO)]   TOL
  18  -3297.5273625070    -20904.902862     9425.9614710    0.155D-05 0.876D-12
                            Exc = -326.343769581      Eck =  9752.30524054    
                         Ntotal = 400.99987935      Nspin =0.99997309607    
                             Na = 200.99992622         Nb = 199.99995313    
                            current damping = 0.900
 
          Norm of current diis error: 0.13077E-03
          max. resid. norm for Fia-block=  2.574D-05 for orbital     47a    alpha
          max. resid. fock norm         =  2.980D-05 for orbital     52a    alpha

 ITERATION  ENERGY          1e-ENERGY        2e-ENERGY     RMS[dD(SAO)]   TOL
  19  -3297.5273625366    -20904.903845     9425.9624541    0.892D-06 0.843D-12
                            Exc = -326.343766058      Eck =  9752.30622014    
                         Ntotal = 400.99987935      Nspin =0.99997309458    
                             Na = 200.99992622         Nb = 199.99995313    
                            current damping = 0.950
 
          Norm of current diis error: 0.65771E-04
          max. resid. norm for Fia-block=  1.744D-05 for orbital     47a    alpha
          max. resid. fock norm         =  2.245D-05 for orbital     52a    alpha

 ITERATION  ENERGY          1e-ENERGY        2e-ENERGY     RMS[dD(SAO)]   TOL
  20  -3297.5273625481    -20904.903210     9425.9618192    0.725D-06 0.797D-12
                            Exc = -326.343774641      Eck =  9752.30559385    
                         Ntotal = 400.99987936      Nspin =0.99997309375    
                             Na = 200.99992623         Nb = 199.99995313    
                            current damping = 1.000
 
          Norm of current diis error: 0.47292E-04
          max. resid. norm for Fia-block=  1.315D-05 for orbital     47a    alpha
          max. resid. fock norm         =  1.833D-05 for orbital     52a    alpha
          mo-orthogonalization: Cholesky decomposition

 ITERATION  ENERGY          1e-ENERGY        2e-ENERGY     RMS[dD(SAO)]   TOL
  21  -3297.5273625322    -20904.903609     9425.9622185    0.613D-06 0.876D-12
                            Exc = -326.343777334      Eck =  9752.30599586    
                         Ntotal = 400.99987936      Nspin =0.99997309312    
                             Na = 200.99992622         Nb = 199.99995313    
                            current damping = 1.050
 
          Norm of current diis error: 0.42312E-04
          max. resid. norm for Fia-block=  1.164D-05 for orbital     51a    alpha
          max. resid. fock norm         =  1.392D-05 for orbital     52a    alpha

 ENERGY & DENSITY CONVERGED !


 ITERATION  ENERGY          1e-ENERGY        2e-ENERGY     RMS[dD(SAO)]   TOL
  22  -3297.5273625416    -20904.903545     9425.9621539    0.563D-06 0.308D-11
                            Exc = -326.343771575     Coul =  9786.83749725    
                            exK = -34.5315717672    
                         Ntotal = 400.99987936      Nspin =0.99997309343    
                             Na = 200.99992623         Nb = 199.99995313    
                            current damping = 1.100
 
          Norm of current diis error: 0.32049E-04
          max. resid. norm for Fia-block=  1.273D-05 for orbital     51a    alpha
          max. resid. fock norm         =  1.414D-05 for orbital     52a    alpha

 End of SCF iterations

   convergence criteria satisfied after    22 iterations


                  ------------------------------------------ 
                 |  total energy      =  -3297.52736254163  |
                  ------------------------------------------ 
                 :  kinetic energy    =   3176.32949087099  :
                 :  potential energy  =  -6473.85685341262  :
                 :  virial theorem    =      1.96324583291  :
                 :  wavefunction norm =      1.00000000000  :
                  .......................................... 


 <geterg> : there is no data group $energy 


 <skperg> : $end is missing 


 orbitals $uhfmo_beta  will be written to file beta

 orbitals $uhfmo_alpha  will be written to file alpha
 
 alpha: 

    irrep                 47a         48a         49a         50a         51a   
 eigenvalues H         -0.18421    -0.18260    -0.10865    -0.10684    -0.02788
            eV          -5.0127     -4.9689     -2.9565     -2.9073     -0.7586
 occupation              1.0000      1.0000      1.0000      1.0000      1.0000

    irrep                 52a         53a         54a         55a         56a   
 eigenvalues H         -0.00797     0.07307     0.09509     0.12548     0.13169
            eV          -0.2170      1.9884      2.5875      3.4144      3.5835

    irrep                 46b1        47b1        48b1        49b1        50b1  
 eigenvalues H         -0.18554    -0.15690    -0.11702    -0.10631    -0.09526
            eV          -5.0488     -4.2695     -3.1842     -2.8930     -2.5923
 occupation              1.0000      1.0000      1.0000      1.0000      1.0000

    irrep                 51b1        52b1        53b1        54b1        55b1  
 eigenvalues H          0.01699     0.09649     0.09782     0.12440     0.13276
            eV           0.4622      2.6256      2.6618      3.3851      3.6126

    irrep                 46b2        47b2        48b2        49b2        50b2  
 eigenvalues H         -0.19203    -0.14603    -0.12473    -0.09791    -0.09067
            eV          -5.2254     -3.9737     -3.3941     -2.6643     -2.4674
 occupation              1.0000      1.0000      1.0000      1.0000      1.0000

    irrep                 51b2        52b2        53b2        54b2        55b2  
 eigenvalues H          0.04896     0.09171     0.12031     0.12492     0.13334
            eV           1.3324      2.4956      3.2740      3.3993      3.6283

    irrep                 46b3        47b3        48b3        49b3        50b3  
 eigenvalues H         -0.19194    -0.14614    -0.12493    -0.09792    -0.09048
            eV          -5.2231     -3.9768     -3.3995     -2.6646     -2.4621
 occupation              1.0000      1.0000      1.0000      1.0000      1.0000

    irrep                 51b3        52b3        53b3        54b3        55b3  
 eigenvalues H          0.04931     0.09168     0.12031     0.12487     0.13339
            eV           1.3419      2.4949      3.2738      3.3980      3.6299
 
 beta:  

    irrep                 46a         47a         48a         49a         50a   
 eigenvalues H         -0.19978    -0.18085    -0.15760    -0.10731    -0.10676
            eV          -5.4362     -4.9212     -4.2887     -2.9202     -2.9050
 occupation              1.0000      1.0000      1.0000      1.0000      1.0000

    irrep                 51a         52a         53a         54a         55a   
 eigenvalues H          0.00413     0.03969     0.07487     0.09515     0.12701
            eV           0.1124      1.0801      2.0374      2.5891      3.4561

    irrep                 46b1        47b1        48b1        49b1        50b1  
 eigenvalues H         -0.18386    -0.15693    -0.11448    -0.10626    -0.09022
            eV          -5.0032     -4.2704     -3.1152     -2.8916     -2.4550
 occupation              1.0000      1.0000      1.0000      1.0000      1.0000

    irrep                 51b1        52b1        53b1        54b1        55b1  
 eigenvalues H          0.01915     0.09690     0.09863     0.12480     0.13281
            eV           0.5211      2.6368      2.6838      3.3959      3.6139

    irrep                 46b2        47b2        48b2        49b2        50b2  
 eigenvalues H         -0.18646    -0.14429    -0.12243    -0.09775    -0.08997
            eV          -5.0739     -3.9262     -3.3314     -2.6600     -2.4481
 occupation              1.0000      1.0000      1.0000      1.0000      1.0000

    irrep                 51b2        52b2        53b2        54b2        55b2  
 eigenvalues H          0.05707     0.09273     0.12067     0.12521     0.13347
            eV           1.5531      2.5235      3.2835      3.4073      3.6320

    irrep                 46b3        47b3        48b3        49b3        50b3  
 eigenvalues H         -0.18642    -0.14439    -0.12263    -0.09777    -0.08976
            eV          -5.0727     -3.9292     -3.3368     -2.6604     -2.4424
 occupation              1.0000      1.0000      1.0000      1.0000      1.0000

    irrep                 51b3        52b3        53b3        54b3        55b3  
 eigenvalues H          0.05735     0.09274     0.12064     0.12517     0.13353
            eV           1.5607      2.5236      3.2829      3.4060      3.6336
 

                                             _ _ _ 
  IRREP     alpha occ.     beta occ.      tr(D*D-D)


 a         51.00000000    50.00000000    -0.25186621


 b1        50.00000000    50.00000000    -0.00016217


 b2        50.00000000    50.00000000    -0.00055627


 b3        50.00000000    50.00000000    -0.00055042

   -------------------------------------------------

   sum    201.00000000   200.00000000    -0.25313506

 <S*S>     0.75627012

 
 
 
 ==============================================================================
                           electrostatic moments
 ==============================================================================

 reference point for electrostatic moments:    0.00000   0.00000   0.00000

 
              nuc           elec       ->  total
 ------------------------------------------------------------------------------
                          charge      
 ------------------------------------------------------------------------------
         400.000000    -401.000000      -1.000000
 a-b                                     1.000000
 
 ------------------------------------------------------------------------------
                       dipole moment  
 ------------------------------------------------------------------------------
   x       0.000000       0.000000       0.000000
   y       0.000000      -0.000000      -0.000000
   z       0.000000       0.000000       0.000000
 
   | dipole moment | =     0.0000 a.u. =     0.0000 debye 
 
 ------------------------------------------------------------------------------
                     quadrupole moment
 ------------------------------------------------------------------------------
  xx    5074.734946   -5369.123508    -294.388562
  yy    5039.188590   -5333.416713    -294.228123
  zz   25319.418604  -25637.913714    -318.495111
  xy       0.000000       0.000000       0.000000
  xz       0.000000      -0.000000      -0.000000
  yz      -0.000000       0.000000       0.000000
 
     1/3  trace=    -302.370599
     anisotropy=      24.187167
 
 ==============================================================================
 
HOMO-LUMO Separation
 HOMO         :   -0.02787730 H =     -0.75858 eV
 LUMO         :   -0.00797405 H =     -0.21699 eV
 HOMO-LUMO gap:    0.01990325 H =     +0.54160 eV
 
 ==============================================================================


    ------------------------------------------------------------------------
         total  cpu-time : 39 minutes and 25 seconds
         total wall-time :  2 minutes and 11 seconds
    ------------------------------------------------------------------------

   ****  ridft : all done  ****


    2020-08-11 11:29:00.511 

