
 ridft (login-i15) : TURBOMOLE rev. V7.5.0 compiled 13 Jun 2020 at 23:29:25
 Copyright (C) 2020 TURBOMOLE GmbH, Karlsruhe


    2020-07-23 22:17:51.996 



                                  r i d f t

                        DFT program with RI approximation 
                                for coulomb part 




                                                 
                                 References:     
                                                 
          TURBOMOLE:                             
              R. Ahlrichs, M. Baer, M. Haeser, H. Horn, and
              C. Koelmel
              Electronic structure calculations on workstation
              computers: the program system TURBOMOLE
              Chem. Phys. Lett. 162: 165 (1989)
          Density Functional:                              
              O. Treutler and R. Ahlrichs                      
              Efficient Molecular Numerical Integration Schemes
              J. Chem. Phys. 102: 346 (1995)                   
          Parallel Version:                                
              Performance of parallel TURBOMOLE for Density    
              Functional Calculations                          
              M. v. Arnim and R. Ahlrichs                      
              J. Comp. Chem. 19: 1746 (1998)                   
          RI-J Method:                                     
              Auxiliary Basis Sets to approximate Coulomb      
              Potentials                                       
              Chem. Phys. Lett. 240: 283 (1995)                
              K. Eichkorn, O. Treutler, H. Oehm, M. Haeser     
              and R. Ahlrichs                                  
              Chem. Phys. Lett. 242: 652 (1995)                
                                                           
              Auxiliary Basis Sets for Main Row Atoms and their
              Use to approximate Coulomb Potentials            
              K. Eichkorn, F. Weigend, O. Treutler and         
              R. Ahlrichs                                      
              Theo. Chem. Acc. 97: 119 (1997)                   
                                                           
              Accurate Coulomb-fitting basis sets for H to Rn 
              F. Weigend                                        
              Phys. Chem. Chem. Phys. 8: 1057 (2006)            
                                                           
          Multipole accelerated RI-J (MARI-J):             
              Fast evaluation of the Coulomb potential for     
              electron densities using multipole accelerated   
              resolution of identity approximation             
              M. Sierka, A. Hogekamp and R. Ahlrichs           
              J. Chem. Phys. 118: 9136 (2003)                  
          RI-JK Method:                                     
              A fully direct RI-HF algorithm: Implementation,
              optimised auxiliary basis sets, demonstration of
              accuracy and efficiency                         
              F. Weigend                                      
              Phys. Chem. Chem. Phys. 4: 4285 (2002)           
          Two-component HF and DFT with spin-orbit coupling:  
              Self-consistent treatment of spin-orbit         
              interactions with efficient Hartree-Fock and    
              density functional methods                      
              M. K. Armbruster, F. Weigend, C. van Wüllen and 
              W. Klopper                                      
              Phys. Chem. Chem. Phys. 10: 1748 (2008)         
          Two-component difference density and DIIS algorithm 
              Efficient two-component self-consistent field   
              procedures and gradients: implementation in     
              TURBOMOLE and application to Au20-              
              A. Baldes, F. Weigend                           
              Mol. Phys. 111: 2617 (2013)                     
          Relativistic all-electron 2c calculations           
              An efficient implementation of two-component    
              relativistic exact-decoupling methods for large 
              molecules                                       
              D. Peng, N. Middendorf, F. Weigend, M. Reiher   
              J. Chem. Phys. 138: 184105 (2013)               
          Finite nucleus model and SNSO approximation         
              Efficient implementation of one- and two-       
              component analytical energy gradients in exact  
              two-component theory                            
              Y. J. Franzke, N. Middendorf, F. Weigend        
              J. Chem. Phys. 148: 104110 (2018)               
          Grids for all-electron relativistic methods         
              Error-consistent segmented contracted all-      
              electron relativistic basis sets of double-     
              and triple-zeta quality for NMR shielding       
              constants                                       
              Y. J. Franzke, R. Tress, T. M. Pazdera,         
              F. Weigend                                      
              Phys. Chem. Chem. Phys. 21: 166658 (2019)       
          Seminumerical exchange algorithms                   
              Seminumerical calculation of the Hartree-Fock   
              exchange matirx: Application to two-component   
              procedures and efficient evaluation of local    
              hybrid functionsl                               
              P. Plessow, F. Weigend,                         
              J. Comput. Chem. 33: 810 (2012)                 
          Improved seminumerical algorithms                   
              C. Holzer, in preparation (2020)                
                                         




              +--------------------------------------------------+
              |      general information about current run       |
              +--------------------------------------------------+

 
no calculation of wave function, analysis of properties only
 TPSS global hybrid functional
 exchange:    9/10 (LDA+TPSS) + 1/10 HF
 correlation: LDA (PW) + TPSS
 A Hybrid-DFT calculation using the RI-J approximation will be carried out.
 Allocatable memory for RI due to $ricore (MB):                 55000
 Multipole approximation for Coulomb integrals is used


              +--------------------------------------------------+
              | Atomic coordinate, charge and isotop information |
              +--------------------------------------------------+

                    atomic coordinates            atom    charge  isotop
          0.00000000    0.00000000    0.00000000    mo    42.000     0
          0.00000000    0.00000000   -6.39356241    tb    65.000     0
          0.00000000    0.00000000    6.39356241    tb    65.000     0
          2.42632976    2.42632976   -2.51314193    s     16.000     0
         -2.42632976   -2.42632976   -2.51314193    s     16.000     0
          2.42632976   -2.42632976    2.51314193    s     16.000     0
         -2.42632976    2.42632976    2.51314193    s     16.000     0
          4.65086357   -1.58439727   -7.64305451    c      6.000     0
          3.58803636   -3.58803636   -6.21363240    c      6.000     0
          1.58439727   -4.65086357   -7.64305451    c      6.000     0
          1.39675929   -3.29725428   -9.95467495    c      6.000     0
          3.29725428   -1.39675929   -9.95467495    c      6.000     0
         -1.58439727    4.65086357   -7.64305451    c      6.000     0
         -3.58803636    3.58803636   -6.21363240    c      6.000     0
         -4.65086357    1.58439727   -7.64305451    c      6.000     0
         -3.29725428    1.39675929   -9.95467495    c      6.000     0
         -1.39675929    3.29725428   -9.95467495    c      6.000     0
          1.58439727    4.65086357    7.64305451    c      6.000     0
          1.39675929    3.29725428    9.95467495    c      6.000     0
          3.29725428    1.39675929    9.95467495    c      6.000     0
          4.65086357    1.58439727    7.64305451    c      6.000     0
          3.58803636    3.58803636    6.21363240    c      6.000     0
         -4.65086357   -1.58439727    7.64305451    c      6.000     0
         -3.29725428   -1.39675929    9.95467495    c      6.000     0
         -1.39675929   -3.29725428    9.95467495    c      6.000     0
         -1.58439727   -4.65086357    7.64305451    c      6.000     0
         -3.58803636   -3.58803636    6.21363240    c      6.000     0
          0.37378565   -6.20837776   -7.03978975    h      1.000     0
          0.04984640   -3.66479762  -11.47438272    h      1.000     0
          4.15358953   -4.15358953   -4.31295761    h      1.000     0
          3.66479762   -0.04984640  -11.47438272    h      1.000     0
          6.20837776   -0.37378565   -7.03978975    h      1.000     0
         -0.04984640    3.66479762  -11.47438272    h      1.000     0
         -0.37378565    6.20837776   -7.03978975    h      1.000     0
         -4.15358953    4.15358953   -4.31295761    h      1.000     0
         -6.20837776    0.37378565   -7.03978975    h      1.000     0
         -3.66479762    0.04984640  -11.47438272    h      1.000     0
         -0.37378565   -6.20837776    7.03978975    h      1.000     0
         -4.15358953   -4.15358953    4.31295761    h      1.000     0
         -6.20837776   -0.37378565    7.03978975    h      1.000     0
         -3.66479762   -0.04984640   11.47438272    h      1.000     0
         -0.04984640   -3.66479762   11.47438272    h      1.000     0
          0.04984640    3.66479762   11.47438272    h      1.000     0
          0.37378565    6.20837776    7.03978975    h      1.000     0
          4.15358953    4.15358953    4.31295761    h      1.000     0
          3.66479762    0.04984640   11.47438272    h      1.000     0
          6.20837776    0.37378565    7.03978975    h      1.000     0
 
       center of nuclear mass  :   -0.00000000    0.00000000    0.00000000
       center of nuclear charge:    0.00000000   -0.00000000    0.00000000

              +--------------------------------------------------+
              |               basis set information              |
              +--------------------------------------------------+

              we will work with the 1s 3p 5d 7f 9g ... basis set
              ...i.e. with spherical basis functions...

   type   atoms  prim   cont   basis
   ---------------------------------------------------------------------------
    mo       1     50     24   def2-SV(P)   [5s3p2d|7s6p5d]
    tb       2    144     69   def2-SV(P)   [10s6p4d3f|14s12p9d7f]
    s        4     36     18   def2-SV(P)   [4s3p1d|10s7p1d]
    c       20     24     14   def2-SV(P)   [3s2p1d|7s4p1d]
    h       20      4      2   def2-SV(P)   [2s|4s]
   ---------------------------------------------------------------------------
   total:   47   1042    554
   ---------------------------------------------------------------------------

   total number of primitive shells          :   94
   total number of contracted shells         :  248
   total number of cartesian basis functions :  606
   total number of SCF-basis functions       :  554

 number of unique ecp types :                     2

 integral neglect threshold       :  0.55E-10
 integral storage threshold THIZE :  0.10E-04
 integral storage threshold THIME :         5

 RI-J AUXILIARY BASIS SET information:

              we will work with the 1s 3p 5d 7f 9g ... basis set
              ...i.e. with spherical basis functions...

   type   atoms  prim   cont   basis
   ---------------------------------------------------------------------------
    mo       1     99     89   def2-SV(P)   [8s5p5d2f3g|11s5p5d3f3g]
    tb       2    263    200   def2-SV(P)   [14s7p6d6f5g2h2i|18s7p6d6f6g3h5i]
    s        4     77     51   def2-SV(P)   [8s4p3d1f1g|14s5p5d2f1g]
    c       20     70     49   def2-SV(P)   [6s4p3d1f1g|12s5p4d2f1g]
    h       20     16     11   def2-SV(P)   [3s1p1d|5s2p1d]
   ---------------------------------------------------------------------------
   total:   47   2653   1893
   ---------------------------------------------------------------------------

   total number of primitive shells          :  137
   total number of contracted shells         :  575
   total number of cartesian basis functions : 2438
   total number of SCF-basis functions       : 1893


 symmetry group of the molecule :   d2d

 the group has the following generators :
   s4(z)
   c2(x)

    8 symmetry operations found

 there are 5 real representations :   a1   a2   b1   b2   e   

 maximum number of shells which are related by symmetry :  8

  
           ------------------
           density functional
           ------------------
 TPSS global hybrid functional
 exchange:    9/10 (LDA+TPSS) + 1/10 HF
 correlation: LDA (PW) + TPSS

 spherical integration : Lebedev's spherical grid
 spherical gridsize    :                     4
    i.e. gridpoints    :                   434
 value for diffuse not defined
 radial integration    : Chebyshev 2nd kind (scaling 3)
 radial gridsize       :                     6
 integration cells     :                     9
 partition function    : becke
 partition sharpness   :                     3
  
 
 Derivatives of quadrature weights will be included
 

 biggest AO integral is expected to be    24.571909273

          ------------------------
          nuclear repulsion energy  :   5030.92786316    
          ------------------------

  _________________________________
 |                                 |
 |         DFTD3 V3.1 Rev 0        |
 | S.Grimme, University Bonn       |
 |            June  2014           |
 |   see standalone version        |
 |       dftd3 -h for options      |
 |_________________________________|
 
 Please cite DFT-D3 work done with this code as:
 S. Grimme, J. Antony, S. Ehrlich and H. Krieg,
 J. Chem. Phys, 132 (2010), 154104.
 If used with BJ-damping cite also
 S. Grimme, S. Ehrlich and L. Goerigk,
 J. Comput. Chem. 32 (2011), 1456-1465
 For DFT-D2 the reference is
 S. Grimme, J. Comput. Chem., 27 (2006), 1787-1799
 
C6 coefficients used:
                     2  C6 for element                      1
Z=  1 CN= 0.912     C6(AA)=    3.03
Z=  1 CN= 0.000     C6(AA)=    7.59
                     5  C6 for element                      6
Z=  6 CN= 0.000     C6(AA)=   49.11
Z=  6 CN= 0.987     C6(AA)=   43.25
Z=  6 CN= 1.998     C6(AA)=   29.36
Z=  6 CN= 2.999     C6(AA)=   25.78
Z=  6 CN= 3.984     C6(AA)=   18.21
                     3  C6 for element                     16
Z= 16 CN= 0.000     C6(AA)=  134.01
Z= 16 CN= 0.995     C6(AA)=  131.00
Z= 16 CN= 1.990     C6(AA)=  125.81
                     3  C6 for element                     42
Z= 42 CN= 0.000     C6(AA)=  845.90
Z= 42 CN= 1.942     C6(AA)=  502.01
Z= 42 CN=11.056     C6(AA)=  337.11
                     2  C6 for element                     65
Z= 65 CN= 0.000     C6(AA)= 2851.67
Z= 65 CN= 2.909     C6(AA)=  524.92

#           XYZ [au]              R0(AA) [Ang.]  CN          C6(AA)     C8(AA)   C10(AA) [au]
  1   0.00000   0.00000   0.00000   mo  1.286  5.589       502.0     57804.9   8153712.7
  2   0.00000   0.00000  -6.39356   tb  1.828 11.704       524.9    122112.4  34798715.8
  3   0.00000   0.00000   6.39356   tb  1.828 11.704       524.9    122112.4  34798715.8
  4   2.42633   2.42633  -2.51314   s   0.839  2.039       125.9      6166.8    370096.7
  5  -2.42633  -2.42633  -2.51314   s   0.839  2.039       125.9      6166.8    370096.7
  6   2.42633  -2.42633   2.51314   s   0.839  2.039       125.9      6166.8    370096.7
  7  -2.42633   2.42633   2.51314   s   0.839  2.039       125.9      6166.8    370096.7
  8   4.65086  -1.58440  -7.64305   c   0.644  4.104        18.3       528.1     18710.1
  9   3.58804  -3.58804  -6.21363   c   0.644  4.101        18.3       528.1     18711.6
 10   1.58440  -4.65086  -7.64305   c   0.644  4.104        18.3       528.1     18710.1
 11   1.39676  -3.29725  -9.95467   c   0.644  4.106        18.3       528.1     18709.3
 12   3.29725  -1.39676  -9.95467   c   0.644  4.106        18.3       528.1     18709.3
 13  -1.58440   4.65086  -7.64305   c   0.644  4.104        18.3       528.1     18710.1
 14  -3.58804   3.58804  -6.21363   c   0.644  4.101        18.3       528.1     18711.6
 15  -4.65086   1.58440  -7.64305   c   0.644  4.104        18.3       528.1     18710.1
 16  -3.29725   1.39676  -9.95467   c   0.644  4.106        18.3       528.1     18709.3
 17  -1.39676   3.29725  -9.95467   c   0.644  4.106        18.3       528.1     18709.3
 18   1.58440   4.65086   7.64305   c   0.644  4.104        18.3       528.1     18710.1
 19   1.39676   3.29725   9.95467   c   0.644  4.106        18.3       528.1     18709.3
 20   3.29725   1.39676   9.95467   c   0.644  4.106        18.3       528.1     18709.3
 21   4.65086   1.58440   7.64305   c   0.644  4.104        18.3       528.1     18710.1
 22   3.58804   3.58804   6.21363   c   0.644  4.101        18.3       528.1     18711.6
 23  -4.65086  -1.58440   7.64305   c   0.644  4.104        18.3       528.1     18710.1
 24  -3.29725  -1.39676   9.95467   c   0.644  4.106        18.3       528.1     18709.3
 25  -1.39676  -3.29725   9.95467   c   0.644  4.106        18.3       528.1     18709.3
 26  -1.58440  -4.65086   7.64305   c   0.644  4.104        18.3       528.1     18710.1
 27  -3.58804  -3.58804   6.21363   c   0.644  4.101        18.3       528.1     18711.6
 28   0.37379  -6.20838  -7.03979   h   0.417  1.014         3.1        37.3       552.1
 29   0.04985  -3.66480 -11.47438   h   0.417  1.013         3.1        37.3       552.2
 30   4.15359  -4.15359  -4.31296   h   0.417  1.016         3.1        37.3       552.0
 31   3.66480  -0.04985 -11.47438   h   0.417  1.013         3.1        37.3       552.2
 32   6.20838  -0.37379  -7.03979   h   0.417  1.014         3.1        37.3       552.1
 33  -0.04985   3.66480 -11.47438   h   0.417  1.013         3.1        37.3       552.2
 34  -0.37379   6.20838  -7.03979   h   0.417  1.014         3.1        37.3       552.1
 35  -4.15359   4.15359  -4.31296   h   0.417  1.016         3.1        37.3       552.0
 36  -6.20838   0.37379  -7.03979   h   0.417  1.014         3.1        37.3       552.1
 37  -3.66480   0.04985 -11.47438   h   0.417  1.013         3.1        37.3       552.2
 38  -0.37379  -6.20838   7.03979   h   0.417  1.014         3.1        37.3       552.1
 39  -4.15359  -4.15359   4.31296   h   0.417  1.016         3.1        37.3       552.0
 40  -6.20838  -0.37379   7.03979   h   0.417  1.014         3.1        37.3       552.1
 41  -3.66480  -0.04985  11.47438   h   0.417  1.013         3.1        37.3       552.2
 42  -0.04985  -3.66480  11.47438   h   0.417  1.013         3.1        37.3       552.2
 43   0.04985   3.66480  11.47438   h   0.417  1.013         3.1        37.3       552.2
 44   0.37379   6.20838   7.03979   h   0.417  1.014         3.1        37.3       552.1
 45   4.15359   4.15359   4.31296   h   0.417  1.016         3.1        37.3       552.0
 46   3.66480   0.04985  11.47438   h   0.417  1.013         3.1        37.3       552.2
 47   6.20838   0.37379   7.03979   h   0.417  1.014         3.1        37.3       552.1

molecular C6(AA) [au] =     53536.22

           DFT-D V3(BJ)
 DF tpssh                                             
 parameters
 s6       :    1.0000
 s8       :    2.2382
 a1       :    0.4529
 a2       :    4.6550
 k1-k3    :   16.0000    1.3333   -4.0000
 
 Edisp /kcal,au:   -67.7110 -0.10790439

 E6    /kcal :   -26.4903
 E8    /kcal :   -41.2207
 % E8        : 60.88
 nuclear repulsion energy                  =    5030.927863156
 empirical dispersive energy correction    =      -0.107904387
 nuclear repulsion + dispersion correction =    5030.819958770


         -----------------
         -S,T+V- integrals
         -----------------

 1e-integrals will be neglected if expon. factor < 0.551479E-11


          ----------------
          -ecp-  integrals
          ----------------
 
   Difference densities algorithm switched on.
   The maximal number of linear combinations of
   difference densities is                    20 .

 DIIS switched on: error vector is FDS-SDF
 Max. Iterations for DIIS is     :   4
 DIIS matrix (see manual) 
    Scaling factor of diagonals  :  1.200
    threshold for scaling factor :  0.000

 scf convergence criterion : increment of total energy < .1000000D-05
                  and increment of one-electron energy < .1000000D-02

 MOs are in ASCII format !


    mo occupation :
   irrep   mo's   occupied
    a1      94       27
    a2      48       11
    b1      50       11
    b2      92       27
    e      135       38
 
 number of basis functions   :   554
 number of occupied orbitals :   152
 

 reading orbital data $uhfmo_alpha  from file alpha
 orbital characterization : scfconv=6

 reading orbital data $uhfmo_beta  from file beta
 orbital characterization : scfconv=6
 mo-orthogonalization by Cholesky decomposition
 mo-orthogonalization by Cholesky decomposition

 UHF mode switched on !

 closed shell shift switched on 
 all occupied orbitals are shifted by    0.20000

  
           ------------------------
               RI-J - INFORMATION
           ------------------------
 
    +---------------- Multipole Accelerated RI-J ---------------+
    -------------------------------------------------------------
      Number of bins for density partition        :  8
      Maximum multipole moment used               : 14
      Multipole precision parameter               :  1.0000E-08
      Threshold for moment summation              :  1.0000E-24
      Minimum separation between boxes            :  0.0000E+00
      Maximum allowed extent                      :  2.0000E+01
    +-----------------------------------------------------------+
 
 Extensions and centers of shell-pairs:
  number of shells with a single center:     3108
  number of shells with double centers:       138
 Contributions to RI integral batches: 
  neglected integral batches:                     27630
  multipole/direct contribution:                      0
  multipole/memory contribution:                   3246
 Memory core needed for (P|Q) and Cholesky      1 MByte
 Memory core minimum needed except of (P|Q)     1 MByte
 Total minimum memory core needed (sum)         2 MByte
  
 ****************************************
 Memory allocated for RI-J   414 MByte
 ****************************************
                                            
 
 
 
 ==============================================================================
                           electrostatic moments
 ==============================================================================

 reference point for electrostatic moments:    0.00000   0.00000   0.00000

 
              nuc           elec       ->  total
 ------------------------------------------------------------------------------
                          charge      
 ------------------------------------------------------------------------------
         292.000000    -293.000000      -1.000000
 a-b                                    11.000000
 
 ------------------------------------------------------------------------------
                       dipole moment  
 ------------------------------------------------------------------------------
   x      -0.000000      -0.000000      -0.000000
   y       0.000000       0.000000       0.000000
   z       0.000000      -0.000000      -0.000000
 
   | dipole moment | =     0.0000 a.u. =     0.0000 debye 
 
 ------------------------------------------------------------------------------
                     quadrupole moment
 ------------------------------------------------------------------------------
  xx    1850.353854   -2057.234157    -206.880304
  yy    1850.353854   -2057.234157    -206.880304
  zz   13440.518623  -13666.228626    -225.710003
  xy      -0.000000      -0.000000      -0.000000
  xz       0.000000       0.000000       0.000000
  yz      -0.000000       0.000000       0.000000
 
     1/3  trace=    -213.156870
     anisotropy=      18.829699
 
 
 ==============================================================================
                  NATURAL POPULATION ANALYSIS (AO-BASIS) 
 ==============================================================================
A.E. Reed, R.B. Weinstock and F. Weinhold:
Natural population analysis, J. Chem. Phys. 83(2), 735(1985)
nbfiat:  1  5  9 10  0  0  0  0  0  0  0  0
nbfiat:  2 10 18 20 21  0  0  0  0  0  0  0
nbfiat:  3 10 18 20 21  0  0  0  0  0  0  0
nbfiat:  4  4  9  5  0  0  0  0  0  0  0  0
nbfiat:  5  4  9  5  0  0  0  0  0  0  0  0
nbfiat:  6  4  9  5  0  0  0  0  0  0  0  0
nbfiat:  7  4  9  5  0  0  0  0  0  0  0  0
nbfiat:  8  3  6  5  0  0  0  0  0  0  0  0
nbfiat:  9  3  6  5  0  0  0  0  0  0  0  0
nbfiat: 10  3  6  5  0  0  0  0  0  0  0  0
nbfiat: 11  3  6  5  0  0  0  0  0  0  0  0
nbfiat: 12  3  6  5  0  0  0  0  0  0  0  0
nbfiat: 13  3  6  5  0  0  0  0  0  0  0  0
nbfiat: 14  3  6  5  0  0  0  0  0  0  0  0
nbfiat: 15  3  6  5  0  0  0  0  0  0  0  0
nbfiat: 16  3  6  5  0  0  0  0  0  0  0  0
nbfiat: 17  3  6  5  0  0  0  0  0  0  0  0
nbfiat: 18  3  6  5  0  0  0  0  0  0  0  0
nbfiat: 19  3  6  5  0  0  0  0  0  0  0  0
nbfiat: 20  3  6  5  0  0  0  0  0  0  0  0
nbfiat: 21  3  6  5  0  0  0  0  0  0  0  0
nbfiat: 22  3  6  5  0  0  0  0  0  0  0  0
nbfiat: 23  3  6  5  0  0  0  0  0  0  0  0
nbfiat: 24  3  6  5  0  0  0  0  0  0  0  0
nbfiat: 25  3  6  5  0  0  0  0  0  0  0  0
nbfiat: 26  3  6  5  0  0  0  0  0  0  0  0
nbfiat: 27  3  6  5  0  0  0  0  0  0  0  0
nbfiat: 28  2  0  0  0  0  0  0  0  0  0  0
nbfiat: 29  2  0  0  0  0  0  0  0  0  0  0
nbfiat: 30  2  0  0  0  0  0  0  0  0  0  0
nbfiat: 31  2  0  0  0  0  0  0  0  0  0  0
nbfiat: 32  2  0  0  0  0  0  0  0  0  0  0
nbfiat: 33  2  0  0  0  0  0  0  0  0  0  0
nbfiat: 34  2  0  0  0  0  0  0  0  0  0  0
nbfiat: 35  2  0  0  0  0  0  0  0  0  0  0
nbfiat: 36  2  0  0  0  0  0  0  0  0  0  0
nbfiat: 37  2  0  0  0  0  0  0  0  0  0  0
nbfiat: 38  2  0  0  0  0  0  0  0  0  0  0
nbfiat: 39  2  0  0  0  0  0  0  0  0  0  0
nbfiat: 40  2  0  0  0  0  0  0  0  0  0  0
nbfiat: 41  2  0  0  0  0  0  0  0  0  0  0
nbfiat: 42  2  0  0  0  0  0  0  0  0  0  0
nbfiat: 43  2  0  0  0  0  0  0  0  0  0  0
nbfiat: 44  2  0  0  0  0  0  0  0  0  0  0
nbfiat: 45  2  0  0  0  0  0  0  0  0  0  0
nbfiat: 46  2  0  0  0  0  0  0  0  0  0  0
nbfiat: 47  2  0  0  0  0  0  0  0  0  0  0
Basis set: (total    554 functions)
mo      (shells)  s:  5 p:  3 d:  2 f:  0 g:  0
tb      (shells)  s: 10 p:  6 d:  4 f:  3 g:  0
tb      (shells)  s: 10 p:  6 d:  4 f:  3 g:  0
s       (shells)  s:  4 p:  3 d:  1 f:  0 g:  0
s       (shells)  s:  4 p:  3 d:  1 f:  0 g:  0
s       (shells)  s:  4 p:  3 d:  1 f:  0 g:  0
s       (shells)  s:  4 p:  3 d:  1 f:  0 g:  0
c       (shells)  s:  3 p:  2 d:  1 f:  0 g:  0
c       (shells)  s:  3 p:  2 d:  1 f:  0 g:  0
c       (shells)  s:  3 p:  2 d:  1 f:  0 g:  0
c       (shells)  s:  3 p:  2 d:  1 f:  0 g:  0
c       (shells)  s:  3 p:  2 d:  1 f:  0 g:  0
c       (shells)  s:  3 p:  2 d:  1 f:  0 g:  0
c       (shells)  s:  3 p:  2 d:  1 f:  0 g:  0
c       (shells)  s:  3 p:  2 d:  1 f:  0 g:  0
c       (shells)  s:  3 p:  2 d:  1 f:  0 g:  0
c       (shells)  s:  3 p:  2 d:  1 f:  0 g:  0
c       (shells)  s:  3 p:  2 d:  1 f:  0 g:  0
c       (shells)  s:  3 p:  2 d:  1 f:  0 g:  0
c       (shells)  s:  3 p:  2 d:  1 f:  0 g:  0
c       (shells)  s:  3 p:  2 d:  1 f:  0 g:  0
c       (shells)  s:  3 p:  2 d:  1 f:  0 g:  0
c       (shells)  s:  3 p:  2 d:  1 f:  0 g:  0
c       (shells)  s:  3 p:  2 d:  1 f:  0 g:  0
c       (shells)  s:  3 p:  2 d:  1 f:  0 g:  0
c       (shells)  s:  3 p:  2 d:  1 f:  0 g:  0
c       (shells)  s:  3 p:  2 d:  1 f:  0 g:  0
h       (shells)  s:  2 p:  0 d:  0 f:  0 g:  0
h       (shells)  s:  2 p:  0 d:  0 f:  0 g:  0
h       (shells)  s:  2 p:  0 d:  0 f:  0 g:  0
h       (shells)  s:  2 p:  0 d:  0 f:  0 g:  0
h       (shells)  s:  2 p:  0 d:  0 f:  0 g:  0
h       (shells)  s:  2 p:  0 d:  0 f:  0 g:  0
h       (shells)  s:  2 p:  0 d:  0 f:  0 g:  0
h       (shells)  s:  2 p:  0 d:  0 f:  0 g:  0
h       (shells)  s:  2 p:  0 d:  0 f:  0 g:  0
h       (shells)  s:  2 p:  0 d:  0 f:  0 g:  0
h       (shells)  s:  2 p:  0 d:  0 f:  0 g:  0
h       (shells)  s:  2 p:  0 d:  0 f:  0 g:  0
h       (shells)  s:  2 p:  0 d:  0 f:  0 g:  0
h       (shells)  s:  2 p:  0 d:  0 f:  0 g:  0
h       (shells)  s:  2 p:  0 d:  0 f:  0 g:  0
h       (shells)  s:  2 p:  0 d:  0 f:  0 g:  0
h       (shells)  s:  2 p:  0 d:  0 f:  0 g:  0
h       (shells)  s:  2 p:  0 d:  0 f:  0 g:  0
h       (shells)  s:  2 p:  0 d:  0 f:  0 g:  0
h       (shells)  s:  2 p:  0 d:  0 f:  0 g:  0
NMB set: (total    218 functions)
mo      (shells)  s:  2 p:  1 d:  1 f:  0 g:  0
tb      (shells)  s:  3 p:  2 d:  2 f:  1 g:  0
tb      (shells)  s:  3 p:  2 d:  2 f:  1 g:  0
s       (shells)  s:  3 p:  2 d:  0 f:  0 g:  0
s       (shells)  s:  3 p:  2 d:  0 f:  0 g:  0
s       (shells)  s:  3 p:  2 d:  0 f:  0 g:  0
s       (shells)  s:  3 p:  2 d:  0 f:  0 g:  0
c       (shells)  s:  2 p:  1 d:  0 f:  0 g:  0
c       (shells)  s:  2 p:  1 d:  0 f:  0 g:  0
c       (shells)  s:  2 p:  1 d:  0 f:  0 g:  0
c       (shells)  s:  2 p:  1 d:  0 f:  0 g:  0
c       (shells)  s:  2 p:  1 d:  0 f:  0 g:  0
c       (shells)  s:  2 p:  1 d:  0 f:  0 g:  0
c       (shells)  s:  2 p:  1 d:  0 f:  0 g:  0
c       (shells)  s:  2 p:  1 d:  0 f:  0 g:  0
c       (shells)  s:  2 p:  1 d:  0 f:  0 g:  0
c       (shells)  s:  2 p:  1 d:  0 f:  0 g:  0
c       (shells)  s:  2 p:  1 d:  0 f:  0 g:  0
c       (shells)  s:  2 p:  1 d:  0 f:  0 g:  0
c       (shells)  s:  2 p:  1 d:  0 f:  0 g:  0
c       (shells)  s:  2 p:  1 d:  0 f:  0 g:  0
c       (shells)  s:  2 p:  1 d:  0 f:  0 g:  0
c       (shells)  s:  2 p:  1 d:  0 f:  0 g:  0
c       (shells)  s:  2 p:  1 d:  0 f:  0 g:  0
c       (shells)  s:  2 p:  1 d:  0 f:  0 g:  0
c       (shells)  s:  2 p:  1 d:  0 f:  0 g:  0
c       (shells)  s:  2 p:  1 d:  0 f:  0 g:  0
h       (shells)  s:  1 p:  0 d:  0 f:  0 g:  0
h       (shells)  s:  1 p:  0 d:  0 f:  0 g:  0
h       (shells)  s:  1 p:  0 d:  0 f:  0 g:  0
h       (shells)  s:  1 p:  0 d:  0 f:  0 g:  0
h       (shells)  s:  1 p:  0 d:  0 f:  0 g:  0
h       (shells)  s:  1 p:  0 d:  0 f:  0 g:  0
h       (shells)  s:  1 p:  0 d:  0 f:  0 g:  0
h       (shells)  s:  1 p:  0 d:  0 f:  0 g:  0
h       (shells)  s:  1 p:  0 d:  0 f:  0 g:  0
h       (shells)  s:  1 p:  0 d:  0 f:  0 g:  0
h       (shells)  s:  1 p:  0 d:  0 f:  0 g:  0
h       (shells)  s:  1 p:  0 d:  0 f:  0 g:  0
h       (shells)  s:  1 p:  0 d:  0 f:  0 g:  0
h       (shells)  s:  1 p:  0 d:  0 f:  0 g:  0
h       (shells)  s:  1 p:  0 d:  0 f:  0 g:  0
h       (shells)  s:  1 p:  0 d:  0 f:  0 g:  0
h       (shells)  s:  1 p:  0 d:  0 f:  0 g:  0
h       (shells)  s:  1 p:  0 d:  0 f:  0 g:  0
h       (shells)  s:  1 p:  0 d:  0 f:  0 g:  0
h       (shells)  s:  1 p:  0 d:  0 f:  0 g:  0
NRB set: (total    336 functions)
mo      (shells)  s:  3 p:  2 d:  1 f:  0 g:  0
tb      (shells)  s:  7 p:  4 d:  2 f:  2 g:  0
tb      (shells)  s:  7 p:  4 d:  2 f:  2 g:  0
s       (shells)  s:  1 p:  1 d:  1 f:  0 g:  0
s       (shells)  s:  1 p:  1 d:  1 f:  0 g:  0
s       (shells)  s:  1 p:  1 d:  1 f:  0 g:  0
s       (shells)  s:  1 p:  1 d:  1 f:  0 g:  0
c       (shells)  s:  1 p:  1 d:  1 f:  0 g:  0
c       (shells)  s:  1 p:  1 d:  1 f:  0 g:  0
c       (shells)  s:  1 p:  1 d:  1 f:  0 g:  0
c       (shells)  s:  1 p:  1 d:  1 f:  0 g:  0
c       (shells)  s:  1 p:  1 d:  1 f:  0 g:  0
c       (shells)  s:  1 p:  1 d:  1 f:  0 g:  0
c       (shells)  s:  1 p:  1 d:  1 f:  0 g:  0
c       (shells)  s:  1 p:  1 d:  1 f:  0 g:  0
c       (shells)  s:  1 p:  1 d:  1 f:  0 g:  0
c       (shells)  s:  1 p:  1 d:  1 f:  0 g:  0
c       (shells)  s:  1 p:  1 d:  1 f:  0 g:  0
c       (shells)  s:  1 p:  1 d:  1 f:  0 g:  0
c       (shells)  s:  1 p:  1 d:  1 f:  0 g:  0
c       (shells)  s:  1 p:  1 d:  1 f:  0 g:  0
c       (shells)  s:  1 p:  1 d:  1 f:  0 g:  0
c       (shells)  s:  1 p:  1 d:  1 f:  0 g:  0
c       (shells)  s:  1 p:  1 d:  1 f:  0 g:  0
c       (shells)  s:  1 p:  1 d:  1 f:  0 g:  0
c       (shells)  s:  1 p:  1 d:  1 f:  0 g:  0
c       (shells)  s:  1 p:  1 d:  1 f:  0 g:  0
h       (shells)  s:  1 p:  0 d:  0 f:  0 g:  0
h       (shells)  s:  1 p:  0 d:  0 f:  0 g:  0
h       (shells)  s:  1 p:  0 d:  0 f:  0 g:  0
h       (shells)  s:  1 p:  0 d:  0 f:  0 g:  0
h       (shells)  s:  1 p:  0 d:  0 f:  0 g:  0
h       (shells)  s:  1 p:  0 d:  0 f:  0 g:  0
h       (shells)  s:  1 p:  0 d:  0 f:  0 g:  0
h       (shells)  s:  1 p:  0 d:  0 f:  0 g:  0
h       (shells)  s:  1 p:  0 d:  0 f:  0 g:  0
h       (shells)  s:  1 p:  0 d:  0 f:  0 g:  0
h       (shells)  s:  1 p:  0 d:  0 f:  0 g:  0
h       (shells)  s:  1 p:  0 d:  0 f:  0 g:  0
h       (shells)  s:  1 p:  0 d:  0 f:  0 g:  0
h       (shells)  s:  1 p:  0 d:  0 f:  0 g:  0
h       (shells)  s:  1 p:  0 d:  0 f:  0 g:  0
h       (shells)  s:  1 p:  0 d:  0 f:  0 g:  0
h       (shells)  s:  1 p:  0 d:  0 f:  0 g:  0
h       (shells)  s:  1 p:  0 d:  0 f:  0 g:  0
h       (shells)  s:  1 p:  0 d:  0 f:  0 g:  0
h       (shells)  s:  1 p:  0 d:  0 f:  0 g:  0

*********************
*** Total density ***
*********************

 Nr Atom            Natural Electron Configuration
--------------------------------------------------
   1 mo [ecp-28] [core] 5s( 0.48) 5p( 0.02) 4d( 5.33) 5d( 0.06)                                     
   2 tb [ecp-28] [core] 6s( 0.76) 7s( 0.10) 6p( 0.01) 5d( 1.32) 6d( 0.01) 4f( 7.41)                 
   3 tb [ecp-28] [core] 6s( 0.76) 7s( 0.10) 6p( 0.01) 5d( 1.32) 6d( 0.01) 4f( 7.41)                 
   4 s    [core]        3s( 1.83) 3p( 4.58) 3d( 0.01)                                               
   5 s    [core]        3s( 1.83) 3p( 4.58) 3d( 0.01)                                               
   6 s    [core]        3s( 1.83) 3p( 4.58) 3d( 0.01)                                               
   7 s    [core]        3s( 1.83) 3p( 4.58) 3d( 0.01)                                               
   8 c    [core]        2s( 0.96) 2p( 3.35) 3p( 0.01)                                               
   9 c    [core]        2s( 0.96) 2p( 3.35) 3p( 0.02)                                               
  10 c    [core]        2s( 0.96) 2p( 3.35) 3p( 0.01)                                               
  11 c    [core]        2s( 0.96) 2p( 3.37) 3p( 0.01)                                               
  12 c    [core]        2s( 0.96) 2p( 3.37) 3p( 0.01)                                               
  13 c    [core]        2s( 0.96) 2p( 3.35) 3p( 0.01)                                               
  14 c    [core]        2s( 0.96) 2p( 3.35) 3p( 0.02)                                               
  15 c    [core]        2s( 0.96) 2p( 3.35) 3p( 0.01)                                               
  16 c    [core]        2s( 0.96) 2p( 3.37) 3p( 0.01)                                               
  17 c    [core]        2s( 0.96) 2p( 3.37) 3p( 0.01)                                               
  18 c    [core]        2s( 0.96) 2p( 3.35) 3p( 0.01)                                               
  19 c    [core]        2s( 0.96) 2p( 3.37) 3p( 0.01)                                               
  20 c    [core]        2s( 0.96) 2p( 3.37) 3p( 0.01)                                               
  21 c    [core]        2s( 0.96) 2p( 3.35) 3p( 0.01)                                               
  22 c    [core]        2s( 0.96) 2p( 3.35) 3p( 0.02)                                               
  23 c    [core]        2s( 0.96) 2p( 3.35) 3p( 0.01)                                               
  24 c    [core]        2s( 0.96) 2p( 3.37) 3p( 0.01)                                               
  25 c    [core]        2s( 0.96) 2p( 3.37) 3p( 0.01)                                               
  26 c    [core]        2s( 0.96) 2p( 3.35) 3p( 0.01)                                               
  27 c    [core]        2s( 0.96) 2p( 3.35) 3p( 0.02)                                               
  28 h                  1s( 0.77)                                                                   
  29 h                  1s( 0.78)                                                                   
  30 h                  1s( 0.76)                                                                   
  31 h                  1s( 0.78)                                                                   
  32 h                  1s( 0.77)                                                                   
  33 h                  1s( 0.78)                                                                   
  34 h                  1s( 0.77)                                                                   
  35 h                  1s( 0.76)                                                                   
  36 h                  1s( 0.77)                                                                   
  37 h                  1s( 0.78)                                                                   
  38 h                  1s( 0.77)                                                                   
  39 h                  1s( 0.76)                                                                   
  40 h                  1s( 0.77)                                                                   
  41 h                  1s( 0.78)                                                                   
  42 h                  1s( 0.78)                                                                   
  43 h                  1s( 0.78)                                                                   
  44 h                  1s( 0.77)                                                                   
  45 h                  1s( 0.76)                                                                   
  46 h                  1s( 0.78)                                                                   
  47 h                  1s( 0.77)                                                                   

NATURAL POPULATIONS:  Natural atomic orbital occupancies

NAO   Atom  #       Type(AO)   Occupancy
----------------------------------------
    1 mo    1 s    Cor(4s)        1.99758
    2 mo    1 s    Val(5s)        0.47731
    3 mo    1 s    Ryd            0.00455
    4 mo    1 s    Ryd            0.00077
    5 mo    1 s    Ryd            0.00005
    6 mo    1 p    Cor(4px)       1.99282
    7 mo    1 p    Cor(4py)       1.99282
    8 mo    1 p    Cor(4pz)       1.99241
    9 mo    1 p    Ryd            0.00684
   10 mo    1 p    Ryd            0.00684
   11 mo    1 p    Ryd            0.00383
   12 mo    1 p    Ryd            0.00104
   13 mo    1 p    Ryd            0.00104
   14 mo    1 p    Ryd            0.00124
   15 mo    1 d    Val(4dz2)      1.33293
   16 mo    1 d    Val(4dxz)      1.00847
   17 mo    1 d    Val(4dyz)      1.00847
   18 mo    1 d    Val(4dxy)      0.96662
   19 mo    1 d    Val(4dx2-y2)   1.01013
   20 mo    1 d    Ryd            0.01215
   21 mo    1 d    Ryd            0.01551
   22 mo    1 d    Ryd            0.01551
   23 mo    1 d    Ryd            0.01779
   24 mo    1 d    Ryd            0.00030

   25 tb    2 s    Cor(4s)        1.99982
   26 tb    2 s    Cor(5s)        1.98658
   27 tb    2 s    Val(6s)        0.75680
   28 tb    2 s    Ryd            0.09881
   29 tb    2 s    Ryd            0.00330
   30 tb    2 s    Ryd            0.00096
   31 tb    2 s    Ryd            0.00011
   32 tb    2 s    Ryd            0.00003
   33 tb    2 s    Ryd            0.00000
   34 tb    2 s    Ryd            0.00000
   35 tb    2 p    Cor(4px)       1.99999
   36 tb    2 p    Cor(4py)       1.99999
   37 tb    2 p    Cor(4pz)       1.99999
   38 tb    2 p    Cor(5px)       1.99744
   39 tb    2 p    Cor(5py)       1.99744
   40 tb    2 p    Cor(5pz)       1.99715
   41 tb    2 p    Ryd            0.00306
   42 tb    2 p    Ryd            0.00306
   43 tb    2 p    Ryd            0.00291
   44 tb    2 p    Ryd            0.00104
   45 tb    2 p    Ryd            0.00104
   46 tb    2 p    Ryd            0.00224
   47 tb    2 p    Ryd            0.00034
   48 tb    2 p    Ryd            0.00034
   49 tb    2 p    Ryd            0.00037
   50 tb    2 p    Ryd            0.00000
   51 tb    2 p    Ryd            0.00000
   52 tb    2 p    Ryd            0.00000
   53 tb    2 d    Cor(4dz2)      1.99995
   54 tb    2 d    Cor(4dxz)      1.99996
   55 tb    2 d    Cor(4dyz)      1.99996
   56 tb    2 d    Cor(4dxy)      1.99995
   57 tb    2 d    Cor(4dx2-y2)   1.99997
   58 tb    2 d    Val(5dz2)      0.24532
   59 tb    2 d    Val(5dxz)      0.29929
   60 tb    2 d    Val(5dyz)      0.29929
   61 tb    2 d    Val(5dxy)      0.18366
   62 tb    2 d    Val(5dx2-y2)   0.29424
   63 tb    2 d    Ryd            0.00158
   64 tb    2 d    Ryd            0.00301
   65 tb    2 d    Ryd            0.00301
   66 tb    2 d    Ryd            0.00185
   67 tb    2 d    Ryd            0.00120
   68 tb    2 d    Ryd            0.00006
   69 tb    2 d    Ryd            0.00006
   70 tb    2 d    Ryd            0.00006
   71 tb    2 d    Ryd            0.00006
   72 tb    2 d    Ryd            0.00003
   73 tb    2 f    Val(4f0)       1.00337
   74 tb    2 f    Val(4fC1)      1.00780
   75 tb    2 f    Val(4fS1)      1.00780
   76 tb    2 f    Val(4fC2)      1.37218
   77 tb    2 f    Val(4fS2)      1.00608
   78 tb    2 f    Val(4fC3)      1.00507
   79 tb    2 f    Val(4fS3)      1.00507
   80 tb    2 f    Ryd            0.00032
   81 tb    2 f    Ryd            0.00066
   82 tb    2 f    Ryd            0.00066
   83 tb    2 f    Ryd            0.00129
   84 tb    2 f    Ryd            0.00063
   85 tb    2 f    Ryd            0.00056
   86 tb    2 f    Ryd            0.00056
   87 tb    2 f    Ryd            0.00000
   88 tb    2 f    Ryd            0.00000
   89 tb    2 f    Ryd            0.00000
   90 tb    2 f    Ryd            0.00002
   91 tb    2 f    Ryd            0.00000
   92 tb    2 f    Ryd            0.00000
   93 tb    2 f    Ryd            0.00000

   94 tb    3 s    Cor(4s)        1.99982
   95 tb    3 s    Cor(5s)        1.98658
   96 tb    3 s    Val(6s)        0.75680
   97 tb    3 s    Ryd            0.09881
   98 tb    3 s    Ryd            0.00330
   99 tb    3 s    Ryd            0.00096
  100 tb    3 s    Ryd            0.00011
  101 tb    3 s    Ryd            0.00003
  102 tb    3 s    Ryd            0.00000
  103 tb    3 s    Ryd            0.00000
  104 tb    3 p    Cor(4px)       1.99999
  105 tb    3 p    Cor(4py)       1.99999
  106 tb    3 p    Cor(4pz)       1.99999
  107 tb    3 p    Cor(5px)       1.99744
  108 tb    3 p    Cor(5py)       1.99744
  109 tb    3 p    Cor(5pz)       1.99715
  110 tb    3 p    Ryd            0.00306
  111 tb    3 p    Ryd            0.00306
  112 tb    3 p    Ryd            0.00291
  113 tb    3 p    Ryd            0.00104
  114 tb    3 p    Ryd            0.00104
  115 tb    3 p    Ryd            0.00224
  116 tb    3 p    Ryd            0.00034
  117 tb    3 p    Ryd            0.00034
  118 tb    3 p    Ryd            0.00037
  119 tb    3 p    Ryd            0.00000
  120 tb    3 p    Ryd            0.00000
  121 tb    3 p    Ryd            0.00000
  122 tb    3 d    Cor(4dz2)      1.99995
  123 tb    3 d    Cor(4dxz)      1.99996
  124 tb    3 d    Cor(4dyz)      1.99996
  125 tb    3 d    Cor(4dxy)      1.99995
  126 tb    3 d    Cor(4dx2-y2)   1.99997
  127 tb    3 d    Val(5dz2)      0.24532
  128 tb    3 d    Val(5dxz)      0.29929
  129 tb    3 d    Val(5dyz)      0.29929
  130 tb    3 d    Val(5dxy)      0.18366
  131 tb    3 d    Val(5dx2-y2)   0.29424
  132 tb    3 d    Ryd            0.00158
  133 tb    3 d    Ryd            0.00301
  134 tb    3 d    Ryd            0.00301
  135 tb    3 d    Ryd            0.00185
  136 tb    3 d    Ryd            0.00120
  137 tb    3 d    Ryd            0.00006
  138 tb    3 d    Ryd            0.00006
  139 tb    3 d    Ryd            0.00006
  140 tb    3 d    Ryd            0.00006
  141 tb    3 d    Ryd            0.00003
  142 tb    3 f    Val(4f0)       1.00337
  143 tb    3 f    Val(4fC1)      1.00780
  144 tb    3 f    Val(4fS1)      1.00780
  145 tb    3 f    Val(4fC2)      1.37218
  146 tb    3 f    Val(4fS2)      1.00608
  147 tb    3 f    Val(4fC3)      1.00507
  148 tb    3 f    Val(4fS3)      1.00507
  149 tb    3 f    Ryd            0.00032
  150 tb    3 f    Ryd            0.00066
  151 tb    3 f    Ryd            0.00066
  152 tb    3 f    Ryd            0.00129
  153 tb    3 f    Ryd            0.00063
  154 tb    3 f    Ryd            0.00056
  155 tb    3 f    Ryd            0.00056
  156 tb    3 f    Ryd            0.00000
  157 tb    3 f    Ryd            0.00000
  158 tb    3 f    Ryd            0.00000
  159 tb    3 f    Ryd            0.00002
  160 tb    3 f    Ryd            0.00000
  161 tb    3 f    Ryd            0.00000
  162 tb    3 f    Ryd            0.00000

  163 s     4 s    Cor(1s)        1.99999
  164 s     4 s    Cor(2s)        1.99963
  165 s     4 s    Val(3s)        1.82925
  166 s     4 s    Ryd            0.00308
  167 s     4 p    Cor(2px)       1.99989
  168 s     4 p    Cor(2py)       1.99989
  169 s     4 p    Cor(2pz)       1.99986
  170 s     4 p    Val(3px)       1.53929
  171 s     4 p    Val(3py)       1.53929
  172 s     4 p    Val(3pz)       1.50263
  173 s     4 p    Ryd            0.00097
  174 s     4 p    Ryd            0.00097
  175 s     4 p    Ryd            0.00195
  176 s     4 d    Ryd            0.00156
  177 s     4 d    Ryd            0.00216
  178 s     4 d    Ryd            0.00216
  179 s     4 d    Ryd            0.00276
  180 s     4 d    Ryd            0.00210

  181 s     5 s    Cor(1s)        1.99999
  182 s     5 s    Cor(2s)        1.99963
  183 s     5 s    Val(3s)        1.82925
  184 s     5 s    Ryd            0.00308
  185 s     5 p    Cor(2px)       1.99989
  186 s     5 p    Cor(2py)       1.99989
  187 s     5 p    Cor(2pz)       1.99986
  188 s     5 p    Val(3px)       1.53929
  189 s     5 p    Val(3py)       1.53929
  190 s     5 p    Val(3pz)       1.50263
  191 s     5 p    Ryd            0.00097
  192 s     5 p    Ryd            0.00097
  193 s     5 p    Ryd            0.00195
  194 s     5 d    Ryd            0.00156
  195 s     5 d    Ryd            0.00216
  196 s     5 d    Ryd            0.00216
  197 s     5 d    Ryd            0.00276
  198 s     5 d    Ryd            0.00210

  199 s     6 s    Cor(1s)        1.99999
  200 s     6 s    Cor(2s)        1.99963
  201 s     6 s    Val(3s)        1.82925
  202 s     6 s    Ryd            0.00308
  203 s     6 p    Cor(2px)       1.99989
  204 s     6 p    Cor(2py)       1.99989
  205 s     6 p    Cor(2pz)       1.99986
  206 s     6 p    Val(3px)       1.53929
  207 s     6 p    Val(3py)       1.53929
  208 s     6 p    Val(3pz)       1.50263
  209 s     6 p    Ryd            0.00097
  210 s     6 p    Ryd            0.00097
  211 s     6 p    Ryd            0.00195
  212 s     6 d    Ryd            0.00156
  213 s     6 d    Ryd            0.00216
  214 s     6 d    Ryd            0.00216
  215 s     6 d    Ryd            0.00276
  216 s     6 d    Ryd            0.00210

  217 s     7 s    Cor(1s)        1.99999
  218 s     7 s    Cor(2s)        1.99963
  219 s     7 s    Val(3s)        1.82925
  220 s     7 s    Ryd            0.00308
  221 s     7 p    Cor(2px)       1.99989
  222 s     7 p    Cor(2py)       1.99989
  223 s     7 p    Cor(2pz)       1.99986
  224 s     7 p    Val(3px)       1.53929
  225 s     7 p    Val(3py)       1.53929
  226 s     7 p    Val(3pz)       1.50263
  227 s     7 p    Ryd            0.00097
  228 s     7 p    Ryd            0.00097
  229 s     7 p    Ryd            0.00195
  230 s     7 d    Ryd            0.00156
  231 s     7 d    Ryd            0.00216
  232 s     7 d    Ryd            0.00216
  233 s     7 d    Ryd            0.00276
  234 s     7 d    Ryd            0.00210

  235 c     8 s    Cor(1s)        1.99892
  236 c     8 s    Val(2s)        0.96005
  237 c     8 s    Ryd            0.00344
  238 c     8 p    Val(2px)       1.14585
  239 c     8 p    Val(2py)       1.13294
  240 c     8 p    Val(2pz)       1.07357
  241 c     8 p    Ryd            0.00629
  242 c     8 p    Ryd            0.00361
  243 c     8 p    Ryd            0.00507
  244 c     8 d    Ryd            0.00086
  245 c     8 d    Ryd            0.00092
  246 c     8 d    Ryd            0.00081
  247 c     8 d    Ryd            0.00096
  248 c     8 d    Ryd            0.00080

  249 c     9 s    Cor(1s)        1.99891
  250 c     9 s    Val(2s)        0.96226
  251 c     9 s    Ryd            0.00304
  252 c     9 p    Val(2px)       1.07637
  253 c     9 p    Val(2py)       1.07637
  254 c     9 p    Val(2pz)       1.19424
  255 c     9 p    Ryd            0.00594
  256 c     9 p    Ryd            0.00594
  257 c     9 p    Ryd            0.00419
  258 c     9 d    Ryd            0.00113
  259 c     9 d    Ryd            0.00085
  260 c     9 d    Ryd            0.00085
  261 c     9 d    Ryd            0.00064
  262 c     9 d    Ryd            0.00084

  263 c    10 s    Cor(1s)        1.99892
  264 c    10 s    Val(2s)        0.96005
  265 c    10 s    Ryd            0.00344
  266 c    10 p    Val(2px)       1.13294
  267 c    10 p    Val(2py)       1.14585
  268 c    10 p    Val(2pz)       1.07357
  269 c    10 p    Ryd            0.00361
  270 c    10 p    Ryd            0.00629
  271 c    10 p    Ryd            0.00507
  272 c    10 d    Ryd            0.00086
  273 c    10 d    Ryd            0.00081
  274 c    10 d    Ryd            0.00092
  275 c    10 d    Ryd            0.00096
  276 c    10 d    Ryd            0.00080

  277 c    11 s    Cor(1s)        1.99892
  278 c    11 s    Val(2s)        0.95707
  279 c    11 s    Ryd            0.00392
  280 c    11 p    Val(2px)       1.15454
  281 c    11 p    Val(2py)       1.08351
  282 c    11 p    Val(2pz)       1.13635
  283 c    11 p    Ryd            0.00320
  284 c    11 p    Ryd            0.00524
  285 c    11 p    Ryd            0.00639
  286 c    11 d    Ryd            0.00089
  287 c    11 d    Ryd            0.00104
  288 c    11 d    Ryd            0.00077
  289 c    11 d    Ryd            0.00071
  290 c    11 d    Ryd            0.00090

  291 c    12 s    Cor(1s)        1.99892
  292 c    12 s    Val(2s)        0.95707
  293 c    12 s    Ryd            0.00392
  294 c    12 p    Val(2px)       1.08351
  295 c    12 p    Val(2py)       1.15454
  296 c    12 p    Val(2pz)       1.13635
  297 c    12 p    Ryd            0.00524
  298 c    12 p    Ryd            0.00320
  299 c    12 p    Ryd            0.00639
  300 c    12 d    Ryd            0.00089
  301 c    12 d    Ryd            0.00077
  302 c    12 d    Ryd            0.00104
  303 c    12 d    Ryd            0.00071
  304 c    12 d    Ryd            0.00090

  305 c    13 s    Cor(1s)        1.99892
  306 c    13 s    Val(2s)        0.96005
  307 c    13 s    Ryd            0.00344
  308 c    13 p    Val(2px)       1.13294
  309 c    13 p    Val(2py)       1.14585
  310 c    13 p    Val(2pz)       1.07357
  311 c    13 p    Ryd            0.00361
  312 c    13 p    Ryd            0.00629
  313 c    13 p    Ryd            0.00507
  314 c    13 d    Ryd            0.00086
  315 c    13 d    Ryd            0.00081
  316 c    13 d    Ryd            0.00092
  317 c    13 d    Ryd            0.00096
  318 c    13 d    Ryd            0.00080

  319 c    14 s    Cor(1s)        1.99891
  320 c    14 s    Val(2s)        0.96226
  321 c    14 s    Ryd            0.00304
  322 c    14 p    Val(2px)       1.07637
  323 c    14 p    Val(2py)       1.07637
  324 c    14 p    Val(2pz)       1.19424
  325 c    14 p    Ryd            0.00594
  326 c    14 p    Ryd            0.00594
  327 c    14 p    Ryd            0.00419
  328 c    14 d    Ryd            0.00113
  329 c    14 d    Ryd            0.00085
  330 c    14 d    Ryd            0.00085
  331 c    14 d    Ryd            0.00064
  332 c    14 d    Ryd            0.00084

  333 c    15 s    Cor(1s)        1.99892
  334 c    15 s    Val(2s)        0.96005
  335 c    15 s    Ryd            0.00344
  336 c    15 p    Val(2px)       1.14585
  337 c    15 p    Val(2py)       1.13294
  338 c    15 p    Val(2pz)       1.07357
  339 c    15 p    Ryd            0.00629
  340 c    15 p    Ryd            0.00361
  341 c    15 p    Ryd            0.00507
  342 c    15 d    Ryd            0.00086
  343 c    15 d    Ryd            0.00092
  344 c    15 d    Ryd            0.00081
  345 c    15 d    Ryd            0.00096
  346 c    15 d    Ryd            0.00080

  347 c    16 s    Cor(1s)        1.99892
  348 c    16 s    Val(2s)        0.95707
  349 c    16 s    Ryd            0.00392
  350 c    16 p    Val(2px)       1.08351
  351 c    16 p    Val(2py)       1.15454
  352 c    16 p    Val(2pz)       1.13635
  353 c    16 p    Ryd            0.00524
  354 c    16 p    Ryd            0.00320
  355 c    16 p    Ryd            0.00639
  356 c    16 d    Ryd            0.00089
  357 c    16 d    Ryd            0.00077
  358 c    16 d    Ryd            0.00104
  359 c    16 d    Ryd            0.00071
  360 c    16 d    Ryd            0.00090

  361 c    17 s    Cor(1s)        1.99892
  362 c    17 s    Val(2s)        0.95707
  363 c    17 s    Ryd            0.00392
  364 c    17 p    Val(2px)       1.15454
  365 c    17 p    Val(2py)       1.08351
  366 c    17 p    Val(2pz)       1.13635
  367 c    17 p    Ryd            0.00320
  368 c    17 p    Ryd            0.00524
  369 c    17 p    Ryd            0.00639
  370 c    17 d    Ryd            0.00089
  371 c    17 d    Ryd            0.00104
  372 c    17 d    Ryd            0.00077
  373 c    17 d    Ryd            0.00071
  374 c    17 d    Ryd            0.00090

  375 c    18 s    Cor(1s)        1.99892
  376 c    18 s    Val(2s)        0.96005
  377 c    18 s    Ryd            0.00344
  378 c    18 p    Val(2px)       1.13294
  379 c    18 p    Val(2py)       1.14585
  380 c    18 p    Val(2pz)       1.07357
  381 c    18 p    Ryd            0.00361
  382 c    18 p    Ryd            0.00629
  383 c    18 p    Ryd            0.00507
  384 c    18 d    Ryd            0.00086
  385 c    18 d    Ryd            0.00081
  386 c    18 d    Ryd            0.00092
  387 c    18 d    Ryd            0.00096
  388 c    18 d    Ryd            0.00080

  389 c    19 s    Cor(1s)        1.99892
  390 c    19 s    Val(2s)        0.95707
  391 c    19 s    Ryd            0.00392
  392 c    19 p    Val(2px)       1.15454
  393 c    19 p    Val(2py)       1.08351
  394 c    19 p    Val(2pz)       1.13635
  395 c    19 p    Ryd            0.00320
  396 c    19 p    Ryd            0.00524
  397 c    19 p    Ryd            0.00639
  398 c    19 d    Ryd            0.00089
  399 c    19 d    Ryd            0.00104
  400 c    19 d    Ryd            0.00077
  401 c    19 d    Ryd            0.00071
  402 c    19 d    Ryd            0.00090

  403 c    20 s    Cor(1s)        1.99892
  404 c    20 s    Val(2s)        0.95707
  405 c    20 s    Ryd            0.00392
  406 c    20 p    Val(2px)       1.08351
  407 c    20 p    Val(2py)       1.15454
  408 c    20 p    Val(2pz)       1.13635
  409 c    20 p    Ryd            0.00524
  410 c    20 p    Ryd            0.00320
  411 c    20 p    Ryd            0.00639
  412 c    20 d    Ryd            0.00089
  413 c    20 d    Ryd            0.00077
  414 c    20 d    Ryd            0.00104
  415 c    20 d    Ryd            0.00071
  416 c    20 d    Ryd            0.00090

  417 c    21 s    Cor(1s)        1.99892
  418 c    21 s    Val(2s)        0.96005
  419 c    21 s    Ryd            0.00344
  420 c    21 p    Val(2px)       1.14585
  421 c    21 p    Val(2py)       1.13294
  422 c    21 p    Val(2pz)       1.07357
  423 c    21 p    Ryd            0.00629
  424 c    21 p    Ryd            0.00361
  425 c    21 p    Ryd            0.00507
  426 c    21 d    Ryd            0.00086
  427 c    21 d    Ryd            0.00092
  428 c    21 d    Ryd            0.00081
  429 c    21 d    Ryd            0.00096
  430 c    21 d    Ryd            0.00080

  431 c    22 s    Cor(1s)        1.99891
  432 c    22 s    Val(2s)        0.96226
  433 c    22 s    Ryd            0.00304
  434 c    22 p    Val(2px)       1.07637
  435 c    22 p    Val(2py)       1.07637
  436 c    22 p    Val(2pz)       1.19424
  437 c    22 p    Ryd            0.00594
  438 c    22 p    Ryd            0.00594
  439 c    22 p    Ryd            0.00419
  440 c    22 d    Ryd            0.00113
  441 c    22 d    Ryd            0.00085
  442 c    22 d    Ryd            0.00085
  443 c    22 d    Ryd            0.00064
  444 c    22 d    Ryd            0.00084

  445 c    23 s    Cor(1s)        1.99892
  446 c    23 s    Val(2s)        0.96005
  447 c    23 s    Ryd            0.00344
  448 c    23 p    Val(2px)       1.14585
  449 c    23 p    Val(2py)       1.13294
  450 c    23 p    Val(2pz)       1.07357
  451 c    23 p    Ryd            0.00629
  452 c    23 p    Ryd            0.00361
  453 c    23 p    Ryd            0.00507
  454 c    23 d    Ryd            0.00086
  455 c    23 d    Ryd            0.00092
  456 c    23 d    Ryd            0.00081
  457 c    23 d    Ryd            0.00096
  458 c    23 d    Ryd            0.00080

  459 c    24 s    Cor(1s)        1.99892
  460 c    24 s    Val(2s)        0.95707
  461 c    24 s    Ryd            0.00392
  462 c    24 p    Val(2px)       1.08351
  463 c    24 p    Val(2py)       1.15454
  464 c    24 p    Val(2pz)       1.13635
  465 c    24 p    Ryd            0.00524
  466 c    24 p    Ryd            0.00320
  467 c    24 p    Ryd            0.00639
  468 c    24 d    Ryd            0.00089
  469 c    24 d    Ryd            0.00077
  470 c    24 d    Ryd            0.00104
  471 c    24 d    Ryd            0.00071
  472 c    24 d    Ryd            0.00090

  473 c    25 s    Cor(1s)        1.99892
  474 c    25 s    Val(2s)        0.95707
  475 c    25 s    Ryd            0.00392
  476 c    25 p    Val(2px)       1.15454
  477 c    25 p    Val(2py)       1.08351
  478 c    25 p    Val(2pz)       1.13635
  479 c    25 p    Ryd            0.00320
  480 c    25 p    Ryd            0.00524
  481 c    25 p    Ryd            0.00639
  482 c    25 d    Ryd            0.00089
  483 c    25 d    Ryd            0.00104
  484 c    25 d    Ryd            0.00077
  485 c    25 d    Ryd            0.00071
  486 c    25 d    Ryd            0.00090

  487 c    26 s    Cor(1s)        1.99892
  488 c    26 s    Val(2s)        0.96005
  489 c    26 s    Ryd            0.00344
  490 c    26 p    Val(2px)       1.13294
  491 c    26 p    Val(2py)       1.14585
  492 c    26 p    Val(2pz)       1.07357
  493 c    26 p    Ryd            0.00361
  494 c    26 p    Ryd            0.00629
  495 c    26 p    Ryd            0.00507
  496 c    26 d    Ryd            0.00086
  497 c    26 d    Ryd            0.00081
  498 c    26 d    Ryd            0.00092
  499 c    26 d    Ryd            0.00096
  500 c    26 d    Ryd            0.00080

  501 c    27 s    Cor(1s)        1.99891
  502 c    27 s    Val(2s)        0.96226
  503 c    27 s    Ryd            0.00304
  504 c    27 p    Val(2px)       1.07637
  505 c    27 p    Val(2py)       1.07637
  506 c    27 p    Val(2pz)       1.19424
  507 c    27 p    Ryd            0.00594
  508 c    27 p    Ryd            0.00594
  509 c    27 p    Ryd            0.00419
  510 c    27 d    Ryd            0.00113
  511 c    27 d    Ryd            0.00085
  512 c    27 d    Ryd            0.00085
  513 c    27 d    Ryd            0.00064
  514 c    27 d    Ryd            0.00084

  515 h    28 s    Val(1s)        0.76681
  516 h    28 s    Ryd            0.00152

  517 h    29 s    Val(1s)        0.77655
  518 h    29 s    Ryd            0.00123

  519 h    30 s    Val(1s)        0.75607
  520 h    30 s    Ryd            0.00213

  521 h    31 s    Val(1s)        0.77655
  522 h    31 s    Ryd            0.00123

  523 h    32 s    Val(1s)        0.76681
  524 h    32 s    Ryd            0.00152

  525 h    33 s    Val(1s)        0.77655
  526 h    33 s    Ryd            0.00123

  527 h    34 s    Val(1s)        0.76681
  528 h    34 s    Ryd            0.00152

  529 h    35 s    Val(1s)        0.75607
  530 h    35 s    Ryd            0.00213

  531 h    36 s    Val(1s)        0.76681
  532 h    36 s    Ryd            0.00152

  533 h    37 s    Val(1s)        0.77655
  534 h    37 s    Ryd            0.00123

  535 h    38 s    Val(1s)        0.76681
  536 h    38 s    Ryd            0.00152

  537 h    39 s    Val(1s)        0.75607
  538 h    39 s    Ryd            0.00213

  539 h    40 s    Val(1s)        0.76681
  540 h    40 s    Ryd            0.00152

  541 h    41 s    Val(1s)        0.77655
  542 h    41 s    Ryd            0.00123

  543 h    42 s    Val(1s)        0.77655
  544 h    42 s    Ryd            0.00123

  545 h    43 s    Val(1s)        0.77655
  546 h    43 s    Ryd            0.00123

  547 h    44 s    Val(1s)        0.76681
  548 h    44 s    Ryd            0.00152

  549 h    45 s    Val(1s)        0.75607
  550 h    45 s    Ryd            0.00213

  551 h    46 s    Val(1s)        0.77655
  552 h    46 s    Ryd            0.00123

  553 h    47 s    Val(1s)        0.76681
  554 h    47 s    Ryd            0.00152

Summary of Natural Population Analysis:
                                      Natural Population
                 Natural   -----------------------------------
Atom No          Charge       Core        Valence     Rydberg     Total
               ----------------------------------------------------------
  1  mo           0.13297     7.97563     5.80394     0.08747    13.86703
  2  tb           1.40257    25.97818     9.48597     0.13328    35.59743
  3  tb           1.40257    25.97818     9.48597     0.13328    35.59743
  4  s           -0.42743     9.99926     6.41046     0.01771    16.42743
  5  s           -0.42743     9.99926     6.41046     0.01771    16.42743
  6  s           -0.42743     9.99926     6.41046     0.01771    16.42743
  7  s           -0.42743     9.99926     6.41046     0.01771    16.42743
  8  c           -0.33409     1.99892     4.31241     0.02276     6.33409
  9  c           -0.33159     1.99891     4.30925     0.02343     6.33159
 10  c           -0.33409     1.99892     4.31241     0.02276     6.33409
 11  c           -0.35346     1.99892     4.33147     0.02307     6.35346
 12  c           -0.35346     1.99892     4.33147     0.02307     6.35346
 13  c           -0.33409     1.99892     4.31241     0.02276     6.33409
 14  c           -0.33159     1.99891     4.30925     0.02343     6.33159
 15  c           -0.33409     1.99892     4.31241     0.02276     6.33409
 16  c           -0.35346     1.99892     4.33147     0.02307     6.35346
 17  c           -0.35346     1.99892     4.33147     0.02307     6.35346
 18  c           -0.33409     1.99892     4.31241     0.02276     6.33409
 19  c           -0.35346     1.99892     4.33147     0.02307     6.35346
 20  c           -0.35346     1.99892     4.33147     0.02307     6.35346
 21  c           -0.33409     1.99892     4.31241     0.02276     6.33409
 22  c           -0.33159     1.99891     4.30925     0.02343     6.33159
 23  c           -0.33409     1.99892     4.31241     0.02276     6.33409
 24  c           -0.35346     1.99892     4.33147     0.02307     6.35346
 25  c           -0.35346     1.99892     4.33147     0.02307     6.35346
 26  c           -0.33409     1.99892     4.31241     0.02276     6.33409
 27  c           -0.33159     1.99891     4.30925     0.02343     6.33159
 28  h            0.23167     0.00000     0.76681     0.00152     0.76833
 29  h            0.22222     0.00000     0.77655     0.00123     0.77778
 30  h            0.24180     0.00000     0.75607     0.00213     0.75820
 31  h            0.22222     0.00000     0.77655     0.00123     0.77778
 32  h            0.23167     0.00000     0.76681     0.00152     0.76833
 33  h            0.22222     0.00000     0.77655     0.00123     0.77778
 34  h            0.23167     0.00000     0.76681     0.00152     0.76833
 35  h            0.24180     0.00000     0.75607     0.00213     0.75820
 36  h            0.23167     0.00000     0.76681     0.00152     0.76833
 37  h            0.22222     0.00000     0.77655     0.00123     0.77778
 38  h            0.23167     0.00000     0.76681     0.00152     0.76833
 39  h            0.24180     0.00000     0.75607     0.00213     0.75820
 40  h            0.23167     0.00000     0.76681     0.00152     0.76833
 41  h            0.22222     0.00000     0.77655     0.00123     0.77778
 42  h            0.22222     0.00000     0.77655     0.00123     0.77778
 43  h            0.22222     0.00000     0.77655     0.00123     0.77778
 44  h            0.23167     0.00000     0.76681     0.00152     0.76833
 45  h            0.24180     0.00000     0.75607     0.00213     0.75820
 46  h            0.22222     0.00000     0.77655     0.00123     0.77778
 47  h            0.23167     0.00000     0.76681     0.00152     0.76833
               ----------------------------------------------------------
 * Total *       -1.00000   139.90742   152.17679     0.91579   293.00000

For all atoms:
Core                     139.90742(  99.9339% of  140)
Valence                  152.17679(  99.4620% of  153)
Natural Minimal Basis    292.08421(  99.6874% of  293)
Natural Rydberg Basis      0.91579(   0.3126% of  293)

 ==============================================================================

atomic populations from total density:
atom          charge    n(s)      n(p)      n(d)      n(f)      n(g)
  1 mo         0.13297   2.48026   5.99888   5.38789   0.00000   0.00000
  2 tb         1.40257   4.84640  12.00643  11.33253   7.41209   0.00000
  3 tb         1.40257   4.84640  12.00643  11.33253   7.41209   0.00000
  4 s         -0.42743   5.83195  10.58474   0.01074   0.00000   0.00000
  5 s         -0.42743   5.83195  10.58474   0.01074   0.00000   0.00000
  6 s         -0.42743   5.83195  10.58474   0.01074   0.00000   0.00000
  7 s         -0.42743   5.83195  10.58474   0.01074   0.00000   0.00000
  8 c         -0.33409   2.96240   3.36733   0.00435   0.00000   0.00000
  9 c         -0.33159   2.96421   3.36306   0.00431   0.00000   0.00000
 10 c         -0.33409   2.96240   3.36733   0.00435   0.00000   0.00000
 11 c         -0.35346   2.95991   3.38923   0.00432   0.00000   0.00000
 12 c         -0.35346   2.95991   3.38923   0.00432   0.00000   0.00000
 13 c         -0.33409   2.96240   3.36733   0.00435   0.00000   0.00000
 14 c         -0.33159   2.96421   3.36306   0.00431   0.00000   0.00000
 15 c         -0.33409   2.96240   3.36733   0.00435   0.00000   0.00000
 16 c         -0.35346   2.95991   3.38923   0.00432   0.00000   0.00000
 17 c         -0.35346   2.95991   3.38923   0.00432   0.00000   0.00000
 18 c         -0.33409   2.96240   3.36733   0.00435   0.00000   0.00000
 19 c         -0.35346   2.95991   3.38923   0.00432   0.00000   0.00000
 20 c         -0.35346   2.95991   3.38923   0.00432   0.00000   0.00000
 21 c         -0.33409   2.96240   3.36733   0.00435   0.00000   0.00000
 22 c         -0.33159   2.96421   3.36306   0.00431   0.00000   0.00000
 23 c         -0.33409   2.96240   3.36733   0.00435   0.00000   0.00000
 24 c         -0.35346   2.95991   3.38923   0.00432   0.00000   0.00000
 25 c         -0.35346   2.95991   3.38923   0.00432   0.00000   0.00000
 26 c         -0.33409   2.96240   3.36733   0.00435   0.00000   0.00000
 27 c         -0.33159   2.96421   3.36306   0.00431   0.00000   0.00000
 28 h          0.23167   0.76833   0.00000   0.00000   0.00000   0.00000
 29 h          0.22222   0.77778   0.00000   0.00000   0.00000   0.00000
 30 h          0.24180   0.75820   0.00000   0.00000   0.00000   0.00000
 31 h          0.22222   0.77778   0.00000   0.00000   0.00000   0.00000
 32 h          0.23167   0.76833   0.00000   0.00000   0.00000   0.00000
 33 h          0.22222   0.77778   0.00000   0.00000   0.00000   0.00000
 34 h          0.23167   0.76833   0.00000   0.00000   0.00000   0.00000
 35 h          0.24180   0.75820   0.00000   0.00000   0.00000   0.00000
 36 h          0.23167   0.76833   0.00000   0.00000   0.00000   0.00000
 37 h          0.22222   0.77778   0.00000   0.00000   0.00000   0.00000
 38 h          0.23167   0.76833   0.00000   0.00000   0.00000   0.00000
 39 h          0.24180   0.75820   0.00000   0.00000   0.00000   0.00000
 40 h          0.23167   0.76833   0.00000   0.00000   0.00000   0.00000
 41 h          0.22222   0.77778   0.00000   0.00000   0.00000   0.00000
 42 h          0.22222   0.77778   0.00000   0.00000   0.00000   0.00000
 43 h          0.22222   0.77778   0.00000   0.00000   0.00000   0.00000
 44 h          0.23167   0.76833   0.00000   0.00000   0.00000   0.00000
 45 h          0.24180   0.75820   0.00000   0.00000   0.00000   0.00000
 46 h          0.22222   0.77778   0.00000   0.00000   0.00000   0.00000
 47 h          0.23167   0.76833   0.00000   0.00000   0.00000   0.00000

 ==============================================================================

 
 moments (from total density versus population analysis)
 <charge> =            -1.000000           -1.000000
 <xx  >   =          -206.880304          -13.056130
 <yy  >   =          -206.880304          -13.056130
 <zz  >   =          -225.710003          -39.774253
 <xy  >   =            -0.000000           -0.000000
 <xz  >   =             0.000000           -0.000000
 <yz  >   =             0.000000           -0.000000


nbfiat:  1  5  9 10  0  0  0  0  0  0  0  0
nbfiat:  2 10 18 20 21  0  0  0  0  0  0  0
nbfiat:  3 10 18 20 21  0  0  0  0  0  0  0
nbfiat:  4  4  9  5  0  0  0  0  0  0  0  0
nbfiat:  5  4  9  5  0  0  0  0  0  0  0  0
nbfiat:  6  4  9  5  0  0  0  0  0  0  0  0
nbfiat:  7  4  9  5  0  0  0  0  0  0  0  0
nbfiat:  8  3  6  5  0  0  0  0  0  0  0  0
nbfiat:  9  3  6  5  0  0  0  0  0  0  0  0
nbfiat: 10  3  6  5  0  0  0  0  0  0  0  0
nbfiat: 11  3  6  5  0  0  0  0  0  0  0  0
nbfiat: 12  3  6  5  0  0  0  0  0  0  0  0
nbfiat: 13  3  6  5  0  0  0  0  0  0  0  0
nbfiat: 14  3  6  5  0  0  0  0  0  0  0  0
nbfiat: 15  3  6  5  0  0  0  0  0  0  0  0
nbfiat: 16  3  6  5  0  0  0  0  0  0  0  0
nbfiat: 17  3  6  5  0  0  0  0  0  0  0  0
nbfiat: 18  3  6  5  0  0  0  0  0  0  0  0
nbfiat: 19  3  6  5  0  0  0  0  0  0  0  0
nbfiat: 20  3  6  5  0  0  0  0  0  0  0  0
nbfiat: 21  3  6  5  0  0  0  0  0  0  0  0
nbfiat: 22  3  6  5  0  0  0  0  0  0  0  0
nbfiat: 23  3  6  5  0  0  0  0  0  0  0  0
nbfiat: 24  3  6  5  0  0  0  0  0  0  0  0
nbfiat: 25  3  6  5  0  0  0  0  0  0  0  0
nbfiat: 26  3  6  5  0  0  0  0  0  0  0  0
nbfiat: 27  3  6  5  0  0  0  0  0  0  0  0
nbfiat: 28  2  0  0  0  0  0  0  0  0  0  0
nbfiat: 29  2  0  0  0  0  0  0  0  0  0  0
nbfiat: 30  2  0  0  0  0  0  0  0  0  0  0
nbfiat: 31  2  0  0  0  0  0  0  0  0  0  0
nbfiat: 32  2  0  0  0  0  0  0  0  0  0  0
nbfiat: 33  2  0  0  0  0  0  0  0  0  0  0
nbfiat: 34  2  0  0  0  0  0  0  0  0  0  0
nbfiat: 35  2  0  0  0  0  0  0  0  0  0  0
nbfiat: 36  2  0  0  0  0  0  0  0  0  0  0
nbfiat: 37  2  0  0  0  0  0  0  0  0  0  0
nbfiat: 38  2  0  0  0  0  0  0  0  0  0  0
nbfiat: 39  2  0  0  0  0  0  0  0  0  0  0
nbfiat: 40  2  0  0  0  0  0  0  0  0  0  0
nbfiat: 41  2  0  0  0  0  0  0  0  0  0  0
nbfiat: 42  2  0  0  0  0  0  0  0  0  0  0
nbfiat: 43  2  0  0  0  0  0  0  0  0  0  0
nbfiat: 44  2  0  0  0  0  0  0  0  0  0  0
nbfiat: 45  2  0  0  0  0  0  0  0  0  0  0
nbfiat: 46  2  0  0  0  0  0  0  0  0  0  0
nbfiat: 47  2  0  0  0  0  0  0  0  0  0  0
***********************************
*** Spin density (Dalpha-Dbeta) ***
***********************************

 ==============================================================================

atomic populations from spin  density:
atom          sum       n(s)      n(p)      n(d)      n(f)      n(g)
  1 mo        -0.72145  -0.00929  -0.00150  -0.71066   0.00000   0.00000
  2 tb         6.08989  -0.59577   0.04099   0.08725   6.55743   0.00000
  3 tb         6.08989  -0.59577   0.04099   0.08725   6.55743   0.00000
  4 s         -0.04985  -0.00144  -0.04720  -0.00121   0.00000   0.00000
  5 s         -0.04985  -0.00144  -0.04720  -0.00121   0.00000   0.00000
  6 s         -0.04985  -0.00144  -0.04720  -0.00121   0.00000   0.00000
  7 s         -0.04985  -0.00144  -0.04720  -0.00121   0.00000   0.00000
  8 c         -0.01564  -0.00174  -0.01389  -0.00002   0.00000   0.00000
  9 c         -0.01330  -0.00229  -0.01098  -0.00003   0.00000   0.00000
 10 c         -0.01564  -0.00174  -0.01389  -0.00002   0.00000   0.00000
 11 c         -0.01107  -0.00151  -0.00953  -0.00002   0.00000   0.00000
 12 c         -0.01107  -0.00151  -0.00953  -0.00002   0.00000   0.00000
 13 c         -0.01564  -0.00174  -0.01389  -0.00002   0.00000   0.00000
 14 c         -0.01330  -0.00229  -0.01098  -0.00003   0.00000   0.00000
 15 c         -0.01564  -0.00174  -0.01389  -0.00002   0.00000   0.00000
 16 c         -0.01107  -0.00151  -0.00953  -0.00002   0.00000   0.00000
 17 c         -0.01107  -0.00151  -0.00953  -0.00002   0.00000   0.00000
 18 c         -0.01564  -0.00174  -0.01389  -0.00002   0.00000   0.00000
 19 c         -0.01107  -0.00151  -0.00953  -0.00002   0.00000   0.00000
 20 c         -0.01107  -0.00151  -0.00953  -0.00002   0.00000   0.00000
 21 c         -0.01564  -0.00174  -0.01389  -0.00002   0.00000   0.00000
 22 c         -0.01330  -0.00229  -0.01098  -0.00003   0.00000   0.00000
 23 c         -0.01564  -0.00174  -0.01389  -0.00002   0.00000   0.00000
 24 c         -0.01107  -0.00151  -0.00953  -0.00002   0.00000   0.00000
 25 c         -0.01107  -0.00151  -0.00953  -0.00002   0.00000   0.00000
 26 c         -0.01564  -0.00174  -0.01389  -0.00002   0.00000   0.00000
 27 c         -0.01330  -0.00229  -0.01098  -0.00003   0.00000   0.00000
 28 h          0.00030   0.00030   0.00000   0.00000   0.00000   0.00000
 29 h          0.00055   0.00055   0.00000   0.00000   0.00000   0.00000
 30 h          0.00030   0.00030   0.00000   0.00000   0.00000   0.00000
 31 h          0.00055   0.00055   0.00000   0.00000   0.00000   0.00000
 32 h          0.00030   0.00030   0.00000   0.00000   0.00000   0.00000
 33 h          0.00055   0.00055   0.00000   0.00000   0.00000   0.00000
 34 h          0.00030   0.00030   0.00000   0.00000   0.00000   0.00000
 35 h          0.00030   0.00030   0.00000   0.00000   0.00000   0.00000
 36 h          0.00030   0.00030   0.00000   0.00000   0.00000   0.00000
 37 h          0.00055   0.00055   0.00000   0.00000   0.00000   0.00000
 38 h          0.00030   0.00030   0.00000   0.00000   0.00000   0.00000
 39 h          0.00030   0.00030   0.00000   0.00000   0.00000   0.00000
 40 h          0.00030   0.00030   0.00000   0.00000   0.00000   0.00000
 41 h          0.00055   0.00055   0.00000   0.00000   0.00000   0.00000
 42 h          0.00055   0.00055   0.00000   0.00000   0.00000   0.00000
 43 h          0.00055   0.00055   0.00000   0.00000   0.00000   0.00000
 44 h          0.00030   0.00030   0.00000   0.00000   0.00000   0.00000
 45 h          0.00030   0.00030   0.00000   0.00000   0.00000   0.00000
 46 h          0.00055   0.00055   0.00000   0.00000   0.00000   0.00000
 47 h          0.00030   0.00030   0.00000   0.00000   0.00000   0.00000
 
 ==============================================================================
 
HOMO-LUMO Separation
 HOMO         :   -0.04433864 H =     -1.20652 eV
 LUMO         :    0.00390140 H =     +0.10616 eV
 HOMO-LUMO gap:    0.04824003 H =     +1.31268 eV
 
 ==============================================================================


    ------------------------------------------------------------------------
         total  cpu-time :   1.18 seconds
         total wall-time :   1.49 seconds
    ------------------------------------------------------------------------

   ****  ridft : all done  ****


    2020-07-23 22:17:53.427 

