=================================== SLURM JOB ===================================
Tue Jul 21 16:11:06 PDT 2020

The job will be started on the following node(s):
hpc3-17-08

Slurm User:         ffurche
Run Directory:      /data/homezvol2/ffurche/ln2mos4/dy/tpssh/sv.p
Job ID:             1033226
Job Name:           dy2mos4
Partition:          standard
Number of nodes:    1
Number of tasks:    8
Submitted From:     login-i16:/data/homezvol2/ffurche/ln2mos4/dy/tpssh/sv.p
=================================== SLURM JOB ===================================

--- SLURM job-script output ---
[qelr_create_qp:683]create qp: failed on ibv_cmd_create_qp with 22
[qelr_create_qp:683]create qp: failed on ibv_cmd_create_qp with 22
[qelr_create_qp:683]create qp: failed on ibv_cmd_create_qp with 22
[qelr_create_qp:683]create qp: failed on ibv_cmd_create_qp with 22
[qelr_create_qp:683]create qp: failed on ibv_cmd_create_qp with 22
[qelr_create_qp:683]create qp: failed on ibv_cmd_create_qp with 22
[qelr_create_qp:683]create qp: failed on ibv_cmd_create_qp with 22
[qelr_create_qp:683]create qp: failed on ibv_cmd_create_qp with 22
[qelr_create_qp:683]create qp: failed on ibv_cmd_create_qp with 22
[qelr_create_qp:683]create qp: failed on ibv_cmd_create_qp with 22
[qelr_create_qp:683]create qp: failed on ibv_cmd_create_qp with 22
[qelr_create_qp:683]create qp: failed on ibv_cmd_create_qp with 22
[qelr_create_qp:683]create qp: failed on ibv_cmd_create_qp with 22
[qelr_create_qp:683]create qp: failed on ibv_cmd_create_qp with 22
[qelr_create_qp:683]create qp: failed on ibv_cmd_create_qp with 22
[qelr_create_qp:683]create qp: failed on ibv_cmd_create_qp with 22
[qelr_create_qp:683]create qp: failed on ibv_cmd_create_qp with 22
[qelr_create_qp:683]create qp: failed on ibv_cmd_create_qp with 22
[qelr_create_qp:683]create qp: failed on ibv_cmd_create_qp with 22
[qelr_create_qp:683]create qp: failed on ibv_cmd_create_qp with 22
[qelr_create_qp:683]create qp: failed on ibv_cmd_create_qp with 22
[qelr_create_qp:683]create qp: failed on ibv_cmd_create_qp with 22
[qelr_create_qp:683]create qp: failed on ibv_cmd_create_qp with 22
[qelr_create_qp:683]create qp: failed on ibv_cmd_create_qp with 22
[qelr_create_qp:683]create qp: failed on ibv_cmd_create_qp with 22
[qelr_create_qp:683]create qp: failed on ibv_cmd_create_qp with 22
[qelr_create_qp:683]create qp: failed on ibv_cmd_create_qp with 22
[qelr_create_qp:683]create qp: failed on ibv_cmd_create_qp with 22
[qelr_create_qp:683]create qp: failed on ibv_cmd_create_qp with 22
[qelr_create_qp:683]create qp: failed on ibv_cmd_create_qp with 22
[qelr_create_qp:683]create qp: failed on ibv_cmd_create_qp with 22
[qelr_create_qp:683]create qp: failed on ibv_cmd_create_qp with 22
[qelr_create_qp:683]create qp: failed on ibv_cmd_create_qp with 22
[qelr_create_qp:683]create qp: failed on ibv_cmd_create_qp with 22
[qelr_create_qp:683]create qp: failed on ibv_cmd_create_qp with 22
[qelr_create_qp:683]create qp: failed on ibv_cmd_create_qp with 22
[qelr_create_qp:683]create qp: failed on ibv_cmd_create_qp with 22
[qelr_create_qp:683]create qp: failed on ibv_cmd_create_qp with 22
[qelr_create_qp:683]create qp: failed on ibv_cmd_create_qp with 22
[qelr_create_qp:683]create qp: failed on ibv_cmd_create_qp with 22
[qelr_create_qp:683]create qp: failed on ibv_cmd_create_qp with 22
[qelr_create_qp:683]create qp: failed on ibv_cmd_create_qp with 22
[qelr_create_qp:683]create qp: failed on ibv_cmd_create_qp with 22
[qelr_create_qp:683]create qp: failed on ibv_cmd_create_qp with 22
[qelr_create_qp:683]create qp: failed on ibv_cmd_create_qp with 22
[qelr_create_qp:683]create qp: failed on ibv_cmd_create_qp with 22
[qelr_create_qp:683]create qp: failed on ibv_cmd_create_qp with 22
[qelr_create_qp:683]create qp: failed on ibv_cmd_create_qp with 22
[qelr_create_qp:683]create qp: failed on ibv_cmd_create_qp with 22
[qelr_create_qp:683]create qp: failed on ibv_cmd_create_qp with 22
[qelr_create_qp:683]create qp: failed on ibv_cmd_create_qp with 22
[qelr_create_qp:683]create qp: failed on ibv_cmd_create_qp with 22
[qelr_create_qp:683]create qp: failed on ibv_cmd_create_qp with 22
[qelr_create_qp:683]create qp: failed on ibv_cmd_create_qp with 22
[qelr_create_qp:683]create qp: failed on ibv_cmd_create_qp with 22
[qelr_create_qp:683]create qp: failed on ibv_cmd_create_qp with 22
[qelr_create_qp:683]create qp: failed on ibv_cmd_create_qp with 22
[qelr_create_qp:683]create qp: failed on ibv_cmd_create_qp with 22
[qelr_create_qp:683]create qp: failed on ibv_cmd_create_qp with 22
[qelr_create_qp:683]create qp: failed on ibv_cmd_create_qp with 22
[qelr_create_qp:683]create qp: failed on ibv_cmd_create_qp with 22
[qelr_create_qp:683]create qp: failed on ibv_cmd_create_qp with 22
[qelr_create_qp:683]create qp: failed on ibv_cmd_create_qp with 22
[qelr_create_qp:683]create qp: failed on ibv_cmd_create_qp with 22
[qelr_create_qp:683]create qp: failed on ibv_cmd_create_qp with 22
[qelr_create_qp:683]create qp: failed on ibv_cmd_create_qp with 22
[qelr_create_qp:683]create qp: failed on ibv_cmd_create_qp with 22
[qelr_create_qp:683]create qp: failed on ibv_cmd_create_qp with 22
[qelr_create_qp:683]create qp: failed on ibv_cmd_create_qp with 22
[qelr_create_qp:683]create qp: failed on ibv_cmd_create_qp with 22
[qelr_create_qp:683]create qp: failed on ibv_cmd_create_qp with 22
[qelr_create_qp:683]create qp: failed on ibv_cmd_create_qp with 22
[qelr_create_qp:683]create qp: failed on ibv_cmd_create_qp with 22
[qelr_create_qp:683]create qp: failed on ibv_cmd_create_qp with 22
[qelr_create_qp:683]create qp: failed on ibv_cmd_create_qp with 22
[qelr_create_qp:683]create qp: failed on ibv_cmd_create_qp with 22
[qelr_create_qp:683]create qp: failed on ibv_cmd_create_qp with 22
[qelr_create_qp:683]create qp: failed on ibv_cmd_create_qp with 22
[qelr_create_qp:683]create qp: failed on ibv_cmd_create_qp with 22
[qelr_create_qp:683]create qp: failed on ibv_cmd_create_qp with 22
[qelr_create_qp:683]create qp: failed on ibv_cmd_create_qp with 22
[qelr_create_qp:683]create qp: failed on ibv_cmd_create_qp with 22
[qelr_create_qp:683]create qp: failed on ibv_cmd_create_qp with 22
[qelr_create_qp:683]create qp: failed on ibv_cmd_create_qp with 22
[qelr_create_qp:683]create qp: failed on ibv_cmd_create_qp with 22
[qelr_create_qp:683]create qp: failed on ibv_cmd_create_qp with 22
[qelr_create_qp:683]create qp: failed on ibv_cmd_create_qp with 22
[qelr_create_qp:683]create qp: failed on ibv_cmd_create_qp with 22
[qelr_create_qp:683]create qp: failed on ibv_cmd_create_qp with 22
[qelr_create_qp:683]create qp: failed on ibv_cmd_create_qp with 22
[qelr_create_qp:683]create qp: failed on ibv_cmd_create_qp with 22
[qelr_create_qp:683]create qp: failed on ibv_cmd_create_qp with 22
[qelr_create_qp:683]create qp: failed on ibv_cmd_create_qp with 22
[qelr_create_qp:683]create qp: failed on ibv_cmd_create_qp with 22
[qelr_create_qp:683]create qp: failed on ibv_cmd_create_qp with 22
[qelr_create_qp:683]create qp: failed on ibv_cmd_create_qp with 22
[qelr_create_qp:683]create qp: failed on ibv_cmd_create_qp with 22
[qelr_create_qp:683]create qp: failed on ibv_cmd_create_qp with 22
[qelr_create_qp:683]create qp: failed on ibv_cmd_create_qp with 22
[qelr_create_qp:683]create qp: failed on ibv_cmd_create_qp with 22
[qelr_create_qp:683]create qp: failed on ibv_cmd_create_qp with 22
[qelr_create_qp:683]create qp: failed on ibv_cmd_create_qp with 22
[qelr_create_qp:683]create qp: failed on ibv_cmd_create_qp with 22
[qelr_create_qp:683]create qp: failed on ibv_cmd_create_qp with 22
[qelr_create_qp:683]create qp: failed on ibv_cmd_create_qp with 22
[qelr_create_qp:683]create qp: failed on ibv_cmd_create_qp with 22
[qelr_create_qp:683]create qp: failed on ibv_cmd_create_qp with 22
[qelr_create_qp:683]create qp: failed on ibv_cmd_create_qp with 22
[qelr_create_qp:683]create qp: failed on ibv_cmd_create_qp with 22
[qelr_create_qp:683]create qp: failed on ibv_cmd_create_qp with 22
[qelr_create_qp:683]create qp: failed on ibv_cmd_create_qp with 22
[qelr_create_qp:683]create qp: failed on ibv_cmd_create_qp with 22
[qelr_create_qp:683]create qp: failed on ibv_cmd_create_qp with 22
[qelr_create_qp:683]create qp: failed on ibv_cmd_create_qp with 22
[qelr_create_qp:683]create qp: failed on ibv_cmd_create_qp with 22
[qelr_create_qp:683]create qp: failed on ibv_cmd_create_qp with 22
[qelr_create_qp:683]create qp: failed on ibv_cmd_create_qp with 22
[qelr_create_qp:683]create qp: failed on ibv_cmd_create_qp with 22
[qelr_create_qp:683]create qp: failed on ibv_cmd_create_qp with 22
[qelr_create_qp:683]create qp: failed on ibv_cmd_create_qp with 22
[qelr_create_qp:683]create qp: failed on ibv_cmd_create_qp with 22
[qelr_create_qp:683]create qp: failed on ibv_cmd_create_qp with 22
[qelr_create_qp:683]create qp: failed on ibv_cmd_create_qp with 22
[qelr_create_qp:683]create qp: failed on ibv_cmd_create_qp with 22
[qelr_create_qp:683]create qp: failed on ibv_cmd_create_qp with 22
[qelr_create_qp:683]create qp: failed on ibv_cmd_create_qp with 22
[qelr_create_qp:683]create qp: failed on ibv_cmd_create_qp with 22
[qelr_create_qp:683]create qp: failed on ibv_cmd_create_qp with 22
[qelr_create_qp:683]create qp: failed on ibv_cmd_create_qp with 22
[qelr_create_qp:683]create qp: failed on ibv_cmd_create_qp with 22
[qelr_create_qp:683]create qp: failed on ibv_cmd_create_qp with 22
[qelr_create_qp:683]create qp: failed on ibv_cmd_create_qp with 22
[qelr_create_qp:683]create qp: failed on ibv_cmd_create_qp with 22
[qelr_create_qp:683]create qp: failed on ibv_cmd_create_qp with 22
[qelr_create_qp:683]create qp: failed on ibv_cmd_create_qp with 22
[qelr_create_qp:683]create qp: failed on ibv_cmd_create_qp with 22
[qelr_create_qp:683]create qp: failed on ibv_cmd_create_qp with 22
[qelr_create_qp:683]create qp: failed on ibv_cmd_create_qp with 22
[qelr_create_qp:683]create qp: failed on ibv_cmd_create_qp with 22
[qelr_create_qp:683]create qp: failed on ibv_cmd_create_qp with 22
[qelr_create_qp:683]create qp: failed on ibv_cmd_create_qp with 22
[qelr_create_qp:683]create qp: failed on ibv_cmd_create_qp with 22
[qelr_create_qp:683]create qp: failed on ibv_cmd_create_qp with 22
[qelr_create_qp:683]create qp: failed on ibv_cmd_create_qp with 22
[qelr_create_qp:683]create qp: failed on ibv_cmd_create_qp with 22
[qelr_create_qp:683]create qp: failed on ibv_cmd_create_qp with 22
[qelr_create_qp:683]create qp: failed on ibv_cmd_create_qp with 22
[qelr_create_qp:683]create qp: failed on ibv_cmd_create_qp with 22
[qelr_create_qp:683]create qp: failed on ibv_cmd_create_qp with 22
[qelr_create_qp:683]create qp: failed on ibv_cmd_create_qp with 22
[qelr_create_qp:683]create qp: failed on ibv_cmd_create_qp with 22
[qelr_create_qp:683]create qp: failed on ibv_cmd_create_qp with 22
[qelr_create_qp:683]create qp: failed on ibv_cmd_create_qp with 22
[qelr_create_qp:683]create qp: failed on ibv_cmd_create_qp with 22
[qelr_create_qp:683]create qp: failed on ibv_cmd_create_qp with 22
[qelr_create_qp:683]create qp: failed on ibv_cmd_create_qp with 22
[qelr_create_qp:683]create qp: failed on ibv_cmd_create_qp with 22
[qelr_create_qp:683]create qp: failed on ibv_cmd_create_qp with 22
[qelr_create_qp:683]create qp: failed on ibv_cmd_create_qp with 22
[qelr_create_qp:683]create qp: failed on ibv_cmd_create_qp with 22
srun: Job step aborted: Waiting up to 32 seconds for job step to finish.
slurmstepd: error: *** STEP 1033226.0 ON hpc3-17-08 CANCELLED AT 2020-07-21T16:11:14 ***
slurmstepd: error: *** JOB 1033226 ON hpc3-17-08 CANCELLED AT 2020-07-21T16:11:14 ***
