=================================== SLURM JOB ===================================
Tue Jul 21 14:29:36 PDT 2020

The job will be started on the following node(s):
hpc3-15-25

Slurm User:         ffurche
Run Directory:      /data/homezvol2/ffurche/ln2mos4/dy/tpssh/sv.p
Job ID:             1033219
Job Name:           dy2mos4
Partition:          standard
Number of nodes:    1
Number of tasks:    8
Submitted From:     login-i16:/data/homezvol2/ffurche/ln2mos4/dy/tpssh/sv.p
=================================== SLURM JOB ===================================

--- SLURM job-script output ---
[qelr_create_qp:683]create qp: failed on ibv_cmd_create_qp with 22
[qelr_create_qp:683]create qp: failed on ibv_cmd_create_qp with 22
[qelr_create_qp:683]create qp: failed on ibv_cmd_create_qp with 22
[qelr_create_qp:683]create qp: failed on ibv_cmd_create_qp with 22
[qelr_create_qp:683]create qp: failed on ibv_cmd_create_qp with 22
[qelr_create_qp:683]create qp: failed on ibv_cmd_create_qp with 22
[qelr_create_qp:683]create qp: failed on ibv_cmd_create_qp with 22
[qelr_create_qp:683]create qp: failed on ibv_cmd_create_qp with 22
[qelr_create_qp:683]create qp: failed on ibv_cmd_create_qp with 22
[qelr_create_qp:683]create qp: failed on ibv_cmd_create_qp with 22
[qelr_create_qp:683]create qp: failed on ibv_cmd_create_qp with 22
[qelr_create_qp:683]create qp: failed on ibv_cmd_create_qp with 22
[qelr_create_qp:683]create qp: failed on ibv_cmd_create_qp with 22
[qelr_create_qp:683]create qp: failed on ibv_cmd_create_qp with 22
[qelr_create_qp:683]create qp: failed on ibv_cmd_create_qp with 22
[qelr_create_qp:683]create qp: failed on ibv_cmd_create_qp with 22
[qelr_create_qp:683]create qp: failed on ibv_cmd_create_qp with 22
[qelr_create_qp:683]create qp: failed on ibv_cmd_create_qp with 22
[qelr_create_qp:683]create qp: failed on ibv_cmd_create_qp with 22
[qelr_create_qp:683]create qp: failed on ibv_cmd_create_qp with 22
[qelr_create_qp:683]create qp: failed on ibv_cmd_create_qp with 22
[qelr_create_qp:683]create qp: failed on ibv_cmd_create_qp with 22
[qelr_create_qp:683]create qp: failed on ibv_cmd_create_qp with 22
[qelr_create_qp:683]create qp: failed on ibv_cmd_create_qp with 22
[qelr_create_qp:683]create qp: failed on ibv_cmd_create_qp with 22
[qelr_create_qp:683]create qp: failed on ibv_cmd_create_qp with 22
[qelr_create_qp:683]create qp: failed on ibv_cmd_create_qp with 22
[qelr_create_qp:683]create qp: failed on ibv_cmd_create_qp with 22
[qelr_create_qp:683]create qp: failed on ibv_cmd_create_qp with 22
[qelr_create_qp:683]create qp: failed on ibv_cmd_create_qp with 22
[qelr_create_qp:683]create qp: failed on ibv_cmd_create_qp with 22
[qelr_create_qp:683]create qp: failed on ibv_cmd_create_qp with 22
[qelr_create_qp:683]create qp: failed on ibv_cmd_create_qp with 22
[qelr_create_qp:683]create qp: failed on ibv_cmd_create_qp with 22
[qelr_create_qp:683]create qp: failed on ibv_cmd_create_qp with 22
[qelr_create_qp:683]create qp: failed on ibv_cmd_create_qp with 22
[qelr_create_qp:683]create qp: failed on ibv_cmd_create_qp with 22
[qelr_create_qp:683]create qp: failed on ibv_cmd_create_qp with 22
[qelr_create_qp:683]create qp: failed on ibv_cmd_create_qp with 22
[qelr_create_qp:683]create qp: failed on ibv_cmd_create_qp with 22
[qelr_create_qp:683]create qp: failed on ibv_cmd_create_qp with 22
[qelr_create_qp:683]create qp: failed on ibv_cmd_create_qp with 22
[qelr_create_qp:683]create qp: failed on ibv_cmd_create_qp with 22
[qelr_create_qp:683]create qp: failed on ibv_cmd_create_qp with 22
[qelr_create_qp:683]create qp: failed on ibv_cmd_create_qp with 22
[qelr_create_qp:683]create qp: failed on ibv_cmd_create_qp with 22
[qelr_create_qp:683]create qp: failed on ibv_cmd_create_qp with 22
[qelr_create_qp:683]create qp: failed on ibv_cmd_create_qp with 22
[qelr_create_qp:683]create qp: failed on ibv_cmd_create_qp with 22
[qelr_create_qp:683]create qp: failed on ibv_cmd_create_qp with 22
[qelr_create_qp:683]create qp: failed on ibv_cmd_create_qp with 22
[qelr_create_qp:683]create qp: failed on ibv_cmd_create_qp with 22
[qelr_create_qp:683]create qp: failed on ibv_cmd_create_qp with 22
[qelr_create_qp:683]create qp: failed on ibv_cmd_create_qp with 22
[qelr_create_qp:683]create qp: failed on ibv_cmd_create_qp with 22
[qelr_create_qp:683]create qp: failed on ibv_cmd_create_qp with 22
[qelr_create_qp:683]create qp: failed on ibv_cmd_create_qp with 22
[qelr_create_qp:683]create qp: failed on ibv_cmd_create_qp with 22
[qelr_create_qp:683]create qp: failed on ibv_cmd_create_qp with 22
[qelr_create_qp:683]create qp: failed on ibv_cmd_create_qp with 22
[qelr_create_qp:683]create qp: failed on ibv_cmd_create_qp with 22
[qelr_create_qp:683]create qp: failed on ibv_cmd_create_qp with 22
[qelr_create_qp:683]create qp: failed on ibv_cmd_create_qp with 22
[qelr_create_qp:683]create qp: failed on ibv_cmd_create_qp with 22
[qelr_create_qp:683]create qp: failed on ibv_cmd_create_qp with 22
[qelr_create_qp:683]create qp: failed on ibv_cmd_create_qp with 22
[qelr_create_qp:683]create qp: failed on ibv_cmd_create_qp with 22
[qelr_create_qp:683]create qp: failed on ibv_cmd_create_qp with 22
[qelr_create_qp:683]create qp: failed on ibv_cmd_create_qp with 22
[qelr_create_qp:683]create qp: failed on ibv_cmd_create_qp with 22
[qelr_create_qp:683]create qp: failed on ibv_cmd_create_qp with 22
[qelr_create_qp:683]create qp: failed on ibv_cmd_create_qp with 22
[qelr_create_qp:683]create qp: failed on ibv_cmd_create_qp with 22
[qelr_create_qp:683]create qp: failed on ibv_cmd_create_qp with 22
[qelr_create_qp:683]create qp: failed on ibv_cmd_create_qp with 22
[qelr_create_qp:683]create qp: failed on ibv_cmd_create_qp with 22
[qelr_create_qp:683]create qp: failed on ibv_cmd_create_qp with 22
[qelr_create_qp:683]create qp: failed on ibv_cmd_create_qp with 22
[qelr_create_qp:683]create qp: failed on ibv_cmd_create_qp with 22
[qelr_create_qp:683]create qp: failed on ibv_cmd_create_qp with 22
[qelr_create_qp:683]create qp: failed on ibv_cmd_create_qp with 22
[qelr_create_qp:683]create qp: failed on ibv_cmd_create_qp with 22
[qelr_create_qp:683]create qp: failed on ibv_cmd_create_qp with 22
[qelr_create_qp:683]create qp: failed on ibv_cmd_create_qp with 22
[qelr_create_qp:683]create qp: failed on ibv_cmd_create_qp with 22
[qelr_create_qp:683]create qp: failed on ibv_cmd_create_qp with 22
[qelr_create_qp:683]create qp: failed on ibv_cmd_create_qp with 22
[qelr_create_qp:683]create qp: failed on ibv_cmd_create_qp with 22
[qelr_create_qp:683]create qp: failed on ibv_cmd_create_qp with 22
[qelr_create_qp:683]create qp: failed on ibv_cmd_create_qp with 22
[qelr_create_qp:683]create qp: failed on ibv_cmd_create_qp with 22
[qelr_create_qp:683]create qp: failed on ibv_cmd_create_qp with 22
[qelr_create_qp:683]create qp: failed on ibv_cmd_create_qp with 22
[qelr_create_qp:683]create qp: failed on ibv_cmd_create_qp with 22
[qelr_create_qp:683]create qp: failed on ibv_cmd_create_qp with 22
[qelr_create_qp:683]create qp: failed on ibv_cmd_create_qp with 22
[qelr_create_qp:683]create qp: failed on ibv_cmd_create_qp with 22
[qelr_create_qp:683]create qp: failed on ibv_cmd_create_qp with 22
[qelr_create_qp:683]create qp: failed on ibv_cmd_create_qp with 22
[qelr_create_qp:683]create qp: failed on ibv_cmd_create_qp with 22
[qelr_create_qp:683]create qp: failed on ibv_cmd_create_qp with 22
[qelr_create_qp:683]create qp: failed on ibv_cmd_create_qp with 22
[qelr_create_qp:683]create qp: failed on ibv_cmd_create_qp with 22
[qelr_create_qp:683]create qp: failed on ibv_cmd_create_qp with 22
[qelr_create_qp:683]create qp: failed on ibv_cmd_create_qp with 22
[qelr_create_qp:683]create qp: failed on ibv_cmd_create_qp with 22
[qelr_create_qp:683]create qp: failed on ibv_cmd_create_qp with 22
[qelr_create_qp:683]create qp: failed on ibv_cmd_create_qp with 22
[qelr_create_qp:683]create qp: failed on ibv_cmd_create_qp with 22
[qelr_create_qp:683]create qp: failed on ibv_cmd_create_qp with 22
[qelr_create_qp:683]create qp: failed on ibv_cmd_create_qp with 22
[qelr_create_qp:683]create qp: failed on ibv_cmd_create_qp with 22
[qelr_create_qp:683]create qp: failed on ibv_cmd_create_qp with 22
[qelr_create_qp:683]create qp: failed on ibv_cmd_create_qp with 22
[qelr_create_qp:683]create qp: failed on ibv_cmd_create_qp with 22
[qelr_create_qp:683]create qp: failed on ibv_cmd_create_qp with 22
[qelr_create_qp:683]create qp: failed on ibv_cmd_create_qp with 22
[qelr_create_qp:683]create qp: failed on ibv_cmd_create_qp with 22
[qelr_create_qp:683]create qp: failed on ibv_cmd_create_qp with 22
[qelr_create_qp:683]create qp: failed on ibv_cmd_create_qp with 22
[qelr_create_qp:683]create qp: failed on ibv_cmd_create_qp with 22
[qelr_create_qp:683]create qp: failed on ibv_cmd_create_qp with 22
[qelr_create_qp:683]create qp: failed on ibv_cmd_create_qp with 22
[qelr_create_qp:683]create qp: failed on ibv_cmd_create_qp with 22
[qelr_create_qp:683]create qp: failed on ibv_cmd_create_qp with 22
[qelr_create_qp:683]create qp: failed on ibv_cmd_create_qp with 22
[qelr_create_qp:683]create qp: failed on ibv_cmd_create_qp with 22
[qelr_create_qp:683]create qp: failed on ibv_cmd_create_qp with 22
[qelr_create_qp:683]create qp: failed on ibv_cmd_create_qp with 22
[qelr_create_qp:683]create qp: failed on ibv_cmd_create_qp with 22
[qelr_create_qp:683]create qp: failed on ibv_cmd_create_qp with 22
[qelr_create_qp:683]create qp: failed on ibv_cmd_create_qp with 22
[qelr_create_qp:683]create qp: failed on ibv_cmd_create_qp with 22
[qelr_create_qp:683]create qp: failed on ibv_cmd_create_qp with 22
[qelr_create_qp:683]create qp: failed on ibv_cmd_create_qp with 22
[qelr_create_qp:683]create qp: failed on ibv_cmd_create_qp with 22
[qelr_create_qp:683]create qp: failed on ibv_cmd_create_qp with 22
[qelr_create_qp:683]create qp: failed on ibv_cmd_create_qp with 22
[qelr_create_qp:683]create qp: failed on ibv_cmd_create_qp with 22
[qelr_create_qp:683]create qp: failed on ibv_cmd_create_qp with 22
[qelr_create_qp:683]create qp: failed on ibv_cmd_create_qp with 22
[qelr_create_qp:683]create qp: failed on ibv_cmd_create_qp with 22
[qelr_create_qp:683]create qp: failed on ibv_cmd_create_qp with 22
[qelr_create_qp:683]create qp: failed on ibv_cmd_create_qp with 22
[qelr_create_qp:683]create qp: failed on ibv_cmd_create_qp with 22
[qelr_create_qp:683]create qp: failed on ibv_cmd_create_qp with 22
[qelr_create_qp:683]create qp: failed on ibv_cmd_create_qp with 22
[qelr_create_qp:683]create qp: failed on ibv_cmd_create_qp with 22
[qelr_create_qp:683]create qp: failed on ibv_cmd_create_qp with 22
[qelr_create_qp:683]create qp: failed on ibv_cmd_create_qp with 22
[qelr_create_qp:683]create qp: failed on ibv_cmd_create_qp with 22
[qelr_create_qp:683]create qp: failed on ibv_cmd_create_qp with 22
[qelr_create_qp:683]create qp: failed on ibv_cmd_create_qp with 22
[qelr_create_qp:683]create qp: failed on ibv_cmd_create_qp with 22
[qelr_create_qp:683]create qp: failed on ibv_cmd_create_qp with 22
[qelr_create_qp:683]create qp: failed on ibv_cmd_create_qp with 22
[qelr_create_qp:683]create qp: failed on ibv_cmd_create_qp with 22
[qelr_create_qp:683]create qp: failed on ibv_cmd_create_qp with 22
[qelr_create_qp:683]create qp: failed on ibv_cmd_create_qp with 22
[qelr_create_qp:683]create qp: failed on ibv_cmd_create_qp with 22
 (start?)-orbitals near linear dependency (dpotrf)
   at orbital                     28  out of                     94
 istat4 at dtrtri =                    28
 (start?)-orbitals near linear dependency (dpotrf)
   at orbital                     12  out of                     48
 istat4 at dtrtri =                    12
 (start?)-orbitals near linear dependency (dpotrf)
   at orbital                     12  out of                     50
 istat4 at dtrtri =                    12
 (start?)-orbitals near linear dependency (dpotrf)
   at orbital                     28  out of                     92
 istat4 at dtrtri =                    28
 (start?)-orbitals near linear dependency (dpotrf)
   at orbital                     39  out of                    135
 istat4 at dtrtri =                    39
 (start?)-orbitals near linear dependency (dpotrf)
   at orbital                     28  out of                     94
 istat4 at dtrtri =                    28
 (start?)-orbitals near linear dependency (dpotrf)
   at orbital                     12  out of                     48
 istat4 at dtrtri =                    12
 (start?)-orbitals near linear dependency (dpotrf)
   at orbital                     12  out of                     50
 istat4 at dtrtri =                    12
 (start?)-orbitals near linear dependency (dpotrf)
   at orbital                     28  out of                     92
 istat4 at dtrtri =                    28
 (start?)-orbitals near linear dependency (dpotrf)
   at orbital                     39  out of                    135
 istat4 at dtrtri =                    39

========================
 internal module stack: 
------------------------
    ridft
    riscf
========================

 fatal error for MPI rank    0

  Too low final temperature for FON calculation!
 ridft ended abnormally
 ridft ended abnormally
Abort(-16) on node 0 (rank 0 in comm 0): application called MPI_Abort(MPI_COMM_WORLD, -16) - process 0
Job Done
