
 ridft (login-i15) : TURBOMOLE rev. V7.5.0 compiled 13 Jun 2020 at 23:29:25
 Copyright (C) 2020 TURBOMOLE GmbH, Karlsruhe


    2020-07-23 22:18:22.698 



                                  r i d f t

                        DFT program with RI approximation 
                                for coulomb part 




                                                 
                                 References:     
                                                 
          TURBOMOLE:                             
              R. Ahlrichs, M. Baer, M. Haeser, H. Horn, and
              C. Koelmel
              Electronic structure calculations on workstation
              computers: the program system TURBOMOLE
              Chem. Phys. Lett. 162: 165 (1989)
          Density Functional:                              
              O. Treutler and R. Ahlrichs                      
              Efficient Molecular Numerical Integration Schemes
              J. Chem. Phys. 102: 346 (1995)                   
          Parallel Version:                                
              Performance of parallel TURBOMOLE for Density    
              Functional Calculations                          
              M. v. Arnim and R. Ahlrichs                      
              J. Comp. Chem. 19: 1746 (1998)                   
          RI-J Method:                                     
              Auxiliary Basis Sets to approximate Coulomb      
              Potentials                                       
              Chem. Phys. Lett. 240: 283 (1995)                
              K. Eichkorn, O. Treutler, H. Oehm, M. Haeser     
              and R. Ahlrichs                                  
              Chem. Phys. Lett. 242: 652 (1995)                
                                                           
              Auxiliary Basis Sets for Main Row Atoms and their
              Use to approximate Coulomb Potentials            
              K. Eichkorn, F. Weigend, O. Treutler and         
              R. Ahlrichs                                      
              Theo. Chem. Acc. 97: 119 (1997)                   
                                                           
              Accurate Coulomb-fitting basis sets for H to Rn 
              F. Weigend                                        
              Phys. Chem. Chem. Phys. 8: 1057 (2006)            
                                                           
          Multipole accelerated RI-J (MARI-J):             
              Fast evaluation of the Coulomb potential for     
              electron densities using multipole accelerated   
              resolution of identity approximation             
              M. Sierka, A. Hogekamp and R. Ahlrichs           
              J. Chem. Phys. 118: 9136 (2003)                  
          RI-JK Method:                                     
              A fully direct RI-HF algorithm: Implementation,
              optimised auxiliary basis sets, demonstration of
              accuracy and efficiency                         
              F. Weigend                                      
              Phys. Chem. Chem. Phys. 4: 4285 (2002)           
          Two-component HF and DFT with spin-orbit coupling:  
              Self-consistent treatment of spin-orbit         
              interactions with efficient Hartree-Fock and    
              density functional methods                      
              M. K. Armbruster, F. Weigend, C. van Wüllen and 
              W. Klopper                                      
              Phys. Chem. Chem. Phys. 10: 1748 (2008)         
          Two-component difference density and DIIS algorithm 
              Efficient two-component self-consistent field   
              procedures and gradients: implementation in     
              TURBOMOLE and application to Au20-              
              A. Baldes, F. Weigend                           
              Mol. Phys. 111: 2617 (2013)                     
          Relativistic all-electron 2c calculations           
              An efficient implementation of two-component    
              relativistic exact-decoupling methods for large 
              molecules                                       
              D. Peng, N. Middendorf, F. Weigend, M. Reiher   
              J. Chem. Phys. 138: 184105 (2013)               
          Finite nucleus model and SNSO approximation         
              Efficient implementation of one- and two-       
              component analytical energy gradients in exact  
              two-component theory                            
              Y. J. Franzke, N. Middendorf, F. Weigend        
              J. Chem. Phys. 148: 104110 (2018)               
          Grids for all-electron relativistic methods         
              Error-consistent segmented contracted all-      
              electron relativistic basis sets of double-     
              and triple-zeta quality for NMR shielding       
              constants                                       
              Y. J. Franzke, R. Tress, T. M. Pazdera,         
              F. Weigend                                      
              Phys. Chem. Chem. Phys. 21: 166658 (2019)       
          Seminumerical exchange algorithms                   
              Seminumerical calculation of the Hartree-Fock   
              exchange matirx: Application to two-component   
              procedures and efficient evaluation of local    
              hybrid functionsl                               
              P. Plessow, F. Weigend,                         
              J. Comput. Chem. 33: 810 (2012)                 
          Improved seminumerical algorithms                   
              C. Holzer, in preparation (2020)                
                                         




              +--------------------------------------------------+
              |      general information about current run       |
              +--------------------------------------------------+

 
no calculation of wave function, analysis of properties only
 TPSS global hybrid functional
 exchange:    9/10 (LDA+TPSS) + 1/10 HF
 correlation: LDA (PW) + TPSS
 A Hybrid-DFT calculation using the RI-J approximation will be carried out.
 Allocatable memory for RI due to $ricore (MB):                 55000
 Multipole approximation for Coulomb integrals is used


              +--------------------------------------------------+
              | Atomic coordinate, charge and isotop information |
              +--------------------------------------------------+

                    atomic coordinates            atom    charge  isotop
          0.00000000    0.00000000    0.00000000    mo    42.000     0
          0.00000000    0.00000000   -6.64703600    tb    65.000     0
          0.00000000    0.00000000    6.64703600    tb    65.000     0
          2.32019478    2.32019478   -2.72879938    s     16.000     0
         -2.32019478   -2.32019478   -2.72879938    s     16.000     0
          2.32019478   -2.32019478    2.72879938    s     16.000     0
         -2.32019478    2.32019478    2.72879938    s     16.000     0
          4.65868196   -1.58962928   -7.94156418    c      6.000     0
          3.60280745   -3.60280745   -6.51756888    c      6.000     0
          1.58962928   -4.65868196   -7.94156418    c      6.000     0
          1.39601201   -3.29587325  -10.24818952    c      6.000     0
          3.29587325   -1.39601201  -10.24818952    c      6.000     0
         -1.58962928    4.65868196   -7.94156418    c      6.000     0
         -3.60280745    3.60280745   -6.51756888    c      6.000     0
         -4.65868196    1.58962928   -7.94156418    c      6.000     0
         -3.29587325    1.39601201  -10.24818952    c      6.000     0
         -1.39601201    3.29587325  -10.24818952    c      6.000     0
          1.58962928    4.65868196    7.94156418    c      6.000     0
          1.39601201    3.29587325   10.24818952    c      6.000     0
          3.29587325    1.39601201   10.24818952    c      6.000     0
          4.65868196    1.58962928    7.94156418    c      6.000     0
          3.60280745    3.60280745    6.51756888    c      6.000     0
         -4.65868196   -1.58962928    7.94156418    c      6.000     0
         -3.29587325   -1.39601201   10.24818952    c      6.000     0
         -1.39601201   -3.29587325   10.24818952    c      6.000     0
         -1.58962928   -4.65868196    7.94156418    c      6.000     0
         -3.60280745   -3.60280745    6.51756888    c      6.000     0
          0.39427796   -6.23393301   -7.35282160    h      1.000     0
          0.04728833   -3.66317423  -11.76706466    h      1.000     0
          4.19364459   -4.19364459   -4.63227431    h      1.000     0
          3.66317423   -0.04728833  -11.76706466    h      1.000     0
          6.23393301   -0.39427796   -7.35282160    h      1.000     0
         -0.04728833    3.66317423  -11.76706466    h      1.000     0
         -0.39427796    6.23393301   -7.35282160    h      1.000     0
         -4.19364459    4.19364459   -4.63227431    h      1.000     0
         -6.23393301    0.39427796   -7.35282160    h      1.000     0
         -3.66317423    0.04728833  -11.76706466    h      1.000     0
         -0.39427796   -6.23393301    7.35282160    h      1.000     0
         -4.19364459   -4.19364459    4.63227431    h      1.000     0
         -6.23393301   -0.39427796    7.35282160    h      1.000     0
         -3.66317423   -0.04728833   11.76706466    h      1.000     0
         -0.04728833   -3.66317423   11.76706466    h      1.000     0
          0.04728833    3.66317423   11.76706466    h      1.000     0
          0.39427796    6.23393301    7.35282160    h      1.000     0
          4.19364459    4.19364459    4.63227431    h      1.000     0
          3.66317423    0.04728833   11.76706466    h      1.000     0
          6.23393301    0.39427796    7.35282160    h      1.000     0
 
       center of nuclear mass  :    0.00000000    0.00000000    0.00000000
       center of nuclear charge:   -0.00000000   -0.00000000    0.00000000

              +--------------------------------------------------+
              |               basis set information              |
              +--------------------------------------------------+

              we will work with the 1s 3p 5d 7f 9g ... basis set
              ...i.e. with spherical basis functions...

   type   atoms  prim   cont   basis
   ---------------------------------------------------------------------------
    mo       1     50     24   def2-SV(P)   [5s3p2d|7s6p5d]
    tb       2    144     69   def2-SV(P)   [10s6p4d3f|14s12p9d7f]
    s        4     36     18   def2-SV(P)   [4s3p1d|10s7p1d]
    c       20     24     14   def2-SV(P)   [3s2p1d|7s4p1d]
    h       20      4      2   def2-SV(P)   [2s|4s]
   ---------------------------------------------------------------------------
   total:   47   1042    554
   ---------------------------------------------------------------------------

   total number of primitive shells          :   94
   total number of contracted shells         :  248
   total number of cartesian basis functions :  606
   total number of SCF-basis functions       :  554

 number of unique ecp types :                     2

 integral neglect threshold       :  0.55E-10
 integral storage threshold THIZE :  0.10E-04
 integral storage threshold THIME :         5

 RI-J AUXILIARY BASIS SET information:

              we will work with the 1s 3p 5d 7f 9g ... basis set
              ...i.e. with spherical basis functions...

   type   atoms  prim   cont   basis
   ---------------------------------------------------------------------------
    mo       1     99     89   def2-SV(P)   [8s5p5d2f3g|11s5p5d3f3g]
    tb       2    263    200   def2-SV(P)   [14s7p6d6f5g2h2i|18s7p6d6f6g3h5i]
    s        4     77     51   def2-SV(P)   [8s4p3d1f1g|14s5p5d2f1g]
    c       20     70     49   def2-SV(P)   [6s4p3d1f1g|12s5p4d2f1g]
    h       20     16     11   def2-SV(P)   [3s1p1d|5s2p1d]
   ---------------------------------------------------------------------------
   total:   47   2653   1893
   ---------------------------------------------------------------------------

   total number of primitive shells          :  137
   total number of contracted shells         :  575
   total number of cartesian basis functions : 2438
   total number of SCF-basis functions       : 1893


 symmetry group of the molecule :   d2d

 the group has the following generators :
   s4(z)
   c2(x)

    8 symmetry operations found

 there are 5 real representations :   a1   a2   b1   b2   e   

 maximum number of shells which are related by symmetry :  8

  
           ------------------
           density functional
           ------------------
 TPSS global hybrid functional
 exchange:    9/10 (LDA+TPSS) + 1/10 HF
 correlation: LDA (PW) + TPSS

 spherical integration : Lebedev's spherical grid
 spherical gridsize    :                     4
    i.e. gridpoints    :                   434
 value for diffuse not defined
 radial integration    : Chebyshev 2nd kind (scaling 3)
 radial gridsize       :                     6
 integration cells     :                     9
 partition function    : becke
 partition sharpness   :                     3
  
 
 Derivatives of quadrature weights will be included
 

 biggest AO integral is expected to be    24.571909273

          ------------------------
          nuclear repulsion energy  :   4970.59091042    
          ------------------------


         -----------------
         -S,T+V- integrals
         -----------------

 1e-integrals will be neglected if expon. factor < 0.551479E-11


          ----------------
          -ecp-  integrals
          ----------------
 
   Difference densities algorithm switched on.
   The maximal number of linear combinations of
   difference densities is                    20 .

 DIIS switched on: error vector is FDS-SDF
 Max. Iterations for DIIS is     :   4
 DIIS matrix (see manual) 
    Scaling factor of diagonals  :  1.200
    threshold for scaling factor :  0.000

 scf convergence criterion : increment of total energy < .1000000D-05
                  and increment of one-electron energy < .1000000D-02

 MOs are in ASCII format !


    mo occupation :
   irrep   mo's   occupied
    a1      94       27
    a2      48       11
    b1      50       11
    b2      92       28
    e      135       38
 
 number of basis functions   :   554
 number of occupied orbitals :   153
 

 reading orbital data $uhfmo_alpha  from file alpha
 orbital characterization : scfconv=6

 reading orbital data $uhfmo_beta  from file beta
 orbital characterization : scfconv=6
 mo-orthogonalization by Cholesky decomposition
 mo-orthogonalization by Cholesky decomposition

 UHF mode switched on !

 closed shell shift switched on 
 all occupied orbitals are shifted by    0.50000

  
           ------------------------
               RI-J - INFORMATION
           ------------------------
 
    +---------------- Multipole Accelerated RI-J ---------------+
    -------------------------------------------------------------
      Number of bins for density partition        :  8
      Maximum multipole moment used               : 14
      Multipole precision parameter               :  1.0000E-08
      Threshold for moment summation              :  1.0000E-24
      Minimum separation between boxes            :  0.0000E+00
      Maximum allowed extent                      :  2.0000E+01
    +-----------------------------------------------------------+
 
 Extensions and centers of shell-pairs:
  number of shells with a single center:     3047
  number of shells with double centers:       134
 Contributions to RI integral batches: 
  neglected integral batches:                     27695
  multipole/direct contribution:                      0
  multipole/memory contribution:                   3181
 Memory core needed for (P|Q) and Cholesky      1 MByte
 Memory core minimum needed except of (P|Q)     1 MByte
 Total minimum memory core needed (sum)         2 MByte
  
 ****************************************
 Memory allocated for RI-J   408 MByte
 ****************************************
                                            
 
 
 
 ==============================================================================
                           electrostatic moments
 ==============================================================================

 reference point for electrostatic moments:    0.00000   0.00000   0.00000

 
              nuc           elec       ->  total
 ------------------------------------------------------------------------------
                          charge      
 ------------------------------------------------------------------------------
         292.000000    -293.000000      -1.000000
 a-b                                    13.000000
 
 ------------------------------------------------------------------------------
                       dipole moment  
 ------------------------------------------------------------------------------
   x       0.000000       0.000000       0.000000
   y      -0.000000       0.000000       0.000000
   z       0.000000      -0.000000      -0.000000
 
   | dipole moment | =     0.0000 a.u. =     0.0000 debye 
 
 ------------------------------------------------------------------------------
                     quadrupole moment
 ------------------------------------------------------------------------------
  xx    1825.162064   -2031.232649    -206.070584
  yy    1825.162064   -2031.232649    -206.070584
  zz   14460.161598  -14691.374742    -231.213144
  xy       0.000000       0.000000       0.000000
  xz      -0.000000       0.000000       0.000000
  yz       0.000000       0.000000       0.000000
 
     1/3  trace=    -214.451437
     anisotropy=      25.142560
 
 
 ==============================================================================
                  NATURAL POPULATION ANALYSIS (AO-BASIS) 
 ==============================================================================
A.E. Reed, R.B. Weinstock and F. Weinhold:
Natural population analysis, J. Chem. Phys. 83(2), 735(1985)
nbfiat:  1  5  9 10  0  0  0  0  0  0  0  0
nbfiat:  2 10 18 20 21  0  0  0  0  0  0  0
nbfiat:  3 10 18 20 21  0  0  0  0  0  0  0
nbfiat:  4  4  9  5  0  0  0  0  0  0  0  0
nbfiat:  5  4  9  5  0  0  0  0  0  0  0  0
nbfiat:  6  4  9  5  0  0  0  0  0  0  0  0
nbfiat:  7  4  9  5  0  0  0  0  0  0  0  0
nbfiat:  8  3  6  5  0  0  0  0  0  0  0  0
nbfiat:  9  3  6  5  0  0  0  0  0  0  0  0
nbfiat: 10  3  6  5  0  0  0  0  0  0  0  0
nbfiat: 11  3  6  5  0  0  0  0  0  0  0  0
nbfiat: 12  3  6  5  0  0  0  0  0  0  0  0
nbfiat: 13  3  6  5  0  0  0  0  0  0  0  0
nbfiat: 14  3  6  5  0  0  0  0  0  0  0  0
nbfiat: 15  3  6  5  0  0  0  0  0  0  0  0
nbfiat: 16  3  6  5  0  0  0  0  0  0  0  0
nbfiat: 17  3  6  5  0  0  0  0  0  0  0  0
nbfiat: 18  3  6  5  0  0  0  0  0  0  0  0
nbfiat: 19  3  6  5  0  0  0  0  0  0  0  0
nbfiat: 20  3  6  5  0  0  0  0  0  0  0  0
nbfiat: 21  3  6  5  0  0  0  0  0  0  0  0
nbfiat: 22  3  6  5  0  0  0  0  0  0  0  0
nbfiat: 23  3  6  5  0  0  0  0  0  0  0  0
nbfiat: 24  3  6  5  0  0  0  0  0  0  0  0
nbfiat: 25  3  6  5  0  0  0  0  0  0  0  0
nbfiat: 26  3  6  5  0  0  0  0  0  0  0  0
nbfiat: 27  3  6  5  0  0  0  0  0  0  0  0
nbfiat: 28  2  0  0  0  0  0  0  0  0  0  0
nbfiat: 29  2  0  0  0  0  0  0  0  0  0  0
nbfiat: 30  2  0  0  0  0  0  0  0  0  0  0
nbfiat: 31  2  0  0  0  0  0  0  0  0  0  0
nbfiat: 32  2  0  0  0  0  0  0  0  0  0  0
nbfiat: 33  2  0  0  0  0  0  0  0  0  0  0
nbfiat: 34  2  0  0  0  0  0  0  0  0  0  0
nbfiat: 35  2  0  0  0  0  0  0  0  0  0  0
nbfiat: 36  2  0  0  0  0  0  0  0  0  0  0
nbfiat: 37  2  0  0  0  0  0  0  0  0  0  0
nbfiat: 38  2  0  0  0  0  0  0  0  0  0  0
nbfiat: 39  2  0  0  0  0  0  0  0  0  0  0
nbfiat: 40  2  0  0  0  0  0  0  0  0  0  0
nbfiat: 41  2  0  0  0  0  0  0  0  0  0  0
nbfiat: 42  2  0  0  0  0  0  0  0  0  0  0
nbfiat: 43  2  0  0  0  0  0  0  0  0  0  0
nbfiat: 44  2  0  0  0  0  0  0  0  0  0  0
nbfiat: 45  2  0  0  0  0  0  0  0  0  0  0
nbfiat: 46  2  0  0  0  0  0  0  0  0  0  0
nbfiat: 47  2  0  0  0  0  0  0  0  0  0  0
Basis set: (total    554 functions)
mo      (shells)  s:  5 p:  3 d:  2 f:  0 g:  0
tb      (shells)  s: 10 p:  6 d:  4 f:  3 g:  0
tb      (shells)  s: 10 p:  6 d:  4 f:  3 g:  0
s       (shells)  s:  4 p:  3 d:  1 f:  0 g:  0
s       (shells)  s:  4 p:  3 d:  1 f:  0 g:  0
s       (shells)  s:  4 p:  3 d:  1 f:  0 g:  0
s       (shells)  s:  4 p:  3 d:  1 f:  0 g:  0
c       (shells)  s:  3 p:  2 d:  1 f:  0 g:  0
c       (shells)  s:  3 p:  2 d:  1 f:  0 g:  0
c       (shells)  s:  3 p:  2 d:  1 f:  0 g:  0
c       (shells)  s:  3 p:  2 d:  1 f:  0 g:  0
c       (shells)  s:  3 p:  2 d:  1 f:  0 g:  0
c       (shells)  s:  3 p:  2 d:  1 f:  0 g:  0
c       (shells)  s:  3 p:  2 d:  1 f:  0 g:  0
c       (shells)  s:  3 p:  2 d:  1 f:  0 g:  0
c       (shells)  s:  3 p:  2 d:  1 f:  0 g:  0
c       (shells)  s:  3 p:  2 d:  1 f:  0 g:  0
c       (shells)  s:  3 p:  2 d:  1 f:  0 g:  0
c       (shells)  s:  3 p:  2 d:  1 f:  0 g:  0
c       (shells)  s:  3 p:  2 d:  1 f:  0 g:  0
c       (shells)  s:  3 p:  2 d:  1 f:  0 g:  0
c       (shells)  s:  3 p:  2 d:  1 f:  0 g:  0
c       (shells)  s:  3 p:  2 d:  1 f:  0 g:  0
c       (shells)  s:  3 p:  2 d:  1 f:  0 g:  0
c       (shells)  s:  3 p:  2 d:  1 f:  0 g:  0
c       (shells)  s:  3 p:  2 d:  1 f:  0 g:  0
c       (shells)  s:  3 p:  2 d:  1 f:  0 g:  0
h       (shells)  s:  2 p:  0 d:  0 f:  0 g:  0
h       (shells)  s:  2 p:  0 d:  0 f:  0 g:  0
h       (shells)  s:  2 p:  0 d:  0 f:  0 g:  0
h       (shells)  s:  2 p:  0 d:  0 f:  0 g:  0
h       (shells)  s:  2 p:  0 d:  0 f:  0 g:  0
h       (shells)  s:  2 p:  0 d:  0 f:  0 g:  0
h       (shells)  s:  2 p:  0 d:  0 f:  0 g:  0
h       (shells)  s:  2 p:  0 d:  0 f:  0 g:  0
h       (shells)  s:  2 p:  0 d:  0 f:  0 g:  0
h       (shells)  s:  2 p:  0 d:  0 f:  0 g:  0
h       (shells)  s:  2 p:  0 d:  0 f:  0 g:  0
h       (shells)  s:  2 p:  0 d:  0 f:  0 g:  0
h       (shells)  s:  2 p:  0 d:  0 f:  0 g:  0
h       (shells)  s:  2 p:  0 d:  0 f:  0 g:  0
h       (shells)  s:  2 p:  0 d:  0 f:  0 g:  0
h       (shells)  s:  2 p:  0 d:  0 f:  0 g:  0
h       (shells)  s:  2 p:  0 d:  0 f:  0 g:  0
h       (shells)  s:  2 p:  0 d:  0 f:  0 g:  0
h       (shells)  s:  2 p:  0 d:  0 f:  0 g:  0
h       (shells)  s:  2 p:  0 d:  0 f:  0 g:  0
NMB set: (total    218 functions)
mo      (shells)  s:  2 p:  1 d:  1 f:  0 g:  0
tb      (shells)  s:  3 p:  2 d:  2 f:  1 g:  0
tb      (shells)  s:  3 p:  2 d:  2 f:  1 g:  0
s       (shells)  s:  3 p:  2 d:  0 f:  0 g:  0
s       (shells)  s:  3 p:  2 d:  0 f:  0 g:  0
s       (shells)  s:  3 p:  2 d:  0 f:  0 g:  0
s       (shells)  s:  3 p:  2 d:  0 f:  0 g:  0
c       (shells)  s:  2 p:  1 d:  0 f:  0 g:  0
c       (shells)  s:  2 p:  1 d:  0 f:  0 g:  0
c       (shells)  s:  2 p:  1 d:  0 f:  0 g:  0
c       (shells)  s:  2 p:  1 d:  0 f:  0 g:  0
c       (shells)  s:  2 p:  1 d:  0 f:  0 g:  0
c       (shells)  s:  2 p:  1 d:  0 f:  0 g:  0
c       (shells)  s:  2 p:  1 d:  0 f:  0 g:  0
c       (shells)  s:  2 p:  1 d:  0 f:  0 g:  0
c       (shells)  s:  2 p:  1 d:  0 f:  0 g:  0
c       (shells)  s:  2 p:  1 d:  0 f:  0 g:  0
c       (shells)  s:  2 p:  1 d:  0 f:  0 g:  0
c       (shells)  s:  2 p:  1 d:  0 f:  0 g:  0
c       (shells)  s:  2 p:  1 d:  0 f:  0 g:  0
c       (shells)  s:  2 p:  1 d:  0 f:  0 g:  0
c       (shells)  s:  2 p:  1 d:  0 f:  0 g:  0
c       (shells)  s:  2 p:  1 d:  0 f:  0 g:  0
c       (shells)  s:  2 p:  1 d:  0 f:  0 g:  0
c       (shells)  s:  2 p:  1 d:  0 f:  0 g:  0
c       (shells)  s:  2 p:  1 d:  0 f:  0 g:  0
c       (shells)  s:  2 p:  1 d:  0 f:  0 g:  0
h       (shells)  s:  1 p:  0 d:  0 f:  0 g:  0
h       (shells)  s:  1 p:  0 d:  0 f:  0 g:  0
h       (shells)  s:  1 p:  0 d:  0 f:  0 g:  0
h       (shells)  s:  1 p:  0 d:  0 f:  0 g:  0
h       (shells)  s:  1 p:  0 d:  0 f:  0 g:  0
h       (shells)  s:  1 p:  0 d:  0 f:  0 g:  0
h       (shells)  s:  1 p:  0 d:  0 f:  0 g:  0
h       (shells)  s:  1 p:  0 d:  0 f:  0 g:  0
h       (shells)  s:  1 p:  0 d:  0 f:  0 g:  0
h       (shells)  s:  1 p:  0 d:  0 f:  0 g:  0
h       (shells)  s:  1 p:  0 d:  0 f:  0 g:  0
h       (shells)  s:  1 p:  0 d:  0 f:  0 g:  0
h       (shells)  s:  1 p:  0 d:  0 f:  0 g:  0
h       (shells)  s:  1 p:  0 d:  0 f:  0 g:  0
h       (shells)  s:  1 p:  0 d:  0 f:  0 g:  0
h       (shells)  s:  1 p:  0 d:  0 f:  0 g:  0
h       (shells)  s:  1 p:  0 d:  0 f:  0 g:  0
h       (shells)  s:  1 p:  0 d:  0 f:  0 g:  0
h       (shells)  s:  1 p:  0 d:  0 f:  0 g:  0
h       (shells)  s:  1 p:  0 d:  0 f:  0 g:  0
NRB set: (total    336 functions)
mo      (shells)  s:  3 p:  2 d:  1 f:  0 g:  0
tb      (shells)  s:  7 p:  4 d:  2 f:  2 g:  0
tb      (shells)  s:  7 p:  4 d:  2 f:  2 g:  0
s       (shells)  s:  1 p:  1 d:  1 f:  0 g:  0
s       (shells)  s:  1 p:  1 d:  1 f:  0 g:  0
s       (shells)  s:  1 p:  1 d:  1 f:  0 g:  0
s       (shells)  s:  1 p:  1 d:  1 f:  0 g:  0
c       (shells)  s:  1 p:  1 d:  1 f:  0 g:  0
c       (shells)  s:  1 p:  1 d:  1 f:  0 g:  0
c       (shells)  s:  1 p:  1 d:  1 f:  0 g:  0
c       (shells)  s:  1 p:  1 d:  1 f:  0 g:  0
c       (shells)  s:  1 p:  1 d:  1 f:  0 g:  0
c       (shells)  s:  1 p:  1 d:  1 f:  0 g:  0
c       (shells)  s:  1 p:  1 d:  1 f:  0 g:  0
c       (shells)  s:  1 p:  1 d:  1 f:  0 g:  0
c       (shells)  s:  1 p:  1 d:  1 f:  0 g:  0
c       (shells)  s:  1 p:  1 d:  1 f:  0 g:  0
c       (shells)  s:  1 p:  1 d:  1 f:  0 g:  0
c       (shells)  s:  1 p:  1 d:  1 f:  0 g:  0
c       (shells)  s:  1 p:  1 d:  1 f:  0 g:  0
c       (shells)  s:  1 p:  1 d:  1 f:  0 g:  0
c       (shells)  s:  1 p:  1 d:  1 f:  0 g:  0
c       (shells)  s:  1 p:  1 d:  1 f:  0 g:  0
c       (shells)  s:  1 p:  1 d:  1 f:  0 g:  0
c       (shells)  s:  1 p:  1 d:  1 f:  0 g:  0
c       (shells)  s:  1 p:  1 d:  1 f:  0 g:  0
c       (shells)  s:  1 p:  1 d:  1 f:  0 g:  0
h       (shells)  s:  1 p:  0 d:  0 f:  0 g:  0
h       (shells)  s:  1 p:  0 d:  0 f:  0 g:  0
h       (shells)  s:  1 p:  0 d:  0 f:  0 g:  0
h       (shells)  s:  1 p:  0 d:  0 f:  0 g:  0
h       (shells)  s:  1 p:  0 d:  0 f:  0 g:  0
h       (shells)  s:  1 p:  0 d:  0 f:  0 g:  0
h       (shells)  s:  1 p:  0 d:  0 f:  0 g:  0
h       (shells)  s:  1 p:  0 d:  0 f:  0 g:  0
h       (shells)  s:  1 p:  0 d:  0 f:  0 g:  0
h       (shells)  s:  1 p:  0 d:  0 f:  0 g:  0
h       (shells)  s:  1 p:  0 d:  0 f:  0 g:  0
h       (shells)  s:  1 p:  0 d:  0 f:  0 g:  0
h       (shells)  s:  1 p:  0 d:  0 f:  0 g:  0
h       (shells)  s:  1 p:  0 d:  0 f:  0 g:  0
h       (shells)  s:  1 p:  0 d:  0 f:  0 g:  0
h       (shells)  s:  1 p:  0 d:  0 f:  0 g:  0
h       (shells)  s:  1 p:  0 d:  0 f:  0 g:  0
h       (shells)  s:  1 p:  0 d:  0 f:  0 g:  0
h       (shells)  s:  1 p:  0 d:  0 f:  0 g:  0
h       (shells)  s:  1 p:  0 d:  0 f:  0 g:  0

*********************
*** Total density ***
*********************

 Nr Atom            Natural Electron Configuration
--------------------------------------------------
   1 mo [ecp-28] [core] 5s( 0.46) 5p( 0.02) 4d( 5.29) 5d( 0.06)                                     
   2 tb [ecp-28] [core] 6s( 0.76) 7s( 0.09) 6p( 0.01) 5d( 1.46) 6d( 0.01) 4f( 7.34)                 
   3 tb [ecp-28] [core] 6s( 0.76) 7s( 0.09) 6p( 0.01) 5d( 1.46) 6d( 0.01) 4f( 7.34)                 
   4 s    [core]        3s( 1.84) 3p( 4.55) 3d( 0.01)                                               
   5 s    [core]        3s( 1.84) 3p( 4.55) 3d( 0.01)                                               
   6 s    [core]        3s( 1.84) 3p( 4.55) 3d( 0.01)                                               
   7 s    [core]        3s( 1.84) 3p( 4.55) 3d( 0.01)                                               
   8 c    [core]        2s( 0.96) 2p( 3.35) 3p( 0.01)                                               
   9 c    [core]        2s( 0.96) 2p( 3.35) 3p( 0.02)                                               
  10 c    [core]        2s( 0.96) 2p( 3.35) 3p( 0.01)                                               
  11 c    [core]        2s( 0.96) 2p( 3.37) 3p( 0.01)                                               
  12 c    [core]        2s( 0.96) 2p( 3.37) 3p( 0.01)                                               
  13 c    [core]        2s( 0.96) 2p( 3.35) 3p( 0.01)                                               
  14 c    [core]        2s( 0.96) 2p( 3.35) 3p( 0.02)                                               
  15 c    [core]        2s( 0.96) 2p( 3.35) 3p( 0.01)                                               
  16 c    [core]        2s( 0.96) 2p( 3.37) 3p( 0.01)                                               
  17 c    [core]        2s( 0.96) 2p( 3.37) 3p( 0.01)                                               
  18 c    [core]        2s( 0.96) 2p( 3.35) 3p( 0.01)                                               
  19 c    [core]        2s( 0.96) 2p( 3.37) 3p( 0.01)                                               
  20 c    [core]        2s( 0.96) 2p( 3.37) 3p( 0.01)                                               
  21 c    [core]        2s( 0.96) 2p( 3.35) 3p( 0.01)                                               
  22 c    [core]        2s( 0.96) 2p( 3.35) 3p( 0.02)                                               
  23 c    [core]        2s( 0.96) 2p( 3.35) 3p( 0.01)                                               
  24 c    [core]        2s( 0.96) 2p( 3.37) 3p( 0.01)                                               
  25 c    [core]        2s( 0.96) 2p( 3.37) 3p( 0.01)                                               
  26 c    [core]        2s( 0.96) 2p( 3.35) 3p( 0.01)                                               
  27 c    [core]        2s( 0.96) 2p( 3.35) 3p( 0.02)                                               
  28 h                  1s( 0.77)                                                                   
  29 h                  1s( 0.78)                                                                   
  30 h                  1s( 0.76)                                                                   
  31 h                  1s( 0.78)                                                                   
  32 h                  1s( 0.77)                                                                   
  33 h                  1s( 0.78)                                                                   
  34 h                  1s( 0.77)                                                                   
  35 h                  1s( 0.76)                                                                   
  36 h                  1s( 0.77)                                                                   
  37 h                  1s( 0.78)                                                                   
  38 h                  1s( 0.77)                                                                   
  39 h                  1s( 0.76)                                                                   
  40 h                  1s( 0.77)                                                                   
  41 h                  1s( 0.78)                                                                   
  42 h                  1s( 0.78)                                                                   
  43 h                  1s( 0.78)                                                                   
  44 h                  1s( 0.77)                                                                   
  45 h                  1s( 0.76)                                                                   
  46 h                  1s( 0.78)                                                                   
  47 h                  1s( 0.77)                                                                   

NATURAL POPULATIONS:  Natural atomic orbital occupancies

NAO   Atom  #       Type(AO)   Occupancy
----------------------------------------
    1 mo    1 s    Cor(4s)        1.99654
    2 mo    1 s    Val(5s)        0.46358
    3 mo    1 s    Ryd            0.00140
    4 mo    1 s    Ryd            0.00079
    5 mo    1 s    Ryd            0.00003
    6 mo    1 p    Cor(4px)       1.99294
    7 mo    1 p    Cor(4py)       1.99294
    8 mo    1 p    Cor(4pz)       1.99467
    9 mo    1 p    Ryd            0.00713
   10 mo    1 p    Ryd            0.00713
   11 mo    1 p    Ryd            0.00467
   12 mo    1 p    Ryd            0.00088
   13 mo    1 p    Ryd            0.00088
   14 mo    1 p    Ryd            0.00130
   15 mo    1 d    Val(4dz2)      0.95138
   16 mo    1 d    Val(4dxz)      1.04497
   17 mo    1 d    Val(4dyz)      1.04497
   18 mo    1 d    Val(4dxy)      1.29752
   19 mo    1 d    Val(4dx2-y2)   0.95029
   20 mo    1 d    Ryd            0.00701
   21 mo    1 d    Ryd            0.01680
   22 mo    1 d    Ryd            0.01680
   23 mo    1 d    Ryd            0.01839
   24 mo    1 d    Ryd            0.00018

   25 tb    2 s    Cor(4s)        1.99985
   26 tb    2 s    Cor(5s)        1.98660
   27 tb    2 s    Val(6s)        0.76364
   28 tb    2 s    Ryd            0.08700
   29 tb    2 s    Ryd            0.00300
   30 tb    2 s    Ryd            0.00159
   31 tb    2 s    Ryd            0.00010
   32 tb    2 s    Ryd            0.00003
   33 tb    2 s    Ryd            0.00000
   34 tb    2 s    Ryd            0.00000
   35 tb    2 p    Cor(4px)       1.99999
   36 tb    2 p    Cor(4py)       1.99999
   37 tb    2 p    Cor(4pz)       1.99999
   38 tb    2 p    Cor(5px)       1.99750
   39 tb    2 p    Cor(5py)       1.99750
   40 tb    2 p    Cor(5pz)       1.99663
   41 tb    2 p    Ryd            0.00295
   42 tb    2 p    Ryd            0.00295
   43 tb    2 p    Ryd            0.00217
   44 tb    2 p    Ryd            0.00089
   45 tb    2 p    Ryd            0.00089
   46 tb    2 p    Ryd            0.00112
   47 tb    2 p    Ryd            0.00030
   48 tb    2 p    Ryd            0.00030
   49 tb    2 p    Ryd            0.00039
   50 tb    2 p    Ryd            0.00000
   51 tb    2 p    Ryd            0.00000
   52 tb    2 p    Ryd            0.00000
   53 tb    2 d    Cor(4dz2)      1.99996
   54 tb    2 d    Cor(4dxz)      1.99996
   55 tb    2 d    Cor(4dyz)      1.99996
   56 tb    2 d    Cor(4dxy)      1.99995
   57 tb    2 d    Cor(4dx2-y2)   1.99996
   58 tb    2 d    Val(5dz2)      0.29406
   59 tb    2 d    Val(5dxz)      0.30944
   60 tb    2 d    Val(5dyz)      0.30944
   61 tb    2 d    Val(5dxy)      0.25037
   62 tb    2 d    Val(5dx2-y2)   0.29934
   63 tb    2 d    Ryd            0.00153
   64 tb    2 d    Ryd            0.00302
   65 tb    2 d    Ryd            0.00302
   66 tb    2 d    Ryd            0.00210
   67 tb    2 d    Ryd            0.00108
   68 tb    2 d    Ryd            0.00005
   69 tb    2 d    Ryd            0.00006
   70 tb    2 d    Ryd            0.00006
   71 tb    2 d    Ryd            0.00005
   72 tb    2 d    Ryd            0.00003
   73 tb    2 f    Val(4f0)       1.01877
   74 tb    2 f    Val(4fC1)      1.00970
   75 tb    2 f    Val(4fS1)      1.00970
   76 tb    2 f    Val(4fC2)      1.28528
   77 tb    2 f    Val(4fS2)      1.00723
   78 tb    2 f    Val(4fC3)      1.00541
   79 tb    2 f    Val(4fS3)      1.00541
   80 tb    2 f    Ryd            0.00038
   81 tb    2 f    Ryd            0.00071
   82 tb    2 f    Ryd            0.00071
   83 tb    2 f    Ryd            0.00103
   84 tb    2 f    Ryd            0.00063
   85 tb    2 f    Ryd            0.00053
   86 tb    2 f    Ryd            0.00053
   87 tb    2 f    Ryd            0.00001
   88 tb    2 f    Ryd            0.00000
   89 tb    2 f    Ryd            0.00000
   90 tb    2 f    Ryd            0.00002
   91 tb    2 f    Ryd            0.00000
   92 tb    2 f    Ryd            0.00000
   93 tb    2 f    Ryd            0.00000

   94 tb    3 s    Cor(4s)        1.99985
   95 tb    3 s    Cor(5s)        1.98660
   96 tb    3 s    Val(6s)        0.76364
   97 tb    3 s    Ryd            0.08700
   98 tb    3 s    Ryd            0.00300
   99 tb    3 s    Ryd            0.00159
  100 tb    3 s    Ryd            0.00010
  101 tb    3 s    Ryd            0.00003
  102 tb    3 s    Ryd            0.00000
  103 tb    3 s    Ryd            0.00000
  104 tb    3 p    Cor(4px)       1.99999
  105 tb    3 p    Cor(4py)       1.99999
  106 tb    3 p    Cor(4pz)       1.99999
  107 tb    3 p    Cor(5px)       1.99750
  108 tb    3 p    Cor(5py)       1.99750
  109 tb    3 p    Cor(5pz)       1.99663
  110 tb    3 p    Ryd            0.00295
  111 tb    3 p    Ryd            0.00295
  112 tb    3 p    Ryd            0.00217
  113 tb    3 p    Ryd            0.00089
  114 tb    3 p    Ryd            0.00089
  115 tb    3 p    Ryd            0.00112
  116 tb    3 p    Ryd            0.00030
  117 tb    3 p    Ryd            0.00030
  118 tb    3 p    Ryd            0.00039
  119 tb    3 p    Ryd            0.00000
  120 tb    3 p    Ryd            0.00000
  121 tb    3 p    Ryd            0.00000
  122 tb    3 d    Cor(4dz2)      1.99996
  123 tb    3 d    Cor(4dxz)      1.99996
  124 tb    3 d    Cor(4dyz)      1.99996
  125 tb    3 d    Cor(4dxy)      1.99995
  126 tb    3 d    Cor(4dx2-y2)   1.99996
  127 tb    3 d    Val(5dz2)      0.29406
  128 tb    3 d    Val(5dxz)      0.30944
  129 tb    3 d    Val(5dyz)      0.30944
  130 tb    3 d    Val(5dxy)      0.25038
  131 tb    3 d    Val(5dx2-y2)   0.29934
  132 tb    3 d    Ryd            0.00153
  133 tb    3 d    Ryd            0.00302
  134 tb    3 d    Ryd            0.00302
  135 tb    3 d    Ryd            0.00210
  136 tb    3 d    Ryd            0.00108
  137 tb    3 d    Ryd            0.00005
  138 tb    3 d    Ryd            0.00006
  139 tb    3 d    Ryd            0.00006
  140 tb    3 d    Ryd            0.00005
  141 tb    3 d    Ryd            0.00003
  142 tb    3 f    Val(4f0)       1.01877
  143 tb    3 f    Val(4fC1)      1.00970
  144 tb    3 f    Val(4fS1)      1.00970
  145 tb    3 f    Val(4fC2)      1.28528
  146 tb    3 f    Val(4fS2)      1.00723
  147 tb    3 f    Val(4fC3)      1.00541
  148 tb    3 f    Val(4fS3)      1.00541
  149 tb    3 f    Ryd            0.00038
  150 tb    3 f    Ryd            0.00071
  151 tb    3 f    Ryd            0.00071
  152 tb    3 f    Ryd            0.00103
  153 tb    3 f    Ryd            0.00063
  154 tb    3 f    Ryd            0.00053
  155 tb    3 f    Ryd            0.00053
  156 tb    3 f    Ryd            0.00001
  157 tb    3 f    Ryd            0.00000
  158 tb    3 f    Ryd            0.00000
  159 tb    3 f    Ryd            0.00002
  160 tb    3 f    Ryd            0.00000
  161 tb    3 f    Ryd            0.00000
  162 tb    3 f    Ryd            0.00000

  163 s     4 s    Cor(1s)        1.99999
  164 s     4 s    Cor(2s)        1.99961
  165 s     4 s    Val(3s)        1.83713
  166 s     4 s    Ryd            0.00405
  167 s     4 p    Cor(2px)       1.99989
  168 s     4 p    Cor(2py)       1.99989
  169 s     4 p    Cor(2pz)       1.99984
  170 s     4 p    Val(3px)       1.52211
  171 s     4 p    Val(3py)       1.52211
  172 s     4 p    Val(3pz)       1.50899
  173 s     4 p    Ryd            0.00078
  174 s     4 p    Ryd            0.00078
  175 s     4 p    Ryd            0.00226
  176 s     4 d    Ryd            0.00228
  177 s     4 d    Ryd            0.00223
  178 s     4 d    Ryd            0.00223
  179 s     4 d    Ryd            0.00256
  180 s     4 d    Ryd            0.00192

  181 s     5 s    Cor(1s)        1.99999
  182 s     5 s    Cor(2s)        1.99961
  183 s     5 s    Val(3s)        1.83713
  184 s     5 s    Ryd            0.00405
  185 s     5 p    Cor(2px)       1.99989
  186 s     5 p    Cor(2py)       1.99989
  187 s     5 p    Cor(2pz)       1.99984
  188 s     5 p    Val(3px)       1.52211
  189 s     5 p    Val(3py)       1.52211
  190 s     5 p    Val(3pz)       1.50899
  191 s     5 p    Ryd            0.00078
  192 s     5 p    Ryd            0.00078
  193 s     5 p    Ryd            0.00226
  194 s     5 d    Ryd            0.00228
  195 s     5 d    Ryd            0.00223
  196 s     5 d    Ryd            0.00223
  197 s     5 d    Ryd            0.00256
  198 s     5 d    Ryd            0.00192

  199 s     6 s    Cor(1s)        1.99999
  200 s     6 s    Cor(2s)        1.99961
  201 s     6 s    Val(3s)        1.83713
  202 s     6 s    Ryd            0.00405
  203 s     6 p    Cor(2px)       1.99989
  204 s     6 p    Cor(2py)       1.99989
  205 s     6 p    Cor(2pz)       1.99984
  206 s     6 p    Val(3px)       1.52211
  207 s     6 p    Val(3py)       1.52211
  208 s     6 p    Val(3pz)       1.50899
  209 s     6 p    Ryd            0.00078
  210 s     6 p    Ryd            0.00078
  211 s     6 p    Ryd            0.00226
  212 s     6 d    Ryd            0.00228
  213 s     6 d    Ryd            0.00223
  214 s     6 d    Ryd            0.00223
  215 s     6 d    Ryd            0.00256
  216 s     6 d    Ryd            0.00192

  217 s     7 s    Cor(1s)        1.99999
  218 s     7 s    Cor(2s)        1.99961
  219 s     7 s    Val(3s)        1.83713
  220 s     7 s    Ryd            0.00405
  221 s     7 p    Cor(2px)       1.99989
  222 s     7 p    Cor(2py)       1.99989
  223 s     7 p    Cor(2pz)       1.99984
  224 s     7 p    Val(3px)       1.52211
  225 s     7 p    Val(3py)       1.52211
  226 s     7 p    Val(3pz)       1.50899
  227 s     7 p    Ryd            0.00078
  228 s     7 p    Ryd            0.00078
  229 s     7 p    Ryd            0.00226
  230 s     7 d    Ryd            0.00228
  231 s     7 d    Ryd            0.00223
  232 s     7 d    Ryd            0.00223
  233 s     7 d    Ryd            0.00256
  234 s     7 d    Ryd            0.00192

  235 c     8 s    Cor(1s)        1.99892
  236 c     8 s    Val(2s)        0.95987
  237 c     8 s    Ryd            0.00349
  238 c     8 p    Val(2px)       1.14726
  239 c     8 p    Val(2py)       1.13231
  240 c     8 p    Val(2pz)       1.07367
  241 c     8 p    Ryd            0.00625
  242 c     8 p    Ryd            0.00365
  243 c     8 p    Ryd            0.00503
  244 c     8 d    Ryd            0.00086
  245 c     8 d    Ryd            0.00091
  246 c     8 d    Ryd            0.00080
  247 c     8 d    Ryd            0.00096
  248 c     8 d    Ryd            0.00081

  249 c     9 s    Cor(1s)        1.99892
  250 c     9 s    Val(2s)        0.96165
  251 c     9 s    Ryd            0.00305
  252 c     9 p    Val(2px)       1.07802
  253 c     9 p    Val(2py)       1.07802
  254 c     9 p    Val(2pz)       1.19253
  255 c     9 p    Ryd            0.00587
  256 c     9 p    Ryd            0.00587
  257 c     9 p    Ryd            0.00406
  258 c     9 d    Ryd            0.00111
  259 c     9 d    Ryd            0.00085
  260 c     9 d    Ryd            0.00085
  261 c     9 d    Ryd            0.00065
  262 c     9 d    Ryd            0.00083

  263 c    10 s    Cor(1s)        1.99892
  264 c    10 s    Val(2s)        0.95987
  265 c    10 s    Ryd            0.00349
  266 c    10 p    Val(2px)       1.13231
  267 c    10 p    Val(2py)       1.14726
  268 c    10 p    Val(2pz)       1.07367
  269 c    10 p    Ryd            0.00365
  270 c    10 p    Ryd            0.00625
  271 c    10 p    Ryd            0.00503
  272 c    10 d    Ryd            0.00086
  273 c    10 d    Ryd            0.00080
  274 c    10 d    Ryd            0.00091
  275 c    10 d    Ryd            0.00096
  276 c    10 d    Ryd            0.00081

  277 c    11 s    Cor(1s)        1.99893
  278 c    11 s    Val(2s)        0.95703
  279 c    11 s    Ryd            0.00391
  280 c    11 p    Val(2px)       1.15310
  281 c    11 p    Val(2py)       1.08203
  282 c    11 p    Val(2pz)       1.13524
  283 c    11 p    Ryd            0.00322
  284 c    11 p    Ryd            0.00517
  285 c    11 p    Ryd            0.00636
  286 c    11 d    Ryd            0.00089
  287 c    11 d    Ryd            0.00104
  288 c    11 d    Ryd            0.00078
  289 c    11 d    Ryd            0.00071
  290 c    11 d    Ryd            0.00090

  291 c    12 s    Cor(1s)        1.99893
  292 c    12 s    Val(2s)        0.95703
  293 c    12 s    Ryd            0.00391
  294 c    12 p    Val(2px)       1.08203
  295 c    12 p    Val(2py)       1.15310
  296 c    12 p    Val(2pz)       1.13524
  297 c    12 p    Ryd            0.00517
  298 c    12 p    Ryd            0.00322
  299 c    12 p    Ryd            0.00636
  300 c    12 d    Ryd            0.00089
  301 c    12 d    Ryd            0.00078
  302 c    12 d    Ryd            0.00104
  303 c    12 d    Ryd            0.00071
  304 c    12 d    Ryd            0.00090

  305 c    13 s    Cor(1s)        1.99892
  306 c    13 s    Val(2s)        0.95987
  307 c    13 s    Ryd            0.00349
  308 c    13 p    Val(2px)       1.13231
  309 c    13 p    Val(2py)       1.14726
  310 c    13 p    Val(2pz)       1.07367
  311 c    13 p    Ryd            0.00365
  312 c    13 p    Ryd            0.00625
  313 c    13 p    Ryd            0.00503
  314 c    13 d    Ryd            0.00086
  315 c    13 d    Ryd            0.00080
  316 c    13 d    Ryd            0.00091
  317 c    13 d    Ryd            0.00096
  318 c    13 d    Ryd            0.00081

  319 c    14 s    Cor(1s)        1.99892
  320 c    14 s    Val(2s)        0.96165
  321 c    14 s    Ryd            0.00305
  322 c    14 p    Val(2px)       1.07802
  323 c    14 p    Val(2py)       1.07802
  324 c    14 p    Val(2pz)       1.19253
  325 c    14 p    Ryd            0.00587
  326 c    14 p    Ryd            0.00587
  327 c    14 p    Ryd            0.00406
  328 c    14 d    Ryd            0.00111
  329 c    14 d    Ryd            0.00085
  330 c    14 d    Ryd            0.00085
  331 c    14 d    Ryd            0.00065
  332 c    14 d    Ryd            0.00083

  333 c    15 s    Cor(1s)        1.99892
  334 c    15 s    Val(2s)        0.95987
  335 c    15 s    Ryd            0.00349
  336 c    15 p    Val(2px)       1.14726
  337 c    15 p    Val(2py)       1.13231
  338 c    15 p    Val(2pz)       1.07367
  339 c    15 p    Ryd            0.00625
  340 c    15 p    Ryd            0.00365
  341 c    15 p    Ryd            0.00503
  342 c    15 d    Ryd            0.00086
  343 c    15 d    Ryd            0.00091
  344 c    15 d    Ryd            0.00080
  345 c    15 d    Ryd            0.00096
  346 c    15 d    Ryd            0.00081

  347 c    16 s    Cor(1s)        1.99893
  348 c    16 s    Val(2s)        0.95703
  349 c    16 s    Ryd            0.00391
  350 c    16 p    Val(2px)       1.08203
  351 c    16 p    Val(2py)       1.15310
  352 c    16 p    Val(2pz)       1.13524
  353 c    16 p    Ryd            0.00517
  354 c    16 p    Ryd            0.00322
  355 c    16 p    Ryd            0.00636
  356 c    16 d    Ryd            0.00089
  357 c    16 d    Ryd            0.00078
  358 c    16 d    Ryd            0.00104
  359 c    16 d    Ryd            0.00071
  360 c    16 d    Ryd            0.00090

  361 c    17 s    Cor(1s)        1.99893
  362 c    17 s    Val(2s)        0.95703
  363 c    17 s    Ryd            0.00391
  364 c    17 p    Val(2px)       1.15310
  365 c    17 p    Val(2py)       1.08203
  366 c    17 p    Val(2pz)       1.13524
  367 c    17 p    Ryd            0.00322
  368 c    17 p    Ryd            0.00517
  369 c    17 p    Ryd            0.00636
  370 c    17 d    Ryd            0.00089
  371 c    17 d    Ryd            0.00104
  372 c    17 d    Ryd            0.00078
  373 c    17 d    Ryd            0.00071
  374 c    17 d    Ryd            0.00090

  375 c    18 s    Cor(1s)        1.99892
  376 c    18 s    Val(2s)        0.95987
  377 c    18 s    Ryd            0.00349
  378 c    18 p    Val(2px)       1.13231
  379 c    18 p    Val(2py)       1.14726
  380 c    18 p    Val(2pz)       1.07367
  381 c    18 p    Ryd            0.00365
  382 c    18 p    Ryd            0.00625
  383 c    18 p    Ryd            0.00503
  384 c    18 d    Ryd            0.00086
  385 c    18 d    Ryd            0.00080
  386 c    18 d    Ryd            0.00091
  387 c    18 d    Ryd            0.00096
  388 c    18 d    Ryd            0.00081

  389 c    19 s    Cor(1s)        1.99893
  390 c    19 s    Val(2s)        0.95703
  391 c    19 s    Ryd            0.00391
  392 c    19 p    Val(2px)       1.15310
  393 c    19 p    Val(2py)       1.08203
  394 c    19 p    Val(2pz)       1.13524
  395 c    19 p    Ryd            0.00322
  396 c    19 p    Ryd            0.00517
  397 c    19 p    Ryd            0.00636
  398 c    19 d    Ryd            0.00089
  399 c    19 d    Ryd            0.00104
  400 c    19 d    Ryd            0.00078
  401 c    19 d    Ryd            0.00071
  402 c    19 d    Ryd            0.00090

  403 c    20 s    Cor(1s)        1.99893
  404 c    20 s    Val(2s)        0.95703
  405 c    20 s    Ryd            0.00391
  406 c    20 p    Val(2px)       1.08203
  407 c    20 p    Val(2py)       1.15310
  408 c    20 p    Val(2pz)       1.13524
  409 c    20 p    Ryd            0.00517
  410 c    20 p    Ryd            0.00322
  411 c    20 p    Ryd            0.00636
  412 c    20 d    Ryd            0.00089
  413 c    20 d    Ryd            0.00078
  414 c    20 d    Ryd            0.00104
  415 c    20 d    Ryd            0.00071
  416 c    20 d    Ryd            0.00090

  417 c    21 s    Cor(1s)        1.99892
  418 c    21 s    Val(2s)        0.95987
  419 c    21 s    Ryd            0.00349
  420 c    21 p    Val(2px)       1.14726
  421 c    21 p    Val(2py)       1.13231
  422 c    21 p    Val(2pz)       1.07367
  423 c    21 p    Ryd            0.00625
  424 c    21 p    Ryd            0.00365
  425 c    21 p    Ryd            0.00503
  426 c    21 d    Ryd            0.00086
  427 c    21 d    Ryd            0.00091
  428 c    21 d    Ryd            0.00080
  429 c    21 d    Ryd            0.00096
  430 c    21 d    Ryd            0.00081

  431 c    22 s    Cor(1s)        1.99892
  432 c    22 s    Val(2s)        0.96165
  433 c    22 s    Ryd            0.00305
  434 c    22 p    Val(2px)       1.07802
  435 c    22 p    Val(2py)       1.07802
  436 c    22 p    Val(2pz)       1.19253
  437 c    22 p    Ryd            0.00587
  438 c    22 p    Ryd            0.00587
  439 c    22 p    Ryd            0.00406
  440 c    22 d    Ryd            0.00111
  441 c    22 d    Ryd            0.00085
  442 c    22 d    Ryd            0.00085
  443 c    22 d    Ryd            0.00065
  444 c    22 d    Ryd            0.00083

  445 c    23 s    Cor(1s)        1.99892
  446 c    23 s    Val(2s)        0.95987
  447 c    23 s    Ryd            0.00349
  448 c    23 p    Val(2px)       1.14726
  449 c    23 p    Val(2py)       1.13231
  450 c    23 p    Val(2pz)       1.07367
  451 c    23 p    Ryd            0.00625
  452 c    23 p    Ryd            0.00365
  453 c    23 p    Ryd            0.00503
  454 c    23 d    Ryd            0.00086
  455 c    23 d    Ryd            0.00091
  456 c    23 d    Ryd            0.00080
  457 c    23 d    Ryd            0.00096
  458 c    23 d    Ryd            0.00081

  459 c    24 s    Cor(1s)        1.99893
  460 c    24 s    Val(2s)        0.95703
  461 c    24 s    Ryd            0.00391
  462 c    24 p    Val(2px)       1.08203
  463 c    24 p    Val(2py)       1.15310
  464 c    24 p    Val(2pz)       1.13524
  465 c    24 p    Ryd            0.00517
  466 c    24 p    Ryd            0.00322
  467 c    24 p    Ryd            0.00636
  468 c    24 d    Ryd            0.00089
  469 c    24 d    Ryd            0.00078
  470 c    24 d    Ryd            0.00104
  471 c    24 d    Ryd            0.00071
  472 c    24 d    Ryd            0.00090

  473 c    25 s    Cor(1s)        1.99893
  474 c    25 s    Val(2s)        0.95703
  475 c    25 s    Ryd            0.00391
  476 c    25 p    Val(2px)       1.15310
  477 c    25 p    Val(2py)       1.08203
  478 c    25 p    Val(2pz)       1.13524
  479 c    25 p    Ryd            0.00322
  480 c    25 p    Ryd            0.00517
  481 c    25 p    Ryd            0.00636
  482 c    25 d    Ryd            0.00089
  483 c    25 d    Ryd            0.00104
  484 c    25 d    Ryd            0.00078
  485 c    25 d    Ryd            0.00071
  486 c    25 d    Ryd            0.00090

  487 c    26 s    Cor(1s)        1.99892
  488 c    26 s    Val(2s)        0.95987
  489 c    26 s    Ryd            0.00349
  490 c    26 p    Val(2px)       1.13231
  491 c    26 p    Val(2py)       1.14726
  492 c    26 p    Val(2pz)       1.07367
  493 c    26 p    Ryd            0.00365
  494 c    26 p    Ryd            0.00625
  495 c    26 p    Ryd            0.00503
  496 c    26 d    Ryd            0.00086
  497 c    26 d    Ryd            0.00080
  498 c    26 d    Ryd            0.00091
  499 c    26 d    Ryd            0.00096
  500 c    26 d    Ryd            0.00081

  501 c    27 s    Cor(1s)        1.99892
  502 c    27 s    Val(2s)        0.96165
  503 c    27 s    Ryd            0.00305
  504 c    27 p    Val(2px)       1.07802
  505 c    27 p    Val(2py)       1.07802
  506 c    27 p    Val(2pz)       1.19253
  507 c    27 p    Ryd            0.00587
  508 c    27 p    Ryd            0.00587
  509 c    27 p    Ryd            0.00406
  510 c    27 d    Ryd            0.00111
  511 c    27 d    Ryd            0.00085
  512 c    27 d    Ryd            0.00085
  513 c    27 d    Ryd            0.00065
  514 c    27 d    Ryd            0.00083

  515 h    28 s    Val(1s)        0.76768
  516 h    28 s    Ryd            0.00154

  517 h    29 s    Val(1s)        0.77682
  518 h    29 s    Ryd            0.00124

  519 h    30 s    Val(1s)        0.75851
  520 h    30 s    Ryd            0.00201

  521 h    31 s    Val(1s)        0.77682
  522 h    31 s    Ryd            0.00124

  523 h    32 s    Val(1s)        0.76768
  524 h    32 s    Ryd            0.00154

  525 h    33 s    Val(1s)        0.77682
  526 h    33 s    Ryd            0.00124

  527 h    34 s    Val(1s)        0.76768
  528 h    34 s    Ryd            0.00154

  529 h    35 s    Val(1s)        0.75851
  530 h    35 s    Ryd            0.00201

  531 h    36 s    Val(1s)        0.76768
  532 h    36 s    Ryd            0.00154

  533 h    37 s    Val(1s)        0.77682
  534 h    37 s    Ryd            0.00124

  535 h    38 s    Val(1s)        0.76768
  536 h    38 s    Ryd            0.00154

  537 h    39 s    Val(1s)        0.75851
  538 h    39 s    Ryd            0.00201

  539 h    40 s    Val(1s)        0.76768
  540 h    40 s    Ryd            0.00154

  541 h    41 s    Val(1s)        0.77682
  542 h    41 s    Ryd            0.00124

  543 h    42 s    Val(1s)        0.77682
  544 h    42 s    Ryd            0.00124

  545 h    43 s    Val(1s)        0.77682
  546 h    43 s    Ryd            0.00124

  547 h    44 s    Val(1s)        0.76768
  548 h    44 s    Ryd            0.00154

  549 h    45 s    Val(1s)        0.75851
  550 h    45 s    Ryd            0.00201

  551 h    46 s    Val(1s)        0.77682
  552 h    46 s    Ryd            0.00124

  553 h    47 s    Val(1s)        0.76768
  554 h    47 s    Ryd            0.00154

Summary of Natural Population Analysis:
                                      Natural Population
                 Natural   -----------------------------------
Atom No          Charge       Core        Valence     Rydberg     Total
               ----------------------------------------------------------
  1  mo           0.18678     7.97709     5.75272     0.08341    13.81322
  2  tb           1.33513    25.97785     9.56779     0.11923    35.66487
  3  tb           1.33513    25.97785     9.56779     0.11923    35.66487
  4  s           -0.40867     9.99924     6.39033     0.01910    16.40867
  5  s           -0.40867     9.99924     6.39033     0.01910    16.40867
  6  s           -0.40867     9.99924     6.39033     0.01910    16.40867
  7  s           -0.40867     9.99924     6.39033     0.01910    16.40867
  8  c           -0.33479     1.99892     4.31310     0.02276     6.33479
  9  c           -0.33230     1.99892     4.31022     0.02316     6.33230
 10  c           -0.33479     1.99892     4.31310     0.02276     6.33479
 11  c           -0.34931     1.99893     4.32741     0.02297     6.34931
 12  c           -0.34931     1.99893     4.32741     0.02297     6.34931
 13  c           -0.33479     1.99892     4.31310     0.02276     6.33479
 14  c           -0.33230     1.99892     4.31022     0.02316     6.33230
 15  c           -0.33479     1.99892     4.31310     0.02276     6.33479
 16  c           -0.34931     1.99893     4.32741     0.02297     6.34931
 17  c           -0.34931     1.99893     4.32741     0.02297     6.34931
 18  c           -0.33479     1.99892     4.31310     0.02276     6.33479
 19  c           -0.34931     1.99893     4.32741     0.02297     6.34931
 20  c           -0.34931     1.99893     4.32741     0.02297     6.34931
 21  c           -0.33479     1.99892     4.31310     0.02276     6.33479
 22  c           -0.33230     1.99892     4.31022     0.02316     6.33230
 23  c           -0.33479     1.99892     4.31310     0.02276     6.33479
 24  c           -0.34931     1.99893     4.32741     0.02297     6.34931
 25  c           -0.34931     1.99893     4.32741     0.02297     6.34931
 26  c           -0.33479     1.99892     4.31310     0.02276     6.33479
 27  c           -0.33230     1.99892     4.31022     0.02316     6.33230
 28  h            0.23077     0.00000     0.76768     0.00154     0.76923
 29  h            0.22194     0.00000     0.77682     0.00124     0.77806
 30  h            0.23947     0.00000     0.75851     0.00201     0.76053
 31  h            0.22194     0.00000     0.77682     0.00124     0.77806
 32  h            0.23077     0.00000     0.76768     0.00154     0.76923
 33  h            0.22194     0.00000     0.77682     0.00124     0.77806
 34  h            0.23077     0.00000     0.76768     0.00154     0.76923
 35  h            0.23947     0.00000     0.75851     0.00201     0.76053
 36  h            0.23077     0.00000     0.76768     0.00154     0.76923
 37  h            0.22194     0.00000     0.77682     0.00124     0.77806
 38  h            0.23077     0.00000     0.76768     0.00154     0.76923
 39  h            0.23947     0.00000     0.75851     0.00201     0.76053
 40  h            0.23077     0.00000     0.76768     0.00154     0.76923
 41  h            0.22194     0.00000     0.77682     0.00124     0.77806
 42  h            0.22194     0.00000     0.77682     0.00124     0.77806
 43  h            0.22194     0.00000     0.77682     0.00124     0.77806
 44  h            0.23077     0.00000     0.76768     0.00154     0.76923
 45  h            0.23947     0.00000     0.75851     0.00201     0.76053
 46  h            0.22194     0.00000     0.77682     0.00124     0.77806
 47  h            0.23077     0.00000     0.76768     0.00154     0.76923
               ----------------------------------------------------------
 * Total *       -1.00000   139.90823   152.20467     0.88711   293.00000

For all atoms:
Core                     139.90823(  99.9344% of  140)
Valence                  152.20467(  99.4802% of  153)
Natural Minimal Basis    292.11289(  99.6972% of  293)
Natural Rydberg Basis      0.88711(   0.3028% of  293)

 ==============================================================================

atomic populations from total density:
atom          charge    n(s)      n(p)      n(d)      n(f)      n(g)
  1 mo         0.18678   2.46235   6.00255   5.34832   0.00000   0.00000
  2 tb         1.33513   4.84179  12.00357  11.47344   7.34607   0.00000
  3 tb         1.33513   4.84179  12.00357  11.47344   7.34607   0.00000
  4 s         -0.40867   5.84079  10.55666   0.01122   0.00000   0.00000
  5 s         -0.40867   5.84079  10.55666   0.01122   0.00000   0.00000
  6 s         -0.40867   5.84079  10.55666   0.01122   0.00000   0.00000
  7 s         -0.40867   5.84079  10.55666   0.01122   0.00000   0.00000
  8 c         -0.33479   2.96228   3.36816   0.00434   0.00000   0.00000
  9 c         -0.33230   2.96362   3.36438   0.00430   0.00000   0.00000
 10 c         -0.33479   2.96228   3.36816   0.00434   0.00000   0.00000
 11 c         -0.34931   2.95987   3.38512   0.00432   0.00000   0.00000
 12 c         -0.34931   2.95987   3.38512   0.00432   0.00000   0.00000
 13 c         -0.33479   2.96228   3.36816   0.00434   0.00000   0.00000
 14 c         -0.33230   2.96362   3.36438   0.00430   0.00000   0.00000
 15 c         -0.33479   2.96228   3.36816   0.00434   0.00000   0.00000
 16 c         -0.34931   2.95987   3.38512   0.00432   0.00000   0.00000
 17 c         -0.34931   2.95987   3.38512   0.00432   0.00000   0.00000
 18 c         -0.33479   2.96228   3.36816   0.00434   0.00000   0.00000
 19 c         -0.34931   2.95987   3.38512   0.00432   0.00000   0.00000
 20 c         -0.34931   2.95987   3.38512   0.00432   0.00000   0.00000
 21 c         -0.33479   2.96228   3.36816   0.00434   0.00000   0.00000
 22 c         -0.33230   2.96362   3.36438   0.00430   0.00000   0.00000
 23 c         -0.33479   2.96228   3.36816   0.00434   0.00000   0.00000
 24 c         -0.34931   2.95987   3.38512   0.00432   0.00000   0.00000
 25 c         -0.34931   2.95987   3.38512   0.00432   0.00000   0.00000
 26 c         -0.33479   2.96228   3.36816   0.00434   0.00000   0.00000
 27 c         -0.33230   2.96362   3.36438   0.00430   0.00000   0.00000
 28 h          0.23077   0.76923   0.00000   0.00000   0.00000   0.00000
 29 h          0.22194   0.77806   0.00000   0.00000   0.00000   0.00000
 30 h          0.23947   0.76053   0.00000   0.00000   0.00000   0.00000
 31 h          0.22194   0.77806   0.00000   0.00000   0.00000   0.00000
 32 h          0.23077   0.76923   0.00000   0.00000   0.00000   0.00000
 33 h          0.22194   0.77806   0.00000   0.00000   0.00000   0.00000
 34 h          0.23077   0.76923   0.00000   0.00000   0.00000   0.00000
 35 h          0.23947   0.76053   0.00000   0.00000   0.00000   0.00000
 36 h          0.23077   0.76923   0.00000   0.00000   0.00000   0.00000
 37 h          0.22194   0.77806   0.00000   0.00000   0.00000   0.00000
 38 h          0.23077   0.76923   0.00000   0.00000   0.00000   0.00000
 39 h          0.23947   0.76053   0.00000   0.00000   0.00000   0.00000
 40 h          0.23077   0.76923   0.00000   0.00000   0.00000   0.00000
 41 h          0.22194   0.77806   0.00000   0.00000   0.00000   0.00000
 42 h          0.22194   0.77806   0.00000   0.00000   0.00000   0.00000
 43 h          0.22194   0.77806   0.00000   0.00000   0.00000   0.00000
 44 h          0.23077   0.76923   0.00000   0.00000   0.00000   0.00000
 45 h          0.23947   0.76053   0.00000   0.00000   0.00000   0.00000
 46 h          0.22194   0.77806   0.00000   0.00000   0.00000   0.00000
 47 h          0.23077   0.76923   0.00000   0.00000   0.00000   0.00000

 ==============================================================================

 
 moments (from total density versus population analysis)
 <charge> =            -1.000000           -1.000000
 <xx  >   =          -206.070584          -11.624496
 <yy  >   =          -206.070584          -11.624496
 <zz  >   =          -231.213144          -46.849472
 <xy  >   =             0.000000            0.000000
 <xz  >   =             0.000000           -0.000000
 <yz  >   =             0.000000           -0.000000


nbfiat:  1  5  9 10  0  0  0  0  0  0  0  0
nbfiat:  2 10 18 20 21  0  0  0  0  0  0  0
nbfiat:  3 10 18 20 21  0  0  0  0  0  0  0
nbfiat:  4  4  9  5  0  0  0  0  0  0  0  0
nbfiat:  5  4  9  5  0  0  0  0  0  0  0  0
nbfiat:  6  4  9  5  0  0  0  0  0  0  0  0
nbfiat:  7  4  9  5  0  0  0  0  0  0  0  0
nbfiat:  8  3  6  5  0  0  0  0  0  0  0  0
nbfiat:  9  3  6  5  0  0  0  0  0  0  0  0
nbfiat: 10  3  6  5  0  0  0  0  0  0  0  0
nbfiat: 11  3  6  5  0  0  0  0  0  0  0  0
nbfiat: 12  3  6  5  0  0  0  0  0  0  0  0
nbfiat: 13  3  6  5  0  0  0  0  0  0  0  0
nbfiat: 14  3  6  5  0  0  0  0  0  0  0  0
nbfiat: 15  3  6  5  0  0  0  0  0  0  0  0
nbfiat: 16  3  6  5  0  0  0  0  0  0  0  0
nbfiat: 17  3  6  5  0  0  0  0  0  0  0  0
nbfiat: 18  3  6  5  0  0  0  0  0  0  0  0
nbfiat: 19  3  6  5  0  0  0  0  0  0  0  0
nbfiat: 20  3  6  5  0  0  0  0  0  0  0  0
nbfiat: 21  3  6  5  0  0  0  0  0  0  0  0
nbfiat: 22  3  6  5  0  0  0  0  0  0  0  0
nbfiat: 23  3  6  5  0  0  0  0  0  0  0  0
nbfiat: 24  3  6  5  0  0  0  0  0  0  0  0
nbfiat: 25  3  6  5  0  0  0  0  0  0  0  0
nbfiat: 26  3  6  5  0  0  0  0  0  0  0  0
nbfiat: 27  3  6  5  0  0  0  0  0  0  0  0
nbfiat: 28  2  0  0  0  0  0  0  0  0  0  0
nbfiat: 29  2  0  0  0  0  0  0  0  0  0  0
nbfiat: 30  2  0  0  0  0  0  0  0  0  0  0
nbfiat: 31  2  0  0  0  0  0  0  0  0  0  0
nbfiat: 32  2  0  0  0  0  0  0  0  0  0  0
nbfiat: 33  2  0  0  0  0  0  0  0  0  0  0
nbfiat: 34  2  0  0  0  0  0  0  0  0  0  0
nbfiat: 35  2  0  0  0  0  0  0  0  0  0  0
nbfiat: 36  2  0  0  0  0  0  0  0  0  0  0
nbfiat: 37  2  0  0  0  0  0  0  0  0  0  0
nbfiat: 38  2  0  0  0  0  0  0  0  0  0  0
nbfiat: 39  2  0  0  0  0  0  0  0  0  0  0
nbfiat: 40  2  0  0  0  0  0  0  0  0  0  0
nbfiat: 41  2  0  0  0  0  0  0  0  0  0  0
nbfiat: 42  2  0  0  0  0  0  0  0  0  0  0
nbfiat: 43  2  0  0  0  0  0  0  0  0  0  0
nbfiat: 44  2  0  0  0  0  0  0  0  0  0  0
nbfiat: 45  2  0  0  0  0  0  0  0  0  0  0
nbfiat: 46  2  0  0  0  0  0  0  0  0  0  0
nbfiat: 47  2  0  0  0  0  0  0  0  0  0  0
***********************************
*** Spin density (Dalpha-Dbeta) ***
***********************************

 ==============================================================================

atomic populations from spin  density:
atom          sum       n(s)      n(p)      n(d)      n(f)      n(g)
  1 mo         0.55189  -0.00089   0.09082   0.46196   0.00000   0.00000
  2 tb         6.41529  -0.54486   0.05128   0.28158   6.62729   0.00000
  3 tb         6.41529  -0.54486   0.05128   0.28158   6.62729   0.00000
  4 s         -0.02207  -0.00178  -0.02154   0.00125   0.00000   0.00000
  5 s         -0.02207  -0.00178  -0.02154   0.00125   0.00000   0.00000
  6 s         -0.02207  -0.00178  -0.02154   0.00125   0.00000   0.00000
  7 s         -0.02207  -0.00178  -0.02154   0.00125   0.00000   0.00000
  8 c         -0.01894  -0.00184  -0.01710  -0.00001   0.00000   0.00000
  9 c         -0.00615  -0.00114  -0.00494  -0.00006   0.00000   0.00000
 10 c         -0.01894  -0.00184  -0.01710  -0.00001   0.00000   0.00000
 11 c         -0.01401  -0.00182  -0.01216  -0.00002   0.00000   0.00000
 12 c         -0.01401  -0.00182  -0.01216  -0.00002   0.00000   0.00000
 13 c         -0.01894  -0.00184  -0.01710  -0.00001   0.00000   0.00000
 14 c         -0.00615  -0.00114  -0.00494  -0.00006   0.00000   0.00000
 15 c         -0.01894  -0.00184  -0.01710  -0.00001   0.00000   0.00000
 16 c         -0.01401  -0.00182  -0.01216  -0.00002   0.00000   0.00000
 17 c         -0.01401  -0.00182  -0.01216  -0.00002   0.00000   0.00000
 18 c         -0.01894  -0.00184  -0.01710  -0.00001   0.00000   0.00000
 19 c         -0.01401  -0.00182  -0.01216  -0.00002   0.00000   0.00000
 20 c         -0.01401  -0.00182  -0.01216  -0.00002   0.00000   0.00000
 21 c         -0.01894  -0.00184  -0.01710  -0.00001   0.00000   0.00000
 22 c         -0.00615  -0.00114  -0.00494  -0.00006   0.00000   0.00000
 23 c         -0.01894  -0.00184  -0.01710  -0.00001   0.00000   0.00000
 24 c         -0.01401  -0.00182  -0.01216  -0.00002   0.00000   0.00000
 25 c         -0.01401  -0.00182  -0.01216  -0.00002   0.00000   0.00000
 26 c         -0.01894  -0.00184  -0.01710  -0.00001   0.00000   0.00000
 27 c         -0.00615  -0.00114  -0.00494  -0.00006   0.00000   0.00000
 28 h         -0.00121  -0.00121   0.00000   0.00000   0.00000   0.00000
 29 h          0.00039   0.00039   0.00000   0.00000   0.00000   0.00000
 30 h          0.00015   0.00015   0.00000   0.00000   0.00000   0.00000
 31 h          0.00039   0.00039   0.00000   0.00000   0.00000   0.00000
 32 h         -0.00121  -0.00121   0.00000   0.00000   0.00000   0.00000
 33 h          0.00039   0.00039   0.00000   0.00000   0.00000   0.00000
 34 h         -0.00121  -0.00121   0.00000   0.00000   0.00000   0.00000
 35 h          0.00015   0.00015   0.00000   0.00000   0.00000   0.00000
 36 h         -0.00121  -0.00121   0.00000   0.00000   0.00000   0.00000
 37 h          0.00039   0.00039   0.00000   0.00000   0.00000   0.00000
 38 h         -0.00121  -0.00121   0.00000   0.00000   0.00000   0.00000
 39 h          0.00015   0.00015   0.00000   0.00000   0.00000   0.00000
 40 h         -0.00121  -0.00121   0.00000   0.00000   0.00000   0.00000
 41 h          0.00039   0.00039   0.00000   0.00000   0.00000   0.00000
 42 h          0.00039   0.00039   0.00000   0.00000   0.00000   0.00000
 43 h          0.00039   0.00039   0.00000   0.00000   0.00000   0.00000
 44 h         -0.00121  -0.00121   0.00000   0.00000   0.00000   0.00000
 45 h          0.00015   0.00015   0.00000   0.00000   0.00000   0.00000
 46 h          0.00039   0.00039   0.00000   0.00000   0.00000   0.00000
 47 h         -0.00121  -0.00121   0.00000   0.00000   0.00000   0.00000
 
 ==============================================================================
 
HOMO-LUMO Separation
 HOMO         :   -0.03158088 H =     -0.85936 eV
 LUMO         :   -0.01693218 H =     -0.46075 eV
 HOMO-LUMO gap:    0.01464870 H =     +0.39861 eV
 
 ==============================================================================


    ------------------------------------------------------------------------
         total  cpu-time :   1.16 seconds
         total wall-time :   1.55 seconds
    ------------------------------------------------------------------------

   ****  ridft : all done  ****


    2020-07-23 22:18:24.212 

