
   OpenMP run-time library returned nthreads = 20

 data group $actual step is not empty 
 due to the abend of escf


 escf (hpc3-17-11) : TURBOMOLE rev. V7-5-tag-28-gbe0a187fad compiled 7 Apr 2020 at 04:41:40
 Copyright (C) 2020 TURBOMOLE GmbH, Karlsruhe


    2020-07-29 18:49:27.851 




                                e s c f

                             TURBOMOLE GmbH


          integral direct evaluation of 

                    * excitation energies and transition moments 
                    * dynamic response properties 
                    * stabilities



          OpenMP Shared-Memory Parallelization: 20 CPUs.

            By: Erik P. Almaraz and Filipp Furche
            Copyright 2009-2011 by UCI and TURBOMOLE GmbH.

            Revised by: Christof Holzer and Yannick J. Franzke



          references (see also programs dscf and ridft) 

          implementation and benchmarks (review) 
          F. Furche and D. Rappoport,  
          "Density functional methods for excited states: 
          equilibrium structure and electronic spectra",
          ch. III of "Computational Photochemistry", ed. by 
          M. Olivucci, vol. 16 of "Theoretical and Computational 
          Chemistry", Elsevier, Amsterdam, 2005.

          Bethe-Salpeter equation
          K. Krause and W. Klopper,
          J. Comput. Chem. 38 (2017) 383.

          2c BSE, GW and hybrid TD-DFT
          C. Holzer and W. Klopper
          J. Chem. Phys. 150, 204116 (2019)

          nonorthonormal Krylov space methods 
          F. Furche, B. T. Krull, B. D. Nguyen, and J. Kwon, 
          J. Chem. Phys. 144 (2016), 174105.

          two-component GW quasi particle energies 
          M. Kuehn and F. Weigend, 
          J. Chem. Theory Comput. 11 (2015), 969.

          two-component TDDFT with spin-orbit coupling 
          M. Kuehn and F. Weigend, 
          J. Chem. Theory Comput. 9 (2013), 5341.
          M. Kuehn and F. Weigend, 
          J. Chem. Phys. 142 (2015), 034116.

          GW quasi particle energies
          M. J. van Setten, F. Weigend, and F. Evers,
          J. Chem. Theory Comput. 9 (2013), 232.

          Fast GW methods: RIGW, contour deformation
          J. Chem. Phys. 150, 204116 (2019)

          current-density dependent meta-GGA Linear Response
          J. E. Bates and F. Furche, 
          J. Chem. Phys. 137 (2012), 164105.

          spin-flip method 
          M. Kuehn and F. Weigend, 
          Chem. Phys. Chem. 12 (2011), 3331.

          RI-J method 
          R. Bauernschmitt, M. Haeser, O. Treutler, and R. Ahlrichs,
          Chem. Phys. Lett. 264 (1997), 573.

          density functional implementation               
          R. Bauernschmitt and R. Ahlrichs,
          Chem. Phys. Lett. 256 (1996), 454.
          R. Bauernschmitt and R. Ahlrichs,
          J. Chem. Phys. 104 (1996), 9047.

          UHF extension (RPA and CIS)
          C. Ochsenfeld, J. Gauss, and R. Ahlrichs, 
          J. Chem. Phys. 103 (1995), 7401.

          integral direct algorithm                 
          H. Weiss, R. Ahlrichs, and M. Haeser, 
          J. Chem. Phys. 99 (1993), 1262.

          Seminumerical and pseudospectral algorithms
          C. Holzer, in preparation (2020)

          Two-component static/dynamic polarizabilities,
          and relativistic damped-response approach,
          polarizabilities and damped response at GW-BSE level
          M. Kehry, Y. J. Franzke, C. Holzer, and W. Klopper,
          submitted (2020)
                                     



 UHF mode switched on !


              +--------------------------------------------------+
              | Atomic coordinate, charge and isotop information |
              +--------------------------------------------------+

                    atomic coordinates            atom    charge  isotop
          0.00000000    0.00000000    0.00000000    mo    42.000     0
          0.00000000    0.00000000   -6.40262201    dy    66.000     0
          0.00000000    0.00000000    6.40262201    dy    66.000     0
          2.40876733    2.40876733   -2.52827571    s     16.000     0
         -2.40876733   -2.40876733   -2.52827571    s     16.000     0
          2.40876733   -2.40876733    2.52827571    s     16.000     0
         -2.40876733    2.40876733    2.52827571    s     16.000     0
          4.63448966   -1.56768363   -7.62581035    c      6.000     0
          3.56576107   -3.56576107   -6.19250414    c      6.000     0
          1.56768363   -4.63448966   -7.62581035    c      6.000     0
          1.38812313   -3.28919210   -9.94186318    c      6.000     0
          3.28919210   -1.38812313   -9.94186318    c      6.000     0
         -1.56768363    4.63448966   -7.62581035    c      6.000     0
         -3.56576107    3.56576107   -6.19250414    c      6.000     0
         -4.63448966    1.56768363   -7.62581035    c      6.000     0
         -3.28919210    1.38812313   -9.94186318    c      6.000     0
         -1.38812313    3.28919210   -9.94186318    c      6.000     0
          1.56768363    4.63448966    7.62581035    c      6.000     0
          1.38812313    3.28919210    9.94186318    c      6.000     0
          3.28919210    1.38812313    9.94186318    c      6.000     0
          4.63448966    1.56768363    7.62581035    c      6.000     0
          3.56576107    3.56576107    6.19250414    c      6.000     0
         -4.63448966   -1.56768363    7.62581035    c      6.000     0
         -3.28919210   -1.38812313    9.94186318    c      6.000     0
         -1.38812313   -3.28919210    9.94186318    c      6.000     0
         -1.56768363   -4.63448966    7.62581035    c      6.000     0
         -3.56576107   -3.56576107    6.19250414    c      6.000     0
          0.35546772   -6.19078677   -7.02263994    h      1.000     0
          0.04767215   -3.66282602  -11.46571916    h      1.000     0
          4.12520186   -4.12520186   -4.28834211    h      1.000     0
          3.66282602   -0.04767215  -11.46571916    h      1.000     0
          6.19078677   -0.35546772   -7.02263994    h      1.000     0
         -0.04767215    3.66282602  -11.46571916    h      1.000     0
         -0.35546772    6.19078677   -7.02263994    h      1.000     0
         -4.12520186    4.12520186   -4.28834211    h      1.000     0
         -6.19078677    0.35546772   -7.02263994    h      1.000     0
         -3.66282602    0.04767215  -11.46571916    h      1.000     0
         -0.35546772   -6.19078677    7.02263994    h      1.000     0
         -4.12520186   -4.12520186    4.28834211    h      1.000     0
         -6.19078677   -0.35546772    7.02263994    h      1.000     0
         -3.66282602   -0.04767215   11.46571916    h      1.000     0
         -0.04767215   -3.66282602   11.46571916    h      1.000     0
          0.04767215    3.66282602   11.46571916    h      1.000     0
          0.35546772    6.19078677    7.02263994    h      1.000     0
          4.12520186    4.12520186    4.28834211    h      1.000     0
          3.66282602    0.04767215   11.46571916    h      1.000     0
          6.19078677    0.35546772    7.02263994    h      1.000     0
 
       center of nuclear mass  :    0.00000000   -0.00000000   -0.00000000
       center of nuclear charge:    0.00000000   -0.00000000   -0.00000000

              +--------------------------------------------------+
              |               basis set information              |
              +--------------------------------------------------+

              we will work with the 1s 3p 5d 7f 9g ... basis set
              ...i.e. with spherical basis functions...

   type   atoms  prim   cont   basis
   ---------------------------------------------------------------------------
    mo       1     50     24   def2-SV(P)   [5s3p2d|7s6p5d]
    dy       2    144     69   def2-SV(P)   [10s6p4d3f|14s12p9d7f]
    s        4     36     18   def2-SV(P)   [4s3p1d|10s7p1d]
    c       20     24     14   def2-SV(P)   [3s2p1d|7s4p1d]
    h       20      4      2   def2-SV(P)   [2s|4s]
   ---------------------------------------------------------------------------
   total:   47   1042    554
   ---------------------------------------------------------------------------

   total number of primitive shells          :   94
   total number of contracted shells         :  248
   total number of cartesian basis functions :  606
   total number of SCF-basis functions       :  554

 number of unique ecp types :                     2

 residuum convergence criterium   :  0.10E-03


 integral neglect threshold       :  0.55E-11
 integral storage threshold THIZE :  0.10E-04
 integral storage threshold THIME :         5

 
             FOUND RI-J FLAG !
 
  
 AUXILIARY BASIS SET information:

              we will work with the 1s 3p 5d 7f 9g ... basis set
              ...i.e. with spherical basis functions...

   type   atoms  prim   cont   basis
   ---------------------------------------------------------------------------
    mo       1     99     89   def2-SV(P)   [8s5p5d2f3g|11s5p5d3f3g]
    dy       2    263    200   def2-SV(P)   [14s7p6d6f5g2h2i|18s7p6d6f6g3h5i]
    s        4     77     51   universal   [8s4p3d1f1g|14s5p5d2f1g]
    c       20     70     49   universal   [6s4p3d1f1g|12s5p4d2f1g]
    h       20     16     11   universal   [3s1p1d|5s2p1d]
   ---------------------------------------------------------------------------
   total:   47   2653   1893
   ---------------------------------------------------------------------------

   total number of primitive shells          :  137
   total number of contracted shells         :  575
   total number of cartesian basis functions : 2438
   total number of SCF-basis functions       : 1893

 RPA UHF-EXCITATION-CALCULATION (spin-conserved)
 
             FOUND DFT-FLAG !
 

 symmetry group of the molecule :   c1 

 the group has the following generators :
   c1(z)

    1 symmetry operations found

 there are 1 real representations :   a   

 maximum number of shells which are related by symmetry :  1

 IRREPs of excited states :   a   

    mo occupation :
   irrep   mo's   occupied
    a      554      152
 
 number of basis functions   :   554
 number of occupied orbitals :   152
 
 ALPHA-Occupation:                   152
 BETA-Occupation :                   143
  
           ------------------
           density functional
           ------------------
 TPSS global hybrid functional
 exchange:    9/10 (LDA+TPSS) + 1/10 HF
 correlation: LDA (PW) + TPSS

 spherical integration : Lebedev's spherical grid
 spherical gridsize    :                     4
    i.e. gridpoints    :                   434
 value for diffuse not defined
 radial integration    : Chebyshev 2nd kind (scaling 3)
 radial gridsize       :                     6
 integration cells     :                    47
 partition function    : becke
 partition sharpness   :                     3
  
 
 Derivatives of quadrature weights will be included
 

 The current-density response will be included
 for meta-GGA functionals in TDDFT.

  
           ----------------------
               RI - INFORMATION
           ----------------------

 biggest AO integral is expected to be    25.290768932

 Threshold for integral neglect (rithr2):   0.55E-11
 Threshold for integral neglect (rithr1):   0.55E-11

 Contributions to RI integral batches: 
  neglected integral batches:                 11416
  direct contribution:                            0
  memory contribution:                 19460
 Core memory available (ricore)            55000 MiB
 Core memory needed for (P|Q) and Cholesky 28 MiB
 Core memory used for integrals            2162 MiB
  
 ****************************************
 Memory allocated for RIDFT 2189 MiB
 ****************************************
                                            
  MOs are in ASCII format !


 reading orbital data $uhfmo_alpha  from file alpha
 orbital characterization : scfconv=7

 reading orbital data $uhfmo_beta  from file beta
 orbital characterization : scfconv=7
 preparing DFT   numerical integration ....
          Overall gridpoints after grid construction =        480810
 Ordering of quadrature gridpoints disabled.

 Calculating ground state density on molecular grid

 Integral of ground state total density: Na =   295.0012046462662    

 Integral of ground state spin density:  Nb =   9.000007091394652    


 all orbitals will be included in the transformation

 number of non-frozen orbitals          :   554
 number of non-frozen occupied orbitals :   152
 all orbitals will be included in the transformation

 number of non-frozen orbitals          :   554
 number of non-frozen occupied orbitals :   143

 dimension of super-tensorspace: 2

          IRREP   tensor space dimension   number of roots

           a            119877                  10

 maximum number of Davidson iterations set to   35


 machine precision: 2.22D-16


 logfile unrs_a    will be constructed


                       Nonorthonormal Krylov Space Iteration


 total number of roots to be determined: 10


 maximum core memory set to        70000 MB,
 corresponding to     6225 vectors in CAO basis


 maximum number of simultaneously treated vectors (including degeneracy):       18


 Iteration IRREP Converged      Max. Euclidean
                 roots          residual norm

    1       a        0        8.802391634304170D-02
 
    2       a        0        1.287345008485935D-01
 
    3       a        0        1.009051257081438D-01
 
    4       a        0        5.488045080839160D-02
 
    5       a        0        1.269981210101116D-01
 
    6       a        0        9.728473345673169D-02
 
    7       a        0        8.768900917896731D-02
 
    8       a        0        7.545601536703196D-02
 
    9       a        0        2.855061344315982D-02
 
   10       a        0        1.008058337398289D-01
 

========================
 internal module stack: 
------------------------
    escf
========================

 Reference state is unstable
 escf ended abnormally
