
 vibrations (login-i16) : TURBOMOLE rev. V7.5.0 compiled 13 Jun 2020 at 23:29:25
 Copyright (C) 2020 TURBOMOLE GmbH, Karlsruhe


    2020-08-14 21:18:31.800 



     this is  V I B R A T I O N S 

     program for calculating cartesian coordinates
     shifted along a certain normal mode



 reading data block $coord from file <coord>

 symmetry group of the molecule :   c2 

 the group has the following generators :
   c2(z)

    2 symmetry operations found

   ATOM                    CARTESIAN COORDINATES                       MASS

    1 mo        0.000000000000     0.000000000000     0.000000000000   95.94
    2 y         0.000000000000     0.000000000000    -6.487145680994   88.91
    3 s         2.541336323318     2.216183038725    -2.566631280739   32.06
    4 s        -2.541336323318    -2.216183038725    -2.566631280739   32.06
    5 s         2.216183038725    -2.541336323318     2.566631280739   32.06
    6 s        -2.216183038725     2.541336323318     2.566631280739   32.06
    7 c         4.524262081805    -1.624742959872    -7.918231194094   12.01
    8 c         3.717980574996    -3.399281348492    -6.052715895231   12.01
    9 c         1.616375375162    -4.752916445676    -7.048049778476   12.01
   10 c         1.131994875944    -3.840664602201    -9.543022098239   12.01
   11 c         2.955791947172    -1.922344819687   -10.095336115045   12.01
   12 c        -1.616375375162     4.752916445676    -7.048049778476   12.01
   13 c        -3.717980574996     3.399281348492    -6.052715895231   12.01
   14 c        -4.524262081805     1.624742959872    -7.918231194094   12.01
   15 c        -2.955791947172     1.922344819687   -10.095336115045   12.01
   16 c        -1.131994875944     3.840664602201    -9.543022098239   12.01
   17 c         0.316031080078    -6.953933487044    -5.812355000217   12.01
   18 c        -0.703654655014    -5.023230132479   -11.363349377629   12.01
   19 c         5.003262922741    -3.914985021133    -3.580360183967   12.01
   20 c         3.491854531286    -0.791783612917   -12.643573976102   12.01
   21 c         6.767028145790     0.105269255186    -7.686495796279   12.01
   22 c         0.703654655014     5.023230132479   -11.363349377629   12.01
   23 c        -5.003262922741     3.914985021133    -3.580360183967   12.01
   24 c        -6.767028145790    -0.105269255186    -7.686495796279   12.01
   25 c        -3.491854531286     0.791783612917   -12.643573976102   12.01
   26 h         6.535976540224    -5.315340311472    -3.824308179480    1.01
   27 h         3.680087672034    -4.664841861364    -2.166200316559    1.01
   28 h        -3.680087672034     4.664841861364    -2.166200316559    1.01
   29 h        -6.535976540224     5.315340311472    -3.824308179480    1.01
   30 h         5.829540611275    -2.190504546839    -2.767005975968    1.01
   31 h        -5.829540611275     2.190504546839    -2.767005975968    1.01
   32 h         6.555109988600     1.807315463950    -8.867198882175    1.01
   33 h         8.531724715646    -0.842273447153    -8.284597623323    1.01
   34 h         7.021946220890     0.737084190380    -5.721577550920    1.01
   35 h        -6.555109988600    -1.807315463950    -8.867198882175    1.01
   36 h        -8.531724715646     0.842273447153    -8.284597623323    1.01
   37 h        -7.021946220890    -0.737084190380    -5.721577550920    1.01
   38 c        -0.316031080078     6.953933487044    -5.812355000217   12.01
   39 h        -1.244915413304     8.753272641903    -6.334147621526    1.01
   40 h         1.679029634412     7.093246647794    -6.384860497797    1.01
   41 h        -0.348054900999     6.787497014349    -3.741773054074    1.01
   42 h         1.244915413304    -8.753272641903    -6.334147621526    1.01
   43 h        -1.679029634412    -7.093246647794    -6.384860497797    1.01
   44 h         1.777753949603    -0.582145371002   -13.798979377064    1.01
   45 h        -1.777753949603     0.582145371002   -13.798979377064    1.01
   46 h         0.086017515245     6.946116586267   -11.899273310234    1.01
   47 h        -0.086017515245    -6.946116586267   -11.899273310234    1.01
   48 h         0.348054900999    -6.787497014349    -3.741773054074    1.01
   49 y         0.000000000000     0.000000000000     6.487145680994   88.91
   50 c         1.624742959872     4.524262081805     7.918231194094   12.01
   51 c        -1.624742959872    -4.524262081805     7.918231194094   12.01
   52 c         4.752916445676     1.616375375162     7.048049778476   12.01
   53 c        -4.752916445676    -1.616375375162     7.048049778476   12.01
   54 c         3.399281348492     3.717980574996     6.052715895231   12.01
   55 c        -3.399281348492    -3.717980574996     6.052715895231   12.01
   56 c         3.840664602201     1.131994875944     9.543022098239   12.01
   57 c        -3.840664602201    -1.131994875944     9.543022098239   12.01
   58 c         1.922344819687     2.955791947172    10.095336115045   12.01
   59 c        -1.922344819687    -2.955791947172    10.095336115045   12.01
   60 c         6.953933487044     0.316031080078     5.812355000217   12.01
   61 c        -6.953933487044    -0.316031080078     5.812355000217   12.01
   62 c        -0.105269255186     6.767028145790     7.686495796279   12.01
   63 c         0.105269255186    -6.767028145790     7.686495796279   12.01
   64 c         5.023230132479    -0.703654655014    11.363349377629   12.01
   65 c        -5.023230132479     0.703654655014    11.363349377629   12.01
   66 c         0.791783612917     3.491854531286    12.643573976102   12.01
   67 c        -0.791783612917    -3.491854531286    12.643573976102   12.01
   68 c         3.914985021133     5.003262922741     3.580360183967   12.01
   69 c        -3.914985021133    -5.003262922741     3.580360183967   12.01
   70 h         5.315340311472     6.535976540224     3.824308179480    1.01
   71 h        -5.315340311472    -6.535976540224     3.824308179480    1.01
   72 h         4.664841861364     3.680087672034     2.166200316559    1.01
   73 h        -4.664841861364    -3.680087672034     2.166200316559    1.01
   74 h         2.190504546839     5.829540611275     2.767005975968    1.01
   75 h        -2.190504546839    -5.829540611275     2.767005975968    1.01
   76 h        -1.807315463950     6.555109988600     8.867198882175    1.01
   77 h         1.807315463950    -6.555109988600     8.867198882175    1.01
   78 h         7.093246647794    -1.679029634412     6.384860497797    1.01
   79 h        -7.093246647794     1.679029634412     6.384860497797    1.01
   80 h         0.842273447153     8.531724715646     8.284597623323    1.01
   81 h        -0.842273447153    -8.531724715646     8.284597623323    1.01
   82 h         8.753272641903     1.244915413304     6.334147621526    1.01
   83 h        -8.753272641903    -1.244915413304     6.334147621526    1.01
   84 h        -0.737084190380     7.021946220890     5.721577550920    1.01
   85 h         0.737084190380    -7.021946220890     5.721577550920    1.01
   86 h         6.787497014349     0.348054900999     3.741773054074    1.01
   87 h        -6.787497014349    -0.348054900999     3.741773054074    1.01
   88 h         5.214365195431    -2.615942831779    10.555843853111    1.01
   89 h        -2.615942831779    -5.214365195431   -10.555843853111    1.01
   90 h         2.615942831779     5.214365195431   -10.555843853111    1.01
   91 h         0.582145371002     1.777753949603    13.798979377064    1.01
   92 h        -0.582145371002    -1.777753949603    13.798979377064    1.01
   93 h         3.918231221508    -0.870578676512    13.112414846792    1.01
   94 h        -0.870578676512    -3.918231221508   -13.112414846792    1.01
   95 h        -3.918231221508     0.870578676512    13.112414846792    1.01
   96 h         0.870578676512     3.918231221508   -13.112414846792    1.01
   97 h        -5.214365195431     2.615942831779    10.555843853111    1.01
   98 h         1.079625115457    -4.381861890463    12.492157163880    1.01
   99 h        -4.381861890463    -1.079625115457   -12.492157163880    1.01
  100 h        -1.079625115457     4.381861890463    12.492157163880    1.01
  101 h         4.381861890463     1.079625115457   -12.492157163880    1.01
  102 h        -6.946116586267     0.086017515245    11.899273310234    1.01
  103 h         6.946116586267    -0.086017515245    11.899273310234    1.01
  104 h        -2.007226103654    -4.808468629507    13.720791728630    1.01
  105 h        -4.808468629507     2.007226103654   -13.720791728630    1.01
  106 h         2.007226103654     4.808468629507    13.720791728630    1.01
  107 h         4.808468629507    -2.007226103654   -13.720791728630    1.01

   ATOM                    CARTESIAN GRADIENTS   
    1 mo        0.000000000000     0.000000000000     0.000000000000
    2 y         0.000000000000     0.000000000000     0.000002095999
    3 s         0.000001297714     0.000001254104    -0.000000061554
    4 s        -0.000001297714    -0.000001254104    -0.000000061554
    5 s         0.000001254104    -0.000001297714     0.000000061554
    6 s        -0.000001254104     0.000001297714     0.000000061554
    7 c        -0.000001026400     0.000000720970    -0.000002050062
    8 c        -0.000003664976     0.000000822992     0.000003138122
    9 c        -0.000003221567     0.000001615853    -0.000001713712
   10 c         0.000002149334    -0.000001815540    -0.000002345256
   11 c         0.000002682510    -0.000004284769    -0.000001077265
   12 c         0.000003221567    -0.000001615853    -0.000001713712
   13 c         0.000003664976    -0.000000822992     0.000003138122
   14 c         0.000001026400    -0.000000720970    -0.000002050062
   15 c        -0.000002682510     0.000004284769    -0.000001077265
   16 c        -0.000002149334     0.000001815540    -0.000002345256
   17 c        -0.000000595461     0.000000356281     0.000001329219
   18 c        -0.000002651032     0.000001008429     0.000000883193
   19 c         0.000000031877    -0.000001009951     0.000000113027
   20 c        -0.000000352803    -0.000000403917    -0.000000405452
   21 c         0.000000547636    -0.000001357121     0.000000333672
   22 c         0.000002651032    -0.000001008429     0.000000883193
   23 c        -0.000000031877     0.000001009951     0.000000113027
   24 c        -0.000000547636     0.000001357121     0.000000333672
   25 c         0.000000352803     0.000000403917    -0.000000405452
   26 h        -0.000000540170    -0.000000966825    -0.000000041788
   27 h        -0.000000818005    -0.000000814636     0.000000440851
   28 h         0.000000818005     0.000000814636     0.000000440851
   29 h         0.000000540170     0.000000966825    -0.000000041788
   30 h        -0.000000399573    -0.000000343739    -0.000000337085
   31 h         0.000000399573     0.000000343739    -0.000000337085
   32 h         0.000000577574    -0.000001853961    -0.000001171953
   33 h         0.000000003237    -0.000001862911     0.000000995224
   34 h        -0.000000416932     0.000000162070    -0.000000279833
   35 h        -0.000000577574     0.000001853961    -0.000001171953
   36 h        -0.000000003237     0.000001862911     0.000000995224
   37 h         0.000000416932    -0.000000162070    -0.000000279833
   38 c         0.000000595461    -0.000000356281     0.000001329219
   39 h         0.000001978252     0.000000307311    -0.000000882636
   40 h         0.000001508800    -0.000000240794     0.000000771443
   41 h         0.000000675184     0.000000171457     0.000000113171
   42 h        -0.000001978252    -0.000000307311    -0.000000882636
   43 h        -0.000001508800     0.000000240794     0.000000771443
   44 h         0.000000150820    -0.000001483384    -0.000000156209
   45 h        -0.000000150820     0.000001483384    -0.000000156209
   46 h         0.000000553213    -0.000000141166    -0.000000173046
   47 h        -0.000000553213     0.000000141166    -0.000000173046
   48 h        -0.000000675184    -0.000000171457     0.000000113171
   49 y         0.000000000000     0.000000000000    -0.000002095999
   50 c        -0.000000720970    -0.000001026400     0.000002050062
   51 c         0.000000720970     0.000001026400     0.000002050062
   52 c        -0.000001615853    -0.000003221567     0.000001713712
   53 c         0.000001615853     0.000003221567     0.000001713712
   54 c        -0.000000822992    -0.000003664976    -0.000003138122
   55 c         0.000000822992     0.000003664976    -0.000003138122
   56 c         0.000001815540     0.000002149334     0.000002345256
   57 c        -0.000001815540    -0.000002149334     0.000002345256
   58 c         0.000004284769     0.000002682510     0.000001077265
   59 c        -0.000004284769    -0.000002682510     0.000001077265
   60 c        -0.000000356281    -0.000000595461    -0.000001329219
   61 c         0.000000356281     0.000000595461    -0.000001329219
   62 c         0.000001357121     0.000000547636    -0.000000333672
   63 c        -0.000001357121    -0.000000547636    -0.000000333672
   64 c        -0.000001008429    -0.000002651032    -0.000000883193
   65 c         0.000001008429     0.000002651032    -0.000000883193
   66 c         0.000000403917    -0.000000352803     0.000000405452
   67 c        -0.000000403917     0.000000352803     0.000000405452
   68 c         0.000001009951     0.000000031877    -0.000000113027
   69 c        -0.000001009951    -0.000000031877    -0.000000113027
   70 h         0.000000966825    -0.000000540170     0.000000041788
   71 h        -0.000000966825     0.000000540170     0.000000041788
   72 h         0.000000814636    -0.000000818005    -0.000000440851
   73 h        -0.000000814636     0.000000818005    -0.000000440851
   74 h         0.000000343739    -0.000000399573     0.000000337085
   75 h        -0.000000343739     0.000000399573     0.000000337085
   76 h         0.000001853961     0.000000577574     0.000001171953
   77 h        -0.000001853961    -0.000000577574     0.000001171953
   78 h        -0.000000240794    -0.000001508800    -0.000000771443
   79 h         0.000000240794     0.000001508800    -0.000000771443
   80 h         0.000001862911     0.000000003237    -0.000000995224
   81 h        -0.000001862911    -0.000000003237    -0.000000995224
   82 h         0.000000307311    -0.000001978252     0.000000882636
   83 h        -0.000000307311     0.000001978252     0.000000882636
   84 h        -0.000000162070    -0.000000416932     0.000000279833
   85 h         0.000000162070     0.000000416932     0.000000279833
   86 h         0.000000171457    -0.000000675184    -0.000000113171
   87 h        -0.000000171457     0.000000675184    -0.000000113171
   88 h         0.000000104273    -0.000000427125    -0.000000159309
   89 h        -0.000000427125    -0.000000104273     0.000000159309
   90 h         0.000000427125     0.000000104273     0.000000159309
   91 h         0.000001483384     0.000000150820     0.000000156209
   92 h        -0.000001483384    -0.000000150820     0.000000156209
   93 h        -0.000000075549    -0.000000870535    -0.000000187384
   94 h        -0.000000870535     0.000000075549     0.000000187384
   95 h         0.000000075549     0.000000870535    -0.000000187384
   96 h         0.000000870535    -0.000000075549     0.000000187384
   97 h        -0.000000104273     0.000000427125    -0.000000159309
   98 h        -0.000000413683     0.000000787016     0.000000219615
   99 h         0.000000787016     0.000000413683    -0.000000219615
  100 h         0.000000413683    -0.000000787016     0.000000219615
  101 h        -0.000000787016    -0.000000413683    -0.000000219615
  102 h         0.000000141166     0.000000553213     0.000000173046
  103 h        -0.000000141166    -0.000000553213     0.000000173046
  104 h        -0.000000472759    -0.000000289457    -0.000000666669
  105 h        -0.000000289457     0.000000472759     0.000000666669
  106 h         0.000000472759     0.000000289457    -0.000000666669
  107 h         0.000000289457    -0.000000472759     0.000000666669
 

   ***  vibrational spectroscopic data read from $vibrational spectrum
        file=<vibspectrum>  ***

    VIBRATIONAL SPECTRUM :

   mode     symmetry     wave number     intensity     selection rules
                          cm**(-1)         km/mol   
     1        b             -17.38       0.0000000       YES     YES
     2        b             -17.38       0.0000000       YES     YES
     3                        0.00       0.0000000        -       - 
     4                        0.00       0.0000000        -       - 
     5                        0.00       0.0000000        -       - 
     6                        0.00       0.0000000        -       - 
     7                        0.00       0.0000000        -       - 
     8                        0.00       0.0000000        -       - 
     9        a              15.00       0.0061400       YES     YES
    10        b              29.68       0.4350400       YES     YES
    11        b              29.68       0.4350500       YES     YES
    12        a              30.46       0.0000000       YES     YES
    13        a              35.23       0.0236400       YES     YES
    14        a              54.75       0.0000000       YES     YES
    15        b              66.30       0.0089300       YES     YES
    16        b              66.30       0.0089300       YES     YES
    17        b              86.86       0.4515200       YES     YES
    18        b              86.86       0.4515100       YES     YES
    19        a              88.75       0.0000000       YES     YES
    20        a              93.86       4.4924600       YES     YES
    21        b              96.16       0.1328100       YES     YES
    22        b              96.16       0.1327900       YES     YES
    23        a              99.73       0.0000000       YES     YES
    24        a             101.06       0.0008900       YES     YES
    25        b             102.28       0.1936400       YES     YES
    26        b             102.28       0.1936600       YES     YES
    27        a             104.28       0.0000000       YES     YES
    28        a             114.49       3.0231200       YES     YES
    29        b             114.97       0.0792100       YES     YES
    30        b             114.97       0.0792200       YES     YES
    31        a             122.96       0.1702300       YES     YES
    32        a             124.43       0.0000300       YES     YES
    33        a             124.56       3.5190900       YES     YES
    34        b             124.64       0.5194600       YES     YES
    35        b             124.65       0.5194000       YES     YES
    36        a             125.61       0.0000000       YES     YES
    37        b             132.38       0.0593100       YES     YES
    38        b             132.38       0.0593400       YES     YES
    39        a             132.87       0.0000000       YES     YES
    40        a             134.19       0.5291700       YES     YES
    41        a             134.26       0.0000000       YES     YES
    42        b             137.00       0.1691200       YES     YES
    43        b             137.00       0.1691500       YES     YES
    44        a             137.54       6.2134000       YES     YES
    45        a             148.00       4.4740000       YES     YES
    46        b             152.03       0.0572000       YES     YES
    47        b             152.03       0.0572000       YES     YES
    48        a             154.74       0.0000000       YES     YES
    49        a             155.40       6.6814400       YES     YES
    50        b             160.09       0.0388500       YES     YES
    51        b             160.09       0.0388500       YES     YES
    52        a             163.48       0.0000000       YES     YES
    53        a             169.63       1.7459500       YES     YES
    54        b             185.14       0.0414900       YES     YES
    55        b             185.14       0.0415300       YES     YES
    56        a             187.32       0.1705300       YES     YES
    57        a             187.93       0.0000000       YES     YES
    58        b             188.81       0.3151300       YES     YES
    59        b             188.81       0.3150800       YES     YES
    60        a             194.31       0.0000000       YES     YES
    61        a             194.87       0.4972300       YES     YES
    62        a             204.51       0.0000000       YES     YES
    63        a             208.01       6.1133400       YES     YES
    64        b             211.45       0.0147300       YES     YES
    65        b             211.45       0.0147300       YES     YES
    66        b             234.37       0.5498400       YES     YES
    67        b             234.37       0.5498400       YES     YES
    68        a             251.09     229.2575300       YES     YES
    69        a             260.37       0.0000000       YES     YES
    70        a             260.82      16.8382300       YES     YES
    71        b             262.78       0.5350100       YES     YES
    72        b             262.78       0.5350100       YES     YES
    73        a             266.61       0.0000000       YES     YES
    74        b             269.60       0.5096100       YES     YES
    75        b             269.60       0.5096000       YES     YES
    76        a             274.89       2.3395000       YES     YES
    77        a             275.04       0.0000000       YES     YES
    78        b             275.98       0.0324100       YES     YES
    79        b             275.98       0.0324100       YES     YES
    80        a             277.71       7.5045700       YES     YES
    81        a             277.73       0.0001800       YES     YES
    82        b             280.03       0.2379700       YES     YES
    83        b             280.03       0.2379700       YES     YES
    84        a             281.98       7.3784200       YES     YES
    85        a             285.15       0.0000000       YES     YES
    86        a             294.06     134.9440200       YES     YES
    87        a             300.98       0.0000000       YES     YES
    88        b             328.92      98.7432000       YES     YES
    89        b             328.92      98.7431300       YES     YES
    90        b             372.02       0.4781500       YES     YES
    91        b             372.02       0.4781600       YES     YES
    92        b             379.20       0.7810800       YES     YES
    93        b             379.20       0.7810800       YES     YES
    94        a             380.96       0.5370700       YES     YES
    95        a             381.46       0.0000000       YES     YES
    96        a             385.41       8.1087900       YES     YES
    97        a             385.85       0.0000000       YES     YES
    98        a             421.81       0.0000000       YES     YES
    99        a             446.35     331.6129400       YES     YES
   100        b             453.51      37.6788800       YES     YES
   101        b             453.51      37.6789600       YES     YES
   102        b             547.33       0.0520500       YES     YES
   103        b             547.33       0.0520500       YES     YES
   104        a             547.65       0.0000000       YES     YES
   105        a             547.72       0.0543100       YES     YES
   106        a             548.63       0.1044800       YES     YES
   107        a             548.65       0.0000000       YES     YES
   108        b             549.07       0.0688300       YES     YES
   109        b             549.07       0.0688200       YES     YES
   110        b             550.27       0.0897500       YES     YES
   111        b             550.27       0.0897600       YES     YES
   112        a             550.78       0.0000000       YES     YES
   113        a             550.98       0.1325700       YES     YES
   114        b             601.67       3.6978300       YES     YES
   115        b             601.67       3.6978000       YES     YES
   116        a             603.23       3.2597000       YES     YES
   117        a             603.42       0.0000000       YES     YES
   118        b             624.77       0.5138800       YES     YES
   119        b             624.77       0.5138800       YES     YES
   120        a             625.26       0.0000000       YES     YES
   121        a             625.28       0.2380100       YES     YES
   122        b             636.66       0.0664300       YES     YES
   123        b             636.66       0.0664300       YES     YES
   124        a             639.12       1.3200800       YES     YES
   125        a             639.15       0.0000000       YES     YES
   126        b             814.85       0.9517400       YES     YES
   127        b             814.85       0.9517400       YES     YES
   128        a             816.11       0.7508200       YES     YES
   129        a             816.14       0.0000000       YES     YES
   130        b             817.36       1.1745500       YES     YES
   131        b             817.36       1.1745400       YES     YES
   132        a             818.32       0.0090500       YES     YES
   133        a             818.32       0.0000000       YES     YES
   134        b             952.49       1.0770000       YES     YES
   135        b             952.49       1.0770100       YES     YES
   136        a             952.55       2.5450600       YES     YES
   137        a             952.57       0.0000200       YES     YES
   138        a             959.79       0.0000000       YES     YES
   139        b             960.20       0.6747800       YES     YES
   140        b             960.20       0.6747800       YES     YES
   141        a             960.46       1.0031200       YES     YES
   142        b            1027.36       6.7550900       YES     YES
   143        b            1027.36       6.7549500       YES     YES
   144        a            1029.48      22.4158300       YES     YES
   145        a            1029.65       0.0000100       YES     YES
   146        a            1031.33       1.9988200       YES     YES
   147        a            1031.35       0.0000000       YES     YES
   148        b            1031.48      19.4848400       YES     YES
   149        b            1031.48      19.4849900       YES     YES
   150        b            1035.75       6.4398500       YES     YES
   151        b            1035.75       6.4399100       YES     YES
   152        a            1036.42      26.5328600       YES     YES
   153        a            1036.87       0.0000000       YES     YES
   154        b            1043.82       1.0101900       YES     YES
   155        b            1043.82       1.0104500       YES     YES
   156        a            1044.13       6.7729300       YES     YES
   157        a            1044.13       0.5590800       YES     YES
   158        b            1046.27       0.2849300       YES     YES
   159        b            1046.27       0.2850000       YES     YES
   160        a            1046.86       0.0000000       YES     YES
   161        a            1046.94       0.0001200       YES     YES
   162        b            1075.43       2.9044000       YES     YES
   163        b            1075.43       2.9043700       YES     YES
   164        a            1075.61       1.5488100       YES     YES
   165        a            1075.83       0.0000000       YES     YES
   166        b            1079.61       0.9716700       YES     YES
   167        b            1079.61       0.9716900       YES     YES
   168        a            1080.54       0.0000000       YES     YES
   169        a            1080.59       5.6146000       YES     YES
   170        b            1113.81       0.2401700       YES     YES
   171        b            1113.81       0.2401700       YES     YES
   172        a            1114.36       1.4512300       YES     YES
   173        a            1114.64       0.0000000       YES     YES
   174        a            1184.86       0.0000000       YES     YES
   175        a            1184.87       0.0428600       YES     YES
   176        b            1185.17       0.0889800       YES     YES
   177        b            1185.17       0.0889800       YES     YES
   178        a            1188.30       1.7334900       YES     YES
   179        a            1188.41       0.0000000       YES     YES
   180        b            1189.01       0.1474500       YES     YES
   181        b            1189.01       0.1474500       YES     YES
   182        b            1386.16       0.2583900       YES     YES
   183        b            1386.16       0.2583900       YES     YES
   184        a            1392.45       3.8111800       YES     YES
   185        a            1392.47       0.0000000       YES     YES
   186        b            1395.36       0.2619000       YES     YES
   187        b            1395.36       0.2618600       YES     YES
   188        a            1395.41       0.0000000       YES     YES
   189        a            1396.05       0.0974600       YES     YES
   190        b            1397.36       1.5639400       YES     YES
   191        b            1397.36       1.5640200       YES     YES
   192        a            1398.44       0.0000000       YES     YES
   193        a            1398.44       2.7129200       YES     YES
   194        b            1400.55       1.0633500       YES     YES
   195        b            1400.55       1.0634100       YES     YES
   196        a            1401.85      13.8393400       YES     YES
   197        a            1402.50       0.0000000       YES     YES
   198        b            1403.98       0.7342600       YES     YES
   199        b            1403.98       0.7342800       YES     YES
   200        a            1407.44       0.3056000       YES     YES
   201        a            1407.75       0.0000000       YES     YES
   202        a            1433.09       0.0000000       YES     YES
   203        a            1433.16       0.0033300       YES     YES
   204        b            1433.93       0.3623100       YES     YES
   205        b            1433.93       0.3623200       YES     YES
   206        b            1440.26       1.1021100       YES     YES
   207        b            1440.26       1.1021100       YES     YES
   208        a            1445.19       2.1567100       YES     YES
   209        a            1445.37       0.0000000       YES     YES
   210        b            1456.54      18.1879400       YES     YES
   211        b            1456.54      18.1876700       YES     YES
   212        a            1457.18       1.0323300       YES     YES
   213        a            1457.32       0.0000000       YES     YES
   214        a            1457.71       6.7613400       YES     YES
   215        a            1457.75       0.0000400       YES     YES
   216        b            1460.17       2.8781100       YES     YES
   217        b            1460.17       2.8783000       YES     YES
   218        a            1461.52       3.7965800       YES     YES
   219        a            1461.82       0.0000000       YES     YES
   220        b            1463.32      19.6356400       YES     YES
   221        b            1463.32      19.6357800       YES     YES
   222        b            1465.05       0.1660600       YES     YES
   223        b            1465.05       0.1662800       YES     YES
   224        a            1465.08       0.0001300       YES     YES
   225        a            1465.09      23.1315300       YES     YES
   226        b            1465.33       1.5791100       YES     YES
   227        b            1465.33       1.5790500       YES     YES
   228        a            1466.95       0.0000000       YES     YES
   229        a            1467.04       2.6071600       YES     YES
   230        b            1471.27       1.3923200       YES     YES
   231        b            1471.27       1.3923100       YES     YES
   232        a            1472.15       8.1249800       YES     YES
   233        a            1472.59       0.0000000       YES     YES
   234        b            1473.65       3.6725500       YES     YES
   235        b            1473.65       3.6725300       YES     YES
   236        a            1475.28       0.0000900       YES     YES
   237        a            1475.29       0.4721500       YES     YES
   238        a            1480.72      22.0207500       YES     YES
   239        a            1481.20       0.0000000       YES     YES
   240        b            1483.62       2.9493700       YES     YES
   241        b            1483.62       2.9496300       YES     YES
   242        b            1487.22      38.1600400       YES     YES
   243        b            1487.22      38.1602500       YES     YES
   244        a            1487.32      26.9765700       YES     YES
   245        a            1487.89       0.0000000       YES     YES
   246        a            1495.07       0.0000000       YES     YES
   247        a            1495.24       3.5656600       YES     YES
   248        b            1497.29       2.1981300       YES     YES
   249        b            1497.29       2.1981800       YES     YES
   250        b            1501.79       0.4759600       YES     YES
   251        b            1501.79       0.4759800       YES     YES
   252        a            1508.03       0.0000000       YES     YES
   253        a            1508.07       1.7222100       YES     YES
   254        b            1529.72       0.9850700       YES     YES
   255        b            1529.72       0.9850500       YES     YES
   256        a            1530.65       0.0986800       YES     YES
   257        a            1530.79       0.0000000       YES     YES
   258        a            1539.79       0.5381700       YES     YES
   259        a            1539.82       0.0000000       YES     YES
   260        b            1539.83       0.7091500       YES     YES
   261        b            1539.83       0.7091500       YES     YES
   262        a            2995.31       0.0000000       YES     YES
   263        b            2995.36     114.2508800       YES     YES
   264        b            2995.36     114.2564700       YES     YES
   265        a            2995.36       0.1891500       YES     YES
   266        a            2996.29       9.0861000       YES     YES
   267        b            2996.31      65.5621900       YES     YES
   268        b            2996.31      65.5637200       YES     YES
   269        a            2996.37       0.0000100       YES     YES
   270        b            2997.71      88.6495300       YES     YES
   271        b            2997.71      88.6478900       YES     YES
   272        a            2997.74      73.5795400       YES     YES
   273        a            2997.95       0.0000000       YES     YES
   274        b            2998.88     167.1875900       YES     YES
   275        b            2998.88     167.1960300       YES     YES
   276        a            2999.43     126.6640600       YES     YES
   277        a            2999.59       0.0000000       YES     YES
   278        b            3001.37     119.6580900       YES     YES
   279        b            3001.37     119.6578000       YES     YES
   280        a            3001.73     408.4506800       YES     YES
   281        a            3002.55       0.0000000       YES     YES
   282        a            3060.76       9.6081300       YES     YES
   283        a            3060.77       0.0001000       YES     YES
   284        b            3061.00      48.5376000       YES     YES
   285        b            3061.00      48.5376600       YES     YES
   286        a            3071.95       0.3441700       YES     YES
   287        a            3071.97       0.0000000       YES     YES
   288        b            3072.00      35.6487500       YES     YES
   289        b            3072.00      35.6489000       YES     YES
   290        b            3082.43       5.9507400       YES     YES
   291        b            3082.43       5.9496100       YES     YES
   292        a            3082.48      26.3288200       YES     YES
   293        a            3082.53       0.0000200       YES     YES
   294        a            3083.08       0.3820500       YES     YES
   295        a            3083.08       0.0030900       YES     YES
   296        b            3083.11      58.3257600       YES     YES
   297        b            3083.11      58.3264000       YES     YES
   298        b            3093.51      16.5328800       YES     YES
   299        b            3093.51      16.5328000       YES     YES
   300        a            3093.65      31.1994100       YES     YES
   301        a            3093.75       0.0000100       YES     YES
   302        a            3114.84      39.2652000       YES     YES
   303        b            3114.84       2.9801100       YES     YES
   304        b            3114.84       2.9800900       YES     YES
   305        a            3114.88       0.0000100       YES     YES
   306        b            3127.34      22.1132200       YES     YES
   307        b            3127.34      22.1120500       YES     YES
   308        a            3128.71      57.6368800       YES     YES
   309        a            3128.73       0.0000100       YES     YES
   310        b            3128.90      15.3263400       YES     YES
   311        b            3128.90      15.3275200       YES     YES
   312        a            3128.99      22.7924000       YES     YES
   313        a            3128.99       0.0106900       YES     YES
   314        a            3130.38      29.8322100       YES     YES
   315        a            3130.39       0.0001200       YES     YES
   316        b            3131.03       3.5309600       YES     YES
   317        b            3131.03       3.5311600       YES     YES
   318        a            3136.32       0.0000000       YES     YES
   319        a            3136.35       0.3570000       YES     YES
   320        b            3136.38      11.2315100       YES     YES
   321        b            3136.38      11.2315200       YES     YES

 ALONG WHICH MODE COORDINATES SHOULD BE SHIFTED?        
 W A R N I N G  :
 THE SELECTED NORMAL MODE   1 b    IS  N O T  TOTALLY SYMMETRIC UNDER 
 ALL TRANSFORMATIONS OF THE INPUT SYMMETRY GROUP c2   !
 SHIFTING COORDINATES ALONG THIS MODE WILL DESTROY SYMMETRY

 INPUT STEP LENGTH FOR SHIFTING in KELVIN (default= 298.15) : 
 SELECTED NORMAL MODE :   1  b         -17.38 cm**(-1)

    1mo  x        -0.01617064      0.01376123
         y         0.02020097     -0.01719104
         z         0.00000000      0.00000000
    2y   x         0.00614366     -0.00522826
         y         0.01085974     -0.00924165
         z         0.00000000      0.00000000
    3s   x        -0.02310118      0.01965912
         y         0.03569448     -0.03037603
         z         0.00531028     -0.00451905
    4s   x        -0.02310118      0.01965912
         y         0.03569448     -0.03037603
         z        -0.00531028      0.00451905
    5s   x        -0.01345031      0.01144622
         y         0.00520744     -0.00443154
         z        -0.01705015      0.01450969
    6s   x        -0.01345031      0.01144622
         y         0.00520744     -0.00443154
         z         0.01705015     -0.01450969
    7c   x         0.00430222     -0.00366120
         y         0.02914538     -0.02480274
         z        -0.02216884      0.01886570
    8c   x         0.04723153     -0.04019407
         y         0.05508307     -0.04687574
         z         0.02159921     -0.01838094
    9c   x         0.04828948     -0.04109438
         y         0.01507428     -0.01282823
         z         0.07474681     -0.06360960
   10c   x         0.00572628     -0.00487307
         y        -0.03564453      0.03033352
         z         0.06422229     -0.05465322
   11c   x        -0.01893657      0.01611504
         y        -0.03013769      0.02564719
         z         0.00272038     -0.00231505
   12c   x         0.04828948     -0.04109438
         y         0.01507428     -0.01282823
         z        -0.07474681      0.06360960
   13c   x         0.04723153     -0.04019407
         y         0.05508307     -0.04687574
         z        -0.02159921      0.01838094
   14c   x         0.00430222     -0.00366120
         y         0.02914538     -0.02480274
         z         0.02216884     -0.01886570
   15c   x        -0.01893657      0.01611504
         y        -0.03013769      0.02564719
         z        -0.00272038      0.00231505
   16c   x         0.00572628     -0.00487307
         y        -0.03564453      0.03033352
         z        -0.06422229      0.05465322
   17c   x         0.08746460     -0.07443244
         y         0.02440997     -0.02077290
         z         0.13273255     -0.11295550
   18c   x        -0.01461188      0.01243472
         y        -0.07886396      0.06711329
         z         0.11246105     -0.09570444
   19c   x         0.09429720     -0.08024699
         y         0.10834722     -0.09220357
         z         0.00821283     -0.00698913
   20c   x        -0.06112423      0.05201677
         y        -0.08314581      0.07075715
         z        -0.02944092      0.02505425
   21c   x        -0.01355212      0.01153287
         y         0.05979624     -0.05088664
         z        -0.07794627      0.06633234
   22c   x        -0.01461188      0.01243472
         y        -0.07886396      0.06711329
         z        -0.11246105      0.09570444
   23c   x         0.09429720     -0.08024699
         y         0.10834722     -0.09220357
         z        -0.00821283      0.00698913
   24c   x        -0.01355212      0.01153287
         y         0.05979624     -0.05088664
         z         0.07794627     -0.06633234
   25c   x        -0.06112423      0.05201677
         y        -0.08314581      0.07075715
         z         0.02944092     -0.02505425
   26h   x         0.12159711     -0.10347924
         y         0.13989107     -0.11904741
         z        -0.00214838      0.00182827
   27h   x         0.13273047     -0.11295373
         y         0.09279916     -0.07897216
         z         0.03559891     -0.03029470
   28h   x         0.13273047     -0.11295373
         y         0.09279916     -0.07897216
         z        -0.03559891      0.03029470
   29h   x         0.12159711     -0.10347924
         y         0.13989107     -0.11904741
         z         0.00214838     -0.00182827
   30h   x         0.06900836     -0.05872617
         y         0.13445363     -0.11442015
         z        -0.02104171      0.01790651
   31h   x         0.06900836     -0.05872617
         y         0.13445363     -0.11442015
         z         0.02104171     -0.01790651
   32h   x        -0.03570101      0.03038158
         y         0.02446473     -0.02081950
         z        -0.12492424      0.10631062
   33h   x        -0.00450397      0.00383288
         y         0.06294618     -0.05356725
         z        -0.05622636      0.04784868
   34h   x        -0.01349304      0.01148259
         y         0.11658715     -0.09921575
         z        -0.09589076      0.08160311
   35h   x        -0.03570101      0.03038158
         y         0.02446473     -0.02081950
         z         0.12492424     -0.10631062
   36h   x        -0.00450397      0.00383288
         y         0.06294618     -0.05356725
         z         0.05622636     -0.04784868
   37h   x        -0.01349304      0.01148259
         y         0.11658715     -0.09921575
         z         0.09589076     -0.08160311
   38c   x         0.08746460     -0.07443244
         y         0.02440997     -0.02077290
         z        -0.13273255      0.11295550
   39h   x         0.10355406     -0.08812459
         y         0.02531933     -0.02154677
         z        -0.15836113      0.13476545
   40h   x         0.08308867     -0.07070853
         y        -0.00981264      0.00835056
         z        -0.15701445      0.13361942
   41h   x         0.10722637     -0.09124972
         y         0.06574992     -0.05595323
         z        -0.12910655      0.10986978
   42h   x         0.10355406     -0.08812459
         y         0.02531933     -0.02154677
         z         0.15836113     -0.13476545
   43h   x         0.08308867     -0.07070853
         y        -0.00981264      0.00835056
         z         0.15701445     -0.13361942
   44h   x        -0.08006210      0.06813291
         y        -0.10999184      0.09360314
         z        -0.00621692      0.00529060
   45h   x        -0.08006210      0.06813291
         y        -0.10999184      0.09360314
         z         0.00621692     -0.00529060
   46h   x        -0.00631308      0.00537244
         y        -0.08009809      0.06816354
         z        -0.12639120      0.10755901
   47h   x        -0.00631308      0.00537244
         y        -0.08009809      0.06816354
         z         0.12639120     -0.10755901
   48h   x         0.10722637     -0.09124972
         y         0.06574992     -0.05595323
         z         0.12910655     -0.10986978
   49y   x        -0.00634747      0.00540170
         y        -0.01424769      0.01212479
         z         0.00000000      0.00000000
   50c   x        -0.00313014      0.00266375
         y        -0.02032965      0.01730055
         z         0.01682081     -0.01431452
   51c   x        -0.00313014      0.00266375
         y        -0.02032965      0.01730055
         z        -0.01682081      0.01431452
   52c   x        -0.00516811      0.00439806
         y        -0.01807718      0.01538369
         z         0.00190641     -0.00162236
   53c   x        -0.00516811      0.00439806
         y        -0.01807718      0.01538369
         z        -0.00190641      0.00162236
   54c   x        -0.00514620      0.00437942
         y        -0.01336885      0.01137690
         z         0.01188330     -0.01011270
   55c   x        -0.00514620      0.00437942
         y        -0.01336885      0.01137690
         z        -0.01188330      0.01011270
   56c   x        -0.00297072      0.00252808
         y        -0.02790727      0.02374911
         z         0.00079733     -0.00067853
   57c   x        -0.00297072      0.00252808
         y        -0.02790727      0.02374911
         z        -0.00079733      0.00067853
   58c   x        -0.00176580      0.00150270
         y        -0.02947437      0.02508271
         z         0.01004159     -0.00854540
   59c   x        -0.00176580      0.00150270
         y        -0.02947437      0.02508271
         z        -0.01004159      0.00854540
   60c   x        -0.00712076      0.00605977
         y        -0.01441413      0.01226644
         z        -0.00549772      0.00467856
   61c   x        -0.00712076      0.00605977
         y        -0.01441413      0.01226644
         z         0.00549772     -0.00467856
   62c   x        -0.00212611      0.00180932
         y        -0.01841990      0.01567535
         z         0.02800930     -0.02383594
   63c   x        -0.00212611      0.00180932
         y        -0.01841990      0.01567535
         z        -0.02800930      0.02383594
   64c   x        -0.00155407      0.00132252
         y        -0.03544126      0.03016054
         z        -0.00769934      0.00655214
   65c   x        -0.00155407      0.00132252
         y        -0.03544126      0.03016054
         z         0.00769934     -0.00655214
   66c   x         0.00049550     -0.00042167
         y        -0.03996201      0.03400771
         z         0.01325019     -0.01127592
   67c   x         0.00049550     -0.00042167
         y        -0.03996201      0.03400771
         z        -0.01325019      0.01127592
   68c   x        -0.00716286      0.00609560
         y        -0.00313944      0.00267166
         z         0.01679326     -0.01429108
   69c   x        -0.00716286      0.00609560
         y        -0.00313944      0.00267166
         z        -0.01679326      0.01429108
   70h   x        -0.00898070      0.00764258
         y        -0.00238700      0.00203134
         z         0.02250240     -0.01914956
   71h   x        -0.00898070      0.00764258
         y        -0.00238700      0.00203134
         z        -0.02250240      0.01914956
   72h   x        -0.00576225      0.00490368
         y         0.00335871     -0.00285827
         z         0.01144399     -0.00973885
   73h   x        -0.00576225      0.00490368
         y         0.00335871     -0.00285827
         z        -0.01144399      0.00973885
   74h   x        -0.00835685      0.00711169
         y        -0.00201704      0.00171651
         z         0.02041124     -0.01736998
   75h   x        -0.00835685      0.00711169
         y        -0.00201704      0.00171651
         z        -0.02041124      0.01736998
   76h   x        -0.00135543      0.00115348
         y        -0.02276885      0.01937631
         z         0.02835689     -0.02413173
   77h   x        -0.00135543      0.00115348
         y        -0.02276885      0.01937631
         z        -0.02835689      0.02413173
   78h   x        -0.00751066      0.00639158
         y        -0.01663811      0.01415904
         z        -0.01312509      0.01116946
   79h   x        -0.00751066      0.00639158
         y        -0.01663811      0.01415904
         z         0.01312509     -0.01116946
   80h   x        -0.00070530      0.00060021
         y        -0.02162442      0.01840240
         z         0.03524317     -0.02999196
   81h   x        -0.00070530      0.00060021
         y        -0.02162442      0.01840240
         z        -0.03524317      0.02999196
   82h   x        -0.00606112      0.00515802
         y        -0.01734762      0.01476284
         z        -0.00394862      0.00336028
   83h   x        -0.00606112      0.00515802
         y        -0.01734762      0.01476284
         z         0.00394862     -0.00336028
   84h   x        -0.00349464      0.00297394
         y        -0.00926139      0.00788145
         z         0.02964277     -0.02522602
   85h   x        -0.00349464      0.00297394
         y        -0.00926139      0.00788145
         z        -0.02964277      0.02522602
   86h   x        -0.00933426      0.00794346
         y        -0.00664478      0.00565471
         z        -0.00520536      0.00442977
   87h   x        -0.00933426      0.00794346
         y        -0.00664478      0.00565471
         z         0.00520536     -0.00442977
   88h   x        -0.00292953      0.00249303
         y        -0.03233280      0.02751524
         z        -0.01536998      0.01307987
   89h   x         0.00174794     -0.00148749
         y        -0.08595434      0.07314721
         z         0.14958188     -0.12729429
   90h   x         0.00174794     -0.00148749
         y        -0.08595434      0.07314721
         z        -0.14958188      0.12729429
   91h   x         0.00279811     -0.00238120
         y        -0.04474465      0.03807773
         z         0.00656696     -0.00558849
   92h   x         0.00279811     -0.00238120
         y        -0.04474465      0.03807773
         z        -0.00656696      0.00558849
   93h   x         0.00026626     -0.00022659
         y        -0.04203229      0.03576951
         z        -0.00718611      0.00611539
   94h   x        -0.05694205      0.04845773
         y        -0.10313722      0.08776985
         z         0.10103213     -0.08597842
   95h   x         0.00026626     -0.00022659
         y        -0.04203229      0.03576951
         z         0.00718611     -0.00611539
   96h   x        -0.05694205      0.04845773
         y        -0.10313722      0.08776985
         z        -0.10103213      0.08597842
   97h   x        -0.00292953      0.00249303
         y        -0.03233280      0.02751524
         z         0.01536998     -0.01307987
   98h   x        -0.00025672      0.00021847
         y        -0.04059119      0.03454313
         z        -0.01873906      0.01594695
   99h   x        -0.06035838      0.05136503
         y        -0.07937801      0.06755075
         z         0.08433975     -0.07177319
  100h   x        -0.00025672      0.00021847
         y        -0.04059119      0.03454313
         z         0.01873906     -0.01594695
  101h   x        -0.06035838      0.05136503
         y        -0.07937801      0.06755075
         z        -0.08433975      0.07177319
  102h   x        -0.00082885      0.00070535
         y        -0.03803867      0.03237094
         z         0.00731329     -0.00622361
  103h   x        -0.00082885      0.00070535
         y        -0.03803867      0.03237094
         z        -0.00731329      0.00622361
  104h   x         0.00076980     -0.00065510
         y        -0.04346460      0.03698841
         z        -0.01721724      0.01465189
  105h   x        -0.07778002      0.06619086
         y        -0.10585713      0.09008450
         z         0.02411854     -0.02052490
  106h   x         0.00076980     -0.00065510
         y        -0.04346460      0.03698841
         z         0.01721724     -0.01465189
  107h   x        -0.07778002      0.06619086
         y        -0.10585713      0.09008450
         z        -0.02411854      0.02052490

   ATOM         CARTESIAN COORDINATES SHIFTED ALONG MODE   1

    1 mo        0.013761230905    -0.017191042111     0.000000000000
    2 y        -0.005228256621    -0.009241648086    -6.487145680994
    3 s         2.560995448303     2.185807009150    -2.571150333725
    4 s        -2.521677198334    -2.246559068300    -2.562112227753
    5 s         2.227629261715    -2.545767858532     2.581140973307
    6 s        -2.204736815735     2.536904788104     2.552121588172
    7 c         4.520600886803    -1.649545702981    -7.899365495186
    8 c         3.677786506075    -3.446157087390    -6.071096838984
    9 c         1.575280990466    -4.765744673014    -7.111659374884
   10 c         1.127121804502    -3.810331079775    -9.597675313684
   11 c         2.971906982353    -1.896697625601   -10.097651162106
   12 c        -1.657469759858     4.740088218338    -6.984440182069
   13 c        -3.758174643917     3.352405609595    -6.034334951477
   14 c        -4.527923276807     1.599940216763    -7.937096893002
   15 c        -2.939676911992     1.947992013774   -10.093021067984
   16 c        -1.136867947387     3.870998124626    -9.488368882794
   17 c         0.241598639269    -6.974706387907    -5.925310504964
   18 c        -0.691219935632    -4.956116841147   -11.459053819435
   19 c         4.923015929252    -4.007188592486    -3.587349309892
   20 c         3.543871300074    -0.721026463852   -12.618519730943
   21 c         6.778561011808     0.054382611532    -7.620163458841
   22 c         0.716089374396     5.090343423811   -11.267644935823
   23 c        -5.083509916229     3.822781449779    -3.573371058042
   24 c        -6.755495279771    -0.156155898839    -7.752828133717
   25 c        -3.439837762498     0.862540761981   -12.668628221261
   26 h         6.432497300310    -5.434387720268    -3.822479909041
   27 h         3.567133941283    -4.743814023331    -2.196495016413
   28 h        -3.793041402785     4.585869699397    -2.135905616704
   29 h        -6.639455780138     5.196292902677    -3.826136449919
   30 h         5.770814438735    -2.304924694409    -2.749099462687
   31 h        -5.888266783816     2.076084399269    -2.784912489249
   32 h         6.585491573338     1.786495963136    -8.760888259066
   33 h         8.535557595632    -0.895840697171    -8.236748943391
   34 h         7.033428806973     0.637868435661    -5.639974441208
   35 h        -6.524728403862    -1.828134964765    -8.973509505284
   36 h        -8.527891835660     0.788706197135    -8.332446303254
   37 h        -7.010463634806    -0.836299945100    -5.803180660632
   38 c        -0.390463520888     6.933160586182    -5.699399495469
   39 h        -1.333040001200     8.731725876238    -6.199382171802
   40 h         1.608321108468     7.101597208697    -6.251241073136
   41 h        -0.439304622415     6.731543782014    -3.631903274787
   42 h         1.156790825408    -8.774819407567    -6.468913071251
   43 h        -1.749738160355    -7.084896086890    -6.518479922459
   44 h         1.845886859192    -0.488542227580   -13.793688776211
   45 h        -1.709621040015     0.675748514424   -13.804269977918
   46 h         0.091389953525     7.014280122013   -11.791714298325
   47 h        -0.080645076965    -6.877953050522   -12.006832322143
   48 h         0.256805179583    -6.843450246684    -3.851642833361
   49 y         0.005401702240     0.012124792809     6.487145680994
   50 c         1.627406714549     4.541562626868     7.903916671154
   51 c        -1.622079205195    -4.506961536742     7.932545717034
   52 c         4.757314510178     1.631759069029     7.046427419337
   53 c        -4.748518381174    -1.600991681296     7.049672137616
   54 c         3.403660772928     3.729357474611     6.042603199074
   55 c        -3.394901924056    -3.706603675381     6.062828591388
   56 c         3.843192685140     1.155743987827     9.542343571396
   57 c        -3.838136519261    -1.108245764062     9.543700625082
   58 c         1.923847515266     2.980874657372    10.086790715894
   59 c        -1.920842124109    -2.930709236973    10.103881514196
   60 c         6.959993258835     0.328297519415     5.817033560196
   61 c        -6.947873715254    -0.303764640741     5.807676440238
   62 c        -0.103459933385     6.782703494477     7.662659860616
   63 c         0.107078576986    -6.751352797103     7.710331731942
   64 c         5.024552648043    -0.673494110498    11.369901519159
   65 c        -5.021907616915     0.733815199530    11.356797236099
   66 c         0.791361944919     3.525862236688    12.632298053773
   67 c        -0.792205280915    -3.457846825885    12.654849898431
   68 c         3.921080621758     5.005934587214     3.566069106183
   69 c        -3.908889420507    -5.000591258267     3.594651261750
   70 h         5.322982895289     6.538007880131     3.805158622195
   71 h        -5.307697727656    -6.533945200317     3.843457736765
   72 h         4.669745541688     3.677229404873     2.156461470410
   73 h        -4.659938181040    -3.682945939195     2.175939162707
   74 h         2.197616234579     5.831257116547     2.749635995453
   75 h        -2.183392859100    -5.827824106004     2.784375956483
   76 h        -1.806161988375     6.574486297343     8.843067149274
   77 h         1.808468939525    -6.535733679857     8.891330615075
   78 h         7.099638226749    -1.664870589741     6.396029957714
   79 h        -7.086855068838     1.693188679082     6.373691037880
   80 h         0.842873659372     8.550127111598     8.254605660191
   81 h        -0.841673234935    -8.513322319694     8.314589586454
   82 h         8.758430663556     1.259678250523     6.337507902734
   83 h        -8.748114620249    -1.230152576084     6.330787340319
   84 h        -0.734110247107     7.029827669821     5.696351533804
   85 h         0.740058133653    -7.014064771959     5.746803568036
   86 h         6.795440473920     0.353709612922     3.746202820398
   87 h        -6.779553554778    -0.342400189075     3.737343287750
   88 h         5.216858229647    -2.588427593264    10.568923720787
   89 h        -2.617430325930    -5.141217986649   -10.683138147000
   90 h         2.614455337628     5.287512404213   -10.428549559221
   91 h         0.579764173862     1.815831682870    13.793390888916
   92 h        -0.584526568141    -1.739676216336    13.804567865213
   93 h         3.918004635315    -0.834809162556    13.118530233185
   94 h        -0.822120950122    -3.830461368781   -13.198393266691
   95 h        -3.918457807702     0.906348190467    13.106299460398
   96 h         0.919036402901     4.006001074235   -13.026436426892
   97 h        -5.211872161214     2.643458070294    10.542763985434
   98 h         1.079843583274    -4.347318756554    12.508104116958
   99 h        -4.330496863608    -1.012074362063   -12.563930357083
  100 h        -1.079406647641     4.416405024371    12.476210210802
  101 h         4.433226917317     1.147175868851   -12.420383970676
  102 h        -6.945411237156     0.118388450490    11.893049698581
  103 h         6.946821935379    -0.053646580000    11.905496921887
  104 h        -2.007881206956    -4.771480219036    13.735443614409
  105 h        -4.742277770951     2.097310607642   -13.741316625141
  106 h         2.006571000353     4.845457039979    13.706139842851
  107 h         4.874659488064    -1.917141599667   -13.700266832120
 

   ATOM         SHIFTED CARTESIAN COORDINATES IN PRINCIPAL AXIS SYSTEM

    1 mo        0.021206614501    -0.005931469693    -0.000023952658
    2 y        -0.002588461403     0.002287081158    -6.487153451113
    3 s         0.802936542970     3.274543945569    -2.565135252301
    4 s        -0.738512473735    -3.290776873344    -2.568207449478
    5 s         3.296024007255    -0.772752127912     2.577718901217
    6 s        -3.269305647332     0.768749295191     2.555531263128
    7 c         4.629207358740     1.313769901466    -7.899446594942
    8 c         4.994111679693    -0.640681233687    -6.075253506740
    9 c         4.056007535207    -2.937079138169    -7.119824475516
   10 c         3.133139300943    -2.417751534401    -9.604286208011
   11 c         3.514434499068     0.213750576313   -10.099272886164
   12 c        -4.115899752343     2.896193346907    -6.976351503854
   13 c        -5.011662303073     0.541604130429    -6.030390058517
   14 c        -4.615327242438    -1.326975335160    -7.937083588562
   15 c        -3.529814759086    -0.113314822562   -10.091234564160
   16 c        -3.187442034413     2.499119120608    -9.481606201740
   17 c         4.262505089417    -5.511554129365    -5.938688838629
   18 c         2.323923950972    -4.405569249764   -11.469138181872
   19 c         6.334171970880    -0.374634265561    -3.591745527878
   20 c         3.291485600292     1.507258875509   -12.617457603597
   21 c         5.468859220086     4.014510659268    -7.615380554919
   22 c        -2.395132584450     4.574081236525   -11.257234265520
   23 c        -6.361033748000     0.145403668155    -3.569428417782
   24 c        -5.399593895483    -4.053268524624    -7.757760323819
   25 c        -3.304130321729    -1.281567455074   -12.669289999129
   26 h         8.392675121469    -0.652441580230    -3.828611805556
   27 h         5.663656853522    -1.766762638647    -2.203258319944
   28 h        -5.757454500956     1.515254994807    -2.129595444365
   29 h        -8.426225845550     0.353464569239    -3.820593398705
   30 h         6.029901930339     1.500825096549    -2.749605740660
   31 h        -5.994945771861    -1.744246373628    -2.784920017440
   32 h         4.300727141678     5.310787348043    -8.752868899588
   33 h         7.449840549402     4.269241271390    -8.232603593926
   34 h         5.336520146139     4.633161551263    -5.633886348804
   35 h        -4.237294790287    -5.274038008649    -8.981530324977
   36 h        -7.390642259737    -4.318970665704    -8.336759406391
   37 h        -5.208674239757    -4.758255734637    -5.809614340117
   38 c        -4.365851785542     5.413966399864    -5.686179569068
   39 h        -6.181076106740     6.325607153667    -6.183313354080
   40 h        -2.841206354953     6.718130431955    -6.236318193035
   41 h        -4.286683553861     5.217638858838    -3.619113218129
   42 h         6.055792434111    -6.438364375275    -6.485159916205
   43 h         2.709262098570    -6.761802394265    -6.533440437740
   44 h         1.776194966236     0.707622898495   -13.793339810774
   45 h        -1.790654855046    -0.421442125135   -13.804102705489
   46 h        -4.025371359549     5.773065374178   -11.777992420195
   47 h         3.940849199828    -5.608967163457   -12.020231243582
   48 h         4.199461098851    -5.400191607223    -3.864759989886
   49 y         0.001047017151     0.000155565709     6.487159174475
   50 c        -1.323787905645     4.622203055722     7.913846532843
   51 c         1.317042713654    -4.622346905666     7.922653114237
   52 c         2.915424463161     4.087095562359     7.052855340063
   53 c        -2.918117797884    -4.084883384246     7.043280108200
   54 c         0.591583091267     5.002721058787     6.052179665721
   55 c        -0.590776934202    -5.003097528531     6.053276645163
   56 c         2.452241135267     3.162189790416     9.547212376343
   57 c        -2.464861165163    -3.158451430279     9.538887054277
   58 c        -0.171132217622     3.523396828450    10.093886193362
   59 c         0.155926412122    -3.520875921108    10.096842697225
   60 c         5.464111587180     4.316223202052     5.822445078975
   61 c        -5.461891016183    -4.312242190719     5.802296232567
   62 c        -4.037287302002     5.432789663429     7.675756282302
   63 c         4.030784059381    -5.435652755444     7.697266061277
   64 c         4.480047166601     2.362340015480    11.372023180662
   65 c        -4.500011298141    -2.356802549879    11.354746337071
   66 c        -1.407374259615     3.300149154300    12.639668730314
   67 c         1.381561743497    -3.295467553732    12.647557099354
   68 c         0.265485099013     6.346262268834     3.578487960194
   69 c        -0.254579455820    -6.348985901643     3.582235956635
   70 h         0.510172148702     8.408010694618     3.821518889414
   71 h        -0.495725686591    -8.410934963986     3.827099619614
   72 h         1.647969972027     5.706835497238     2.166815444914
   73 h        -1.634175306399    -5.714332554509     2.165571611924
   74 h        -1.616210198948     6.012500911176     2.762475731509
   75 h         1.628944289346    -6.012369677211     2.771540911027
   76 h        -5.297905620335     4.267837700316     8.854585547078
   77 h         5.287377721840    -4.270129982829     8.879851434691
   78 h         6.740857678543     2.777879448338     6.397662055741
   79 h        -6.739647589885    -2.772704049984     6.372095631059
   80 h        -4.299697633229     7.419148543010     8.271786952946
   81 h         4.288736789438    -7.421361509355     8.297445440797
   82 h         6.381494671218     6.120960179235     6.345965304495
   83 h        -6.383051182464    -6.116042835299     6.322367496168
   84 h        -4.694776544176     5.269393884671     5.709498840299
   85 h         4.696997728135    -5.275776795452     5.733666668242
   86 h         5.314455496725     4.244944669493     3.751554987300
   87 h        -5.303843824847    -4.241305837326     3.732008121365
   88 h         5.753115711054     0.920990948226    10.567457172763
   89 h         0.868069914715    -5.681363647869   -10.694908428270
   90 h        -0.968003142396     5.840231654371   -10.416452092045
   91 h        -0.580752425931     1.785644406058    13.797289737015
   92 h         0.548337941024    -1.781213765004    13.800755110414
   93 h         3.676535102953     1.582206179921    13.119573749945
   94 h         1.559800698379    -3.564345372858   -13.206375953338
   95 h        -3.703546906172    -1.576291730405    13.105338945374
   96 h        -1.598619676113     3.815372320435   -13.017990155477
   97 h        -5.769021441540    -0.915186737351    10.544296054721
   98 h         3.420801230792    -2.925197585333    12.500369961016
   99 h        -2.933558975282    -3.323871432064   -12.568848557418
  100 h        -3.446373214367     2.932095415626    12.484025849673
  101 h         2.923771865406     3.542994818995   -12.415079425649
  102 h        -5.702712015654    -3.980016521507    11.888478807919
  103 h         5.679783071874     3.986301932159    11.910144040969
  104 h         1.161413197192    -5.073768314070    13.724759239675
  105 h        -5.082963186252    -1.036637779987   -13.740471614701
  106 h        -1.189842907803     5.078753568628    13.716908782282
  107 h         5.069545209824     1.314527538669   -13.700612286489
 

   ***  distorted cartesian coordinates written onto $newcoord !  ***



    ------------------------------------------------------------------------
         total  cpu-time :   0.42 seconds
         total wall-time :   3.43 seconds
    ------------------------------------------------------------------------

   ****  vibrations : all done  ****


    2020-08-14 21:18:34.557 

