           SMPCPUS    set: Shared-memory Parallelization with  20 CPUs.

           SMP Parallelization Reference:
           C. van Wullen, J. Comput. Chem. 32 (2011) 1195--1201

 ridft (hpc3-14-19) : TURBOMOLE rev. V7.5.0 compiled 13 Jun 2020 at 23:29:25
 Copyright (C) 2020 TURBOMOLE GmbH, Karlsruhe


    2020-08-24 00:26:07.759 



                                  r i d f t

                        DFT program with RI approximation 
                                for coulomb part 




                                                 
                                 References:     
                                                 
          TURBOMOLE:                             
              R. Ahlrichs, M. Baer, M. Haeser, H. Horn, and
              C. Koelmel
              Electronic structure calculations on workstation
              computers: the program system TURBOMOLE
              Chem. Phys. Lett. 162: 165 (1989)
          Density Functional:                              
              O. Treutler and R. Ahlrichs                      
              Efficient Molecular Numerical Integration Schemes
              J. Chem. Phys. 102: 346 (1995)                   
          Parallel Version:                                
              Performance of parallel TURBOMOLE for Density    
              Functional Calculations                          
              M. v. Arnim and R. Ahlrichs                      
              J. Comp. Chem. 19: 1746 (1998)                   
          RI-J Method:                                     
              Auxiliary Basis Sets to approximate Coulomb      
              Potentials                                       
              Chem. Phys. Lett. 240: 283 (1995)                
              K. Eichkorn, O. Treutler, H. Oehm, M. Haeser     
              and R. Ahlrichs                                  
              Chem. Phys. Lett. 242: 652 (1995)                
                                                           
              Auxiliary Basis Sets for Main Row Atoms and their
              Use to approximate Coulomb Potentials            
              K. Eichkorn, F. Weigend, O. Treutler and         
              R. Ahlrichs                                      
              Theo. Chem. Acc. 97: 119 (1997)                   
                                                           
              Accurate Coulomb-fitting basis sets for H to Rn 
              F. Weigend                                        
              Phys. Chem. Chem. Phys. 8: 1057 (2006)            
                                                           
          Multipole accelerated RI-J (MARI-J):             
              Fast evaluation of the Coulomb potential for     
              electron densities using multipole accelerated   
              resolution of identity approximation             
              M. Sierka, A. Hogekamp and R. Ahlrichs           
              J. Chem. Phys. 118: 9136 (2003)                  
          RI-JK Method:                                     
              A fully direct RI-HF algorithm: Implementation,
              optimised auxiliary basis sets, demonstration of
              accuracy and efficiency                         
              F. Weigend                                      
              Phys. Chem. Chem. Phys. 4: 4285 (2002)           
          Two-component HF and DFT with spin-orbit coupling:  
              Self-consistent treatment of spin-orbit         
              interactions with efficient Hartree-Fock and    
              density functional methods                      
              M. K. Armbruster, F. Weigend, C. van Wüllen and 
              W. Klopper                                      
              Phys. Chem. Chem. Phys. 10: 1748 (2008)         
          Two-component difference density and DIIS algorithm 
              Efficient two-component self-consistent field   
              procedures and gradients: implementation in     
              TURBOMOLE and application to Au20-              
              A. Baldes, F. Weigend                           
              Mol. Phys. 111: 2617 (2013)                     
          Relativistic all-electron 2c calculations           
              An efficient implementation of two-component    
              relativistic exact-decoupling methods for large 
              molecules                                       
              D. Peng, N. Middendorf, F. Weigend, M. Reiher   
              J. Chem. Phys. 138: 184105 (2013)               
          Finite nucleus model and SNSO approximation         
              Efficient implementation of one- and two-       
              component analytical energy gradients in exact  
              two-component theory                            
              Y. J. Franzke, N. Middendorf, F. Weigend        
              J. Chem. Phys. 148: 104110 (2018)               
          Grids for all-electron relativistic methods         
              Error-consistent segmented contracted all-      
              electron relativistic basis sets of double-     
              and triple-zeta quality for NMR shielding       
              constants                                       
              Y. J. Franzke, R. Tress, T. M. Pazdera,         
              F. Weigend                                      
              Phys. Chem. Chem. Phys. 21: 166658 (2019)       
          Seminumerical exchange algorithms                   
              Seminumerical calculation of the Hartree-Fock   
              exchange matirx: Application to two-component   
              procedures and efficient evaluation of local    
              hybrid functionsl                               
              P. Plessow, F. Weigend,                         
              J. Comput. Chem. 33: 810 (2012)                 
          Improved seminumerical algorithms                   
              C. Holzer, in preparation (2020)                
                                         




              +--------------------------------------------------+
              |      general information about current run       |
              +--------------------------------------------------+

 
 TPSS global hybrid functional
 exchange:    9/10 (LDA+TPSS) + 1/10 HF
 correlation: LDA (PW) + TPSS
 A Hybrid-DFT calculation using the RI-J approximation will be carried out.
 Allocatable memory for RI due to $ricore (MB):                 50000


              +--------------------------------------------------+
              | Atomic coordinate, charge and isotop information |
              +--------------------------------------------------+

                    atomic coordinates            atom    charge  isotop
          0.00000000    0.00000000    0.65011151    mo    42.000     0
         -0.47415400    6.41425904    0.17128130    y     39.000     0
          2.01103918    2.85702872    3.03760342    s     16.000     0
         -2.72551463    2.16335169   -1.75790994    s     16.000     0
          2.72551463   -2.16335169   -1.75790994    s     16.000     0
         -2.01103918   -2.85702872    3.03760342    s     16.000     0
          3.95402079    6.20696720   -2.27461077    c      6.000     0
          2.07303635    5.90782426   -4.17571171    c      6.000     0
          0.67567220    8.21630394   -4.34313779    c      6.000     0
          1.73727455    9.96757818   -2.57942991    c      6.000     0
          3.72385190    8.69965796   -1.25488045    c      6.000     0
         -2.23052573    7.70684441    4.69473394    c      6.000     0
         -4.11692286    6.11121212    3.61247797    c      6.000     0
         -5.18887669    7.41207874    1.50598720    c      6.000     0
         -4.00210893    9.83060836    1.31334793    c      6.000     0
         -2.16341042   10.01216393    3.28783285    c      6.000     0
         -1.39703146    8.73013294   -6.22330394    c      6.000     0
          1.21792378   12.75713540   -2.48204587    c      6.000     0
          1.80217884    3.68800417   -5.92468403    c      6.000     0
          5.46076138    9.84650363    0.68416022    c      6.000     0
          6.01935855    4.35655418   -1.66650275    c      6.000     0
         -0.69767887   12.31869810    4.07698355    c      6.000     0
         -4.91689415    3.57506965    4.60008578    c      6.000     0
         -7.36706227    6.53090117   -0.09272176    c      6.000     0
         -4.90211648   11.91538240   -0.39728984    c      6.000     0
          3.04224721    3.91430112   -7.59294048    h      1.000     0
         -0.14984541    3.49262651   -6.60993174    h      1.000     0
         -3.31976406    2.56946046    5.47183516    h      1.000     0
         -6.42015318    3.76219309    6.03912742    h      1.000     0
          2.30168885    1.90099486   -4.98833929    h      1.000     0
         -5.63166887    2.35898395    3.07346503    h      1.000     0
          6.67100668    4.55919107    0.29664999    h      1.000     0
          7.66646166    4.66116788   -2.91786982    h      1.000     0
          5.38740818    2.39060355   -1.90192553    h      1.000     0
         -7.17594947    7.15281786   -2.07066589    h      1.000     0
         -9.18052820    7.29170593    0.61508291    h      1.000     0
         -7.50251352    4.45748943   -0.10160684    h      1.000     0
         -0.75613638    7.19853223    7.06975992    c      6.000     0
         -1.71379247    8.01601299    8.73828162    h      1.000     0
          1.14998197    8.03086988    6.98927579    h      1.000     0
         -0.53185332    5.15893306    7.39769510    h      1.000     0
         -0.63990604    8.96800202   -8.15509015    h      1.000     0
         -2.44359272   10.46377735   -5.75587630    h      1.000     0
          4.65234050   11.57441552    1.50927813    h      1.000     0
         -3.68065040   13.58839904   -0.27978120    h      1.000     0
         -1.35580015   13.00479622    5.93562144    h      1.000     0
          2.63781051   13.79455060   -3.61020675    h      1.000     0
         -2.77035110    7.16471784   -6.30220199    h      1.000     0
          0.47415400   -6.41425904    0.17128130    y     39.000     0
          2.23052573   -7.70684441    4.69473394    c      6.000     0
         -0.67567220   -8.21630394   -4.34313779    c      6.000     0
          5.18887669   -7.41207874    1.50598720    c      6.000     0
         -3.95402079   -6.20696720   -2.27461077    c      6.000     0
          4.11692286   -6.11121212    3.61247797    c      6.000     0
         -2.07303635   -5.90782426   -4.17571171    c      6.000     0
          4.00210893   -9.83060836    1.31334793    c      6.000     0
         -3.72385190   -8.69965796   -1.25488045    c      6.000     0
          2.16341042  -10.01216393    3.28783285    c      6.000     0
         -1.73727455   -9.96757818   -2.57942991    c      6.000     0
          7.36706227   -6.53090117   -0.09272176    c      6.000     0
         -6.01935855   -4.35655418   -1.66650275    c      6.000     0
          0.75613638   -7.19853223    7.06975992    c      6.000     0
          1.39703146   -8.73013294   -6.22330394    c      6.000     0
          4.90211648  -11.91538240   -0.39728984    c      6.000     0
         -5.46076138   -9.84650363    0.68416022    c      6.000     0
          0.69767887  -12.31869810    4.07698355    c      6.000     0
         -1.21792378  -12.75713540   -2.48204587    c      6.000     0
          4.91689415   -3.57506965    4.60008578    c      6.000     0
         -1.80217884   -3.68800417   -5.92468403    c      6.000     0
          6.42015318   -3.76219309    6.03912742    h      1.000     0
         -3.04224721   -3.91430112   -7.59294048    h      1.000     0
          5.63166887   -2.35898395    3.07346503    h      1.000     0
         -2.30168885   -1.90099486   -4.98833929    h      1.000     0
          3.31976406   -2.56946046    5.47183516    h      1.000     0
          0.14984541   -3.49262651   -6.60993174    h      1.000     0
         -1.14998197   -8.03086988    6.98927579    h      1.000     0
          2.44359272  -10.46377735   -5.75587630    h      1.000     0
          7.17594947   -7.15281786   -2.07066589    h      1.000     0
         -6.67100668   -4.55919107    0.29664999    h      1.000     0
          1.71379247   -8.01601299    8.73828162    h      1.000     0
          0.63990604   -8.96800202   -8.15509015    h      1.000     0
          9.18052820   -7.29170593    0.61508291    h      1.000     0
         -7.66646166   -4.66116788   -2.91786982    h      1.000     0
          0.53185332   -5.15893306    7.39769510    h      1.000     0
          2.77035110   -7.16471784   -6.30220199    h      1.000     0
          7.50251352   -4.45748943   -0.10160684    h      1.000     0
         -5.38740818   -2.39060355   -1.90192553    h      1.000     0
          4.98639139  -11.33430756   -2.39502317    h      1.000     0
         -0.64497495   13.22577302   -3.26604907    h      1.000     0
          1.34321463   11.94978601    4.26800802    h      1.000     0
          0.93129708  -13.88161227    2.72939275    h      1.000     0
         -1.30689618  -13.51293248   -0.55097806    h      1.000     0
          3.68065040  -13.58839904   -0.27978120    h      1.000     0
          1.30689618   13.51293248   -0.55097806    h      1.000     0
         -4.65234050  -11.57441552    1.50927813    h      1.000     0
         -0.93129708   13.88161227    2.72939275    h      1.000     0
         -5.85488905   -8.52309853    2.24410125    h      1.000     0
          0.64497495  -13.22577302   -3.26604907    h      1.000     0
         -4.98639139   11.33430756   -2.39502317    h      1.000     0
         -1.34321463  -11.94978601    4.26800802    h      1.000     0
          5.85488905    8.52309853    2.24410125    h      1.000     0
         -7.30419703  -10.36741870   -0.14931090    h      1.000     0
          6.83120500  -12.51352829    0.13290149    h      1.000     0
         -2.63781051  -13.79455060   -3.61020675    h      1.000     0
         -6.83120500   12.51352829    0.13290149    h      1.000     0
          1.35580015  -13.00479622    5.93562144    h      1.000     0
          7.30419703   10.36741870   -0.14931090    h      1.000     0
 
       center of nuclear mass  :   -0.00000000   -0.00000000    0.16840115
       center of nuclear charge:   -0.00000000   -0.00000000    0.14953153

              +--------------------------------------------------+
              |               basis set information              |
              +--------------------------------------------------+

              we will work with the 1s 3p 5d 7f 9g ... basis set
              ...i.e. with spherical basis functions...

   type   atoms  prim   cont   basis
   ---------------------------------------------------------------------------
    mo       1     57     31   def2-SVP   [5s3p2d1f|7s6p5d1f]
    y        2     57     31   def2-SVP   [5s3p2d1f|7s6p5d1f]
    s        4     36     18   def2-SVP   [4s3p1d|10s7p1d]
    c       40     24     14   def2-SVP   [3s2p1d|7s4p1d]
    h       60      7      5   def2-SVP   [2s1p|4s1p]
   ---------------------------------------------------------------------------
   total:  107   1695   1025
   ---------------------------------------------------------------------------

   total number of primitive shells          :   73
   total number of contracted shells         :  485
   total number of cartesian basis functions : 1084
   total number of SCF-basis functions       : 1025

 number of unique ecp types :                     2

 integral neglect threshold       :  0.31E-11
 integral storage threshold THIZE :  0.10E-04
 integral storage threshold THIME :         5

 RI-J AUXILIARY BASIS SET information:

              we will work with the 1s 3p 5d 7f 9g ... basis set
              ...i.e. with spherical basis functions...

   type   atoms  prim   cont   basis
   ---------------------------------------------------------------------------
    mo       1     99     89   universal-ecp-   [8s5p5d2f3g|11s5p5d3f3g]
    y        2     99     89   universal-ecp-2   [8s5p5d2f3g|11s5p5d3f3g]
    s        4     77     51   universal   [8s4p3d1f1g|14s5p5d2f1g]
    c       40     70     49   def2-SVP   [6s4p3d1f1g|12s5p4d2f1g]
    h       60     16     11   def2-SVP   [3s1p1d|5s2p1d]
   ---------------------------------------------------------------------------
   total:  107   4365   3091
   ---------------------------------------------------------------------------

   total number of primitive shells          :  113
   total number of contracted shells         : 1037
   total number of cartesian basis functions : 3766
   total number of SCF-basis functions       : 3091


 symmetry group of the molecule :   c2 

 the group has the following generators :
   c2(z)

    2 symmetry operations found

 there are 2 real representations :   a    b   

 maximum number of shells which are related by symmetry :  2

 atom                      7  is c  but not s 
COSMO: WARNING: problem reading $cosmo_atoms
 ==============================================================================
                      COSMO switched on
 ==============================================================================
 COSMO stati: segments per atom: H   32 other atoms   92
 COSMO statistics: nps   2604 npspher:    944
 COSMO surface:
   number of segments: 2604
   area (bohr**2):     2082.723361
   volume (bohr**3):   6562.239066
 COSMO: check number of disjunct cavities:

       ... OK contiguous cavity found
   sym. distinct segments: 1319
   sym. dist. seg. on spheres:  472
   min. distance between points:      0.140908
   max. symmetrization distance error:      0.000524

 Surface grid was constructed by projection of gridpoints of symmetry distict atoms.
 This may lead to differences compared to C1 results.
  
           ------------------
           density functional
           ------------------
 TPSS global hybrid functional
 exchange:    9/10 (LDA+TPSS) + 1/10 HF
 correlation: LDA (PW) + TPSS

 spherical integration : Lebedev's spherical grid
 spherical gridsize    :                     4
    i.e. gridpoints    :                   434
 value for diffuse not defined
 radial integration    : Chebyshev 2nd kind (scaling 3)
 radial gridsize       :                     6
 integration cells     :                    54
 partition function    : becke
 partition sharpness   :                     3
  

 biggest AO integral is expected to be     9.765798878

          ------------------------
          nuclear repulsion energy  :   8335.85249814    
          ------------------------

  _________________________________
 |                                 |
 |         DFTD3 V3.1 Rev 0        |
 | S.Grimme, University Bonn       |
 |            June  2014           |
 |   see standalone version        |
 |       dftd3 -h for options      |
 |_________________________________|
 
 Please cite DFT-D3 work done with this code as:
 S. Grimme, J. Antony, S. Ehrlich and H. Krieg,
 J. Chem. Phys, 132 (2010), 154104.
 If used with BJ-damping cite also
 S. Grimme, S. Ehrlich and L. Goerigk,
 J. Comput. Chem. 32 (2011), 1456-1465
 For DFT-D2 the reference is
 S. Grimme, J. Comput. Chem., 27 (2006), 1787-1799
 
C6 coefficients used:
                     2  C6 for element                      1
Z=  1 CN= 0.912     C6(AA)=    3.03
Z=  1 CN= 0.000     C6(AA)=    7.59
                     5  C6 for element                      6
Z=  6 CN= 0.000     C6(AA)=   49.11
Z=  6 CN= 0.987     C6(AA)=   43.25
Z=  6 CN= 1.998     C6(AA)=   29.36
Z=  6 CN= 2.999     C6(AA)=   25.78
Z=  6 CN= 3.984     C6(AA)=   18.21
                     3  C6 for element                     16
Z= 16 CN= 0.000     C6(AA)=  134.01
Z= 16 CN= 0.995     C6(AA)=  131.00
Z= 16 CN= 1.990     C6(AA)=  125.81
                     3  C6 for element                     39
Z= 39 CN= 0.000     C6(AA)= 2365.89
Z= 39 CN= 1.915     C6(AA)= 1132.30
Z= 39 CN= 2.890     C6(AA)=  451.08
                     3  C6 for element                     42
Z= 42 CN= 0.000     C6(AA)=  845.90
Z= 42 CN= 1.942     C6(AA)=  502.01
Z= 42 CN=11.056     C6(AA)=  337.11

#           XYZ [au]              R0(AA) [Ang.]  CN          C6(AA)     C8(AA)   C10(AA) [au]
  1   0.00000   0.00000   0.65011   mo  1.286  5.495       502.0     57804.9   8153712.7
  2  -0.47415   6.41426   0.17128   y   1.655 11.704       451.1     86005.2  20087594.1
  3   2.01104   2.85703   3.03760   s   0.839  2.062       125.9      6166.3    370065.9
  4  -2.72551   2.16335  -1.75791   s   0.839  2.078       125.9      6166.0    370047.0
  5   2.72551  -2.16335  -1.75791   s   0.839  2.078       125.9      6166.0    370047.0
  6  -2.01104  -2.85703   3.03760   s   0.839  2.062       125.9      6166.3    370065.9
  7   3.95402   6.20697  -2.27461   c   0.644  4.113        18.3       528.0     18706.2
  8   2.07304   5.90782  -4.17571   c   0.644  4.115        18.3       528.0     18705.7
  9   0.67567   8.21630  -4.34314   c   0.644  4.138        18.2       527.7     18697.6
 10   1.73727   9.96758  -2.57943   c   0.644  4.124        18.3       527.9     18702.2
 11   3.72385   8.69966  -1.25488   c   0.644  4.141        18.2       527.7     18696.4
 12  -2.23053   7.70684   4.69473   c   0.644  4.134        18.2       527.8     18698.8
 13  -4.11692   6.11121   3.61248   c   0.644  4.129        18.3       527.8     18700.6
 14  -5.18888   7.41208   1.50599   c   0.644  4.142        18.2       527.7     18696.1
 15  -4.00211   9.83061   1.31335   c   0.644  4.113        18.3       528.0     18706.4
 16  -2.16341  10.01216   3.28783   c   0.644  4.108        18.3       528.0     18708.2
 17  -1.39703   8.73013  -6.22330   c   0.644  4.072        18.3       528.5     18725.4
 18   1.21792  12.75714  -2.48205   c   0.644  4.060        18.3       528.7     18732.1
 19   1.80218   3.68800  -5.92468   c   0.644  4.073        18.3       528.5     18724.8
 20   5.46076   9.84650   0.68416   c   0.644  4.071        18.3       528.5     18725.9
 21   6.01936   4.35655  -1.66650   c   0.644  4.072        18.3       528.5     18725.4
 22  -0.69768  12.31870   4.07698   c   0.644  4.058        18.3       528.8     18733.6
 23  -4.91689   3.57507   4.60009   c   0.644  4.085        18.3       528.3     18718.7
 24  -7.36706   6.53090  -0.09272   c   0.644  4.075        18.3       528.5     18723.9
 25  -4.90212  11.91538  -0.39729   c   0.644  4.059        18.3       528.7     18733.0
 26   3.04225   3.91430  -7.59294   h   0.417  0.997         3.1        37.4       553.5
 27  -0.14985   3.49263  -6.60993   h   0.417  1.001         3.1        37.4       553.1
 28  -3.31976   2.56946   5.47184   h   0.417  1.004         3.1        37.3       552.9
 29  -6.42015   3.76219   6.03913   h   0.417  0.997         3.1        37.4       553.5
 30   2.30169   1.90099  -4.98834   h   0.417  1.006         3.1        37.3       552.7
 31  -5.63167   2.35898   3.07347   h   0.417  1.004         3.1        37.3       552.9
 32   6.67101   4.55919   0.29665   h   0.417  1.001         3.1        37.4       553.1
 33   7.66646   4.66117  -2.91787   h   0.417  0.997         3.1        37.4       553.5
 34   5.38741   2.39060  -1.90193   h   0.417  1.005         3.1        37.3       552.8
 35  -7.17595   7.15282  -2.07067   h   0.417  1.000         3.1        37.4       553.2
 36  -9.18053   7.29171   0.61508   h   0.417  0.996         3.1        37.4       553.5
 37  -7.50251   4.45749  -0.10161   h   0.417  1.002         3.1        37.4       553.1
 38  -0.75614   7.19853   7.06976   c   0.644  4.072        18.3       528.5     18725.6
 39  -1.71379   8.01601   8.73828   h   0.417  0.996         3.1        37.4       553.5
 40   1.14998   8.03087   6.98928   h   0.417  1.000         3.1        37.4       553.2
 41  -0.53185   5.15893   7.39770   h   0.417  1.002         3.1        37.4       553.1
 42  -0.63991   8.96800  -8.15509   h   0.417  0.996         3.1        37.4       553.5
 43  -2.44359  10.46378  -5.75588   h   0.417  0.999         3.1        37.4       553.3
 44   4.65234  11.57442   1.50928   h   0.417  1.000         3.1        37.4       553.3
 45  -3.68065  13.58840  -0.27978   h   0.417  0.999         3.1        37.4       553.3
 46  -1.35580  13.00480   5.93562   h   0.417  0.997         3.1        37.4       553.5
 47   2.63781  13.79455  -3.61021   h   0.417  0.997         3.1        37.4       553.5
 48  -2.77035   7.16472  -6.30220   h   0.417  1.001         3.1        37.4       553.2
 49   0.47415  -6.41426   0.17128   y   1.655 11.704       451.1     86005.2  20087594.1
 50   2.23053  -7.70684   4.69473   c   0.644  4.134        18.2       527.8     18698.8
 51  -0.67567  -8.21630  -4.34314   c   0.644  4.138        18.2       527.7     18697.6
 52   5.18888  -7.41208   1.50599   c   0.644  4.142        18.2       527.7     18696.1
 53  -3.95402  -6.20697  -2.27461   c   0.644  4.113        18.3       528.0     18706.2
 54   4.11692  -6.11121   3.61248   c   0.644  4.129        18.3       527.8     18700.6
 55  -2.07304  -5.90782  -4.17571   c   0.644  4.115        18.3       528.0     18705.7
 56   4.00211  -9.83061   1.31335   c   0.644  4.113        18.3       528.0     18706.4
 57  -3.72385  -8.69966  -1.25488   c   0.644  4.141        18.2       527.7     18696.4
 58   2.16341 -10.01216   3.28783   c   0.644  4.108        18.3       528.0     18708.2
 59  -1.73727  -9.96758  -2.57943   c   0.644  4.124        18.3       527.9     18702.2
 60   7.36706  -6.53090  -0.09272   c   0.644  4.075        18.3       528.5     18723.9
 61  -6.01936  -4.35655  -1.66650   c   0.644  4.072        18.3       528.5     18725.4
 62   0.75614  -7.19853   7.06976   c   0.644  4.072        18.3       528.5     18725.6
 63   1.39703  -8.73013  -6.22330   c   0.644  4.072        18.3       528.5     18725.4
 64   4.90212 -11.91538  -0.39729   c   0.644  4.059        18.3       528.7     18733.0
 65  -5.46076  -9.84650   0.68416   c   0.644  4.071        18.3       528.5     18725.9
 66   0.69768 -12.31870   4.07698   c   0.644  4.058        18.3       528.8     18733.6
 67  -1.21792 -12.75714  -2.48205   c   0.644  4.060        18.3       528.7     18732.1
 68   4.91689  -3.57507   4.60009   c   0.644  4.085        18.3       528.3     18718.7
 69  -1.80218  -3.68800  -5.92468   c   0.644  4.073        18.3       528.5     18724.8
 70   6.42015  -3.76219   6.03913   h   0.417  0.997         3.1        37.4       553.5
 71  -3.04225  -3.91430  -7.59294   h   0.417  0.997         3.1        37.4       553.5
 72   5.63167  -2.35898   3.07347   h   0.417  1.004         3.1        37.3       552.9
 73  -2.30169  -1.90099  -4.98834   h   0.417  1.006         3.1        37.3       552.7
 74   3.31976  -2.56946   5.47184   h   0.417  1.004         3.1        37.3       552.9
 75   0.14985  -3.49263  -6.60993   h   0.417  1.001         3.1        37.4       553.1
 76  -1.14998  -8.03087   6.98928   h   0.417  1.000         3.1        37.4       553.2
 77   2.44359 -10.46378  -5.75588   h   0.417  0.999         3.1        37.4       553.3
 78   7.17595  -7.15282  -2.07067   h   0.417  1.000         3.1        37.4       553.2
 79  -6.67101  -4.55919   0.29665   h   0.417  1.001         3.1        37.4       553.1
 80   1.71379  -8.01601   8.73828   h   0.417  0.996         3.1        37.4       553.5
 81   0.63991  -8.96800  -8.15509   h   0.417  0.996         3.1        37.4       553.5
 82   9.18053  -7.29171   0.61508   h   0.417  0.996         3.1        37.4       553.5
 83  -7.66646  -4.66117  -2.91787   h   0.417  0.997         3.1        37.4       553.5
 84   0.53185  -5.15893   7.39770   h   0.417  1.002         3.1        37.4       553.1
 85   2.77035  -7.16472  -6.30220   h   0.417  1.001         3.1        37.4       553.2
 86   7.50251  -4.45749  -0.10161   h   0.417  1.002         3.1        37.4       553.1
 87  -5.38741  -2.39060  -1.90193   h   0.417  1.005         3.1        37.3       552.8
 88   4.98639 -11.33431  -2.39502   h   0.417  1.000         3.1        37.4       553.3
 89  -0.64497  13.22577  -3.26605   h   0.417  1.000         3.1        37.4       553.3
 90   1.34321  11.94979   4.26801   h   0.417  1.000         3.1        37.4       553.3
 91   0.93130 -13.88161   2.72939   h   0.417  0.999         3.1        37.4       553.3
 92  -1.30690 -13.51293  -0.55098   h   0.417  1.000         3.1        37.4       553.2
 93   3.68065 -13.58840  -0.27978   h   0.417  0.999         3.1        37.4       553.3
 94   1.30690  13.51293  -0.55098   h   0.417  1.000         3.1        37.4       553.2
 95  -4.65234 -11.57442   1.50928   h   0.417  1.000         3.1        37.4       553.3
 96  -0.93130  13.88161   2.72939   h   0.417  0.999         3.1        37.4       553.3
 97  -5.85489  -8.52310   2.24410   h   0.417  1.000         3.1        37.4       553.2
 98   0.64497 -13.22577  -3.26605   h   0.417  1.000         3.1        37.4       553.3
 99  -4.98639  11.33431  -2.39502   h   0.417  1.000         3.1        37.4       553.3
100  -1.34321 -11.94979   4.26801   h   0.417  1.000         3.1        37.4       553.3
101   5.85489   8.52310   2.24410   h   0.417  1.000         3.1        37.4       553.2
102  -7.30420 -10.36742  -0.14931   h   0.417  0.996         3.1        37.4       553.5
103   6.83120 -12.51353   0.13290   h   0.417  0.997         3.1        37.4       553.5
104  -2.63781 -13.79455  -3.61021   h   0.417  0.997         3.1        37.4       553.5
105  -6.83120  12.51353   0.13290   h   0.417  0.997         3.1        37.4       553.5
106   1.35580 -13.00480   5.93562   h   0.417  0.997         3.1        37.4       553.5
107   7.30420  10.36742  -0.14931   h   0.417  0.996         3.1        37.4       553.5

molecular C6(AA) [au] =    146752.83

           DFT-D V3(BJ)
 DF tpssh                                             
 parameters
 s6       :    1.0000
 s8       :    2.2382
 a1       :    0.4529
 a2       :    4.6550
 k1-k3    :   16.0000    1.3333   -4.0000
 
 Edisp /kcal,au:  -156.6306 -0.24960676

 E6    /kcal :   -68.4388
 E8    /kcal :   -88.1918
 % E8        : 56.31
 nuclear repulsion energy                  =    8335.852498138
 empirical dispersive energy correction    =      -0.249606762
 nuclear repulsion + dispersion correction =    8335.602891376


         -----------------
         -S,T+V- integrals
         -----------------

 1e-integrals will be neglected if expon. factor < 0.308299E-12


          ----------------
          -ecp-  integrals
          ----------------
 
   Difference densities algorithm switched on.
   The maximal number of linear combinations of
   difference densities is                    20 .

 DIIS switched on: error vector is FDS-SDF
 Max. Iterations for DIIS is     :   4
 DIIS matrix (see manual) 
    Scaling factor of diagonals  :  1.200
    threshold for scaling factor :  0.000

 scf convergence criterion : increment of total energy < .1000000D-06
                  and increment of one-electron energy < .1000000D-03

 MOs are in ASCII format !


    mo occupation :
   irrep   mo's   occupied
    a      514      101
    b      511      100
 
 number of basis functions   :  1025
 number of occupied orbitals :   201
 

 reading orbital data $uhfmo_alpha  from file alpha
 orbital characterization : expanded

 reading orbital data $uhfmo_beta  from file beta
 orbital characterization : expanded
 virtual MOs provided and orthogonalized by Cholesky decomposition
 virtual MOs provided and orthogonalized by Cholesky decomposition

 UHF mode switched on !

 closed shell shift switched on 
 all occupied orbitals are shifted by    0.10000

  
           ------------------------
               RI-J - INFORMATION
           ------------------------
 Contributions to RI integral batches: 
  neglected integral batches:                 88039
  direct contribution:                            0
  memory contribution:                 29816
 Memory core needed for (P|Q) and Cholesky     19 MByte
 Memory core minimum needed except of (P|Q)     3 MByte
 Total minimum memory core needed (sum)        22 MByte
  
 ****************************************
 Memory allocated for RI-J  4177 MByte
 ****************************************
                                            

 DSCF restart information will be dumped onto file alpha


 Starting SCF iterations

COSMO: using sym. in pot. calc.
          Overall gridpoints after grid construction =        487711

 ITERATION  ENERGY          1e-ENERGY        2e-ENERGY     NORM[dD(SAO)]  TOL
   1  -3297.5778777923    -21217.021049     9583.8402794    0.000D+00 0.308D-11
                            Exc = -326.485399937     Coul =  9944.86780100    
                            exK = -34.5421216719    
                         Ntotal = 401.00069106      Nspin = 1.0000007278    
                             Na = 201.00034589         Nb = 200.00034517    
                          Ediel =-0.512636461282E-01
                            current damping = 1.000
 
          max. resid. norm for Fia-block=  7.546D-02 for orbital    101a    alpha
          max. resid. fock norm         =  6.752D+00 for orbital    229a    beta 
COSMO: using sym. in pot. calc.

 ITERATION  ENERGY          1e-ENERGY        2e-ENERGY     NORM[dD(SAO)]  TOL
   2  -3297.5920385995    -21215.917976     9582.7230459    0.359D+00 0.195D-11
                            Exc = -326.463064213      Eck =  9909.18611013    
                         Ntotal = 401.00068679      Nspin = 1.0000016496    
                             Na = 201.00034422         Nb = 200.00034257    
                          Ediel =-0.511075605836E-01
                            current damping = 0.950
 
          Norm of current diis error: 0.61269E-01
          max. resid. norm for Fia-block=  2.023D-02 for orbital     33b    beta 
          max. resid. fock norm         =  3.258D-02 for orbital    330b    alpha
COSMO: using sym. in pot. calc.

 ITERATION  ENERGY          1e-ENERGY        2e-ENERGY     NORM[dD(SAO)]  TOL
   3  -3297.5939273983    -21215.900178     9582.7033588    0.165D+00 0.146D-11
                            Exc = -326.463821914      Eck =  9909.16718073    
                         Ntotal = 401.00068457      Nspin = 1.0000019024    
                             Na = 201.00034323         Nb = 200.00034133    
                          Ediel =-0.510915975654E-01
                            current damping = 0.800
 
          Norm of current diis error: 0.39235E-01
          max. resid. norm for Fia-block=  1.204D-02 for orbital     33b    beta 
          max. resid. fock norm         =  1.732D-02 for orbital    101a    beta 
COSMO: using sym. in pot. calc.

 ITERATION  ENERGY          1e-ENERGY        2e-ENERGY     NORM[dD(SAO)]  TOL
   4  -3297.5950093966    -21215.903364     9582.7054635    0.576D-01 0.118D-11
                            Exc = -326.467137208      Eck =  9909.17260070    
                         Ntotal = 401.00068248      Nspin = 1.0000022490    
                             Na = 201.00034237         Nb = 200.00034012    
                          Ediel =-0.510143824166E-01
                            current damping = 0.850
 
          Norm of current diis error: 0.24316E-01
          max. resid. norm for Fia-block=  6.942D-03 for orbital     93a    beta 
          max. resid. fock norm         =  1.320D-02 for orbital    101a    beta 
COSMO: using sym. in pot. calc.

 ITERATION  ENERGY          1e-ENERGY        2e-ENERGY     NORM[dD(SAO)]  TOL
   5  -3297.5955233719    -21215.903674     9582.7052597    0.100D-01 0.103D-11
                            Exc = -326.469477299      Eck =  9909.17473696    
                         Ntotal = 401.00068103      Nspin = 1.0000026175    
                             Na = 201.00034182         Nb = 200.00033921    
                          Ediel =-0.509450361119E-01
                            current damping = 0.900
 
          Norm of current diis error: 0.15277E-01
          max. resid. norm for Fia-block=  4.802D-03 for orbital     93a    beta 
          max. resid. fock norm         =  9.561D-03 for orbital    101a    beta 
          mo-orthogonalization: Cholesky decomposition
COSMO: using sym. in pot. calc.

 ITERATION  ENERGY          1e-ENERGY        2e-ENERGY     NORM[dD(SAO)]  TOL
   6  -3297.5957638255    -21215.898834     9582.7001786    0.339D-02 0.925D-12
                            Exc = -326.470980081      Eck =  9909.17115873    
                         Ntotal = 401.00068006      Nspin = 1.0000029475    
                             Na = 201.00034150         Nb = 200.00033856    
                          Ediel =-0.508860039499E-01
                            current damping = 0.950
 
          Norm of current diis error: 0.99132E-02
          max. resid. norm for Fia-block=  3.202D-03 for orbital     93a    beta 
          max. resid. fock norm         =  6.336D-03 for orbital    101a    beta 
COSMO: using sym. in pot. calc.

 ITERATION  ENERGY          1e-ENERGY        2e-ENERGY     NORM[dD(SAO)]  TOL
   7  -3297.5958789653    -21215.906516     9582.7077454    0.191D-02 0.856D-12
                            Exc = -326.472028621      Eck =  9909.17977401    
                         Ntotal = 401.00067949      Nspin = 1.0000032183    
                             Na = 201.00034136         Nb = 200.00033814    
                          Ediel =-0.508547702042E-01
                            current damping = 1.000
 
          Norm of current diis error: 0.68324E-02
          max. resid. norm for Fia-block=  2.430D-03 for orbital     94a    beta 
          max. resid. fock norm         =  4.184D-03 for orbital    101a    beta 
COSMO: using sym. in pot. calc.

 ITERATION  ENERGY          1e-ENERGY        2e-ENERGY     NORM[dD(SAO)]  TOL
   8  -3297.5959383731    -21215.890812     9582.6919826    0.193D-02 0.808D-12
                            Exc = -326.472442061      Eck =  9909.16442467    
                         Ntotal = 401.00067908      Nspin = 1.0000034452    
                             Na = 201.00034126         Nb = 200.00033782    
                          Ediel =-0.508232758911E-01
                            current damping = 1.050
 
          Norm of current diis error: 0.46622E-02
          max. resid. norm for Fia-block=  1.500D-03 for orbital     94a    beta 
          max. resid. fock norm         =  2.114D-03 for orbital    101a    beta 
COSMO: using sym. in pot. calc.

 ITERATION  ENERGY          1e-ENERGY        2e-ENERGY     NORM[dD(SAO)]  TOL
   9  -3297.5959670070    -21215.914826     9582.7159673    0.782D-03 0.770D-12
                            Exc = -326.473235923      Eck =  9909.18920322    
                         Ntotal = 401.00067890      Nspin = 1.0000036035    
                             Na = 201.00034125         Nb = 200.00033765    
                          Ediel =-0.508170174428E-01
                            current damping = 1.100
 
          Norm of current diis error: 0.40632E-02
          max. resid. norm for Fia-block=  1.606D-03 for orbital     94a    beta 
          max. resid. fock norm         =  1.763D-03 for orbital    101a    beta 
COSMO: using sym. in pot. calc.

 ITERATION  ENERGY          1e-ENERGY        2e-ENERGY     NORM[dD(SAO)]  TOL
  10  -3297.5959850026    -21215.893128     9582.6942513    0.429D-03 0.747D-12
                            Exc = -326.473144789      Eck =  9909.16739606    
                         Ntotal = 401.00067872      Nspin = 1.0000037420    
                             Na = 201.00034123         Nb = 200.00033749    
                          Ediel =-0.508016996761E-01
                            current damping = 1.150
 
          Norm of current diis error: 0.25943E-02
          max. resid. norm for Fia-block=  9.739D-04 for orbital     94a    beta 
          max. resid. fock norm         =  1.029D-03 for orbital    102a    beta 
          mo-orthogonalization: Cholesky decomposition
COSMO: using sym. in pot. calc.

 ITERATION  ENERGY          1e-ENERGY        2e-ENERGY     NORM[dD(SAO)]  TOL
  11  -3297.5959947093    -21215.902519     9582.7036329    0.184D-03 0.724D-12
                            Exc = -326.473505733      Eck =  9909.17713864    
                         Ntotal = 401.00067864      Nspin = 1.0000038436    
                             Na = 201.00034124         Nb = 200.00033740    
                          Ediel =-0.507968122878E-01
                            current damping = 1.200
 
          Norm of current diis error: 0.19975E-02
          max. resid. norm for Fia-block=  9.503D-04 for orbital     94a    beta 
          max. resid. fock norm         =  1.013D-03 for orbital    102a    beta 
COSMO: using sym. in pot. calc.

 ITERATION  ENERGY          1e-ENERGY        2e-ENERGY     NORM[dD(SAO)]  TOL
  12  -3297.5960007134    -21215.899421     9582.7005290    0.131D-03 0.706D-12
                            Exc = -326.473579500      Eck =  9909.17410854    
                         Ntotal = 401.00067857      Nspin = 1.0000039331    
                             Na = 201.00034125         Nb = 200.00033732    
                          Ediel =-0.507932634481E-01
                            current damping = 1.250
 
          Norm of current diis error: 0.14360E-02
          max. resid. norm for Fia-block=  6.932D-04 for orbital     94a    beta 
          max. resid. fock norm         =  7.377D-04 for orbital    102a    beta 
COSMO: using sym. in pot. calc.

 ITERATION  ENERGY          1e-ENERGY        2e-ENERGY     NORM[dD(SAO)]  TOL
  13  -3297.5960041470    -21215.901322     9582.7024261    0.721D-04 0.690D-12
                            Exc = -326.473717255      Eck =  9909.17614335    
                         Ntotal = 401.00067853      Nspin = 1.0000040017    
                             Na = 201.00034126         Nb = 200.00033726    
                          Ediel =-0.507909640861E-01
                            current damping = 1.300
 
          Norm of current diis error: 0.11265E-02
          max. resid. norm for Fia-block=  6.097D-04 for orbital     94a    beta 
          max. resid. fock norm         =  6.565D-04 for orbital    102a    beta 
COSMO: using sym. in pot. calc.

 ITERATION  ENERGY          1e-ENERGY        2e-ENERGY     NORM[dD(SAO)]  TOL
  14  -3297.5960061824    -21215.897610     9582.6987128    0.606D-04 0.677D-12
                            Exc = -326.473724840      Eck =  9909.17243761    
                         Ntotal = 401.00067849      Nspin = 1.0000040572    
                             Na = 201.00034127         Nb = 200.00033722    
                          Ediel =-0.507886299457E-01
                            current damping = 1.350
 
          Norm of current diis error: 0.86487E-03
          max. resid. norm for Fia-block=  3.721D-04 for orbital     94a    alpha
          max. resid. fock norm         =  4.065D-04 for orbital    102a    alpha
COSMO: using sym. in pot. calc.

 ITERATION  ENERGY          1e-ENERGY        2e-ENERGY     NORM[dD(SAO)]  TOL
  15  -3297.5960072377    -21215.903126     9582.7042272    0.502D-04 0.666D-12
                            Exc = -326.473866271      Eck =  9909.17809351    
                         Ntotal = 401.00067848      Nspin = 1.0000040916    
                             Na = 201.00034129         Nb = 200.00033719    
                          Ediel =-0.507893036513E-01
                            current damping = 1.400
 
          Norm of current diis error: 0.79338E-03
          max. resid. norm for Fia-block=  3.749D-04 for orbital     94a    beta 
          max. resid. fock norm         =  4.089D-04 for orbital    102a    beta 
          mo-orthogonalization: Cholesky decomposition
COSMO: using sym. in pot. calc.

 ITERATION  ENERGY          1e-ENERGY        2e-ENERGY     NORM[dD(SAO)]  TOL
  16  -3297.5960080041    -21215.899932     9582.7010323    0.212D-04 0.655D-12
                            Exc = -326.473848452      Eck =  9909.17488072    
                         Ntotal = 401.00067846      Nspin = 1.0000041239    
                             Na = 201.00034129         Nb = 200.00033717    
                          Ediel =-0.507879545462E-01
                            current damping = 1.450
 
          Norm of current diis error: 0.52221E-03
          max. resid. norm for Fia-block=  2.743D-04 for orbital     94a    beta 
          max. resid. fock norm         =  2.965D-04 for orbital    102a    beta 
COSMO: using sym. in pot. calc.

 ITERATION  ENERGY          1e-ENERGY        2e-ENERGY     NORM[dD(SAO)]  TOL
  17  -3297.5960084725    -21215.900466     9582.7015665    0.133D-04 0.643D-12
                            Exc = -326.473889053      Eck =  9909.17545554    
                         Ntotal = 401.00067845      Nspin = 1.0000041505    
                             Na = 201.00034130         Nb = 200.00033715    
                          Ediel =-0.507875277664E-01
                            current damping = 1.500
 
          Norm of current diis error: 0.41322E-03
          max. resid. norm for Fia-block=  2.294D-04 for orbital     94a    beta 
          max. resid. fock norm         =  2.494D-04 for orbital    102a    beta 
COSMO: using sym. in pot. calc.

 ITERATION  ENERGY          1e-ENERGY        2e-ENERGY     NORM[dD(SAO)]  TOL
  18  -3297.5960087691    -21215.900181     9582.7012807    0.117D+00 0.876D-12
                            Exc = -326.473905253      Eck =  9909.17518597    
                         Ntotal = 401.00067844      Nspin = 1.0000041712    
                             Na = 201.00034131         Nb = 200.00033714    
                          Ediel =-0.507874754888E-01
                            current damping = 1.550
 
          Norm of current diis error: 0.31894E-03
          max. resid. norm for Fia-block=  1.545D-04 for orbital     94a    beta 
          max. resid. fock norm         =  1.686D-04 for orbital    102a    beta 
COSMO: using sym. in pot. calc.

 ITERATION  ENERGY          1e-ENERGY        2e-ENERGY     NORM[dD(SAO)]  TOL
  19  -3297.5960089366    -21215.901054     9582.7021539    0.492D-04 0.877D-12
                            Exc = -326.473937834      Eck =  9909.17609173    
                         Ntotal = 401.00067844      Nspin = 1.0000041861    
                             Na = 201.00034131         Nb = 200.00033713    
                          Ediel =-0.507874666758E-01
                            current damping = 1.600
 
          Norm of current diis error: 0.27634E-03
          max. resid. norm for Fia-block=  1.523D-04 for orbital     94a    beta 
          max. resid. fock norm         =  1.682D-04 for orbital    102a    beta 
COSMO: using sym. in pot. calc.

 ITERATION  ENERGY          1e-ENERGY        2e-ENERGY     NORM[dD(SAO)]  TOL
  20  -3297.5960090421    -21215.899555     9582.7006547    0.103D-03 0.876D-12
                            Exc = -326.473924431      Eck =  9909.17457911    
                         Ntotal = 401.00067843      Nspin = 1.0000041985    
                             Na = 201.00034132         Nb = 200.00033712    
                          Ediel =-0.507870505367E-01
                            current damping = 1.650
 
          Norm of current diis error: 0.22744E-03
          max. resid. norm for Fia-block=  9.926D-05 for orbital     94a    alpha
          max. resid. fock norm         =  1.123D-04 for orbital    102a    alpha
          mo-orthogonalization: Cholesky decomposition
COSMO: using sym. in pot. calc.

 ITERATION  ENERGY          1e-ENERGY        2e-ENERGY     NORM[dD(SAO)]  TOL
  21  -3297.5960091065    -21215.900623     9582.7017229    0.150D-03 0.877D-12
                            Exc = -326.473951560      Eck =  9909.17567446    
                         Ntotal = 401.00067843      Nspin = 1.0000042065    
                             Na = 201.00034132         Nb = 200.00033711    
                          Ediel =-0.507873209542E-01
                            current damping = 1.700
 
          Norm of current diis error: 0.17319E-03
          max. resid. norm for Fia-block=  9.403D-05 for orbital     94a    beta 
          max. resid. fock norm         =  1.041D-04 for orbital    102a    beta 
COSMO: using sym. in pot. calc.

 ENERGY CONVERGED !


 ITERATION  ENERGY          1e-ENERGY        2e-ENERGY     NORM[dD(SAO)]  TOL
  22  -3297.5960091837    -21215.900438     9582.7015378    0.150D-03 0.308D-11
                            Exc = -326.473956029     Coul =  9943.71884874    
                            exK = -34.5433549207    
                         Ntotal = 401.00067843      Nspin = 1.0000042164    
                             Na = 201.00034132         Nb = 200.00033711    
                          Ediel =-0.507872665943E-01
                            current damping = 1.750
 
          Norm of current diis error: 0.13711E-03
          max. resid. norm for Fia-block=  7.195D-05 for orbital     94a    beta 
          max. resid. fock norm         =  7.987D-05 for orbital    102a    beta 

 End of SCF iterations
COSMO: using sym. in pot. calc.

   convergence criteria satisfied after    22 iterations


                  ------------------------------------------ 
                 |  total energy      =  -3297.59600918366  |
                  ------------------------------------------ 
                 :  kinetic energy    =   3176.69189842678  :
                 :  potential energy  =  -6474.28790761045  :
                 :  virial theorem    =      1.96333568138  :
                 :  wavefunction norm =      1.00000000000  :
                  .......................................... 


 orbitals $uhfmo_beta  will be written to file beta

 orbitals $uhfmo_alpha  will be written to file alpha
 
 alpha: 

    irrep                 97a         98a         99a        100a        101a   
 eigenvalues H         -0.17697    -0.17339    -0.16305    -0.16138    -0.11580
            eV          -4.8157     -4.7182     -4.4367     -4.3913     -3.1511
 occupation              1.0000      1.0000      1.0000      1.0000      1.0000

    irrep                102a        103a        104a        105a        106a   
 eigenvalues H         -0.06762    -0.02513     0.00781     0.03187     0.03347
            eV          -1.8400     -0.6837      0.2124      0.8673      0.9108

    irrep                 96b         97b         98b         99b        100b   
 eigenvalues H         -0.18903    -0.17268    -0.16424    -0.16341    -0.16056
            eV          -5.1437     -4.6990     -4.4691     -4.4466     -4.3690
 occupation              1.0000      1.0000      1.0000      1.0000      1.0000

    irrep                101b        102b        103b        104b        105b   
 eigenvalues H         -0.06241    -0.02395     0.02601     0.03365     0.03934
            eV          -1.6984     -0.6517      0.7078      0.9157      1.0706
 
 beta:  

    irrep                 96a         97a         98a         99a        100a   
 eigenvalues H         -0.19874    -0.17666    -0.17313    -0.16304    -0.16113
            eV          -5.4081     -4.8071     -4.7110     -4.4364     -4.3846
 occupation              1.0000      1.0000      1.0000      1.0000      1.0000

    irrep                101a        102a        103a        104a        105a   
 eigenvalues H         -0.05594    -0.05468    -0.02082     0.01705     0.03245
            eV          -1.5222     -1.4878     -0.5666      0.4639      0.8830

    irrep                 96b         97b         98b         99b        100b   
 eigenvalues H         -0.18934    -0.17254    -0.16472    -0.16338    -0.16039
            eV          -5.1521     -4.6951     -4.4824     -4.4458     -4.3645
 occupation              1.0000      1.0000      1.0000      1.0000      1.0000

    irrep                101b        102b        103b        104b        105b   
 eigenvalues H         -0.05204    -0.01967     0.02993     0.03470     0.03983
            eV          -1.4161     -0.5353      0.8144      0.9442      1.0839
 
 ==============================================================================
                                  COSMO RESULTS
 ==============================================================================
  PARAMETER:
    nppa:      1082
    nspa:        92
    nsph:        32
    nps:       2604
    npspher:    944
    disex:   10.0000    
    disex2:  3858.59    
    rsolv [A]: 1.3000
    routf:     0.8500
    phsran:    0.0    
    ampran:   0.10E-04
    cavity:  closed
    epsilon:     7.250
    refind:     1.300
    fepsi:      0.8064516
  CAVITY VOLUME/AREA [a.u.]:
    surface: V1.0, A matrix: V1.0
    area:  2082.72
    volume:  6562.24
  SCREENING CHARGE:
    cosmo      :   0.948932
    correction :   0.049956
    total      :   0.998888
  ENERGIES [a.u.]:
    Total energy            =   -3297.5960091836641
    Total energy + OC corr. =    -3297.5989981987
    Dielectric energy       =       -0.0507872666
    Diel. energy + OC corr. =       -0.0537762816
  ELEMENT RADIUS [A]: ATOM LIST
    mo 2.22: 1
    y  2.22: 2,49
    s  2.16: 3-6
    c  2.00: 7-25,38,50-69
    h  1.30: 26-37,39-48,70-107
 ==============================================================================

                                             _ _ _ 
  IRREP     alpha occ.     beta occ.      tr(D*D-D)


 a        101.00000000   100.00000000    -0.25321148


 b        100.00000000   100.00000000    -0.00114357

   -------------------------------------------------

   sum    201.00000000   200.00000000    -0.25435505

 <S*S>     0.75871010

 
 
 
 ==============================================================================
                           electrostatic moments
 ==============================================================================

 reference point for electrostatic moments:    0.00000   0.00000   0.00000

 
              nuc           elec       ->  total
 ------------------------------------------------------------------------------
                          charge      
 ------------------------------------------------------------------------------
         400.000000    -401.000000      -1.000000
 a-b                                     1.000000
 
 ------------------------------------------------------------------------------
                       dipole moment  
 ------------------------------------------------------------------------------
   x      -0.000000       0.000000       0.000000
   y       0.000000      -0.000000      -0.000000
   z      44.578386     -45.213633      -0.635247
 
   | dipole moment | =     0.6352 a.u. =     1.6146 debye 
 
 ------------------------------------------------------------------------------
                     quadrupole moment
 ------------------------------------------------------------------------------
  xx    5068.070542   -5361.302628    -293.232086
  yy   23449.700191  -23742.235448    -292.535257
  zz    4922.540588   -5216.189905    -293.649317
  xy   -1532.413361    1533.167188       0.753827
  xz      -0.000000      -0.000000      -0.000000
  yz       0.000000      -0.000000      -0.000000
 
     1/3  trace=    -293.138887
     anisotropy=       1.629465
 
 ==============================================================================
 
HOMO-LUMO Separation
 HOMO         :   -0.11579933 H =     -3.15106 eV
 LUMO         :   -0.06761763 H =     -1.83997 eV
 HOMO-LUMO gap:    0.04818170 H =     +1.31109 eV
 
 ==============================================================================


    ------------------------------------------------------------------------
         total  cpu-time :  1 hours  9 minutes and 43 seconds
         total wall-time :  5 minutes and 11 seconds
    ------------------------------------------------------------------------

   ****  ridft : all done  ****


    2020-08-24 00:31:19.092 

