
 eiger (login-i16) : TURBOMOLE rev. V7.4.1 (b987a8a8) compiled 15 Oct 2019 at 12:03:25
 Copyright (C) 2019 TURBOMOLE GmbH, Karlsruhe


    2020-07-23 19:33:16.088 

                                                                                
  
Total energy =  -3966.0847503030 H =   -107922.7185744 eV
 
 HOMO-LUMO Separation
   HOMO:   221. b  11 b1    -0.02744339 H =     -0.74677 eV
   LUMO:   213. b  26 a1    -0.12539561 H =     -3.41219 eV
   Gap :                    -0.09795222 H =     -2.66542 eV
        !! WARNING: HOMO-LUMO Gap is negativ !!
 
Number of MOs=    918, Electrons=    291.00, Symmetry: d2d  
 
   Nr.   Orbital    Occupation       Energy
  233. a  30 a1                    +0.099075 H =        +2.696 eV
  232. a  40 e                     +0.097094 H =        +2.642 eV
  231. b  36 e                     +0.093256 H =        +2.538 eV
  230. b  28 a1                    +0.085846 H =        +2.336 eV
  229. a  29 a1                    +0.074763 H =        +2.034 eV
  228. a  39 e                     +0.055705 H =        +1.516 eV
  227. b  35 e                     +0.050091 H =        +1.363 eV
  226. a  12 b1                    +0.037962 H =        +1.033 eV
  225. b  27 b2                    +0.026890 H =        +0.732 eV
  224. a  28 b2                    +0.016633 H =        +0.453 eV
  223. b  27 a1                    -0.001494 H =        -0.041 eV
  222. a  28 a1                    -0.004903 H =        -0.133 eV
  221. b  11 b1       1.000        -0.027443 H =        -0.747 eV
  220. a  11 a2       1.000        -0.097552 H =        -2.655 eV
  219. a  38 e        2.000        -0.104458 H =        -2.842 eV
  218. b  10 a2       1.000        -0.105722 H =        -2.877 eV
  217. b  34 e        2.000        -0.108704 H =        -2.958 eV
  216. b  26 b2                    -0.109879 H =        -2.990 eV
  215. a  37 e        2.000        -0.118938 H =        -3.236 eV
  214. b  33 e        2.000        -0.119391 H =        -3.249 eV
  213. b  26 a1                    -0.125396 H =        -3.412 eV
  212. b  25 b2       1.000        -0.128522 H =        -3.497 eV
  211. b  25 a1       1.000        -0.128783 H =        -3.504 eV
  210. a  11 b1       1.000        -0.129182 H =        -3.515 eV
  209. b  10 b1       1.000        -0.129715 H =        -3.530 eV
  208. b  32 e        2.000        -0.131056 H =        -3.566 eV
  207. a  27 b2       1.000        -0.131599 H =        -3.581 eV
  206. a  27 a1       1.000        -0.131778 H =        -3.586 eV
  205. a  36 e        2.000        -0.134924 H =        -3.671 eV
  204. b   9 a2       1.000        -0.136365 H =        -3.711 eV
  203. a  10 a2       1.000        -0.137207 H =        -3.734 eV
  202. b  31 e        2.000        -0.159742 H =        -4.347 eV
  201. a  35 e        2.000        -0.161257 H =        -4.388 eV


    ------------------------------------------------------------------------
         total  cpu-time :   0.12 seconds
         total wall-time :   0.20 seconds
    ------------------------------------------------------------------------

   ****  eiger : all done  ****


    2020-07-23 19:33:16.263 

