
   OpenMP run-time library returned nthreads = 20

 escf (hpc3-15-29) : TURBOMOLE rev. V7-5-tag-28-gbe0a187fad compiled 7 Apr 2020 at 04:41:40
 Copyright (C) 2020 TURBOMOLE GmbH, Karlsruhe


    2020-07-29 18:17:25.038 




                                e s c f

                             TURBOMOLE GmbH


          integral direct evaluation of 

                    * excitation energies and transition moments 
                    * dynamic response properties 
                    * stabilities



          OpenMP Shared-Memory Parallelization: 20 CPUs.

            By: Erik P. Almaraz and Filipp Furche
            Copyright 2009-2011 by UCI and TURBOMOLE GmbH.

            Revised by: Christof Holzer and Yannick J. Franzke



          references (see also programs dscf and ridft) 

          implementation and benchmarks (review) 
          F. Furche and D. Rappoport,  
          "Density functional methods for excited states: 
          equilibrium structure and electronic spectra",
          ch. III of "Computational Photochemistry", ed. by 
          M. Olivucci, vol. 16 of "Theoretical and Computational 
          Chemistry", Elsevier, Amsterdam, 2005.

          Bethe-Salpeter equation
          K. Krause and W. Klopper,
          J. Comput. Chem. 38 (2017) 383.

          2c BSE, GW and hybrid TD-DFT
          C. Holzer and W. Klopper
          J. Chem. Phys. 150, 204116 (2019)

          nonorthonormal Krylov space methods 
          F. Furche, B. T. Krull, B. D. Nguyen, and J. Kwon, 
          J. Chem. Phys. 144 (2016), 174105.

          two-component GW quasi particle energies 
          M. Kuehn and F. Weigend, 
          J. Chem. Theory Comput. 11 (2015), 969.

          two-component TDDFT with spin-orbit coupling 
          M. Kuehn and F. Weigend, 
          J. Chem. Theory Comput. 9 (2013), 5341.
          M. Kuehn and F. Weigend, 
          J. Chem. Phys. 142 (2015), 034116.

          GW quasi particle energies
          M. J. van Setten, F. Weigend, and F. Evers,
          J. Chem. Theory Comput. 9 (2013), 232.

          Fast GW methods: RIGW, contour deformation
          J. Chem. Phys. 150, 204116 (2019)

          current-density dependent meta-GGA Linear Response
          J. E. Bates and F. Furche, 
          J. Chem. Phys. 137 (2012), 164105.

          spin-flip method 
          M. Kuehn and F. Weigend, 
          Chem. Phys. Chem. 12 (2011), 3331.

          RI-J method 
          R. Bauernschmitt, M. Haeser, O. Treutler, and R. Ahlrichs,
          Chem. Phys. Lett. 264 (1997), 573.

          density functional implementation               
          R. Bauernschmitt and R. Ahlrichs,
          Chem. Phys. Lett. 256 (1996), 454.
          R. Bauernschmitt and R. Ahlrichs,
          J. Chem. Phys. 104 (1996), 9047.

          UHF extension (RPA and CIS)
          C. Ochsenfeld, J. Gauss, and R. Ahlrichs, 
          J. Chem. Phys. 103 (1995), 7401.

          integral direct algorithm                 
          H. Weiss, R. Ahlrichs, and M. Haeser, 
          J. Chem. Phys. 99 (1993), 1262.

          Seminumerical and pseudospectral algorithms
          C. Holzer, in preparation (2020)

          Two-component static/dynamic polarizabilities,
          and relativistic damped-response approach,
          polarizabilities and damped response at GW-BSE level
          M. Kehry, Y. J. Franzke, C. Holzer, and W. Klopper,
          submitted (2020)
                                     



 UHF mode switched on !


              +--------------------------------------------------+
              | Atomic coordinate, charge and isotop information |
              +--------------------------------------------------+

                    atomic coordinates            atom    charge  isotop
          0.00000000    0.00000000    0.00000000    mo    42.000     0
          0.00000000    0.00000000   -6.40262201    dy    66.000     0
          0.00000000    0.00000000    6.40262201    dy    66.000     0
          2.40876733    2.40876733   -2.52827571    s     16.000     0
         -2.40876733   -2.40876733   -2.52827571    s     16.000     0
          2.40876733   -2.40876733    2.52827571    s     16.000     0
         -2.40876733    2.40876733    2.52827571    s     16.000     0
          4.63448966   -1.56768363   -7.62581035    c      6.000     0
          3.56576107   -3.56576107   -6.19250414    c      6.000     0
          1.56768363   -4.63448966   -7.62581035    c      6.000     0
          1.38812313   -3.28919210   -9.94186318    c      6.000     0
          3.28919210   -1.38812313   -9.94186318    c      6.000     0
         -1.56768363    4.63448966   -7.62581035    c      6.000     0
         -3.56576107    3.56576107   -6.19250414    c      6.000     0
         -4.63448966    1.56768363   -7.62581035    c      6.000     0
         -3.28919210    1.38812313   -9.94186318    c      6.000     0
         -1.38812313    3.28919210   -9.94186318    c      6.000     0
          1.56768363    4.63448966    7.62581035    c      6.000     0
          1.38812313    3.28919210    9.94186318    c      6.000     0
          3.28919210    1.38812313    9.94186318    c      6.000     0
          4.63448966    1.56768363    7.62581035    c      6.000     0
          3.56576107    3.56576107    6.19250414    c      6.000     0
         -4.63448966   -1.56768363    7.62581035    c      6.000     0
         -3.28919210   -1.38812313    9.94186318    c      6.000     0
         -1.38812313   -3.28919210    9.94186318    c      6.000     0
         -1.56768363   -4.63448966    7.62581035    c      6.000     0
         -3.56576107   -3.56576107    6.19250414    c      6.000     0
          0.35546772   -6.19078677   -7.02263994    h      1.000     0
          0.04767215   -3.66282602  -11.46571916    h      1.000     0
          4.12520186   -4.12520186   -4.28834211    h      1.000     0
          3.66282602   -0.04767215  -11.46571916    h      1.000     0
          6.19078677   -0.35546772   -7.02263994    h      1.000     0
         -0.04767215    3.66282602  -11.46571916    h      1.000     0
         -0.35546772    6.19078677   -7.02263994    h      1.000     0
         -4.12520186    4.12520186   -4.28834211    h      1.000     0
         -6.19078677    0.35546772   -7.02263994    h      1.000     0
         -3.66282602    0.04767215  -11.46571916    h      1.000     0
         -0.35546772   -6.19078677    7.02263994    h      1.000     0
         -4.12520186   -4.12520186    4.28834211    h      1.000     0
         -6.19078677   -0.35546772    7.02263994    h      1.000     0
         -3.66282602   -0.04767215   11.46571916    h      1.000     0
         -0.04767215   -3.66282602   11.46571916    h      1.000     0
          0.04767215    3.66282602   11.46571916    h      1.000     0
          0.35546772    6.19078677    7.02263994    h      1.000     0
          4.12520186    4.12520186    4.28834211    h      1.000     0
          3.66282602    0.04767215   11.46571916    h      1.000     0
          6.19078677    0.35546772    7.02263994    h      1.000     0
 
       center of nuclear mass  :    0.00000000   -0.00000000   -0.00000000
       center of nuclear charge:    0.00000000   -0.00000000   -0.00000000

              +--------------------------------------------------+
              |               basis set information              |
              +--------------------------------------------------+

              we will work with the 1s 3p 5d 7f 9g ... basis set
              ...i.e. with spherical basis functions...

   type   atoms  prim   cont   basis
   ---------------------------------------------------------------------------
    mo       1     50     24   def2-SV(P)   [5s3p2d|7s6p5d]
    dy       2    144     69   def2-SV(P)   [10s6p4d3f|14s12p9d7f]
    s        4     36     18   def2-SV(P)   [4s3p1d|10s7p1d]
    c       20     24     14   def2-SV(P)   [3s2p1d|7s4p1d]
    h       20      4      2   def2-SV(P)   [2s|4s]
   ---------------------------------------------------------------------------
   total:   47   1042    554
   ---------------------------------------------------------------------------

   total number of primitive shells          :   94
   total number of contracted shells         :  248
   total number of cartesian basis functions :  606
   total number of SCF-basis functions       :  554

 number of unique ecp types :                     2

 residuum convergence criterium   :  0.10E-03


 integral neglect threshold       :  0.55E-11
 integral storage threshold THIZE :  0.10E-04
 integral storage threshold THIME :         5

 
             FOUND RI-J FLAG !
 
  
 AUXILIARY BASIS SET information:

              we will work with the 1s 3p 5d 7f 9g ... basis set
              ...i.e. with spherical basis functions...

   type   atoms  prim   cont   basis
   ---------------------------------------------------------------------------
    mo       1     99     89   def2-SV(P)   [8s5p5d2f3g|11s5p5d3f3g]
    dy       2    263    200   def2-SV(P)   [14s7p6d6f5g2h2i|18s7p6d6f6g3h5i]
    s        4     77     51   universal   [8s4p3d1f1g|14s5p5d2f1g]
    c       20     70     49   universal   [6s4p3d1f1g|12s5p4d2f1g]
    h       20     16     11   universal   [3s1p1d|5s2p1d]
   ---------------------------------------------------------------------------
   total:   47   2653   1893
   ---------------------------------------------------------------------------

   total number of primitive shells          :  137
   total number of contracted shells         :  575
   total number of cartesian basis functions : 2438
   total number of SCF-basis functions       : 1893

 RPA UHF-EXCITATION-CALCULATION (spin-conserved)
 
             FOUND DFT-FLAG !
 

 symmetry group of the molecule :   c1 

 the group has the following generators :
   c1(z)

    1 symmetry operations found

 there are 1 real representations :   a   

 maximum number of shells which are related by symmetry :  1

 IRREPs of excited states :   a   

    mo occupation :
   irrep   mo's   occupied
    a      554      152
 
 number of basis functions   :   554
 number of occupied orbitals :   152
 
 ALPHA-Occupation:                   152
 BETA-Occupation :                   143
  
           ------------------
           density functional
           ------------------
 TPSS global hybrid functional
 exchange:    9/10 (LDA+TPSS) + 1/10 HF
 correlation: LDA (PW) + TPSS

 spherical integration : Lebedev's spherical grid
 spherical gridsize    :                     4
    i.e. gridpoints    :                   434
 value for diffuse not defined
 radial integration    : Chebyshev 2nd kind (scaling 3)
 radial gridsize       :                     6
 integration cells     :                    47
 partition function    : becke
 partition sharpness   :                     3
  
 
 Derivatives of quadrature weights will be included
 

 The current-density response will be included
 for meta-GGA functionals in TDDFT.

  
           ----------------------
               RI - INFORMATION
           ----------------------

 biggest AO integral is expected to be    25.290768932

 Threshold for integral neglect (rithr2):   0.55E-11
 Threshold for integral neglect (rithr1):   0.55E-11

 Contributions to RI integral batches: 
  neglected integral batches:                 11416
  direct contribution:                            0
  memory contribution:                 19460
 Core memory available (ricore)            55000 MiB
 Core memory needed for (P|Q) and Cholesky 28 MiB
 Core memory used for integrals            2162 MiB
  
 ****************************************
 Memory allocated for RIDFT 2189 MiB
 ****************************************
                                            
  MOs are in ASCII format !


 reading orbital data $uhfmo_alpha  from file alpha
 orbital characterization : scfconv=7

 reading orbital data $uhfmo_beta  from file beta
 orbital characterization : scfconv=7
 preparing DFT   numerical integration ....
          Overall gridpoints after grid construction =        480810
 Ordering of quadrature gridpoints disabled.

 Calculating ground state density on molecular grid

 Integral of ground state total density: Na =   295.0012046462662    

 Integral of ground state spin density:  Nb =   9.000007091394652    


 all orbitals will be included in the transformation

 number of non-frozen orbitals          :   554
 number of non-frozen occupied orbitals :   152
 all orbitals will be included in the transformation

 number of non-frozen orbitals          :   554
 number of non-frozen occupied orbitals :   143

 dimension of super-tensorspace: 2

          IRREP   tensor space dimension   number of roots

           a            119877                   5

 maximum number of Davidson iterations set to   35


 machine precision: 2.22D-16


 logfile unrs_a    exists already

 found      2 converged vectors on unrs_a   
 read       2 vectors from logfile unrs_a   



                       Nonorthonormal Krylov Space Iteration


 total number of roots to be determined: 5


 maximum core memory set to        70000 MB,
 corresponding to     6225 vectors in CAO basis


 maximum number of simultaneously treated vectors (including degeneracy):       10


 Iteration IRREP Converged      Max. Euclidean
                 roots          residual norm

    1       a        2        4.573989021788212D-02
 
    2       a        2        1.228168529498659D-01
 
    3       a        3        9.147016197056211D-02
 
    4       a        4        7.816315068827680D-02
 
    5       a        4        5.211824842463857D-02
 
    6       a        4        4.749127881228286D-02
 
    7       a        4        3.471012067290042D-02
 
    8       a        4        1.320542416799566D-02
 
    9       a        4        4.794237570555842D-03
 
   10       a        4        6.751598684845001D-03
 
   11       a        4        6.617955249347044D-03
 
   12       a        4        1.023135285889925D-02
 
   13       a        4        3.054539656824457D-02
 
   14       a        4        7.991889194438386D-03
 
   15       a        4        2.989742208021231D-03
 
   16       a        4        3.005384368425744D-03
 
   17       a        4        2.532064958620590D-03
 
   18       a        4        3.614076053259036D-03
 
   19       a        4        6.389074949042423D-03
 
   20       a        4        9.508535752989516D-03
 
   21       a        4        1.093112048784224D-02
 
   22       a        4        1.108183239438608D-02
 
   23       a        4        1.118437709007195D-02
 
   24       a        4        1.104294287935593D-02
 
   25       a        4        1.426222405848330D-02
 
   26       a        4        2.412292836606295D-02
 
   27       a        4        3.002988844782110D-02
 
   28       a        4        4.905706707556445D-02
 
   29       a        4        5.905924497557859D-02
 
   30       a        5        5.175996619408463D-05
 

 converged!

 Eigenpairs written on logfile unrs_a   



 IRREP   Vector     Eigenvalue           Euclidean residual norm

  a         1    6.122449015599551D-03    9.183324404379973D-06
            2    7.119106846808236D-03    5.159784099639981D-05
            3    8.667725694322632D-03    5.175996619408463D-05
            4    9.159271598432802D-03    9.272028827379281D-06
            5    1.404098446278499D-02    5.112788751401633D-05
 




                    Selection rules for point group c1  


 Subduction with respect to c1  :

    Polar vector representation: a                           

    Axial vector representation: a                           

    Symmetric second rank tensor representation: a                           




                            Ground state


 Total energy:                           -4205.187445044000    

 Charge:

               elec          nuc         total

          -295.000000   294.000000    -1.000000


 Electric dipole moment:

               elec          nuc         total   

    x       -0.000000    -0.000000    -0.000000    Norm:              0.000000
    y       -0.000000     0.000000    -0.000000
    z       -0.000000    -0.000000    -0.000000    Norm / debye:      0.000000


 Electric quadrupole moment:

               elec          nuc         total   

   xx    -2038.321683  1832.405240  -205.916443
   yy    -2038.321683  1832.405240  -205.916443    1/3*trace:      -212.845974
   zz   -13727.141335 13500.436300  -226.705035
   xy       -0.000000    -0.000000    -0.000000
   xz       -0.000000    -0.000000    -0.000000    Anisotropy:       20.788591
   yz        0.000000     0.000000     0.000000



 ==============================================================================

                              I R R E P   a   

 ==============================================================================


 Excitation is electric dipole allowed

 Excitation is magnetic dipole allowed

 Excitation is electric quadrupole allowed




                             1 a excitation


 Total energy:                           -4205.181322594985    

 Excitation energy:                      0.6122449015599551E-02

 Excitation energy / eV:                 0.1666003856941059    

 Excitation energy / nm:                  7442.014224031579    

 Excitation energy / cm^(-1):             1343.722236678290    


 Oscillator strength:

    velocity representation:             0.3065538892395036E-03

    length representation:               0.2811481291450950E-04

    mixed representation:                0.8741649136093891E-04


 Rotatory strength:

    velocity representation:             0.2538871032337609E-03

    velocity rep. / 10^(-40)erg*cm^3:     16.40232969233177    

    length representation:               0.7503805895620394E-04

    length rep. / 10^(-40)erg*cm^3:       4.847820022346919    


 Dominant contributions:

      occ. orbital   energy / eV   virt. orbital     energy / eV   |coeff.|^2*100
      138 a   beta            -3.19    155 a   beta             1.25       24.4
      138 a   beta            -3.19    154 a   beta             1.24       21.3
      141 a   beta            -2.84    155 a   beta             1.25       12.1
      141 a   beta            -2.84    154 a   beta             1.24       11.6
      137 a   beta            -3.19    154 a   beta             1.24        4.0
      137 a   beta            -3.19    155 a   beta             1.25        2.5
      138 a   beta            -3.19    148 a   beta             0.69        1.8
      140 a   beta            -2.84    155 a   beta             1.25        1.8
      139 a   beta            -3.11    158 a   beta             2.17        1.8
      136 a   beta            -3.25    158 a   beta             2.17        1.6
      140 a   beta            -2.84    154 a   beta             1.24        1.5
      141 a   beta            -2.84    148 a   beta             0.69        1.0
      139 a   beta            -3.11    146 a   beta             0.62        1.0
      138 a   beta            -3.19    149 a   beta             0.83        0.9
      137 a   beta            -3.19    157 a   beta             1.96        0.9
      138 a   beta            -3.19    160 a   beta             2.40        0.9
      137 a   beta            -3.19    156 a   beta             1.94        0.8
      134 a   beta            -3.41    155 a   beta             1.25        0.7
 

 Change of electron number:

             0.000000


 Electric transition dipole moment (velocity rep.):

    x        0.112697        Norm:                  0.274054
    y        0.248184
    z        0.028457        Norm / debye:          0.696582


 Electric transition dipole moment (length rep.):

    x        0.033390        Norm:                  0.082995
    y        0.073390
    z       -0.019678        Norm / debye:          0.210953


 Magnetic transition dipole moment / i:

    x       -0.000588        Norm:                  0.001418
    y        0.001290
    z        0.000000        Norm / Bohr mag.:      0.388549


 Electric quadrupole transition moment:

   xx        0.031601
   yy        0.031858        1/3*trace:             0.027047
   zz        0.017682
   xy        0.076537
   xz        0.381863        Anisotropy:            0.738569
   yz        0.173450




                             2 a excitation


 Total energy:                           -4205.180325937154    

 Excitation energy:                      0.7119106846808236E-02

 Excitation energy / eV:                 0.1937208367850584    

 Excitation energy / nm:                  6400.150136871140    

 Excitation energy / cm^(-1):             1562.463346117079    


 Oscillator strength:

    velocity representation:             0.3572662570341954E-03

    length representation:               0.4243802580598599E-05

    mixed representation:                0.3893773396598644E-04


 Rotatory strength:

    velocity representation:             0.6999897410591322E-03

    velocity rep. / 10^(-40)erg*cm^3:     45.22270870738371    

    length representation:              -0.7602012491311805E-04

    length rep. / 10^(-40)erg*cm^3:      -4.911266213192183    


 Dominant contributions:

      occ. orbital   energy / eV   virt. orbital     energy / eV   |coeff.|^2*100
      138 a   beta            -3.19    157 a   beta             1.96       13.0
      138 a   beta            -3.19    156 a   beta             1.94       12.3
      139 a   beta            -3.11    147 a   beta             0.62       10.8
      139 a   beta            -3.11    159 a   beta             2.17        9.2
      136 a   beta            -3.25    159 a   beta             2.17        8.0
      136 a   beta            -3.25    147 a   beta             0.62        8.0
      141 a   beta            -2.84    156 a   beta             1.94        7.2
      141 a   beta            -2.84    157 a   beta             1.96        6.9
      143 a   beta            -1.42    159 a   beta             2.17        3.0
      136 a   beta            -3.25    146 a   beta             0.62        2.6
      137 a   beta            -3.19    156 a   beta             1.94        2.4
      143 a   beta            -1.42    147 a   beta             0.62        2.2
      136 a   beta            -3.25    158 a   beta             2.17        1.4
      137 a   beta            -3.19    157 a   beta             1.96        1.3
      140 a   beta            -2.84    157 a   beta             1.96        1.1
      139 a   beta            -3.11    158 a   beta             2.17        1.0
 

 Change of electron number:

             0.000000


 Electric transition dipole moment (velocity rep.):

    x        0.250052        Norm:                  0.274365
    y       -0.112916
    z        0.000060        Norm / debye:          0.697372


 Electric transition dipole moment (length rep.):

    x       -0.027214        Norm:                  0.029903
    y        0.012391
    z        0.000051        Norm / debye:          0.076006


 Magnetic transition dipole moment / i:

    x        0.003519        Norm:                  0.003863
    y        0.001593
    z        0.000000        Norm / Bohr mag.:      1.058715


 Electric quadrupole transition moment:

   xx        0.000008
   yy        0.000004        1/3*trace:             0.000034
   zz        0.000091
   xy       -0.000104
   xz       -0.004122        Anisotropy:            0.017326
   yz        0.009114




                             3 a excitation


 Total energy:                           -4205.178777318306    

 Excitation energy:                      0.8667725694322632E-02

 Excitation energy / eV:                 0.2358609177611015    

 Excitation energy / nm:                  5256.667581190766    

 Excitation energy / cm^(-1):             1902.345895770361    


 Oscillator strength:

    velocity representation:             0.3591466944377331E-03

    length representation:               0.5605956243521879E-06

    mixed representation:                0.1265250387796266E-04


 Rotatory strength:

    velocity representation:            -0.7959307977242707E-03

    velocity rep. / 10^(-40)erg*cm^3:    -51.42096305905661    

    length representation:              -0.3306680768814875E-04

    length rep. / 10^(-40)erg*cm^3:      -2.136275039833626    


 Dominant contributions:

      occ. orbital   energy / eV   virt. orbital     energy / eV   |coeff.|^2*100
      139 a   beta            -3.11    146 a   beta             0.62       13.8
      137 a   beta            -3.19    157 a   beta             1.96       11.4
      137 a   beta            -3.19    156 a   beta             1.94       10.8
      136 a   beta            -3.25    146 a   beta             0.62        9.6
      140 a   beta            -2.84    156 a   beta             1.94        6.1
      140 a   beta            -2.84    157 a   beta             1.96        5.9
      139 a   beta            -3.11    158 a   beta             2.17        5.7
      136 a   beta            -3.25    158 a   beta             2.17        5.0
      136 a   beta            -3.25    147 a   beta             0.62        3.2
      138 a   beta            -3.19    155 a   beta             1.25        2.7
      143 a   beta            -1.42    146 a   beta             0.62        2.5
      138 a   beta            -3.19    154 a   beta             1.24        2.4
      138 a   beta            -3.19    156 a   beta             1.94        2.1
      143 a   beta            -1.42    158 a   beta             2.17        1.9
      141 a   beta            -2.84    155 a   beta             1.25        1.3
      141 a   beta            -2.84    154 a   beta             1.24        1.3
      138 a   beta            -3.19    157 a   beta             1.96        1.2
      141 a   beta            -2.84    157 a   beta             1.96        0.9
      136 a   beta            -3.25    159 a   beta             2.17        0.9
      143 a   beta            -1.42    147 a   beta             0.62        0.8
      141 a   beta            -2.84    156 a   beta             1.94        0.8
 

 Change of electron number:

             0.000000


 Electric transition dipole moment (velocity rep.):

    x       -0.096615        Norm:                  0.249304
    y       -0.215146
    z        0.080809        Norm / debye:          0.633672


 Electric transition dipole moment (length rep.):

    x       -0.003960        Norm:                  0.009850
    y       -0.008914
    z       -0.001371        Norm / debye:          0.025035


 Magnetic transition dipole moment / i:

    x       -0.002104        Norm:                  0.005099
    y        0.004644
    z       -0.000000        Norm / Bohr mag.:      1.397393


 Electric quadrupole transition moment:

   xx        0.018894
   yy        0.019115        1/3*trace:             0.046570
   zz        0.101702
   xy       -0.149588
   xz        0.155895        Anisotropy:            0.402436
   yz        0.070889




                             4 a excitation


 Total energy:                           -4205.178285772402    

 Excitation energy:                      0.9159271598432802E-02

 Excitation energy / eV:                 0.2492365680935841    

 Excitation energy / nm:                  4974.560713735808    

 Excitation energy / cm^(-1):             2010.227751547038    


 Oscillator strength:

    velocity representation:             0.1363995047711098E-10

    length representation:               0.2088122872461952E-11

    mixed representation:                0.5329254590027586E-11


 Rotatory strength:

    velocity representation:            -0.3290937438327065E-12

    velocity rep. / 10^(-40)erg*cm^3:   -0.2126104090075747E-07

    length representation:              -0.4969446240696988E-13

    length rep. / 10^(-40)erg*cm^3:     -0.3210501620209582E-08


 Dominant contributions:

      occ. orbital   energy / eV   virt. orbital     energy / eV   |coeff.|^2*100
      138 a   beta            -3.19    159 a   beta             2.17       18.1
      137 a   beta            -3.19    158 a   beta             2.17       18.1
      139 a   beta            -3.11    156 a   beta             1.94       11.2
      141 a   beta            -2.84    159 a   beta             2.17       11.1
      140 a   beta            -2.84    158 a   beta             2.17       11.1
      136 a   beta            -3.25    157 a   beta             1.96       10.0
      143 a   beta            -1.42    157 a   beta             1.96        3.5
      143 a   beta            -1.42    145 a   beta             0.06        2.4
      137 a   beta            -3.19    146 a   beta             0.62        1.8
      138 a   beta            -3.19    147 a   beta             0.62        1.8
      140 a   beta            -2.84    146 a   beta             0.62        1.1
 

 Change of electron number:

            -0.000000


 Electric transition dipole moment (velocity rep.):

    x        0.000002        Norm:                  0.000047
    y        0.000004
    z       -0.000047        Norm / debye:          0.000120


 Electric transition dipole moment (length rep.):

    x        0.000000        Norm:                  0.000018
    y        0.000001
    z       -0.000018        Norm / debye:          0.000047


 Magnetic transition dipole moment / i:

    x        0.000000        Norm:                  0.000000
    y       -0.000000
    z       -0.000000        Norm / Bohr mag.:      0.000033


 Electric quadrupole transition moment:

   xx       -0.026053
   yy        0.026129        1/3*trace:             0.000021
   zz       -0.000012
   xy        0.000055
   xz        0.000000        Anisotropy:            0.045191
   yz        0.000000




                             5 a excitation


 Total energy:                           -4205.173404059537    

 Excitation energy:                      0.1404098446278499E-01

 Excitation energy / eV:                 0.3820747908336569    

 Excitation energy / nm:                  3245.025502361580    

 Excitation energy / cm^(-1):             3081.639879634173    


 Oscillator strength:

    velocity representation:             0.7438762653138730E-03

    length representation:               0.3497675245376849E-05

    mixed representation:                0.5080766419070025E-04


 Rotatory strength:

    velocity representation:             0.8172301000411235E-03

    velocity rep. / 10^(-40)erg*cm^3:     52.79700057481810    

    length representation:              -0.5567146349290052E-04

    length rep. / 10^(-40)erg*cm^3:      -3.596644678026087    


 Dominant contributions:

      occ. orbital   energy / eV   virt. orbital     energy / eV   |coeff.|^2*100
      139 a   beta            -3.11    151 a   beta             1.04       36.5
      136 a   beta            -3.25    151 a   beta             1.04       33.4
      143 a   beta            -1.42    151 a   beta             1.04        9.5
      139 a   beta            -3.11    150 a   beta             1.04        5.0
      136 a   beta            -3.25    150 a   beta             1.04        4.9
      143 a   beta            -1.42    150 a   beta             1.04        1.4
 

 Change of electron number:

            -0.000000


 Electric transition dipole moment (velocity rep.):

    x        0.116477        Norm:                  0.281901
    y        0.256628
    z       -0.006626        Norm / debye:          0.716527


 Electric transition dipole moment (length rep.):

    x       -0.007947        Norm:                  0.019330
    y       -0.017488
    z        0.002165        Norm / debye:          0.049133


 Magnetic transition dipole moment / i:

    x       -0.001821        Norm:                  0.004405
    y        0.004011
    z       -0.000000        Norm / Bohr mag.:      1.207326


 Electric quadrupole transition moment:

   xx       -0.002912
   yy       -0.002941        1/3*trace:            -0.003542
   zz       -0.004774
   xy       -0.000626
   xz       -0.068328        Anisotropy:            0.130000
   yz       -0.031033

 SUMMARY OF EXCITATION ENERGIES AND DIPOLE OSCILLATOR STRENGTHS (velocity/length):

 -----------------------------------------------------------------------------------------------
 |    Exc.   | energy (Eh) | energy (eV) | energy (cm-1) | energy (nm) | Osc.(vel) | Osc.(len) |
 -----------------------------------------------------------------------------------------------
 |     1 a   |    0.006122 |     0.16660 |      1343.722 |    7442.014 |   0.00031 |   0.00003 |
 |     2 a   |    0.007119 |     0.19372 |      1562.463 |    6400.150 |   0.00036 |   0.00000 |
 |     3 a   |    0.008668 |     0.23586 |      1902.346 |    5256.668 |   0.00036 |   0.00000 |
 |     4 a   |    0.009159 |     0.24924 |      2010.228 |    4974.561 |   0.00000 |   0.00000 |
 |     5 a   |    0.014041 |     0.38207 |      3081.640 |    3245.026 |   0.00074 |   0.00000 |
 -----------------------------------------------------------------------------------------------




    ------------------------------------------------------------------------
         total  cpu-time :  2 hours 22 minutes and 51 seconds
         total wall-time :  9 minutes and 20 seconds
    ------------------------------------------------------------------------

   ****  escf : all done  ****


    2020-07-29 18:26:44.858 

