
 ridft (login-i15) : TURBOMOLE rev. V7.5.0 compiled 13 Jun 2020 at 23:29:25
 Copyright (C) 2020 TURBOMOLE GmbH, Karlsruhe


    2020-07-24 00:35:45.090 



                                  r i d f t

                        DFT program with RI approximation 
                                for coulomb part 




                                                 
                                 References:     
                                                 
          TURBOMOLE:                             
              R. Ahlrichs, M. Baer, M. Haeser, H. Horn, and
              C. Koelmel
              Electronic structure calculations on workstation
              computers: the program system TURBOMOLE
              Chem. Phys. Lett. 162: 165 (1989)
          Density Functional:                              
              O. Treutler and R. Ahlrichs                      
              Efficient Molecular Numerical Integration Schemes
              J. Chem. Phys. 102: 346 (1995)                   
          Parallel Version:                                
              Performance of parallel TURBOMOLE for Density    
              Functional Calculations                          
              M. v. Arnim and R. Ahlrichs                      
              J. Comp. Chem. 19: 1746 (1998)                   
          RI-J Method:                                     
              Auxiliary Basis Sets to approximate Coulomb      
              Potentials                                       
              Chem. Phys. Lett. 240: 283 (1995)                
              K. Eichkorn, O. Treutler, H. Oehm, M. Haeser     
              and R. Ahlrichs                                  
              Chem. Phys. Lett. 242: 652 (1995)                
                                                           
              Auxiliary Basis Sets for Main Row Atoms and their
              Use to approximate Coulomb Potentials            
              K. Eichkorn, F. Weigend, O. Treutler and         
              R. Ahlrichs                                      
              Theo. Chem. Acc. 97: 119 (1997)                   
                                                           
              Accurate Coulomb-fitting basis sets for H to Rn 
              F. Weigend                                        
              Phys. Chem. Chem. Phys. 8: 1057 (2006)            
                                                           
          Multipole accelerated RI-J (MARI-J):             
              Fast evaluation of the Coulomb potential for     
              electron densities using multipole accelerated   
              resolution of identity approximation             
              M. Sierka, A. Hogekamp and R. Ahlrichs           
              J. Chem. Phys. 118: 9136 (2003)                  
          RI-JK Method:                                     
              A fully direct RI-HF algorithm: Implementation,
              optimised auxiliary basis sets, demonstration of
              accuracy and efficiency                         
              F. Weigend                                      
              Phys. Chem. Chem. Phys. 4: 4285 (2002)           
          Two-component HF and DFT with spin-orbit coupling:  
              Self-consistent treatment of spin-orbit         
              interactions with efficient Hartree-Fock and    
              density functional methods                      
              M. K. Armbruster, F. Weigend, C. van Wüllen and 
              W. Klopper                                      
              Phys. Chem. Chem. Phys. 10: 1748 (2008)         
          Two-component difference density and DIIS algorithm 
              Efficient two-component self-consistent field   
              procedures and gradients: implementation in     
              TURBOMOLE and application to Au20-              
              A. Baldes, F. Weigend                           
              Mol. Phys. 111: 2617 (2013)                     
          Relativistic all-electron 2c calculations           
              An efficient implementation of two-component    
              relativistic exact-decoupling methods for large 
              molecules                                       
              D. Peng, N. Middendorf, F. Weigend, M. Reiher   
              J. Chem. Phys. 138: 184105 (2013)               
          Finite nucleus model and SNSO approximation         
              Efficient implementation of one- and two-       
              component analytical energy gradients in exact  
              two-component theory                            
              Y. J. Franzke, N. Middendorf, F. Weigend        
              J. Chem. Phys. 148: 104110 (2018)               
          Grids for all-electron relativistic methods         
              Error-consistent segmented contracted all-      
              electron relativistic basis sets of double-     
              and triple-zeta quality for NMR shielding       
              constants                                       
              Y. J. Franzke, R. Tress, T. M. Pazdera,         
              F. Weigend                                      
              Phys. Chem. Chem. Phys. 21: 166658 (2019)       
          Seminumerical exchange algorithms                   
              Seminumerical calculation of the Hartree-Fock   
              exchange matirx: Application to two-component   
              procedures and efficient evaluation of local    
              hybrid functionsl                               
              P. Plessow, F. Weigend,                         
              J. Comput. Chem. 33: 810 (2012)                 
          Improved seminumerical algorithms                   
              C. Holzer, in preparation (2020)                
                                         




              +--------------------------------------------------+
              |      general information about current run       |
              +--------------------------------------------------+

 
no calculation of wave function, analysis of properties only

 DENSITY CONVERGENCE CHECK SWITCHED ON !
 SCF CONVERGENCE IF RMS(delta[D]) <     0.1000000000E-06

 TPSS global hybrid functional
 exchange:    9/10 (LDA+TPSS) + 1/10 HF
 correlation: LDA (PW) + TPSS
 A Hybrid-DFT calculation using the RI-J approximation will be carried out.
 Allocatable memory for RI due to $ricore (MB):                 55000


              +--------------------------------------------------+
              | Atomic coordinate, charge and isotop information |
              +--------------------------------------------------+

                    atomic coordinates            atom    charge  isotop
          0.00000000    0.00000000    0.00000000    mo    42.000     0
          0.00000000    0.00000000   -6.33272734    dy    66.000     0
          0.00000000    0.00000000    6.33272734    dy    66.000     0
          2.40728619    2.40728619   -2.48347319    s     16.000     0
         -2.40728619   -2.40728619   -2.48347319    s     16.000     0
          2.40728619   -2.40728619    2.48347319    s     16.000     0
         -2.40728619    2.40728619    2.48347319    s     16.000     0
          4.62717990   -1.57299922   -7.55058280    c      6.000     0
          3.55992724   -3.55992724   -6.12213223    c      6.000     0
          1.57299922   -4.62717990   -7.55058280    c      6.000     0
          1.40073770   -3.29392399   -9.86221878    c      6.000     0
          3.29392399   -1.40073770   -9.86221878    c      6.000     0
         -1.57299922    4.62717990   -7.55058280    c      6.000     0
         -3.55992724    3.55992724   -6.12213223    c      6.000     0
         -4.62717990    1.57299922   -7.55058280    c      6.000     0
         -3.29392399    1.40073770   -9.86221878    c      6.000     0
         -1.40073770    3.29392399   -9.86221878    c      6.000     0
          1.57299922    4.62717990    7.55058280    c      6.000     0
          1.40073770    3.29392399    9.86221878    c      6.000     0
          3.29392399    1.40073770    9.86221878    c      6.000     0
          4.62717990    1.57299922    7.55058280    c      6.000     0
          3.55992724    3.55992724    6.12213223    c      6.000     0
         -4.62717990   -1.57299922    7.55058280    c      6.000     0
         -3.29392399   -1.40073770    9.86221878    c      6.000     0
         -1.40073770   -3.29392399    9.86221878    c      6.000     0
         -1.57299922   -4.62717990    7.55058280    c      6.000     0
         -3.55992724   -3.55992724    6.12213223    c      6.000     0
          0.36286820   -6.15671987   -6.94644628    h      1.000     0
          0.07002998   -3.66033769  -11.36808021    h      1.000     0
          4.09500024   -4.09500024   -4.22631783    h      1.000     0
          3.66033769   -0.07002998  -11.36808021    h      1.000     0
          6.15671987   -0.36286820   -6.94644628    h      1.000     0
         -0.07002998    3.66033769  -11.36808021    h      1.000     0
         -0.36286820    6.15671987   -6.94644628    h      1.000     0
         -4.09500024    4.09500024   -4.22631783    h      1.000     0
         -6.15671987    0.36286820   -6.94644628    h      1.000     0
         -3.66033769    0.07002998  -11.36808021    h      1.000     0
         -0.36286820   -6.15671987    6.94644628    h      1.000     0
         -4.09500024   -4.09500024    4.22631783    h      1.000     0
         -6.15671987   -0.36286820    6.94644628    h      1.000     0
         -3.66033769   -0.07002998   11.36808021    h      1.000     0
         -0.07002998   -3.66033769   11.36808021    h      1.000     0
          0.07002998    3.66033769   11.36808021    h      1.000     0
          0.36286820    6.15671987    6.94644628    h      1.000     0
          4.09500024    4.09500024    4.22631783    h      1.000     0
          3.66033769    0.07002998   11.36808021    h      1.000     0
          6.15671987    0.36286820    6.94644628    h      1.000     0
 
       center of nuclear mass  :    0.00000000    0.00000000   -0.00000000
       center of nuclear charge:   -0.00000000   -0.00000000   -0.00000000

              +--------------------------------------------------+
              |               basis set information              |
              +--------------------------------------------------+

              we will work with the 1s 3p 5d 7f 9g ... basis set
              ...i.e. with spherical basis functions...

   type   atoms  prim   cont   basis
   ---------------------------------------------------------------------------
    mo       1     60     40   def2-TZVP   [6s4p3d1f|7s7p5d1f]
    dy       2    171     93   def2-TZVP   [10s7p5d4f1g|14s14p10d8f1g]
    s        4     63     37   def2-TZVP   [5s5p2d1f|14s9p3d1f]
    c       20     46     31   def2-TZVP   [5s3p2d1f|11s6p2d1f]
    h       20      8      6   def2-TZVP   [3s1p|5s1p]
   ---------------------------------------------------------------------------
   total:   47   1734   1114
   ---------------------------------------------------------------------------

   total number of primitive shells          :  120
   total number of contracted shells         :  420
   total number of cartesian basis functions : 1286
   total number of SCF-basis functions       : 1114

 number of unique ecp types :                     2

 integral neglect threshold       :  0.26E-11
 integral storage threshold THIZE :  0.10E-04
 integral storage threshold THIME :         5

 RI-J AUXILIARY BASIS SET information:

              we will work with the 1s 3p 5d 7f 9g ... basis set
              ...i.e. with spherical basis functions...

   type   atoms  prim   cont   basis
   ---------------------------------------------------------------------------
    mo       1     99     89   def2-TZVP   [8s5p5d2f3g|11s5p5d3f3g]
    dy       2    263    200   def2-TZVP   [14s7p6d6f5g2h2i|18s7p6d6f6g3h5i]
    s        4     77     51   def2-TZVP   [8s4p3d1f1g|14s5p5d2f1g]
    c       20     70     49   def2-TZVP   [6s4p3d1f1g|12s5p4d2f1g]
    h       20     16     11   def2-TZVP   [3s1p1d|5s2p1d]
   ---------------------------------------------------------------------------
   total:   47   2653   1893
   ---------------------------------------------------------------------------

   total number of primitive shells          :  137
   total number of contracted shells         :  575
   total number of cartesian basis functions : 2438
   total number of SCF-basis functions       : 1893


 symmetry group of the molecule :   d2d

 the group has the following generators :
   s4(z)
   c2(x)

    8 symmetry operations found

 there are 5 real representations :   a1   a2   b1   b2   e   

 maximum number of shells which are related by symmetry :  8

  
           ------------------
           density functional
           ------------------
 TPSS global hybrid functional
 exchange:    9/10 (LDA+TPSS) + 1/10 HF
 correlation: LDA (PW) + TPSS

 spherical integration : Lebedev's spherical grid
 spherical gridsize    :                     4
    i.e. gridpoints    :                   434
 value for diffuse not defined
 radial integration    : Chebyshev 2nd kind (scaling 3)
 radial gridsize       :                     6
 integration cells     :                     9
 partition function    : becke
 partition sharpness   :                     3
  
 
 Derivatives of quadrature weights will be included
 

 biggest AO integral is expected to be    25.238462089

          ------------------------
          nuclear repulsion energy  :   5137.65220525    
          ------------------------

  _________________________________
 |                                 |
 |         DFTD3 V3.1 Rev 0        |
 | S.Grimme, University Bonn       |
 |            June  2014           |
 |   see standalone version        |
 |       dftd3 -h for options      |
 |_________________________________|
 
 Please cite DFT-D3 work done with this code as:
 S. Grimme, J. Antony, S. Ehrlich and H. Krieg,
 J. Chem. Phys, 132 (2010), 154104.
 If used with BJ-damping cite also
 S. Grimme, S. Ehrlich and L. Goerigk,
 J. Comput. Chem. 32 (2011), 1456-1465
 For DFT-D2 the reference is
 S. Grimme, J. Comput. Chem., 27 (2006), 1787-1799
 
C6 coefficients used:
                     2  C6 for element                      1
Z=  1 CN= 0.912     C6(AA)=    3.03
Z=  1 CN= 0.000     C6(AA)=    7.59
                     5  C6 for element                      6
Z=  6 CN= 0.000     C6(AA)=   49.11
Z=  6 CN= 0.987     C6(AA)=   43.25
Z=  6 CN= 1.998     C6(AA)=   29.36
Z=  6 CN= 2.999     C6(AA)=   25.78
Z=  6 CN= 3.984     C6(AA)=   18.21
                     3  C6 for element                     16
Z= 16 CN= 0.000     C6(AA)=  134.01
Z= 16 CN= 0.995     C6(AA)=  131.00
Z= 16 CN= 1.990     C6(AA)=  125.81
                     3  C6 for element                     42
Z= 42 CN= 0.000     C6(AA)=  845.90
Z= 42 CN= 1.942     C6(AA)=  502.01
Z= 42 CN=11.056     C6(AA)=  337.11
                     2  C6 for element                     66
Z= 66 CN= 0.000     C6(AA)= 2617.33
Z= 66 CN= 2.897     C6(AA)=  544.44

#           XYZ [au]              R0(AA) [Ang.]  CN          C6(AA)     C8(AA)   C10(AA) [au]
  1   0.00000   0.00000   0.00000   mo  1.286  5.627       502.0     57804.9   8153712.7
  2   0.00000   0.00000  -6.33273   dy  1.749 11.759       544.4    115916.4  30232866.7
  3   0.00000   0.00000   6.33273   dy  1.749 11.759       544.4    115916.4  30232866.7
  4   2.40729   2.40729  -2.48347   s   0.839  2.049       125.9      6166.6    370082.4
  5  -2.40729  -2.40729  -2.48347   s   0.839  2.049       125.9      6166.6    370082.4
  6   2.40729  -2.40729   2.48347   s   0.839  2.049       125.9      6166.6    370082.4
  7  -2.40729   2.40729   2.48347   s   0.839  2.049       125.9      6166.6    370082.4
  8   4.62718  -1.57300  -7.55058   c   0.644  4.122        18.3       527.9     18703.0
  9   3.55993  -3.55993  -6.12213   c   0.644  4.122        18.3       527.9     18703.1
 10   1.57300  -4.62718  -7.55058   c   0.644  4.122        18.3       527.9     18703.0
 11   1.40074  -3.29392  -9.86222   c   0.644  4.120        18.3       527.9     18703.7
 12   3.29392  -1.40074  -9.86222   c   0.644  4.120        18.3       527.9     18703.7
 13  -1.57300   4.62718  -7.55058   c   0.644  4.122        18.3       527.9     18703.0
 14  -3.55993   3.55993  -6.12213   c   0.644  4.122        18.3       527.9     18703.1
 15  -4.62718   1.57300  -7.55058   c   0.644  4.122        18.3       527.9     18703.0
 16  -3.29392   1.40074  -9.86222   c   0.644  4.120        18.3       527.9     18703.7
 17  -1.40074   3.29392  -9.86222   c   0.644  4.120        18.3       527.9     18703.7
 18   1.57300   4.62718   7.55058   c   0.644  4.122        18.3       527.9     18703.0
 19   1.40074   3.29392   9.86222   c   0.644  4.120        18.3       527.9     18703.7
 20   3.29392   1.40074   9.86222   c   0.644  4.120        18.3       527.9     18703.7
 21   4.62718   1.57300   7.55058   c   0.644  4.122        18.3       527.9     18703.0
 22   3.55993   3.55993   6.12213   c   0.644  4.122        18.3       527.9     18703.1
 23  -4.62718  -1.57300   7.55058   c   0.644  4.122        18.3       527.9     18703.0
 24  -3.29392  -1.40074   9.86222   c   0.644  4.120        18.3       527.9     18703.7
 25  -1.40074  -3.29392   9.86222   c   0.644  4.120        18.3       527.9     18703.7
 26  -1.57300  -4.62718   7.55058   c   0.644  4.122        18.3       527.9     18703.0
 27  -3.55993  -3.55993   6.12213   c   0.644  4.122        18.3       527.9     18703.1
 28   0.36287  -6.15672  -6.94645   h   0.417  1.017         3.1        37.3       551.9
 29   0.07003  -3.66034 -11.36808   h   0.417  1.015         3.1        37.3       552.0
 30   4.09500  -4.09500  -4.22632   h   0.417  1.019         3.1        37.3       551.8
 31   3.66034  -0.07003 -11.36808   h   0.417  1.015         3.1        37.3       552.0
 32   6.15672  -0.36287  -6.94645   h   0.417  1.017         3.1        37.3       551.9
 33  -0.07003   3.66034 -11.36808   h   0.417  1.015         3.1        37.3       552.0
 34  -0.36287   6.15672  -6.94645   h   0.417  1.017         3.1        37.3       551.9
 35  -4.09500   4.09500  -4.22632   h   0.417  1.019         3.1        37.3       551.8
 36  -6.15672   0.36287  -6.94645   h   0.417  1.017         3.1        37.3       551.9
 37  -3.66034   0.07003 -11.36808   h   0.417  1.015         3.1        37.3       552.0
 38  -0.36287  -6.15672   6.94645   h   0.417  1.017         3.1        37.3       551.9
 39  -4.09500  -4.09500   4.22632   h   0.417  1.019         3.1        37.3       551.8
 40  -6.15672  -0.36287   6.94645   h   0.417  1.017         3.1        37.3       551.9
 41  -3.66034  -0.07003  11.36808   h   0.417  1.015         3.1        37.3       552.0
 42  -0.07003  -3.66034  11.36808   h   0.417  1.015         3.1        37.3       552.0
 43   0.07003   3.66034  11.36808   h   0.417  1.015         3.1        37.3       552.0
 44   0.36287   6.15672   6.94645   h   0.417  1.017         3.1        37.3       551.9
 45   4.09500   4.09500   4.22632   h   0.417  1.019         3.1        37.3       551.8
 46   3.66034   0.07003  11.36808   h   0.417  1.015         3.1        37.3       552.0
 47   6.15672   0.36287   6.94645   h   0.417  1.017         3.1        37.3       551.9

molecular C6(AA) [au] =     53819.03

           DFT-D V3(BJ)
 DF tpssh                                             
 parameters
 s6       :    1.0000
 s8       :    2.2382
 a1       :    0.4529
 a2       :    4.6550
 k1-k3    :   16.0000    1.3333   -4.0000
 
 Edisp /kcal,au:   -69.8572 -0.11132452

 E6    /kcal :   -27.3046
 E8    /kcal :   -42.5526
 % E8        : 60.91
 nuclear repulsion energy                  =    5137.652205246
 empirical dispersive energy correction    =      -0.111324523
 nuclear repulsion + dispersion correction =    5137.540880723


         -----------------
         -S,T+V- integrals
         -----------------

 1e-integrals will be neglected if expon. factor < 0.259873E-12


          ----------------
          -ecp-  integrals
          ----------------
 
   Difference densities algorithm switched on.
   The maximal number of linear combinations of
   difference densities is                    20 .

 DIIS switched on: error vector is FDS-SDF
 Max. Iterations for DIIS is     :   4
 DIIS matrix (see manual) 
    Scaling factor of diagonals  :  1.200
    threshold for scaling factor :  0.000

 scf convergence criterion : increment of total energy < .1000000D-06
                  and increment of one-electron energy < .1000000D-03

 MOs are in ASCII format !


    mo occupation :
   irrep   mo's   occupied
    a1     173       28
    a2     109       11
    b1     111       11
    b2     171       27
    e      275       38
 
 number of basis functions   :  1114
 number of occupied orbitals :   153
 

 reading orbital data $uhfmo_alpha  from file alpha
 orbital characterization : scfconv=7

 reading orbital data $uhfmo_beta  from file beta
 orbital characterization : scfconv=7
 mo-orthogonalization by Cholesky decomposition
 mo-orthogonalization by Cholesky decomposition

 UHF mode switched on !

 closed shell shift switched on 
 all occupied orbitals are shifted by    0.50000

  
           ------------------------
               RI-J - INFORMATION
           ------------------------
 Contributions to RI integral batches: 
  neglected integral batches:                 80575
  direct contribution:                            0
  memory contribution:                  7835
 Memory core needed for (P|Q) and Cholesky      1 MByte
 Memory core minimum needed except of (P|Q)     3 MByte
 Total minimum memory core needed (sum)         3 MByte
  
 ****************************************
 Memory allocated for RI-J  1528 MByte
 ****************************************
                                            
 
 
 
 ==============================================================================
                           electrostatic moments
 ==============================================================================

 reference point for electrostatic moments:    0.00000   0.00000   0.00000

 
              nuc           elec       ->  total
 ------------------------------------------------------------------------------
                          charge      
 ------------------------------------------------------------------------------
         294.000000    -295.000000      -1.000000
 a-b                                    11.000000
 
 ------------------------------------------------------------------------------
                       dipole moment  
 ------------------------------------------------------------------------------
   x       0.000000      -0.000000      -0.000000
   y       0.000000      -0.000000      -0.000000
   z       0.000000       0.000000       0.000000
 
   | dipole moment | =     0.0000 a.u. =     0.0000 debye 
 
 ------------------------------------------------------------------------------
                     quadrupole moment
 ------------------------------------------------------------------------------
  xx    1828.602110   -2035.734623    -207.132512
  yy    1828.602110   -2035.734623    -207.132512
  zz   13238.643716  -13446.882412    -208.238696
  xy       0.000000      -0.000000      -0.000000
  xz      -0.000000      -0.000000      -0.000000
  yz       0.000000      -0.000000      -0.000000
 
     1/3  trace=    -207.501240
     anisotropy=       1.106184
 
 
 ==============================================================================
                  NATURAL POPULATION ANALYSIS (AO-BASIS) 
 ==============================================================================
A.E. Reed, R.B. Weinstock and F. Weinhold:
Natural population analysis, J. Chem. Phys. 83(2), 735(1985)
nbfiat:  1  6 12 15  7  0  0  0  0  0  0  0
nbfiat:  2 10 21 25 28  9  0  0  0  0  0  0
nbfiat:  3 10 21 25 28  9  0  0  0  0  0  0
nbfiat:  4  5 15 10  7  0  0  0  0  0  0  0
nbfiat:  5  5 15 10  7  0  0  0  0  0  0  0
nbfiat:  6  5 15 10  7  0  0  0  0  0  0  0
nbfiat:  7  5 15 10  7  0  0  0  0  0  0  0
nbfiat:  8  5  9 10  7  0  0  0  0  0  0  0
nbfiat:  9  5  9 10  7  0  0  0  0  0  0  0
nbfiat: 10  5  9 10  7  0  0  0  0  0  0  0
nbfiat: 11  5  9 10  7  0  0  0  0  0  0  0
nbfiat: 12  5  9 10  7  0  0  0  0  0  0  0
nbfiat: 13  5  9 10  7  0  0  0  0  0  0  0
nbfiat: 14  5  9 10  7  0  0  0  0  0  0  0
nbfiat: 15  5  9 10  7  0  0  0  0  0  0  0
nbfiat: 16  5  9 10  7  0  0  0  0  0  0  0
nbfiat: 17  5  9 10  7  0  0  0  0  0  0  0
nbfiat: 18  5  9 10  7  0  0  0  0  0  0  0
nbfiat: 19  5  9 10  7  0  0  0  0  0  0  0
nbfiat: 20  5  9 10  7  0  0  0  0  0  0  0
nbfiat: 21  5  9 10  7  0  0  0  0  0  0  0
nbfiat: 22  5  9 10  7  0  0  0  0  0  0  0
nbfiat: 23  5  9 10  7  0  0  0  0  0  0  0
nbfiat: 24  5  9 10  7  0  0  0  0  0  0  0
nbfiat: 25  5  9 10  7  0  0  0  0  0  0  0
nbfiat: 26  5  9 10  7  0  0  0  0  0  0  0
nbfiat: 27  5  9 10  7  0  0  0  0  0  0  0
nbfiat: 28  3  3  0  0  0  0  0  0  0  0  0
nbfiat: 29  3  3  0  0  0  0  0  0  0  0  0
nbfiat: 30  3  3  0  0  0  0  0  0  0  0  0
nbfiat: 31  3  3  0  0  0  0  0  0  0  0  0
nbfiat: 32  3  3  0  0  0  0  0  0  0  0  0
nbfiat: 33  3  3  0  0  0  0  0  0  0  0  0
nbfiat: 34  3  3  0  0  0  0  0  0  0  0  0
nbfiat: 35  3  3  0  0  0  0  0  0  0  0  0
nbfiat: 36  3  3  0  0  0  0  0  0  0  0  0
nbfiat: 37  3  3  0  0  0  0  0  0  0  0  0
nbfiat: 38  3  3  0  0  0  0  0  0  0  0  0
nbfiat: 39  3  3  0  0  0  0  0  0  0  0  0
nbfiat: 40  3  3  0  0  0  0  0  0  0  0  0
nbfiat: 41  3  3  0  0  0  0  0  0  0  0  0
nbfiat: 42  3  3  0  0  0  0  0  0  0  0  0
nbfiat: 43  3  3  0  0  0  0  0  0  0  0  0
nbfiat: 44  3  3  0  0  0  0  0  0  0  0  0
nbfiat: 45  3  3  0  0  0  0  0  0  0  0  0
nbfiat: 46  3  3  0  0  0  0  0  0  0  0  0
nbfiat: 47  3  3  0  0  0  0  0  0  0  0  0
Basis set: (total   1114 functions)
mo      (shells)  s:  6 p:  4 d:  3 f:  1 g:  0
dy      (shells)  s: 10 p:  7 d:  5 f:  4 g:  1
dy      (shells)  s: 10 p:  7 d:  5 f:  4 g:  1
s       (shells)  s:  5 p:  5 d:  2 f:  1 g:  0
s       (shells)  s:  5 p:  5 d:  2 f:  1 g:  0
s       (shells)  s:  5 p:  5 d:  2 f:  1 g:  0
s       (shells)  s:  5 p:  5 d:  2 f:  1 g:  0
c       (shells)  s:  5 p:  3 d:  2 f:  1 g:  0
c       (shells)  s:  5 p:  3 d:  2 f:  1 g:  0
c       (shells)  s:  5 p:  3 d:  2 f:  1 g:  0
c       (shells)  s:  5 p:  3 d:  2 f:  1 g:  0
c       (shells)  s:  5 p:  3 d:  2 f:  1 g:  0
c       (shells)  s:  5 p:  3 d:  2 f:  1 g:  0
c       (shells)  s:  5 p:  3 d:  2 f:  1 g:  0
c       (shells)  s:  5 p:  3 d:  2 f:  1 g:  0
c       (shells)  s:  5 p:  3 d:  2 f:  1 g:  0
c       (shells)  s:  5 p:  3 d:  2 f:  1 g:  0
c       (shells)  s:  5 p:  3 d:  2 f:  1 g:  0
c       (shells)  s:  5 p:  3 d:  2 f:  1 g:  0
c       (shells)  s:  5 p:  3 d:  2 f:  1 g:  0
c       (shells)  s:  5 p:  3 d:  2 f:  1 g:  0
c       (shells)  s:  5 p:  3 d:  2 f:  1 g:  0
c       (shells)  s:  5 p:  3 d:  2 f:  1 g:  0
c       (shells)  s:  5 p:  3 d:  2 f:  1 g:  0
c       (shells)  s:  5 p:  3 d:  2 f:  1 g:  0
c       (shells)  s:  5 p:  3 d:  2 f:  1 g:  0
c       (shells)  s:  5 p:  3 d:  2 f:  1 g:  0
h       (shells)  s:  3 p:  1 d:  0 f:  0 g:  0
h       (shells)  s:  3 p:  1 d:  0 f:  0 g:  0
h       (shells)  s:  3 p:  1 d:  0 f:  0 g:  0
h       (shells)  s:  3 p:  1 d:  0 f:  0 g:  0
h       (shells)  s:  3 p:  1 d:  0 f:  0 g:  0
h       (shells)  s:  3 p:  1 d:  0 f:  0 g:  0
h       (shells)  s:  3 p:  1 d:  0 f:  0 g:  0
h       (shells)  s:  3 p:  1 d:  0 f:  0 g:  0
h       (shells)  s:  3 p:  1 d:  0 f:  0 g:  0
h       (shells)  s:  3 p:  1 d:  0 f:  0 g:  0
h       (shells)  s:  3 p:  1 d:  0 f:  0 g:  0
h       (shells)  s:  3 p:  1 d:  0 f:  0 g:  0
h       (shells)  s:  3 p:  1 d:  0 f:  0 g:  0
h       (shells)  s:  3 p:  1 d:  0 f:  0 g:  0
h       (shells)  s:  3 p:  1 d:  0 f:  0 g:  0
h       (shells)  s:  3 p:  1 d:  0 f:  0 g:  0
h       (shells)  s:  3 p:  1 d:  0 f:  0 g:  0
h       (shells)  s:  3 p:  1 d:  0 f:  0 g:  0
h       (shells)  s:  3 p:  1 d:  0 f:  0 g:  0
h       (shells)  s:  3 p:  1 d:  0 f:  0 g:  0
NMB set: (total    218 functions)
mo      (shells)  s:  2 p:  1 d:  1 f:  0 g:  0
dy      (shells)  s:  3 p:  2 d:  2 f:  1 g:  0
dy      (shells)  s:  3 p:  2 d:  2 f:  1 g:  0
s       (shells)  s:  3 p:  2 d:  0 f:  0 g:  0
s       (shells)  s:  3 p:  2 d:  0 f:  0 g:  0
s       (shells)  s:  3 p:  2 d:  0 f:  0 g:  0
s       (shells)  s:  3 p:  2 d:  0 f:  0 g:  0
c       (shells)  s:  2 p:  1 d:  0 f:  0 g:  0
c       (shells)  s:  2 p:  1 d:  0 f:  0 g:  0
c       (shells)  s:  2 p:  1 d:  0 f:  0 g:  0
c       (shells)  s:  2 p:  1 d:  0 f:  0 g:  0
c       (shells)  s:  2 p:  1 d:  0 f:  0 g:  0
c       (shells)  s:  2 p:  1 d:  0 f:  0 g:  0
c       (shells)  s:  2 p:  1 d:  0 f:  0 g:  0
c       (shells)  s:  2 p:  1 d:  0 f:  0 g:  0
c       (shells)  s:  2 p:  1 d:  0 f:  0 g:  0
c       (shells)  s:  2 p:  1 d:  0 f:  0 g:  0
c       (shells)  s:  2 p:  1 d:  0 f:  0 g:  0
c       (shells)  s:  2 p:  1 d:  0 f:  0 g:  0
c       (shells)  s:  2 p:  1 d:  0 f:  0 g:  0
c       (shells)  s:  2 p:  1 d:  0 f:  0 g:  0
c       (shells)  s:  2 p:  1 d:  0 f:  0 g:  0
c       (shells)  s:  2 p:  1 d:  0 f:  0 g:  0
c       (shells)  s:  2 p:  1 d:  0 f:  0 g:  0
c       (shells)  s:  2 p:  1 d:  0 f:  0 g:  0
c       (shells)  s:  2 p:  1 d:  0 f:  0 g:  0
c       (shells)  s:  2 p:  1 d:  0 f:  0 g:  0
h       (shells)  s:  1 p:  0 d:  0 f:  0 g:  0
h       (shells)  s:  1 p:  0 d:  0 f:  0 g:  0
h       (shells)  s:  1 p:  0 d:  0 f:  0 g:  0
h       (shells)  s:  1 p:  0 d:  0 f:  0 g:  0
h       (shells)  s:  1 p:  0 d:  0 f:  0 g:  0
h       (shells)  s:  1 p:  0 d:  0 f:  0 g:  0
h       (shells)  s:  1 p:  0 d:  0 f:  0 g:  0
h       (shells)  s:  1 p:  0 d:  0 f:  0 g:  0
h       (shells)  s:  1 p:  0 d:  0 f:  0 g:  0
h       (shells)  s:  1 p:  0 d:  0 f:  0 g:  0
h       (shells)  s:  1 p:  0 d:  0 f:  0 g:  0
h       (shells)  s:  1 p:  0 d:  0 f:  0 g:  0
h       (shells)  s:  1 p:  0 d:  0 f:  0 g:  0
h       (shells)  s:  1 p:  0 d:  0 f:  0 g:  0
h       (shells)  s:  1 p:  0 d:  0 f:  0 g:  0
h       (shells)  s:  1 p:  0 d:  0 f:  0 g:  0
h       (shells)  s:  1 p:  0 d:  0 f:  0 g:  0
h       (shells)  s:  1 p:  0 d:  0 f:  0 g:  0
h       (shells)  s:  1 p:  0 d:  0 f:  0 g:  0
h       (shells)  s:  1 p:  0 d:  0 f:  0 g:  0
NRB set: (total    896 functions)
mo      (shells)  s:  4 p:  3 d:  2 f:  1 g:  0
dy      (shells)  s:  7 p:  5 d:  3 f:  3 g:  1
dy      (shells)  s:  7 p:  5 d:  3 f:  3 g:  1
s       (shells)  s:  2 p:  3 d:  2 f:  1 g:  0
s       (shells)  s:  2 p:  3 d:  2 f:  1 g:  0
s       (shells)  s:  2 p:  3 d:  2 f:  1 g:  0
s       (shells)  s:  2 p:  3 d:  2 f:  1 g:  0
c       (shells)  s:  3 p:  2 d:  2 f:  1 g:  0
c       (shells)  s:  3 p:  2 d:  2 f:  1 g:  0
c       (shells)  s:  3 p:  2 d:  2 f:  1 g:  0
c       (shells)  s:  3 p:  2 d:  2 f:  1 g:  0
c       (shells)  s:  3 p:  2 d:  2 f:  1 g:  0
c       (shells)  s:  3 p:  2 d:  2 f:  1 g:  0
c       (shells)  s:  3 p:  2 d:  2 f:  1 g:  0
c       (shells)  s:  3 p:  2 d:  2 f:  1 g:  0
c       (shells)  s:  3 p:  2 d:  2 f:  1 g:  0
c       (shells)  s:  3 p:  2 d:  2 f:  1 g:  0
c       (shells)  s:  3 p:  2 d:  2 f:  1 g:  0
c       (shells)  s:  3 p:  2 d:  2 f:  1 g:  0
c       (shells)  s:  3 p:  2 d:  2 f:  1 g:  0
c       (shells)  s:  3 p:  2 d:  2 f:  1 g:  0
c       (shells)  s:  3 p:  2 d:  2 f:  1 g:  0
c       (shells)  s:  3 p:  2 d:  2 f:  1 g:  0
c       (shells)  s:  3 p:  2 d:  2 f:  1 g:  0
c       (shells)  s:  3 p:  2 d:  2 f:  1 g:  0
c       (shells)  s:  3 p:  2 d:  2 f:  1 g:  0
c       (shells)  s:  3 p:  2 d:  2 f:  1 g:  0
h       (shells)  s:  2 p:  1 d:  0 f:  0 g:  0
h       (shells)  s:  2 p:  1 d:  0 f:  0 g:  0
h       (shells)  s:  2 p:  1 d:  0 f:  0 g:  0
h       (shells)  s:  2 p:  1 d:  0 f:  0 g:  0
h       (shells)  s:  2 p:  1 d:  0 f:  0 g:  0
h       (shells)  s:  2 p:  1 d:  0 f:  0 g:  0
h       (shells)  s:  2 p:  1 d:  0 f:  0 g:  0
h       (shells)  s:  2 p:  1 d:  0 f:  0 g:  0
h       (shells)  s:  2 p:  1 d:  0 f:  0 g:  0
h       (shells)  s:  2 p:  1 d:  0 f:  0 g:  0
h       (shells)  s:  2 p:  1 d:  0 f:  0 g:  0
h       (shells)  s:  2 p:  1 d:  0 f:  0 g:  0
h       (shells)  s:  2 p:  1 d:  0 f:  0 g:  0
h       (shells)  s:  2 p:  1 d:  0 f:  0 g:  0
h       (shells)  s:  2 p:  1 d:  0 f:  0 g:  0
h       (shells)  s:  2 p:  1 d:  0 f:  0 g:  0
h       (shells)  s:  2 p:  1 d:  0 f:  0 g:  0
h       (shells)  s:  2 p:  1 d:  0 f:  0 g:  0
h       (shells)  s:  2 p:  1 d:  0 f:  0 g:  0
h       (shells)  s:  2 p:  1 d:  0 f:  0 g:  0

*********************
*** Total density ***
*********************

 Nr Atom            Natural Electron Configuration
--------------------------------------------------
   1 mo [ecp-28] [core] 5s( 0.41) 5p( 0.01) 4d( 5.41) 5d( 0.05) 4f( 0.01)                           
   2 dy [ecp-28] [core] 6s( 0.66) 7s( 0.12) 6p( 0.01) 5d( 1.56) 6d( 0.08) 4f( 8.48)                 
   3 dy [ecp-28] [core] 6s( 0.66) 7s( 0.12) 6p( 0.01) 5d( 1.56) 6d( 0.08) 4f( 8.48)                 
   4 s    [core]        3s( 1.76) 3p( 4.58) 4p( 0.01) 3d( 0.02)                                     
   5 s    [core]        3s( 1.76) 3p( 4.58) 4p( 0.01) 3d( 0.02)                                     
   6 s    [core]        3s( 1.76) 3p( 4.58) 4p( 0.01) 3d( 0.02)                                     
   7 s    [core]        3s( 1.76) 3p( 4.58) 4p( 0.01) 3d( 0.02)                                     
   8 c    [core]        2s( 0.99) 2p( 3.31) 3p( 0.01) 3d( 0.01)                                     
   9 c    [core]        2s( 0.99) 2p( 3.31) 3p( 0.01) 3d( 0.01)                                     
  10 c    [core]        2s( 0.99) 2p( 3.31) 3p( 0.01) 3d( 0.01)                                     
  11 c    [core]        2s( 0.99) 2p( 3.33) 3p( 0.01) 3d( 0.01)                                     
  12 c    [core]        2s( 0.99) 2p( 3.33) 3p( 0.01) 3d( 0.01)                                     
  13 c    [core]        2s( 0.99) 2p( 3.31) 3p( 0.01) 3d( 0.01)                                     
  14 c    [core]        2s( 0.99) 2p( 3.31) 3p( 0.01) 3d( 0.01)                                     
  15 c    [core]        2s( 0.99) 2p( 3.31) 3p( 0.01) 3d( 0.01)                                     
  16 c    [core]        2s( 0.99) 2p( 3.33) 3p( 0.01) 3d( 0.01)                                     
  17 c    [core]        2s( 0.99) 2p( 3.33) 3p( 0.01) 3d( 0.01)                                     
  18 c    [core]        2s( 0.99) 2p( 3.31) 3p( 0.01) 3d( 0.01)                                     
  19 c    [core]        2s( 0.99) 2p( 3.33) 3p( 0.01) 3d( 0.01)                                     
  20 c    [core]        2s( 0.99) 2p( 3.33) 3p( 0.01) 3d( 0.01)                                     
  21 c    [core]        2s( 0.99) 2p( 3.31) 3p( 0.01) 3d( 0.01)                                     
  22 c    [core]        2s( 0.99) 2p( 3.31) 3p( 0.01) 3d( 0.01)                                     
  23 c    [core]        2s( 0.99) 2p( 3.31) 3p( 0.01) 3d( 0.01)                                     
  24 c    [core]        2s( 0.99) 2p( 3.33) 3p( 0.01) 3d( 0.01)                                     
  25 c    [core]        2s( 0.99) 2p( 3.33) 3p( 0.01) 3d( 0.01)                                     
  26 c    [core]        2s( 0.99) 2p( 3.31) 3p( 0.01) 3d( 0.01)                                     
  27 c    [core]        2s( 0.99) 2p( 3.31) 3p( 0.01) 3d( 0.01)                                     
  28 h                  1s( 0.76)                                                                   
  29 h                  1s( 0.77)                                                                   
  30 h                  1s( 0.76)                                                                   
  31 h                  1s( 0.77)                                                                   
  32 h                  1s( 0.76)                                                                   
  33 h                  1s( 0.77)                                                                   
  34 h                  1s( 0.76)                                                                   
  35 h                  1s( 0.76)                                                                   
  36 h                  1s( 0.76)                                                                   
  37 h                  1s( 0.77)                                                                   
  38 h                  1s( 0.76)                                                                   
  39 h                  1s( 0.76)                                                                   
  40 h                  1s( 0.76)                                                                   
  41 h                  1s( 0.77)                                                                   
  42 h                  1s( 0.77)                                                                   
  43 h                  1s( 0.77)                                                                   
  44 h                  1s( 0.76)                                                                   
  45 h                  1s( 0.76)                                                                   
  46 h                  1s( 0.77)                                                                   
  47 h                  1s( 0.76)                                                                   

NATURAL POPULATIONS:  Natural atomic orbital occupancies

NAO   Atom  #       Type(AO)   Occupancy
----------------------------------------
    1 mo    1 s    Cor(4s)        1.99248
    2 mo    1 s    Val(5s)        0.40736
    3 mo    1 s    Ryd            0.00482
    4 mo    1 s    Ryd            0.00060
    5 mo    1 s    Ryd            0.00004
    6 mo    1 s    Ryd            0.00000
    7 mo    1 p    Cor(4px)       1.99323
    8 mo    1 p    Cor(4py)       1.99323
    9 mo    1 p    Cor(4pz)       1.98910
   10 mo    1 p    Ryd            0.00291
   11 mo    1 p    Ryd            0.00291
   12 mo    1 p    Ryd            0.00258
   13 mo    1 p    Ryd            0.00094
   14 mo    1 p    Ryd            0.00094
   15 mo    1 p    Ryd            0.00057
   16 mo    1 p    Ryd            0.00008
   17 mo    1 p    Ryd            0.00008
   18 mo    1 p    Ryd            0.00012
   19 mo    1 d    Val(4dz2)      1.36521
   20 mo    1 d    Val(4dxz)      1.01290
   21 mo    1 d    Val(4dyz)      1.01290
   22 mo    1 d    Val(4dxy)      0.99942
   23 mo    1 d    Val(4dx2-y2)   1.01496
   24 mo    1 d    Ryd            0.01309
   25 mo    1 d    Ryd            0.01088
   26 mo    1 d    Ryd            0.01088
   27 mo    1 d    Ryd            0.01925
   28 mo    1 d    Ryd            0.00071
   29 mo    1 d    Ryd            0.00006
   30 mo    1 d    Ryd            0.00014
   31 mo    1 d    Ryd            0.00014
   32 mo    1 d    Ryd            0.00010
   33 mo    1 d    Ryd            0.00004
   34 mo    1 f    Ryd            0.00080
   35 mo    1 f    Ryd            0.00085
   36 mo    1 f    Ryd            0.00085
   37 mo    1 f    Ryd            0.00075
   38 mo    1 f    Ryd            0.00125
   39 mo    1 f    Ryd            0.00088
   40 mo    1 f    Ryd            0.00088

   41 dy    2 s    Cor(4s)        1.99979
   42 dy    2 s    Cor(5s)        1.98506
   43 dy    2 s    Val(6s)        0.66114
   44 dy    2 s    Ryd            0.11952
   45 dy    2 s    Ryd            0.00233
   46 dy    2 s    Ryd            0.00044
   47 dy    2 s    Ryd            0.00006
   48 dy    2 s    Ryd            0.00002
   49 dy    2 s    Ryd            0.00000
   50 dy    2 s    Ryd            0.00000
   51 dy    2 p    Cor(4px)       1.99999
   52 dy    2 p    Cor(4py)       1.99999
   53 dy    2 p    Cor(4pz)       1.99999
   54 dy    2 p    Cor(5px)       1.99803
   55 dy    2 p    Cor(5py)       1.99803
   56 dy    2 p    Cor(5pz)       1.99734
   57 dy    2 p    Ryd            0.00176
   58 dy    2 p    Ryd            0.00176
   59 dy    2 p    Ryd            0.00163
   60 dy    2 p    Ryd            0.00047
   61 dy    2 p    Ryd            0.00047
   62 dy    2 p    Ryd            0.00091
   63 dy    2 p    Ryd            0.00033
   64 dy    2 p    Ryd            0.00033
   65 dy    2 p    Ryd            0.00038
   66 dy    2 p    Ryd            0.00003
   67 dy    2 p    Ryd            0.00003
   68 dy    2 p    Ryd            0.00002
   69 dy    2 p    Ryd            0.00000
   70 dy    2 p    Ryd            0.00000
   71 dy    2 p    Ryd            0.00000
   72 dy    2 d    Cor(4dz2)      1.99996
   73 dy    2 d    Cor(4dxz)      1.99998
   74 dy    2 d    Cor(4dyz)      1.99998
   75 dy    2 d    Cor(4dxy)      1.99996
   76 dy    2 d    Cor(4dx2-y2)   1.99998
   77 dy    2 d    Val(5dz2)      0.30009
   78 dy    2 d    Val(5dxz)      0.34362
   79 dy    2 d    Val(5dyz)      0.34362
   80 dy    2 d    Val(5dxy)      0.23009
   81 dy    2 d    Val(5dx2-y2)   0.34384
   82 dy    2 d    Ryd            0.01038
   83 dy    2 d    Ryd            0.02015
   84 dy    2 d    Ryd            0.02015
   85 dy    2 d    Ryd            0.01585
   86 dy    2 d    Ryd            0.01296
   87 dy    2 d    Ryd            0.00011
   88 dy    2 d    Ryd            0.00006
   89 dy    2 d    Ryd            0.00006
   90 dy    2 d    Ryd            0.00009
   91 dy    2 d    Ryd            0.00004
   92 dy    2 d    Ryd            0.00001
   93 dy    2 d    Ryd            0.00000
   94 dy    2 d    Ryd            0.00000
   95 dy    2 d    Ryd            0.00001
   96 dy    2 d    Ryd            0.00000
   97 dy    2 f    Val(4f0)       1.43167
   98 dy    2 f    Val(4fC1)      1.01216
   99 dy    2 f    Val(4fS1)      1.01216
  100 dy    2 f    Val(4fC2)      1.00518
  101 dy    2 f    Val(4fS2)      1.99446
  102 dy    2 f    Val(4fC3)      1.01341
  103 dy    2 f    Val(4fS3)      1.01341
  104 dy    2 f    Ryd            0.00079
  105 dy    2 f    Ryd            0.00068
  106 dy    2 f    Ryd            0.00068
  107 dy    2 f    Ryd            0.00042
  108 dy    2 f    Ryd            0.00137
  109 dy    2 f    Ryd            0.00053
  110 dy    2 f    Ryd            0.00053
  111 dy    2 f    Ryd            0.00010
  112 dy    2 f    Ryd            0.00008
  113 dy    2 f    Ryd            0.00008
  114 dy    2 f    Ryd            0.00009
  115 dy    2 f    Ryd            0.00008
  116 dy    2 f    Ryd            0.00010
  117 dy    2 f    Ryd            0.00010
  118 dy    2 f    Ryd            0.00001
  119 dy    2 f    Ryd            0.00001
  120 dy    2 f    Ryd            0.00001
  121 dy    2 f    Ryd            0.00000
  122 dy    2 f    Ryd            0.00002
  123 dy    2 f    Ryd            0.00000
  124 dy    2 f    Ryd            0.00000
  125 dy    2 g    Ryd            0.00002
  126 dy    2 g    Ryd            0.00003
  127 dy    2 g    Ryd            0.00003
  128 dy    2 g    Ryd            0.00002
  129 dy    2 g    Ryd            0.00003
  130 dy    2 g    Ryd            0.00002
  131 dy    2 g    Ryd            0.00002
  132 dy    2 g    Ryd            0.00002
  133 dy    2 g    Ryd            0.00002

  134 dy    3 s    Cor(4s)        1.99979
  135 dy    3 s    Cor(5s)        1.98506
  136 dy    3 s    Val(6s)        0.66114
  137 dy    3 s    Ryd            0.11952
  138 dy    3 s    Ryd            0.00233
  139 dy    3 s    Ryd            0.00044
  140 dy    3 s    Ryd            0.00006
  141 dy    3 s    Ryd            0.00002
  142 dy    3 s    Ryd            0.00000
  143 dy    3 s    Ryd            0.00000
  144 dy    3 p    Cor(4px)       1.99999
  145 dy    3 p    Cor(4py)       1.99999
  146 dy    3 p    Cor(4pz)       1.99999
  147 dy    3 p    Cor(5px)       1.99803
  148 dy    3 p    Cor(5py)       1.99803
  149 dy    3 p    Cor(5pz)       1.99734
  150 dy    3 p    Ryd            0.00176
  151 dy    3 p    Ryd            0.00176
  152 dy    3 p    Ryd            0.00163
  153 dy    3 p    Ryd            0.00047
  154 dy    3 p    Ryd            0.00047
  155 dy    3 p    Ryd            0.00091
  156 dy    3 p    Ryd            0.00033
  157 dy    3 p    Ryd            0.00033
  158 dy    3 p    Ryd            0.00038
  159 dy    3 p    Ryd            0.00003
  160 dy    3 p    Ryd            0.00003
  161 dy    3 p    Ryd            0.00002
  162 dy    3 p    Ryd            0.00000
  163 dy    3 p    Ryd            0.00000
  164 dy    3 p    Ryd            0.00000
  165 dy    3 d    Cor(4dz2)      1.99996
  166 dy    3 d    Cor(4dxz)      1.99998
  167 dy    3 d    Cor(4dyz)      1.99998
  168 dy    3 d    Cor(4dxy)      1.99996
  169 dy    3 d    Cor(4dx2-y2)   1.99998
  170 dy    3 d    Val(5dz2)      0.30009
  171 dy    3 d    Val(5dxz)      0.34362
  172 dy    3 d    Val(5dyz)      0.34362
  173 dy    3 d    Val(5dxy)      0.23009
  174 dy    3 d    Val(5dx2-y2)   0.34384
  175 dy    3 d    Ryd            0.01038
  176 dy    3 d    Ryd            0.02015
  177 dy    3 d    Ryd            0.02015
  178 dy    3 d    Ryd            0.01585
  179 dy    3 d    Ryd            0.01296
  180 dy    3 d    Ryd            0.00011
  181 dy    3 d    Ryd            0.00006
  182 dy    3 d    Ryd            0.00006
  183 dy    3 d    Ryd            0.00009
  184 dy    3 d    Ryd            0.00004
  185 dy    3 d    Ryd            0.00001
  186 dy    3 d    Ryd            0.00000
  187 dy    3 d    Ryd            0.00000
  188 dy    3 d    Ryd            0.00001
  189 dy    3 d    Ryd            0.00000
  190 dy    3 f    Val(4f0)       1.43167
  191 dy    3 f    Val(4fC1)      1.01216
  192 dy    3 f    Val(4fS1)      1.01216
  193 dy    3 f    Val(4fC2)      1.00517
  194 dy    3 f    Val(4fS2)      1.99446
  195 dy    3 f    Val(4fC3)      1.01341
  196 dy    3 f    Val(4fS3)      1.01341
  197 dy    3 f    Ryd            0.00079
  198 dy    3 f    Ryd            0.00068
  199 dy    3 f    Ryd            0.00068
  200 dy    3 f    Ryd            0.00042
  201 dy    3 f    Ryd            0.00137
  202 dy    3 f    Ryd            0.00053
  203 dy    3 f    Ryd            0.00053
  204 dy    3 f    Ryd            0.00010
  205 dy    3 f    Ryd            0.00008
  206 dy    3 f    Ryd            0.00008
  207 dy    3 f    Ryd            0.00009
  208 dy    3 f    Ryd            0.00008
  209 dy    3 f    Ryd            0.00010
  210 dy    3 f    Ryd            0.00010
  211 dy    3 f    Ryd            0.00001
  212 dy    3 f    Ryd            0.00001
  213 dy    3 f    Ryd            0.00001
  214 dy    3 f    Ryd            0.00000
  215 dy    3 f    Ryd            0.00002
  216 dy    3 f    Ryd            0.00000
  217 dy    3 f    Ryd            0.00000
  218 dy    3 g    Ryd            0.00002
  219 dy    3 g    Ryd            0.00003
  220 dy    3 g    Ryd            0.00003
  221 dy    3 g    Ryd            0.00002
  222 dy    3 g    Ryd            0.00003
  223 dy    3 g    Ryd            0.00002
  224 dy    3 g    Ryd            0.00002
  225 dy    3 g    Ryd            0.00002
  226 dy    3 g    Ryd            0.00002

  227 s     4 s    Cor(1s)        2.00000
  228 s     4 s    Cor(2s)        1.99942
  229 s     4 s    Val(3s)        1.76438
  230 s     4 s    Ryd            0.00141
  231 s     4 s    Ryd            0.00000
  232 s     4 p    Cor(2px)       1.99987
  233 s     4 p    Cor(2py)       1.99987
  234 s     4 p    Cor(2pz)       1.99979
  235 s     4 p    Val(3px)       1.53404
  236 s     4 p    Val(3py)       1.53404
  237 s     4 p    Val(3pz)       1.51315
  238 s     4 p    Ryd            0.00168
  239 s     4 p    Ryd            0.00168
  240 s     4 p    Ryd            0.00284
  241 s     4 p    Ryd            0.00003
  242 s     4 p    Ryd            0.00003
  243 s     4 p    Ryd            0.00004
  244 s     4 p    Ryd            0.00000
  245 s     4 p    Ryd            0.00000
  246 s     4 p    Ryd            0.00000
  247 s     4 d    Ryd            0.00236
  248 s     4 d    Ryd            0.00537
  249 s     4 d    Ryd            0.00537
  250 s     4 d    Ryd            0.00555
  251 s     4 d    Ryd            0.00492
  252 s     4 d    Ryd            0.00043
  253 s     4 d    Ryd            0.00028
  254 s     4 d    Ryd            0.00028
  255 s     4 d    Ryd            0.00036
  256 s     4 d    Ryd            0.00015
  257 s     4 f    Ryd            0.00005
  258 s     4 f    Ryd            0.00008
  259 s     4 f    Ryd            0.00008
  260 s     4 f    Ryd            0.00013
  261 s     4 f    Ryd            0.00007
  262 s     4 f    Ryd            0.00016
  263 s     4 f    Ryd            0.00016

  264 s     5 s    Cor(1s)        2.00000
  265 s     5 s    Cor(2s)        1.99942
  266 s     5 s    Val(3s)        1.76438
  267 s     5 s    Ryd            0.00141
  268 s     5 s    Ryd            0.00000
  269 s     5 p    Cor(2px)       1.99987
  270 s     5 p    Cor(2py)       1.99987
  271 s     5 p    Cor(2pz)       1.99979
  272 s     5 p    Val(3px)       1.53404
  273 s     5 p    Val(3py)       1.53404
  274 s     5 p    Val(3pz)       1.51315
  275 s     5 p    Ryd            0.00168
  276 s     5 p    Ryd            0.00168
  277 s     5 p    Ryd            0.00284
  278 s     5 p    Ryd            0.00003
  279 s     5 p    Ryd            0.00003
  280 s     5 p    Ryd            0.00004
  281 s     5 p    Ryd            0.00000
  282 s     5 p    Ryd            0.00000
  283 s     5 p    Ryd            0.00000
  284 s     5 d    Ryd            0.00236
  285 s     5 d    Ryd            0.00537
  286 s     5 d    Ryd            0.00537
  287 s     5 d    Ryd            0.00555
  288 s     5 d    Ryd            0.00492
  289 s     5 d    Ryd            0.00043
  290 s     5 d    Ryd            0.00028
  291 s     5 d    Ryd            0.00028
  292 s     5 d    Ryd            0.00036
  293 s     5 d    Ryd            0.00015
  294 s     5 f    Ryd            0.00005
  295 s     5 f    Ryd            0.00008
  296 s     5 f    Ryd            0.00008
  297 s     5 f    Ryd            0.00013
  298 s     5 f    Ryd            0.00007
  299 s     5 f    Ryd            0.00016
  300 s     5 f    Ryd            0.00016

  301 s     6 s    Cor(1s)        2.00000
  302 s     6 s    Cor(2s)        1.99942
  303 s     6 s    Val(3s)        1.76438
  304 s     6 s    Ryd            0.00141
  305 s     6 s    Ryd            0.00000
  306 s     6 p    Cor(2px)       1.99987
  307 s     6 p    Cor(2py)       1.99987
  308 s     6 p    Cor(2pz)       1.99979
  309 s     6 p    Val(3px)       1.53404
  310 s     6 p    Val(3py)       1.53404
  311 s     6 p    Val(3pz)       1.51315
  312 s     6 p    Ryd            0.00168
  313 s     6 p    Ryd            0.00168
  314 s     6 p    Ryd            0.00284
  315 s     6 p    Ryd            0.00003
  316 s     6 p    Ryd            0.00003
  317 s     6 p    Ryd            0.00004
  318 s     6 p    Ryd            0.00000
  319 s     6 p    Ryd            0.00000
  320 s     6 p    Ryd            0.00000
  321 s     6 d    Ryd            0.00236
  322 s     6 d    Ryd            0.00537
  323 s     6 d    Ryd            0.00537
  324 s     6 d    Ryd            0.00555
  325 s     6 d    Ryd            0.00492
  326 s     6 d    Ryd            0.00043
  327 s     6 d    Ryd            0.00028
  328 s     6 d    Ryd            0.00028
  329 s     6 d    Ryd            0.00036
  330 s     6 d    Ryd            0.00015
  331 s     6 f    Ryd            0.00005
  332 s     6 f    Ryd            0.00008
  333 s     6 f    Ryd            0.00008
  334 s     6 f    Ryd            0.00013
  335 s     6 f    Ryd            0.00007
  336 s     6 f    Ryd            0.00016
  337 s     6 f    Ryd            0.00016

  338 s     7 s    Cor(1s)        2.00000
  339 s     7 s    Cor(2s)        1.99942
  340 s     7 s    Val(3s)        1.76438
  341 s     7 s    Ryd            0.00141
  342 s     7 s    Ryd            0.00000
  343 s     7 p    Cor(2px)       1.99987
  344 s     7 p    Cor(2py)       1.99987
  345 s     7 p    Cor(2pz)       1.99979
  346 s     7 p    Val(3px)       1.53404
  347 s     7 p    Val(3py)       1.53404
  348 s     7 p    Val(3pz)       1.51315
  349 s     7 p    Ryd            0.00168
  350 s     7 p    Ryd            0.00168
  351 s     7 p    Ryd            0.00284
  352 s     7 p    Ryd            0.00003
  353 s     7 p    Ryd            0.00003
  354 s     7 p    Ryd            0.00004
  355 s     7 p    Ryd            0.00000
  356 s     7 p    Ryd            0.00000
  357 s     7 p    Ryd            0.00000
  358 s     7 d    Ryd            0.00236
  359 s     7 d    Ryd            0.00537
  360 s     7 d    Ryd            0.00537
  361 s     7 d    Ryd            0.00555
  362 s     7 d    Ryd            0.00492
  363 s     7 d    Ryd            0.00043
  364 s     7 d    Ryd            0.00028
  365 s     7 d    Ryd            0.00028
  366 s     7 d    Ryd            0.00036
  367 s     7 d    Ryd            0.00015
  368 s     7 f    Ryd            0.00005
  369 s     7 f    Ryd            0.00008
  370 s     7 f    Ryd            0.00008
  371 s     7 f    Ryd            0.00013
  372 s     7 f    Ryd            0.00007
  373 s     7 f    Ryd            0.00016
  374 s     7 f    Ryd            0.00016

  375 c     8 s    Cor(1s)        1.99903
  376 c     8 s    Val(2s)        0.98977
  377 c     8 s    Ryd            0.00189
  378 c     8 s    Ryd            0.00011
  379 c     8 s    Ryd            0.00000
  380 c     8 p    Val(2px)       1.14724
  381 c     8 p    Val(2py)       1.11369
  382 c     8 p    Val(2pz)       1.04978
  383 c     8 p    Ryd            0.00371
  384 c     8 p    Ryd            0.00284
  385 c     8 p    Ryd            0.00337
  386 c     8 p    Ryd            0.00050
  387 c     8 p    Ryd            0.00021
  388 c     8 p    Ryd            0.00018
  389 c     8 d    Ryd            0.00066
  390 c     8 d    Ryd            0.00150
  391 c     8 d    Ryd            0.00087
  392 c     8 d    Ryd            0.00143
  393 c     8 d    Ryd            0.00146
  394 c     8 d    Ryd            0.00037
  395 c     8 d    Ryd            0.00020
  396 c     8 d    Ryd            0.00032
  397 c     8 d    Ryd            0.00028
  398 c     8 d    Ryd            0.00014
  399 c     8 f    Ryd            0.00024
  400 c     8 f    Ryd            0.00025
  401 c     8 f    Ryd            0.00015
  402 c     8 f    Ryd            0.00034
  403 c     8 f    Ryd            0.00022
  404 c     8 f    Ryd            0.00022
  405 c     8 f    Ryd            0.00030

  406 c     9 s    Cor(1s)        1.99900
  407 c     9 s    Val(2s)        0.99090
  408 c     9 s    Ryd            0.00189
  409 c     9 s    Ryd            0.00014
  410 c     9 s    Ryd            0.00000
  411 c     9 p    Val(2px)       1.06927
  412 c     9 p    Val(2py)       1.06927
  413 c     9 p    Val(2pz)       1.17383
  414 c     9 p    Ryd            0.00366
  415 c     9 p    Ryd            0.00366
  416 c     9 p    Ryd            0.00348
  417 c     9 p    Ryd            0.00042
  418 c     9 p    Ryd            0.00042
  419 c     9 p    Ryd            0.00033
  420 c     9 d    Ryd            0.00147
  421 c     9 d    Ryd            0.00121
  422 c     9 d    Ryd            0.00121
  423 c     9 d    Ryd            0.00118
  424 c     9 d    Ryd            0.00064
  425 c     9 d    Ryd            0.00040
  426 c     9 d    Ryd            0.00019
  427 c     9 d    Ryd            0.00019
  428 c     9 d    Ryd            0.00031
  429 c     9 d    Ryd            0.00023
  430 c     9 f    Ryd            0.00033
  431 c     9 f    Ryd            0.00024
  432 c     9 f    Ryd            0.00024
  433 c     9 f    Ryd            0.00045
  434 c     9 f    Ryd            0.00012
  435 c     9 f    Ryd            0.00015
  436 c     9 f    Ryd            0.00015

  437 c    10 s    Cor(1s)        1.99903
  438 c    10 s    Val(2s)        0.98977
  439 c    10 s    Ryd            0.00189
  440 c    10 s    Ryd            0.00011
  441 c    10 s    Ryd            0.00000
  442 c    10 p    Val(2px)       1.11369
  443 c    10 p    Val(2py)       1.14724
  444 c    10 p    Val(2pz)       1.04978
  445 c    10 p    Ryd            0.00284
  446 c    10 p    Ryd            0.00371
  447 c    10 p    Ryd            0.00337
  448 c    10 p    Ryd            0.00021
  449 c    10 p    Ryd            0.00050
  450 c    10 p    Ryd            0.00018
  451 c    10 d    Ryd            0.00066
  452 c    10 d    Ryd            0.00087
  453 c    10 d    Ryd            0.00150
  454 c    10 d    Ryd            0.00143
  455 c    10 d    Ryd            0.00146
  456 c    10 d    Ryd            0.00037
  457 c    10 d    Ryd            0.00032
  458 c    10 d    Ryd            0.00020
  459 c    10 d    Ryd            0.00028
  460 c    10 d    Ryd            0.00014
  461 c    10 f    Ryd            0.00024
  462 c    10 f    Ryd            0.00015
  463 c    10 f    Ryd            0.00025
  464 c    10 f    Ryd            0.00034
  465 c    10 f    Ryd            0.00022
  466 c    10 f    Ryd            0.00030
  467 c    10 f    Ryd            0.00022

  468 c    11 s    Cor(1s)        1.99908
  469 c    11 s    Val(2s)        0.98860
  470 c    11 s    Ryd            0.00212
  471 c    11 s    Ryd            0.00012
  472 c    11 s    Ryd            0.00000
  473 c    11 p    Val(2px)       1.13228
  474 c    11 p    Val(2py)       1.06646
  475 c    11 p    Val(2pz)       1.12643
  476 c    11 p    Ryd            0.00287
  477 c    11 p    Ryd            0.00349
  478 c    11 p    Ryd            0.00403
  479 c    11 p    Ryd            0.00023
  480 c    11 p    Ryd            0.00032
  481 c    11 p    Ryd            0.00038
  482 c    11 d    Ryd            0.00148
  483 c    11 d    Ryd            0.00099
  484 c    11 d    Ryd            0.00140
  485 c    11 d    Ryd            0.00129
  486 c    11 d    Ryd            0.00076
  487 c    11 d    Ryd            0.00019
  488 c    11 d    Ryd            0.00045
  489 c    11 d    Ryd            0.00028
  490 c    11 d    Ryd            0.00015
  491 c    11 d    Ryd            0.00024
  492 c    11 f    Ryd            0.00011
  493 c    11 f    Ryd            0.00033
  494 c    11 f    Ryd            0.00033
  495 c    11 f    Ryd            0.00023
  496 c    11 f    Ryd            0.00025
  497 c    11 f    Ryd            0.00022
  498 c    11 f    Ryd            0.00026

  499 c    12 s    Cor(1s)        1.99908
  500 c    12 s    Val(2s)        0.98860
  501 c    12 s    Ryd            0.00212
  502 c    12 s    Ryd            0.00012
  503 c    12 s    Ryd            0.00000
  504 c    12 p    Val(2px)       1.06646
  505 c    12 p    Val(2py)       1.13228
  506 c    12 p    Val(2pz)       1.12643
  507 c    12 p    Ryd            0.00349
  508 c    12 p    Ryd            0.00287
  509 c    12 p    Ryd            0.00403
  510 c    12 p    Ryd            0.00032
  511 c    12 p    Ryd            0.00023
  512 c    12 p    Ryd            0.00038
  513 c    12 d    Ryd            0.00148
  514 c    12 d    Ryd            0.00140
  515 c    12 d    Ryd            0.00099
  516 c    12 d    Ryd            0.00129
  517 c    12 d    Ryd            0.00076
  518 c    12 d    Ryd            0.00019
  519 c    12 d    Ryd            0.00028
  520 c    12 d    Ryd            0.00045
  521 c    12 d    Ryd            0.00015
  522 c    12 d    Ryd            0.00024
  523 c    12 f    Ryd            0.00011
  524 c    12 f    Ryd            0.00033
  525 c    12 f    Ryd            0.00033
  526 c    12 f    Ryd            0.00023
  527 c    12 f    Ryd            0.00025
  528 c    12 f    Ryd            0.00026
  529 c    12 f    Ryd            0.00022

  530 c    13 s    Cor(1s)        1.99903
  531 c    13 s    Val(2s)        0.98977
  532 c    13 s    Ryd            0.00189
  533 c    13 s    Ryd            0.00011
  534 c    13 s    Ryd            0.00000
  535 c    13 p    Val(2px)       1.11369
  536 c    13 p    Val(2py)       1.14724
  537 c    13 p    Val(2pz)       1.04978
  538 c    13 p    Ryd            0.00284
  539 c    13 p    Ryd            0.00371
  540 c    13 p    Ryd            0.00337
  541 c    13 p    Ryd            0.00021
  542 c    13 p    Ryd            0.00050
  543 c    13 p    Ryd            0.00018
  544 c    13 d    Ryd            0.00066
  545 c    13 d    Ryd            0.00087
  546 c    13 d    Ryd            0.00150
  547 c    13 d    Ryd            0.00143
  548 c    13 d    Ryd            0.00146
  549 c    13 d    Ryd            0.00037
  550 c    13 d    Ryd            0.00032
  551 c    13 d    Ryd            0.00020
  552 c    13 d    Ryd            0.00028
  553 c    13 d    Ryd            0.00014
  554 c    13 f    Ryd            0.00024
  555 c    13 f    Ryd            0.00015
  556 c    13 f    Ryd            0.00025
  557 c    13 f    Ryd            0.00034
  558 c    13 f    Ryd            0.00022
  559 c    13 f    Ryd            0.00030
  560 c    13 f    Ryd            0.00022

  561 c    14 s    Cor(1s)        1.99900
  562 c    14 s    Val(2s)        0.99090
  563 c    14 s    Ryd            0.00189
  564 c    14 s    Ryd            0.00014
  565 c    14 s    Ryd            0.00000
  566 c    14 p    Val(2px)       1.06927
  567 c    14 p    Val(2py)       1.06927
  568 c    14 p    Val(2pz)       1.17383
  569 c    14 p    Ryd            0.00366
  570 c    14 p    Ryd            0.00366
  571 c    14 p    Ryd            0.00348
  572 c    14 p    Ryd            0.00042
  573 c    14 p    Ryd            0.00042
  574 c    14 p    Ryd            0.00033
  575 c    14 d    Ryd            0.00147
  576 c    14 d    Ryd            0.00121
  577 c    14 d    Ryd            0.00121
  578 c    14 d    Ryd            0.00118
  579 c    14 d    Ryd            0.00064
  580 c    14 d    Ryd            0.00040
  581 c    14 d    Ryd            0.00019
  582 c    14 d    Ryd            0.00019
  583 c    14 d    Ryd            0.00031
  584 c    14 d    Ryd            0.00023
  585 c    14 f    Ryd            0.00033
  586 c    14 f    Ryd            0.00024
  587 c    14 f    Ryd            0.00024
  588 c    14 f    Ryd            0.00045
  589 c    14 f    Ryd            0.00012
  590 c    14 f    Ryd            0.00015
  591 c    14 f    Ryd            0.00015

  592 c    15 s    Cor(1s)        1.99903
  593 c    15 s    Val(2s)        0.98977
  594 c    15 s    Ryd            0.00189
  595 c    15 s    Ryd            0.00011
  596 c    15 s    Ryd            0.00000
  597 c    15 p    Val(2px)       1.14724
  598 c    15 p    Val(2py)       1.11369
  599 c    15 p    Val(2pz)       1.04978
  600 c    15 p    Ryd            0.00371
  601 c    15 p    Ryd            0.00284
  602 c    15 p    Ryd            0.00337
  603 c    15 p    Ryd            0.00050
  604 c    15 p    Ryd            0.00021
  605 c    15 p    Ryd            0.00018
  606 c    15 d    Ryd            0.00066
  607 c    15 d    Ryd            0.00150
  608 c    15 d    Ryd            0.00087
  609 c    15 d    Ryd            0.00143
  610 c    15 d    Ryd            0.00146
  611 c    15 d    Ryd            0.00037
  612 c    15 d    Ryd            0.00020
  613 c    15 d    Ryd            0.00032
  614 c    15 d    Ryd            0.00028
  615 c    15 d    Ryd            0.00014
  616 c    15 f    Ryd            0.00024
  617 c    15 f    Ryd            0.00025
  618 c    15 f    Ryd            0.00015
  619 c    15 f    Ryd            0.00034
  620 c    15 f    Ryd            0.00022
  621 c    15 f    Ryd            0.00022
  622 c    15 f    Ryd            0.00030

  623 c    16 s    Cor(1s)        1.99908
  624 c    16 s    Val(2s)        0.98860
  625 c    16 s    Ryd            0.00212
  626 c    16 s    Ryd            0.00012
  627 c    16 s    Ryd            0.00000
  628 c    16 p    Val(2px)       1.06646
  629 c    16 p    Val(2py)       1.13228
  630 c    16 p    Val(2pz)       1.12643
  631 c    16 p    Ryd            0.00349
  632 c    16 p    Ryd            0.00287
  633 c    16 p    Ryd            0.00403
  634 c    16 p    Ryd            0.00032
  635 c    16 p    Ryd            0.00023
  636 c    16 p    Ryd            0.00038
  637 c    16 d    Ryd            0.00148
  638 c    16 d    Ryd            0.00140
  639 c    16 d    Ryd            0.00099
  640 c    16 d    Ryd            0.00129
  641 c    16 d    Ryd            0.00076
  642 c    16 d    Ryd            0.00019
  643 c    16 d    Ryd            0.00028
  644 c    16 d    Ryd            0.00045
  645 c    16 d    Ryd            0.00015
  646 c    16 d    Ryd            0.00024
  647 c    16 f    Ryd            0.00011
  648 c    16 f    Ryd            0.00033
  649 c    16 f    Ryd            0.00033
  650 c    16 f    Ryd            0.00023
  651 c    16 f    Ryd            0.00025
  652 c    16 f    Ryd            0.00026
  653 c    16 f    Ryd            0.00022

  654 c    17 s    Cor(1s)        1.99908
  655 c    17 s    Val(2s)        0.98860
  656 c    17 s    Ryd            0.00212
  657 c    17 s    Ryd            0.00012
  658 c    17 s    Ryd            0.00000
  659 c    17 p    Val(2px)       1.13228
  660 c    17 p    Val(2py)       1.06646
  661 c    17 p    Val(2pz)       1.12643
  662 c    17 p    Ryd            0.00287
  663 c    17 p    Ryd            0.00349
  664 c    17 p    Ryd            0.00403
  665 c    17 p    Ryd            0.00023
  666 c    17 p    Ryd            0.00032
  667 c    17 p    Ryd            0.00038
  668 c    17 d    Ryd            0.00148
  669 c    17 d    Ryd            0.00099
  670 c    17 d    Ryd            0.00140
  671 c    17 d    Ryd            0.00129
  672 c    17 d    Ryd            0.00076
  673 c    17 d    Ryd            0.00019
  674 c    17 d    Ryd            0.00045
  675 c    17 d    Ryd            0.00028
  676 c    17 d    Ryd            0.00015
  677 c    17 d    Ryd            0.00024
  678 c    17 f    Ryd            0.00011
  679 c    17 f    Ryd            0.00033
  680 c    17 f    Ryd            0.00033
  681 c    17 f    Ryd            0.00023
  682 c    17 f    Ryd            0.00025
  683 c    17 f    Ryd            0.00022
  684 c    17 f    Ryd            0.00026

  685 c    18 s    Cor(1s)        1.99903
  686 c    18 s    Val(2s)        0.98977
  687 c    18 s    Ryd            0.00189
  688 c    18 s    Ryd            0.00011
  689 c    18 s    Ryd            0.00000
  690 c    18 p    Val(2px)       1.11369
  691 c    18 p    Val(2py)       1.14724
  692 c    18 p    Val(2pz)       1.04978
  693 c    18 p    Ryd            0.00284
  694 c    18 p    Ryd            0.00371
  695 c    18 p    Ryd            0.00337
  696 c    18 p    Ryd            0.00021
  697 c    18 p    Ryd            0.00050
  698 c    18 p    Ryd            0.00018
  699 c    18 d    Ryd            0.00066
  700 c    18 d    Ryd            0.00087
  701 c    18 d    Ryd            0.00150
  702 c    18 d    Ryd            0.00143
  703 c    18 d    Ryd            0.00146
  704 c    18 d    Ryd            0.00037
  705 c    18 d    Ryd            0.00032
  706 c    18 d    Ryd            0.00020
  707 c    18 d    Ryd            0.00028
  708 c    18 d    Ryd            0.00014
  709 c    18 f    Ryd            0.00024
  710 c    18 f    Ryd            0.00015
  711 c    18 f    Ryd            0.00025
  712 c    18 f    Ryd            0.00034
  713 c    18 f    Ryd            0.00022
  714 c    18 f    Ryd            0.00030
  715 c    18 f    Ryd            0.00022

  716 c    19 s    Cor(1s)        1.99908
  717 c    19 s    Val(2s)        0.98860
  718 c    19 s    Ryd            0.00212
  719 c    19 s    Ryd            0.00012
  720 c    19 s    Ryd            0.00000
  721 c    19 p    Val(2px)       1.13228
  722 c    19 p    Val(2py)       1.06646
  723 c    19 p    Val(2pz)       1.12643
  724 c    19 p    Ryd            0.00287
  725 c    19 p    Ryd            0.00349
  726 c    19 p    Ryd            0.00403
  727 c    19 p    Ryd            0.00023
  728 c    19 p    Ryd            0.00032
  729 c    19 p    Ryd            0.00038
  730 c    19 d    Ryd            0.00148
  731 c    19 d    Ryd            0.00099
  732 c    19 d    Ryd            0.00140
  733 c    19 d    Ryd            0.00129
  734 c    19 d    Ryd            0.00076
  735 c    19 d    Ryd            0.00019
  736 c    19 d    Ryd            0.00045
  737 c    19 d    Ryd            0.00028
  738 c    19 d    Ryd            0.00015
  739 c    19 d    Ryd            0.00024
  740 c    19 f    Ryd            0.00011
  741 c    19 f    Ryd            0.00033
  742 c    19 f    Ryd            0.00033
  743 c    19 f    Ryd            0.00023
  744 c    19 f    Ryd            0.00025
  745 c    19 f    Ryd            0.00022
  746 c    19 f    Ryd            0.00026

  747 c    20 s    Cor(1s)        1.99908
  748 c    20 s    Val(2s)        0.98860
  749 c    20 s    Ryd            0.00212
  750 c    20 s    Ryd            0.00012
  751 c    20 s    Ryd            0.00000
  752 c    20 p    Val(2px)       1.06646
  753 c    20 p    Val(2py)       1.13228
  754 c    20 p    Val(2pz)       1.12643
  755 c    20 p    Ryd            0.00349
  756 c    20 p    Ryd            0.00287
  757 c    20 p    Ryd            0.00403
  758 c    20 p    Ryd            0.00032
  759 c    20 p    Ryd            0.00023
  760 c    20 p    Ryd            0.00038
  761 c    20 d    Ryd            0.00148
  762 c    20 d    Ryd            0.00140
  763 c    20 d    Ryd            0.00099
  764 c    20 d    Ryd            0.00129
  765 c    20 d    Ryd            0.00076
  766 c    20 d    Ryd            0.00019
  767 c    20 d    Ryd            0.00028
  768 c    20 d    Ryd            0.00045
  769 c    20 d    Ryd            0.00015
  770 c    20 d    Ryd            0.00024
  771 c    20 f    Ryd            0.00011
  772 c    20 f    Ryd            0.00033
  773 c    20 f    Ryd            0.00033
  774 c    20 f    Ryd            0.00023
  775 c    20 f    Ryd            0.00025
  776 c    20 f    Ryd            0.00026
  777 c    20 f    Ryd            0.00022

  778 c    21 s    Cor(1s)        1.99903
  779 c    21 s    Val(2s)        0.98977
  780 c    21 s    Ryd            0.00189
  781 c    21 s    Ryd            0.00011
  782 c    21 s    Ryd            0.00000
  783 c    21 p    Val(2px)       1.14724
  784 c    21 p    Val(2py)       1.11369
  785 c    21 p    Val(2pz)       1.04978
  786 c    21 p    Ryd            0.00371
  787 c    21 p    Ryd            0.00284
  788 c    21 p    Ryd            0.00337
  789 c    21 p    Ryd            0.00050
  790 c    21 p    Ryd            0.00021
  791 c    21 p    Ryd            0.00018
  792 c    21 d    Ryd            0.00066
  793 c    21 d    Ryd            0.00150
  794 c    21 d    Ryd            0.00087
  795 c    21 d    Ryd            0.00143
  796 c    21 d    Ryd            0.00146
  797 c    21 d    Ryd            0.00037
  798 c    21 d    Ryd            0.00020
  799 c    21 d    Ryd            0.00032
  800 c    21 d    Ryd            0.00028
  801 c    21 d    Ryd            0.00014
  802 c    21 f    Ryd            0.00024
  803 c    21 f    Ryd            0.00025
  804 c    21 f    Ryd            0.00015
  805 c    21 f    Ryd            0.00034
  806 c    21 f    Ryd            0.00022
  807 c    21 f    Ryd            0.00022
  808 c    21 f    Ryd            0.00030

  809 c    22 s    Cor(1s)        1.99900
  810 c    22 s    Val(2s)        0.99090
  811 c    22 s    Ryd            0.00189
  812 c    22 s    Ryd            0.00014
  813 c    22 s    Ryd            0.00000
  814 c    22 p    Val(2px)       1.06927
  815 c    22 p    Val(2py)       1.06927
  816 c    22 p    Val(2pz)       1.17383
  817 c    22 p    Ryd            0.00366
  818 c    22 p    Ryd            0.00366
  819 c    22 p    Ryd            0.00348
  820 c    22 p    Ryd            0.00042
  821 c    22 p    Ryd            0.00042
  822 c    22 p    Ryd            0.00033
  823 c    22 d    Ryd            0.00147
  824 c    22 d    Ryd            0.00121
  825 c    22 d    Ryd            0.00121
  826 c    22 d    Ryd            0.00118
  827 c    22 d    Ryd            0.00064
  828 c    22 d    Ryd            0.00040
  829 c    22 d    Ryd            0.00019
  830 c    22 d    Ryd            0.00019
  831 c    22 d    Ryd            0.00031
  832 c    22 d    Ryd            0.00023
  833 c    22 f    Ryd            0.00033
  834 c    22 f    Ryd            0.00024
  835 c    22 f    Ryd            0.00024
  836 c    22 f    Ryd            0.00045
  837 c    22 f    Ryd            0.00012
  838 c    22 f    Ryd            0.00015
  839 c    22 f    Ryd            0.00015

  840 c    23 s    Cor(1s)        1.99903
  841 c    23 s    Val(2s)        0.98977
  842 c    23 s    Ryd            0.00189
  843 c    23 s    Ryd            0.00011
  844 c    23 s    Ryd            0.00000
  845 c    23 p    Val(2px)       1.14724
  846 c    23 p    Val(2py)       1.11369
  847 c    23 p    Val(2pz)       1.04978
  848 c    23 p    Ryd            0.00371
  849 c    23 p    Ryd            0.00284
  850 c    23 p    Ryd            0.00337
  851 c    23 p    Ryd            0.00050
  852 c    23 p    Ryd            0.00021
  853 c    23 p    Ryd            0.00018
  854 c    23 d    Ryd            0.00066
  855 c    23 d    Ryd            0.00150
  856 c    23 d    Ryd            0.00087
  857 c    23 d    Ryd            0.00143
  858 c    23 d    Ryd            0.00146
  859 c    23 d    Ryd            0.00037
  860 c    23 d    Ryd            0.00020
  861 c    23 d    Ryd            0.00032
  862 c    23 d    Ryd            0.00028
  863 c    23 d    Ryd            0.00014
  864 c    23 f    Ryd            0.00024
  865 c    23 f    Ryd            0.00025
  866 c    23 f    Ryd            0.00015
  867 c    23 f    Ryd            0.00034
  868 c    23 f    Ryd            0.00022
  869 c    23 f    Ryd            0.00022
  870 c    23 f    Ryd            0.00030

  871 c    24 s    Cor(1s)        1.99908
  872 c    24 s    Val(2s)        0.98860
  873 c    24 s    Ryd            0.00212
  874 c    24 s    Ryd            0.00012
  875 c    24 s    Ryd            0.00000
  876 c    24 p    Val(2px)       1.06646
  877 c    24 p    Val(2py)       1.13228
  878 c    24 p    Val(2pz)       1.12643
  879 c    24 p    Ryd            0.00349
  880 c    24 p    Ryd            0.00287
  881 c    24 p    Ryd            0.00403
  882 c    24 p    Ryd            0.00032
  883 c    24 p    Ryd            0.00023
  884 c    24 p    Ryd            0.00038
  885 c    24 d    Ryd            0.00148
  886 c    24 d    Ryd            0.00140
  887 c    24 d    Ryd            0.00099
  888 c    24 d    Ryd            0.00129
  889 c    24 d    Ryd            0.00076
  890 c    24 d    Ryd            0.00019
  891 c    24 d    Ryd            0.00028
  892 c    24 d    Ryd            0.00045
  893 c    24 d    Ryd            0.00015
  894 c    24 d    Ryd            0.00024
  895 c    24 f    Ryd            0.00011
  896 c    24 f    Ryd            0.00033
  897 c    24 f    Ryd            0.00033
  898 c    24 f    Ryd            0.00023
  899 c    24 f    Ryd            0.00025
  900 c    24 f    Ryd            0.00026
  901 c    24 f    Ryd            0.00022

  902 c    25 s    Cor(1s)        1.99908
  903 c    25 s    Val(2s)        0.98860
  904 c    25 s    Ryd            0.00212
  905 c    25 s    Ryd            0.00012
  906 c    25 s    Ryd            0.00000
  907 c    25 p    Val(2px)       1.13228
  908 c    25 p    Val(2py)       1.06646
  909 c    25 p    Val(2pz)       1.12643
  910 c    25 p    Ryd            0.00287
  911 c    25 p    Ryd            0.00349
  912 c    25 p    Ryd            0.00403
  913 c    25 p    Ryd            0.00023
  914 c    25 p    Ryd            0.00032
  915 c    25 p    Ryd            0.00038
  916 c    25 d    Ryd            0.00148
  917 c    25 d    Ryd            0.00099
  918 c    25 d    Ryd            0.00140
  919 c    25 d    Ryd            0.00129
  920 c    25 d    Ryd            0.00076
  921 c    25 d    Ryd            0.00019
  922 c    25 d    Ryd            0.00045
  923 c    25 d    Ryd            0.00028
  924 c    25 d    Ryd            0.00015
  925 c    25 d    Ryd            0.00024
  926 c    25 f    Ryd            0.00011
  927 c    25 f    Ryd            0.00033
  928 c    25 f    Ryd            0.00033
  929 c    25 f    Ryd            0.00023
  930 c    25 f    Ryd            0.00025
  931 c    25 f    Ryd            0.00022
  932 c    25 f    Ryd            0.00026

  933 c    26 s    Cor(1s)        1.99903
  934 c    26 s    Val(2s)        0.98977
  935 c    26 s    Ryd            0.00189
  936 c    26 s    Ryd            0.00011
  937 c    26 s    Ryd            0.00000
  938 c    26 p    Val(2px)       1.11369
  939 c    26 p    Val(2py)       1.14724
  940 c    26 p    Val(2pz)       1.04978
  941 c    26 p    Ryd            0.00284
  942 c    26 p    Ryd            0.00371
  943 c    26 p    Ryd            0.00337
  944 c    26 p    Ryd            0.00021
  945 c    26 p    Ryd            0.00050
  946 c    26 p    Ryd            0.00018
  947 c    26 d    Ryd            0.00066
  948 c    26 d    Ryd            0.00087
  949 c    26 d    Ryd            0.00150
  950 c    26 d    Ryd            0.00143
  951 c    26 d    Ryd            0.00146
  952 c    26 d    Ryd            0.00037
  953 c    26 d    Ryd            0.00032
  954 c    26 d    Ryd            0.00020
  955 c    26 d    Ryd            0.00028
  956 c    26 d    Ryd            0.00014
  957 c    26 f    Ryd            0.00024
  958 c    26 f    Ryd            0.00015
  959 c    26 f    Ryd            0.00025
  960 c    26 f    Ryd            0.00034
  961 c    26 f    Ryd            0.00022
  962 c    26 f    Ryd            0.00030
  963 c    26 f    Ryd            0.00022

  964 c    27 s    Cor(1s)        1.99900
  965 c    27 s    Val(2s)        0.99090
  966 c    27 s    Ryd            0.00189
  967 c    27 s    Ryd            0.00014
  968 c    27 s    Ryd            0.00000
  969 c    27 p    Val(2px)       1.06927
  970 c    27 p    Val(2py)       1.06927
  971 c    27 p    Val(2pz)       1.17383
  972 c    27 p    Ryd            0.00366
  973 c    27 p    Ryd            0.00366
  974 c    27 p    Ryd            0.00348
  975 c    27 p    Ryd            0.00042
  976 c    27 p    Ryd            0.00042
  977 c    27 p    Ryd            0.00033
  978 c    27 d    Ryd            0.00147
  979 c    27 d    Ryd            0.00121
  980 c    27 d    Ryd            0.00121
  981 c    27 d    Ryd            0.00118
  982 c    27 d    Ryd            0.00064
  983 c    27 d    Ryd            0.00040
  984 c    27 d    Ryd            0.00019
  985 c    27 d    Ryd            0.00019
  986 c    27 d    Ryd            0.00031
  987 c    27 d    Ryd            0.00023
  988 c    27 f    Ryd            0.00033
  989 c    27 f    Ryd            0.00024
  990 c    27 f    Ryd            0.00024
  991 c    27 f    Ryd            0.00045
  992 c    27 f    Ryd            0.00012
  993 c    27 f    Ryd            0.00015
  994 c    27 f    Ryd            0.00015

  995 h    28 s    Val(1s)        0.76197
  996 h    28 s    Ryd            0.00035
  997 h    28 s    Ryd            0.00013
  998 h    28 p    Ryd            0.00027
  999 h    28 p    Ryd            0.00039
 1000 h    28 p    Ryd            0.00012

 1001 h    29 s    Val(1s)        0.76525
 1002 h    29 s    Ryd            0.00033
 1003 h    29 s    Ryd            0.00014
 1004 h    29 p    Ryd            0.00031
 1005 h    29 p    Ryd            0.00011
 1006 h    29 p    Ryd            0.00036

 1007 h    30 s    Val(1s)        0.75846
 1008 h    30 s    Ryd            0.00047
 1009 h    30 s    Ryd            0.00018
 1010 h    30 p    Ryd            0.00012
 1011 h    30 p    Ryd            0.00012
 1012 h    30 p    Ryd            0.00053

 1013 h    31 s    Val(1s)        0.76525
 1014 h    31 s    Ryd            0.00033
 1015 h    31 s    Ryd            0.00014
 1016 h    31 p    Ryd            0.00011
 1017 h    31 p    Ryd            0.00031
 1018 h    31 p    Ryd            0.00036

 1019 h    32 s    Val(1s)        0.76197
 1020 h    32 s    Ryd            0.00035
 1021 h    32 s    Ryd            0.00013
 1022 h    32 p    Ryd            0.00039
 1023 h    32 p    Ryd            0.00027
 1024 h    32 p    Ryd            0.00012

 1025 h    33 s    Val(1s)        0.76525
 1026 h    33 s    Ryd            0.00033
 1027 h    33 s    Ryd            0.00014
 1028 h    33 p    Ryd            0.00031
 1029 h    33 p    Ryd            0.00011
 1030 h    33 p    Ryd            0.00036

 1031 h    34 s    Val(1s)        0.76197
 1032 h    34 s    Ryd            0.00035
 1033 h    34 s    Ryd            0.00013
 1034 h    34 p    Ryd            0.00027
 1035 h    34 p    Ryd            0.00039
 1036 h    34 p    Ryd            0.00012

 1037 h    35 s    Val(1s)        0.75846
 1038 h    35 s    Ryd            0.00047
 1039 h    35 s    Ryd            0.00018
 1040 h    35 p    Ryd            0.00012
 1041 h    35 p    Ryd            0.00012
 1042 h    35 p    Ryd            0.00053

 1043 h    36 s    Val(1s)        0.76197
 1044 h    36 s    Ryd            0.00035
 1045 h    36 s    Ryd            0.00013
 1046 h    36 p    Ryd            0.00039
 1047 h    36 p    Ryd            0.00027
 1048 h    36 p    Ryd            0.00012

 1049 h    37 s    Val(1s)        0.76525
 1050 h    37 s    Ryd            0.00033
 1051 h    37 s    Ryd            0.00014
 1052 h    37 p    Ryd            0.00011
 1053 h    37 p    Ryd            0.00031
 1054 h    37 p    Ryd            0.00036

 1055 h    38 s    Val(1s)        0.76197
 1056 h    38 s    Ryd            0.00035
 1057 h    38 s    Ryd            0.00013
 1058 h    38 p    Ryd            0.00027
 1059 h    38 p    Ryd            0.00039
 1060 h    38 p    Ryd            0.00012

 1061 h    39 s    Val(1s)        0.75846
 1062 h    39 s    Ryd            0.00047
 1063 h    39 s    Ryd            0.00018
 1064 h    39 p    Ryd            0.00012
 1065 h    39 p    Ryd            0.00012
 1066 h    39 p    Ryd            0.00053

 1067 h    40 s    Val(1s)        0.76197
 1068 h    40 s    Ryd            0.00035
 1069 h    40 s    Ryd            0.00013
 1070 h    40 p    Ryd            0.00039
 1071 h    40 p    Ryd            0.00027
 1072 h    40 p    Ryd            0.00012

 1073 h    41 s    Val(1s)        0.76525
 1074 h    41 s    Ryd            0.00033
 1075 h    41 s    Ryd            0.00014
 1076 h    41 p    Ryd            0.00011
 1077 h    41 p    Ryd            0.00031
 1078 h    41 p    Ryd            0.00036

 1079 h    42 s    Val(1s)        0.76525
 1080 h    42 s    Ryd            0.00033
 1081 h    42 s    Ryd            0.00014
 1082 h    42 p    Ryd            0.00031
 1083 h    42 p    Ryd            0.00011
 1084 h    42 p    Ryd            0.00036

 1085 h    43 s    Val(1s)        0.76525
 1086 h    43 s    Ryd            0.00033
 1087 h    43 s    Ryd            0.00014
 1088 h    43 p    Ryd            0.00031
 1089 h    43 p    Ryd            0.00011
 1090 h    43 p    Ryd            0.00036

 1091 h    44 s    Val(1s)        0.76197
 1092 h    44 s    Ryd            0.00035
 1093 h    44 s    Ryd            0.00013
 1094 h    44 p    Ryd            0.00027
 1095 h    44 p    Ryd            0.00039
 1096 h    44 p    Ryd            0.00012

 1097 h    45 s    Val(1s)        0.75846
 1098 h    45 s    Ryd            0.00047
 1099 h    45 s    Ryd            0.00018
 1100 h    45 p    Ryd            0.00012
 1101 h    45 p    Ryd            0.00012
 1102 h    45 p    Ryd            0.00053

 1103 h    46 s    Val(1s)        0.76525
 1104 h    46 s    Ryd            0.00033
 1105 h    46 s    Ryd            0.00014
 1106 h    46 p    Ryd            0.00011
 1107 h    46 p    Ryd            0.00031
 1108 h    46 p    Ryd            0.00036

 1109 h    47 s    Val(1s)        0.76197
 1110 h    47 s    Ryd            0.00035
 1111 h    47 s    Ryd            0.00013
 1112 h    47 p    Ryd            0.00039
 1113 h    47 p    Ryd            0.00027
 1114 h    47 p    Ryd            0.00012

Summary of Natural Population Analysis:
                                      Natural Population
                 Natural   -----------------------------------
Atom No          Charge       Core        Valence     Rydberg     Total
               ----------------------------------------------------------
  1  mo           0.14109     7.96804     5.81274     0.07813    13.85891
  2  dy           1.10079    25.97807    10.70487     0.21628    36.89921
  3  dy           1.10079    25.97807    10.70487     0.21628    36.89921
  4  s           -0.37808     9.99894     6.34561     0.03353    16.37808
  5  s           -0.37808     9.99894     6.34561     0.03353    16.37808
  6  s           -0.37808     9.99894     6.34561     0.03353    16.37808
  7  s           -0.37808     9.99894     6.34561     0.03353    16.37808
  8  c           -0.32127     1.99903     4.30048     0.02177     6.32127
  9  c           -0.32495     1.99900     4.30326     0.02268     6.32495
 10  c           -0.32127     1.99903     4.30048     0.02177     6.32127
 11  c           -0.33538     1.99908     4.31377     0.02253     6.33538
 12  c           -0.33538     1.99908     4.31377     0.02253     6.33538
 13  c           -0.32127     1.99903     4.30048     0.02177     6.32127
 14  c           -0.32495     1.99900     4.30326     0.02268     6.32495
 15  c           -0.32127     1.99903     4.30048     0.02177     6.32127
 16  c           -0.33538     1.99908     4.31377     0.02253     6.33538
 17  c           -0.33538     1.99908     4.31377     0.02253     6.33538
 18  c           -0.32127     1.99903     4.30048     0.02177     6.32127
 19  c           -0.33538     1.99908     4.31377     0.02253     6.33538
 20  c           -0.33538     1.99908     4.31377     0.02253     6.33538
 21  c           -0.32127     1.99903     4.30048     0.02177     6.32127
 22  c           -0.32495     1.99900     4.30326     0.02268     6.32495
 23  c           -0.32127     1.99903     4.30048     0.02177     6.32127
 24  c           -0.33538     1.99908     4.31377     0.02253     6.33538
 25  c           -0.33538     1.99908     4.31377     0.02253     6.33538
 26  c           -0.32127     1.99903     4.30048     0.02177     6.32127
 27  c           -0.32495     1.99900     4.30326     0.02268     6.32495
 28  h            0.23677     0.00000     0.76197     0.00126     0.76323
 29  h            0.23351     0.00000     0.76525     0.00125     0.76649
 30  h            0.24012     0.00000     0.75846     0.00142     0.75988
 31  h            0.23351     0.00000     0.76525     0.00125     0.76649
 32  h            0.23677     0.00000     0.76197     0.00126     0.76323
 33  h            0.23351     0.00000     0.76525     0.00125     0.76649
 34  h            0.23677     0.00000     0.76197     0.00126     0.76323
 35  h            0.24012     0.00000     0.75846     0.00142     0.75988
 36  h            0.23677     0.00000     0.76197     0.00126     0.76323
 37  h            0.23351     0.00000     0.76525     0.00125     0.76649
 38  h            0.23677     0.00000     0.76197     0.00126     0.76323
 39  h            0.24012     0.00000     0.75846     0.00142     0.75988
 40  h            0.23677     0.00000     0.76197     0.00126     0.76323
 41  h            0.23351     0.00000     0.76525     0.00125     0.76649
 42  h            0.23351     0.00000     0.76525     0.00125     0.76649
 43  h            0.23351     0.00000     0.76525     0.00125     0.76649
 44  h            0.23677     0.00000     0.76197     0.00126     0.76323
 45  h            0.24012     0.00000     0.75846     0.00142     0.75988
 46  h            0.23351     0.00000     0.76525     0.00125     0.76649
 47  h            0.23677     0.00000     0.76197     0.00126     0.76323
               ----------------------------------------------------------
 * Total *       -1.00000   139.90087   153.98353     1.11560   295.00000

For all atoms:
Core                     139.90087(  99.9292% of  140)
Valence                  153.98353(  99.3442% of  155)
Natural Minimal Basis    293.88440(  99.6218% of  295)
Natural Rydberg Basis      1.11560(   0.3782% of  295)

 ==============================================================================

atomic populations from total density:
atom          charge    n(s)      n(p)      n(d)      n(f)      n(g)
  1 mo         0.14109   2.40530   5.98669   5.46067   0.00626   0.00000
  2 dy         1.10079   4.76836  12.00149  11.64104   8.48813   0.00020
  3 dy         1.10079   4.76836  12.00149  11.64104   8.48813   0.00020
  4 s         -0.37808   5.76521  10.58706   0.02506   0.00075   0.00000
  5 s         -0.37808   5.76521  10.58706   0.02506   0.00075   0.00000
  6 s         -0.37808   5.76521  10.58706   0.02506   0.00075   0.00000
  7 s         -0.37808   5.76521  10.58706   0.02506   0.00075   0.00000
  8 c         -0.32127   2.99080   3.32152   0.00723   0.00172   0.00000
  9 c         -0.32495   2.99194   3.32432   0.00701   0.00168   0.00000
 10 c         -0.32127   2.99080   3.32152   0.00723   0.00172   0.00000
 11 c         -0.33538   2.98992   3.33648   0.00724   0.00173   0.00000
 12 c         -0.33538   2.98992   3.33648   0.00724   0.00173   0.00000
 13 c         -0.32127   2.99080   3.32152   0.00723   0.00172   0.00000
 14 c         -0.32495   2.99194   3.32432   0.00701   0.00168   0.00000
 15 c         -0.32127   2.99080   3.32152   0.00723   0.00172   0.00000
 16 c         -0.33538   2.98992   3.33648   0.00724   0.00173   0.00000
 17 c         -0.33538   2.98992   3.33648   0.00724   0.00173   0.00000
 18 c         -0.32127   2.99080   3.32152   0.00723   0.00172   0.00000
 19 c         -0.33538   2.98992   3.33648   0.00724   0.00173   0.00000
 20 c         -0.33538   2.98992   3.33648   0.00724   0.00173   0.00000
 21 c         -0.32127   2.99080   3.32152   0.00723   0.00172   0.00000
 22 c         -0.32495   2.99194   3.32432   0.00701   0.00168   0.00000
 23 c         -0.32127   2.99080   3.32152   0.00723   0.00172   0.00000
 24 c         -0.33538   2.98992   3.33648   0.00724   0.00173   0.00000
 25 c         -0.33538   2.98992   3.33648   0.00724   0.00173   0.00000
 26 c         -0.32127   2.99080   3.32152   0.00723   0.00172   0.00000
 27 c         -0.32495   2.99194   3.32432   0.00701   0.00168   0.00000
 28 h          0.23677   0.76245   0.00079   0.00000   0.00000   0.00000
 29 h          0.23351   0.76571   0.00079   0.00000   0.00000   0.00000
 30 h          0.24012   0.75910   0.00077   0.00000   0.00000   0.00000
 31 h          0.23351   0.76571   0.00079   0.00000   0.00000   0.00000
 32 h          0.23677   0.76245   0.00079   0.00000   0.00000   0.00000
 33 h          0.23351   0.76571   0.00079   0.00000   0.00000   0.00000
 34 h          0.23677   0.76245   0.00079   0.00000   0.00000   0.00000
 35 h          0.24012   0.75910   0.00077   0.00000   0.00000   0.00000
 36 h          0.23677   0.76245   0.00079   0.00000   0.00000   0.00000
 37 h          0.23351   0.76571   0.00079   0.00000   0.00000   0.00000
 38 h          0.23677   0.76245   0.00079   0.00000   0.00000   0.00000
 39 h          0.24012   0.75910   0.00077   0.00000   0.00000   0.00000
 40 h          0.23677   0.76245   0.00079   0.00000   0.00000   0.00000
 41 h          0.23351   0.76571   0.00079   0.00000   0.00000   0.00000
 42 h          0.23351   0.76571   0.00079   0.00000   0.00000   0.00000
 43 h          0.23351   0.76571   0.00079   0.00000   0.00000   0.00000
 44 h          0.23677   0.76245   0.00079   0.00000   0.00000   0.00000
 45 h          0.24012   0.75910   0.00077   0.00000   0.00000   0.00000
 46 h          0.23351   0.76571   0.00079   0.00000   0.00000   0.00000
 47 h          0.23677   0.76245   0.00079   0.00000   0.00000   0.00000

 ==============================================================================

 
 moments (from total density versus population analysis)
 <charge> =            -1.000000           -1.000000
 <xx  >   =          -207.132512           -8.469737
 <yy  >   =          -207.132512           -8.469737
 <zz  >   =          -208.238696          -27.275432
 <xy  >   =            -0.000000           -0.000000
 <xz  >   =            -0.000000            0.000001
 <yz  >   =            -0.000000           -0.000000


nbfiat:  1  6 12 15  7  0  0  0  0  0  0  0
nbfiat:  2 10 21 25 28  9  0  0  0  0  0  0
nbfiat:  3 10 21 25 28  9  0  0  0  0  0  0
nbfiat:  4  5 15 10  7  0  0  0  0  0  0  0
nbfiat:  5  5 15 10  7  0  0  0  0  0  0  0
nbfiat:  6  5 15 10  7  0  0  0  0  0  0  0
nbfiat:  7  5 15 10  7  0  0  0  0  0  0  0
nbfiat:  8  5  9 10  7  0  0  0  0  0  0  0
nbfiat:  9  5  9 10  7  0  0  0  0  0  0  0
nbfiat: 10  5  9 10  7  0  0  0  0  0  0  0
nbfiat: 11  5  9 10  7  0  0  0  0  0  0  0
nbfiat: 12  5  9 10  7  0  0  0  0  0  0  0
nbfiat: 13  5  9 10  7  0  0  0  0  0  0  0
nbfiat: 14  5  9 10  7  0  0  0  0  0  0  0
nbfiat: 15  5  9 10  7  0  0  0  0  0  0  0
nbfiat: 16  5  9 10  7  0  0  0  0  0  0  0
nbfiat: 17  5  9 10  7  0  0  0  0  0  0  0
nbfiat: 18  5  9 10  7  0  0  0  0  0  0  0
nbfiat: 19  5  9 10  7  0  0  0  0  0  0  0
nbfiat: 20  5  9 10  7  0  0  0  0  0  0  0
nbfiat: 21  5  9 10  7  0  0  0  0  0  0  0
nbfiat: 22  5  9 10  7  0  0  0  0  0  0  0
nbfiat: 23  5  9 10  7  0  0  0  0  0  0  0
nbfiat: 24  5  9 10  7  0  0  0  0  0  0  0
nbfiat: 25  5  9 10  7  0  0  0  0  0  0  0
nbfiat: 26  5  9 10  7  0  0  0  0  0  0  0
nbfiat: 27  5  9 10  7  0  0  0  0  0  0  0
nbfiat: 28  3  3  0  0  0  0  0  0  0  0  0
nbfiat: 29  3  3  0  0  0  0  0  0  0  0  0
nbfiat: 30  3  3  0  0  0  0  0  0  0  0  0
nbfiat: 31  3  3  0  0  0  0  0  0  0  0  0
nbfiat: 32  3  3  0  0  0  0  0  0  0  0  0
nbfiat: 33  3  3  0  0  0  0  0  0  0  0  0
nbfiat: 34  3  3  0  0  0  0  0  0  0  0  0
nbfiat: 35  3  3  0  0  0  0  0  0  0  0  0
nbfiat: 36  3  3  0  0  0  0  0  0  0  0  0
nbfiat: 37  3  3  0  0  0  0  0  0  0  0  0
nbfiat: 38  3  3  0  0  0  0  0  0  0  0  0
nbfiat: 39  3  3  0  0  0  0  0  0  0  0  0
nbfiat: 40  3  3  0  0  0  0  0  0  0  0  0
nbfiat: 41  3  3  0  0  0  0  0  0  0  0  0
nbfiat: 42  3  3  0  0  0  0  0  0  0  0  0
nbfiat: 43  3  3  0  0  0  0  0  0  0  0  0
nbfiat: 44  3  3  0  0  0  0  0  0  0  0  0
nbfiat: 45  3  3  0  0  0  0  0  0  0  0  0
nbfiat: 46  3  3  0  0  0  0  0  0  0  0  0
nbfiat: 47  3  3  0  0  0  0  0  0  0  0  0
***********************************
*** Spin density (Dalpha-Dbeta) ***
***********************************

 ==============================================================================

atomic populations from spin  density:
atom          sum       n(s)      n(p)      n(d)      n(f)      n(g)
  1 mo         0.72387   0.00959  -0.00579   0.72002   0.00005   0.00000
  2 dy         5.20400  -0.48519   0.03569   0.15377   5.49971   0.00002
  3 dy         5.20400  -0.48519   0.03569   0.15377   5.49971   0.00002
  4 s          0.00793  -0.00296   0.01013   0.00075   0.00001   0.00000
  5 s          0.00793  -0.00296   0.01013   0.00075   0.00001   0.00000
  6 s          0.00793  -0.00296   0.01013   0.00075   0.00001   0.00000
  7 s          0.00793  -0.00296   0.01013   0.00075   0.00001   0.00000
  8 c         -0.01255  -0.00095  -0.01149  -0.00011  -0.00000   0.00000
  9 c         -0.00319  -0.00038  -0.00154  -0.00125  -0.00002   0.00000
 10 c         -0.01255  -0.00095  -0.01149  -0.00011  -0.00000   0.00000
 11 c         -0.00688  -0.00094  -0.00530  -0.00062  -0.00001   0.00000
 12 c         -0.00688  -0.00094  -0.00530  -0.00062  -0.00001   0.00000
 13 c         -0.01255  -0.00095  -0.01149  -0.00011  -0.00000   0.00000
 14 c         -0.00319  -0.00038  -0.00154  -0.00125  -0.00002   0.00000
 15 c         -0.01255  -0.00095  -0.01149  -0.00011  -0.00000   0.00000
 16 c         -0.00688  -0.00094  -0.00530  -0.00062  -0.00001   0.00000
 17 c         -0.00688  -0.00094  -0.00530  -0.00062  -0.00001   0.00000
 18 c         -0.01255  -0.00095  -0.01149  -0.00011  -0.00000   0.00000
 19 c         -0.00688  -0.00094  -0.00530  -0.00062  -0.00001   0.00000
 20 c         -0.00688  -0.00094  -0.00530  -0.00062  -0.00001   0.00000
 21 c         -0.01255  -0.00095  -0.01149  -0.00011  -0.00000   0.00000
 22 c         -0.00319  -0.00038  -0.00154  -0.00125  -0.00002   0.00000
 23 c         -0.01255  -0.00095  -0.01149  -0.00011  -0.00000   0.00000
 24 c         -0.00688  -0.00094  -0.00530  -0.00062  -0.00001   0.00000
 25 c         -0.00688  -0.00094  -0.00530  -0.00062  -0.00001   0.00000
 26 c         -0.01255  -0.00095  -0.01149  -0.00011  -0.00000   0.00000
 27 c         -0.00319  -0.00038  -0.00154  -0.00125  -0.00002   0.00000
 28 h          0.00047   0.00048  -0.00001   0.00000   0.00000   0.00000
 29 h          0.00012   0.00012  -0.00000   0.00000   0.00000   0.00000
 30 h         -0.00003  -0.00003  -0.00000   0.00000   0.00000   0.00000
 31 h          0.00012   0.00012  -0.00000   0.00000   0.00000   0.00000
 32 h          0.00047   0.00048  -0.00001   0.00000   0.00000   0.00000
 33 h          0.00012   0.00012  -0.00000   0.00000   0.00000   0.00000
 34 h          0.00047   0.00048  -0.00001   0.00000   0.00000   0.00000
 35 h         -0.00003  -0.00003  -0.00000   0.00000   0.00000   0.00000
 36 h          0.00047   0.00048  -0.00001   0.00000   0.00000   0.00000
 37 h          0.00012   0.00012  -0.00000   0.00000   0.00000   0.00000
 38 h          0.00047   0.00048  -0.00001   0.00000   0.00000   0.00000
 39 h         -0.00003  -0.00003  -0.00000   0.00000   0.00000   0.00000
 40 h          0.00047   0.00048  -0.00001   0.00000   0.00000   0.00000
 41 h          0.00012   0.00012  -0.00000   0.00000   0.00000   0.00000
 42 h          0.00012   0.00012  -0.00000   0.00000   0.00000   0.00000
 43 h          0.00012   0.00012  -0.00000   0.00000   0.00000   0.00000
 44 h          0.00047   0.00048  -0.00001   0.00000   0.00000   0.00000
 45 h         -0.00003  -0.00003  -0.00000   0.00000   0.00000   0.00000
 46 h          0.00012   0.00012  -0.00000   0.00000   0.00000   0.00000
 47 h          0.00047   0.00048  -0.00001   0.00000   0.00000   0.00000
 
 ==============================================================================
 
HOMO-LUMO Separation
 HOMO         :   -0.12797518 H =     -3.48238 eV
 LUMO         :   -0.07846254 H =     -2.13508 eV
 HOMO-LUMO gap:    0.04951264 H =     +1.34731 eV
 
 ==============================================================================


    ------------------------------------------------------------------------
         total  cpu-time :   4.46 seconds
         total wall-time :   5.04 seconds
    ------------------------------------------------------------------------

   ****  ridft : all done  ****


    2020-07-24 00:35:50.086 

