
 vibrations (login-i15) : TURBOMOLE rev. V7.5.0 compiled 13 Jun 2020 at 23:29:25
 Copyright (C) 2020 TURBOMOLE GmbH, Karlsruhe


    2020-08-11 11:52:10.014 



     this is  V I B R A T I O N S 

     program for calculating cartesian coordinates
     shifted along a certain normal mode



 reading data block $coord from file <coord>

 symmetry group of the molecule :   d2d

 the group has the following generators :
   s4(z)
   c2(x)

    8 symmetry operations found

   ATOM                    CARTESIAN COORDINATES                       MASS

    1 mo        0.000000000000     0.000000000000     0.000000000000   95.94
    2 y         0.000000000000     0.000000000000    -6.660797202264   88.91
    3 s         2.355975163946     2.355975163946    -2.642780607693   32.06
    4 s        -2.355975163946    -2.355975163946    -2.642780607693   32.06
    5 s         2.355975163946    -2.355975163946     2.642780607693   32.06
    6 s        -2.355975163946     2.355975163946     2.642780607693   32.06
    7 c         4.713655216771    -1.626944498545    -7.676109104578   12.01
    8 c         3.585097250390    -3.585097250390    -6.202783379103   12.01
    9 c         1.626944498545    -4.713655216771    -7.676109104578   12.01
   10 c         1.567376270695    -3.480989462797   -10.080348453700   12.01
   11 c         3.480989462797    -1.567376270695   -10.080348453700   12.01
   12 c        -1.626944498545     4.713655216771    -7.676109104578   12.01
   13 c        -3.585097250390     3.585097250390    -6.202783379103   12.01
   14 c        -4.713655216771     1.626944498545    -7.676109104578   12.01
   15 c        -3.480989462797     1.567376270695   -10.080348453700   12.01
   16 c        -1.567376270695     3.480989462797   -10.080348453700   12.01
   17 c         0.108933550105    -7.006699567817    -6.945449032498   12.01
   18 c         0.144877583957    -4.430464536011   -12.352952516501   12.01
   19 c         4.478803581151    -4.478803581151    -3.661867901279   12.01
   20 c         4.430464536011    -0.144877583957   -12.352952516501   12.01
   21 c         7.006699567817    -0.108933550105    -6.945449032498   12.01
   22 c        -0.144877583957     4.430464536011   -12.352952516501   12.01
   23 c        -4.478803581151     4.478803581151    -3.661867901279   12.01
   24 c        -7.006699567817     0.108933550105    -6.945449032498   12.01
   25 c        -4.430464536011     0.144877583957   -12.352952516501   12.01
   26 h         5.950219683031    -5.950219683031    -3.872665153324    1.01
   27 h         2.930915418549    -5.290795585095    -2.538374103647    1.01
   28 h        -2.930915418549     5.290795585095    -2.538374103647    1.01
   29 h        -5.950219683031     5.950219683031    -3.872665153324    1.01
   30 h         5.290795585095    -2.930915418549    -2.538374103647    1.01
   31 h        -5.290795585095     2.930915418549    -2.538374103647    1.01
   32 h         7.062470476490     1.730292103507    -7.919185013010    1.01
   33 h         8.767657170222    -1.121255113050    -7.444313047204    1.01
   34 h         7.048837379615     0.271136273309    -4.902021709019    1.01
   35 h        -7.062470476490    -1.730292103507    -7.919185013010    1.01
   36 h        -8.767657170222     1.121255113050    -7.444313047204    1.01
   37 h        -7.048837379615    -0.271136273309    -4.902021709019    1.01
   38 c        -0.108933550105     7.006699567817    -6.945449032498   12.01
   39 h        -1.121255113050     8.767657170222    -7.444313047204    1.01
   40 h         1.730292103507     7.062470476490    -7.919185013010    1.01
   41 h         0.271136273309     7.048837379615    -4.902021709019    1.01
   42 h         1.121255113050    -8.767657170222    -7.444313047204    1.01
   43 h        -1.730292103507    -7.062470476490    -7.919185013010    1.01
   44 h         2.989611625959     0.005178518823   -13.841962373091    1.01
   45 h        -2.989611625959    -0.005178518823   -13.841962373091    1.01
   46 h        -1.119268382624     6.079584250373   -13.193368535074    1.01
   47 h         1.119268382624    -6.079584250373   -13.193368535074    1.01
   48 h        -0.271136273309    -7.048837379615    -4.902021709019    1.01
   49 y         0.000000000000     0.000000000000     6.660797202264   88.91
   50 c         1.626944498545     4.713655216771     7.676109104578   12.01
   51 c        -1.626944498545    -4.713655216771     7.676109104578   12.01
   52 c         4.713655216771     1.626944498545     7.676109104578   12.01
   53 c        -4.713655216771    -1.626944498545     7.676109104578   12.01
   54 c         3.585097250390     3.585097250390     6.202783379103   12.01
   55 c        -3.585097250390    -3.585097250390     6.202783379103   12.01
   56 c         3.480989462797     1.567376270695    10.080348453700   12.01
   57 c        -3.480989462797    -1.567376270695    10.080348453700   12.01
   58 c         1.567376270695     3.480989462797    10.080348453700   12.01
   59 c        -1.567376270695    -3.480989462797    10.080348453700   12.01
   60 c         7.006699567817     0.108933550105     6.945449032498   12.01
   61 c        -7.006699567817    -0.108933550105     6.945449032498   12.01
   62 c         0.108933550105     7.006699567817     6.945449032498   12.01
   63 c        -0.108933550105    -7.006699567817     6.945449032498   12.01
   64 c         4.430464536011     0.144877583957    12.352952516501   12.01
   65 c        -4.430464536011    -0.144877583957    12.352952516501   12.01
   66 c         0.144877583957     4.430464536011    12.352952516501   12.01
   67 c        -0.144877583957    -4.430464536011    12.352952516501   12.01
   68 c         4.478803581151     4.478803581151     3.661867901279   12.01
   69 c        -4.478803581151    -4.478803581151     3.661867901279   12.01
   70 h         5.950219683031     5.950219683031     3.872665153324    1.01
   71 h        -5.950219683031    -5.950219683031     3.872665153324    1.01
   72 h         5.290795585095     2.930915418549     2.538374103647    1.01
   73 h        -5.290795585095    -2.930915418549     2.538374103647    1.01
   74 h         2.930915418549     5.290795585095     2.538374103647    1.01
   75 h        -2.930915418549    -5.290795585095     2.538374103647    1.01
   76 h        -1.730292103507     7.062470476490     7.919185013010    1.01
   77 h         1.730292103507    -7.062470476490     7.919185013010    1.01
   78 h         7.062470476490    -1.730292103507     7.919185013010    1.01
   79 h        -7.062470476490     1.730292103507     7.919185013010    1.01
   80 h         1.121255113050     8.767657170222     7.444313047204    1.01
   81 h        -1.121255113050    -8.767657170222     7.444313047204    1.01
   82 h         8.767657170222     1.121255113050     7.444313047204    1.01
   83 h        -8.767657170222    -1.121255113050     7.444313047204    1.01
   84 h        -0.271136273309     7.048837379615     4.902021709019    1.01
   85 h         0.271136273309    -7.048837379615     4.902021709019    1.01
   86 h         7.048837379615    -0.271136273309     4.902021709019    1.01
   87 h        -7.048837379615     0.271136273309     4.902021709019    1.01
   88 h         5.050562372259    -1.785865081042    11.885359107080    1.01
   89 h        -1.785865081042    -5.050562372259   -11.885359107080    1.01
   90 h         1.785865081042     5.050562372259   -11.885359107080    1.01
   91 h        -0.005178518823     2.989611625959    13.841962373091    1.01
   92 h         0.005178518823    -2.989611625959    13.841962373091    1.01
   93 h         2.989611625959    -0.005178518823    13.841962373091    1.01
   94 h        -0.005178518823    -2.989611625959   -13.841962373091    1.01
   95 h        -2.989611625959     0.005178518823    13.841962373091    1.01
   96 h         0.005178518823     2.989611625959   -13.841962373091    1.01
   97 h        -5.050562372259     1.785865081042    11.885359107080    1.01
   98 h         1.785865081042    -5.050562372259    11.885359107080    1.01
   99 h        -5.050562372259    -1.785865081042   -11.885359107080    1.01
  100 h        -1.785865081042     5.050562372259    11.885359107080    1.01
  101 h         5.050562372259     1.785865081042   -11.885359107080    1.01
  102 h        -6.079584250373    -1.119268382624    13.193368535074    1.01
  103 h         6.079584250373     1.119268382624    13.193368535074    1.01
  104 h        -1.119268382624    -6.079584250373    13.193368535074    1.01
  105 h        -6.079584250373     1.119268382624   -13.193368535074    1.01
  106 h         1.119268382624     6.079584250373    13.193368535074    1.01
  107 h         6.079584250373    -1.119268382624   -13.193368535074    1.01

   ATOM                    CARTESIAN GRADIENTS   
    1 mo        0.000000000000     0.000000000000     0.000000000000
    2 y         0.000000000000     0.000000000000     0.000000150129
    3 s        -0.000000176676    -0.000000176676     0.000000151912
    4 s         0.000000176676     0.000000176676     0.000000151912
    5 s        -0.000000176676     0.000000176676    -0.000000151912
    6 s         0.000000176676    -0.000000176676    -0.000000151912
    7 c        -0.000000391335    -0.000000196651    -0.000001153429
    8 c         0.000000399902    -0.000000399902     0.000000396162
    9 c         0.000000196651     0.000000391335    -0.000001153429
   10 c        -0.000000098833    -0.000000245141    -0.000000111489
   11 c         0.000000245141     0.000000098833    -0.000000111489
   12 c        -0.000000196651    -0.000000391335    -0.000001153429
   13 c        -0.000000399902     0.000000399902     0.000000396162
   14 c         0.000000391335     0.000000196651    -0.000001153429
   15 c        -0.000000245141    -0.000000098833    -0.000000111489
   16 c         0.000000098833     0.000000245141    -0.000000111489
   17 c        -0.000000567317    -0.000000772052     0.000001300033
   18 c         0.000000445389     0.000000833895     0.000000601406
   19 c        -0.000000191549     0.000000191549     0.000001006840
   20 c        -0.000000833895    -0.000000445389     0.000000601406
   21 c         0.000000772052     0.000000567317     0.000001300033
   22 c        -0.000000445389    -0.000000833895     0.000000601406
   23 c         0.000000191549    -0.000000191549     0.000001006840
   24 c        -0.000000772052    -0.000000567317     0.000001300033
   25 c         0.000000833895     0.000000445389     0.000000601406
   26 h         0.000000158515    -0.000000158515    -0.000000444037
   27 h        -0.000000035332    -0.000000033248    -0.000000071566
   28 h         0.000000035332     0.000000033248    -0.000000071566
   29 h        -0.000000158515     0.000000158515    -0.000000444037
   30 h         0.000000033248     0.000000035332    -0.000000071566
   31 h        -0.000000033248    -0.000000035332    -0.000000071566
   32 h        -0.000000421527     0.000000286599     0.000000317079
   33 h        -0.000000205068     0.000000096241    -0.000001324485
   34 h         0.000000109744    -0.000000534799     0.000000174962
   35 h         0.000000421527    -0.000000286599     0.000000317079
   36 h         0.000000205068    -0.000000096241    -0.000001324485
   37 h        -0.000000109744     0.000000534799     0.000000174962
   38 c         0.000000567317     0.000000772052     0.000001300033
   39 h         0.000000096241    -0.000000205068    -0.000001324485
   40 h         0.000000286599    -0.000000421527     0.000000317079
   41 h        -0.000000534799     0.000000109744     0.000000174962
   42 h        -0.000000096241     0.000000205068    -0.000001324485
   43 h        -0.000000286599     0.000000421527     0.000000317079
   44 h         0.000000620717     0.000000123809    -0.000000136773
   45 h        -0.000000620717    -0.000000123809    -0.000000136773
   46 h         0.000000029344    -0.000000062481    -0.000000060968
   47 h        -0.000000029344     0.000000062481    -0.000000060968
   48 h         0.000000534799    -0.000000109744     0.000000174962
   49 y         0.000000000000     0.000000000000    -0.000000150129
   50 c         0.000000196651    -0.000000391335     0.000001153429
   51 c        -0.000000196651     0.000000391335     0.000001153429
   52 c        -0.000000391335     0.000000196651     0.000001153429
   53 c         0.000000391335    -0.000000196651     0.000001153429
   54 c         0.000000399902     0.000000399902    -0.000000396162
   55 c        -0.000000399902    -0.000000399902    -0.000000396162
   56 c         0.000000245141    -0.000000098833     0.000000111489
   57 c        -0.000000245141     0.000000098833     0.000000111489
   58 c        -0.000000098833     0.000000245141     0.000000111489
   59 c         0.000000098833    -0.000000245141     0.000000111489
   60 c         0.000000772052    -0.000000567317    -0.000001300033
   61 c        -0.000000772052     0.000000567317    -0.000001300033
   62 c        -0.000000567317     0.000000772052    -0.000001300033
   63 c         0.000000567317    -0.000000772052    -0.000001300033
   64 c        -0.000000833895     0.000000445389    -0.000000601406
   65 c         0.000000833895    -0.000000445389    -0.000000601406
   66 c         0.000000445389    -0.000000833895    -0.000000601406
   67 c        -0.000000445389     0.000000833895    -0.000000601406
   68 c        -0.000000191549    -0.000000191549    -0.000001006840
   69 c         0.000000191549     0.000000191549    -0.000001006840
   70 h         0.000000158515     0.000000158515     0.000000444037
   71 h        -0.000000158515    -0.000000158515     0.000000444037
   72 h         0.000000033248    -0.000000035332     0.000000071566
   73 h        -0.000000033248     0.000000035332     0.000000071566
   74 h        -0.000000035332     0.000000033248     0.000000071566
   75 h         0.000000035332    -0.000000033248     0.000000071566
   76 h        -0.000000286599    -0.000000421527    -0.000000317079
   77 h         0.000000286599     0.000000421527    -0.000000317079
   78 h        -0.000000421527    -0.000000286599    -0.000000317079
   79 h         0.000000421527     0.000000286599    -0.000000317079
   80 h        -0.000000096241    -0.000000205068     0.000001324485
   81 h         0.000000096241     0.000000205068     0.000001324485
   82 h        -0.000000205068    -0.000000096241     0.000001324485
   83 h         0.000000205068     0.000000096241     0.000001324485
   84 h         0.000000534799     0.000000109744    -0.000000174962
   85 h        -0.000000534799    -0.000000109744    -0.000000174962
   86 h         0.000000109744     0.000000534799    -0.000000174962
   87 h        -0.000000109744    -0.000000534799    -0.000000174962
   88 h        -0.000000180783    -0.000000004475     0.000000068917
   89 h        -0.000000004475     0.000000180783    -0.000000068917
   90 h         0.000000004475    -0.000000180783    -0.000000068917
   91 h        -0.000000123809     0.000000620717     0.000000136773
   92 h         0.000000123809    -0.000000620717     0.000000136773
   93 h         0.000000620717    -0.000000123809     0.000000136773
   94 h        -0.000000123809    -0.000000620717    -0.000000136773
   95 h        -0.000000620717     0.000000123809     0.000000136773
   96 h         0.000000123809     0.000000620717    -0.000000136773
   97 h         0.000000180783     0.000000004475     0.000000068917
   98 h         0.000000004475     0.000000180783     0.000000068917
   99 h         0.000000180783    -0.000000004475    -0.000000068917
  100 h        -0.000000004475    -0.000000180783     0.000000068917
  101 h        -0.000000180783     0.000000004475    -0.000000068917
  102 h         0.000000062481     0.000000029344     0.000000060968
  103 h        -0.000000062481    -0.000000029344     0.000000060968
  104 h         0.000000029344     0.000000062481     0.000000060968
  105 h         0.000000062481    -0.000000029344    -0.000000060968
  106 h        -0.000000029344    -0.000000062481     0.000000060968
  107 h        -0.000000062481     0.000000029344    -0.000000060968
 

   ***  vibrational spectroscopic data read from $vibrational spectrum
        file=<vibspectrum>  ***

    VIBRATIONAL SPECTRUM :

   mode     symmetry     wave number     intensity     selection rules
                          cm**(-1)         km/mol   
     1        a2            -19.99       0.0000000       NO      NO 
     2        b1            -19.81       0.0000000       NO      YES
     3                        0.00       0.0000000        -       - 
     4                        0.00       0.0000000        -       - 
     5                        0.00       0.0000000        -       - 
     6                        0.00       0.0000000        -       - 
     7                        0.00       0.0000000        -       - 
     8                        0.00       0.0000000        -       - 
     9        e              14.87       0.0956400       YES     YES
    10        e              14.87       0.0956400       YES     YES
    11        b1             24.62       0.0000000       NO      YES
    12        e              32.80       0.6628600       YES     YES
    13        e              32.80       0.6628600       YES     YES
    14        a1             54.15       0.0000000       NO      YES
    15        e              69.67       0.0006900       YES     YES
    16        e              69.67       0.0006900       YES     YES
    17        a2             84.32       0.0000000       NO      NO 
    18        e              89.88       0.5040700       YES     YES
    19        e              89.88       0.5040700       YES     YES
    20        b2             95.11       3.1932000       YES     YES
    21        b1            105.36       0.0000000       NO      YES
    22        a2            105.56       0.0000000       NO      NO 
    23        a1            106.17       0.0000000       NO      YES
    24        e             106.39       0.0046000       YES     YES
    25        e             106.39       0.0046000       YES     YES
    26        e             111.08       0.3313700       YES     YES
    27        e             111.08       0.3313700       YES     YES
    28        b2            114.98       0.6118400       YES     YES
    29        e             115.10       1.0238700       YES     YES
    30        e             115.10       1.0238700       YES     YES
    31        a1            120.90       0.0000000       NO      YES
    32        b1            122.49       0.0000000       NO      YES
    33        b2            123.39      13.4132000       YES     YES
    34        a2            128.78       0.0000000       NO      NO 
    35        a1            134.54       0.0000000       NO      YES
    36        e             136.54       0.0063100       YES     YES
    37        e             136.54       0.0063100       YES     YES
    38        e             140.98       0.0405800       YES     YES
    39        e             140.98       0.0405800       YES     YES
    40        b1            141.97       0.0000000       NO      YES
    41        b2            144.80       1.3728200       YES     YES
    42        a2            149.87       0.0000000       NO      NO 
    43        b1            150.41       0.0000000       NO      YES
    44        e             153.10       0.0503500       YES     YES
    45        e             153.10       0.0503500       YES     YES
    46        a2            158.48       0.0000000       NO      NO 
    47        b1            159.89       0.0000000       NO      YES
    48        e             160.52       0.0015400       YES     YES
    49        e             160.52       0.0015400       YES     YES
    50        a2            161.12       0.0000000       NO      NO 
    51        b1            164.33       0.0000000       NO      YES
    52        a1            167.91       0.0000000       NO      YES
    53        b2            171.76       1.0193100       YES     YES
    54        e             174.17       0.0048500       YES     YES
    55        e             174.17       0.0048500       YES     YES
    56        b2            174.82       8.4025000       YES     YES
    57        a1            176.13       0.0000000       NO      YES
    58        e             179.08       0.0566900       YES     YES
    59        e             179.08       0.0566900       YES     YES
    60        e             181.84       0.0565900       YES     YES
    61        e             181.84       0.0565900       YES     YES
    62        a1            202.04       0.0000000       NO      YES
    63        b2            203.77       8.8215000       YES     YES
    64        e             219.62       0.5046100       YES     YES
    65        e             219.62       0.5046100       YES     YES
    66        e             225.35       0.1210900       YES     YES
    67        e             225.35       0.1210900       YES     YES
    68        b2            234.34     324.7152700       YES     YES
    69        a1            256.25       0.0000000       NO      YES
    70        a2            265.94       0.0000000       NO      NO 
    71        b1            265.95       0.0000000       NO      YES
    72        e             268.64       0.0134200       YES     YES
    73        e             268.64       0.0134200       YES     YES
    74        e             270.31       0.7204200       YES     YES
    75        e             270.31       0.7204200       YES     YES
    76        b2            272.33       0.2249600       YES     YES
    77        a1            272.42       0.0000000       NO      YES
    78        e             274.21       0.3772100       YES     YES
    79        e             274.21       0.3772100       YES     YES
    80        b2            278.76      10.8661800       YES     YES
    81        a1            280.23       0.0000000       NO      YES
    82        b1            282.88       0.0000000       NO      YES
    83        a2            282.89       0.0000000       NO      NO 
    84        e             283.34       0.2529700       YES     YES
    85        e             283.34       0.2529700       YES     YES
    86        b2            284.49      98.2674500       YES     YES
    87        a1            289.82       0.0000000       NO      YES
    88        e             316.37     103.8513500       YES     YES
    89        e             316.37     103.8513500       YES     YES
    90        e             367.65       0.0470000       YES     YES
    91        e             367.65       0.0470000       YES     YES
    92        e             374.23       0.8851400       YES     YES
    93        e             374.23       0.8851400       YES     YES
    94        b1            376.76       0.0000000       NO      YES
    95        a2            377.32       0.0000000       NO      NO 
    96        b2            379.68      25.2406700       YES     YES
    97        a1            380.38       0.0000000       NO      YES
    98        a1            415.69       0.0000000       NO      YES
    99        b2            437.89     389.8678600       YES     YES
   100        e             443.95      37.1508100       YES     YES
   101        e             443.95      37.1508100       YES     YES
   102        a2            545.13       0.0000000       NO      NO 
   103        b1            545.16       0.0000000       NO      YES
   104        e             547.26       0.0811000       YES     YES
   105        e             547.26       0.0811000       YES     YES
   106        e             547.43       0.0044300       YES     YES
   107        e             547.43       0.0044300       YES     YES
   108        a2            547.49       0.0000000       NO      NO 
   109        b1            547.52       0.0000000       NO      YES
   110        a1            547.78       0.0000000       NO      YES
   111        b2            547.95       0.3232800       YES     YES
   112        e             548.25       0.0635800       YES     YES
   113        e             548.25       0.0635800       YES     YES
   114        e             602.04       5.2891500       YES     YES
   115        e             602.04       5.2891500       YES     YES
   116        b2            603.64       4.2809200       YES     YES
   117        a1            603.89       0.0000000       NO      YES
   118        a2            623.99       0.0000000       NO      NO 
   119        b1            624.03       0.0000000       NO      YES
   120        e             625.55       0.7324500       YES     YES
   121        e             625.55       0.7324500       YES     YES
   122        e             632.94       0.0145500       YES     YES
   123        e             632.94       0.0145500       YES     YES
   124        b2            636.36       2.2436700       YES     YES
   125        a1            636.44       0.0000000       NO      YES
   126        e             812.45       0.1898100       YES     YES
   127        e             812.45       0.1898100       YES     YES
   128        b1            814.01       0.0000000       NO      YES
   129        a2            814.05       0.0000000       NO      NO 
   130        a1            814.19       0.0000000       NO      YES
   131        b2            814.23       0.2737900       YES     YES
   132        e             814.58       1.6744900       YES     YES
   133        e             814.58       1.6744900       YES     YES
   134        e             951.55       0.1008600       YES     YES
   135        e             951.55       0.1008600       YES     YES
   136        b2            955.25       5.3542900       YES     YES
   137        a1            955.33       0.0000000       NO      YES
   138        a2            957.06       0.0000000       NO      NO 
   139        b1            957.59       0.0000000       NO      YES
   140        e             958.43       0.0001500       YES     YES
   141        e             958.43       0.0001500       YES     YES
   142        e            1029.55       0.4012800       YES     YES
   143        e            1029.55       0.4012800       YES     YES
   144        b2           1030.01      17.2702700       YES     YES
   145        a2           1030.09       0.0000000       NO      NO 
   146        e            1030.14      32.9052000       YES     YES
   147        e            1030.14      32.9052000       YES     YES
   148        b1           1030.18       0.0000000       NO      YES
   149        a1           1030.35       0.0000000       NO      YES
   150        e            1037.86       3.4056100       YES     YES
   151        e            1037.86       3.4056100       YES     YES
   152        b2           1037.91      44.7914900       YES     YES
   153        a1           1038.25       0.0000000       NO      YES
   154        e            1041.88       1.7774300       YES     YES
   155        e            1041.88       1.7774300       YES     YES
   156        b1           1041.97       0.0000000       NO      YES
   157        a2           1042.00       0.0000000       NO      NO 
   158        e            1043.88       0.1783100       YES     YES
   159        e            1043.88       0.1783100       YES     YES
   160        a1           1044.55       0.0000000       NO      YES
   161        b2           1044.58       2.8567400       YES     YES
   162        b1           1072.94       0.0000000       NO      YES
   163        a2           1072.98       0.0000000       NO      NO 
   164        e            1075.16       2.5915000       YES     YES
   165        e            1075.16       2.5915000       YES     YES
   166        e            1076.23       0.6555300       YES     YES
   167        e            1076.23       0.6555300       YES     YES
   168        b2           1078.43       5.9972700       YES     YES
   169        a1           1078.45       0.0000000       NO      YES
   170        b1           1112.90       0.0000000       NO      YES
   171        a2           1113.01       0.0000000       NO      NO 
   172        e            1115.05       0.2960000       YES     YES
   173        e            1115.05       0.2960000       YES     YES
   174        b1           1178.63       0.0000000       NO      YES
   175        a2           1178.67       0.0000000       NO      NO 
   176        e            1182.52       0.0943700       YES     YES
   177        e            1182.52       0.0943700       YES     YES
   178        e            1182.93       0.0129400       YES     YES
   179        e            1182.93       0.0129400       YES     YES
   180        b2           1184.38       1.9037400       YES     YES
   181        a1           1184.50       0.0000000       NO      YES
   182        a2           1391.70       0.0000000       NO      NO 
   183        b1           1391.73       0.0000000       NO      YES
   184        e            1394.20       0.9412100       YES     YES
   185        e            1394.20       0.9412100       YES     YES
   186        e            1394.95       1.3816100       YES     YES
   187        e            1394.95       1.3816100       YES     YES
   188        a1           1394.96       0.0000000       NO      YES
   189        b2           1395.41       0.0050500       YES     YES
   190        e            1396.66       0.5932200       YES     YES
   191        e            1396.66       0.5932200       YES     YES
   192        a2           1398.66       0.0000000       NO      NO 
   193        b1           1398.71       0.0000000       NO      YES
   194        e            1401.21       0.6082300       YES     YES
   195        e            1401.21       0.6082300       YES     YES
   196        b2           1401.33      19.5681500       YES     YES
   197        a1           1402.06       0.0000000       NO      YES
   198        e            1402.55       2.4472000       YES     YES
   199        e            1402.55       2.4472000       YES     YES
   200        b2           1408.17       4.9086700       YES     YES
   201        a1           1408.27       0.0000000       NO      YES
   202        a2           1430.67       0.0000000       NO      NO 
   203        b1           1430.68       0.0000000       NO      YES
   204        e            1432.09       0.3505200       YES     YES
   205        e            1432.09       0.3505200       YES     YES
   206        e            1437.62       0.2169200       YES     YES
   207        e            1437.62       0.2169200       YES     YES
   208        b2           1441.35       1.9429000       YES     YES
   209        a1           1441.55       0.0000000       NO      YES
   210        a2           1455.36       0.0000000       NO      NO 
   211        b1           1455.37       0.0000000       NO      YES
   212        e            1455.67      15.7359600       YES     YES
   213        e            1455.67      15.7359600       YES     YES
   214        b2           1457.03       0.1489400       YES     YES
   215        a1           1457.36       0.0000000       NO      YES
   216        a2           1457.90       0.0000000       NO      NO 
   217        b1           1458.02       0.0000000       NO      YES
   218        e            1459.24      10.3736600       YES     YES
   219        e            1459.24      10.3736600       YES     YES
   220        e            1461.05       3.2951800       YES     YES
   221        e            1461.05       3.2951800       YES     YES
   222        b2           1463.68      24.1508700       YES     YES
   223        a1           1463.74       0.0000000       NO      YES
   224        e            1464.40       9.1267600       YES     YES
   225        e            1464.40       9.1267600       YES     YES
   226        b1           1468.99       0.0000000       NO      YES
   227        a2           1469.03       0.0000000       NO      NO 
   228        b2           1469.07       1.5794500       YES     YES
   229        e            1469.31       1.3274000       YES     YES
   230        e            1469.31       1.3274000       YES     YES
   231        a1           1469.68       0.0000000       NO      YES
   232        e            1472.72       0.0033700       YES     YES
   233        e            1472.72       0.0033700       YES     YES
   234        a2           1475.21       0.0000000       NO      NO 
   235        b1           1475.26       0.0000000       NO      YES
   236        e            1476.53      10.0056900       YES     YES
   237        e            1476.53      10.0056900       YES     YES
   238        e            1481.64       0.0761500       YES     YES
   239        e            1481.64       0.0761500       YES     YES
   240        b2           1481.70      37.5520600       YES     YES
   241        a1           1482.50       0.0000000       NO      YES
   242        e            1486.86      47.4249700       YES     YES
   243        e            1486.86      47.4249700       YES     YES
   244        b2           1490.67      26.2252900       YES     YES
   245        a1           1491.19       0.0000000       NO      YES
   246        a2           1492.96       0.0000000       NO      NO 
   247        b1           1493.17       0.0000000       NO      YES
   248        e            1496.90       0.9013000       YES     YES
   249        e            1496.90       0.9013000       YES     YES
   250        e            1498.80       0.0630100       YES     YES
   251        e            1498.80       0.0630100       YES     YES
   252        a1           1507.07       0.0000000       NO      YES
   253        b2           1507.10       4.5914800       YES     YES
   254        b1           1527.35       0.0000000       NO      YES
   255        a2           1527.45       0.0000000       NO      NO 
   256        e            1527.86       2.0461400       YES     YES
   257        e            1527.86       2.0461400       YES     YES
   258        e            1531.52       0.6362300       YES     YES
   259        e            1531.52       0.6362300       YES     YES
   260        b2           1532.96       0.2937400       YES     YES
   261        a1           1533.03       0.0000000       NO      YES
   262        a2           2993.98       0.0000000       NO      NO 
   263        b1           2994.08       0.0000000       NO      YES
   264        e            2994.09      80.6164600       YES     YES
   265        e            2994.09      80.6164600       YES     YES
   266        e            2994.23      38.1783900       YES     YES
   267        e            2994.23      38.1783900       YES     YES
   268        b2           2994.27       0.8601100       YES     YES
   269        a1           2994.32       0.0000000       NO      YES
   270        a2           2994.78       0.0000000       NO      NO 
   271        b1           2994.79       0.0000000       NO      YES
   272        e            2994.86      38.3805900       YES     YES
   273        e            2994.86      38.3805900       YES     YES
   274        b2           2994.94     145.4815700       YES     YES
   275        a1           2995.07       0.0000000       NO      YES
   276        e            2995.25     136.0604900       YES     YES
   277        e            2995.25     136.0604900       YES     YES
   278        e            2996.91     255.6373900       YES     YES
   279        e            2996.91     255.6373900       YES     YES
   280        b2           2997.74     495.3753200       YES     YES
   281        a1           2998.86       0.0000000       NO      YES
   282        b1           3070.48       0.0000000       NO      YES
   283        a2           3070.48       0.0000000       NO      NO 
   284        e            3071.09      62.8551500       YES     YES
   285        e            3071.09      62.8551500       YES     YES
   286        b1           3074.93       0.0000000       NO      YES
   287        a2           3074.94       0.0000000       NO      NO 
   288        e            3075.06      13.5435000       YES     YES
   289        e            3075.06      13.5435000       YES     YES
   290        b2           3075.15       9.0893000       YES     YES
   291        a1           3075.18       0.0000000       NO      YES
   292        e            3075.35       2.4294200       YES     YES
   293        e            3075.35       2.4294200       YES     YES
   294        e            3075.40      70.4605800       YES     YES
   295        e            3075.40      70.4605800       YES     YES
   296        a1           3076.01       0.0000000       NO      YES
   297        b2           3076.03       0.0326300       YES     YES
   298        e            3091.60      17.6643700       YES     YES
   299        e            3091.60      17.6643700       YES     YES
   300        b2           3091.78      34.1380000       YES     YES
   301        a1           3091.90       0.0000000       NO      YES
   302        a2           3118.74       0.0000000       NO      NO 
   303        b1           3118.74       0.0000000       NO      YES
   304        e            3120.06      10.1898100       YES     YES
   305        e            3120.06      10.1898100       YES     YES
   306        e            3120.17       0.7723100       YES     YES
   307        e            3120.17       0.7723100       YES     YES
   308        b1           3120.54       0.0000000       NO      YES
   309        a2           3120.57       0.0000000       NO      NO 
   310        b2           3120.70      72.3576800       YES     YES
   311        a1           3120.74       0.0000000       NO      YES
   312        e            3120.94       0.0028700       YES     YES
   313        e            3120.94       0.0028700       YES     YES
   314        e            3124.27      38.1495900       YES     YES
   315        e            3124.27      38.1495900       YES     YES
   316        b2           3126.63      78.0567400       YES     YES
   317        a1           3126.65       0.0000000       NO      YES
   318        a2           3136.06       0.0000000       NO      NO 
   319        b1           3136.17       0.0000000       NO      YES
   320        e            3136.19      11.0150400       YES     YES
   321        e            3136.19      11.0150400       YES     YES

 ALONG WHICH MODE COORDINATES SHOULD BE SHIFTED?        
 W A R N I N G  :
 THE SELECTED NORMAL MODE   1 a2   IS  N O T  TOTALLY SYMMETRIC UNDER 
 ALL TRANSFORMATIONS OF THE INPUT SYMMETRY GROUP d2d  !
 SHIFTING COORDINATES ALONG THIS MODE WILL DESTROY SYMMETRY

 INPUT STEP LENGTH FOR SHIFTING in KELVIN (default= 298.15) : 
 SELECTED NORMAL MODE :   1  a2        -19.99 cm**(-1)

    1mo  x         0.00000000      0.00000000
         y         0.00000000      0.00000000
         z         0.00000000      0.00000000
    2y   x         0.00000000      0.00000000
         y         0.00000000      0.00000000
         z         0.00000000      0.00000000
    3s   x        -0.00782871      0.00854741
         y         0.00782871     -0.00854741
         z         0.00000000      0.00000000
    4s   x         0.00782871     -0.00854741
         y        -0.00782871      0.00854741
         z         0.00000000      0.00000000
    5s   x         0.00782871     -0.00854741
         y         0.00782871     -0.00854741
         z         0.00000000      0.00000000
    6s   x        -0.00782871      0.00854741
         y        -0.00782871      0.00854741
         z         0.00000000      0.00000000
    7c   x         0.01039575     -0.01135013
         y        -0.00334780      0.00365514
         z         0.03886771     -0.04243593
    8c   x        -0.01643081      0.01793923
         y        -0.01643081      0.01793923
         z         0.00000000      0.00000000
    9c   x        -0.00334780      0.00365514
         y         0.01039575     -0.01135013
         z        -0.03886771      0.04243593
   10c   x         0.03326177     -0.03631535
         y         0.04004983     -0.04372658
         z        -0.02474160      0.02701299
   11c   x         0.04004983     -0.04372658
         y         0.03326177     -0.03631535
         z         0.02474160     -0.02701299
   12c   x         0.00334780     -0.00365514
         y        -0.01039575      0.01135013
         z        -0.03886771      0.04243593
   13c   x         0.01643081     -0.01793923
         y         0.01643081     -0.01793923
         z         0.00000000      0.00000000
   14c   x        -0.01039575      0.01135013
         y         0.00334780     -0.00365514
         z         0.03886771     -0.04243593
   15c   x        -0.04004983      0.04372658
         y        -0.03326177      0.03631535
         z         0.02474160     -0.02701299
   16c   x        -0.03326177      0.03631535
         y        -0.04004983      0.04372658
         z        -0.02474160      0.02701299
   17c   x        -0.02454517      0.02679853
         y         0.01017523     -0.01110936
         z        -0.08309403      0.09072242
   18c   x         0.06230580     -0.06802574
         y         0.07496932     -0.08185183
         z        -0.05731162      0.06257308
   19c   x        -0.05168359      0.05642837
         y        -0.05168359      0.05642837
         z         0.00000000      0.00000000
   20c   x         0.07496932     -0.08185183
         y         0.06230580     -0.06802574
         z         0.05731162     -0.06257308
   21c   x         0.01017523     -0.01110936
         y        -0.02454517      0.02679853
         z         0.08309403     -0.09072242
   22c   x        -0.06230580      0.06802574
         y        -0.07496932      0.08185183
         z        -0.05731162      0.06257308
   23c   x         0.05168359     -0.05642837
         y         0.05168359     -0.05642837
         z         0.00000000      0.00000000
   24c   x        -0.01017523      0.01110936
         y         0.02454517     -0.02679853
         z         0.08309403     -0.09072242
   25c   x        -0.07496932      0.08185183
         y        -0.06230580      0.06802574
         z         0.05731162     -0.06257308
   26h   x        -0.06784975      0.07407865
         y        -0.06784975      0.07407865
         z         0.00000000      0.00000000
   27h   x        -0.07228145      0.07891720
         y        -0.04235399      0.04624227
         z        -0.02153489      0.02351188
   28h   x         0.07228145     -0.07891720
         y         0.04235399     -0.04624227
         z        -0.02153489      0.02351188
   29h   x         0.06784975     -0.07407865
         y         0.06784975     -0.07407865
         z         0.00000000      0.00000000
   30h   x        -0.04235399      0.04624227
         y        -0.07228145      0.07891720
         z         0.02153489     -0.02351188
   31h   x         0.04235399     -0.04624227
         y         0.07228145     -0.07891720
         z         0.02153489     -0.02351188
   32h   x         0.02705744     -0.02954143
         y        -0.01015244      0.01108448
         z         0.11147061     -0.12170410
   33h   x         0.00991331     -0.01082340
         y        -0.02532973      0.02765511
         z         0.08370979     -0.09139471
   34h   x        -0.00719697      0.00785768
         y        -0.05487791      0.05991594
         z         0.08895066     -0.09711672
   35h   x        -0.02705744      0.02954143
         y         0.01015244     -0.01108448
         z         0.11147061     -0.12170410
   36h   x        -0.00991331      0.01082340
         y         0.02532973     -0.02765511
         z         0.08370979     -0.09139471
   37h   x         0.00719697     -0.00785768
         y         0.05487791     -0.05991594
         z         0.08895066     -0.09711672
   38c   x         0.02454517     -0.02679853
         y        -0.01017523      0.01110936
         z        -0.08309403      0.09072242
   39h   x         0.02532973     -0.02765511
         y        -0.00991331      0.01082340
         z        -0.08370979      0.09139471
   40h   x         0.01015244     -0.01108448
         y        -0.02705744      0.02954143
         z        -0.11147061      0.12170410
   41h   x         0.05487791     -0.05991594
         y         0.00719697     -0.00785768
         z        -0.08895066      0.09711672
   42h   x        -0.02532973      0.02765511
         y         0.00991331     -0.01082340
         z        -0.08370979      0.09139471
   43h   x        -0.01015244      0.01108448
         y         0.02705744     -0.02954143
         z        -0.11147061      0.12170410
   44h   x         0.09954275     -0.10868121
         y         0.07902984     -0.08628512
         z         0.03567633     -0.03895157
   45h   x        -0.09954275      0.10868121
         y        -0.07902984      0.08628512
         z         0.03567633     -0.03895157
   46h   x        -0.07579575      0.08275413
         y        -0.09077144      0.09910466
         z        -0.07273862      0.07941634
   47h   x         0.07579575     -0.08275413
         y         0.09077144     -0.09910466
         z        -0.07273862      0.07941634
   48h   x        -0.05487791      0.05991594
         y        -0.00719697      0.00785768
         z        -0.08895066      0.09711672
   49y   x         0.00000000      0.00000000
         y         0.00000000      0.00000000
         z         0.00000000      0.00000000
   50c   x         0.00334780     -0.00365514
         y         0.01039575     -0.01135013
         z        -0.03886771      0.04243593
   51c   x        -0.00334780      0.00365514
         y        -0.01039575      0.01135013
         z        -0.03886771      0.04243593
   52c   x        -0.01039575      0.01135013
         y        -0.00334780      0.00365514
         z         0.03886771     -0.04243593
   53c   x         0.01039575     -0.01135013
         y         0.00334780     -0.00365514
         z         0.03886771     -0.04243593
   54c   x         0.01643081     -0.01793923
         y        -0.01643081      0.01793923
         z         0.00000000      0.00000000
   55c   x        -0.01643081      0.01793923
         y         0.01643081     -0.01793923
         z         0.00000000      0.00000000
   56c   x        -0.04004983      0.04372658
         y         0.03326177     -0.03631535
         z         0.02474160     -0.02701299
   57c   x         0.04004983     -0.04372658
         y        -0.03326177      0.03631535
         z         0.02474160     -0.02701299
   58c   x        -0.03326177      0.03631535
         y         0.04004983     -0.04372658
         z        -0.02474160      0.02701299
   59c   x         0.03326177     -0.03631535
         y        -0.04004983      0.04372658
         z        -0.02474160      0.02701299
   60c   x        -0.01017523      0.01110936
         y        -0.02454517      0.02679853
         z         0.08309403     -0.09072242
   61c   x         0.01017523     -0.01110936
         y         0.02454517     -0.02679853
         z         0.08309403     -0.09072242
   62c   x         0.02454517     -0.02679853
         y         0.01017523     -0.01110936
         z        -0.08309403      0.09072242
   63c   x        -0.02454517      0.02679853
         y        -0.01017523      0.01110936
         z        -0.08309403      0.09072242
   64c   x        -0.07496932      0.08185183
         y         0.06230580     -0.06802575
         z         0.05731162     -0.06257308
   65c   x         0.07496932     -0.08185183
         y        -0.06230580      0.06802575
         z         0.05731162     -0.06257308
   66c   x        -0.06230580      0.06802575
         y         0.07496932     -0.08185183
         z        -0.05731162      0.06257308
   67c   x         0.06230580     -0.06802575
         y        -0.07496932      0.08185183
         z        -0.05731162      0.06257308
   68c   x         0.05168359     -0.05642837
         y        -0.05168359      0.05642837
         z         0.00000000      0.00000000
   69c   x        -0.05168359      0.05642837
         y         0.05168359     -0.05642837
         z         0.00000000      0.00000000
   70h   x         0.06784975     -0.07407865
         y        -0.06784975      0.07407865
         z         0.00000000      0.00000000
   71h   x        -0.06784975      0.07407865
         y         0.06784975     -0.07407865
         z         0.00000000      0.00000000
   72h   x         0.04235399     -0.04624227
         y        -0.07228145      0.07891720
         z         0.02153489     -0.02351188
   73h   x        -0.04235399      0.04624227
         y         0.07228145     -0.07891720
         z         0.02153489     -0.02351188
   74h   x         0.07228145     -0.07891720
         y        -0.04235399      0.04624227
         z        -0.02153489      0.02351188
   75h   x        -0.07228145      0.07891720
         y         0.04235399     -0.04624227
         z        -0.02153489      0.02351188
   76h   x         0.01015244     -0.01108448
         y         0.02705744     -0.02954143
         z        -0.11147062      0.12170410
   77h   x        -0.01015244      0.01108448
         y        -0.02705744      0.02954143
         z        -0.11147062      0.12170410
   78h   x        -0.02705744      0.02954143
         y        -0.01015244      0.01108448
         z         0.11147062     -0.12170410
   79h   x         0.02705744     -0.02954143
         y         0.01015244     -0.01108448
         z         0.11147062     -0.12170410
   80h   x         0.02532973     -0.02765511
         y         0.00991331     -0.01082340
         z        -0.08370979      0.09139471
   81h   x        -0.02532973      0.02765511
         y        -0.00991331      0.01082340
         z        -0.08370979      0.09139471
   82h   x        -0.00991331      0.01082340
         y        -0.02532973      0.02765511
         z         0.08370979     -0.09139471
   83h   x         0.00991331     -0.01082340
         y         0.02532973     -0.02765511
         z         0.08370979     -0.09139471
   84h   x         0.05487791     -0.05991594
         y        -0.00719697      0.00785768
         z        -0.08895066      0.09711672
   85h   x        -0.05487791      0.05991594
         y         0.00719697     -0.00785768
         z        -0.08895066      0.09711672
   86h   x         0.00719697     -0.00785768
         y        -0.05487791      0.05991594
         z         0.08895066     -0.09711672
   87h   x        -0.00719697      0.00785768
         y         0.05487791     -0.05991594
         z         0.08895066     -0.09711672
   88h   x        -0.06452368      0.07044724
         y         0.05769621     -0.06299298
         z         0.09155960     -0.09996517
   89h   x         0.05769621     -0.06299297
         y         0.06452368     -0.07044724
         z        -0.09155960      0.09996517
   90h   x        -0.05769621      0.06299297
         y        -0.06452368      0.07044724
         z        -0.09155960      0.09996517
   91h   x        -0.07902984      0.08628512
         y         0.09954275     -0.10868121
         z        -0.03567633      0.03895157
   92h   x         0.07902984     -0.08628512
         y        -0.09954275      0.10868121
         z        -0.03567633      0.03895157
   93h   x        -0.09954275      0.10868121
         y         0.07902984     -0.08628512
         z         0.03567633     -0.03895157
   94h   x         0.07902984     -0.08628512
         y         0.09954275     -0.10868121
         z        -0.03567633      0.03895157
   95h   x         0.09954275     -0.10868121
         y        -0.07902984      0.08628512
         z         0.03567633     -0.03895157
   96h   x        -0.07902984      0.08628512
         y        -0.09954275      0.10868121
         z        -0.03567633      0.03895157
   97h   x         0.06452368     -0.07044724
         y        -0.05769621      0.06299298
         z         0.09155960     -0.09996517
   98h   x         0.05769621     -0.06299298
         y        -0.06452368      0.07044724
         z        -0.09155960      0.09996517
   99h   x        -0.06452368      0.07044724
         y        -0.05769621      0.06299297
         z         0.09155960     -0.09996517
  100h   x        -0.05769621      0.06299298
         y         0.06452368     -0.07044724
         z        -0.09155960      0.09996517
  101h   x         0.06452368     -0.07044724
         y         0.05769621     -0.06299297
         z         0.09155960     -0.09996517
  102h   x         0.09077144     -0.09910466
         y        -0.07579575      0.08275413
         z         0.07273862     -0.07941634
  103h   x        -0.09077144      0.09910466
         y         0.07579575     -0.08275413
         z         0.07273862     -0.07941634
  104h   x         0.07579575     -0.08275413
         y        -0.09077144      0.09910466
         z        -0.07273862      0.07941634
  105h   x        -0.09077144      0.09910466
         y        -0.07579575      0.08275413
         z         0.07273862     -0.07941634
  106h   x        -0.07579575      0.08275413
         y         0.09077144     -0.09910466
         z        -0.07273862      0.07941634
  107h   x         0.09077144     -0.09910466
         y         0.07579575     -0.08275413
         z         0.07273862     -0.07941634

   ATOM         CARTESIAN COORDINATES SHIFTED ALONG MODE   1

    1 mo        0.000000000000     0.000000000000     0.000000000000
    2 y         0.000000000000     0.000000000000    -6.660797202264
    3 s         2.364522578456     2.347427749436    -2.642780607693
    4 s        -2.364522578456    -2.347427749436    -2.642780607693
    5 s         2.347427749436    -2.364522578456     2.642780607693
    6 s        -2.347427749436     2.364522578456     2.642780607693
    7 c         4.702305090814    -1.623289360742    -7.718545034453
    8 c         3.603036484062    -3.567158016718    -6.202783379103
    9 c         1.630599636348    -4.725005342728    -7.633673174703
   10 c         1.531060924172    -3.524716046257   -10.053335467602
   11 c         3.437262879336    -1.603691617218   -10.107361439798
   12 c        -1.630599636348     4.725005342728    -7.633673174703
   13 c        -3.603036484062     3.567158016718    -6.202783379103
   14 c        -4.702305090814     1.623289360742    -7.718545034453
   15 c        -3.437262879336     1.603691617218   -10.107361439798
   16 c        -1.531060924172     3.524716046257   -10.053335467602
   17 c         0.135732078097    -7.017808931808    -6.854726611720
   18 c         0.076851839106    -4.512316366663   -12.290379440742
   19 c         4.535231953308    -4.422375208994    -3.661867901279
   20 c         4.348612705359    -0.212903328809   -12.415525592261
   21 c         6.995590203826    -0.082135022114    -7.036171453277
   22 c        -0.076851839106     4.512316366663   -12.290379440742
   23 c        -4.535231953308     4.422375208994    -3.661867901279
   24 c        -6.995590203826     0.082135022114    -7.036171453277
   25 c        -4.348612705359     0.212903328809   -12.415525592261
   26 h         6.024298330720    -5.876141035343    -3.872665153324
   27 h         3.009832622350    -5.244553316271    -2.514862219883
   28 h        -3.009832622350     5.244553316271    -2.514862219883
   29 h        -6.024298330720     5.876141035343    -3.872665153324
   30 h         5.337037853918    -2.851998214748    -2.561885987412
   31 h        -5.337037853918     2.851998214748    -2.561885987412
   32 h         7.032929042928     1.741376579272    -8.040889114837
   33 h         8.756833772500    -1.093600007444    -7.535707759723
   34 h         7.056695057536     0.331052217395    -4.999138429156
   35 h        -7.032929042928    -1.741376579272    -8.040889114837
   36 h        -8.756833772500     1.093600007444    -7.535707759723
   37 h        -7.056695057536    -0.331052217395    -4.999138429156
   38 c        -0.135732078097     7.017808931808    -6.854726611720
   39 h        -1.148910218656     8.778480567943    -7.352918334685
   40 h         1.719207627743     7.092011910052    -7.797480911183
   41 h         0.211220329223     7.040979701695    -4.804904988883
   42 h         1.148910218656    -8.778480567943    -7.352918334685
   43 h        -1.719207627743    -7.092011910052    -7.797480911183
   44 h         2.880930416747    -0.081106605342   -13.880913941378
   45 h        -2.880930416747     0.081106605342   -13.880913941378
   46 h        -1.036514253958     6.178688906364   -13.113952191842
   47 h         1.036514253958    -6.178688906364   -13.113952191842
   48 h        -0.211220329223    -7.040979701695    -4.804904988883
   49 y         0.000000000000     0.000000000000     6.660797202264
   50 c         1.623289360742     4.702305090705     7.718545034780
   51 c        -1.623289360742    -4.702305090705     7.718545034780
   52 c         4.725005342837     1.630599636348     7.633673174375
   53 c        -4.725005342837    -1.630599636348     7.633673174375
   54 c         3.567158016499     3.603036484281     6.202783379103
   55 c        -3.567158016499    -3.603036484281     6.202783379103
   56 c         3.524716046585     1.531060923844    10.053335467384
   57 c        -3.524716046585    -1.531060923844    10.053335467384
   58 c         1.603691617546     3.437262879009    10.107361440016
   59 c        -1.603691617546    -3.437262879009    10.107361440016
   60 c         7.017808931917     0.135732078315     6.854726611064
   61 c        -7.017808931917    -0.135732078315     6.854726611064
   62 c         0.082135021896     6.995590203717     7.036171453932
   63 c        -0.082135021896    -6.995590203717     7.036171453932
   64 c         4.512316367209     0.076851838669    12.290379440305
   65 c        -4.512316367209    -0.076851838669    12.290379440305
   66 c         0.212903329246     4.348612704813    12.415525592698
   67 c        -0.212903329246    -4.348612704813    12.415525592698
   68 c         4.422375208557     4.535231953745     3.661867901279
   69 c        -4.422375208557    -4.535231953745     3.661867901279
   70 h         5.876141034688     6.024298331375     3.872665153324
   71 h        -5.876141034688    -6.024298331375     3.872665153324
   72 h         5.244553315835     3.009832623005     2.514862219664
   73 h        -5.244553315835    -3.009832623005     2.514862219664
   74 h         2.851998214093     5.337037854355     2.561885987630
   75 h        -2.851998214093    -5.337037854355     2.561885987630
   76 h        -1.741376579381     7.032929042710     8.040889115711
   77 h         1.741376579381    -7.032929042710     8.040889115711
   78 h         7.092011910270    -1.719207627633     7.797480910310
   79 h        -7.092011910270     1.719207627633     7.797480910310
   80 h         1.093600007117     8.756833772500     7.535707760378
   81 h        -1.093600007117    -8.756833772500     7.535707760378
   82 h         8.778480567943     1.148910218984     7.352918334030
   83 h        -8.778480567943    -1.148910218984     7.352918334030
   84 h        -0.331052217941     7.056695057645     4.999138429920
   85 h         0.331052217941    -7.056695057645     4.999138429920
   86 h         7.040979701586    -0.211220328677     4.804904988119
   87 h        -7.040979701586     0.211220328677     4.804904988119
   88 h         5.121009608909    -1.848858056129    11.785393939703
   89 h        -1.848858055693    -5.121009608363   -11.785393940358
   90 h         1.848858055693     5.121009608363   -11.785393940358
   91 h         0.081106605997     2.880930415982    13.880913941705
   92 h        -0.081106605997    -2.880930415982    13.880913941705
   93 h         3.098292835937    -0.091463643644    13.803010804476
   94 h        -0.091463642988    -3.098292835172   -13.803010804803
   95 h        -3.098292835937     0.091463643644    13.803010804476
   96 h         0.091463642988     3.098292835172   -13.803010804803
   97 h        -5.121009608909     1.848858056129    11.785393939703
   98 h         1.722872105954    -4.980115135608    11.985324274456
   99 h        -4.980115136154    -1.722872106390   -11.985324273801
  100 h        -1.722872105954     4.980115135608    11.985324274456
  101 h         4.980115136154     1.722872106390   -11.985324273801
  102 h        -6.178688907019    -1.036514253412    13.113952191296
  103 h         6.178688907019     1.036514253412    13.113952191296
  104 h        -1.202022511836    -5.980479593728    13.272784878852
  105 h        -5.980479594383     1.202022511290   -13.272784878306
  106 h         1.202022511836     5.980479593728    13.272784878852
  107 h         5.980479594383    -1.202022511290   -13.272784878306
 

   ATOM         SHIFTED CARTESIAN COORDINATES IN PRINCIPAL AXIS SYSTEM

    1 mo        0.000000000000     0.000000000000     0.000000000000
    2 y         0.000000000000     0.000000000000    -6.660797202264
    3 s         2.364522578456     2.347427749436    -2.642780607693
    4 s        -2.364522578456    -2.347427749436    -2.642780607693
    5 s         2.347427749436    -2.364522578456     2.642780607693
    6 s        -2.347427749436     2.364522578456     2.642780607693
    7 c         4.702305090814    -1.623289360742    -7.718545034453
    8 c         3.603036484062    -3.567158016718    -6.202783379103
    9 c         1.630599636348    -4.725005342728    -7.633673174703
   10 c         1.531060924172    -3.524716046257   -10.053335467602
   11 c         3.437262879336    -1.603691617218   -10.107361439798
   12 c        -1.630599636348     4.725005342728    -7.633673174703
   13 c        -3.603036484062     3.567158016718    -6.202783379103
   14 c        -4.702305090814     1.623289360742    -7.718545034453
   15 c        -3.437262879336     1.603691617218   -10.107361439798
   16 c        -1.531060924172     3.524716046257   -10.053335467602
   17 c         0.135732078097    -7.017808931808    -6.854726611720
   18 c         0.076851839106    -4.512316366663   -12.290379440742
   19 c         4.535231953308    -4.422375208994    -3.661867901279
   20 c         4.348612705359    -0.212903328809   -12.415525592261
   21 c         6.995590203826    -0.082135022114    -7.036171453277
   22 c        -0.076851839106     4.512316366663   -12.290379440742
   23 c        -4.535231953308     4.422375208994    -3.661867901279
   24 c        -6.995590203826     0.082135022114    -7.036171453277
   25 c        -4.348612705359     0.212903328809   -12.415525592261
   26 h         6.024298330720    -5.876141035343    -3.872665153324
   27 h         3.009832622350    -5.244553316271    -2.514862219883
   28 h        -3.009832622350     5.244553316271    -2.514862219883
   29 h        -6.024298330720     5.876141035343    -3.872665153324
   30 h         5.337037853918    -2.851998214748    -2.561885987412
   31 h        -5.337037853918     2.851998214748    -2.561885987412
   32 h         7.032929042928     1.741376579272    -8.040889114837
   33 h         8.756833772500    -1.093600007444    -7.535707759723
   34 h         7.056695057536     0.331052217395    -4.999138429156
   35 h        -7.032929042928    -1.741376579272    -8.040889114837
   36 h        -8.756833772500     1.093600007444    -7.535707759723
   37 h        -7.056695057536    -0.331052217395    -4.999138429156
   38 c        -0.135732078097     7.017808931808    -6.854726611720
   39 h        -1.148910218656     8.778480567943    -7.352918334685
   40 h         1.719207627743     7.092011910052    -7.797480911183
   41 h         0.211220329223     7.040979701695    -4.804904988883
   42 h         1.148910218656    -8.778480567943    -7.352918334685
   43 h        -1.719207627743    -7.092011910052    -7.797480911183
   44 h         2.880930416747    -0.081106605342   -13.880913941378
   45 h        -2.880930416747     0.081106605342   -13.880913941378
   46 h        -1.036514253958     6.178688906364   -13.113952191842
   47 h         1.036514253958    -6.178688906364   -13.113952191842
   48 h        -0.211220329223    -7.040979701695    -4.804904988883
   49 y         0.000000000000     0.000000000000     6.660797202264
   50 c         1.623289360742     4.702305090705     7.718545034780
   51 c        -1.623289360742    -4.702305090705     7.718545034780
   52 c         4.725005342837     1.630599636348     7.633673174375
   53 c        -4.725005342837    -1.630599636348     7.633673174375
   54 c         3.567158016499     3.603036484281     6.202783379103
   55 c        -3.567158016499    -3.603036484281     6.202783379103
   56 c         3.524716046585     1.531060923844    10.053335467384
   57 c        -3.524716046585    -1.531060923844    10.053335467384
   58 c         1.603691617546     3.437262879009    10.107361440016
   59 c        -1.603691617546    -3.437262879009    10.107361440016
   60 c         7.017808931917     0.135732078315     6.854726611064
   61 c        -7.017808931917    -0.135732078315     6.854726611064
   62 c         0.082135021896     6.995590203717     7.036171453932
   63 c        -0.082135021896    -6.995590203717     7.036171453932
   64 c         4.512316367209     0.076851838669    12.290379440305
   65 c        -4.512316367209    -0.076851838669    12.290379440305
   66 c         0.212903329246     4.348612704813    12.415525592698
   67 c        -0.212903329246    -4.348612704813    12.415525592698
   68 c         4.422375208557     4.535231953745     3.661867901279
   69 c        -4.422375208557    -4.535231953745     3.661867901279
   70 h         5.876141034688     6.024298331375     3.872665153324
   71 h        -5.876141034688    -6.024298331375     3.872665153324
   72 h         5.244553315835     3.009832623005     2.514862219664
   73 h        -5.244553315835    -3.009832623005     2.514862219664
   74 h         2.851998214093     5.337037854355     2.561885987630
   75 h        -2.851998214093    -5.337037854355     2.561885987630
   76 h        -1.741376579381     7.032929042710     8.040889115711
   77 h         1.741376579381    -7.032929042710     8.040889115711
   78 h         7.092011910270    -1.719207627633     7.797480910310
   79 h        -7.092011910270     1.719207627633     7.797480910310
   80 h         1.093600007117     8.756833772500     7.535707760378
   81 h        -1.093600007117    -8.756833772500     7.535707760378
   82 h         8.778480567943     1.148910218984     7.352918334030
   83 h        -8.778480567943    -1.148910218984     7.352918334030
   84 h        -0.331052217941     7.056695057645     4.999138429920
   85 h         0.331052217941    -7.056695057645     4.999138429920
   86 h         7.040979701586    -0.211220328677     4.804904988119
   87 h        -7.040979701586     0.211220328677     4.804904988119
   88 h         5.121009608909    -1.848858056129    11.785393939703
   89 h        -1.848858055693    -5.121009608363   -11.785393940358
   90 h         1.848858055693     5.121009608363   -11.785393940358
   91 h         0.081106605997     2.880930415982    13.880913941705
   92 h        -0.081106605997    -2.880930415982    13.880913941705
   93 h         3.098292835937    -0.091463643644    13.803010804476
   94 h        -0.091463642988    -3.098292835172   -13.803010804803
   95 h        -3.098292835937     0.091463643644    13.803010804476
   96 h         0.091463642988     3.098292835172   -13.803010804803
   97 h        -5.121009608909     1.848858056129    11.785393939703
   98 h         1.722872105954    -4.980115135608    11.985324274456
   99 h        -4.980115136154    -1.722872106390   -11.985324273801
  100 h        -1.722872105954     4.980115135608    11.985324274456
  101 h         4.980115136154     1.722872106390   -11.985324273801
  102 h        -6.178688907019    -1.036514253412    13.113952191296
  103 h         6.178688907019     1.036514253412    13.113952191296
  104 h        -1.202022511836    -5.980479593728    13.272784878852
  105 h        -5.980479594383     1.202022511290   -13.272784878306
  106 h         1.202022511836     5.980479593728    13.272784878852
  107 h         5.980479594383    -1.202022511290   -13.272784878306
 

   ***  distorted cartesian coordinates written onto $newcoord !  ***



    ------------------------------------------------------------------------
         total  cpu-time :   0.18 seconds
         total wall-time :   0.31 seconds
    ------------------------------------------------------------------------

   ****  vibrations : all done  ****


    2020-08-11 11:52:10.273 

