
 ridft (login-i15) : TURBOMOLE rev. V7.5.0 compiled 13 Jun 2020 at 23:29:25
 Copyright (C) 2020 TURBOMOLE GmbH, Karlsruhe


    2020-07-24 00:41:34.677 



                                  r i d f t

                        DFT program with RI approximation 
                                for coulomb part 




                                                 
                                 References:     
                                                 
          TURBOMOLE:                             
              R. Ahlrichs, M. Baer, M. Haeser, H. Horn, and
              C. Koelmel
              Electronic structure calculations on workstation
              computers: the program system TURBOMOLE
              Chem. Phys. Lett. 162: 165 (1989)
          Density Functional:                              
              O. Treutler and R. Ahlrichs                      
              Efficient Molecular Numerical Integration Schemes
              J. Chem. Phys. 102: 346 (1995)                   
          Parallel Version:                                
              Performance of parallel TURBOMOLE for Density    
              Functional Calculations                          
              M. v. Arnim and R. Ahlrichs                      
              J. Comp. Chem. 19: 1746 (1998)                   
          RI-J Method:                                     
              Auxiliary Basis Sets to approximate Coulomb      
              Potentials                                       
              Chem. Phys. Lett. 240: 283 (1995)                
              K. Eichkorn, O. Treutler, H. Oehm, M. Haeser     
              and R. Ahlrichs                                  
              Chem. Phys. Lett. 242: 652 (1995)                
                                                           
              Auxiliary Basis Sets for Main Row Atoms and their
              Use to approximate Coulomb Potentials            
              K. Eichkorn, F. Weigend, O. Treutler and         
              R. Ahlrichs                                      
              Theo. Chem. Acc. 97: 119 (1997)                   
                                                           
              Accurate Coulomb-fitting basis sets for H to Rn 
              F. Weigend                                        
              Phys. Chem. Chem. Phys. 8: 1057 (2006)            
                                                           
          Multipole accelerated RI-J (MARI-J):             
              Fast evaluation of the Coulomb potential for     
              electron densities using multipole accelerated   
              resolution of identity approximation             
              M. Sierka, A. Hogekamp and R. Ahlrichs           
              J. Chem. Phys. 118: 9136 (2003)                  
          RI-JK Method:                                     
              A fully direct RI-HF algorithm: Implementation,
              optimised auxiliary basis sets, demonstration of
              accuracy and efficiency                         
              F. Weigend                                      
              Phys. Chem. Chem. Phys. 4: 4285 (2002)           
          Two-component HF and DFT with spin-orbit coupling:  
              Self-consistent treatment of spin-orbit         
              interactions with efficient Hartree-Fock and    
              density functional methods                      
              M. K. Armbruster, F. Weigend, C. van Wüllen and 
              W. Klopper                                      
              Phys. Chem. Chem. Phys. 10: 1748 (2008)         
          Two-component difference density and DIIS algorithm 
              Efficient two-component self-consistent field   
              procedures and gradients: implementation in     
              TURBOMOLE and application to Au20-              
              A. Baldes, F. Weigend                           
              Mol. Phys. 111: 2617 (2013)                     
          Relativistic all-electron 2c calculations           
              An efficient implementation of two-component    
              relativistic exact-decoupling methods for large 
              molecules                                       
              D. Peng, N. Middendorf, F. Weigend, M. Reiher   
              J. Chem. Phys. 138: 184105 (2013)               
          Finite nucleus model and SNSO approximation         
              Efficient implementation of one- and two-       
              component analytical energy gradients in exact  
              two-component theory                            
              Y. J. Franzke, N. Middendorf, F. Weigend        
              J. Chem. Phys. 148: 104110 (2018)               
          Grids for all-electron relativistic methods         
              Error-consistent segmented contracted all-      
              electron relativistic basis sets of double-     
              and triple-zeta quality for NMR shielding       
              constants                                       
              Y. J. Franzke, R. Tress, T. M. Pazdera,         
              F. Weigend                                      
              Phys. Chem. Chem. Phys. 21: 166658 (2019)       
          Seminumerical exchange algorithms                   
              Seminumerical calculation of the Hartree-Fock   
              exchange matirx: Application to two-component   
              procedures and efficient evaluation of local    
              hybrid functionsl                               
              P. Plessow, F. Weigend,                         
              J. Comput. Chem. 33: 810 (2012)                 
          Improved seminumerical algorithms                   
              C. Holzer, in preparation (2020)                
                                         




              +--------------------------------------------------+
              |      general information about current run       |
              +--------------------------------------------------+

 
no calculation of wave function, analysis of properties only
 TPSS global hybrid functional
 exchange:    9/10 (LDA+TPSS) + 1/10 HF
 correlation: LDA (PW) + TPSS
 A Hybrid-DFT calculation using the RI-J approximation will be carried out.
 Allocatable memory for RI due to $ricore (MB):                 55000
 Multipole approximation for Coulomb integrals is used


              +--------------------------------------------------+
              | Atomic coordinate, charge and isotop information |
              +--------------------------------------------------+

                    atomic coordinates            atom    charge  isotop
          0.00000000    0.00000000    0.00000000    mo    42.000     0
          0.00000000    0.00000000   -6.63239196    gd    64.000     0
          0.00000000    0.00000000    6.63239196    gd    64.000     0
          2.34885147    2.34885147   -2.50460851    s     16.000     0
         -2.34885147   -2.34885147   -2.50460851    s     16.000     0
          2.34885147   -2.34885147    2.50460851    s     16.000     0
         -2.34885147    2.34885147    2.50460851    s     16.000     0
          4.69930010   -1.63331684   -7.89865783    c      6.000     0
          3.63544987   -3.63544987   -6.46805650    c      6.000     0
          1.63331684   -4.69930010   -7.89865783    c      6.000     0
          1.45507818   -3.35405112  -10.21625927    c      6.000     0
          3.35405112   -1.45507818  -10.21625927    c      6.000     0
         -1.63331684    4.69930010   -7.89865783    c      6.000     0
         -3.63544987    3.63544987   -6.46805650    c      6.000     0
         -4.69930010    1.63331684   -7.89865783    c      6.000     0
         -3.35405112    1.45507818  -10.21625927    c      6.000     0
         -1.45507818    3.35405112  -10.21625927    c      6.000     0
          1.63331684    4.69930010    7.89865783    c      6.000     0
          1.45507818    3.35405112   10.21625927    c      6.000     0
          3.35405112    1.45507818   10.21625927    c      6.000     0
          4.69930010    1.63331684    7.89865783    c      6.000     0
          3.63544987    3.63544987    6.46805650    c      6.000     0
         -4.69930010   -1.63331684    7.89865783    c      6.000     0
         -3.35405112   -1.45507818   10.21625927    c      6.000     0
         -1.45507818   -3.35405112   10.21625927    c      6.000     0
         -1.63331684   -4.69930010    7.89865783    c      6.000     0
         -3.63544987   -3.63544987    6.46805650    c      6.000     0
          0.42859291   -6.26600573   -7.30394266    h      1.000     0
          0.11155719   -3.72462517  -11.73879462    h      1.000     0
          4.20631398   -4.20631398   -4.56996105    h      1.000     0
          3.72462517   -0.11155719  -11.73879462    h      1.000     0
          6.26600573   -0.42859291   -7.30394266    h      1.000     0
         -0.11155719    3.72462517  -11.73879462    h      1.000     0
         -0.42859291    6.26600573   -7.30394266    h      1.000     0
         -4.20631398    4.20631398   -4.56996105    h      1.000     0
         -6.26600573    0.42859291   -7.30394266    h      1.000     0
         -3.72462517    0.11155719  -11.73879462    h      1.000     0
         -0.42859291   -6.26600573    7.30394266    h      1.000     0
         -4.20631398   -4.20631398    4.56996105    h      1.000     0
         -6.26600573   -0.42859291    7.30394266    h      1.000     0
         -3.72462517   -0.11155719   11.73879462    h      1.000     0
         -0.11155719   -3.72462517   11.73879462    h      1.000     0
          0.11155719    3.72462517   11.73879462    h      1.000     0
          0.42859291    6.26600573    7.30394266    h      1.000     0
          4.20631398    4.20631398    4.56996105    h      1.000     0
          3.72462517    0.11155719   11.73879462    h      1.000     0
          6.26600573    0.42859291    7.30394266    h      1.000     0
 
       center of nuclear mass  :    0.00000000   -0.00000000    0.00000000
       center of nuclear charge:   -0.00000000    0.00000000    0.00000000

              +--------------------------------------------------+
              |               basis set information              |
              +--------------------------------------------------+

              we will work with the 1s 3p 5d 7f 9g ... basis set
              ...i.e. with spherical basis functions...

   type   atoms  prim   cont   basis
   ---------------------------------------------------------------------------
    mo       1     50     24   def2-SV(P)   [5s3p2d|7s6p5d]
    gd       2    144     69   def2-SV(P)   [10s6p4d3f|14s12p9d7f]
    s        4     36     18   def2-SV(P)   [4s3p1d|10s7p1d]
    c       20     24     14   def2-SV(P)   [3s2p1d|7s4p1d]
    h       20      4      2   def2-SV(P)   [2s|4s]
   ---------------------------------------------------------------------------
   total:   47   1042    554
   ---------------------------------------------------------------------------

   total number of primitive shells          :   94
   total number of contracted shells         :  248
   total number of cartesian basis functions :  606
   total number of SCF-basis functions       :  554

 number of unique ecp types :                     2

 integral neglect threshold       :  0.55E-11
 integral storage threshold THIZE :  0.10E-04
 integral storage threshold THIME :         5

 RI-J AUXILIARY BASIS SET information:

              we will work with the 1s 3p 5d 7f 9g ... basis set
              ...i.e. with spherical basis functions...

   type   atoms  prim   cont   basis
   ---------------------------------------------------------------------------
    mo       1     99     89   def2-SV(P)   [8s5p5d2f3g|11s5p5d3f3g]
    gd       2    263    200   def2-SV(P)   [14s7p6d6f5g2h2i|18s7p6d6f6g3h5i]
    s        4     77     51   def2-SV(P)   [8s4p3d1f1g|14s5p5d2f1g]
    c       20     70     49   def2-SV(P)   [6s4p3d1f1g|12s5p4d2f1g]
    h       20     16     11   def2-SV(P)   [3s1p1d|5s2p1d]
   ---------------------------------------------------------------------------
   total:   47   2653   1893
   ---------------------------------------------------------------------------

   total number of primitive shells          :  137
   total number of contracted shells         :  575
   total number of cartesian basis functions : 2438
   total number of SCF-basis functions       : 1893


 symmetry group of the molecule :   d2d

 the group has the following generators :
   s4(z)
   c2(x)

    8 symmetry operations found

 there are 5 real representations :   a1   a2   b1   b2   e   

 maximum number of shells which are related by symmetry :  8

  
           ------------------
           density functional
           ------------------
 TPSS global hybrid functional
 exchange:    9/10 (LDA+TPSS) + 1/10 HF
 correlation: LDA (PW) + TPSS

 iterations will be done with small grid
  
 spherical integration : Lebedev's spherical grid
 spherical gridsize    :                     4
    i.e. gridpoints    :                   434
 value for diffuse not defined
 radial integration    : Chebyshev 2nd kind (scaling 3)
 radial gridsize       :                     6
 integration cells     :                     9
 partition function    : becke
 partition sharpness   :                     3
  

 biggest AO integral is expected to be    24.152908834

          ------------------------
          nuclear repulsion energy  :   4891.38443030    
          ------------------------

  _________________________________
 |                                 |
 |         DFTD3 V3.1 Rev 0        |
 | S.Grimme, University Bonn       |
 |            June  2014           |
 |   see standalone version        |
 |       dftd3 -h for options      |
 |_________________________________|
 
 Please cite DFT-D3 work done with this code as:
 S. Grimme, J. Antony, S. Ehrlich and H. Krieg,
 J. Chem. Phys, 132 (2010), 154104.
 If used with BJ-damping cite also
 S. Grimme, S. Ehrlich and L. Goerigk,
 J. Comput. Chem. 32 (2011), 1456-1465
 For DFT-D2 the reference is
 S. Grimme, J. Comput. Chem., 27 (2006), 1787-1799
 
C6 coefficients used:
                     2  C6 for element                      1
Z=  1 CN= 0.912     C6(AA)=    3.03
Z=  1 CN= 0.000     C6(AA)=    7.59
                     5  C6 for element                      6
Z=  6 CN= 0.000     C6(AA)=   49.11
Z=  6 CN= 0.987     C6(AA)=   43.25
Z=  6 CN= 1.998     C6(AA)=   29.36
Z=  6 CN= 2.999     C6(AA)=   25.78
Z=  6 CN= 3.984     C6(AA)=   18.21
                     3  C6 for element                     16
Z= 16 CN= 0.000     C6(AA)=  134.01
Z= 16 CN= 0.995     C6(AA)=  131.00
Z= 16 CN= 1.990     C6(AA)=  125.81
                     3  C6 for element                     42
Z= 42 CN= 0.000     C6(AA)=  845.90
Z= 42 CN= 1.942     C6(AA)=  502.01
Z= 42 CN=11.056     C6(AA)=  337.11
                     2  C6 for element                     64
Z= 64 CN= 0.000     C6(AA)= 1891.67
Z= 64 CN= 2.873     C6(AA)=  595.36

#           XYZ [au]              R0(AA) [Ang.]  CN          C6(AA)     C8(AA)   C10(AA) [au]
  1   0.00000   0.00000   0.00000   mo  1.286  5.375       502.0     57804.9   8153712.7
  2   0.00000   0.00000  -6.63239   gd  1.640 11.393       595.4    111461.2  25562415.3
  3   0.00000   0.00000   6.63239   gd  1.640 11.393       595.4    111461.2  25562415.3
  4   2.34885   2.34885  -2.50461   s   0.839  2.041       125.9      6166.8    370094.0
  5  -2.34885  -2.34885  -2.50461   s   0.839  2.041       125.9      6166.8    370094.0
  6   2.34885  -2.34885   2.50461   s   0.839  2.041       125.9      6166.8    370094.0
  7  -2.34885   2.34885   2.50461   s   0.839  2.041       125.9      6166.8    370094.0
  8   4.69930  -1.63332  -7.89866   c   0.644  4.087        18.3       528.3     18718.0
  9   3.63545  -3.63545  -6.46806   c   0.644  4.081        18.3       528.4     18720.7
 10   1.63332  -4.69930  -7.89866   c   0.644  4.087        18.3       528.3     18718.0
 11   1.45508  -3.35405 -10.21626   c   0.644  4.088        18.3       528.3     18717.5
 12   3.35405  -1.45508 -10.21626   c   0.644  4.088        18.3       528.3     18717.5
 13  -1.63332   4.69930  -7.89866   c   0.644  4.087        18.3       528.3     18718.0
 14  -3.63545   3.63545  -6.46806   c   0.644  4.081        18.3       528.4     18720.7
 15  -4.69930   1.63332  -7.89866   c   0.644  4.087        18.3       528.3     18718.0
 16  -3.35405   1.45508 -10.21626   c   0.644  4.088        18.3       528.3     18717.5
 17  -1.45508   3.35405 -10.21626   c   0.644  4.088        18.3       528.3     18717.5
 18   1.63332   4.69930   7.89866   c   0.644  4.087        18.3       528.3     18718.0
 19   1.45508   3.35405  10.21626   c   0.644  4.088        18.3       528.3     18717.5
 20   3.35405   1.45508  10.21626   c   0.644  4.088        18.3       528.3     18717.5
 21   4.69930   1.63332   7.89866   c   0.644  4.087        18.3       528.3     18718.0
 22   3.63545   3.63545   6.46806   c   0.644  4.081        18.3       528.4     18720.7
 23  -4.69930  -1.63332   7.89866   c   0.644  4.087        18.3       528.3     18718.0
 24  -3.35405  -1.45508  10.21626   c   0.644  4.088        18.3       528.3     18717.5
 25  -1.45508  -3.35405  10.21626   c   0.644  4.088        18.3       528.3     18717.5
 26  -1.63332  -4.69930   7.89866   c   0.644  4.087        18.3       528.3     18718.0
 27  -3.63545  -3.63545   6.46806   c   0.644  4.081        18.3       528.4     18720.7
 28   0.42859  -6.26601  -7.30394   h   0.417  1.013         3.1        37.3       552.2
 29   0.11156  -3.72463 -11.73879   h   0.417  1.013         3.1        37.3       552.2
 30   4.20631  -4.20631  -4.56996   h   0.417  1.015         3.1        37.3       552.1
 31   3.72463  -0.11156 -11.73879   h   0.417  1.013         3.1        37.3       552.2
 32   6.26601  -0.42859  -7.30394   h   0.417  1.013         3.1        37.3       552.2
 33  -0.11156   3.72463 -11.73879   h   0.417  1.013         3.1        37.3       552.2
 34  -0.42859   6.26601  -7.30394   h   0.417  1.013         3.1        37.3       552.2
 35  -4.20631   4.20631  -4.56996   h   0.417  1.015         3.1        37.3       552.1
 36  -6.26601   0.42859  -7.30394   h   0.417  1.013         3.1        37.3       552.2
 37  -3.72463   0.11156 -11.73879   h   0.417  1.013         3.1        37.3       552.2
 38  -0.42859  -6.26601   7.30394   h   0.417  1.013         3.1        37.3       552.2
 39  -4.20631  -4.20631   4.56996   h   0.417  1.015         3.1        37.3       552.1
 40  -6.26601  -0.42859   7.30394   h   0.417  1.013         3.1        37.3       552.2
 41  -3.72463  -0.11156  11.73879   h   0.417  1.013         3.1        37.3       552.2
 42  -0.11156  -3.72463  11.73879   h   0.417  1.013         3.1        37.3       552.2
 43   0.11156   3.72463  11.73879   h   0.417  1.013         3.1        37.3       552.2
 44   0.42859   6.26601   7.30394   h   0.417  1.013         3.1        37.3       552.2
 45   4.20631   4.20631   4.56996   h   0.417  1.015         3.1        37.3       552.1
 46   3.72463   0.11156  11.73879   h   0.417  1.013         3.1        37.3       552.2
 47   6.26601   0.42859   7.30394   h   0.417  1.013         3.1        37.3       552.2

molecular C6(AA) [au] =     54858.39

           DFT-D V3(BJ)
 DF tpssh                                             
 parameters
 s6       :    1.0000
 s8       :    2.2382
 a1       :    0.4529
 a2       :    4.6550
 k1-k3    :   16.0000    1.3333   -4.0000
 
 Edisp /kcal,au:   -69.1006 -0.11011873

 E6    /kcal :   -26.9790
 E8    /kcal :   -42.1216
 % E8        : 60.96
 nuclear repulsion energy                  =    4891.384430298
 empirical dispersive energy correction    =      -0.110118725
 nuclear repulsion + dispersion correction =    4891.274311573


         -----------------
         -S,T+V- integrals
         -----------------

 1e-integrals will be neglected if expon. factor < 0.551479E-12


          ----------------
          -ecp-  integrals
          ----------------
 
   Difference densities algorithm switched on.
   The maximal number of linear combinations of
   difference densities is                    20 .

 DIIS switched on: error vector is FDS-SDF
 Max. Iterations for DIIS is     :   4
 DIIS matrix (see manual) 
    Scaling factor of diagonals  :  1.200
    threshold for scaling factor :  0.000

 scf convergence criterion : increment of total energy < .1000000D-06
                  and increment of one-electron energy < .1000000D-03

 MOs are in ASCII format !


    mo occupation :
   irrep   mo's   occupied
    a1      94       26
    a2      48       11
    b1      50       11
    b2      92       26
    e      135       37
 
 number of basis functions   :   554
 number of occupied orbitals :   148
 

 reading orbital data $uhfmo_alpha  from file alpha
 orbital characterization : scfconv=7

 reading orbital data $uhfmo_beta  from file beta
 orbital characterization : scfconv=7
 mo-orthogonalization by Cholesky decomposition
 mo-orthogonalization by Cholesky decomposition

 UHF mode switched on !

 closed shell shift switched on 
 all occupied orbitals are shifted by    2.50000

  
           ------------------------
               RI-J - INFORMATION
           ------------------------
 
    +---------------- Multipole Accelerated RI-J ---------------+
    -------------------------------------------------------------
      Number of bins for density partition        :  8
      Maximum multipole moment used               : 14
      Multipole precision parameter               :  1.0000E-08
      Threshold for moment summation              :  1.0000E-24
      Minimum separation between boxes            :  0.0000E+00
      Maximum allowed extent                      :  2.0000E+01
    +-----------------------------------------------------------+
 
 Extensions and centers of shell-pairs:
  number of shells with a single center:     3046
  number of shells with double centers:       135
 Contributions to RI integral batches: 
  neglected integral batches:                     27695
  multipole/direct contribution:                      0
  multipole/memory contribution:                   3181
 Memory core needed for (P|Q) and Cholesky      1 MByte
 Memory core minimum needed except of (P|Q)     1 MByte
 Total minimum memory core needed (sum)         2 MByte
  
 ****************************************
 Memory allocated for RI-J   404 MByte
 ****************************************
                                            
 
 
 
 ==============================================================================
                           electrostatic moments
 ==============================================================================

 reference point for electrostatic moments:    0.00000   0.00000   0.00000

 
              nuc           elec       ->  total
 ------------------------------------------------------------------------------
                          charge      
 ------------------------------------------------------------------------------
         290.000000    -291.000000      -1.000000
 a-b                                    -3.000000
 
 ------------------------------------------------------------------------------
                       dipole moment  
 ------------------------------------------------------------------------------
   x       0.000000       0.000000       0.000000
   y      -0.000000       0.000000       0.000000
   z      -0.000000      -0.000000      -0.000000
 
   | dipole moment | =     0.0000 a.u. =     0.0000 debye 
 
 ------------------------------------------------------------------------------
                     quadrupole moment
 ------------------------------------------------------------------------------
  xx    1869.223365   -2076.478299    -207.254934
  yy    1869.223365   -2076.478299    -207.254934
  zz   14189.944210  -14429.577354    -239.633143
  xy       0.000000       0.000000       0.000000
  xz       0.000000       0.000000       0.000000
  yz       0.000000      -0.000000      -0.000000
 
     1/3  trace=    -218.047670
     anisotropy=      32.378210
 
 
 ==============================================================================
                  NATURAL POPULATION ANALYSIS (AO-BASIS) 
 ==============================================================================
A.E. Reed, R.B. Weinstock and F. Weinhold:
Natural population analysis, J. Chem. Phys. 83(2), 735(1985)
nbfiat:  1  5  9 10  0  0  0  0  0  0  0  0
nbfiat:  2 10 18 20 21  0  0  0  0  0  0  0
nbfiat:  3 10 18 20 21  0  0  0  0  0  0  0
nbfiat:  4  4  9  5  0  0  0  0  0  0  0  0
nbfiat:  5  4  9  5  0  0  0  0  0  0  0  0
nbfiat:  6  4  9  5  0  0  0  0  0  0  0  0
nbfiat:  7  4  9  5  0  0  0  0  0  0  0  0
nbfiat:  8  3  6  5  0  0  0  0  0  0  0  0
nbfiat:  9  3  6  5  0  0  0  0  0  0  0  0
nbfiat: 10  3  6  5  0  0  0  0  0  0  0  0
nbfiat: 11  3  6  5  0  0  0  0  0  0  0  0
nbfiat: 12  3  6  5  0  0  0  0  0  0  0  0
nbfiat: 13  3  6  5  0  0  0  0  0  0  0  0
nbfiat: 14  3  6  5  0  0  0  0  0  0  0  0
nbfiat: 15  3  6  5  0  0  0  0  0  0  0  0
nbfiat: 16  3  6  5  0  0  0  0  0  0  0  0
nbfiat: 17  3  6  5  0  0  0  0  0  0  0  0
nbfiat: 18  3  6  5  0  0  0  0  0  0  0  0
nbfiat: 19  3  6  5  0  0  0  0  0  0  0  0
nbfiat: 20  3  6  5  0  0  0  0  0  0  0  0
nbfiat: 21  3  6  5  0  0  0  0  0  0  0  0
nbfiat: 22  3  6  5  0  0  0  0  0  0  0  0
nbfiat: 23  3  6  5  0  0  0  0  0  0  0  0
nbfiat: 24  3  6  5  0  0  0  0  0  0  0  0
nbfiat: 25  3  6  5  0  0  0  0  0  0  0  0
nbfiat: 26  3  6  5  0  0  0  0  0  0  0  0
nbfiat: 27  3  6  5  0  0  0  0  0  0  0  0
nbfiat: 28  2  0  0  0  0  0  0  0  0  0  0
nbfiat: 29  2  0  0  0  0  0  0  0  0  0  0
nbfiat: 30  2  0  0  0  0  0  0  0  0  0  0
nbfiat: 31  2  0  0  0  0  0  0  0  0  0  0
nbfiat: 32  2  0  0  0  0  0  0  0  0  0  0
nbfiat: 33  2  0  0  0  0  0  0  0  0  0  0
nbfiat: 34  2  0  0  0  0  0  0  0  0  0  0
nbfiat: 35  2  0  0  0  0  0  0  0  0  0  0
nbfiat: 36  2  0  0  0  0  0  0  0  0  0  0
nbfiat: 37  2  0  0  0  0  0  0  0  0  0  0
nbfiat: 38  2  0  0  0  0  0  0  0  0  0  0
nbfiat: 39  2  0  0  0  0  0  0  0  0  0  0
nbfiat: 40  2  0  0  0  0  0  0  0  0  0  0
nbfiat: 41  2  0  0  0  0  0  0  0  0  0  0
nbfiat: 42  2  0  0  0  0  0  0  0  0  0  0
nbfiat: 43  2  0  0  0  0  0  0  0  0  0  0
nbfiat: 44  2  0  0  0  0  0  0  0  0  0  0
nbfiat: 45  2  0  0  0  0  0  0  0  0  0  0
nbfiat: 46  2  0  0  0  0  0  0  0  0  0  0
nbfiat: 47  2  0  0  0  0  0  0  0  0  0  0
Basis set: (total    554 functions)
mo      (shells)  s:  5 p:  3 d:  2 f:  0 g:  0
gd      (shells)  s: 10 p:  6 d:  4 f:  3 g:  0
gd      (shells)  s: 10 p:  6 d:  4 f:  3 g:  0
s       (shells)  s:  4 p:  3 d:  1 f:  0 g:  0
s       (shells)  s:  4 p:  3 d:  1 f:  0 g:  0
s       (shells)  s:  4 p:  3 d:  1 f:  0 g:  0
s       (shells)  s:  4 p:  3 d:  1 f:  0 g:  0
c       (shells)  s:  3 p:  2 d:  1 f:  0 g:  0
c       (shells)  s:  3 p:  2 d:  1 f:  0 g:  0
c       (shells)  s:  3 p:  2 d:  1 f:  0 g:  0
c       (shells)  s:  3 p:  2 d:  1 f:  0 g:  0
c       (shells)  s:  3 p:  2 d:  1 f:  0 g:  0
c       (shells)  s:  3 p:  2 d:  1 f:  0 g:  0
c       (shells)  s:  3 p:  2 d:  1 f:  0 g:  0
c       (shells)  s:  3 p:  2 d:  1 f:  0 g:  0
c       (shells)  s:  3 p:  2 d:  1 f:  0 g:  0
c       (shells)  s:  3 p:  2 d:  1 f:  0 g:  0
c       (shells)  s:  3 p:  2 d:  1 f:  0 g:  0
c       (shells)  s:  3 p:  2 d:  1 f:  0 g:  0
c       (shells)  s:  3 p:  2 d:  1 f:  0 g:  0
c       (shells)  s:  3 p:  2 d:  1 f:  0 g:  0
c       (shells)  s:  3 p:  2 d:  1 f:  0 g:  0
c       (shells)  s:  3 p:  2 d:  1 f:  0 g:  0
c       (shells)  s:  3 p:  2 d:  1 f:  0 g:  0
c       (shells)  s:  3 p:  2 d:  1 f:  0 g:  0
c       (shells)  s:  3 p:  2 d:  1 f:  0 g:  0
c       (shells)  s:  3 p:  2 d:  1 f:  0 g:  0
h       (shells)  s:  2 p:  0 d:  0 f:  0 g:  0
h       (shells)  s:  2 p:  0 d:  0 f:  0 g:  0
h       (shells)  s:  2 p:  0 d:  0 f:  0 g:  0
h       (shells)  s:  2 p:  0 d:  0 f:  0 g:  0
h       (shells)  s:  2 p:  0 d:  0 f:  0 g:  0
h       (shells)  s:  2 p:  0 d:  0 f:  0 g:  0
h       (shells)  s:  2 p:  0 d:  0 f:  0 g:  0
h       (shells)  s:  2 p:  0 d:  0 f:  0 g:  0
h       (shells)  s:  2 p:  0 d:  0 f:  0 g:  0
h       (shells)  s:  2 p:  0 d:  0 f:  0 g:  0
h       (shells)  s:  2 p:  0 d:  0 f:  0 g:  0
h       (shells)  s:  2 p:  0 d:  0 f:  0 g:  0
h       (shells)  s:  2 p:  0 d:  0 f:  0 g:  0
h       (shells)  s:  2 p:  0 d:  0 f:  0 g:  0
h       (shells)  s:  2 p:  0 d:  0 f:  0 g:  0
h       (shells)  s:  2 p:  0 d:  0 f:  0 g:  0
h       (shells)  s:  2 p:  0 d:  0 f:  0 g:  0
h       (shells)  s:  2 p:  0 d:  0 f:  0 g:  0
h       (shells)  s:  2 p:  0 d:  0 f:  0 g:  0
h       (shells)  s:  2 p:  0 d:  0 f:  0 g:  0
NMB set: (total    218 functions)
mo      (shells)  s:  2 p:  1 d:  1 f:  0 g:  0
gd      (shells)  s:  3 p:  2 d:  2 f:  1 g:  0
gd      (shells)  s:  3 p:  2 d:  2 f:  1 g:  0
s       (shells)  s:  3 p:  2 d:  0 f:  0 g:  0
s       (shells)  s:  3 p:  2 d:  0 f:  0 g:  0
s       (shells)  s:  3 p:  2 d:  0 f:  0 g:  0
s       (shells)  s:  3 p:  2 d:  0 f:  0 g:  0
c       (shells)  s:  2 p:  1 d:  0 f:  0 g:  0
c       (shells)  s:  2 p:  1 d:  0 f:  0 g:  0
c       (shells)  s:  2 p:  1 d:  0 f:  0 g:  0
c       (shells)  s:  2 p:  1 d:  0 f:  0 g:  0
c       (shells)  s:  2 p:  1 d:  0 f:  0 g:  0
c       (shells)  s:  2 p:  1 d:  0 f:  0 g:  0
c       (shells)  s:  2 p:  1 d:  0 f:  0 g:  0
c       (shells)  s:  2 p:  1 d:  0 f:  0 g:  0
c       (shells)  s:  2 p:  1 d:  0 f:  0 g:  0
c       (shells)  s:  2 p:  1 d:  0 f:  0 g:  0
c       (shells)  s:  2 p:  1 d:  0 f:  0 g:  0
c       (shells)  s:  2 p:  1 d:  0 f:  0 g:  0
c       (shells)  s:  2 p:  1 d:  0 f:  0 g:  0
c       (shells)  s:  2 p:  1 d:  0 f:  0 g:  0
c       (shells)  s:  2 p:  1 d:  0 f:  0 g:  0
c       (shells)  s:  2 p:  1 d:  0 f:  0 g:  0
c       (shells)  s:  2 p:  1 d:  0 f:  0 g:  0
c       (shells)  s:  2 p:  1 d:  0 f:  0 g:  0
c       (shells)  s:  2 p:  1 d:  0 f:  0 g:  0
c       (shells)  s:  2 p:  1 d:  0 f:  0 g:  0
h       (shells)  s:  1 p:  0 d:  0 f:  0 g:  0
h       (shells)  s:  1 p:  0 d:  0 f:  0 g:  0
h       (shells)  s:  1 p:  0 d:  0 f:  0 g:  0
h       (shells)  s:  1 p:  0 d:  0 f:  0 g:  0
h       (shells)  s:  1 p:  0 d:  0 f:  0 g:  0
h       (shells)  s:  1 p:  0 d:  0 f:  0 g:  0
h       (shells)  s:  1 p:  0 d:  0 f:  0 g:  0
h       (shells)  s:  1 p:  0 d:  0 f:  0 g:  0
h       (shells)  s:  1 p:  0 d:  0 f:  0 g:  0
h       (shells)  s:  1 p:  0 d:  0 f:  0 g:  0
h       (shells)  s:  1 p:  0 d:  0 f:  0 g:  0
h       (shells)  s:  1 p:  0 d:  0 f:  0 g:  0
h       (shells)  s:  1 p:  0 d:  0 f:  0 g:  0
h       (shells)  s:  1 p:  0 d:  0 f:  0 g:  0
h       (shells)  s:  1 p:  0 d:  0 f:  0 g:  0
h       (shells)  s:  1 p:  0 d:  0 f:  0 g:  0
h       (shells)  s:  1 p:  0 d:  0 f:  0 g:  0
h       (shells)  s:  1 p:  0 d:  0 f:  0 g:  0
h       (shells)  s:  1 p:  0 d:  0 f:  0 g:  0
h       (shells)  s:  1 p:  0 d:  0 f:  0 g:  0
NRB set: (total    336 functions)
mo      (shells)  s:  3 p:  2 d:  1 f:  0 g:  0
gd      (shells)  s:  7 p:  4 d:  2 f:  2 g:  0
gd      (shells)  s:  7 p:  4 d:  2 f:  2 g:  0
s       (shells)  s:  1 p:  1 d:  1 f:  0 g:  0
s       (shells)  s:  1 p:  1 d:  1 f:  0 g:  0
s       (shells)  s:  1 p:  1 d:  1 f:  0 g:  0
s       (shells)  s:  1 p:  1 d:  1 f:  0 g:  0
c       (shells)  s:  1 p:  1 d:  1 f:  0 g:  0
c       (shells)  s:  1 p:  1 d:  1 f:  0 g:  0
c       (shells)  s:  1 p:  1 d:  1 f:  0 g:  0
c       (shells)  s:  1 p:  1 d:  1 f:  0 g:  0
c       (shells)  s:  1 p:  1 d:  1 f:  0 g:  0
c       (shells)  s:  1 p:  1 d:  1 f:  0 g:  0
c       (shells)  s:  1 p:  1 d:  1 f:  0 g:  0
c       (shells)  s:  1 p:  1 d:  1 f:  0 g:  0
c       (shells)  s:  1 p:  1 d:  1 f:  0 g:  0
c       (shells)  s:  1 p:  1 d:  1 f:  0 g:  0
c       (shells)  s:  1 p:  1 d:  1 f:  0 g:  0
c       (shells)  s:  1 p:  1 d:  1 f:  0 g:  0
c       (shells)  s:  1 p:  1 d:  1 f:  0 g:  0
c       (shells)  s:  1 p:  1 d:  1 f:  0 g:  0
c       (shells)  s:  1 p:  1 d:  1 f:  0 g:  0
c       (shells)  s:  1 p:  1 d:  1 f:  0 g:  0
c       (shells)  s:  1 p:  1 d:  1 f:  0 g:  0
c       (shells)  s:  1 p:  1 d:  1 f:  0 g:  0
c       (shells)  s:  1 p:  1 d:  1 f:  0 g:  0
c       (shells)  s:  1 p:  1 d:  1 f:  0 g:  0
h       (shells)  s:  1 p:  0 d:  0 f:  0 g:  0
h       (shells)  s:  1 p:  0 d:  0 f:  0 g:  0
h       (shells)  s:  1 p:  0 d:  0 f:  0 g:  0
h       (shells)  s:  1 p:  0 d:  0 f:  0 g:  0
h       (shells)  s:  1 p:  0 d:  0 f:  0 g:  0
h       (shells)  s:  1 p:  0 d:  0 f:  0 g:  0
h       (shells)  s:  1 p:  0 d:  0 f:  0 g:  0
h       (shells)  s:  1 p:  0 d:  0 f:  0 g:  0
h       (shells)  s:  1 p:  0 d:  0 f:  0 g:  0
h       (shells)  s:  1 p:  0 d:  0 f:  0 g:  0
h       (shells)  s:  1 p:  0 d:  0 f:  0 g:  0
h       (shells)  s:  1 p:  0 d:  0 f:  0 g:  0
h       (shells)  s:  1 p:  0 d:  0 f:  0 g:  0
h       (shells)  s:  1 p:  0 d:  0 f:  0 g:  0
h       (shells)  s:  1 p:  0 d:  0 f:  0 g:  0
h       (shells)  s:  1 p:  0 d:  0 f:  0 g:  0
h       (shells)  s:  1 p:  0 d:  0 f:  0 g:  0
h       (shells)  s:  1 p:  0 d:  0 f:  0 g:  0
h       (shells)  s:  1 p:  0 d:  0 f:  0 g:  0
h       (shells)  s:  1 p:  0 d:  0 f:  0 g:  0

*********************
*** Total density ***
*********************

 Nr Atom            Natural Electron Configuration
--------------------------------------------------
   1 mo [ecp-28] [core] 5s( 0.48) 5p( 0.02) 4d( 5.37) 5d( 0.06)                                     
   2 gd [ecp-28] [core] 6s( 0.53) 7s( 0.06) 6p( 0.01) 5d( 0.96) 6d( 0.01) 4f( 7.00)                 
   3 gd [ecp-28] [core] 6s( 0.53) 7s( 0.06) 6p( 0.01) 5d( 0.96) 6d( 0.01) 4f( 7.00)                 
   4 s    [core]        3s( 1.83) 3p( 4.50) 3d( 0.01)                                               
   5 s    [core]        3s( 1.83) 3p( 4.50) 3d( 0.01)                                               
   6 s    [core]        3s( 1.83) 3p( 4.50) 3d( 0.01)                                               
   7 s    [core]        3s( 1.83) 3p( 4.50) 3d( 0.01)                                               
   8 c    [core]        2s( 0.96) 2p( 3.37) 3p( 0.01)                                               
   9 c    [core]        2s( 0.96) 2p( 3.36) 3p( 0.02)                                               
  10 c    [core]        2s( 0.96) 2p( 3.37) 3p( 0.01)                                               
  11 c    [core]        2s( 0.96) 2p( 3.38) 3p( 0.01)                                               
  12 c    [core]        2s( 0.96) 2p( 3.38) 3p( 0.01)                                               
  13 c    [core]        2s( 0.96) 2p( 3.37) 3p( 0.01)                                               
  14 c    [core]        2s( 0.96) 2p( 3.36) 3p( 0.02)                                               
  15 c    [core]        2s( 0.96) 2p( 3.37) 3p( 0.01)                                               
  16 c    [core]        2s( 0.96) 2p( 3.38) 3p( 0.01)                                               
  17 c    [core]        2s( 0.96) 2p( 3.38) 3p( 0.01)                                               
  18 c    [core]        2s( 0.96) 2p( 3.37) 3p( 0.01)                                               
  19 c    [core]        2s( 0.96) 2p( 3.38) 3p( 0.01)                                               
  20 c    [core]        2s( 0.96) 2p( 3.38) 3p( 0.01)                                               
  21 c    [core]        2s( 0.96) 2p( 3.37) 3p( 0.01)                                               
  22 c    [core]        2s( 0.96) 2p( 3.36) 3p( 0.02)                                               
  23 c    [core]        2s( 0.96) 2p( 3.37) 3p( 0.01)                                               
  24 c    [core]        2s( 0.96) 2p( 3.38) 3p( 0.01)                                               
  25 c    [core]        2s( 0.96) 2p( 3.38) 3p( 0.01)                                               
  26 c    [core]        2s( 0.96) 2p( 3.37) 3p( 0.01)                                               
  27 c    [core]        2s( 0.96) 2p( 3.36) 3p( 0.02)                                               
  28 h                  1s( 0.77)                                                                   
  29 h                  1s( 0.78)                                                                   
  30 h                  1s( 0.76)                                                                   
  31 h                  1s( 0.78)                                                                   
  32 h                  1s( 0.77)                                                                   
  33 h                  1s( 0.78)                                                                   
  34 h                  1s( 0.77)                                                                   
  35 h                  1s( 0.76)                                                                   
  36 h                  1s( 0.77)                                                                   
  37 h                  1s( 0.78)                                                                   
  38 h                  1s( 0.77)                                                                   
  39 h                  1s( 0.76)                                                                   
  40 h                  1s( 0.77)                                                                   
  41 h                  1s( 0.78)                                                                   
  42 h                  1s( 0.78)                                                                   
  43 h                  1s( 0.78)                                                                   
  44 h                  1s( 0.77)                                                                   
  45 h                  1s( 0.76)                                                                   
  46 h                  1s( 0.78)                                                                   
  47 h                  1s( 0.77)                                                                   

NATURAL POPULATIONS:  Natural atomic orbital occupancies

NAO   Atom  #       Type(AO)   Occupancy
----------------------------------------
    1 mo    1 s    Cor(4s)        1.99784
    2 mo    1 s    Val(5s)        0.47910
    3 mo    1 s    Ryd            0.00259
    4 mo    1 s    Ryd            0.00078
    5 mo    1 s    Ryd            0.00004
    6 mo    1 p    Cor(4px)       1.99189
    7 mo    1 p    Cor(4py)       1.99189
    8 mo    1 p    Cor(4pz)       1.99127
    9 mo    1 p    Ryd            0.00679
   10 mo    1 p    Ryd            0.00679
   11 mo    1 p    Ryd            0.00361
   12 mo    1 p    Ryd            0.00085
   13 mo    1 p    Ryd            0.00085
   14 mo    1 p    Ryd            0.00116
   15 mo    1 d    Val(4dz2)      1.18174
   16 mo    1 d    Val(4dxz)      1.07015
   17 mo    1 d    Val(4dyz)      1.07015
   18 mo    1 d    Val(4dxy)      0.98673
   19 mo    1 d    Val(4dx2-y2)   1.06396
   20 mo    1 d    Ryd            0.00723
   21 mo    1 d    Ryd            0.01787
   22 mo    1 d    Ryd            0.01787
   23 mo    1 d    Ryd            0.01792
   24 mo    1 d    Ryd            0.00023

   25 gd    2 s    Cor(4s)        1.99985
   26 gd    2 s    Cor(5s)        1.98178
   27 gd    2 s    Val(6s)        0.53412
   28 gd    2 s    Ryd            0.05696
   29 gd    2 s    Ryd            0.00179
   30 gd    2 s    Ryd            0.00045
   31 gd    2 s    Ryd            0.00004
   32 gd    2 s    Ryd            0.00002
   33 gd    2 s    Ryd            0.00000
   34 gd    2 s    Ryd            0.00000
   35 gd    2 p    Cor(4px)       1.99999
   36 gd    2 p    Cor(4py)       1.99999
   37 gd    2 p    Cor(4pz)       1.99999
   38 gd    2 p    Cor(5px)       1.99821
   39 gd    2 p    Cor(5py)       1.99821
   40 gd    2 p    Cor(5pz)       1.99754
   41 gd    2 p    Ryd            0.00279
   42 gd    2 p    Ryd            0.00279
   43 gd    2 p    Ryd            0.00128
   44 gd    2 p    Ryd            0.00073
   45 gd    2 p    Ryd            0.00073
   46 gd    2 p    Ryd            0.00151
   47 gd    2 p    Ryd            0.00009
   48 gd    2 p    Ryd            0.00009
   49 gd    2 p    Ryd            0.00009
   50 gd    2 p    Ryd            0.00000
   51 gd    2 p    Ryd            0.00000
   52 gd    2 p    Ryd            0.00000
   53 gd    2 d    Cor(4dz2)      1.99998
   54 gd    2 d    Cor(4dxz)      1.99999
   55 gd    2 d    Cor(4dyz)      1.99999
   56 gd    2 d    Cor(4dxy)      1.99997
   57 gd    2 d    Cor(4dx2-y2)   1.99999
   58 gd    2 d    Val(5dz2)      0.17284
   59 gd    2 d    Val(5dxz)      0.22187
   60 gd    2 d    Val(5dyz)      0.22187
   61 gd    2 d    Val(5dxy)      0.11572
   62 gd    2 d    Val(5dx2-y2)   0.22865
   63 gd    2 d    Ryd            0.00097
   64 gd    2 d    Ryd            0.00159
   65 gd    2 d    Ryd            0.00159
   66 gd    2 d    Ryd            0.00092
   67 gd    2 d    Ryd            0.00049
   68 gd    2 d    Ryd            0.00002
   69 gd    2 d    Ryd            0.00003
   70 gd    2 d    Ryd            0.00003
   71 gd    2 d    Ryd            0.00002
   72 gd    2 d    Ryd            0.00001
   73 gd    2 f    Val(4f0)       0.26187
   74 gd    2 f    Val(4fC1)      1.51647
   75 gd    2 f    Val(4fS1)      1.51647
   76 gd    2 f    Val(4fC2)      0.73971
   77 gd    2 f    Val(4fS2)      0.99973
   78 gd    2 f    Val(4fC3)      0.98208
   79 gd    2 f    Val(4fS3)      0.98208
   80 gd    2 f    Ryd            0.00020
   81 gd    2 f    Ryd            0.00046
   82 gd    2 f    Ryd            0.00046
   83 gd    2 f    Ryd            0.00029
   84 gd    2 f    Ryd            0.00041
   85 gd    2 f    Ryd            0.00043
   86 gd    2 f    Ryd            0.00043
   87 gd    2 f    Ryd            0.00000
   88 gd    2 f    Ryd            0.00000
   89 gd    2 f    Ryd            0.00000
   90 gd    2 f    Ryd            0.00000
   91 gd    2 f    Ryd            0.00000
   92 gd    2 f    Ryd            0.00001
   93 gd    2 f    Ryd            0.00001

   94 gd    3 s    Cor(4s)        1.99985
   95 gd    3 s    Cor(5s)        1.98178
   96 gd    3 s    Val(6s)        0.53412
   97 gd    3 s    Ryd            0.05696
   98 gd    3 s    Ryd            0.00179
   99 gd    3 s    Ryd            0.00045
  100 gd    3 s    Ryd            0.00004
  101 gd    3 s    Ryd            0.00002
  102 gd    3 s    Ryd            0.00000
  103 gd    3 s    Ryd            0.00000
  104 gd    3 p    Cor(4px)       1.99999
  105 gd    3 p    Cor(4py)       1.99999
  106 gd    3 p    Cor(4pz)       1.99999
  107 gd    3 p    Cor(5px)       1.99821
  108 gd    3 p    Cor(5py)       1.99821
  109 gd    3 p    Cor(5pz)       1.99754
  110 gd    3 p    Ryd            0.00279
  111 gd    3 p    Ryd            0.00279
  112 gd    3 p    Ryd            0.00128
  113 gd    3 p    Ryd            0.00073
  114 gd    3 p    Ryd            0.00073
  115 gd    3 p    Ryd            0.00151
  116 gd    3 p    Ryd            0.00009
  117 gd    3 p    Ryd            0.00009
  118 gd    3 p    Ryd            0.00009
  119 gd    3 p    Ryd            0.00000
  120 gd    3 p    Ryd            0.00000
  121 gd    3 p    Ryd            0.00000
  122 gd    3 d    Cor(4dz2)      1.99998
  123 gd    3 d    Cor(4dxz)      1.99999
  124 gd    3 d    Cor(4dyz)      1.99999
  125 gd    3 d    Cor(4dxy)      1.99997
  126 gd    3 d    Cor(4dx2-y2)   1.99999
  127 gd    3 d    Val(5dz2)      0.17284
  128 gd    3 d    Val(5dxz)      0.22187
  129 gd    3 d    Val(5dyz)      0.22187
  130 gd    3 d    Val(5dxy)      0.11572
  131 gd    3 d    Val(5dx2-y2)   0.22865
  132 gd    3 d    Ryd            0.00097
  133 gd    3 d    Ryd            0.00159
  134 gd    3 d    Ryd            0.00159
  135 gd    3 d    Ryd            0.00092
  136 gd    3 d    Ryd            0.00049
  137 gd    3 d    Ryd            0.00002
  138 gd    3 d    Ryd            0.00003
  139 gd    3 d    Ryd            0.00003
  140 gd    3 d    Ryd            0.00002
  141 gd    3 d    Ryd            0.00001
  142 gd    3 f    Val(4f0)       0.26186
  143 gd    3 f    Val(4fC1)      1.51647
  144 gd    3 f    Val(4fS1)      1.51648
  145 gd    3 f    Val(4fC2)      0.73971
  146 gd    3 f    Val(4fS2)      0.99973
  147 gd    3 f    Val(4fC3)      0.98208
  148 gd    3 f    Val(4fS3)      0.98208
  149 gd    3 f    Ryd            0.00020
  150 gd    3 f    Ryd            0.00046
  151 gd    3 f    Ryd            0.00046
  152 gd    3 f    Ryd            0.00029
  153 gd    3 f    Ryd            0.00041
  154 gd    3 f    Ryd            0.00043
  155 gd    3 f    Ryd            0.00043
  156 gd    3 f    Ryd            0.00000
  157 gd    3 f    Ryd            0.00000
  158 gd    3 f    Ryd            0.00000
  159 gd    3 f    Ryd            0.00000
  160 gd    3 f    Ryd            0.00000
  161 gd    3 f    Ryd            0.00001
  162 gd    3 f    Ryd            0.00001

  163 s     4 s    Cor(1s)        2.00000
  164 s     4 s    Cor(2s)        1.99956
  165 s     4 s    Val(3s)        1.83305
  166 s     4 s    Ryd            0.00229
  167 s     4 p    Cor(2px)       1.99990
  168 s     4 p    Cor(2py)       1.99990
  169 s     4 p    Cor(2pz)       1.99986
  170 s     4 p    Val(3px)       1.51831
  171 s     4 p    Val(3py)       1.51831
  172 s     4 p    Val(3pz)       1.46537
  173 s     4 p    Ryd            0.00103
  174 s     4 p    Ryd            0.00103
  175 s     4 p    Ryd            0.00174
  176 s     4 d    Ryd            0.00154
  177 s     4 d    Ryd            0.00248
  178 s     4 d    Ryd            0.00248
  179 s     4 d    Ryd            0.00290
  180 s     4 d    Ryd            0.00227

  181 s     5 s    Cor(1s)        2.00000
  182 s     5 s    Cor(2s)        1.99956
  183 s     5 s    Val(3s)        1.83305
  184 s     5 s    Ryd            0.00229
  185 s     5 p    Cor(2px)       1.99990
  186 s     5 p    Cor(2py)       1.99990
  187 s     5 p    Cor(2pz)       1.99986
  188 s     5 p    Val(3px)       1.51831
  189 s     5 p    Val(3py)       1.51831
  190 s     5 p    Val(3pz)       1.46537
  191 s     5 p    Ryd            0.00103
  192 s     5 p    Ryd            0.00103
  193 s     5 p    Ryd            0.00174
  194 s     5 d    Ryd            0.00154
  195 s     5 d    Ryd            0.00248
  196 s     5 d    Ryd            0.00248
  197 s     5 d    Ryd            0.00290
  198 s     5 d    Ryd            0.00227

  199 s     6 s    Cor(1s)        2.00000
  200 s     6 s    Cor(2s)        1.99956
  201 s     6 s    Val(3s)        1.83305
  202 s     6 s    Ryd            0.00229
  203 s     6 p    Cor(2px)       1.99990
  204 s     6 p    Cor(2py)       1.99990
  205 s     6 p    Cor(2pz)       1.99986
  206 s     6 p    Val(3px)       1.51831
  207 s     6 p    Val(3py)       1.51831
  208 s     6 p    Val(3pz)       1.46537
  209 s     6 p    Ryd            0.00103
  210 s     6 p    Ryd            0.00103
  211 s     6 p    Ryd            0.00174
  212 s     6 d    Ryd            0.00154
  213 s     6 d    Ryd            0.00248
  214 s     6 d    Ryd            0.00248
  215 s     6 d    Ryd            0.00290
  216 s     6 d    Ryd            0.00227

  217 s     7 s    Cor(1s)        2.00000
  218 s     7 s    Cor(2s)        1.99956
  219 s     7 s    Val(3s)        1.83305
  220 s     7 s    Ryd            0.00229
  221 s     7 p    Cor(2px)       1.99990
  222 s     7 p    Cor(2py)       1.99990
  223 s     7 p    Cor(2pz)       1.99986
  224 s     7 p    Val(3px)       1.51831
  225 s     7 p    Val(3py)       1.51831
  226 s     7 p    Val(3pz)       1.46537
  227 s     7 p    Ryd            0.00103
  228 s     7 p    Ryd            0.00103
  229 s     7 p    Ryd            0.00174
  230 s     7 d    Ryd            0.00154
  231 s     7 d    Ryd            0.00248
  232 s     7 d    Ryd            0.00248
  233 s     7 d    Ryd            0.00290
  234 s     7 d    Ryd            0.00227

  235 c     8 s    Cor(1s)        1.99893
  236 c     8 s    Val(2s)        0.95853
  237 c     8 s    Ryd            0.00321
  238 c     8 p    Val(2px)       1.15325
  239 c     8 p    Val(2py)       1.13899
  240 c     8 p    Val(2pz)       1.07818
  241 c     8 p    Ryd            0.00615
  242 c     8 p    Ryd            0.00371
  243 c     8 p    Ryd            0.00511
  244 c     8 d    Ryd            0.00085
  245 c     8 d    Ryd            0.00092
  246 c     8 d    Ryd            0.00080
  247 c     8 d    Ryd            0.00095
  248 c     8 d    Ryd            0.00075

  249 c     9 s    Cor(1s)        1.99893
  250 c     9 s    Val(2s)        0.95969
  251 c     9 s    Ryd            0.00281
  252 c     9 p    Val(2px)       1.08571
  253 c     9 p    Val(2py)       1.08571
  254 c     9 p    Val(2pz)       1.19306
  255 c     9 p    Ryd            0.00587
  256 c     9 p    Ryd            0.00587
  257 c     9 p    Ryd            0.00417
  258 c     9 d    Ryd            0.00109
  259 c     9 d    Ryd            0.00083
  260 c     9 d    Ryd            0.00083
  261 c     9 d    Ryd            0.00064
  262 c     9 d    Ryd            0.00085

  263 c    10 s    Cor(1s)        1.99893
  264 c    10 s    Val(2s)        0.95853
  265 c    10 s    Ryd            0.00321
  266 c    10 p    Val(2px)       1.13899
  267 c    10 p    Val(2py)       1.15325
  268 c    10 p    Val(2pz)       1.07818
  269 c    10 p    Ryd            0.00371
  270 c    10 p    Ryd            0.00615
  271 c    10 p    Ryd            0.00511
  272 c    10 d    Ryd            0.00085
  273 c    10 d    Ryd            0.00080
  274 c    10 d    Ryd            0.00092
  275 c    10 d    Ryd            0.00095
  276 c    10 d    Ryd            0.00075

  277 c    11 s    Cor(1s)        1.99894
  278 c    11 s    Val(2s)        0.95650
  279 c    11 s    Ryd            0.00352
  280 c    11 p    Val(2px)       1.15630
  281 c    11 p    Val(2py)       1.08954
  282 c    11 p    Val(2pz)       1.13787
  283 c    11 p    Ryd            0.00347
  284 c    11 p    Ryd            0.00523
  285 c    11 p    Ryd            0.00621
  286 c    11 d    Ryd            0.00087
  287 c    11 d    Ryd            0.00103
  288 c    11 d    Ryd            0.00076
  289 c    11 d    Ryd            0.00071
  290 c    11 d    Ryd            0.00088

  291 c    12 s    Cor(1s)        1.99894
  292 c    12 s    Val(2s)        0.95650
  293 c    12 s    Ryd            0.00352
  294 c    12 p    Val(2px)       1.08954
  295 c    12 p    Val(2py)       1.15630
  296 c    12 p    Val(2pz)       1.13787
  297 c    12 p    Ryd            0.00523
  298 c    12 p    Ryd            0.00347
  299 c    12 p    Ryd            0.00621
  300 c    12 d    Ryd            0.00087
  301 c    12 d    Ryd            0.00076
  302 c    12 d    Ryd            0.00103
  303 c    12 d    Ryd            0.00071
  304 c    12 d    Ryd            0.00088

  305 c    13 s    Cor(1s)        1.99893
  306 c    13 s    Val(2s)        0.95853
  307 c    13 s    Ryd            0.00321
  308 c    13 p    Val(2px)       1.13899
  309 c    13 p    Val(2py)       1.15325
  310 c    13 p    Val(2pz)       1.07818
  311 c    13 p    Ryd            0.00371
  312 c    13 p    Ryd            0.00615
  313 c    13 p    Ryd            0.00511
  314 c    13 d    Ryd            0.00085
  315 c    13 d    Ryd            0.00080
  316 c    13 d    Ryd            0.00092
  317 c    13 d    Ryd            0.00095
  318 c    13 d    Ryd            0.00075

  319 c    14 s    Cor(1s)        1.99893
  320 c    14 s    Val(2s)        0.95969
  321 c    14 s    Ryd            0.00281
  322 c    14 p    Val(2px)       1.08571
  323 c    14 p    Val(2py)       1.08571
  324 c    14 p    Val(2pz)       1.19306
  325 c    14 p    Ryd            0.00587
  326 c    14 p    Ryd            0.00587
  327 c    14 p    Ryd            0.00417
  328 c    14 d    Ryd            0.00109
  329 c    14 d    Ryd            0.00083
  330 c    14 d    Ryd            0.00083
  331 c    14 d    Ryd            0.00064
  332 c    14 d    Ryd            0.00085

  333 c    15 s    Cor(1s)        1.99893
  334 c    15 s    Val(2s)        0.95853
  335 c    15 s    Ryd            0.00321
  336 c    15 p    Val(2px)       1.15325
  337 c    15 p    Val(2py)       1.13899
  338 c    15 p    Val(2pz)       1.07818
  339 c    15 p    Ryd            0.00615
  340 c    15 p    Ryd            0.00371
  341 c    15 p    Ryd            0.00511
  342 c    15 d    Ryd            0.00085
  343 c    15 d    Ryd            0.00092
  344 c    15 d    Ryd            0.00080
  345 c    15 d    Ryd            0.00095
  346 c    15 d    Ryd            0.00075

  347 c    16 s    Cor(1s)        1.99894
  348 c    16 s    Val(2s)        0.95650
  349 c    16 s    Ryd            0.00352
  350 c    16 p    Val(2px)       1.08954
  351 c    16 p    Val(2py)       1.15630
  352 c    16 p    Val(2pz)       1.13787
  353 c    16 p    Ryd            0.00523
  354 c    16 p    Ryd            0.00347
  355 c    16 p    Ryd            0.00621
  356 c    16 d    Ryd            0.00087
  357 c    16 d    Ryd            0.00076
  358 c    16 d    Ryd            0.00103
  359 c    16 d    Ryd            0.00071
  360 c    16 d    Ryd            0.00088

  361 c    17 s    Cor(1s)        1.99894
  362 c    17 s    Val(2s)        0.95650
  363 c    17 s    Ryd            0.00352
  364 c    17 p    Val(2px)       1.15630
  365 c    17 p    Val(2py)       1.08954
  366 c    17 p    Val(2pz)       1.13787
  367 c    17 p    Ryd            0.00347
  368 c    17 p    Ryd            0.00523
  369 c    17 p    Ryd            0.00621
  370 c    17 d    Ryd            0.00087
  371 c    17 d    Ryd            0.00103
  372 c    17 d    Ryd            0.00076
  373 c    17 d    Ryd            0.00071
  374 c    17 d    Ryd            0.00088

  375 c    18 s    Cor(1s)        1.99893
  376 c    18 s    Val(2s)        0.95853
  377 c    18 s    Ryd            0.00321
  378 c    18 p    Val(2px)       1.13899
  379 c    18 p    Val(2py)       1.15325
  380 c    18 p    Val(2pz)       1.07818
  381 c    18 p    Ryd            0.00371
  382 c    18 p    Ryd            0.00615
  383 c    18 p    Ryd            0.00511
  384 c    18 d    Ryd            0.00085
  385 c    18 d    Ryd            0.00080
  386 c    18 d    Ryd            0.00092
  387 c    18 d    Ryd            0.00095
  388 c    18 d    Ryd            0.00075

  389 c    19 s    Cor(1s)        1.99894
  390 c    19 s    Val(2s)        0.95650
  391 c    19 s    Ryd            0.00352
  392 c    19 p    Val(2px)       1.15630
  393 c    19 p    Val(2py)       1.08954
  394 c    19 p    Val(2pz)       1.13787
  395 c    19 p    Ryd            0.00347
  396 c    19 p    Ryd            0.00523
  397 c    19 p    Ryd            0.00621
  398 c    19 d    Ryd            0.00087
  399 c    19 d    Ryd            0.00103
  400 c    19 d    Ryd            0.00076
  401 c    19 d    Ryd            0.00071
  402 c    19 d    Ryd            0.00088

  403 c    20 s    Cor(1s)        1.99894
  404 c    20 s    Val(2s)        0.95650
  405 c    20 s    Ryd            0.00352
  406 c    20 p    Val(2px)       1.08954
  407 c    20 p    Val(2py)       1.15630
  408 c    20 p    Val(2pz)       1.13787
  409 c    20 p    Ryd            0.00523
  410 c    20 p    Ryd            0.00347
  411 c    20 p    Ryd            0.00621
  412 c    20 d    Ryd            0.00087
  413 c    20 d    Ryd            0.00076
  414 c    20 d    Ryd            0.00103
  415 c    20 d    Ryd            0.00071
  416 c    20 d    Ryd            0.00088

  417 c    21 s    Cor(1s)        1.99893
  418 c    21 s    Val(2s)        0.95853
  419 c    21 s    Ryd            0.00321
  420 c    21 p    Val(2px)       1.15325
  421 c    21 p    Val(2py)       1.13899
  422 c    21 p    Val(2pz)       1.07818
  423 c    21 p    Ryd            0.00615
  424 c    21 p    Ryd            0.00371
  425 c    21 p    Ryd            0.00511
  426 c    21 d    Ryd            0.00085
  427 c    21 d    Ryd            0.00092
  428 c    21 d    Ryd            0.00080
  429 c    21 d    Ryd            0.00095
  430 c    21 d    Ryd            0.00075

  431 c    22 s    Cor(1s)        1.99893
  432 c    22 s    Val(2s)        0.95969
  433 c    22 s    Ryd            0.00281
  434 c    22 p    Val(2px)       1.08571
  435 c    22 p    Val(2py)       1.08571
  436 c    22 p    Val(2pz)       1.19306
  437 c    22 p    Ryd            0.00587
  438 c    22 p    Ryd            0.00587
  439 c    22 p    Ryd            0.00417
  440 c    22 d    Ryd            0.00109
  441 c    22 d    Ryd            0.00083
  442 c    22 d    Ryd            0.00083
  443 c    22 d    Ryd            0.00064
  444 c    22 d    Ryd            0.00085

  445 c    23 s    Cor(1s)        1.99893
  446 c    23 s    Val(2s)        0.95853
  447 c    23 s    Ryd            0.00321
  448 c    23 p    Val(2px)       1.15325
  449 c    23 p    Val(2py)       1.13899
  450 c    23 p    Val(2pz)       1.07818
  451 c    23 p    Ryd            0.00615
  452 c    23 p    Ryd            0.00371
  453 c    23 p    Ryd            0.00511
  454 c    23 d    Ryd            0.00085
  455 c    23 d    Ryd            0.00092
  456 c    23 d    Ryd            0.00080
  457 c    23 d    Ryd            0.00095
  458 c    23 d    Ryd            0.00075

  459 c    24 s    Cor(1s)        1.99894
  460 c    24 s    Val(2s)        0.95650
  461 c    24 s    Ryd            0.00352
  462 c    24 p    Val(2px)       1.08954
  463 c    24 p    Val(2py)       1.15630
  464 c    24 p    Val(2pz)       1.13787
  465 c    24 p    Ryd            0.00523
  466 c    24 p    Ryd            0.00347
  467 c    24 p    Ryd            0.00621
  468 c    24 d    Ryd            0.00087
  469 c    24 d    Ryd            0.00076
  470 c    24 d    Ryd            0.00103
  471 c    24 d    Ryd            0.00071
  472 c    24 d    Ryd            0.00088

  473 c    25 s    Cor(1s)        1.99894
  474 c    25 s    Val(2s)        0.95650
  475 c    25 s    Ryd            0.00352
  476 c    25 p    Val(2px)       1.15630
  477 c    25 p    Val(2py)       1.08954
  478 c    25 p    Val(2pz)       1.13787
  479 c    25 p    Ryd            0.00347
  480 c    25 p    Ryd            0.00523
  481 c    25 p    Ryd            0.00621
  482 c    25 d    Ryd            0.00087
  483 c    25 d    Ryd            0.00103
  484 c    25 d    Ryd            0.00076
  485 c    25 d    Ryd            0.00071
  486 c    25 d    Ryd            0.00088

  487 c    26 s    Cor(1s)        1.99893
  488 c    26 s    Val(2s)        0.95853
  489 c    26 s    Ryd            0.00321
  490 c    26 p    Val(2px)       1.13899
  491 c    26 p    Val(2py)       1.15325
  492 c    26 p    Val(2pz)       1.07818
  493 c    26 p    Ryd            0.00371
  494 c    26 p    Ryd            0.00615
  495 c    26 p    Ryd            0.00511
  496 c    26 d    Ryd            0.00085
  497 c    26 d    Ryd            0.00080
  498 c    26 d    Ryd            0.00092
  499 c    26 d    Ryd            0.00095
  500 c    26 d    Ryd            0.00075

  501 c    27 s    Cor(1s)        1.99893
  502 c    27 s    Val(2s)        0.95969
  503 c    27 s    Ryd            0.00281
  504 c    27 p    Val(2px)       1.08571
  505 c    27 p    Val(2py)       1.08571
  506 c    27 p    Val(2pz)       1.19306
  507 c    27 p    Ryd            0.00587
  508 c    27 p    Ryd            0.00587
  509 c    27 p    Ryd            0.00417
  510 c    27 d    Ryd            0.00109
  511 c    27 d    Ryd            0.00083
  512 c    27 d    Ryd            0.00083
  513 c    27 d    Ryd            0.00064
  514 c    27 d    Ryd            0.00085

  515 h    28 s    Val(1s)        0.77313
  516 h    28 s    Ryd            0.00145

  517 h    29 s    Val(1s)        0.77972
  518 h    29 s    Ryd            0.00125

  519 h    30 s    Val(1s)        0.76396
  520 h    30 s    Ryd            0.00189

  521 h    31 s    Val(1s)        0.77972
  522 h    31 s    Ryd            0.00125

  523 h    32 s    Val(1s)        0.77313
  524 h    32 s    Ryd            0.00145

  525 h    33 s    Val(1s)        0.77972
  526 h    33 s    Ryd            0.00125

  527 h    34 s    Val(1s)        0.77313
  528 h    34 s    Ryd            0.00145

  529 h    35 s    Val(1s)        0.76396
  530 h    35 s    Ryd            0.00189

  531 h    36 s    Val(1s)        0.77313
  532 h    36 s    Ryd            0.00145

  533 h    37 s    Val(1s)        0.77972
  534 h    37 s    Ryd            0.00125

  535 h    38 s    Val(1s)        0.77313
  536 h    38 s    Ryd            0.00145

  537 h    39 s    Val(1s)        0.76396
  538 h    39 s    Ryd            0.00189

  539 h    40 s    Val(1s)        0.77313
  540 h    40 s    Ryd            0.00145

  541 h    41 s    Val(1s)        0.77972
  542 h    41 s    Ryd            0.00125

  543 h    42 s    Val(1s)        0.77972
  544 h    42 s    Ryd            0.00125

  545 h    43 s    Val(1s)        0.77972
  546 h    43 s    Ryd            0.00125

  547 h    44 s    Val(1s)        0.77313
  548 h    44 s    Ryd            0.00145

  549 h    45 s    Val(1s)        0.76396
  550 h    45 s    Ryd            0.00189

  551 h    46 s    Val(1s)        0.77972
  552 h    46 s    Ryd            0.00125

  553 h    47 s    Val(1s)        0.77313
  554 h    47 s    Ryd            0.00145

Summary of Natural Population Analysis:
                                      Natural Population
                 Natural   -----------------------------------
Atom No          Charge       Core        Valence     Rydberg     Total
               ----------------------------------------------------------
  1  mo           0.09072     7.97290     5.85182     0.08456    13.90928
  2  gd           1.45326    25.97548     8.49348     0.07778    34.54674
  3  gd           1.45326    25.97548     8.49348     0.07778    34.54674
  4  s           -0.35200     9.99921     6.33504     0.01775    16.35200
  5  s           -0.35200     9.99921     6.33504     0.01775    16.35200
  6  s           -0.35200     9.99921     6.33504     0.01775    16.35200
  7  s           -0.35200     9.99921     6.33504     0.01775    16.35200
  8  c           -0.35033     1.99893     4.32895     0.02245     6.35033
  9  c           -0.34607     1.99893     4.32418     0.02296     6.34607
 10  c           -0.35033     1.99893     4.32895     0.02245     6.35033
 11  c           -0.36182     1.99894     4.34021     0.02267     6.36182
 12  c           -0.36182     1.99894     4.34021     0.02267     6.36182
 13  c           -0.35033     1.99893     4.32895     0.02245     6.35033
 14  c           -0.34607     1.99893     4.32418     0.02296     6.34607
 15  c           -0.35033     1.99893     4.32895     0.02245     6.35033
 16  c           -0.36182     1.99894     4.34021     0.02267     6.36182
 17  c           -0.36182     1.99894     4.34021     0.02267     6.36182
 18  c           -0.35033     1.99893     4.32895     0.02245     6.35033
 19  c           -0.36182     1.99894     4.34021     0.02267     6.36182
 20  c           -0.36182     1.99894     4.34021     0.02267     6.36182
 21  c           -0.35033     1.99893     4.32895     0.02245     6.35033
 22  c           -0.34607     1.99893     4.32418     0.02296     6.34607
 23  c           -0.35033     1.99893     4.32895     0.02245     6.35033
 24  c           -0.36182     1.99894     4.34021     0.02267     6.36182
 25  c           -0.36182     1.99894     4.34021     0.02267     6.36182
 26  c           -0.35033     1.99893     4.32895     0.02245     6.35033
 27  c           -0.34607     1.99893     4.32418     0.02296     6.34607
 28  h            0.22542     0.00000     0.77313     0.00145     0.77458
 29  h            0.21903     0.00000     0.77972     0.00125     0.78097
 30  h            0.23415     0.00000     0.76396     0.00189     0.76585
 31  h            0.21903     0.00000     0.77972     0.00125     0.78097
 32  h            0.22542     0.00000     0.77313     0.00145     0.77458
 33  h            0.21903     0.00000     0.77972     0.00125     0.78097
 34  h            0.22542     0.00000     0.77313     0.00145     0.77458
 35  h            0.23415     0.00000     0.76396     0.00189     0.76585
 36  h            0.22542     0.00000     0.77313     0.00145     0.77458
 37  h            0.21903     0.00000     0.77972     0.00125     0.78097
 38  h            0.22542     0.00000     0.77313     0.00145     0.77458
 39  h            0.23415     0.00000     0.76396     0.00189     0.76585
 40  h            0.22542     0.00000     0.77313     0.00145     0.77458
 41  h            0.21903     0.00000     0.77972     0.00125     0.78097
 42  h            0.21903     0.00000     0.77972     0.00125     0.78097
 43  h            0.21903     0.00000     0.77972     0.00125     0.78097
 44  h            0.22542     0.00000     0.77313     0.00145     0.77458
 45  h            0.23415     0.00000     0.76396     0.00189     0.76585
 46  h            0.21903     0.00000     0.77972     0.00125     0.78097
 47  h            0.22542     0.00000     0.77313     0.00145     0.77458
               ----------------------------------------------------------
 * Total *       -1.00000   139.89936   150.30756     0.79308   291.00000

For all atoms:
Core                     139.89936(  99.9281% of  140)
Valence                  150.30756(  99.5414% of  151)
Natural Minimal Basis    290.20692(  99.7275% of  291)
Natural Rydberg Basis      0.79308(   0.2725% of  291)

 ==============================================================================

atomic populations from total density:
atom          charge    n(s)      n(p)      n(d)      n(f)      n(g)
  1 mo         0.09072   2.48035   5.99510   5.43383   0.00000   0.00000
  2 gd         1.45326   4.57501  12.00406  10.96654   7.00113   0.00000
  3 gd         1.45326   4.57501  12.00406  10.96654   7.00113   0.00000
  4 s         -0.35200   5.83489  10.50544   0.01167   0.00000   0.00000
  5 s         -0.35200   5.83489  10.50544   0.01167   0.00000   0.00000
  6 s         -0.35200   5.83489  10.50544   0.01167   0.00000   0.00000
  7 s         -0.35200   5.83489  10.50544   0.01167   0.00000   0.00000
  8 c         -0.35033   2.96067   3.38539   0.00427   0.00000   0.00000
  9 c         -0.34607   2.96144   3.38039   0.00424   0.00000   0.00000
 10 c         -0.35033   2.96067   3.38539   0.00427   0.00000   0.00000
 11 c         -0.36182   2.95895   3.39862   0.00425   0.00000   0.00000
 12 c         -0.36182   2.95895   3.39862   0.00425   0.00000   0.00000
 13 c         -0.35033   2.96067   3.38539   0.00427   0.00000   0.00000
 14 c         -0.34607   2.96144   3.38039   0.00424   0.00000   0.00000
 15 c         -0.35033   2.96067   3.38539   0.00427   0.00000   0.00000
 16 c         -0.36182   2.95895   3.39862   0.00425   0.00000   0.00000
 17 c         -0.36182   2.95895   3.39862   0.00425   0.00000   0.00000
 18 c         -0.35033   2.96067   3.38539   0.00427   0.00000   0.00000
 19 c         -0.36182   2.95895   3.39862   0.00425   0.00000   0.00000
 20 c         -0.36182   2.95895   3.39862   0.00425   0.00000   0.00000
 21 c         -0.35033   2.96067   3.38539   0.00427   0.00000   0.00000
 22 c         -0.34607   2.96144   3.38039   0.00424   0.00000   0.00000
 23 c         -0.35033   2.96067   3.38539   0.00427   0.00000   0.00000
 24 c         -0.36182   2.95895   3.39862   0.00425   0.00000   0.00000
 25 c         -0.36182   2.95895   3.39862   0.00425   0.00000   0.00000
 26 c         -0.35033   2.96067   3.38539   0.00427   0.00000   0.00000
 27 c         -0.34607   2.96144   3.38039   0.00424   0.00000   0.00000
 28 h          0.22542   0.77458   0.00000   0.00000   0.00000   0.00000
 29 h          0.21903   0.78097   0.00000   0.00000   0.00000   0.00000
 30 h          0.23415   0.76585   0.00000   0.00000   0.00000   0.00000
 31 h          0.21903   0.78097   0.00000   0.00000   0.00000   0.00000
 32 h          0.22542   0.77458   0.00000   0.00000   0.00000   0.00000
 33 h          0.21903   0.78097   0.00000   0.00000   0.00000   0.00000
 34 h          0.22542   0.77458   0.00000   0.00000   0.00000   0.00000
 35 h          0.23415   0.76585   0.00000   0.00000   0.00000   0.00000
 36 h          0.22542   0.77458   0.00000   0.00000   0.00000   0.00000
 37 h          0.21903   0.78097   0.00000   0.00000   0.00000   0.00000
 38 h          0.22542   0.77458   0.00000   0.00000   0.00000   0.00000
 39 h          0.23415   0.76585   0.00000   0.00000   0.00000   0.00000
 40 h          0.22542   0.77458   0.00000   0.00000   0.00000   0.00000
 41 h          0.21903   0.78097   0.00000   0.00000   0.00000   0.00000
 42 h          0.21903   0.78097   0.00000   0.00000   0.00000   0.00000
 43 h          0.21903   0.78097   0.00000   0.00000   0.00000   0.00000
 44 h          0.22542   0.77458   0.00000   0.00000   0.00000   0.00000
 45 h          0.23415   0.76585   0.00000   0.00000   0.00000   0.00000
 46 h          0.21903   0.78097   0.00000   0.00000   0.00000   0.00000
 47 h          0.22542   0.77458   0.00000   0.00000   0.00000   0.00000

 ==============================================================================

 
 moments (from total density versus population analysis)
 <charge> =            -1.000000           -1.000000
 <xx  >   =          -207.254934          -15.788343
 <yy  >   =          -207.254934          -15.788343
 <zz  >   =          -239.633143          -58.625664
 <xy  >   =             0.000000           -0.000000
 <xz  >   =             0.000000           -0.000000
 <yz  >   =            -0.000000           -0.000000


nbfiat:  1  5  9 10  0  0  0  0  0  0  0  0
nbfiat:  2 10 18 20 21  0  0  0  0  0  0  0
nbfiat:  3 10 18 20 21  0  0  0  0  0  0  0
nbfiat:  4  4  9  5  0  0  0  0  0  0  0  0
nbfiat:  5  4  9  5  0  0  0  0  0  0  0  0
nbfiat:  6  4  9  5  0  0  0  0  0  0  0  0
nbfiat:  7  4  9  5  0  0  0  0  0  0  0  0
nbfiat:  8  3  6  5  0  0  0  0  0  0  0  0
nbfiat:  9  3  6  5  0  0  0  0  0  0  0  0
nbfiat: 10  3  6  5  0  0  0  0  0  0  0  0
nbfiat: 11  3  6  5  0  0  0  0  0  0  0  0
nbfiat: 12  3  6  5  0  0  0  0  0  0  0  0
nbfiat: 13  3  6  5  0  0  0  0  0  0  0  0
nbfiat: 14  3  6  5  0  0  0  0  0  0  0  0
nbfiat: 15  3  6  5  0  0  0  0  0  0  0  0
nbfiat: 16  3  6  5  0  0  0  0  0  0  0  0
nbfiat: 17  3  6  5  0  0  0  0  0  0  0  0
nbfiat: 18  3  6  5  0  0  0  0  0  0  0  0
nbfiat: 19  3  6  5  0  0  0  0  0  0  0  0
nbfiat: 20  3  6  5  0  0  0  0  0  0  0  0
nbfiat: 21  3  6  5  0  0  0  0  0  0  0  0
nbfiat: 22  3  6  5  0  0  0  0  0  0  0  0
nbfiat: 23  3  6  5  0  0  0  0  0  0  0  0
nbfiat: 24  3  6  5  0  0  0  0  0  0  0  0
nbfiat: 25  3  6  5  0  0  0  0  0  0  0  0
nbfiat: 26  3  6  5  0  0  0  0  0  0  0  0
nbfiat: 27  3  6  5  0  0  0  0  0  0  0  0
nbfiat: 28  2  0  0  0  0  0  0  0  0  0  0
nbfiat: 29  2  0  0  0  0  0  0  0  0  0  0
nbfiat: 30  2  0  0  0  0  0  0  0  0  0  0
nbfiat: 31  2  0  0  0  0  0  0  0  0  0  0
nbfiat: 32  2  0  0  0  0  0  0  0  0  0  0
nbfiat: 33  2  0  0  0  0  0  0  0  0  0  0
nbfiat: 34  2  0  0  0  0  0  0  0  0  0  0
nbfiat: 35  2  0  0  0  0  0  0  0  0  0  0
nbfiat: 36  2  0  0  0  0  0  0  0  0  0  0
nbfiat: 37  2  0  0  0  0  0  0  0  0  0  0
nbfiat: 38  2  0  0  0  0  0  0  0  0  0  0
nbfiat: 39  2  0  0  0  0  0  0  0  0  0  0
nbfiat: 40  2  0  0  0  0  0  0  0  0  0  0
nbfiat: 41  2  0  0  0  0  0  0  0  0  0  0
nbfiat: 42  2  0  0  0  0  0  0  0  0  0  0
nbfiat: 43  2  0  0  0  0  0  0  0  0  0  0
nbfiat: 44  2  0  0  0  0  0  0  0  0  0  0
nbfiat: 45  2  0  0  0  0  0  0  0  0  0  0
nbfiat: 46  2  0  0  0  0  0  0  0  0  0  0
nbfiat: 47  2  0  0  0  0  0  0  0  0  0  0
***********************************
*** Spin density (Dalpha-Dbeta) ***
***********************************

 ==============================================================================

atomic populations from spin  density:
atom          sum       n(s)      n(p)      n(d)      n(f)      n(g)
  1 mo        -0.34649  -0.00315   0.01039  -0.35373   0.00000   0.00000
  2 gd        -1.35390  -0.33860  -0.00431  -0.03353  -0.97746   0.00000
  3 gd        -1.35390  -0.33860  -0.00431  -0.03353  -0.97746   0.00000
  4 s          0.02056   0.00028   0.02102  -0.00075   0.00000   0.00000
  5 s          0.02056   0.00028   0.02102  -0.00075   0.00000   0.00000
  6 s          0.02056   0.00028   0.02102  -0.00075   0.00000   0.00000
  7 s          0.02056   0.00028   0.02102  -0.00075   0.00000   0.00000
  8 c          0.00379   0.00012   0.00370  -0.00003   0.00000   0.00000
  9 c         -0.00978  -0.00012  -0.00966  -0.00000   0.00000   0.00000
 10 c          0.00379   0.00012   0.00370  -0.00003   0.00000   0.00000
 11 c         -0.00239  -0.00013  -0.00225  -0.00000   0.00000   0.00000
 12 c         -0.00239  -0.00013  -0.00225  -0.00000   0.00000   0.00000
 13 c          0.00379   0.00012   0.00370  -0.00003   0.00000   0.00000
 14 c         -0.00978  -0.00012  -0.00966  -0.00000   0.00000   0.00000
 15 c          0.00379   0.00012   0.00370  -0.00003   0.00000   0.00000
 16 c         -0.00239  -0.00013  -0.00225  -0.00000   0.00000   0.00000
 17 c         -0.00239  -0.00013  -0.00225  -0.00000   0.00000   0.00000
 18 c          0.00379   0.00012   0.00370  -0.00003   0.00000   0.00000
 19 c         -0.00239  -0.00013  -0.00225  -0.00000   0.00000   0.00000
 20 c         -0.00239  -0.00013  -0.00225  -0.00000   0.00000   0.00000
 21 c          0.00379   0.00012   0.00370  -0.00003   0.00000   0.00000
 22 c         -0.00978  -0.00012  -0.00966  -0.00000   0.00000   0.00000
 23 c          0.00379   0.00012   0.00370  -0.00003   0.00000   0.00000
 24 c         -0.00239  -0.00013  -0.00225  -0.00000   0.00000   0.00000
 25 c         -0.00239  -0.00013  -0.00225  -0.00000   0.00000   0.00000
 26 c          0.00379   0.00012   0.00370  -0.00003   0.00000   0.00000
 27 c         -0.00978  -0.00012  -0.00966  -0.00000   0.00000   0.00000
 28 h         -0.00015  -0.00015   0.00000   0.00000   0.00000   0.00000
 29 h         -0.00004  -0.00004   0.00000   0.00000   0.00000   0.00000
 30 h          0.00037   0.00037   0.00000   0.00000   0.00000   0.00000
 31 h         -0.00004  -0.00004   0.00000   0.00000   0.00000   0.00000
 32 h         -0.00015  -0.00015   0.00000   0.00000   0.00000   0.00000
 33 h         -0.00004  -0.00004   0.00000   0.00000   0.00000   0.00000
 34 h         -0.00015  -0.00015   0.00000   0.00000   0.00000   0.00000
 35 h          0.00037   0.00037   0.00000   0.00000   0.00000   0.00000
 36 h         -0.00015  -0.00015   0.00000   0.00000   0.00000   0.00000
 37 h         -0.00004  -0.00004   0.00000   0.00000   0.00000   0.00000
 38 h         -0.00015  -0.00015   0.00000   0.00000   0.00000   0.00000
 39 h          0.00037   0.00037   0.00000   0.00000   0.00000   0.00000
 40 h         -0.00015  -0.00015   0.00000   0.00000   0.00000   0.00000
 41 h         -0.00004  -0.00004   0.00000   0.00000   0.00000   0.00000
 42 h         -0.00004  -0.00004   0.00000   0.00000   0.00000   0.00000
 43 h         -0.00004  -0.00004   0.00000   0.00000   0.00000   0.00000
 44 h         -0.00015  -0.00015   0.00000   0.00000   0.00000   0.00000
 45 h          0.00037   0.00037   0.00000   0.00000   0.00000   0.00000
 46 h         -0.00004  -0.00004   0.00000   0.00000   0.00000   0.00000
 47 h         -0.00015  -0.00015   0.00000   0.00000   0.00000   0.00000
 
 ==============================================================================
 
HOMO-LUMO Separation
 HOMO         :   -0.07597409 H =     -2.06736 eV
 LUMO         :   -0.04952861 H =     -1.34774 eV
 HOMO-LUMO gap:    0.02644548 H =     +0.71962 eV
 
 ==============================================================================


    ------------------------------------------------------------------------
         total  cpu-time :   1.18 seconds
         total wall-time :   1.44 seconds
    ------------------------------------------------------------------------

   ****  ridft : all done  ****


    2020-07-24 00:41:36.038 

