
 ridft (login-i15) : TURBOMOLE rev. V7.5.0 compiled 13 Jun 2020 at 23:29:25
 Copyright (C) 2020 TURBOMOLE GmbH, Karlsruhe


    2021-05-04 22:50:04.821 



                                  r i d f t

                        DFT program with RI approximation 
                                for coulomb part 




                                                 
                                 References:     
                                                 
          TURBOMOLE:                             
              R. Ahlrichs, M. Baer, M. Haeser, H. Horn, and
              C. Koelmel
              Electronic structure calculations on workstation
              computers: the program system TURBOMOLE
              Chem. Phys. Lett. 162: 165 (1989)
          Density Functional:                              
              O. Treutler and R. Ahlrichs                      
              Efficient Molecular Numerical Integration Schemes
              J. Chem. Phys. 102: 346 (1995)                   
          Parallel Version:                                
              Performance of parallel TURBOMOLE for Density    
              Functional Calculations                          
              M. v. Arnim and R. Ahlrichs                      
              J. Comp. Chem. 19: 1746 (1998)                   
          RI-J Method:                                     
              Auxiliary Basis Sets to approximate Coulomb      
              Potentials                                       
              Chem. Phys. Lett. 240: 283 (1995)                
              K. Eichkorn, O. Treutler, H. Oehm, M. Haeser     
              and R. Ahlrichs                                  
              Chem. Phys. Lett. 242: 652 (1995)                
                                                           
              Auxiliary Basis Sets for Main Row Atoms and their
              Use to approximate Coulomb Potentials            
              K. Eichkorn, F. Weigend, O. Treutler and         
              R. Ahlrichs                                      
              Theo. Chem. Acc. 97: 119 (1997)                   
                                                           
              Accurate Coulomb-fitting basis sets for H to Rn 
              F. Weigend                                        
              Phys. Chem. Chem. Phys. 8: 1057 (2006)            
                                                           
          Multipole accelerated RI-J (MARI-J):             
              Fast evaluation of the Coulomb potential for     
              electron densities using multipole accelerated   
              resolution of identity approximation             
              M. Sierka, A. Hogekamp and R. Ahlrichs           
              J. Chem. Phys. 118: 9136 (2003)                  
          RI-JK Method:                                     
              A fully direct RI-HF algorithm: Implementation,
              optimised auxiliary basis sets, demonstration of
              accuracy and efficiency                         
              F. Weigend                                      
              Phys. Chem. Chem. Phys. 4: 4285 (2002)           
          Two-component HF and DFT with spin-orbit coupling:  
              Self-consistent treatment of spin-orbit         
              interactions with efficient Hartree-Fock and    
              density functional methods                      
              M. K. Armbruster, F. Weigend, C. van Wüllen and 
              W. Klopper                                      
              Phys. Chem. Chem. Phys. 10: 1748 (2008)         
          Two-component difference density and DIIS algorithm 
              Efficient two-component self-consistent field   
              procedures and gradients: implementation in     
              TURBOMOLE and application to Au20-              
              A. Baldes, F. Weigend                           
              Mol. Phys. 111: 2617 (2013)                     
          Relativistic all-electron 2c calculations           
              An efficient implementation of two-component    
              relativistic exact-decoupling methods for large 
              molecules                                       
              D. Peng, N. Middendorf, F. Weigend, M. Reiher   
              J. Chem. Phys. 138: 184105 (2013)               
          Finite nucleus model and SNSO approximation         
              Efficient implementation of one- and two-       
              component analytical energy gradients in exact  
              two-component theory                            
              Y. J. Franzke, N. Middendorf, F. Weigend        
              J. Chem. Phys. 148: 104110 (2018)               
          Grids for all-electron relativistic methods         
              Error-consistent segmented contracted all-      
              electron relativistic basis sets of double-     
              and triple-zeta quality for NMR shielding       
              constants                                       
              Y. J. Franzke, R. Tress, T. M. Pazdera,         
              F. Weigend                                      
              Phys. Chem. Chem. Phys. 21: 166658 (2019)       
          Seminumerical exchange algorithms                   
              Seminumerical calculation of the Hartree-Fock   
              exchange matirx: Application to two-component   
              procedures and efficient evaluation of local    
              hybrid functionsl                               
              P. Plessow, F. Weigend,                         
              J. Comput. Chem. 33: 810 (2012)                 
          Improved seminumerical algorithms                   
              C. Holzer, in preparation (2020)                
                                         




              +--------------------------------------------------+
              |      general information about current run       |
              +--------------------------------------------------+

 
no calculation of wave function, analysis of properties only

 DENSITY CONVERGENCE CHECK SWITCHED ON !
 SCF CONVERGENCE IF RMS(delta[D]) <     0.1000000000E-06

 TPSS global hybrid functional
 exchange:    9/10 (LDA+TPSS) + 1/10 HF
 correlation: LDA (PW) + TPSS
 A Hybrid-DFT calculation using the RI-J approximation will be carried out.
 Allocatable memory for RI due to $ricore (MB):                 50000


              +--------------------------------------------------+
              | Atomic coordinate, charge and isotop information |
              +--------------------------------------------------+

                    atomic coordinates            atom    charge  isotop
          0.00000000    0.00000000    0.65011151    mo    42.000     0
         -0.47415400    6.41425904    0.17128130    y     39.000     0
          2.01103918    2.85702872    3.03760342    s     16.000     0
         -2.72551463    2.16335169   -1.75790994    s     16.000     0
          2.72551463   -2.16335169   -1.75790994    s     16.000     0
         -2.01103918   -2.85702872    3.03760342    s     16.000     0
          3.95402079    6.20696720   -2.27461077    c      6.000     0
          2.07303635    5.90782426   -4.17571171    c      6.000     0
          0.67567220    8.21630394   -4.34313779    c      6.000     0
          1.73727455    9.96757818   -2.57942991    c      6.000     0
          3.72385190    8.69965796   -1.25488045    c      6.000     0
         -2.23052573    7.70684441    4.69473394    c      6.000     0
         -4.11692286    6.11121212    3.61247797    c      6.000     0
         -5.18887669    7.41207874    1.50598720    c      6.000     0
         -4.00210893    9.83060836    1.31334793    c      6.000     0
         -2.16341042   10.01216393    3.28783285    c      6.000     0
         -1.39703146    8.73013294   -6.22330394    c      6.000     0
          1.21792378   12.75713540   -2.48204587    c      6.000     0
          1.80217884    3.68800417   -5.92468403    c      6.000     0
          5.46076138    9.84650363    0.68416022    c      6.000     0
          6.01935855    4.35655418   -1.66650275    c      6.000     0
         -0.69767887   12.31869810    4.07698355    c      6.000     0
         -4.91689415    3.57506965    4.60008578    c      6.000     0
         -7.36706227    6.53090117   -0.09272176    c      6.000     0
         -4.90211648   11.91538240   -0.39728984    c      6.000     0
          3.04224721    3.91430112   -7.59294048    h      1.000     0
         -0.14984541    3.49262651   -6.60993174    h      1.000     0
         -3.31976406    2.56946046    5.47183516    h      1.000     0
         -6.42015318    3.76219309    6.03912742    h      1.000     0
          2.30168885    1.90099486   -4.98833929    h      1.000     0
         -5.63166887    2.35898395    3.07346503    h      1.000     0
          6.67100668    4.55919107    0.29664999    h      1.000     0
          7.66646166    4.66116788   -2.91786982    h      1.000     0
          5.38740818    2.39060355   -1.90192553    h      1.000     0
         -7.17594947    7.15281786   -2.07066589    h      1.000     0
         -9.18052820    7.29170593    0.61508291    h      1.000     0
         -7.50251352    4.45748943   -0.10160684    h      1.000     0
         -0.75613638    7.19853223    7.06975992    c      6.000     0
         -1.71379247    8.01601299    8.73828162    h      1.000     0
          1.14998197    8.03086988    6.98927579    h      1.000     0
         -0.53185332    5.15893306    7.39769510    h      1.000     0
         -0.63990604    8.96800202   -8.15509015    h      1.000     0
         -2.44359272   10.46377735   -5.75587630    h      1.000     0
          4.65234050   11.57441552    1.50927813    h      1.000     0
         -3.68065040   13.58839904   -0.27978120    h      1.000     0
         -1.35580015   13.00479622    5.93562144    h      1.000     0
          2.63781051   13.79455060   -3.61020675    h      1.000     0
         -2.77035110    7.16471784   -6.30220199    h      1.000     0
          0.47415400   -6.41425904    0.17128130    y     39.000     0
          2.23052573   -7.70684441    4.69473394    c      6.000     0
         -0.67567220   -8.21630394   -4.34313779    c      6.000     0
          5.18887669   -7.41207874    1.50598720    c      6.000     0
         -3.95402079   -6.20696720   -2.27461077    c      6.000     0
          4.11692286   -6.11121212    3.61247797    c      6.000     0
         -2.07303635   -5.90782426   -4.17571171    c      6.000     0
          4.00210893   -9.83060836    1.31334793    c      6.000     0
         -3.72385190   -8.69965796   -1.25488045    c      6.000     0
          2.16341042  -10.01216393    3.28783285    c      6.000     0
         -1.73727455   -9.96757818   -2.57942991    c      6.000     0
          7.36706227   -6.53090117   -0.09272176    c      6.000     0
         -6.01935855   -4.35655418   -1.66650275    c      6.000     0
          0.75613638   -7.19853223    7.06975992    c      6.000     0
          1.39703146   -8.73013294   -6.22330394    c      6.000     0
          4.90211648  -11.91538240   -0.39728984    c      6.000     0
         -5.46076138   -9.84650363    0.68416022    c      6.000     0
          0.69767887  -12.31869810    4.07698355    c      6.000     0
         -1.21792378  -12.75713540   -2.48204587    c      6.000     0
          4.91689415   -3.57506965    4.60008578    c      6.000     0
         -1.80217884   -3.68800417   -5.92468403    c      6.000     0
          6.42015318   -3.76219309    6.03912742    h      1.000     0
         -3.04224721   -3.91430112   -7.59294048    h      1.000     0
          5.63166887   -2.35898395    3.07346503    h      1.000     0
         -2.30168885   -1.90099486   -4.98833929    h      1.000     0
          3.31976406   -2.56946046    5.47183516    h      1.000     0
          0.14984541   -3.49262651   -6.60993174    h      1.000     0
         -1.14998197   -8.03086988    6.98927579    h      1.000     0
          2.44359272  -10.46377735   -5.75587630    h      1.000     0
          7.17594947   -7.15281786   -2.07066589    h      1.000     0
         -6.67100668   -4.55919107    0.29664999    h      1.000     0
          1.71379247   -8.01601299    8.73828162    h      1.000     0
          0.63990604   -8.96800202   -8.15509015    h      1.000     0
          9.18052820   -7.29170593    0.61508291    h      1.000     0
         -7.66646166   -4.66116788   -2.91786982    h      1.000     0
          0.53185332   -5.15893306    7.39769510    h      1.000     0
          2.77035110   -7.16471784   -6.30220199    h      1.000     0
          7.50251352   -4.45748943   -0.10160684    h      1.000     0
         -5.38740818   -2.39060355   -1.90192553    h      1.000     0
          4.98639139  -11.33430756   -2.39502317    h      1.000     0
         -0.64497495   13.22577302   -3.26604907    h      1.000     0
          1.34321463   11.94978601    4.26800802    h      1.000     0
          0.93129708  -13.88161227    2.72939275    h      1.000     0
         -1.30689618  -13.51293248   -0.55097806    h      1.000     0
          3.68065040  -13.58839904   -0.27978120    h      1.000     0
          1.30689618   13.51293248   -0.55097806    h      1.000     0
         -4.65234050  -11.57441552    1.50927813    h      1.000     0
         -0.93129708   13.88161227    2.72939275    h      1.000     0
         -5.85488905   -8.52309853    2.24410125    h      1.000     0
          0.64497495  -13.22577302   -3.26604907    h      1.000     0
         -4.98639139   11.33430756   -2.39502317    h      1.000     0
         -1.34321463  -11.94978601    4.26800802    h      1.000     0
          5.85488905    8.52309853    2.24410125    h      1.000     0
         -7.30419703  -10.36741870   -0.14931090    h      1.000     0
          6.83120500  -12.51352829    0.13290149    h      1.000     0
         -2.63781051  -13.79455060   -3.61020675    h      1.000     0
         -6.83120500   12.51352829    0.13290149    h      1.000     0
          1.35580015  -13.00479622    5.93562144    h      1.000     0
          7.30419703   10.36741870   -0.14931090    h      1.000     0
 
       center of nuclear mass  :   -0.00000000   -0.00000000    0.16840115
       center of nuclear charge:   -0.00000000   -0.00000000    0.14953153

              +--------------------------------------------------+
              |               basis set information              |
              +--------------------------------------------------+

              we will work with the 1s 3p 5d 7f 9g ... basis set
              ...i.e. with spherical basis functions...

   type   atoms  prim   cont   basis
   ---------------------------------------------------------------------------
    mo       1     57     31   def2-SVP   [5s3p2d1f|7s6p5d1f]
    y        2     57     31   def2-SVP   [5s3p2d1f|7s6p5d1f]
    s        4     36     18   def2-SVP   [4s3p1d|10s7p1d]
    c       40     24     14   def2-SVP   [3s2p1d|7s4p1d]
    h       60      7      5   def2-SVP   [2s1p|4s1p]
   ---------------------------------------------------------------------------
   total:  107   1695   1025
   ---------------------------------------------------------------------------

   total number of primitive shells          :   73
   total number of contracted shells         :  485
   total number of cartesian basis functions : 1084
   total number of SCF-basis functions       : 1025

 number of unique ecp types :                     2

 integral neglect threshold       :  0.31E-11
 integral storage threshold THIZE :  0.10E-04
 integral storage threshold THIME :         5

 RI-J AUXILIARY BASIS SET information:

              we will work with the 1s 3p 5d 7f 9g ... basis set
              ...i.e. with spherical basis functions...

   type   atoms  prim   cont   basis
   ---------------------------------------------------------------------------
    mo       1     99     89   def2-SVP   [8s5p5d2f3g|11s5p5d3f3g]
    y        2     99     89   def2-SVP   [8s5p5d2f3g|11s5p5d3f3g]
    s        4     77     51   def2-SVP   [8s4p3d1f1g|14s5p5d2f1g]
    c       40     70     49   def2-SVP   [6s4p3d1f1g|12s5p4d2f1g]
    h       60     16     11   def2-SVP   [3s1p1d|5s2p1d]
   ---------------------------------------------------------------------------
   total:  107   4365   3091
   ---------------------------------------------------------------------------

   total number of primitive shells          :  113
   total number of contracted shells         : 1037
   total number of cartesian basis functions : 3766
   total number of SCF-basis functions       : 3091


 symmetry group of the molecule :   c2 

 the group has the following generators :
   c2(z)

    2 symmetry operations found

 there are 2 real representations :   a    b   

 maximum number of shells which are related by symmetry :  2

  
           ------------------
           density functional
           ------------------
 TPSS global hybrid functional
 exchange:    9/10 (LDA+TPSS) + 1/10 HF
 correlation: LDA (PW) + TPSS

 spherical integration : Lebedev's spherical grid
 spherical gridsize    :                     4
    i.e. gridpoints    :                   434
 value for diffuse not defined
 radial integration    : Chebyshev 2nd kind (scaling 3)
 radial gridsize       :                     6
 integration cells     :                    54
 partition function    : becke
 partition sharpness   :                     3
  
 
 Derivatives of quadrature weights will be included
 

 biggest AO integral is expected to be     9.765798878

          ------------------------
          nuclear repulsion energy  :   8335.85249814    
          ------------------------

  _________________________________
 |                                 |
 |         DFTD3 V3.1 Rev 0        |
 | S.Grimme, University Bonn       |
 |            June  2014           |
 |   see standalone version        |
 |       dftd3 -h for options      |
 |_________________________________|
 
 Please cite DFT-D3 work done with this code as:
 S. Grimme, J. Antony, S. Ehrlich and H. Krieg,
 J. Chem. Phys, 132 (2010), 154104.
 If used with BJ-damping cite also
 S. Grimme, S. Ehrlich and L. Goerigk,
 J. Comput. Chem. 32 (2011), 1456-1465
 For DFT-D2 the reference is
 S. Grimme, J. Comput. Chem., 27 (2006), 1787-1799
 
C6 coefficients used:
                     2  C6 for element                      1
Z=  1 CN= 0.912     C6(AA)=    3.03
Z=  1 CN= 0.000     C6(AA)=    7.59
                     5  C6 for element                      6
Z=  6 CN= 0.000     C6(AA)=   49.11
Z=  6 CN= 0.987     C6(AA)=   43.25
Z=  6 CN= 1.998     C6(AA)=   29.36
Z=  6 CN= 2.999     C6(AA)=   25.78
Z=  6 CN= 3.984     C6(AA)=   18.21
                     3  C6 for element                     16
Z= 16 CN= 0.000     C6(AA)=  134.01
Z= 16 CN= 0.995     C6(AA)=  131.00
Z= 16 CN= 1.990     C6(AA)=  125.81
                     3  C6 for element                     39
Z= 39 CN= 0.000     C6(AA)= 2365.89
Z= 39 CN= 1.915     C6(AA)= 1132.30
Z= 39 CN= 2.890     C6(AA)=  451.08
                     3  C6 for element                     42
Z= 42 CN= 0.000     C6(AA)=  845.90
Z= 42 CN= 1.942     C6(AA)=  502.01
Z= 42 CN=11.056     C6(AA)=  337.11

#           XYZ [au]              R0(AA) [Ang.]  CN          C6(AA)     C8(AA)   C10(AA) [au]
  1   0.00000   0.00000   0.65011   mo  1.286  5.495       502.0     57804.9   8153712.7
  2  -0.47415   6.41426   0.17128   y   1.655 11.704       451.1     86005.2  20087594.1
  3   2.01104   2.85703   3.03760   s   0.839  2.062       125.9      6166.3    370065.9
  4  -2.72551   2.16335  -1.75791   s   0.839  2.078       125.9      6166.0    370047.0
  5   2.72551  -2.16335  -1.75791   s   0.839  2.078       125.9      6166.0    370047.0
  6  -2.01104  -2.85703   3.03760   s   0.839  2.062       125.9      6166.3    370065.9
  7   3.95402   6.20697  -2.27461   c   0.644  4.113        18.3       528.0     18706.2
  8   2.07304   5.90782  -4.17571   c   0.644  4.115        18.3       528.0     18705.7
  9   0.67567   8.21630  -4.34314   c   0.644  4.138        18.2       527.7     18697.6
 10   1.73727   9.96758  -2.57943   c   0.644  4.124        18.3       527.9     18702.2
 11   3.72385   8.69966  -1.25488   c   0.644  4.141        18.2       527.7     18696.4
 12  -2.23053   7.70684   4.69473   c   0.644  4.134        18.2       527.8     18698.8
 13  -4.11692   6.11121   3.61248   c   0.644  4.129        18.3       527.8     18700.6
 14  -5.18888   7.41208   1.50599   c   0.644  4.142        18.2       527.7     18696.1
 15  -4.00211   9.83061   1.31335   c   0.644  4.113        18.3       528.0     18706.4
 16  -2.16341  10.01216   3.28783   c   0.644  4.108        18.3       528.0     18708.2
 17  -1.39703   8.73013  -6.22330   c   0.644  4.072        18.3       528.5     18725.4
 18   1.21792  12.75714  -2.48205   c   0.644  4.060        18.3       528.7     18732.1
 19   1.80218   3.68800  -5.92468   c   0.644  4.073        18.3       528.5     18724.8
 20   5.46076   9.84650   0.68416   c   0.644  4.071        18.3       528.5     18725.9
 21   6.01936   4.35655  -1.66650   c   0.644  4.072        18.3       528.5     18725.4
 22  -0.69768  12.31870   4.07698   c   0.644  4.058        18.3       528.8     18733.6
 23  -4.91689   3.57507   4.60009   c   0.644  4.085        18.3       528.3     18718.7
 24  -7.36706   6.53090  -0.09272   c   0.644  4.075        18.3       528.5     18723.9
 25  -4.90212  11.91538  -0.39729   c   0.644  4.059        18.3       528.7     18733.0
 26   3.04225   3.91430  -7.59294   h   0.417  0.997         3.1        37.4       553.5
 27  -0.14985   3.49263  -6.60993   h   0.417  1.001         3.1        37.4       553.1
 28  -3.31976   2.56946   5.47184   h   0.417  1.004         3.1        37.3       552.9
 29  -6.42015   3.76219   6.03913   h   0.417  0.997         3.1        37.4       553.5
 30   2.30169   1.90099  -4.98834   h   0.417  1.006         3.1        37.3       552.7
 31  -5.63167   2.35898   3.07347   h   0.417  1.004         3.1        37.3       552.9
 32   6.67101   4.55919   0.29665   h   0.417  1.001         3.1        37.4       553.1
 33   7.66646   4.66117  -2.91787   h   0.417  0.997         3.1        37.4       553.5
 34   5.38741   2.39060  -1.90193   h   0.417  1.005         3.1        37.3       552.8
 35  -7.17595   7.15282  -2.07067   h   0.417  1.000         3.1        37.4       553.2
 36  -9.18053   7.29171   0.61508   h   0.417  0.996         3.1        37.4       553.5
 37  -7.50251   4.45749  -0.10161   h   0.417  1.002         3.1        37.4       553.1
 38  -0.75614   7.19853   7.06976   c   0.644  4.072        18.3       528.5     18725.6
 39  -1.71379   8.01601   8.73828   h   0.417  0.996         3.1        37.4       553.5
 40   1.14998   8.03087   6.98928   h   0.417  1.000         3.1        37.4       553.2
 41  -0.53185   5.15893   7.39770   h   0.417  1.002         3.1        37.4       553.1
 42  -0.63991   8.96800  -8.15509   h   0.417  0.996         3.1        37.4       553.5
 43  -2.44359  10.46378  -5.75588   h   0.417  0.999         3.1        37.4       553.3
 44   4.65234  11.57442   1.50928   h   0.417  1.000         3.1        37.4       553.3
 45  -3.68065  13.58840  -0.27978   h   0.417  0.999         3.1        37.4       553.3
 46  -1.35580  13.00480   5.93562   h   0.417  0.997         3.1        37.4       553.5
 47   2.63781  13.79455  -3.61021   h   0.417  0.997         3.1        37.4       553.5
 48  -2.77035   7.16472  -6.30220   h   0.417  1.001         3.1        37.4       553.2
 49   0.47415  -6.41426   0.17128   y   1.655 11.704       451.1     86005.2  20087594.1
 50   2.23053  -7.70684   4.69473   c   0.644  4.134        18.2       527.8     18698.8
 51  -0.67567  -8.21630  -4.34314   c   0.644  4.138        18.2       527.7     18697.6
 52   5.18888  -7.41208   1.50599   c   0.644  4.142        18.2       527.7     18696.1
 53  -3.95402  -6.20697  -2.27461   c   0.644  4.113        18.3       528.0     18706.2
 54   4.11692  -6.11121   3.61248   c   0.644  4.129        18.3       527.8     18700.6
 55  -2.07304  -5.90782  -4.17571   c   0.644  4.115        18.3       528.0     18705.7
 56   4.00211  -9.83061   1.31335   c   0.644  4.113        18.3       528.0     18706.4
 57  -3.72385  -8.69966  -1.25488   c   0.644  4.141        18.2       527.7     18696.4
 58   2.16341 -10.01216   3.28783   c   0.644  4.108        18.3       528.0     18708.2
 59  -1.73727  -9.96758  -2.57943   c   0.644  4.124        18.3       527.9     18702.2
 60   7.36706  -6.53090  -0.09272   c   0.644  4.075        18.3       528.5     18723.9
 61  -6.01936  -4.35655  -1.66650   c   0.644  4.072        18.3       528.5     18725.4
 62   0.75614  -7.19853   7.06976   c   0.644  4.072        18.3       528.5     18725.6
 63   1.39703  -8.73013  -6.22330   c   0.644  4.072        18.3       528.5     18725.4
 64   4.90212 -11.91538  -0.39729   c   0.644  4.059        18.3       528.7     18733.0
 65  -5.46076  -9.84650   0.68416   c   0.644  4.071        18.3       528.5     18725.9
 66   0.69768 -12.31870   4.07698   c   0.644  4.058        18.3       528.8     18733.6
 67  -1.21792 -12.75714  -2.48205   c   0.644  4.060        18.3       528.7     18732.1
 68   4.91689  -3.57507   4.60009   c   0.644  4.085        18.3       528.3     18718.7
 69  -1.80218  -3.68800  -5.92468   c   0.644  4.073        18.3       528.5     18724.8
 70   6.42015  -3.76219   6.03913   h   0.417  0.997         3.1        37.4       553.5
 71  -3.04225  -3.91430  -7.59294   h   0.417  0.997         3.1        37.4       553.5
 72   5.63167  -2.35898   3.07347   h   0.417  1.004         3.1        37.3       552.9
 73  -2.30169  -1.90099  -4.98834   h   0.417  1.006         3.1        37.3       552.7
 74   3.31976  -2.56946   5.47184   h   0.417  1.004         3.1        37.3       552.9
 75   0.14985  -3.49263  -6.60993   h   0.417  1.001         3.1        37.4       553.1
 76  -1.14998  -8.03087   6.98928   h   0.417  1.000         3.1        37.4       553.2
 77   2.44359 -10.46378  -5.75588   h   0.417  0.999         3.1        37.4       553.3
 78   7.17595  -7.15282  -2.07067   h   0.417  1.000         3.1        37.4       553.2
 79  -6.67101  -4.55919   0.29665   h   0.417  1.001         3.1        37.4       553.1
 80   1.71379  -8.01601   8.73828   h   0.417  0.996         3.1        37.4       553.5
 81   0.63991  -8.96800  -8.15509   h   0.417  0.996         3.1        37.4       553.5
 82   9.18053  -7.29171   0.61508   h   0.417  0.996         3.1        37.4       553.5
 83  -7.66646  -4.66117  -2.91787   h   0.417  0.997         3.1        37.4       553.5
 84   0.53185  -5.15893   7.39770   h   0.417  1.002         3.1        37.4       553.1
 85   2.77035  -7.16472  -6.30220   h   0.417  1.001         3.1        37.4       553.2
 86   7.50251  -4.45749  -0.10161   h   0.417  1.002         3.1        37.4       553.1
 87  -5.38741  -2.39060  -1.90193   h   0.417  1.005         3.1        37.3       552.8
 88   4.98639 -11.33431  -2.39502   h   0.417  1.000         3.1        37.4       553.3
 89  -0.64497  13.22577  -3.26605   h   0.417  1.000         3.1        37.4       553.3
 90   1.34321  11.94979   4.26801   h   0.417  1.000         3.1        37.4       553.3
 91   0.93130 -13.88161   2.72939   h   0.417  0.999         3.1        37.4       553.3
 92  -1.30690 -13.51293  -0.55098   h   0.417  1.000         3.1        37.4       553.2
 93   3.68065 -13.58840  -0.27978   h   0.417  0.999         3.1        37.4       553.3
 94   1.30690  13.51293  -0.55098   h   0.417  1.000         3.1        37.4       553.2
 95  -4.65234 -11.57442   1.50928   h   0.417  1.000         3.1        37.4       553.3
 96  -0.93130  13.88161   2.72939   h   0.417  0.999         3.1        37.4       553.3
 97  -5.85489  -8.52310   2.24410   h   0.417  1.000         3.1        37.4       553.2
 98   0.64497 -13.22577  -3.26605   h   0.417  1.000         3.1        37.4       553.3
 99  -4.98639  11.33431  -2.39502   h   0.417  1.000         3.1        37.4       553.3
100  -1.34321 -11.94979   4.26801   h   0.417  1.000         3.1        37.4       553.3
101   5.85489   8.52310   2.24410   h   0.417  1.000         3.1        37.4       553.2
102  -7.30420 -10.36742  -0.14931   h   0.417  0.996         3.1        37.4       553.5
103   6.83120 -12.51353   0.13290   h   0.417  0.997         3.1        37.4       553.5
104  -2.63781 -13.79455  -3.61021   h   0.417  0.997         3.1        37.4       553.5
105  -6.83120  12.51353   0.13290   h   0.417  0.997         3.1        37.4       553.5
106   1.35580 -13.00480   5.93562   h   0.417  0.997         3.1        37.4       553.5
107   7.30420  10.36742  -0.14931   h   0.417  0.996         3.1        37.4       553.5

molecular C6(AA) [au] =    146752.83

           DFT-D V3(BJ)
 DF tpssh                                             
 parameters
 s6       :    1.0000
 s8       :    2.2382
 a1       :    0.4529
 a2       :    4.6550
 k1-k3    :   16.0000    1.3333   -4.0000
 
 Edisp /kcal,au:  -156.6306 -0.24960676

 E6    /kcal :   -68.4388
 E8    /kcal :   -88.1918
 % E8        : 56.31
 nuclear repulsion energy                  =    8335.852498138
 empirical dispersive energy correction    =      -0.249606762
 nuclear repulsion + dispersion correction =    8335.602891376


         -----------------
         -S,T+V- integrals
         -----------------

 1e-integrals will be neglected if expon. factor < 0.308299E-12


          ----------------
          -ecp-  integrals
          ----------------
 
   Difference densities algorithm switched on.
   The maximal number of linear combinations of
   difference densities is                    20 .

 DIIS switched on: error vector is FDS-SDF
 Max. Iterations for DIIS is     :   4
 DIIS matrix (see manual) 
    Scaling factor of diagonals  :  1.200
    threshold for scaling factor :  0.000

 scf convergence criterion : increment of total energy < .1000000D-06
                  and increment of one-electron energy < .1000000D-03

 MOs are in ASCII format !


    mo occupation :
   irrep   mo's   occupied
    a      514      101
    b      511      100
 
 number of basis functions   :  1025
 number of occupied orbitals :   201
 

 reading orbital data $uhfmo_alpha  from file alpha
 orbital characterization : scfconv=7

 reading orbital data $uhfmo_beta  from file beta
 orbital characterization : scfconv=7
 mo-orthogonalization by Cholesky decomposition
 mo-orthogonalization by Cholesky decomposition

 UHF mode switched on !

 closed shell shift switched on 
 all occupied orbitals are shifted by    0.05000

  
           ------------------------
               RI-J - INFORMATION
           ------------------------
 Contributions to RI integral batches: 
  neglected integral batches:                 88039
  direct contribution:                            0
  memory contribution:                 29816
 Memory core needed for (P|Q) and Cholesky     19 MByte
 Memory core minimum needed except of (P|Q)     3 MByte
 Total minimum memory core needed (sum)        22 MByte
  
 ****************************************
 Memory allocated for RI-J  4177 MByte
 ****************************************
                                            
 
 
 
 ==============================================================================
                           electrostatic moments
 ==============================================================================

 reference point for electrostatic moments:    0.00000   0.00000   0.00000

 
              nuc           elec       ->  total
 ------------------------------------------------------------------------------
                          charge      
 ------------------------------------------------------------------------------
         400.000000    -401.000000      -1.000000
 a-b                                     1.000000
 
 ------------------------------------------------------------------------------
                       dipole moment  
 ------------------------------------------------------------------------------
   x      -0.000000       0.000000       0.000000
   y       0.000000      -0.000000      -0.000000
   z      44.578386     -45.213611      -0.635225
 
   | dipole moment | =     0.6352 a.u. =     1.6146 debye 
 
 ------------------------------------------------------------------------------
                     quadrupole moment
 ------------------------------------------------------------------------------
  xx    5068.070542   -5361.301514    -293.230973
  yy   23449.700191  -23742.234463    -292.534272
  zz    4922.540588   -5216.190926    -293.650338
  xy   -1532.413361    1533.167774       0.754413
  xz       0.000000       0.000000       0.000000
  yz      -0.000000       0.000000      -0.000000
 
     1/3  trace=    -293.138528
     anisotropy=       1.631211



 ==============================================================================
                  MULLIKEN POPULATION ANALYSIS (CAO-BASIS)
 ==============================================================================

         BRUTTO POPULATIONS  
 
       values displayed are larger than   0.010000
 
 
       Analysis is done for cartesian functions (CAOs)
 
       sequence of contributions:
     p:  x   y   z
     d: xx  yy  zz  xy  xz  yz
     f:xxx yyy zzz xxy xxz xyy yyz xzz yzz xyz
 
 
 atomic populations from total density:
 
 atom      charge    n(s)      n(p)      n(d)      n(f)      n(g)
 
     1mo     0.37506   2.32581   6.56586   4.70101   0.03226
       p:  2.236  2.082  2.248
       d:  0.623  0.830  0.636  0.899  0.832  0.881
 
     2y      0.68710   2.42243   6.31230   1.45730   0.12087
       p:  2.102  2.110  2.101
       d:  0.216  0.172  0.212  0.328  0.210  0.319
       f:  0.008 -0.001  0.007  0.014  0.019  0.013  0.012  0.019  0.013  0.016
 
     3s     -0.43320   5.89434  10.50631   0.03255
       p:  3.539  3.452  3.516
       d: -0.002  0.012  0.002  0.006  0.007  0.007
 
     4s     -0.45275   5.90626  10.51351   0.03298
       p:  3.491  3.505  3.517
 
     5s     -0.45275   5.90626  10.51351   0.03298
       p:  3.491  3.505  3.517
 
     6s     -0.43320   5.89434  10.50631   0.03255
       p:  3.539  3.452  3.516
       d: -0.002  0.012  0.002  0.006  0.007  0.007
 
     7c     -0.20728   3.16342   2.99834   0.04552
       p:  1.000  0.987  1.012
       d:  0.009  0.011  0.001  0.010  0.008  0.008
 
     8c     -0.21380   3.16482   3.00352   0.04546
       p:  1.003  0.995  1.005
       d:  0.002  0.011  0.006  0.009  0.007  0.009
 
     9c     -0.26654   3.18526   3.03647   0.04481
       p:  1.031  0.987  1.019
       d:  0.003  0.008  0.006  0.011  0.007  0.009
 
    10c     -0.21346   3.15994   3.00809   0.04543
       p:  1.018  0.971  1.019
       d:  0.001  0.017  0.001  0.011  0.004  0.011
 
    11c     -0.27181   3.18609   3.04101   0.04471
       p:  1.009  0.992  1.041
       d:  0.007  0.010  0.001  0.009  0.007  0.010
 
    12c     -0.24299   3.17302   3.02483   0.04514
       p:  1.036  0.983  1.006
       d:  0.001  0.007  0.010  0.008  0.008  0.011
 
    13c     -0.20402   3.16688   2.99155   0.04560
       p:  1.000  1.006  0.986
       d:  0.003  0.011  0.005  0.010  0.006  0.011
 
    14c     -0.24771   3.17563   3.02693   0.04515
       p:  1.020  0.984  1.023
       d:  0.007  0.007  0.004  0.010  0.008  0.008
 
    15c     -0.23573   3.16946   3.02130   0.04497
       p:  1.017  0.984  1.020
       d:  0.003  0.013  0.003  0.009  0.006  0.010
 
    16c     -0.23853   3.17187   3.02182   0.04483
       p:  1.035  0.983  1.003
       d:  0.001  0.014  0.005  0.009  0.006  0.010
 
    17c      0.08940   2.90962   2.97040   0.03058
       p:  0.999  0.988  0.984
 
    18c      0.09262   2.91119   2.96538   0.03081
       p:  0.992  0.982  0.991
 
    19c      0.12497   2.88963   2.95511   0.03029
       p:  0.977  1.001  0.977
 
    20c      0.09234   2.90902   2.96804   0.03060
       p:  0.984  0.983  1.002
 
    21c      0.12260   2.88951   2.95759   0.03030
       p:  0.973  1.007  0.978
 
    22c      0.08403   2.91810   2.96725   0.03061
       p:  0.998  0.981  0.988
 
    23c      0.11139   2.89833   2.96010   0.03018
       p:  0.986  0.985  0.989
 
    24c      0.10596   2.90361   2.95993   0.03050
       p:  0.976  0.997  0.988
 
    25c      0.09189   2.90972   2.96771   0.03068
       p:  0.987  0.984  0.996
 
    26h      0.01171   0.96542   0.02287
       p:  0.008  0.005  0.010
 
    27h      0.01780   0.95907   0.02312
       p:  0.013  0.005  0.005
 
    28h      0.04356   0.93264   0.02381
       p:  0.011  0.007  0.006
 
    29h      0.01608   0.96108   0.02285
 
    30h      0.04117   0.93399   0.02484
       p:  0.005  0.012  0.007
 
    31h      0.04803   0.92822   0.02375
       p:  0.006  0.008  0.010
 
    32h      0.01862   0.95828   0.02309
       p:  0.005  0.005  0.013
 
    33h      0.01273   0.96441   0.02286
 
    34h      0.03905   0.93625   0.02469
       p:  0.006  0.014  0.005
 
    35h      0.02799   0.94934   0.02267
       p:  0.004  0.006  0.013
 
    36h      0.02010   0.95711   0.02279
       p:  0.011  0.006  0.006
 
    37h      0.03622   0.94037   0.02341
       p:  0.004  0.014  0.005
 
    38c      0.10818   2.90187   2.95942   0.03053
       p:  0.989  0.995  0.975
 
    39h      0.01983   0.95737   0.02280
 
    40h      0.02758   0.94978   0.02264
       p:  0.012  0.006  0.004
 
    41h      0.03311   0.94350   0.02339
       p:  0.005  0.014  0.004
 
    42h      0.02573   0.95152   0.02275
       p:  0.006  0.005  0.012
 
    43h      0.02036   0.95653   0.02312
       p:  0.007  0.011  0.005
 
    44h      0.02068   0.95634   0.02297
       p:  0.006  0.011  0.006
 
    45h      0.02245   0.95447   0.02308
       p:  0.008  0.010  0.005
 
    46h      0.02610   0.95111   0.02279
       p:  0.006  0.005  0.012
 
    47h      0.03030   0.94693   0.02276
 
    48h      0.04755   0.92962   0.02283
 
    49y      0.68710   2.42243   6.31230   1.45730   0.12087
       p:  2.102  2.110  2.101
       d:  0.216  0.172  0.212  0.328  0.210  0.319
       f:  0.008 -0.001  0.007  0.014  0.019  0.013  0.012  0.019  0.013  0.016
 
    50c     -0.24299   3.17302   3.02483   0.04514
       p:  1.036  0.983  1.006
       d:  0.001  0.007  0.010  0.008  0.008  0.011
 
    51c     -0.26654   3.18526   3.03647   0.04481
       p:  1.031  0.987  1.019
       d:  0.003  0.008  0.006  0.011  0.007  0.009
 
    52c     -0.24771   3.17563   3.02693   0.04515
       p:  1.020  0.984  1.023
       d:  0.007  0.007  0.004  0.010  0.008  0.008
 
    53c     -0.20728   3.16342   2.99834   0.04552
       p:  1.000  0.987  1.012
       d:  0.009  0.011  0.001  0.010  0.008  0.008
 
    54c     -0.20402   3.16688   2.99155   0.04560
       p:  1.000  1.006  0.986
       d:  0.003  0.011  0.005  0.010  0.006  0.011
 
    55c     -0.21380   3.16482   3.00352   0.04546
       p:  1.003  0.995  1.005
       d:  0.002  0.011  0.006  0.009  0.007  0.009
 
    56c     -0.23573   3.16946   3.02130   0.04497
       p:  1.017  0.984  1.020
       d:  0.003  0.013  0.003  0.009  0.006  0.010
 
    57c     -0.27181   3.18609   3.04101   0.04471
       p:  1.009  0.992  1.041
       d:  0.007  0.010  0.001  0.009  0.007  0.010
 
    58c     -0.23853   3.17187   3.02182   0.04483
       p:  1.035  0.983  1.003
       d:  0.001  0.014  0.005  0.009  0.006  0.010
 
    59c     -0.21346   3.15994   3.00809   0.04543
       p:  1.018  0.971  1.019
       d:  0.001  0.017  0.001  0.011  0.004  0.011
 
    60c      0.10596   2.90361   2.95993   0.03050
       p:  0.976  0.997  0.988
 
    61c      0.12260   2.88951   2.95759   0.03030
       p:  0.973  1.007  0.978
 
    62c      0.10818   2.90187   2.95942   0.03053
       p:  0.989  0.995  0.975
 
    63c      0.08940   2.90962   2.97040   0.03058
       p:  0.999  0.988  0.984
 
    64c      0.09189   2.90972   2.96771   0.03068
       p:  0.987  0.984  0.996
 
    65c      0.09234   2.90902   2.96804   0.03060
       p:  0.984  0.983  1.002
 
    66c      0.08403   2.91810   2.96725   0.03061
       p:  0.998  0.981  0.988
 
    67c      0.09262   2.91119   2.96538   0.03081
       p:  0.992  0.982  0.991
 
    68c      0.11139   2.89833   2.96010   0.03018
       p:  0.986  0.985  0.989
 
    69c      0.12497   2.88963   2.95511   0.03029
       p:  0.977  1.001  0.977
 
    70h      0.01608   0.96108   0.02285
 
    71h      0.01171   0.96542   0.02287
       p:  0.008  0.005  0.010
 
    72h      0.04803   0.92822   0.02375
       p:  0.006  0.008  0.010
 
    73h      0.04117   0.93399   0.02484
       p:  0.005  0.012  0.007
 
    74h      0.04356   0.93264   0.02381
       p:  0.011  0.007  0.006
 
    75h      0.01780   0.95907   0.02312
       p:  0.013  0.005  0.005
 
    76h      0.02758   0.94978   0.02264
       p:  0.012  0.006  0.004
 
    77h      0.02036   0.95653   0.02312
       p:  0.007  0.011  0.005
 
    78h      0.02799   0.94934   0.02267
       p:  0.004  0.006  0.013
 
    79h      0.01862   0.95828   0.02309
       p:  0.005  0.005  0.013
 
    80h      0.01983   0.95737   0.02280
 
    81h      0.02573   0.95152   0.02275
       p:  0.006  0.005  0.012
 
    82h      0.02010   0.95711   0.02279
       p:  0.011  0.006  0.006
 
    83h      0.01273   0.96441   0.02286
 
    84h      0.03311   0.94350   0.02339
       p:  0.005  0.014  0.004
 
    85h      0.04755   0.92962   0.02283
 
    86h      0.03622   0.94037   0.02341
       p:  0.004  0.014  0.005
 
    87h      0.03905   0.93625   0.02469
       p:  0.006  0.014  0.005
 
    88h      0.02829   0.94861   0.02310
       p:  0.005  0.005  0.013
 
    89h      0.02118   0.95561   0.02321
       p:  0.012  0.005  0.006
 
    90h      0.03302   0.94393   0.02305
       p:  0.013  0.005  0.005
 
    91h      0.02837   0.94839   0.02324
 
    92h      0.01605   0.96042   0.02353
       p:  0.005  0.005  0.013
 
    93h      0.02245   0.95447   0.02308
       p:  0.008  0.010  0.005
 
    94h      0.01605   0.96042   0.02353
       p:  0.005  0.005  0.013
 
    95h      0.02068   0.95634   0.02297
       p:  0.006  0.011  0.006
 
    96h      0.02837   0.94839   0.02324
 
    97h      0.04480   0.93239   0.02281
 
    98h      0.02118   0.95561   0.02321
       p:  0.012  0.005  0.006
 
    99h      0.02829   0.94861   0.02310
       p:  0.005  0.005  0.013
 
   100h      0.03302   0.94393   0.02305
       p:  0.013  0.005  0.005
 
   101h      0.04480   0.93239   0.02281
 
   102h      0.02509   0.95213   0.02277
       p:  0.011  0.006  0.006
 
   103h      0.02626   0.95098   0.02276
       p:  0.012  0.005  0.005
 
   104h      0.03030   0.94693   0.02276
 
   105h      0.02626   0.95098   0.02276
       p:  0.012  0.005  0.005
 
   106h      0.02610   0.95111   0.02279
       p:  0.006  0.005  0.012
 
   107h      0.02509   0.95213   0.02277
       p:  0.011  0.006  0.006
 
 
 moments (from total density versus population analysis)
 <charge> =            -1.000000           -1.000000
 <x   >   =             0.000000           -0.000000
 <y   >   =            -0.000000            0.000000
 <z   >   =            -0.635225           -0.324737
 
 Unpaired electrons from D(alpha)-D(beta)
 
 atom      total     n(s)      n(p)      n(d)      n(f)      n(g)
 
     1mo     0.76029   0.02503   0.00262   0.73258   0.00006
       d:  0.124  0.373  0.141  0.044  0.032  0.018
 
     2y      0.05639   0.01683   0.00797   0.02998   0.00162
       d:  0.006 -0.009  0.008  0.001  0.024 -0.000
 
     3s      0.03750  -0.00081   0.03376   0.00455
       p:  0.018  0.007  0.009
 
     4s      0.02945   0.00010   0.02509   0.00426
       p: -0.007  0.028  0.004
 
     5s      0.02945   0.00010   0.02509   0.00426
       p: -0.007  0.028  0.004
 
     6s      0.03750  -0.00081   0.03376   0.00455
       p:  0.018  0.007  0.009
 
    49y      0.05639   0.01683   0.00797   0.02998   0.00162
       d:  0.006 -0.009  0.008  0.001  0.024 -0.000
 
 
 
 MULLIKEN BRUTTO POPULATIONS FOR SELECTED MOS:

   101a     a  energy/a.u.:     -0.1158022
 atom      total       s         p         d         f
     1mo     0.47793   0.00752   0.00041   0.47000   0.00001
       d:  0.078  0.283  0.090  0.019  0.000  0.000
 
     2y      0.05772   0.01564   0.00801   0.03236   0.00171
       d:  0.004 -0.003  0.005  0.001  0.026  0.000
 
     3s      0.10253   0.00030   0.09795   0.00428
       p:  0.039  0.033  0.026
 
     4s      0.09186   0.00044   0.08751   0.00392
       p:  0.010  0.055  0.022
 
     5s      0.09186   0.00044   0.08751   0.00392
       p:  0.010  0.055  0.022
 
     6s      0.10253   0.00030   0.09795   0.00428
       p:  0.039  0.033  0.026
 
    49y      0.05772   0.01564   0.00801   0.03236   0.00171
       d:  0.004 -0.003  0.005  0.001  0.026  0.000
 
 
   102a     a  energy/a.u.:     -0.0676262
 atom      total       s         p         d         f
     1mo     0.51252  -0.00033   0.00038   0.51247   0.00000
       d:  0.249  0.000  0.252  0.011  0.000  0.000
 
     2y      0.02286   0.00015   0.00103   0.02027   0.00141
 
     3s      0.09887  -0.00002   0.09481   0.00408
       p:  0.050  0.000  0.045
 
     4s      0.09739   0.00000   0.09336   0.00403
       p:  0.046  0.000  0.047
 
     5s      0.09739   0.00000   0.09336   0.00403
       p:  0.046  0.000  0.047
 
     6s      0.09887  -0.00002   0.09481   0.00408
       p:  0.050  0.000  0.045
 
    49y      0.02286   0.00015   0.00103   0.02027   0.00141
 
 
 
 ==============================================================================
 
HOMO-LUMO Separation
 HOMO         :   -0.11580220 H =     -3.15114 eV
 LUMO         :   -0.06762625 H =     -1.84020 eV
 HOMO-LUMO gap:    0.04817596 H =     +1.31094 eV
 
 ==============================================================================


    ------------------------------------------------------------------------
         total  cpu-time :   4.03 seconds
         total wall-time :   4.62 seconds
    ------------------------------------------------------------------------

   ****  ridft : all done  ****


    2021-05-04 22:50:09.408 

