
 define (login-i16) : TURBOMOLE rev. V7.5.0 compiled 13 Jun 2020 at 23:29:25
 Copyright (C) 2020 TURBOMOLE GmbH, Karlsruhe


    2020-08-19 11:48:56.597 

                    HOST NAME = login-i16
             OPERATING SYSTEM = unix
   STANDARD BASIS SET LIBRARY = /share/crsp/lab/ffurche/share/release_v7.5/basen/
  ALTERNATE BASIS SET LIBRARY = /share/crsp/lab/ffurche/share/release_v7.5/basold/
 LIBRARY FOR RI-J  BASIS SETS = /share/crsp/lab/ffurche/share/release_v7.5/jbasen/
 LIBRARY FOR RI-JK BASIS SETS = /share/crsp/lab/ffurche/share/release_v7.5/jkbasen/
 LIBRARY FOR RIMP2/RICC2 SETS = /share/crsp/lab/ffurche/share/release_v7.5/cbasen/
 LIBRARY FOR RIR12 BASIS SETS = /share/crsp/lab/ffurche/share/release_v7.5/cabasen/
 LIBRARY FOR OEP   BASIS SETS = /share/crsp/lab/ffurche/share/release_v7.5/xbasen/
            STRUCTURE LIBRARY = /share/crsp/lab/ffurche/share/release_v7.5/structures/
 

 ***********************************************************
 *                                                         *
 *                       D E F I N E                       *
 *                                                         *
 *         TURBOMOLE'S  INTERACTIVE  INPUT  PROGRAM        *
 *                                                         *
 *  Quantum Chemistry Group       University of Karlsruhe  *
 *                                                         *
 ***********************************************************


 FILE control ALREADY EXISTS 
 I WILL PLUG IN THE NEW DATA.

 IF YOU WANT TO READ DEFAULT-DATA FROM ANOTHER control-TYPE FILE,
 THEN ENTER ITS LOCATION/NAME OR OTHERWISE HIT >return<.

 
 INPUT TITLE OR 
 ENTER & TO REPEAT DEFINITION OF DEFAULT INPUT FILE 

 symmetry group of the molecule :   c1 

 the group has the following generators :
   c1(z)

    1 symmetry operations found

 SPECIFICATION OF MOLECULAR GEOMETRY ( #ATOMS=0     SYMMETRY=c1  )
 YOU MAY USE ONE OF THE FOLLOWING COMMANDS : 
 sy <group> <eps> : DEFINE MOLECULAR SYMMETRY (default for eps=3d-1)
 desy <eps>       : DETERMINE MOLECULAR SYMMETRY AND ADJUST 
                     COORDINATES (default for eps=1d-6)
 syndi <eps>      : LIKE DESY, BUT FIND ONLY GROUPS WITH NON-
                     DEGENERATE IRREPS (D2h AND SUBGROUPS)
 susy             : ADJUST COORDINATES FOR SUBGROUPS
 ai               : ADD ATOMIC COORDINATES INTERACTIVELY
 a <file>         : ADD ATOMIC COORDINATES FROM FILE <file>
 aa <file>        : ADD ATOMIC COORDINATES IN ANGSTROEM UNITS FROM FILE <file>
 sub              : SUBSTITUTE AN ATOM BY A GROUP OF ATOMS
 i                : INTERNAL COORDINATE MENU 
 ired             : REDUNDANT INTERNAL COORDINATES
 red_info         : DISPLAY REDUNDANT INTERNAL COORDINATES
 ff               : UFF-FORCEFIELD CALCULATION
 m                : MANIPULATE GEOMETRY
 frag             : Define Fragments for BSSE calculation
 w <file>         : WRITE MOLECULAR COORDINATES TO FILE <file> 
 r <file>         : RELOAD ATOMIC AND INTERNAL COORDINATES FROM FILE <file>
 name             : CHANGE ATOMIC IDENTIFIERS 
 del              : DELETE ATOMS 
 fix              : FIX ATOMS 
 dis              : DISPLAY MOLECULAR GEOMETRY 
 banal            : CARRY OUT BOND ANALYSIS 
 *                : TERMINATE MOLECULAR GEOMETRY SPECIFICATION 
                     AND WRITE GEOMETRY DATA TO CONTROL FILE 

 IF YOU APPEND A QUESTION MARK TO ANY COMMAND AN EXPLANATION
 OF THAT COMMAND MAY BE GIVEN 


 CARTESIAN COORDINATES FOR 107 ATOMS HAVE SUCCESSFULLY 
 BEEN ADDED. 
 DEFINITIONS OF INTERNAL COORDINATES HAVE  N O T  BEEN READ. 
 SPECIFICATION OF BOND TOPOLOGY HAS BEEN READ. 

 SPECIFICATION OF MOLECULAR GEOMETRY ( #ATOMS=107   SYMMETRY=c1  )
 YOU MAY USE ONE OF THE FOLLOWING COMMANDS : 
 sy <group> <eps> : DEFINE MOLECULAR SYMMETRY (default for eps=3d-1)
 desy <eps>       : DETERMINE MOLECULAR SYMMETRY AND ADJUST 
                     COORDINATES (default for eps=1d-6)
 syndi <eps>      : LIKE DESY, BUT FIND ONLY GROUPS WITH NON-
                     DEGENERATE IRREPS (D2h AND SUBGROUPS)
 susy             : ADJUST COORDINATES FOR SUBGROUPS
 ai               : ADD ATOMIC COORDINATES INTERACTIVELY
 a <file>         : ADD ATOMIC COORDINATES FROM FILE <file>
 aa <file>        : ADD ATOMIC COORDINATES IN ANGSTROEM UNITS FROM FILE <file>
 sub              : SUBSTITUTE AN ATOM BY A GROUP OF ATOMS
 i                : INTERNAL COORDINATE MENU 
 ired             : REDUNDANT INTERNAL COORDINATES
 red_info         : DISPLAY REDUNDANT INTERNAL COORDINATES
 ff               : UFF-FORCEFIELD CALCULATION
 m                : MANIPULATE GEOMETRY
 frag             : Define Fragments for BSSE calculation
 w <file>         : WRITE MOLECULAR COORDINATES TO FILE <file> 
 r <file>         : RELOAD ATOMIC AND INTERNAL COORDINATES FROM FILE <file>
 name             : CHANGE ATOMIC IDENTIFIERS 
 del              : DELETE ATOMS 
 fix              : FIX ATOMS 
 dis              : DISPLAY MOLECULAR GEOMETRY 
 banal            : CARRY OUT BOND ANALYSIS 
 *                : TERMINATE MOLECULAR GEOMETRY SPECIFICATION 
                     AND WRITE GEOMETRY DATA TO CONTROL FILE 

 IF YOU APPEND A QUESTION MARK TO ANY COMMAND AN EXPLANATION
 OF THAT COMMAND MAY BE GIVEN 

     NUMBER OF PRIMITIVE TORSIONS         624
     NUMBER OF TORSIONAL AXES              68
     GEOIRED: NBDIM     387  NDEGR:     315
      Lowest Eigenvalue of BmBt is:          0.0021031446
      Lowest Eigenvalue redund.  c.          0.0022471689
      Lowest Eigenvalue natural  c.          0.0641078143

 SPECIFICATION OF MOLECULAR GEOMETRY ( #ATOMS=107   SYMMETRY=c1  )
 YOU MAY USE ONE OF THE FOLLOWING COMMANDS : 
 sy <group> <eps> : DEFINE MOLECULAR SYMMETRY (default for eps=3d-1)
 desy <eps>       : DETERMINE MOLECULAR SYMMETRY AND ADJUST 
                     COORDINATES (default for eps=1d-6)
 syndi <eps>      : LIKE DESY, BUT FIND ONLY GROUPS WITH NON-
                     DEGENERATE IRREPS (D2h AND SUBGROUPS)
 susy             : ADJUST COORDINATES FOR SUBGROUPS
 ai               : ADD ATOMIC COORDINATES INTERACTIVELY
 a <file>         : ADD ATOMIC COORDINATES FROM FILE <file>
 aa <file>        : ADD ATOMIC COORDINATES IN ANGSTROEM UNITS FROM FILE <file>
 sub              : SUBSTITUTE AN ATOM BY A GROUP OF ATOMS
 i                : INTERNAL COORDINATE MENU 
 ired             : REDUNDANT INTERNAL COORDINATES
 red_info         : DISPLAY REDUNDANT INTERNAL COORDINATES
 ff               : UFF-FORCEFIELD CALCULATION
 m                : MANIPULATE GEOMETRY
 frag             : Define Fragments for BSSE calculation
 w <file>         : WRITE MOLECULAR COORDINATES TO FILE <file> 
 r <file>         : RELOAD ATOMIC AND INTERNAL COORDINATES FROM FILE <file>
 name             : CHANGE ATOMIC IDENTIFIERS 
 del              : DELETE ATOMS 
 fix              : FIX ATOMS 
 dis              : DISPLAY MOLECULAR GEOMETRY 
 banal            : CARRY OUT BOND ANALYSIS 
 *                : TERMINATE MOLECULAR GEOMETRY SPECIFICATION 
                     AND WRITE GEOMETRY DATA TO CONTROL FILE 

 IF YOU APPEND A QUESTION MARK TO ANY COMMAND AN EXPLANATION
 OF THAT COMMAND MAY BE GIVEN 


 GEOMETRY DATA WILL BE WRITTEN TO FILE coord


 SUPPLYING BASIS SETS TO  107 ATOMS 
 #                                                                       
 #                      BASIS SET LIBRARY FOR MOLYBDEN                   
 #                                                                       
 ########################################################################
 #  HF limit ECP-28-mwb : E(5D;d4s2) = -67.47657 a.u. (Dolg & Andrae 1989
 ########################################################################
 #       Roothaan parameters for Mo(7S,d5s1) in symmetry I:              
 #        a = 1      b = 2                                               
 ########################################################################
 mo def-SV(P)                                                            
 mo def2-SV(P)                                                           
 # mo (7s6p5d)/[5s3p2d] {31111/411/41}                                   
 # ROHF(equiv) energy is -67.54352187713 a.u.  (virial theorem = 1.355182
 # UHF(equiv)  energy is -67.54536776826 a.u.  (virial theorem = 1.355127
 # for d^4 s^2 5D SCF energy is       -67.45623627048 a.u.               
 # basis optimized for ecp-28-mwb, one diffuse p function added          
 #                                                                       
 #                      BASIS SET LIBRARY FOR Dysprosium                 
 #                      last update : 26/06/2019                         
 #                                                                       
 dy def-SV(P)                                                            
 dy SVP                                                                  
 dy TZVP                                                                 
 #                                                                       
 #                       BASIS SET LIBRARY FOR SULFUR                    
 #            ECPs, HONDO-BASIS SETS FROM basen AND                      
 #     FULLY OPTIMIZED BASIS SETS FROM newbas MERGED 02/6/93             
 #                                                                       
 #          abbreviation hondo refers to the version 7.0 of HONDO        
 #                                                                       
 ########################################################################
 #       Roothaan parameters for S(3P) in symmetry I:                    
 #        a = 15/16      b = 9/8                                         
 ########################################################################
 #                                                                       
 s def-SV(P)                                                             
 s def2-SV(P)                                                            
 s dhf-SV(P)                                                             
 s dhf-SV(P)-2c                                                          
 # ROHF(equiv) energy is -397.36223459768 a.u.  (virial = 2.00000000000) 
 # UHF(noneq)  energy is -397.36639647955 a.u.  (virial = 2.00002349071) 
 # (10s7p1d)/[4s3p1d] {5311/511/1}                                       
 #                                                                       
 #                   BASIS SET LIBRARY FOR CARBON                        
 #            ECPs, HONDO-BASIS SETS FROM basen AND                      
 #     FULLY OPTIMIZED BASIS SETS FROM newbas MERGED 02/6/93             
 #                                                                       
 #         abbreviation hondo refers to the version 7.0 of HONDO         
 #                                                                       
 ########################################################################
 #       HF limit : E(3P) = -37.688619 a.u. (C. Froese Fischer, 1977)    
 ########################################################################
 #       Roothaan parameters for C(3P) in symmetry I:                    
 #        a = 3/4      b = 3/2                                           
 ########################################################################
 #                                                                       
 c def-SV(P)                                                             
 c def2-SVP                                                              
 c dhf-SVP                                                               
 c dhf-SVP-2c                                                            
 c def2-SV(P)                                                            
 c dhf-SV(P)                                                             
 c dhf-SV(P)-2c                                                          
 # c (7s4p1d)/[3s2p1d] {511/31/1}                                        
 # ROHF(equiv) energy is -37.64114337919 a.u.  (virial theorem = 2.000000
 # UHF(noneq)  energy is -37.64522986135 a.u.  (virial theorem = 2.000084
 #                                                                       
 #                    BASIS SET LIBRARY FOR HYDROGEN                     
 #            ECPs, HONDO-BASIS SETS FROM basen AND                      
 #     FULLY OPTIMIZED BASIS SETS FROM newbas MERGED 02/6/93             
 #                                                                       
 #         abbreviation hondo refers to the version 7.0 of HONDO         
 #                                                                       
 ########################################################################
 #       HF limit : E(2S) = -0.5 a.u.                                    
 ########################################################################
 #       Roothaan parameters for H(2S):                                  
 #        a = 0      b = 0                                               
 ########################################################################
 #                                                                       
 h def-SV(P)                                                             
 h def2-SV(P)                                                            
 h dhf-SV(P)                                                             
 h dhf-SV(P)-2c                                                          
 h x2c-SV(P)all                                                          
 h x2c-SV(P)all-2c                                                       
 h x2c-SV(P)all-s                                                        
 # HF(equiv) energy is -0.49927840571 a.u.  (virial theorem = 2.000000001
 # (4s)/[2s] {31}                                                        
 # H. Horn, Aug. 91                                                      

 SUPPLYING DEFAULT PSEUDO POTENTIALS (def-ecp) TO  107 ATOMS 
 mo def-ecp                                                              
 mo def2-ecp                                                             
 # relativistic Mo-ECP(MEFIT,WB), Q=14.                                  
 # D. Andrae, U. Haeussermann, M. Dolg, H. Stoll, H. Preuss,             
 # Theor. Chim. Acta 77, 123 (1990)                                      
 dy def-ecp                                                              
 dy def2-ecp                                                             
 dy ecp-28-mwb                                                           
 #dy  Stuttgart RSC ECP                                                  
 
 ==============================================================================
 NOTE: Improved basis sets are available for H-Rn ("def2-bases").
 For further information type "bi".
 ==============================================================================

 ATOMIC ATTRIBUTE DEFINITION MENU  ( #atoms=107   #bas=107   #ecp=3     )

 b    : ASSIGN ATOMIC BASIS SETS 
 bb   : b RESTRICTED TO BASIS SET LIBRARY 
 bl   : LIST ATOMIC BASIS SETS ASSIGNED
 bm   : MODIFY DEFINITION OF ATOMIC BASIS SET
 bp   : SWITCH BETWEEN 5d/7f AND 6d/10f
 lib  : SELECT BASIS SET LIBRARY
 ecp  : ASSIGN EFFECTIVE CORE POTENTIALS 
 ecpb : ecp RESTRICTED TO BASIS SET LIBRARY 
 ecpi : GENERAL INFORMATION ABOUT EFFECTIVE CORE POTENTIALS
 ecpl : LIST EFFECTIVE CORE POTENTIALS ASSIGNED
 ecprm: REMOVE EFFECTIVE CORE POTENTIAL(S)
 c    : ASSIGN NUCLEAR CHARGES (IF DIFFERENT FROM DEFAULTS) 
 cem  : ASSIGN NUCLEAR CHARGES FOR EMBEDDING 
 m    : ASSIGN ATOMIC MASSES (IF DIFFERENT FROM DEFAULTS) 
 iso  : ASSIGN ISOTOPE FOR NUCLEAR COUPLING CALCULATION 
 dis  : DISPLAY MOLECULAR GEOMETRY 
 dat  : DISPLAY ATOMIC ATTRIBUTES YET ESTABLISHED 
 h    : EXPLANATION OF ATTRIBUTE DEFINITION SYNTAX 
 *    : TERMINATE THIS SECTION AND WRITE DATA OR DATA REFERENCES TO control
 GOBACK=& (TO GEOMETRY MENU !)


 SUPPLYING BASIS SETS TO  107 ATOMS 
 #                                                                       
 #                      BASIS SET LIBRARY FOR MOLYBDEN                   
 #                                                                       
 ########################################################################
 #  HF limit ECP-28-mwb : E(5D;d4s2) = -67.47657 a.u. (Dolg & Andrae 1989
 ########################################################################
 #       Roothaan parameters for Mo(7S,d5s1) in symmetry I:              
 #        a = 1      b = 2                                               
 ########################################################################
 mo def2-SV(P)                                                           
 # mo (7s6p5d)/[5s3p2d] {31111/411/41}                                   
 # ROHF(equiv) energy is -67.54352187713 a.u.  (virial theorem = 1.355182
 # UHF(equiv)  energy is -67.54536776826 a.u.  (virial theorem = 1.355127
 # for d^4 s^2 5D SCF energy is       -67.45623627048 a.u.               
 # basis optimized for ecp-28-mwb, one diffuse p function added          
 #                                                                       
 #                      BASIS SET LIBRARY FOR Dysprosium                 
 #                      last update : 26/06/2019                         
 #                                                                       
 dy def2-SV(P)                                                           
 dy def2-mTZVP                                                           
 # dy    (14s12p9d7f) / [10s6p4d3f]     {5111111111/531111/6111/511}     
 # UHF energy (d5d)=  -881.7516133057  a.u.                              
 #                                                                       
 #                       BASIS SET LIBRARY FOR SULFUR                    
 #            ECPs, HONDO-BASIS SETS FROM basen AND                      
 #     FULLY OPTIMIZED BASIS SETS FROM newbas MERGED 02/6/93             
 #                                                                       
 #          abbreviation hondo refers to the version 7.0 of HONDO        
 #                                                                       
 ########################################################################
 #       Roothaan parameters for S(3P) in symmetry I:                    
 #        a = 15/16      b = 9/8                                         
 ########################################################################
 #                                                                       
 s def2-SV(P)                                                            
 s dhf-SV(P)                                                             
 s dhf-SV(P)-2c                                                          
 # ROHF(equiv) energy is -397.36223459768 a.u.  (virial = 2.00000000000) 
 # UHF(noneq)  energy is -397.36639647955 a.u.  (virial = 2.00002349071) 
 # (10s7p1d)/[4s3p1d] {5311/511/1}                                       
 #                                                                       
 #                   BASIS SET LIBRARY FOR CARBON                        
 #            ECPs, HONDO-BASIS SETS FROM basen AND                      
 #     FULLY OPTIMIZED BASIS SETS FROM newbas MERGED 02/6/93             
 #                                                                       
 #         abbreviation hondo refers to the version 7.0 of HONDO         
 #                                                                       
 ########################################################################
 #       HF limit : E(3P) = -37.688619 a.u. (C. Froese Fischer, 1977)    
 ########################################################################
 #       Roothaan parameters for C(3P) in symmetry I:                    
 #        a = 3/4      b = 3/2                                           
 ########################################################################
 #                                                                       
 c def2-SV(P)                                                            
 c dhf-SV(P)                                                             
 c dhf-SV(P)-2c                                                          
 # c (7s4p1d)/[3s2p1d] {511/31/1}                                        
 # ROHF(equiv) energy is -37.64114337919 a.u.  (virial theorem = 2.000000
 # UHF(noneq)  energy is -37.64522986135 a.u.  (virial theorem = 2.000084
 #                                                                       
 #                    BASIS SET LIBRARY FOR HYDROGEN                     
 #            ECPs, HONDO-BASIS SETS FROM basen AND                      
 #     FULLY OPTIMIZED BASIS SETS FROM newbas MERGED 02/6/93             
 #                                                                       
 #         abbreviation hondo refers to the version 7.0 of HONDO         
 #                                                                       
 ########################################################################
 #       HF limit : E(2S) = -0.5 a.u.                                    
 ########################################################################
 #       Roothaan parameters for H(2S):                                  
 #        a = 0      b = 0                                               
 ########################################################################
 #                                                                       
 h def2-SV(P)                                                            
 h dhf-SV(P)                                                             
 h dhf-SV(P)-2c                                                          
 h x2c-SV(P)all                                                          
 h x2c-SV(P)all-2c                                                       
 h x2c-SV(P)all-s                                                        
 # HF(equiv) energy is -0.49927840571 a.u.  (virial theorem = 2.000000001
 # (4s)/[2s] {31}                                                        
 # H. Horn, Aug. 91                                                      
 
 ==============================================================================
 ECPs will be changed for    3 atoms to def2-ecp.
 def- and def2-ecps are different only for 5p and 6p elements.
 ==============================================================================
 
 mo def2-ecp                                                             
 # relativistic Mo-ECP(MEFIT,WB), Q=14.                                  
 # D. Andrae, U. Haeussermann, M. Dolg, H. Stoll, H. Preuss,             
 # Theor. Chim. Acta 77, 123 (1990)                                      
 dy def2-ecp                                                             
 dy ecp-28-mwb                                                           
 #dy  Stuttgart RSC ECP                                                  

 ATOMIC ATTRIBUTE DEFINITION MENU  ( #atoms=107   #bas=107   #ecp=3     )

 b    : ASSIGN ATOMIC BASIS SETS 
 bb   : b RESTRICTED TO BASIS SET LIBRARY 
 bl   : LIST ATOMIC BASIS SETS ASSIGNED
 bm   : MODIFY DEFINITION OF ATOMIC BASIS SET
 bp   : SWITCH BETWEEN 5d/7f AND 6d/10f
 lib  : SELECT BASIS SET LIBRARY
 ecp  : ASSIGN EFFECTIVE CORE POTENTIALS 
 ecpb : ecp RESTRICTED TO BASIS SET LIBRARY 
 ecpi : GENERAL INFORMATION ABOUT EFFECTIVE CORE POTENTIALS
 ecpl : LIST EFFECTIVE CORE POTENTIALS ASSIGNED
 ecprm: REMOVE EFFECTIVE CORE POTENTIAL(S)
 c    : ASSIGN NUCLEAR CHARGES (IF DIFFERENT FROM DEFAULTS) 
 cem  : ASSIGN NUCLEAR CHARGES FOR EMBEDDING 
 m    : ASSIGN ATOMIC MASSES (IF DIFFERENT FROM DEFAULTS) 
 iso  : ASSIGN ISOTOPE FOR NUCLEAR COUPLING CALCULATION 
 dis  : DISPLAY MOLECULAR GEOMETRY 
 dat  : DISPLAY ATOMIC ATTRIBUTES YET ESTABLISHED 
 h    : EXPLANATION OF ATTRIBUTE DEFINITION SYNTAX 
 *    : TERMINATE THIS SECTION AND WRITE DATA OR DATA REFERENCES TO control
 GOBACK=& (TO GEOMETRY MENU !)


 BASIS SETS WILL BE WRITTEN TO FILE basis BY DEFAULT


 ECP'S WILL BE WRITTEN TO FILE basis BY DEFAULT


              +--------------------------------------------------+
              |               basis set information              |
              +--------------------------------------------------+

              we will work with the 1s 3p 5d 7f 9g ... basis set
              ...i.e. with spherical basis functions...

   type   atoms  prim   cont   basis
   ---------------------------------------------------------------------------
    mo       1     50     24   def2-SV(P)   [5s3p2d|7s6p5d]
    dy       2    144     69   def2-SV(P)   [10s6p4d3f|14s12p9d7f]
    s        4     36     18   def2-SV(P)   [4s3p1d|10s7p1d]
    c       40     24     14   def2-SV(P)   [3s2p1d|7s4p1d]
    h       60      4      2   def2-SV(P)   [2s|4s]
   ---------------------------------------------------------------------------
   total:  107   1682    914
   ---------------------------------------------------------------------------

   total number of primitive shells          :   94
   total number of contracted shells         :  448
   total number of cartesian basis functions :  986
   total number of SCF-basis functions       :  914

 number of unique ecp types :                     2

              ATOMIC COORDINATES              ATOM SHELLS CHARGE PSEUDO MASS
     0.00000000    0.00000000    0.65011151    mo    10     42.     1 95.940
    -0.47415400    6.41425904    0.17128130    dy    23     66.     2162.500
     2.01103918    2.85702872    3.03760342    s      8     16.     0 32.064
    -2.72551463    2.16335169   -1.75790994    s      8     16.     0 32.064
     2.72551463   -2.16335169   -1.75790994    s      8     16.     0 32.064
    -2.01103918   -2.85702872    3.03760342    s      8     16.     0 32.064
     3.95402079    6.20696720   -2.27461077    c      6      6.     0 12.011
     2.07303635    5.90782426   -4.17571171    c      6      6.     0 12.011
     0.67567220    8.21630394   -4.34313779    c      6      6.     0 12.011
     1.73727455    9.96757818   -2.57942991    c      6      6.     0 12.011
     3.72385190    8.69965796   -1.25488045    c      6      6.     0 12.011
    -2.23052573    7.70684441    4.69473394    c      6      6.     0 12.011
    -4.11692286    6.11121212    3.61247797    c      6      6.     0 12.011
    -5.18887669    7.41207874    1.50598720    c      6      6.     0 12.011
    -4.00210893    9.83060836    1.31334793    c      6      6.     0 12.011
    -2.16341042   10.01216393    3.28783285    c      6      6.     0 12.011
    -1.39703146    8.73013294   -6.22330394    c      6      6.     0 12.011
     1.21792378   12.75713540   -2.48204587    c      6      6.     0 12.011
     1.80217884    3.68800417   -5.92468403    c      6      6.     0 12.011
     5.46076138    9.84650363    0.68416022    c      6      6.     0 12.011
     6.01935855    4.35655418   -1.66650275    c      6      6.     0 12.011
    -0.69767887   12.31869810    4.07698355    c      6      6.     0 12.011
    -4.91689415    3.57506965    4.60008578    c      6      6.     0 12.011
    -7.36706227    6.53090117   -0.09272176    c      6      6.     0 12.011
    -4.90211648   11.91538240   -0.39728984    c      6      6.     0 12.011
     3.04224721    3.91430112   -7.59294048    h      2      1.     0  1.008
    -0.14984541    3.49262651   -6.60993174    h      2      1.     0  1.008
    -3.31976406    2.56946046    5.47183516    h      2      1.     0  1.008
    -6.42015318    3.76219309    6.03912742    h      2      1.     0  1.008
     2.30168885    1.90099486   -4.98833929    h      2      1.     0  1.008
    -5.63166887    2.35898395    3.07346503    h      2      1.     0  1.008
     6.67100668    4.55919107    0.29664999    h      2      1.     0  1.008
     7.66646166    4.66116788   -2.91786982    h      2      1.     0  1.008
     5.38740818    2.39060355   -1.90192553    h      2      1.     0  1.008
    -7.17594947    7.15281786   -2.07066589    h      2      1.     0  1.008
    -9.18052820    7.29170593    0.61508291    h      2      1.     0  1.008
    -7.50251352    4.45748943   -0.10160684    h      2      1.     0  1.008
    -0.75613638    7.19853223    7.06975992    c      6      6.     0 12.011
    -1.71379247    8.01601299    8.73828162    h      2      1.     0  1.008
     1.14998197    8.03086988    6.98927579    h      2      1.     0  1.008
    -0.53185332    5.15893306    7.39769510    h      2      1.     0  1.008
    -0.63990604    8.96800202   -8.15509015    h      2      1.     0  1.008
    -2.44359272   10.46377735   -5.75587630    h      2      1.     0  1.008
     4.65234050   11.57441552    1.50927813    h      2      1.     0  1.008
    -3.68065040   13.58839904   -0.27978120    h      2      1.     0  1.008
    -1.35580015   13.00479622    5.93562144    h      2      1.     0  1.008
     2.63781051   13.79455060   -3.61020675    h      2      1.     0  1.008
    -2.77035110    7.16471784   -6.30220199    h      2      1.     0  1.008
     0.47415400   -6.41425904    0.17128130    dy    23     66.     2162.500
     2.23052573   -7.70684441    4.69473394    c      6      6.     0 12.011
    -0.67567220   -8.21630394   -4.34313779    c      6      6.     0 12.011
     5.18887669   -7.41207874    1.50598720    c      6      6.     0 12.011
    -3.95402079   -6.20696720   -2.27461077    c      6      6.     0 12.011
     4.11692286   -6.11121212    3.61247797    c      6      6.     0 12.011
    -2.07303635   -5.90782426   -4.17571171    c      6      6.     0 12.011
     4.00210893   -9.83060836    1.31334793    c      6      6.     0 12.011
    -3.72385190   -8.69965796   -1.25488045    c      6      6.     0 12.011
     2.16341042  -10.01216393    3.28783285    c      6      6.     0 12.011
    -1.73727455   -9.96757818   -2.57942991    c      6      6.     0 12.011
     7.36706227   -6.53090117   -0.09272176    c      6      6.     0 12.011
    -6.01935855   -4.35655418   -1.66650275    c      6      6.     0 12.011
     0.75613638   -7.19853223    7.06975992    c      6      6.     0 12.011
     1.39703146   -8.73013294   -6.22330394    c      6      6.     0 12.011
     4.90211648  -11.91538240   -0.39728984    c      6      6.     0 12.011
    -5.46076138   -9.84650363    0.68416022    c      6      6.     0 12.011
     0.69767887  -12.31869810    4.07698355    c      6      6.     0 12.011
    -1.21792378  -12.75713540   -2.48204587    c      6      6.     0 12.011
     4.91689415   -3.57506965    4.60008578    c      6      6.     0 12.011
    -1.80217884   -3.68800417   -5.92468403    c      6      6.     0 12.011
     6.42015318   -3.76219309    6.03912742    h      2      1.     0  1.008
    -3.04224721   -3.91430112   -7.59294048    h      2      1.     0  1.008
     5.63166887   -2.35898395    3.07346503    h      2      1.     0  1.008
    -2.30168885   -1.90099486   -4.98833929    h      2      1.     0  1.008
     3.31976406   -2.56946046    5.47183516    h      2      1.     0  1.008
     0.14984541   -3.49262651   -6.60993174    h      2      1.     0  1.008
    -1.14998197   -8.03086988    6.98927579    h      2      1.     0  1.008
     2.44359272  -10.46377735   -5.75587630    h      2      1.     0  1.008
     7.17594947   -7.15281786   -2.07066589    h      2      1.     0  1.008
    -6.67100668   -4.55919107    0.29664999    h      2      1.     0  1.008
     1.71379247   -8.01601299    8.73828162    h      2      1.     0  1.008
     0.63990604   -8.96800202   -8.15509015    h      2      1.     0  1.008
     9.18052820   -7.29170593    0.61508291    h      2      1.     0  1.008
    -7.66646166   -4.66116788   -2.91786982    h      2      1.     0  1.008
     0.53185332   -5.15893306    7.39769510    h      2      1.     0  1.008
     2.77035110   -7.16471784   -6.30220199    h      2      1.     0  1.008
     7.50251352   -4.45748943   -0.10160684    h      2      1.     0  1.008
    -5.38740818   -2.39060355   -1.90192553    h      2      1.     0  1.008
     4.98639139  -11.33430756   -2.39502317    h      2      1.     0  1.008
    -0.64497495   13.22577302   -3.26604907    h      2      1.     0  1.008
     1.34321463   11.94978601    4.26800802    h      2      1.     0  1.008
     0.93129708  -13.88161227    2.72939275    h      2      1.     0  1.008
    -1.30689618  -13.51293248   -0.55097806    h      2      1.     0  1.008
     3.68065040  -13.58839904   -0.27978120    h      2      1.     0  1.008
     1.30689618   13.51293248   -0.55097806    h      2      1.     0  1.008
    -4.65234050  -11.57441552    1.50927813    h      2      1.     0  1.008
    -0.93129708   13.88161227    2.72939275    h      2      1.     0  1.008
    -5.85488905   -8.52309853    2.24410125    h      2      1.     0  1.008
     0.64497495  -13.22577302   -3.26604907    h      2      1.     0  1.008
    -4.98639139   11.33430756   -2.39502317    h      2      1.     0  1.008
    -1.34321463  -11.94978601    4.26800802    h      2      1.     0  1.008
     5.85488905    8.52309853    2.24410125    h      2      1.     0  1.008
    -7.30419703  -10.36741870   -0.14931090    h      2      1.     0  1.008
     6.83120500  -12.51352829    0.13290149    h      2      1.     0  1.008
    -2.63781051  -13.79455060   -3.61020675    h      2      1.     0  1.008
    -6.83120500   12.51352829    0.13290149    h      2      1.     0  1.008
     1.35580015  -13.00479622    5.93562144    h      2      1.     0  1.008
     7.30419703   10.36741870   -0.14931090    h      2      1.     0  1.008
 

 we will work with the  1s 3p 5d  7f

 there are 1 real representations :   a   

 OCCUPATION NUMBER & MOLECULAR ORBITAL DEFINITION MENU 

 CHOOSE COMMAND 
 infsao     : OUTPUT SAO INFORMATION 
 atb        : Switch for writing MOs in ASCII or binary format
 eht        : PROVIDE MOS && OCCUPATION NUMBERS FROM EXTENDED HUECKEL GUESS 
 use <file> : SUPPLY MO INFORMATION USING DATA FROM <file> 
 man        : MANUAL SPECIFICATION OF OCCUPATION NUMBERS 
 hcore      : HAMILTON CORE GUESS FOR MOS
 flip       : FLIP SPIN OF A SELECTED ATOM
 &          : MOVE BACK TO THE ATOMIC ATTRIBUTES MENU
 THE COMMANDS  use  OR  eht  OR  *  OR q(uit) TERMINATE THIS MENU !!! 
 FOR EXPLANATIONS APPEND A QUESTION MARK (?) TO ANY COMMAND 


 PROVIDING EHT AOS FOR THE FOLLOWING SET OF ATOMS :
     1 mo      
 this type of atom has  28 ecp-electrons: 
  6s 12p 10d  0f
 for the remaining  14 electrons outside of the core you have
 to provide at least basis functions for the AO's :   2s  1p  1d  0f


 PROVIDING EHT AOS FOR THE FOLLOWING SET OF ATOMS :
     2 dy          49 dy      
 this type of atom has  28 ecp-electrons: 
  6s 12p 10d  0f
 for the remaining  38 electrons outside of the core you have
 to provide at least basis functions for the AO's :   3s  2p  1d  1f


 PROVIDING EHT AOS FOR THE FOLLOWING SET OF ATOMS :
     3 s            4 s            5 s            6 s       
 for the  16 electrons of the actual atom you have
 to provide at least basis functions for the AO's :   3s  2p  0d  0f


 PROVIDING EHT AOS FOR THE FOLLOWING SET OF ATOMS :
     7 c            8 c            9 c           10 c           11 c       
    12 c           13 c           14 c           15 c           16 c       
    17 c           18 c           19 c           20 c           21 c       
    22 c           23 c           24 c           25 c           38 c       
    50 c           51 c           52 c           53 c           54 c       
    55 c           56 c           57 c           58 c           59 c       
    60 c           61 c           62 c           63 c           64 c       
    65 c           66 c           67 c           68 c           69 c       
 for the   6 electrons of the actual atom you have
 to provide at least basis functions for the AO's :   2s  1p  0d  0f


 PROVIDING EHT AOS FOR THE FOLLOWING SET OF ATOMS :
    26 h           27 h           28 h           29 h           30 h       
    31 h           32 h           33 h           34 h           35 h       
    36 h           37 h           39 h           40 h           41 h       
    42 h           43 h           44 h           45 h           46 h       
    47 h           48 h           70 h           71 h           72 h       
    73 h           74 h           75 h           76 h           77 h       
    78 h           79 h           80 h           81 h           82 h       
    83 h           84 h           85 h           86 h           87 h       
    88 h           89 h           90 h           91 h           92 h       
    93 h           94 h           95 h           96 h           97 h       
    98 h           99 h          100 h          101 h          102 h       
   103 h          104 h          105 h          106 h          107 h       
 for the   1 electrons of the actual atom you have
 to provide at least basis functions for the AO's :   1s  0p  0d  0f


 DO YOU WANT THE DEFAULT PARAMETERS FOR THE EXTENDED HUECKEL CALCULATION ? 
 DEFAULT=y   HELP=? 


 JUST SETTING UP HUECKEL MATRIX ! 


 HUECKEL EQUATIONS ARE BEING SOLVED 


 ENTER THE MOLECULAR CHARGE  (DEFAULT=0) 


 NUMBER OF ELECTRONS IN YOUR MOLECULE IS  454


 AUTOMATIC OCCUPATION NUMBER ASSIGNMENT ESTABLISHED !
 FOUND CLOSED SHELL SYSTEM !
 HOMO/LUMO-SEPARATION :  0.000473
 ORBITAL  SYMMETRY      ENERGY     DEFAULT 
 (SHELL)    TYPE                 OCCUPATION 
   224   224a          -0.38918      2
   225   225a          -0.38783      2
   226   226a          -0.38662      2
   227   227a          -0.38253      2
   228   228a          -0.38206      0
   229   229a          -0.37851      0
   230   230a          -0.37820      0

!!!!!!!!!!!!!!!!!!!!!!!!!!!!!!!!!!!!!!!!!!!!!!!!!!!!!!!!!
!!! WARNING ! HOMO/LUMO-SEPARATION LOWER THAN 0.05 AU !!!
!!!!!!!!!!!!!!!!!!!!!!!!!!!!!!!!!!!!!!!!!!!!!!!!!!!!!!!!!

 DO YOU ACCEPT THIS OCCUPATION ?  DEFAULT=y 


 PROVIDING  'derivative'  DEFAULT PARAMETERS ...

 PROVIDING FORCE RELAXATION DEFAULT PARAMETERS ...

    mo occupation :
   irrep   mo's   occupied
    a      914      227
 
 number of basis functions   :   914
 number of occupied orbitals :   227
 
 GENERAL MENU : SELECT YOUR TOPIC 
 scf    : SELECT NON-DEFAULT SCF PARAMETER 
 mp2    : OPTIONS AND DATA GROUPS FOR rimp2 and mpgrad
 cc     : OPTIONS AND DATA GROUPS FOR ricc2
 pnocc  : OPTIONS AND DATA GROUPS FOR pnoccsd
 ex     : EXCITED STATE AND RESPONSE OPTIONS
 prop   : SELECT TOOLS FOR SCF-ORBITAL ANALYSIS 
 drv    : SELECT NON-DEFAULT INPUT PARAMETER FOR EVALUATION
          OF ANALYTICAL ENERGY DERIVATIVES 
          (GRADIENTS, FORCE CONSTANTS) 
 rex    : SELECT OPTIONS FOR GEOMETRY UPDATES USING RELAX
 stp    : SELECT NON-DEFAULT STRUCTURE OPTIMIZATION PARAMETER
 e      : DEFINE EXTERNAL ELECTROSTATIC FIELD 
 dft    : DFT Parameters 
 ri     : RI Parameters 
 rijk   : RI-JK-HF Parameters 
 rirpa  : RIRPA Parameters 
 gw     : OPTIONS AND DATA GROUPS FOR GW (escf) 
 senex  : seminumeric exchange parameters 
 hybno  : hybrid Noga/Diag parameters
 dsp    : DFT dispersion correction
 nmr    : NMR shift parameters
 ncoup  : NMR coupling parameters
 trunc  : USE TRUNCATED AUXBASIS DURING ITERATIONS 
 marij  : MULTIPOLE ACCELERATED RI-J 

 dis    : DISPLAY MOLECULAR GEOMETRY 
 list   : LIST OF CONTROL FILE 
 &      : GO BACK TO OCCUPATION/ORBITAL ASSIGNMENT MENU
 * or q : END OF DEFINE SESSION 

 GENERAL MENU : SELECT YOUR TOPIC 
 scf    : SELECT NON-DEFAULT SCF PARAMETER 
 mp2    : OPTIONS AND DATA GROUPS FOR rimp2 and mpgrad
 cc     : OPTIONS AND DATA GROUPS FOR ricc2
 pnocc  : OPTIONS AND DATA GROUPS FOR pnoccsd
 ex     : EXCITED STATE AND RESPONSE OPTIONS
 prop   : SELECT TOOLS FOR SCF-ORBITAL ANALYSIS 
 drv    : SELECT NON-DEFAULT INPUT PARAMETER FOR EVALUATION
          OF ANALYTICAL ENERGY DERIVATIVES 
          (GRADIENTS, FORCE CONSTANTS) 
 rex    : SELECT OPTIONS FOR GEOMETRY UPDATES USING RELAX
 stp    : SELECT NON-DEFAULT STRUCTURE OPTIMIZATION PARAMETER
 e      : DEFINE EXTERNAL ELECTROSTATIC FIELD 
 dft    : DFT Parameters 
 ri     : RI Parameters 
 rijk   : RI-JK-HF Parameters 
 rirpa  : RIRPA Parameters 
 gw     : OPTIONS AND DATA GROUPS FOR GW (escf) 
 senex  : seminumeric exchange parameters 
 hybno  : hybrid Noga/Diag parameters
 dsp    : DFT dispersion correction
 nmr    : NMR shift parameters
 ncoup  : NMR coupling parameters
 trunc  : USE TRUNCATED AUXBASIS DURING ITERATIONS 
 marij  : MULTIPOLE ACCELERATED RI-J 

 dis    : DISPLAY MOLECULAR GEOMETRY 
 list   : LIST OF CONTROL FILE 
 &      : GO BACK TO OCCUPATION/ORBITAL ASSIGNMENT MENU
 * or q : END OF DEFINE SESSION 



STATUS OF DFT_OPTIONS:
 DFT is NOT used
   functional b-p
     gridsize m3

 ENTER DFT-OPTION TO BE MODIFIED 

 func    : TO CHANGE TYPE OF FUNCTIONAL 
 grid    : TO CHANGE GRIDSIZE 
  on:   TO SWITCH ON  DFT 
 Just <ENTER>, q or '*' terminate this menu.


STATUS OF DFT_OPTIONS:
 DFT is used
   functional b-p
     gridsize m3

 ENTER DFT-OPTION TO BE MODIFIED 

 func    : TO CHANGE TYPE OF FUNCTIONAL 
 grid    : TO CHANGE GRIDSIZE 
  off:  TO SWITCH OFF DFT 
 Just <ENTER>, q or '*' terminate this menu.


STATUS OF DFT_OPTIONS:
 DFT is used
   functional tpssh
     gridsize m3

 ENTER DFT-OPTION TO BE MODIFIED 

 func    : TO CHANGE TYPE OF FUNCTIONAL 
 grid    : TO CHANGE GRIDSIZE 
  off:  TO SWITCH OFF DFT 
 Just <ENTER>, q or '*' terminate this menu.


STATUS OF DFT_OPTIONS:
 DFT is used
   functional tpssh
     gridsize 4

 ENTER DFT-OPTION TO BE MODIFIED 

 func    : TO CHANGE TYPE OF FUNCTIONAL 
 grid    : TO CHANGE GRIDSIZE 
  off:  TO SWITCH OFF DFT 
 Just <ENTER>, q or '*' terminate this menu.
 GENERAL MENU : SELECT YOUR TOPIC 
 scf    : SELECT NON-DEFAULT SCF PARAMETER 
 mp2    : OPTIONS AND DATA GROUPS FOR rimp2 and mpgrad
 cc     : OPTIONS AND DATA GROUPS FOR ricc2
 pnocc  : OPTIONS AND DATA GROUPS FOR pnoccsd
 ex     : EXCITED STATE AND RESPONSE OPTIONS
 prop   : SELECT TOOLS FOR SCF-ORBITAL ANALYSIS 
 drv    : SELECT NON-DEFAULT INPUT PARAMETER FOR EVALUATION
          OF ANALYTICAL ENERGY DERIVATIVES 
          (GRADIENTS, FORCE CONSTANTS) 
 rex    : SELECT OPTIONS FOR GEOMETRY UPDATES USING RELAX
 stp    : SELECT NON-DEFAULT STRUCTURE OPTIMIZATION PARAMETER
 e      : DEFINE EXTERNAL ELECTROSTATIC FIELD 
 dft    : DFT Parameters 
 ri     : RI Parameters 
 rijk   : RI-JK-HF Parameters 
 rirpa  : RIRPA Parameters 
 gw     : OPTIONS AND DATA GROUPS FOR GW (escf) 
 senex  : seminumeric exchange parameters 
 hybno  : hybrid Noga/Diag parameters
 dsp    : DFT dispersion correction
 nmr    : NMR shift parameters
 ncoup  : NMR coupling parameters
 trunc  : USE TRUNCATED AUXBASIS DURING ITERATIONS 
 marij  : MULTIPOLE ACCELERATED RI-J 

 dis    : DISPLAY MOLECULAR GEOMETRY 
 list   : LIST OF CONTROL FILE 
 &      : GO BACK TO OCCUPATION/ORBITAL ASSIGNMENT MENU
 * or q : END OF DEFINE SESSION 



STATUS OF RI-OPTIONS:
    RI IS NOT USED
    Memory for RI:           500 Mb
    Filename for auxbasis: auxbasis

 ENTER RI-OPTION TO BE MODIFIED 
      m: CHANGE MEMORY FOR RI 
      f: CHANGE FILENAME 
   jbas: ASSIGN AUXILIARY RI-J BASIS SETS
     on: TO SWITCH ON  RI 
 Use <ENTER>, q, end, or '*' to leave this menu

 NO DEFINITION OF BASIS SETS ($jbas) IN control
  TRY TO OBTAIN BASIS SETS FROM LIBRARY !

  Keyword $jbas  missing in file <control>

 #                                                                       
 #AUXILIARY BASIS SET FOR Mo                                             
 #                                                                       
 #                                                                       
 mo def2-SV(P)                                                           
 mo dhf-SV(P)                                                            
 mo def2-SVP                                                             
 mo dhf-SVP                                                              
 mo def2-TZVP                                                            
 mo dhf-TZVP                                                             
 mo def2-TZVPP                                                           
 mo dhf-TZVPP                                                            
 mo def2-QZVP                                                            
 mo dhf-QZVP                                                             
 mo def2-QZVPP                                                           
 mo dhf-QZVPP                                                            
 mo dhf-SV(P)-2c                                                         
 mo dhf-SVP-2c                                                           
 mo dhf-TZVP-2c                                                          
 mo dhf-TZVPP-2c                                                         
 mo dhf-QZVP-2c                                                          
 mo dhf-QZVPP-2c                                                         
 # mo    (11s5p5d3f3g) / [8s5p5d2f3g]     {41111111/11111/11111/21/111}  
 #errors def2-TZVP uH/atom: MoC6O6 8.8, MoF3 21.8, MoH 19.7, MoO2 27.3,  
 #                          MoO3 24.3                                    
 # F. Weigend 11/2005; Phys. Chem. Chem. Phys. 8: 1057 (2006)            

  Keyword $jbas  missing in file <control>

 dy def2-SV(P)                                                           
 dy def2-SVP                                                             
 dy def2-TZVP                                                            
 dy def2-TZVPP                                                           
 dy def2-QZVP                                                            
 dy def2-QZVPP                                                           
 dy def-SV(P)                                                            
 dy def-SVP                                                              
 dy def-TZVP                                                             
 dy def-TZVPP                                                            
 #F. Weigend 07/2006; optimized at hydride                               
 #contraction length determined at dimer; error for monofluoride 32 uH/at
 # dy    (18s7p6d6f6g3h5i) / [14s7p6d6f5g2h2i]                           

  Keyword $jbas  missing in file <control>

 #                                                                       
 #AUXILIARY BASIS SET FOR S                                              
 #                                                                       
 #                                                                       
 ########################################################################
 s def2-SV(P)                                                            
 s dhf-SV(P)                                                             
 s def2-SVP                                                              
 s dhf-SVP                                                               
 s def2-TZVP                                                             
 s dhf-TZVP                                                              
 s def2-TZVPP                                                            
 s dhf-TZVPP                                                             
 s def2-QZVP                                                             
 s dhf-QZVP                                                              
 s def2-QZVPP                                                            
 s dhf-QZVPP                                                             
 s dhf-SV(P)-2c                                                          
 s dhf-SVP-2c                                                            
 s dhf-TZVP-2c                                                           
 s dhf-TZVPP-2c                                                          
 s dhf-QZVP-2c                                                           
 s dhf-QZVPP-2c                                                          
 s 6-31G*                                                                
 s 6-31G**                                                               
 s cc-pVDZ                                                               
 s aug-cc-pVDZ                                                           
 s cc-pVTZ                                                               
 s aug-cc-pVTZ                                                           
 s cc-pVQZ                                                               
 s aug-cc-pVQZ                                                           
 # s     (14s5p5d2f1g) / [8s4p3d1f1g]     {71111111/2111/311/2/1}        
 # F. Weigend 11/2005; Phys. Chem. Chem. Phys. 8: 1057 (2006)            
 #errors def2-TZVP uH/atom: S2 22.6, S5 49.3, SF2 55.9, SF4 48.6,        
 #                          SF6 18.9                                     

  Keyword $jbas  missing in file <control>

 #                                                                       
 #AUXILIARY BASIS SET FOR C                                              
 #                                                                       
 #                                                                       
 c def2-SV(P)                                                            
 c dhf-SV(P)                                                             
 c def2-SVP                                                              
 c dhf-SVP                                                               
 c def2-TZVP                                                             
 c dhf-TZVP                                                              
 c def2-TZVPP                                                            
 c dhf-TZVPP                                                             
 c def2-QZVP                                                             
 c dhf-QZVP                                                              
 c def2-QZVPP                                                            
 c dhf-QZVPP                                                             
 c dhf-SV(P)-2c                                                          
 c dhf-SVP-2c                                                            
 c dhf-TZVP-2c                                                           
 c dhf-TZVPP-2c                                                          
 c dhf-QZVP-2c                                                           
 c dhf-QZVPP-2c                                                          
 c 6-31G*                                                                
 c 6-31G**                                                               
 c cc-pVDZ                                                               
 c cc-pVTZ                                                               
 c cc-pVQZ                                                               
 c cc-pV5Z                                                               
 c aug-cc-pVDZ                                                           
 c aug-cc-pVTZ                                                           
 c aug-cc-pVQZ                                                           
 c aug-cc-pV5Z                                                           
 c d-aug-cc-pVDZ                                                         
 c d-aug-cc-pVTZ                                                         
 c d-aug-cc-pVQZ                                                         
 c d-aug-cc-pV5Z                                                         
 # c     (12s5p4d2f1g) / [6s4p3d1f1g]     {711111/2111/211/2/1}          
 #errors def2-TZVP uH/atom: C2H2 9.6, C2H3N 24.0, C2H4 17.7, C2H6 15.4,  
 #                          C4H4 24.0, C6H6 19.7, CF4 15.8, CH2O 17.4,   
 #                          CH2O2 26.4, CH3N 19.0, CH3OH 24.9,           
 #                          CH4 18.7, CO 12.6, CO2 7.3                   
 # F. Weigend 11/2005; Phys. Chem. Chem. Phys. 8: 1057 (2006)            

  Keyword $jbas  missing in file <control>

 #                                                                       
 #AUXILIARY BASIS SET FOR H                                              
 #                                                                       
 #                                                                       
 h def2-SV(P)                                                            
 h dhf-SV(P)                                                             
 h def2-SVP                                                              
 h dhf-SVP                                                               
 h def2-TZVP                                                             
 h dhf-TZVP                                                              
 h def2-TZVPP                                                            
 h dhf-TZVPP                                                             
 h def2-QZVP                                                             
 h dhf-QZVP                                                              
 h def2-QZVPP                                                            
 h dhf-QZVPP                                                             
 h dhf-SV(P)-2c                                                          
 h dhf-SVP-2c                                                            
 h dhf-TZVP-2c                                                           
 h dhf-TZVPP-2c                                                          
 h dhf-QZVP-2c                                                           
 h dhf-QZVPP-2c                                                          
 h x2c-universal                                                         
 h x2c-SV(P)all                                                          
 h x2c-SV(P)all-2c                                                       
 h x2c-SVPall                                                            
 h x2c-SVPall-2c                                                         
 h x2c-TZVPall                                                           
 h x2c-TZVPall-2c                                                        
 h x2c-TZVPPall                                                          
 h x2c-TZVPPall-2c                                                       
 h x2c-QZVPall                                                           
 h x2c-QZVPall-2c                                                        
 h x2c-QZVPPall                                                          
 h x2c-QZVPPall-2c                                                       
 h 6-31G*                                                                
 h 6-31G**                                                               
 h cc-pVDZ                                                               
 h cc-pVTZ                                                               
 h cc-pVQZ                                                               
 h cc-pV5Z                                                               
 h aug-cc-pVDZ                                                           
 h aug-cc-pVTZ                                                           
 h aug-cc-pVQZ                                                           
 h aug-cc-pV5Z                                                           
 h d-aug-cc-pVDZ                                                         
 h d-aug-cc-pVTZ                                                         
 h d-aug-cc-pVQZ                                                         
 h d-aug-cc-pV5Z                                                         
 h cc-pCVDZ                                                              
 h cc-pCVTZ                                                              
 h cc-pCVQZ                                                              
 h cc-pCV5Z                                                              
 h aug-cc-pCVDZ                                                          
 h aug-cc-pCVTZ                                                          
 h aug-cc-pCVQZ                                                          
 h aug-cc-pCV5Z                                                          
 h d-aug-cc-pCVDZ                                                        
 h d-aug-cc-pCVTZ                                                        
 h d-aug-cc-pCVQZ                                                        
 h d-aug-cc-pCV5Z                                                        
 h cc-pwCVDZ                                                             
 h cc-pwCVTZ                                                             
 h cc-pwCVQZ                                                             
 h cc-pwCV5Z                                                             
 h aug-cc-pwCVDZ                                                         
 h aug-cc-pwCVTZ                                                         
 h aug-cc-pwCVQZ                                                         
 h aug-cc-pwCV5Z                                                         
 h d-aug-cc-pwCVDZ                                                       
 h d-aug-cc-pwCVTZ                                                       
 h d-aug-cc-pwCVQZ                                                       
 h d-aug-cc-pwCV5Z                                                       
 # h     (5s2p1d) / [3s1p1d]     {311/2/1}                               
 #errors def2-TZVP uH/atom: H2 53.2, H2CO3 30.3, H2O 43.0, H2O2 52.3     
 # F. Weigend 11/2005; Phys. Chem. Chem. Phys. 8: 1057 (2006)            


STATUS OF RI-OPTIONS:
    RI IS USED
    Memory for RI:           500 Mb
    Filename for auxbasis: auxbasis

 ENTER RI-OPTION TO BE MODIFIED 
      m: CHANGE MEMORY FOR RI 
      f: CHANGE FILENAME 
   jbas: ASSIGN AUXILIARY RI-J BASIS SETS
    off: TO SWITCH OFF RI 
 Use <ENTER>, q, end, or '*' to leave this menu


STATUS OF RI-OPTIONS:
    RI IS USED
    Memory for RI:          5000 Mb
    Filename for auxbasis: auxbasis

 ENTER RI-OPTION TO BE MODIFIED 
      m: CHANGE MEMORY FOR RI 
      f: CHANGE FILENAME 
   jbas: ASSIGN AUXILIARY RI-J BASIS SETS
    off: TO SWITCH OFF RI 
 Use <ENTER>, q, end, or '*' to leave this menu
 GENERAL MENU : SELECT YOUR TOPIC 
 scf    : SELECT NON-DEFAULT SCF PARAMETER 
 mp2    : OPTIONS AND DATA GROUPS FOR rimp2 and mpgrad
 cc     : OPTIONS AND DATA GROUPS FOR ricc2
 pnocc  : OPTIONS AND DATA GROUPS FOR pnoccsd
 ex     : EXCITED STATE AND RESPONSE OPTIONS
 prop   : SELECT TOOLS FOR SCF-ORBITAL ANALYSIS 
 drv    : SELECT NON-DEFAULT INPUT PARAMETER FOR EVALUATION
          OF ANALYTICAL ENERGY DERIVATIVES 
          (GRADIENTS, FORCE CONSTANTS) 
 rex    : SELECT OPTIONS FOR GEOMETRY UPDATES USING RELAX
 stp    : SELECT NON-DEFAULT STRUCTURE OPTIMIZATION PARAMETER
 e      : DEFINE EXTERNAL ELECTROSTATIC FIELD 
 dft    : DFT Parameters 
 ri     : RI Parameters 
 rijk   : RI-JK-HF Parameters 
 rirpa  : RIRPA Parameters 
 gw     : OPTIONS AND DATA GROUPS FOR GW (escf) 
 senex  : seminumeric exchange parameters 
 hybno  : hybrid Noga/Diag parameters
 dsp    : DFT dispersion correction
 nmr    : NMR shift parameters
 ncoup  : NMR coupling parameters
 trunc  : USE TRUNCATED AUXBASIS DURING ITERATIONS 
 marij  : MULTIPOLE ACCELERATED RI-J 

 dis    : DISPLAY MOLECULAR GEOMETRY 
 list   : LIST OF CONTROL FILE 
 &      : GO BACK TO OCCUPATION/ORBITAL ASSIGNMENT MENU
 * or q : END OF DEFINE SESSION 


STATUS OF DFT DISPERSION CORRECTION
  correction is not used

 ENTER OPTION TO BE MODIFIED
   on  :  to switch DFT-D3 correction on
   bj  :  to switch DFT-D3 BJ correction on
   d4  :  to switch DFT-D4 correction on
   abc :  to switch three-body term on
   off :  to switch dispersion correction off
   old :  to switch DFT-D2 correction on
  Just <ENTER>, q or * to terminate this menu.

STATUS OF DFT DISPERSION CORRECTION
  DFT-D3 BJ correction is used

 ENTER OPTION TO BE MODIFIED
   on  :  to switch DFT-D3 correction on
   bj  :  to switch DFT-D3 BJ correction on
   d4  :  to switch DFT-D4 correction on
   abc :  to switch three-body term on
   off :  to switch dispersion correction off
   old :  to switch DFT-D2 correction on
  Just <ENTER>, q or * to terminate this menu.
 GENERAL MENU : SELECT YOUR TOPIC 
 scf    : SELECT NON-DEFAULT SCF PARAMETER 
 mp2    : OPTIONS AND DATA GROUPS FOR rimp2 and mpgrad
 cc     : OPTIONS AND DATA GROUPS FOR ricc2
 pnocc  : OPTIONS AND DATA GROUPS FOR pnoccsd
 ex     : EXCITED STATE AND RESPONSE OPTIONS
 prop   : SELECT TOOLS FOR SCF-ORBITAL ANALYSIS 
 drv    : SELECT NON-DEFAULT INPUT PARAMETER FOR EVALUATION
          OF ANALYTICAL ENERGY DERIVATIVES 
          (GRADIENTS, FORCE CONSTANTS) 
 rex    : SELECT OPTIONS FOR GEOMETRY UPDATES USING RELAX
 stp    : SELECT NON-DEFAULT STRUCTURE OPTIMIZATION PARAMETER
 e      : DEFINE EXTERNAL ELECTROSTATIC FIELD 
 dft    : DFT Parameters 
 ri     : RI Parameters 
 rijk   : RI-JK-HF Parameters 
 rirpa  : RIRPA Parameters 
 gw     : OPTIONS AND DATA GROUPS FOR GW (escf) 
 senex  : seminumeric exchange parameters 
 hybno  : hybrid Noga/Diag parameters
 dsp    : DFT dispersion correction
 nmr    : NMR shift parameters
 ncoup  : NMR coupling parameters
 trunc  : USE TRUNCATED AUXBASIS DURING ITERATIONS 
 marij  : MULTIPOLE ACCELERATED RI-J 

 dis    : DISPLAY MOLECULAR GEOMETRY 
 list   : LIST OF CONTROL FILE 
 &      : GO BACK TO OCCUPATION/ORBITAL ASSIGNMENT MENU
 * or q : END OF DEFINE SESSION 


 ***********************************************************
 *                                                         *
 *                       e n d   o f                       *
 *                       D E F I N E                       *
 *                                                         *
 ***********************************************************


    ------------------------------------------------------------------------
         total  cpu-time :   1.75 seconds
         total wall-time :  1 minutes and 32 seconds
    ------------------------------------------------------------------------

   ****  define : all done  ****


    2020-08-19 11:50:27.916 

