
   OpenMP run-time library returned nthreads = 20

 force (hpc3-15-27) : TURBOMOLE rev. V7-5-tag-28-gbe0a187fad compiled 7 Apr 2020 at 04:41:40
 Copyright (C) 2020 TURBOMOLE GmbH, Karlsruhe


    2020-07-25 15:37:37.636 



                             T U R B O M O L E   

                          a o f o r c e - program

                        using direct algorithms for

                       SCF level calculations of
                         * harmonic force constants
                         * hyperpolarizabilities
                         * IR and RAMAN intensities
                         * VCD intensities

                       DFT level calculations of
                         * harmonic force constants
                         * IR intensities
                                                   
       Stephan Boecker, Peter Deglmann, Filipp Furche and Marco Haeser
                          Quantum Chemistry Group
                          Universitaet  Karlsruhe
                                   Germany

 
 

          OpenMP Shared-Memory Parallelization: 20 CPUs.

            By: Erik P. Almaraz and Filipp Furche
            Copyright 2009-2011 by UCI and TURBOMOLE GmbH.

            Revised By: Christof Holzer and Yannick J. Franzke.

 
 
     References :
 
       RI-J implementation:
         Peter Deglmann, Klaus May, Filipp Furche, Reinhart Ahlrichs
                 Chem. Phys. Lett. 384:103 (2004)
 
       Efficiency, technical details:
         Peter Deglmann, Filipp Furche, Reinhart Ahlrichs
                 Chem. Phys. Lett. 362:511 (2002)
 
       Search of lowest eigenvalues by iterative diagonalization:
         Peter Deglmann, Filipp Furche
                 J. Chem. Phys. 117:9535 (2002)
 
       Vibrational circular dichroism implementation:
        Kevin Reiter, Michael Kuehn, Florian Weigend
                 J. Chem. Phys. 146:054102 (2017)  
 
 


              +--------------------------------------------------+
              | Atomic coordinate, charge and isotop information |
              +--------------------------------------------------+

                    atomic coordinates            atom    charge  isotop
          0.00000000    0.00000000    0.00000000    mo    42.000     0
          0.00000000    0.00000000   -6.60363808    dy    66.000     0
          0.00000000    0.00000000    6.60363808    dy    66.000     0
          2.31004138    2.31004138   -2.58690524    s     16.000     0
         -2.31004138   -2.31004138   -2.58690524    s     16.000     0
          2.31004138   -2.31004138    2.58690524    s     16.000     0
         -2.31004138    2.31004138    2.58690524    s     16.000     0
          4.64526556   -1.59403341   -7.81954728    c      6.000     0
          3.57679239   -3.57679239   -6.38680338    c      6.000     0
          1.59403341   -4.64526556   -7.81954728    c      6.000     0
          1.44456985   -3.33323829  -10.14669987    c      6.000     0
          3.33323829   -1.44456985  -10.14669987    c      6.000     0
         -1.59403341    4.64526556   -7.81954728    c      6.000     0
         -3.57679239    3.57679239   -6.38680338    c      6.000     0
         -4.64526556    1.59403341   -7.81954728    c      6.000     0
         -3.33323829    1.44456985  -10.14669987    c      6.000     0
         -1.44456985    3.33323829  -10.14669987    c      6.000     0
          1.59403341    4.64526556    7.81954728    c      6.000     0
          1.44456985    3.33323829   10.14669987    c      6.000     0
          3.33323829    1.44456985   10.14669987    c      6.000     0
          4.64526556    1.59403341    7.81954728    c      6.000     0
          3.57679239    3.57679239    6.38680338    c      6.000     0
         -4.64526556   -1.59403341    7.81954728    c      6.000     0
         -3.33323829   -1.44456985   10.14669987    c      6.000     0
         -1.44456985   -3.33323829   10.14669987    c      6.000     0
         -1.59403341   -4.64526556    7.81954728    c      6.000     0
         -3.57679239   -3.57679239    6.38680338    c      6.000     0
          0.38276450   -6.17655948   -7.22007229    h      1.000     0
          0.11746990   -3.70611702  -11.65442483    h      1.000     0
          4.11246750   -4.11246750   -4.49141086    h      1.000     0
          3.70611702   -0.11746990  -11.65442483    h      1.000     0
          6.17655948   -0.38276450   -7.22007229    h      1.000     0
         -0.11746990    3.70611702  -11.65442483    h      1.000     0
         -0.38276450    6.17655948   -7.22007229    h      1.000     0
         -4.11246750    4.11246750   -4.49141086    h      1.000     0
         -6.17655948    0.38276450   -7.22007229    h      1.000     0
         -3.70611702    0.11746990  -11.65442483    h      1.000     0
         -0.38276450   -6.17655948    7.22007229    h      1.000     0
         -4.11246750   -4.11246750    4.49141086    h      1.000     0
         -6.17655948   -0.38276450    7.22007229    h      1.000     0
         -3.70611702   -0.11746990   11.65442483    h      1.000     0
         -0.11746990   -3.70611702   11.65442483    h      1.000     0
          0.11746990    3.70611702   11.65442483    h      1.000     0
          0.38276450    6.17655948    7.22007229    h      1.000     0
          4.11246750    4.11246750    4.49141086    h      1.000     0
          3.70611702    0.11746990   11.65442483    h      1.000     0
          6.17655948    0.38276450    7.22007229    h      1.000     0
 
       center of nuclear mass  :    0.00000000   -0.00000000   -0.00000000
       center of nuclear charge:   -0.00000000    0.00000000   -0.00000000

              +--------------------------------------------------+
              |               basis set information              |
              +--------------------------------------------------+

              we will work with the 1s 3p 5d 7f 9g ... basis set
              ...i.e. with spherical basis functions...

   type   atoms  prim   cont   basis
   ---------------------------------------------------------------------------
    mo       1     60     40   def2-TZVP   [6s4p3d1f|7s7p5d1f]
    dy       2    171     93   def2-TZVP   [10s7p5d4f1g|14s14p10d8f1g]
    s        4     63     37   def2-TZVP   [5s5p2d1f|14s9p3d1f]
    c       20     46     31   def2-TZVP   [5s3p2d1f|11s6p2d1f]
    h       20      8      6   def2-TZVP   [3s1p|5s1p]
   ---------------------------------------------------------------------------
   total:   47   1734   1114
   ---------------------------------------------------------------------------

   total number of primitive shells          :  120
   total number of contracted shells         :  420
   total number of cartesian basis functions : 1286
   total number of SCF-basis functions       : 1114

 number of unique ecp types :                     2
 
             FOUND RI-J FLAG !
 

 NOTE: THIS IS A PRELIMINARY IMPLEMENTATION. THE RI APPROXIMATION IS
       PRESENTLY USED FOR CPKS CONTRIBUTIONS TO THE HESSIAN ONLY! SEE
       MANUAL FOR FURTHER DETAILS.

  
 AUXILIARY BASIS SET information:

              we will work with the 1s 3p 5d 7f 9g ... basis set
              ...i.e. with spherical basis functions...

   type   atoms  prim   cont   basis
   ---------------------------------------------------------------------------
    mo       1     99     89   def2-TZVP   [8s5p5d2f3g|11s5p5d3f3g]
    dy       2    263    200   def2-TZVP   [14s7p6d6f5g2h2i|18s7p6d6f6g3h5i]
    s        4     77     51   def2-TZVP   [8s4p3d1f1g|14s5p5d2f1g]
    c       20     70     49   def2-TZVP   [6s4p3d1f1g|12s5p4d2f1g]
    h       20     16     11   def2-TZVP   [3s1p1d|5s2p1d]
   ---------------------------------------------------------------------------
   total:   47   2653   1893
   ---------------------------------------------------------------------------

   total number of primitive shells          :  137
   total number of contracted shells         :  575
   total number of cartesian basis functions : 2438
   total number of SCF-basis functions       : 1893


 symmetry group of the molecule :   d2d

 the group has the following generators :
   s4(z)
   c2(x)

    8 symmetry operations found

 there are 5 real representations :   a1   a2   b1   b2   e   

 maximum number of shells which are related by symmetry :  8


 determining totally symmetric integral contributions 
    - equivalent to irreducible tensor elements - 
 which can be formed within each triple of representations :

             representation triple      contributions

              a1    a1    a1              1
              a1    a2    a2              1
              a1    b1    b1              1
              a1    b2    b2              1
              a1    e     e               1
              a2    a1    a2              1
              a2    a2    a1              1
              a2    b1    b2              1
              a2    b2    b1              1
              a2    e     e               1
              b1    a1    b1              1
              b1    a2    b2              1
              b1    b1    a1              1
              b1    b2    a2              1
              b1    e     e               1
              b2    a1    b2              1
              b2    a2    b1              1
              b2    b1    a2              1
              b2    b2    a1              1
              b2    e     e               1
              e     a1    e               1
              e     a2    e               1
              e     b1    e               1
              e     b2    e               1
              e     e     a1              1
              e     e     a2              1
              e     e     b1              1
              e     e     b2              1
       UHF mode switched on !

    mo occupation :
   irrep   mo's   occupied
    a1     173       28
    a2     109       11
    b1     111       11
    b2     171       28
    e      275       38
 
 number of basis functions   :  1114
 number of occupied orbitals :   154
 
 ALPHA-Occupation:                   154
 BETA-Occupation :                   141
  MOs are in ASCII format !


 reading orbital data $uhfmo_alpha  from file alpha
 orbital characterization : scfdump=400

 self consistent orbitals required 


========================
 internal module stack: 
------------------------
    force
========================

 missing or faulty alpha orbitals
 force ended abnormally
