
 eiger (login-i15) : TURBOMOLE rev. V7.5.0 compiled 13 Jun 2020 at 23:29:25
 Copyright (C) 2020 TURBOMOLE GmbH, Karlsruhe


    2021-05-04 22:28:52.278 

                                                                                
  
Total energy =  -3297.5325520340 H =    -89730.4311869 eV
 
 HOMO-LUMO Separation
   HOMO:   401. a 101 a     -0.02835842 H =     -0.77167 eV
   LUMO:   402. a 102 a     -0.00816677 H =     -0.22223 eV
   Gap :                    +0.02019166 H =     +0.54944 eV
 
Number of MOs=   2050, Electrons=    401.00, Symmetry: c2   
 
   Nr.   Orbital    Occupation       Energy
  418. b 105 a                     +0.097050 H =        +2.641 eV
  417. a 105 a                     +0.096988 H =        +2.639 eV
  416. b 104 b                     +0.096740 H =        +2.632 eV
  415. b 103 b                     +0.096735 H =        +2.632 eV
  414. a 104 b                     +0.095819 H =        +2.607 eV
  413. a 103 b                     +0.095818 H =        +2.607 eV
  412. b 104 a                     +0.077154 H =        +2.099 eV
  411. a 104 a                     +0.075506 H =        +2.055 eV
  410. b 102 b                     +0.057309 H =        +1.559 eV
  409. b 101 b                     +0.057288 H =        +1.559 eV
  408. a 101 b                     +0.049165 H =        +1.338 eV
  407. a 102 b                     +0.049163 H =        +1.338 eV
  406. b 103 a                     +0.038676 H =        +1.052 eV
  405. b 102 a                     +0.018278 H =        +0.497 eV
  404. a 103 a                     +0.015989 H =        +0.435 eV
  403. b 101 a                     +0.004056 H =        +0.110 eV
  402. a 102 a                     -0.008167 H =        -0.222 eV
  401. a 101 a        1.000        -0.028358 H =        -0.772 eV
  400. b 100 a        1.000        -0.090335 H =        -2.458 eV
  399. b 100 b        1.000        -0.090613 H =        -2.466 eV
  398. b  99 b        1.000        -0.090616 H =        -2.466 eV
  397. a 100 b        1.000        -0.091375 H =        -2.486 eV
  396. a  99 b        1.000        -0.091379 H =        -2.487 eV
  395. a 100 a        1.000        -0.095505 H =        -2.599 eV
  394. b  98 b        1.000        -0.097153 H =        -2.644 eV
  393. b  97 b        1.000        -0.097155 H =        -2.644 eV
  392. a  98 b        1.000        -0.097334 H =        -2.649 eV
  391. a  97 b        1.000        -0.097337 H =        -2.649 eV
  390. b  99 a        1.000        -0.105762 H =        -2.878 eV
  389. a  99 a        1.000        -0.105879 H =        -2.881 eV
  388. b  98 a        1.000        -0.106450 H =        -2.897 eV
  387. a  98 a        1.000        -0.106519 H =        -2.899 eV
  386. b  97 a        1.000        -0.108680 H =        -2.957 eV


    ------------------------------------------------------------------------
         total  cpu-time :   1.00 seconds
         total wall-time :   2.13 seconds
    ------------------------------------------------------------------------

   ****  eiger : all done  ****


    2021-05-04 22:28:54.379 

