           SMPCPUS    set: Shared-memory Parallelization with   8 CPUs.

           SMP Parallelization Reference:
           C. van Wullen, J. Comput. Chem. 32 (2011) 1195--1201

 data group $actual step is not empty 
 due to the abend of ridft


 ridft (c-5-40) : TURBOMOLE rev. V7.5.0 compiled 13 Jun 2020 at 23:29:25
 Copyright (C) 2020 TURBOMOLE GmbH, Karlsruhe


    2020-07-12 12:33:04.239 



                                  r i d f t

                        DFT program with RI approximation 
                                for coulomb part 




                                                 
                                 References:     
                                                 
          TURBOMOLE:                             
              R. Ahlrichs, M. Baer, M. Haeser, H. Horn, and
              C. Koelmel
              Electronic structure calculations on workstation
              computers: the program system TURBOMOLE
              Chem. Phys. Lett. 162: 165 (1989)
          Density Functional:                              
              O. Treutler and R. Ahlrichs                      
              Efficient Molecular Numerical Integration Schemes
              J. Chem. Phys. 102: 346 (1995)                   
          Parallel Version:                                
              Performance of parallel TURBOMOLE for Density    
              Functional Calculations                          
              M. v. Arnim and R. Ahlrichs                      
              J. Comp. Chem. 19: 1746 (1998)                   
          RI-J Method:                                     
              Auxiliary Basis Sets to approximate Coulomb      
              Potentials                                       
              Chem. Phys. Lett. 240: 283 (1995)                
              K. Eichkorn, O. Treutler, H. Oehm, M. Haeser     
              and R. Ahlrichs                                  
              Chem. Phys. Lett. 242: 652 (1995)                
                                                           
              Auxiliary Basis Sets for Main Row Atoms and their
              Use to approximate Coulomb Potentials            
              K. Eichkorn, F. Weigend, O. Treutler and         
              R. Ahlrichs                                      
              Theo. Chem. Acc. 97: 119 (1997)                   
                                                           
              Accurate Coulomb-fitting basis sets for H to Rn 
              F. Weigend                                        
              Phys. Chem. Chem. Phys. 8: 1057 (2006)            
                                                           
          Multipole accelerated RI-J (MARI-J):             
              Fast evaluation of the Coulomb potential for     
              electron densities using multipole accelerated   
              resolution of identity approximation             
              M. Sierka, A. Hogekamp and R. Ahlrichs           
              J. Chem. Phys. 118: 9136 (2003)                  
          RI-JK Method:                                     
              A fully direct RI-HF algorithm: Implementation,
              optimised auxiliary basis sets, demonstration of
              accuracy and efficiency                         
              F. Weigend                                      
              Phys. Chem. Chem. Phys. 4: 4285 (2002)           
          Two-component HF and DFT with spin-orbit coupling:  
              Self-consistent treatment of spin-orbit         
              interactions with efficient Hartree-Fock and    
              density functional methods                      
              M. K. Armbruster, F. Weigend, C. van Wüllen and 
              W. Klopper                                      
              Phys. Chem. Chem. Phys. 10: 1748 (2008)         
          Two-component difference density and DIIS algorithm 
              Efficient two-component self-consistent field   
              procedures and gradients: implementation in     
              TURBOMOLE and application to Au20-              
              A. Baldes, F. Weigend                           
              Mol. Phys. 111: 2617 (2013)                     
          Relativistic all-electron 2c calculations           
              An efficient implementation of two-component    
              relativistic exact-decoupling methods for large 
              molecules                                       
              D. Peng, N. Middendorf, F. Weigend, M. Reiher   
              J. Chem. Phys. 138: 184105 (2013)               
          Finite nucleus model and SNSO approximation         
              Efficient implementation of one- and two-       
              component analytical energy gradients in exact  
              two-component theory                            
              Y. J. Franzke, N. Middendorf, F. Weigend        
              J. Chem. Phys. 148: 104110 (2018)               
          Grids for all-electron relativistic methods         
              Error-consistent segmented contracted all-      
              electron relativistic basis sets of double-     
              and triple-zeta quality for NMR shielding       
              constants                                       
              Y. J. Franzke, R. Tress, T. M. Pazdera,         
              F. Weigend                                      
              Phys. Chem. Chem. Phys. 21: 166658 (2019)       
          Seminumerical exchange algorithms                   
              Seminumerical calculation of the Hartree-Fock   
              exchange matirx: Application to two-component   
              procedures and efficient evaluation of local    
              hybrid functionsl                               
              P. Plessow, F. Weigend,                         
              J. Comput. Chem. 33: 810 (2012)                 
          Improved seminumerical algorithms                   
              C. Holzer, in preparation (2020)                
                                         




              +--------------------------------------------------+
              |      general information about current run       |
              +--------------------------------------------------+

 

 DENSITY CONVERGENCE CHECK SWITCHED ON !
 SCF CONVERGENCE IF RMS(delta[D]) <     0.1000000000E-06

 TPSS global hybrid functional
 exchange:    9/10 (LDA+TPSS) + 1/10 HF
 correlation: LDA (PW) + TPSS
 A Hybrid-DFT calculation using the RI-J approximation will be carried out.
 Allocatable memory for RI due to $ricore (MB):                   500


              +--------------------------------------------------+
              | Atomic coordinate, charge and isotop information |
              +--------------------------------------------------+

                    atomic coordinates            atom    charge  isotop
          0.00000000    0.00000000    0.00000000    mo    42.000     0
          0.00000000    0.00000000   -6.40907923    dy    66.000     0
          0.00000000    0.00000000    6.40907923    dy    66.000     0
          2.36035714    2.36035714   -2.69297496    s     16.000     0
         -2.36035714   -2.36035714   -2.69297496    s     16.000     0
          2.36035714   -2.36035714    2.69297496    s     16.000     0
         -2.36035714    2.36035714    2.69297496    s     16.000     0
          4.63087816   -1.54814080   -7.78731103    c      6.000     0
          3.57822047   -3.57822047   -6.31311439    c      6.000     0
          1.54814080   -4.63087816   -7.78731103    c      6.000     0
          1.37919271   -3.40769562  -10.13767415    c      6.000     0
          3.40769562   -1.37919271  -10.13767415    c      6.000     0
         -1.54814080    4.63087816   -7.78731103    c      6.000     0
         -3.57822047    3.57822047   -6.31311439    c      6.000     0
         -4.63087816    1.54814080   -7.78731103    c      6.000     0
         -3.40769562    1.37919271  -10.13767415    c      6.000     0
         -1.37919271    3.40769562  -10.13767415    c      6.000     0
          1.54814080    4.63087816    7.78731103    c      6.000     0
          1.37919271    3.40769562   10.13767415    c      6.000     0
          3.40769562    1.37919271   10.13767415    c      6.000     0
          4.63087816    1.54814080    7.78731103    c      6.000     0
          3.57822047    3.57822047    6.31311439    c      6.000     0
         -4.63087816   -1.54814080    7.78731103    c      6.000     0
         -3.40769562   -1.37919271   10.13767415    c      6.000     0
         -1.37919271   -3.40769562   10.13767415    c      6.000     0
         -1.54814080   -4.63087816    7.78731103    c      6.000     0
         -3.57822047   -3.57822047    6.31311439    c      6.000     0
          0.37102259   -6.18295261   -7.08798378    h      1.000     0
         -0.01026610   -3.65231388  -11.51701065    h      1.000     0
          4.01464649   -4.01464649   -4.34792317    h      1.000     0
          3.65231388    0.01026610  -11.51701065    h      1.000     0
          6.18295261   -0.37102259   -7.08798378    h      1.000     0
          0.01026610    3.65231388  -11.51701065    h      1.000     0
         -0.37102259    6.18295261   -7.08798378    h      1.000     0
         -4.01464649    4.01464649   -4.34792317    h      1.000     0
         -6.18295261    0.37102259   -7.08798378    h      1.000     0
         -3.65231388   -0.01026610  -11.51701065    h      1.000     0
         -0.37102259   -6.18295261    7.08798378    h      1.000     0
         -4.01464649   -4.01464649    4.34792317    h      1.000     0
         -6.18295261   -0.37102259    7.08798378    h      1.000     0
         -3.65231388    0.01026610   11.51701065    h      1.000     0
          0.01026610   -3.65231388   11.51701065    h      1.000     0
         -0.01026610    3.65231388   11.51701065    h      1.000     0
          0.37102259    6.18295261    7.08798378    h      1.000     0
          4.01464649    4.01464649    4.34792317    h      1.000     0
          3.65231388   -0.01026610   11.51701065    h      1.000     0
          6.18295261    0.37102259    7.08798378    h      1.000     0
 
       center of nuclear mass  :   -0.00000000    0.00000000    0.00000000
       center of nuclear charge:   -0.00000000   -0.00000000   -0.00000000

              +--------------------------------------------------+
              |               basis set information              |
              +--------------------------------------------------+

              we will work with the 1s 3p 5d 7f 9g ... basis set
              ...i.e. with spherical basis functions...

   type   atoms  prim   cont   basis
   ---------------------------------------------------------------------------
    mo       1     60     40   def2-TZVPD   [6s4p3d1f|7s7p5d1f]
    dy       2    171     93   def2-TZVP   [10s7p5d4f1g|14s14p10d8f1g]
    s        4     72     46   def2-TZVPD   [6s6p3d1f|15s10p4d1f]
    c       20     52     37   def2-TZVPD   [6s3p3d1f|12s6p3d1f]
    h       20     11      9   def2-TZVPD   [3s2p|5s2p]
   ---------------------------------------------------------------------------
   total:   47   1950   1330
   ---------------------------------------------------------------------------

   total number of primitive shells          :  126
   total number of contracted shells         :  492
   total number of cartesian basis functions : 1526
   total number of SCF-basis functions       : 1330

 number of unique ecp types :                     2

 integral neglect threshold       :  0.22E-11
 integral storage threshold THIZE :  0.10E-04
 integral storage threshold THIME :         5

 RI-J AUXILIARY BASIS SET information:

              we will work with the 1s 3p 5d 7f 9g ... basis set
              ...i.e. with spherical basis functions...

   type   atoms  prim   cont   basis
   ---------------------------------------------------------------------------
    mo       1    131    131   x2c-universal   [25s5p5d3f5g|25s5p5d3f5g]
    dy       2    263    200   def2-TZVP   [14s7p6d6f5g2h2i|18s7p6d6f6g3h5i]
    s        4     77     51   universal   [8s4p3d1f1g|14s5p5d2f1g]
    c       20     70     49   universal   [6s4p3d1f1g|12s5p4d2f1g]
    h       20     16     11   universal   [3s1p1d|5s2p1d]
   ---------------------------------------------------------------------------
   total:   47   2685   1935
   ---------------------------------------------------------------------------

   total number of primitive shells          :  153
   total number of contracted shells         :  595
   total number of cartesian basis functions : 2495
   total number of SCF-basis functions       : 1935


 symmetry group of the molecule :   d2d

 the group has the following generators :
   s4(z)
   c2(x)

    8 symmetry operations found

 there are 5 real representations :   a1   a2   b1   b2   e   

 maximum number of shells which are related by symmetry :  8

  
           ------------------
           density functional
           ------------------
 TPSS global hybrid functional
 exchange:    9/10 (LDA+TPSS) + 1/10 HF
 correlation: LDA (PW) + TPSS

 spherical integration : Lebedev's spherical grid
 spherical gridsize    :                     4
    i.e. gridpoints    :                   434
 value for diffuse not defined
 radial integration    : Chebyshev 2nd kind (scaling 3)
 radial gridsize       :                     6
 integration cells     :                     9
 partition function    : becke
 partition sharpness   :                     3
  
 
 Derivatives of quadrature weights will be included
 

 biggest AO integral is expected to be    25.238462089

          ------------------------
          nuclear repulsion energy  :   5075.41079112    
          ------------------------

  _________________________________
 |                                 |
 |         DFTD3 V3.1 Rev 0        |
 | S.Grimme, University Bonn       |
 |            June  2014           |
 |   see standalone version        |
 |       dftd3 -h for options      |
 |_________________________________|
 
 Please cite DFT-D3 work done with this code as:
 S. Grimme, J. Antony, S. Ehrlich and H. Krieg,
 J. Chem. Phys, 132 (2010), 154104.
 If used with BJ-damping cite also
 S. Grimme, S. Ehrlich and L. Goerigk,
 J. Comput. Chem. 32 (2011), 1456-1465
 For DFT-D2 the reference is
 S. Grimme, J. Comput. Chem., 27 (2006), 1787-1799
 
C6 coefficients used:
                     2  C6 for element                      1
Z=  1 CN= 0.912     C6(AA)=    3.03
Z=  1 CN= 0.000     C6(AA)=    7.59
                     5  C6 for element                      6
Z=  6 CN= 0.000     C6(AA)=   49.11
Z=  6 CN= 0.987     C6(AA)=   43.25
Z=  6 CN= 1.998     C6(AA)=   29.36
Z=  6 CN= 2.999     C6(AA)=   25.78
Z=  6 CN= 3.984     C6(AA)=   18.21
                     3  C6 for element                     16
Z= 16 CN= 0.000     C6(AA)=  134.01
Z= 16 CN= 0.995     C6(AA)=  131.00
Z= 16 CN= 1.990     C6(AA)=  125.81
                     3  C6 for element                     42
Z= 42 CN= 0.000     C6(AA)=  845.90
Z= 42 CN= 1.942     C6(AA)=  502.01
Z= 42 CN=11.056     C6(AA)=  337.11
                     2  C6 for element                     66
Z= 66 CN= 0.000     C6(AA)= 2617.33
Z= 66 CN= 2.897     C6(AA)=  544.44

#           XYZ [au]              R0(AA) [Ang.]  CN          C6(AA)     C8(AA)   C10(AA) [au]
  1   0.00000   0.00000   0.00000   mo  1.286  5.548       502.0     57804.9   8153712.7
  2   0.00000   0.00000  -6.40908   dy  1.749 11.284       544.4    115916.4  30232866.7
  3   0.00000   0.00000   6.40908   dy  1.749 11.284       544.4    115916.4  30232866.7
  4   2.36036   2.36036  -2.69297   s   0.839  2.050       125.9      6166.5    370080.6
  5  -2.36036  -2.36036  -2.69297   s   0.839  2.050       125.9      6166.5    370080.6
  6   2.36036  -2.36036   2.69297   s   0.839  2.050       125.9      6166.5    370080.6
  7  -2.36036   2.36036   2.69297   s   0.839  2.050       125.9      6166.5    370080.6
  8   4.63088  -1.54814  -7.78731   c   0.644  4.064        18.3       528.7     18729.9
  9   3.57822  -3.57822  -6.31311   c   0.644  4.058        18.3       528.8     18733.4
 10   1.54814  -4.63088  -7.78731   c   0.644  4.064        18.3       528.7     18729.9
 11   1.37919  -3.40770 -10.13767   c   0.644  3.968        18.4       531.0     18812.4
 12   3.40770  -1.37919 -10.13767   c   0.644  3.968        18.4       531.0     18812.4
 13  -1.54814   4.63088  -7.78731   c   0.644  4.064        18.3       528.7     18729.9
 14  -3.57822   3.57822  -6.31311   c   0.644  4.058        18.3       528.8     18733.4
 15  -4.63088   1.54814  -7.78731   c   0.644  4.064        18.3       528.7     18729.9
 16  -3.40770   1.37919 -10.13767   c   0.644  3.968        18.4       531.0     18812.4
 17  -1.37919   3.40770 -10.13767   c   0.644  3.968        18.4       531.0     18812.4
 18   1.54814   4.63088   7.78731   c   0.644  4.064        18.3       528.7     18729.9
 19   1.37919   3.40770  10.13767   c   0.644  3.968        18.4       531.0     18812.4
 20   3.40770   1.37919  10.13767   c   0.644  3.968        18.4       531.0     18812.4
 21   4.63088   1.54814   7.78731   c   0.644  4.064        18.3       528.7     18729.9
 22   3.57822   3.57822   6.31311   c   0.644  4.058        18.3       528.8     18733.4
 23  -4.63088  -1.54814   7.78731   c   0.644  4.064        18.3       528.7     18729.9
 24  -3.40770  -1.37919  10.13767   c   0.644  3.968        18.4       531.0     18812.4
 25  -1.37919  -3.40770  10.13767   c   0.644  3.968        18.4       531.0     18812.4
 26  -1.54814  -4.63088   7.78731   c   0.644  4.064        18.3       528.7     18729.9
 27  -3.57822  -3.57822   6.31311   c   0.644  4.058        18.3       528.8     18733.4
 28   0.37102  -6.18295  -7.08798   h   0.417  1.014         3.1        37.3       552.2
 29  -0.01027  -3.65231 -11.51701   h   0.417  1.017         3.1        37.3       551.9
 30   4.01465  -4.01465  -4.34792   h   0.417  1.021         3.1        37.3       551.6
 31   3.65231   0.01027 -11.51701   h   0.417  1.017         3.1        37.3       551.9
 32   6.18295  -0.37102  -7.08798   h   0.417  1.014         3.1        37.3       552.2
 33   0.01027   3.65231 -11.51701   h   0.417  1.017         3.1        37.3       551.9
 34  -0.37102   6.18295  -7.08798   h   0.417  1.014         3.1        37.3       552.2
 35  -4.01465   4.01465  -4.34792   h   0.417  1.021         3.1        37.3       551.6
 36  -6.18295   0.37102  -7.08798   h   0.417  1.014         3.1        37.3       552.2
 37  -3.65231  -0.01027 -11.51701   h   0.417  1.017         3.1        37.3       551.9
 38  -0.37102  -6.18295   7.08798   h   0.417  1.014         3.1        37.3       552.2
 39  -4.01465  -4.01465   4.34792   h   0.417  1.021         3.1        37.3       551.6
 40  -6.18295  -0.37102   7.08798   h   0.417  1.014         3.1        37.3       552.2
 41  -3.65231   0.01027  11.51701   h   0.417  1.017         3.1        37.3       551.9
 42   0.01027  -3.65231  11.51701   h   0.417  1.017         3.1        37.3       551.9
 43  -0.01027   3.65231  11.51701   h   0.417  1.017         3.1        37.3       551.9
 44   0.37102   6.18295   7.08798   h   0.417  1.014         3.1        37.3       552.2
 45   4.01465   4.01465   4.34792   h   0.417  1.021         3.1        37.3       551.6
 46   3.65231  -0.01027  11.51701   h   0.417  1.017         3.1        37.3       551.9
 47   6.18295   0.37102   7.08798   h   0.417  1.014         3.1        37.3       552.2

molecular C6(AA) [au] =     53874.01

           DFT-D V3(BJ)
 DF tpssh                                             
 parameters
 s6       :    1.0000
 s8       :    2.2382
 a1       :    0.4529
 a2       :    4.6550
 k1-k3    :   16.0000    1.3333   -4.0000
 
 Edisp /kcal,au:   -68.6564 -0.10941094

 E6    /kcal :   -26.8724
 E8    /kcal :   -41.7840
 % E8        : 60.86
 nuclear repulsion energy                  =    5075.410791121
 empirical dispersive energy correction    =      -0.109410943
 nuclear repulsion + dispersion correction =    5075.301380178


         -----------------
         -S,T+V- integrals
         -----------------

 1e-integrals will be neglected if expon. factor < 0.219001E-12


          ----------------
          -ecp-  integrals
          ----------------
 
   Difference densities algorithm switched on.
   The maximal number of linear combinations of
   difference densities is                    20 .

 DIIS switched on: error vector is FDS-SDF
 Max. Iterations for DIIS is     :   4
 DIIS matrix (see manual) 
    Scaling factor of diagonals  :  1.200
    threshold for scaling factor :  0.000

 scf convergence criterion : increment of total energy < .1000000D-06
                  and increment of one-electron energy < .1000000D-03


   ----> a dscf RESTART run will be tried ! <----

 $restart flag 'dscf' will be switched off !

 MOs are in ASCII format !


    mo occupation :
   irrep   mo's   occupied
    a1     203       28
    a2     133       11
    b1     135       11
    b2     201       28
    e      329       38
 
 number of basis functions   :  1330
 number of occupied orbitals :   154
 

 reading orbital data $uhfmo_alpha  from file alpha
 orbital characterization : scfdump=1885

 reading orbital data $uhfmo_beta  from file beta
 orbital characterization : scfdump=1885
 mo-orthogonalization by Cholesky decomposition
 mo-orthogonalization by Cholesky decomposition

 UHF mode switched on !

 automatic virtual orbital shift switched on 
      shift if e(lumo)-e(homo) <  1.0000000    

  
           ------------------------
               RI-J - INFORMATION
           ------------------------
 Contributions to RI integral batches: 
  neglected integral batches:                109388
  direct contribution:                         8033
  memory contribution:                  3857
 Memory core needed for (P|Q) and Cholesky      1 MByte
 Memory core minimum needed except of (P|Q)     2 MByte
 Total minimum memory core needed (sum)         3 MByte
  
 ****************************************
 Memory allocated for RI-J   348 MByte
 ****************************************
                                            

 DSCF restart information will be dumped onto file alpha


 complete restart information read in from $restartd
 iterations from earlier run will be continued

 Starting SCF iterations

          Overall gridpoints after grid construction =         63021
 Ordering of quadrature gridpoints disabled.
 Caution, gridordering can improve performance!

 ITERATION  ENERGY          1e-ENERGY        2e-ENERGY     RMS[dD(SAO)]   TOL
1886  -29915.437689470    -15360.051027    -19630.688042    0.731D-06 0.310D-12
                            Exc = -272.990787635      Eck = -19357.6972546    
                         Ntotal = 295.05056206      Nspin = 12.992524300    
                             Na = 154.02154318         Nb = 141.02901888    
                            current damping = 3.050
 
          irrep a1  : virtual orbitals shifted by    5.57181
          irrep a1  : virtual orbitals shifted by    2.36240
          irrep a2  : virtual orbitals shifted by    2.40950
          irrep a2  : virtual orbitals shifted by    0.03321
          irrep b1  : virtual orbitals shifted by    2.10418
          irrep b2  : virtual orbitals shifted by    1.48726
          irrep b2  : virtual orbitals shifted by    3.80501
          max. resid. norm for Fia-block=  3.953D+01 for orbital      1b2   alpha
          max. resid. fock norm         =  5.526D+01 for orbital      1b2   beta 
          irrep e   : virtual orbitals shifted by    4.58097
          irrep e   : virtual orbitals shifted by    4.71408

 ITERATION  ENERGY          1e-ENERGY        2e-ENERGY     RMS[dD(SAO)]   TOL
1887  -29854.701540219    -16162.439406    -18767.563514    0.235D+03 0.310D-12
                            Exc = -309.581670070      Eck = -18457.9818439    
                         Ntotal = 295.04863529      Nspin = 12.994368792    
                             Na = 154.02150204         Nb = 141.02713325    
                            current damping = 3.100
 
          Norm of current diis error:  29.292    
          irrep a1  : virtual orbitals shifted by    0.52487
          irrep a1  : virtual orbitals shifted by    1.00274
          irrep b1  : virtual orbitals shifted by    0.82399
          irrep b2  : virtual orbitals shifted by    1.01595
          irrep b2  : virtual orbitals shifted by    0.03248
          max. resid. norm for Fia-block=  3.001D+01 for orbital      1b2   alpha
          max. resid. fock norm         =  4.182D+01 for orbital      1b2   beta 
          irrep e   : virtual orbitals shifted by    1.07924
          irrep e   : virtual orbitals shifted by    1.04758
