
 eiger (login-i15) : TURBOMOLE rev. V7.5.0 compiled 13 Jun 2020 at 23:29:25
 Copyright (C) 2020 TURBOMOLE GmbH, Karlsruhe


    2020-10-13 13:13:37.516 

                                                                                
  
Total energy =  -4206.6276326340 H =   -114468.1683540 eV
 
 HOMO-LUMO Separation
   HOMO:   223. a  28 a1    -0.04189585 H =     -1.14004 eV
   LUMO:   224. b  27 a1    +0.00287371 H =     +0.07820 eV
   Gap :                    +0.04476956 H =     +1.21824 eV
 
Number of MOs=   1678, Electrons=    295.00, Symmetry: d2d  
 
   Nr.   Orbital    Occupation       Energy
  240. b  30 a1                    +0.088324 H =        +2.403 eV
  239. a  29 a1                    +0.073504 H =        +2.000 eV
  238. b  39 e                     +0.060958 H =        +1.659 eV
  237. b  38 e                     +0.051630 H =        +1.405 eV
  236. a  39 e                     +0.049776 H =        +1.354 eV
  235. b  37 e                     +0.048016 H =        +1.307 eV
  234. b  29 b2                    +0.043812 H =        +1.192 eV
  233. b  29 a1                    +0.043623 H =        +1.187 eV
  232. b  28 b2                    +0.021606 H =        +0.588 eV
  231. b  12 b1                    +0.020839 H =        +0.567 eV
  230. b  28 a1                    +0.019284 H =        +0.525 eV
  229. b  36 e                     +0.009722 H =        +0.265 eV
  228. a  12 b1                    +0.009412 H =        +0.256 eV
  227. b  35 e                     +0.007482 H =        +0.204 eV
  226. b  27 b2                    +0.004562 H =        +0.124 eV
  225. a  28 b2                    +0.003456 H =        +0.094 eV
  224. b  27 a1                    +0.002874 H =        +0.078 eV
  223. a  28 a1       1.000        -0.041896 H =        -1.140 eV
  222. b  11 a2       1.000        -0.092725 H =        -2.523 eV
  221. a  11 a2       1.000        -0.095277 H =        -2.593 eV
  220. a  38 e        2.000        -0.104767 H =        -2.851 eV
  219. b  34 e        2.000        -0.107566 H =        -2.927 eV
  218. b  26 b2       1.000        -0.116880 H =        -3.180 eV
  217. b  11 b1       1.000        -0.122380 H =        -3.330 eV
  216. b  26 a1       1.000        -0.122972 H =        -3.346 eV
  215. a  37 e        2.000        -0.126193 H =        -3.434 eV
  214. b  33 e        2.000        -0.126474 H =        -3.442 eV
  213. b  32 e        2.000        -0.130494 H =        -3.551 eV
  212. b  10 a2       1.000        -0.132949 H =        -3.618 eV
  211. a  11 b1       1.000        -0.134360 H =        -3.656 eV
  210. a  36 e        2.000        -0.135065 H =        -3.675 eV
  209. b  25 b2       1.000        -0.135880 H =        -3.697 eV
  208. b  25 a1       1.000        -0.136236 H =        -3.707 eV


    ------------------------------------------------------------------------
         total  cpu-time :   0.34 seconds
         total wall-time :   0.70 seconds
    ------------------------------------------------------------------------

   ****  eiger : all done  ****


    2020-10-13 13:13:38.169 

