
 vibrations (login-i15) : TURBOMOLE rev. V7.5.0 compiled 13 Jun 2020 at 23:29:25
 Copyright (C) 2020 TURBOMOLE GmbH, Karlsruhe


    2020-08-12 08:45:25.767 



     this is  V I B R A T I O N S 

     program for calculating cartesian coordinates
     shifted along a certain normal mode



 reading data block $coord from file <coord>

 symmetry group of the molecule :   c2 

 the group has the following generators :
   c2(z)

    2 symmetry operations found

   ATOM                    CARTESIAN COORDINATES                       MASS

    1 mo        0.000000000000     0.000000000000     0.000000000000   95.94
    2 y         0.000000000000     0.000000000000    -6.487145680994   88.91
    3 s         2.541336323318     2.216183038725    -2.566631280739   32.06
    4 s        -2.541336323318    -2.216183038725    -2.566631280739   32.06
    5 s         2.216183038725    -2.541336323318     2.566631280739   32.06
    6 s        -2.216183038725     2.541336323318     2.566631280739   32.06
    7 c         4.524262081805    -1.624742959872    -7.918231194094   12.01
    8 c         3.717980574996    -3.399281348492    -6.052715895231   12.01
    9 c         1.616375375162    -4.752916445676    -7.048049778476   12.01
   10 c         1.131994875944    -3.840664602201    -9.543022098239   12.01
   11 c         2.955791947172    -1.922344819687   -10.095336115045   12.01
   12 c        -1.616375375162     4.752916445676    -7.048049778476   12.01
   13 c        -3.717980574996     3.399281348492    -6.052715895231   12.01
   14 c        -4.524262081805     1.624742959872    -7.918231194094   12.01
   15 c        -2.955791947172     1.922344819687   -10.095336115045   12.01
   16 c        -1.131994875944     3.840664602201    -9.543022098239   12.01
   17 c         0.316031080078    -6.953933487044    -5.812355000217   12.01
   18 c        -0.703654655014    -5.023230132479   -11.363349377629   12.01
   19 c         5.003262922741    -3.914985021133    -3.580360183967   12.01
   20 c         3.491854531286    -0.791783612917   -12.643573976102   12.01
   21 c         6.767028145790     0.105269255186    -7.686495796279   12.01
   22 c         0.703654655014     5.023230132479   -11.363349377629   12.01
   23 c        -5.003262922741     3.914985021133    -3.580360183967   12.01
   24 c        -6.767028145790    -0.105269255186    -7.686495796279   12.01
   25 c        -3.491854531286     0.791783612917   -12.643573976102   12.01
   26 h         6.535976540224    -5.315340311472    -3.824308179480    1.01
   27 h         3.680087672034    -4.664841861364    -2.166200316559    1.01
   28 h        -3.680087672034     4.664841861364    -2.166200316559    1.01
   29 h        -6.535976540224     5.315340311472    -3.824308179480    1.01
   30 h         5.829540611275    -2.190504546839    -2.767005975968    1.01
   31 h        -5.829540611275     2.190504546839    -2.767005975968    1.01
   32 h         6.555109988600     1.807315463950    -8.867198882175    1.01
   33 h         8.531724715646    -0.842273447153    -8.284597623323    1.01
   34 h         7.021946220890     0.737084190380    -5.721577550920    1.01
   35 h        -6.555109988600    -1.807315463950    -8.867198882175    1.01
   36 h        -8.531724715646     0.842273447153    -8.284597623323    1.01
   37 h        -7.021946220890    -0.737084190380    -5.721577550920    1.01
   38 c        -0.316031080078     6.953933487044    -5.812355000217   12.01
   39 h        -1.244915413304     8.753272641903    -6.334147621526    1.01
   40 h         1.679029634412     7.093246647794    -6.384860497797    1.01
   41 h        -0.348054900999     6.787497014349    -3.741773054074    1.01
   42 h         1.244915413304    -8.753272641903    -6.334147621526    1.01
   43 h        -1.679029634412    -7.093246647794    -6.384860497797    1.01
   44 h         1.777753949603    -0.582145371002   -13.798979377064    1.01
   45 h        -1.777753949603     0.582145371002   -13.798979377064    1.01
   46 h         0.086017515245     6.946116586267   -11.899273310234    1.01
   47 h        -0.086017515245    -6.946116586267   -11.899273310234    1.01
   48 h         0.348054900999    -6.787497014349    -3.741773054074    1.01
   49 y         0.000000000000     0.000000000000     6.487145680994   88.91
   50 c         1.624742959872     4.524262081805     7.918231194094   12.01
   51 c        -1.624742959872    -4.524262081805     7.918231194094   12.01
   52 c         4.752916445676     1.616375375162     7.048049778476   12.01
   53 c        -4.752916445676    -1.616375375162     7.048049778476   12.01
   54 c         3.399281348492     3.717980574996     6.052715895231   12.01
   55 c        -3.399281348492    -3.717980574996     6.052715895231   12.01
   56 c         3.840664602201     1.131994875944     9.543022098239   12.01
   57 c        -3.840664602201    -1.131994875944     9.543022098239   12.01
   58 c         1.922344819687     2.955791947172    10.095336115045   12.01
   59 c        -1.922344819687    -2.955791947172    10.095336115045   12.01
   60 c         6.953933487044     0.316031080078     5.812355000217   12.01
   61 c        -6.953933487044    -0.316031080078     5.812355000217   12.01
   62 c        -0.105269255186     6.767028145790     7.686495796279   12.01
   63 c         0.105269255186    -6.767028145790     7.686495796279   12.01
   64 c         5.023230132479    -0.703654655014    11.363349377629   12.01
   65 c        -5.023230132479     0.703654655014    11.363349377629   12.01
   66 c         0.791783612917     3.491854531286    12.643573976102   12.01
   67 c        -0.791783612917    -3.491854531286    12.643573976102   12.01
   68 c         3.914985021133     5.003262922741     3.580360183967   12.01
   69 c        -3.914985021133    -5.003262922741     3.580360183967   12.01
   70 h         5.315340311472     6.535976540224     3.824308179480    1.01
   71 h        -5.315340311472    -6.535976540224     3.824308179480    1.01
   72 h         4.664841861364     3.680087672034     2.166200316559    1.01
   73 h        -4.664841861364    -3.680087672034     2.166200316559    1.01
   74 h         2.190504546839     5.829540611275     2.767005975968    1.01
   75 h        -2.190504546839    -5.829540611275     2.767005975968    1.01
   76 h        -1.807315463950     6.555109988600     8.867198882175    1.01
   77 h         1.807315463950    -6.555109988600     8.867198882175    1.01
   78 h         7.093246647794    -1.679029634412     6.384860497797    1.01
   79 h        -7.093246647794     1.679029634412     6.384860497797    1.01
   80 h         0.842273447153     8.531724715646     8.284597623323    1.01
   81 h        -0.842273447153    -8.531724715646     8.284597623323    1.01
   82 h         8.753272641903     1.244915413304     6.334147621526    1.01
   83 h        -8.753272641903    -1.244915413304     6.334147621526    1.01
   84 h        -0.737084190380     7.021946220890     5.721577550920    1.01
   85 h         0.737084190380    -7.021946220890     5.721577550920    1.01
   86 h         6.787497014349     0.348054900999     3.741773054074    1.01
   87 h        -6.787497014349    -0.348054900999     3.741773054074    1.01
   88 h         5.214365195431    -2.615942831779    10.555843853111    1.01
   89 h        -2.615942831779    -5.214365195431   -10.555843853111    1.01
   90 h         2.615942831779     5.214365195431   -10.555843853111    1.01
   91 h         0.582145371002     1.777753949603    13.798979377064    1.01
   92 h        -0.582145371002    -1.777753949603    13.798979377064    1.01
   93 h         3.918231221508    -0.870578676512    13.112414846792    1.01
   94 h        -0.870578676512    -3.918231221508   -13.112414846792    1.01
   95 h        -3.918231221508     0.870578676512    13.112414846792    1.01
   96 h         0.870578676512     3.918231221508   -13.112414846792    1.01
   97 h        -5.214365195431     2.615942831779    10.555843853111    1.01
   98 h         1.079625115457    -4.381861890463    12.492157163880    1.01
   99 h        -4.381861890463    -1.079625115457   -12.492157163880    1.01
  100 h        -1.079625115457     4.381861890463    12.492157163880    1.01
  101 h         4.381861890463     1.079625115457   -12.492157163880    1.01
  102 h        -6.946116586267     0.086017515245    11.899273310234    1.01
  103 h         6.946116586267    -0.086017515245    11.899273310234    1.01
  104 h        -2.007226103654    -4.808468629507    13.720791728630    1.01
  105 h        -4.808468629507     2.007226103654   -13.720791728630    1.01
  106 h         2.007226103654     4.808468629507    13.720791728630    1.01
  107 h         4.808468629507    -2.007226103654   -13.720791728630    1.01

   ATOM                    CARTESIAN GRADIENTS   
    1 mo        0.000000000000     0.000000000000     0.000000000000
    2 y         0.000000000000     0.000000000000     0.000002095999
    3 s         0.000001297714     0.000001254104    -0.000000061554
    4 s        -0.000001297714    -0.000001254104    -0.000000061554
    5 s         0.000001254104    -0.000001297714     0.000000061554
    6 s        -0.000001254104     0.000001297714     0.000000061554
    7 c        -0.000001026400     0.000000720970    -0.000002050062
    8 c        -0.000003664976     0.000000822992     0.000003138122
    9 c        -0.000003221567     0.000001615853    -0.000001713712
   10 c         0.000002149334    -0.000001815540    -0.000002345256
   11 c         0.000002682510    -0.000004284769    -0.000001077265
   12 c         0.000003221567    -0.000001615853    -0.000001713712
   13 c         0.000003664976    -0.000000822992     0.000003138122
   14 c         0.000001026400    -0.000000720970    -0.000002050062
   15 c        -0.000002682510     0.000004284769    -0.000001077265
   16 c        -0.000002149334     0.000001815540    -0.000002345256
   17 c        -0.000000595461     0.000000356281     0.000001329219
   18 c        -0.000002651032     0.000001008429     0.000000883193
   19 c         0.000000031877    -0.000001009951     0.000000113027
   20 c        -0.000000352803    -0.000000403917    -0.000000405452
   21 c         0.000000547636    -0.000001357121     0.000000333672
   22 c         0.000002651032    -0.000001008429     0.000000883193
   23 c        -0.000000031877     0.000001009951     0.000000113027
   24 c        -0.000000547636     0.000001357121     0.000000333672
   25 c         0.000000352803     0.000000403917    -0.000000405452
   26 h        -0.000000540170    -0.000000966825    -0.000000041788
   27 h        -0.000000818005    -0.000000814636     0.000000440851
   28 h         0.000000818005     0.000000814636     0.000000440851
   29 h         0.000000540170     0.000000966825    -0.000000041788
   30 h        -0.000000399573    -0.000000343739    -0.000000337085
   31 h         0.000000399573     0.000000343739    -0.000000337085
   32 h         0.000000577574    -0.000001853961    -0.000001171953
   33 h         0.000000003237    -0.000001862911     0.000000995224
   34 h        -0.000000416932     0.000000162070    -0.000000279833
   35 h        -0.000000577574     0.000001853961    -0.000001171953
   36 h        -0.000000003237     0.000001862911     0.000000995224
   37 h         0.000000416932    -0.000000162070    -0.000000279833
   38 c         0.000000595461    -0.000000356281     0.000001329219
   39 h         0.000001978252     0.000000307311    -0.000000882636
   40 h         0.000001508800    -0.000000240794     0.000000771443
   41 h         0.000000675184     0.000000171457     0.000000113171
   42 h        -0.000001978252    -0.000000307311    -0.000000882636
   43 h        -0.000001508800     0.000000240794     0.000000771443
   44 h         0.000000150820    -0.000001483384    -0.000000156209
   45 h        -0.000000150820     0.000001483384    -0.000000156209
   46 h         0.000000553213    -0.000000141166    -0.000000173046
   47 h        -0.000000553213     0.000000141166    -0.000000173046
   48 h        -0.000000675184    -0.000000171457     0.000000113171
   49 y         0.000000000000     0.000000000000    -0.000002095999
   50 c        -0.000000720970    -0.000001026400     0.000002050062
   51 c         0.000000720970     0.000001026400     0.000002050062
   52 c        -0.000001615853    -0.000003221567     0.000001713712
   53 c         0.000001615853     0.000003221567     0.000001713712
   54 c        -0.000000822992    -0.000003664976    -0.000003138122
   55 c         0.000000822992     0.000003664976    -0.000003138122
   56 c         0.000001815540     0.000002149334     0.000002345256
   57 c        -0.000001815540    -0.000002149334     0.000002345256
   58 c         0.000004284769     0.000002682510     0.000001077265
   59 c        -0.000004284769    -0.000002682510     0.000001077265
   60 c        -0.000000356281    -0.000000595461    -0.000001329219
   61 c         0.000000356281     0.000000595461    -0.000001329219
   62 c         0.000001357121     0.000000547636    -0.000000333672
   63 c        -0.000001357121    -0.000000547636    -0.000000333672
   64 c        -0.000001008429    -0.000002651032    -0.000000883193
   65 c         0.000001008429     0.000002651032    -0.000000883193
   66 c         0.000000403917    -0.000000352803     0.000000405452
   67 c        -0.000000403917     0.000000352803     0.000000405452
   68 c         0.000001009951     0.000000031877    -0.000000113027
   69 c        -0.000001009951    -0.000000031877    -0.000000113027
   70 h         0.000000966825    -0.000000540170     0.000000041788
   71 h        -0.000000966825     0.000000540170     0.000000041788
   72 h         0.000000814636    -0.000000818005    -0.000000440851
   73 h        -0.000000814636     0.000000818005    -0.000000440851
   74 h         0.000000343739    -0.000000399573     0.000000337085
   75 h        -0.000000343739     0.000000399573     0.000000337085
   76 h         0.000001853961     0.000000577574     0.000001171953
   77 h        -0.000001853961    -0.000000577574     0.000001171953
   78 h        -0.000000240794    -0.000001508800    -0.000000771443
   79 h         0.000000240794     0.000001508800    -0.000000771443
   80 h         0.000001862911     0.000000003237    -0.000000995224
   81 h        -0.000001862911    -0.000000003237    -0.000000995224
   82 h         0.000000307311    -0.000001978252     0.000000882636
   83 h        -0.000000307311     0.000001978252     0.000000882636
   84 h        -0.000000162070    -0.000000416932     0.000000279833
   85 h         0.000000162070     0.000000416932     0.000000279833
   86 h         0.000000171457    -0.000000675184    -0.000000113171
   87 h        -0.000000171457     0.000000675184    -0.000000113171
   88 h         0.000000104273    -0.000000427125    -0.000000159309
   89 h        -0.000000427125    -0.000000104273     0.000000159309
   90 h         0.000000427125     0.000000104273     0.000000159309
   91 h         0.000001483384     0.000000150820     0.000000156209
   92 h        -0.000001483384    -0.000000150820     0.000000156209
   93 h        -0.000000075549    -0.000000870535    -0.000000187384
   94 h        -0.000000870535     0.000000075549     0.000000187384
   95 h         0.000000075549     0.000000870535    -0.000000187384
   96 h         0.000000870535    -0.000000075549     0.000000187384
   97 h        -0.000000104273     0.000000427125    -0.000000159309
   98 h        -0.000000413683     0.000000787016     0.000000219615
   99 h         0.000000787016     0.000000413683    -0.000000219615
  100 h         0.000000413683    -0.000000787016     0.000000219615
  101 h        -0.000000787016    -0.000000413683    -0.000000219615
  102 h         0.000000141166     0.000000553213     0.000000173046
  103 h        -0.000000141166    -0.000000553213     0.000000173046
  104 h        -0.000000472759    -0.000000289457    -0.000000666669
  105 h        -0.000000289457     0.000000472759     0.000000666669
  106 h         0.000000472759     0.000000289457    -0.000000666669
  107 h         0.000000289457    -0.000000472759     0.000000666669
 

   ***  vibrational spectroscopic data read from $vibrational spectrum
        file=<vibspectrum>  ***

    VIBRATIONAL SPECTRUM :

   mode     symmetry     wave number     intensity     selection rules
                          cm**(-1)         km/mol   
     1        b             -17.38       0.0000000       YES     YES
     2        b             -17.38       0.0000000       YES     YES
     3                        0.00       0.0000000        -       - 
     4                        0.00       0.0000000        -       - 
     5                        0.00       0.0000000        -       - 
     6                        0.00       0.0000000        -       - 
     7                        0.00       0.0000000        -       - 
     8                        0.00       0.0000000        -       - 
     9        a              15.00       0.0061400       YES     YES
    10        b              29.68       0.4350400       YES     YES
    11        b              29.68       0.4350500       YES     YES
    12        a              30.46       0.0000000       YES     YES
    13        a              35.23       0.0236400       YES     YES
    14        a              54.75       0.0000000       YES     YES
    15        b              66.30       0.0089300       YES     YES
    16        b              66.30       0.0089300       YES     YES
    17        b              86.86       0.4515200       YES     YES
    18        b              86.86       0.4515100       YES     YES
    19        a              88.75       0.0000000       YES     YES
    20        a              93.86       4.4924600       YES     YES
    21        b              96.16       0.1328100       YES     YES
    22        b              96.16       0.1327900       YES     YES
    23        a              99.73       0.0000000       YES     YES
    24        a             101.06       0.0008900       YES     YES
    25        b             102.28       0.1936400       YES     YES
    26        b             102.28       0.1936600       YES     YES
    27        a             104.28       0.0000000       YES     YES
    28        a             114.49       3.0231200       YES     YES
    29        b             114.97       0.0792100       YES     YES
    30        b             114.97       0.0792200       YES     YES
    31        a             122.96       0.1702300       YES     YES
    32        a             124.43       0.0000300       YES     YES
    33        a             124.56       3.5190900       YES     YES
    34        b             124.64       0.5194600       YES     YES
    35        b             124.65       0.5194000       YES     YES
    36        a             125.61       0.0000000       YES     YES
    37        b             132.38       0.0593100       YES     YES
    38        b             132.38       0.0593400       YES     YES
    39        a             132.87       0.0000000       YES     YES
    40        a             134.19       0.5291700       YES     YES
    41        a             134.26       0.0000000       YES     YES
    42        b             137.00       0.1691200       YES     YES
    43        b             137.00       0.1691500       YES     YES
    44        a             137.54       6.2134000       YES     YES
    45        a             148.00       4.4740000       YES     YES
    46        b             152.03       0.0572000       YES     YES
    47        b             152.03       0.0572000       YES     YES
    48        a             154.74       0.0000000       YES     YES
    49        a             155.40       6.6814400       YES     YES
    50        b             160.09       0.0388500       YES     YES
    51        b             160.09       0.0388500       YES     YES
    52        a             163.48       0.0000000       YES     YES
    53        a             169.63       1.7459500       YES     YES
    54        b             185.14       0.0414900       YES     YES
    55        b             185.14       0.0415300       YES     YES
    56        a             187.32       0.1705300       YES     YES
    57        a             187.93       0.0000000       YES     YES
    58        b             188.81       0.3151300       YES     YES
    59        b             188.81       0.3150800       YES     YES
    60        a             194.31       0.0000000       YES     YES
    61        a             194.87       0.4972300       YES     YES
    62        a             204.51       0.0000000       YES     YES
    63        a             208.01       6.1133400       YES     YES
    64        b             211.45       0.0147300       YES     YES
    65        b             211.45       0.0147300       YES     YES
    66        b             234.37       0.5498400       YES     YES
    67        b             234.37       0.5498400       YES     YES
    68        a             251.09     229.2575300       YES     YES
    69        a             260.37       0.0000000       YES     YES
    70        a             260.82      16.8382300       YES     YES
    71        b             262.78       0.5350100       YES     YES
    72        b             262.78       0.5350100       YES     YES
    73        a             266.61       0.0000000       YES     YES
    74        b             269.60       0.5096100       YES     YES
    75        b             269.60       0.5096000       YES     YES
    76        a             274.89       2.3395000       YES     YES
    77        a             275.04       0.0000000       YES     YES
    78        b             275.98       0.0324100       YES     YES
    79        b             275.98       0.0324100       YES     YES
    80        a             277.71       7.5045700       YES     YES
    81        a             277.73       0.0001800       YES     YES
    82        b             280.03       0.2379700       YES     YES
    83        b             280.03       0.2379700       YES     YES
    84        a             281.98       7.3784200       YES     YES
    85        a             285.15       0.0000000       YES     YES
    86        a             294.06     134.9440200       YES     YES
    87        a             300.98       0.0000000       YES     YES
    88        b             328.92      98.7432000       YES     YES
    89        b             328.92      98.7431300       YES     YES
    90        b             372.02       0.4781500       YES     YES
    91        b             372.02       0.4781600       YES     YES
    92        b             379.20       0.7810800       YES     YES
    93        b             379.20       0.7810800       YES     YES
    94        a             380.96       0.5370700       YES     YES
    95        a             381.46       0.0000000       YES     YES
    96        a             385.41       8.1087900       YES     YES
    97        a             385.85       0.0000000       YES     YES
    98        a             421.81       0.0000000       YES     YES
    99        a             446.35     331.6129400       YES     YES
   100        b             453.51      37.6788800       YES     YES
   101        b             453.51      37.6789600       YES     YES
   102        b             547.33       0.0520500       YES     YES
   103        b             547.33       0.0520500       YES     YES
   104        a             547.65       0.0000000       YES     YES
   105        a             547.72       0.0543100       YES     YES
   106        a             548.63       0.1044800       YES     YES
   107        a             548.65       0.0000000       YES     YES
   108        b             549.07       0.0688300       YES     YES
   109        b             549.07       0.0688200       YES     YES
   110        b             550.27       0.0897500       YES     YES
   111        b             550.27       0.0897600       YES     YES
   112        a             550.78       0.0000000       YES     YES
   113        a             550.98       0.1325700       YES     YES
   114        b             601.67       3.6978300       YES     YES
   115        b             601.67       3.6978000       YES     YES
   116        a             603.23       3.2597000       YES     YES
   117        a             603.42       0.0000000       YES     YES
   118        b             624.77       0.5138800       YES     YES
   119        b             624.77       0.5138800       YES     YES
   120        a             625.26       0.0000000       YES     YES
   121        a             625.28       0.2380100       YES     YES
   122        b             636.66       0.0664300       YES     YES
   123        b             636.66       0.0664300       YES     YES
   124        a             639.12       1.3200800       YES     YES
   125        a             639.15       0.0000000       YES     YES
   126        b             814.85       0.9517400       YES     YES
   127        b             814.85       0.9517400       YES     YES
   128        a             816.11       0.7508200       YES     YES
   129        a             816.14       0.0000000       YES     YES
   130        b             817.36       1.1745500       YES     YES
   131        b             817.36       1.1745400       YES     YES
   132        a             818.32       0.0090500       YES     YES
   133        a             818.32       0.0000000       YES     YES
   134        b             952.49       1.0770000       YES     YES
   135        b             952.49       1.0770100       YES     YES
   136        a             952.55       2.5450600       YES     YES
   137        a             952.57       0.0000200       YES     YES
   138        a             959.79       0.0000000       YES     YES
   139        b             960.20       0.6747800       YES     YES
   140        b             960.20       0.6747800       YES     YES
   141        a             960.46       1.0031200       YES     YES
   142        b            1027.36       6.7550900       YES     YES
   143        b            1027.36       6.7549500       YES     YES
   144        a            1029.48      22.4158300       YES     YES
   145        a            1029.65       0.0000100       YES     YES
   146        a            1031.33       1.9988200       YES     YES
   147        a            1031.35       0.0000000       YES     YES
   148        b            1031.48      19.4848400       YES     YES
   149        b            1031.48      19.4849900       YES     YES
   150        b            1035.75       6.4398500       YES     YES
   151        b            1035.75       6.4399100       YES     YES
   152        a            1036.42      26.5328600       YES     YES
   153        a            1036.87       0.0000000       YES     YES
   154        b            1043.82       1.0101900       YES     YES
   155        b            1043.82       1.0104500       YES     YES
   156        a            1044.13       6.7729300       YES     YES
   157        a            1044.13       0.5590800       YES     YES
   158        b            1046.27       0.2849300       YES     YES
   159        b            1046.27       0.2850000       YES     YES
   160        a            1046.86       0.0000000       YES     YES
   161        a            1046.94       0.0001200       YES     YES
   162        b            1075.43       2.9044000       YES     YES
   163        b            1075.43       2.9043700       YES     YES
   164        a            1075.61       1.5488100       YES     YES
   165        a            1075.83       0.0000000       YES     YES
   166        b            1079.61       0.9716700       YES     YES
   167        b            1079.61       0.9716900       YES     YES
   168        a            1080.54       0.0000000       YES     YES
   169        a            1080.59       5.6146000       YES     YES
   170        b            1113.81       0.2401700       YES     YES
   171        b            1113.81       0.2401700       YES     YES
   172        a            1114.36       1.4512300       YES     YES
   173        a            1114.64       0.0000000       YES     YES
   174        a            1184.86       0.0000000       YES     YES
   175        a            1184.87       0.0428600       YES     YES
   176        b            1185.17       0.0889800       YES     YES
   177        b            1185.17       0.0889800       YES     YES
   178        a            1188.30       1.7334900       YES     YES
   179        a            1188.41       0.0000000       YES     YES
   180        b            1189.01       0.1474500       YES     YES
   181        b            1189.01       0.1474500       YES     YES
   182        b            1386.16       0.2583900       YES     YES
   183        b            1386.16       0.2583900       YES     YES
   184        a            1392.45       3.8111800       YES     YES
   185        a            1392.47       0.0000000       YES     YES
   186        b            1395.36       0.2619000       YES     YES
   187        b            1395.36       0.2618600       YES     YES
   188        a            1395.41       0.0000000       YES     YES
   189        a            1396.05       0.0974600       YES     YES
   190        b            1397.36       1.5639400       YES     YES
   191        b            1397.36       1.5640200       YES     YES
   192        a            1398.44       0.0000000       YES     YES
   193        a            1398.44       2.7129200       YES     YES
   194        b            1400.55       1.0633500       YES     YES
   195        b            1400.55       1.0634100       YES     YES
   196        a            1401.85      13.8393400       YES     YES
   197        a            1402.50       0.0000000       YES     YES
   198        b            1403.98       0.7342600       YES     YES
   199        b            1403.98       0.7342800       YES     YES
   200        a            1407.44       0.3056000       YES     YES
   201        a            1407.75       0.0000000       YES     YES
   202        a            1433.09       0.0000000       YES     YES
   203        a            1433.16       0.0033300       YES     YES
   204        b            1433.93       0.3623100       YES     YES
   205        b            1433.93       0.3623200       YES     YES
   206        b            1440.26       1.1021100       YES     YES
   207        b            1440.26       1.1021100       YES     YES
   208        a            1445.19       2.1567100       YES     YES
   209        a            1445.37       0.0000000       YES     YES
   210        b            1456.54      18.1879400       YES     YES
   211        b            1456.54      18.1876700       YES     YES
   212        a            1457.18       1.0323300       YES     YES
   213        a            1457.32       0.0000000       YES     YES
   214        a            1457.71       6.7613400       YES     YES
   215        a            1457.75       0.0000400       YES     YES
   216        b            1460.17       2.8781100       YES     YES
   217        b            1460.17       2.8783000       YES     YES
   218        a            1461.52       3.7965800       YES     YES
   219        a            1461.82       0.0000000       YES     YES
   220        b            1463.32      19.6356400       YES     YES
   221        b            1463.32      19.6357800       YES     YES
   222        b            1465.05       0.1660600       YES     YES
   223        b            1465.05       0.1662800       YES     YES
   224        a            1465.08       0.0001300       YES     YES
   225        a            1465.09      23.1315300       YES     YES
   226        b            1465.33       1.5791100       YES     YES
   227        b            1465.33       1.5790500       YES     YES
   228        a            1466.95       0.0000000       YES     YES
   229        a            1467.04       2.6071600       YES     YES
   230        b            1471.27       1.3923200       YES     YES
   231        b            1471.27       1.3923100       YES     YES
   232        a            1472.15       8.1249800       YES     YES
   233        a            1472.59       0.0000000       YES     YES
   234        b            1473.65       3.6725500       YES     YES
   235        b            1473.65       3.6725300       YES     YES
   236        a            1475.28       0.0000900       YES     YES
   237        a            1475.29       0.4721500       YES     YES
   238        a            1480.72      22.0207500       YES     YES
   239        a            1481.20       0.0000000       YES     YES
   240        b            1483.62       2.9493700       YES     YES
   241        b            1483.62       2.9496300       YES     YES
   242        b            1487.22      38.1600400       YES     YES
   243        b            1487.22      38.1602500       YES     YES
   244        a            1487.32      26.9765700       YES     YES
   245        a            1487.89       0.0000000       YES     YES
   246        a            1495.07       0.0000000       YES     YES
   247        a            1495.24       3.5656600       YES     YES
   248        b            1497.29       2.1981300       YES     YES
   249        b            1497.29       2.1981800       YES     YES
   250        b            1501.79       0.4759600       YES     YES
   251        b            1501.79       0.4759800       YES     YES
   252        a            1508.03       0.0000000       YES     YES
   253        a            1508.07       1.7222100       YES     YES
   254        b            1529.72       0.9850700       YES     YES
   255        b            1529.72       0.9850500       YES     YES
   256        a            1530.65       0.0986800       YES     YES
   257        a            1530.79       0.0000000       YES     YES
   258        a            1539.79       0.5381700       YES     YES
   259        a            1539.82       0.0000000       YES     YES
   260        b            1539.83       0.7091500       YES     YES
   261        b            1539.83       0.7091500       YES     YES
   262        a            2995.31       0.0000000       YES     YES
   263        b            2995.36     114.2508800       YES     YES
   264        b            2995.36     114.2564700       YES     YES
   265        a            2995.36       0.1891500       YES     YES
   266        a            2996.29       9.0861000       YES     YES
   267        b            2996.31      65.5621900       YES     YES
   268        b            2996.31      65.5637200       YES     YES
   269        a            2996.37       0.0000100       YES     YES
   270        b            2997.71      88.6495300       YES     YES
   271        b            2997.71      88.6478900       YES     YES
   272        a            2997.74      73.5795400       YES     YES
   273        a            2997.95       0.0000000       YES     YES
   274        b            2998.88     167.1875900       YES     YES
   275        b            2998.88     167.1960300       YES     YES
   276        a            2999.43     126.6640600       YES     YES
   277        a            2999.59       0.0000000       YES     YES
   278        b            3001.37     119.6580900       YES     YES
   279        b            3001.37     119.6578000       YES     YES
   280        a            3001.73     408.4506800       YES     YES
   281        a            3002.55       0.0000000       YES     YES
   282        a            3060.76       9.6081300       YES     YES
   283        a            3060.77       0.0001000       YES     YES
   284        b            3061.00      48.5376000       YES     YES
   285        b            3061.00      48.5376600       YES     YES
   286        a            3071.95       0.3441700       YES     YES
   287        a            3071.97       0.0000000       YES     YES
   288        b            3072.00      35.6487500       YES     YES
   289        b            3072.00      35.6489000       YES     YES
   290        b            3082.43       5.9507400       YES     YES
   291        b            3082.43       5.9496100       YES     YES
   292        a            3082.48      26.3288200       YES     YES
   293        a            3082.53       0.0000200       YES     YES
   294        a            3083.08       0.3820500       YES     YES
   295        a            3083.08       0.0030900       YES     YES
   296        b            3083.11      58.3257600       YES     YES
   297        b            3083.11      58.3264000       YES     YES
   298        b            3093.51      16.5328800       YES     YES
   299        b            3093.51      16.5328000       YES     YES
   300        a            3093.65      31.1994100       YES     YES
   301        a            3093.75       0.0000100       YES     YES
   302        a            3114.84      39.2652000       YES     YES
   303        b            3114.84       2.9801100       YES     YES
   304        b            3114.84       2.9800900       YES     YES
   305        a            3114.88       0.0000100       YES     YES
   306        b            3127.34      22.1132200       YES     YES
   307        b            3127.34      22.1120500       YES     YES
   308        a            3128.71      57.6368800       YES     YES
   309        a            3128.73       0.0000100       YES     YES
   310        b            3128.90      15.3263400       YES     YES
   311        b            3128.90      15.3275200       YES     YES
   312        a            3128.99      22.7924000       YES     YES
   313        a            3128.99       0.0106900       YES     YES
   314        a            3130.38      29.8322100       YES     YES
   315        a            3130.39       0.0001200       YES     YES
   316        b            3131.03       3.5309600       YES     YES
   317        b            3131.03       3.5311600       YES     YES
   318        a            3136.32       0.0000000       YES     YES
   319        a            3136.35       0.3570000       YES     YES
   320        b            3136.38      11.2315100       YES     YES
   321        b            3136.38      11.2315200       YES     YES

 ALONG WHICH MODE COORDINATES SHOULD BE SHIFTED?        
 W A R N I N G  :
 THE SELECTED NORMAL MODE   1 b    IS  N O T  TOTALLY SYMMETRIC UNDER 
 ALL TRANSFORMATIONS OF THE INPUT SYMMETRY GROUP c2   !
 SHIFTING COORDINATES ALONG THIS MODE WILL DESTROY SYMMETRY

 INPUT STEP LENGTH FOR SHIFTING in KELVIN (default= 298.15) : 
 SELECTED NORMAL MODE :   1  b         -17.38 cm**(-1)

    1mo  x        -0.01617064      0.01946132
         y         0.02020097     -0.02431180
         z         0.00000000      0.00000000
    2y   x         0.00614366     -0.00739387
         y         0.01085974     -0.01306966
         z         0.00000000      0.00000000
    3s   x        -0.02310118      0.02780220
         y         0.03569448     -0.04295819
         z         0.00531028     -0.00639091
    4s   x        -0.02310118      0.02780220
         y         0.03569448     -0.04295819
         z        -0.00531028      0.00639091
    5s   x        -0.01345031      0.01618740
         y         0.00520744     -0.00626714
         z        -0.01705015      0.02051980
    6s   x        -0.01345031      0.01618740
         y         0.00520744     -0.00626714
         z         0.01705015     -0.02051980
    7c   x         0.00430222     -0.00517771
         y         0.02914538     -0.03507638
         z        -0.02216884      0.02668013
    8c   x         0.04723153     -0.05684300
         y         0.05508307     -0.06629231
         z         0.02159921     -0.02599458
    9c   x         0.04828948     -0.05811624
         y         0.01507428     -0.01814185
         z         0.07474681     -0.08995755
   10c   x         0.00572628     -0.00689156
         y        -0.03564453      0.04289808
         z         0.06422229     -0.07729132
   11c   x        -0.01893657      0.02279010
         y        -0.03013769      0.03627061
         z         0.00272038     -0.00327397
   12c   x         0.04828948     -0.05811624
         y         0.01507428     -0.01814185
         z        -0.07474681      0.08995755
   13c   x         0.04723153     -0.05684300
         y         0.05508307     -0.06629231
         z        -0.02159921      0.02599458
   14c   x         0.00430222     -0.00517771
         y         0.02914538     -0.03507638
         z         0.02216884     -0.02668013
   15c   x        -0.01893657      0.02279010
         y        -0.03013769      0.03627061
         z        -0.00272038      0.00327397
   16c   x         0.00572628     -0.00689156
         y        -0.03564453      0.04289808
         z        -0.06422229      0.07729132
   17c   x         0.08746460     -0.10526337
         y         0.02440997     -0.02937732
         z         0.13273255     -0.15974321
   18c   x        -0.01461188      0.01758535
         y        -0.07886396      0.09491253
         z         0.11246105     -0.13534652
   19c   x         0.09429720     -0.11348639
         y         0.10834722     -0.13039554
         z         0.00821283     -0.00988412
   20c   x        -0.06112423      0.07356282
         y        -0.08314581      0.10006572
         z        -0.02944092      0.03543205
   21c   x        -0.01355212      0.01630994
         y         0.05979624     -0.07196458
         z        -0.07794627      0.09380809
   22c   x        -0.01461188      0.01758535
         y        -0.07886396      0.09491253
         z        -0.11246105      0.13534652
   23c   x         0.09429720     -0.11348639
         y         0.10834722     -0.13039554
         z        -0.00821283      0.00988412
   24c   x        -0.01355212      0.01630994
         y         0.05979624     -0.07196458
         z         0.07794627     -0.09380809
   25c   x        -0.06112423      0.07356282
         y        -0.08314581      0.10006572
         z         0.02944092     -0.03543205
   26h   x         0.12159711     -0.14634174
         y         0.13989107     -0.16835846
         z        -0.00214838      0.00258556
   27h   x         0.13273047     -0.15974070
         y         0.09279916     -0.11168350
         z         0.03559891     -0.04284318
   28h   x         0.13273047     -0.15974070
         y         0.09279916     -0.11168350
         z        -0.03559891      0.04284318
   29h   x         0.12159711     -0.14634174
         y         0.13989107     -0.16835846
         z         0.00214838     -0.00258556
   30h   x         0.06900836     -0.08305135
         y         0.13445363     -0.16181452
         z        -0.02104171      0.02532363
   31h   x         0.06900836     -0.08305135
         y         0.13445363     -0.16181452
         z         0.02104171     -0.02532363
   32h   x        -0.03570101      0.04296605
         y         0.02446473     -0.02944322
         z        -0.12492424      0.15034593
   33h   x        -0.00450397      0.00542051
         y         0.06294618     -0.07575553
         z        -0.05622636      0.06766825
   34h   x        -0.01349304      0.01623883
         y         0.11658715     -0.14031227
         z        -0.09589076      0.11540422
   35h   x        -0.03570101      0.04296605
         y         0.02446473     -0.02944322
         z         0.12492424     -0.15034593
   36h   x        -0.00450397      0.00542051
         y         0.06294618     -0.07575553
         z         0.05622636     -0.06766825
   37h   x        -0.01349304      0.01623883
         y         0.11658715     -0.14031227
         z         0.09589076     -0.11540422
   38c   x         0.08746460     -0.10526337
         y         0.02440997     -0.02937732
         z        -0.13273255      0.15974321
   39h   x         0.10355406     -0.12462699
         y         0.02531933     -0.03047173
         z        -0.15836113      0.19058713
   40h   x         0.08308867     -0.09999696
         y        -0.00981264      0.01180948
         z        -0.15701445      0.18896640
   41h   x         0.10722637     -0.12904659
         y         0.06574992     -0.07912982
         z        -0.12910655      0.15537933
   42h   x         0.10355406     -0.12462699
         y         0.02531933     -0.03047173
         z         0.15836113     -0.19058713
   43h   x         0.08308867     -0.09999696
         y        -0.00981264      0.01180948
         z         0.15701445     -0.18896640
   44h   x        -0.08006210      0.09635448
         y        -0.10999184      0.13237483
         z        -0.00621692      0.00748204
   45h   x        -0.08006210      0.09635448
         y        -0.10999184      0.13237483
         z         0.00621692     -0.00748204
   46h   x        -0.00631308      0.00759778
         y        -0.08009809      0.09639780
         z        -0.12639120      0.15211141
   47h   x        -0.00631308      0.00759778
         y        -0.08009809      0.09639780
         z         0.12639120     -0.15211141
   48h   x         0.10722637     -0.12904659
         y         0.06574992     -0.07912982
         z         0.12910655     -0.15537933
   49y   x        -0.00634747      0.00763916
         y        -0.01424769      0.01714705
         z         0.00000000      0.00000000
   50c   x        -0.00313014      0.00376712
         y        -0.02032965      0.02446667
         z         0.01682081     -0.02024379
   51c   x        -0.00313014      0.00376712
         y        -0.02032965      0.02446667
         z        -0.01682081      0.02024379
   52c   x        -0.00516811      0.00621980
         y        -0.01807718      0.02175583
         z         0.00190641     -0.00229436
   53c   x        -0.00516811      0.00621980
         y        -0.01807718      0.02175583
         z        -0.00190641      0.00229436
   54c   x        -0.00514620      0.00619344
         y        -0.01336885      0.01608937
         z         0.01188330     -0.01430151
   55c   x        -0.00514620      0.00619344
         y        -0.01336885      0.01608937
         z        -0.01188330      0.01430151
   56c   x        -0.00297072      0.00357525
         y        -0.02790727      0.03358632
         z         0.00079733     -0.00095958
   57c   x        -0.00297072      0.00357525
         y        -0.02790727      0.03358632
         z        -0.00079733      0.00095958
   58c   x        -0.00176580      0.00212513
         y        -0.02947437      0.03547231
         z         0.01004159     -0.01208502
   59c   x        -0.00176580      0.00212513
         y        -0.02947437      0.03547231
         z        -0.01004159      0.01208502
   60c   x        -0.00712076      0.00856981
         y        -0.01441413      0.01734736
         z        -0.00549772      0.00661648
   61c   x        -0.00712076      0.00856981
         y        -0.01441413      0.01734736
         z         0.00549772     -0.00661648
   62c   x        -0.00212611      0.00255877
         y        -0.01841990      0.02216829
         z         0.02800930     -0.03370910
   63c   x        -0.00212611      0.00255877
         y        -0.01841990      0.02216829
         z        -0.02800930      0.03370910
   64c   x        -0.00155407      0.00187032
         y        -0.03544126      0.04265345
         z        -0.00769934      0.00926613
   65c   x        -0.00155407      0.00187032
         y        -0.03544126      0.04265345
         z         0.00769934     -0.00926613
   66c   x         0.00049550     -0.00059633
         y        -0.03996201      0.04809416
         z         0.01325019     -0.01594656
   67c   x         0.00049550     -0.00059633
         y        -0.03996201      0.04809416
         z        -0.01325019      0.01594656
   68c   x        -0.00716286      0.00862048
         y        -0.00313944      0.00377830
         z         0.01679326     -0.02021064
   69c   x        -0.00716286      0.00862048
         y        -0.00313944      0.00377830
         z        -0.01679326      0.02021064
   70h   x        -0.00898070      0.01080825
         y        -0.00238700      0.00287275
         z         0.02250240     -0.02708156
   71h   x        -0.00898070      0.01080825
         y        -0.00238700      0.00287275
         z        -0.02250240      0.02708156
   72h   x        -0.00576225      0.00693485
         y         0.00335871     -0.00404220
         z         0.01144399     -0.01377281
   73h   x        -0.00576225      0.00693485
         y         0.00335871     -0.00404220
         z        -0.01144399      0.01377281
   74h   x        -0.00835685      0.01005745
         y        -0.00201704      0.00242751
         z         0.02041124     -0.02456486
   75h   x        -0.00835685      0.01005745
         y        -0.00201704      0.00242751
         z        -0.02041124      0.02456486
   76h   x        -0.00135543      0.00163126
         y        -0.02276885      0.02740224
         z         0.02835689     -0.03412742
   77h   x        -0.00135543      0.00163126
         y        -0.02276885      0.02740224
         z        -0.02835689      0.03412742
   78h   x        -0.00751066      0.00903906
         y        -0.01663811      0.02002391
         z        -0.01312509      0.01579600
   79h   x        -0.00751066      0.00903906
         y        -0.01663811      0.02002391
         z         0.01312509     -0.01579600
   80h   x        -0.00070530      0.00084883
         y        -0.02162442      0.02602492
         z         0.03524317     -0.04241504
   81h   x        -0.00070530      0.00084883
         y        -0.02162442      0.02602492
         z        -0.03524317      0.04241504
   82h   x        -0.00606112      0.00729454
         y        -0.01734762      0.02087780
         z        -0.00394862      0.00475216
   83h   x        -0.00606112      0.00729454
         y        -0.01734762      0.02087780
         z         0.00394862     -0.00475216
   84h   x        -0.00349464      0.00420579
         y        -0.00926139      0.01114605
         z         0.02964277     -0.03567498
   85h   x        -0.00349464      0.00420579
         y        -0.00926139      0.01114605
         z        -0.02964277      0.03567498
   86h   x        -0.00933426      0.01123375
         y        -0.00664478      0.00799697
         z        -0.00520536      0.00626464
   87h   x        -0.00933426      0.01123375
         y        -0.00664478      0.00799697
         z         0.00520536     -0.00626464
   88h   x        -0.00292953      0.00352568
         y        -0.03233280      0.03891242
         z        -0.01536998      0.01849773
   89h   x         0.00174794     -0.00210363
         y        -0.08595434      0.10344577
         z         0.14958188     -0.18002132
   90h   x         0.00174794     -0.00210363
         y        -0.08595434      0.10344577
         z        -0.14958188      0.18002132
   91h   x         0.00279811     -0.00336752
         y        -0.04474465      0.05385005
         z         0.00656696     -0.00790332
   92h   x         0.00279811     -0.00336752
         y        -0.04474465      0.05385005
         z        -0.00656696      0.00790332
   93h   x         0.00026626     -0.00032044
         y        -0.04203229      0.05058573
         z        -0.00718611      0.00864846
   94h   x        -0.05694205      0.06852957
         y        -0.10313722      0.12412532
         z         0.10103213     -0.12159185
   95h   x         0.00026626     -0.00032044
         y        -0.04203229      0.05058573
         z         0.00718611     -0.00864846
   96h   x        -0.05694205      0.06852957
         y        -0.10313722      0.12412532
         z        -0.10103213      0.12159185
   97h   x        -0.00292953      0.00352568
         y        -0.03233280      0.03891242
         z         0.01536998     -0.01849773
   98h   x        -0.00025672      0.00030896
         y        -0.04059119      0.04885137
         z        -0.01873906      0.02255240
   99h   x        -0.06035838      0.07264112
         y        -0.07937801      0.09553119
         z         0.08433975     -0.10150262
  100h   x        -0.00025672      0.00030896
         y        -0.04059119      0.04885137
         z         0.01873906     -0.02255240
  101h   x        -0.06035838      0.07264112
         y        -0.07937801      0.09553119
         z        -0.08433975      0.10150262
  102h   x        -0.00082885      0.00099751
         y        -0.03803867      0.04577942
         z         0.00731329     -0.00880152
  103h   x        -0.00082885      0.00099751
         y        -0.03803867      0.04577942
         z        -0.00731329      0.00880152
  104h   x         0.00076980     -0.00092646
         y        -0.04346460      0.05230951
         z        -0.01721724      0.02072090
  105h   x        -0.07778002      0.09360801
         y        -0.10585713      0.12739873
         z         0.02411854     -0.02902659
  106h   x         0.00076980     -0.00092646
         y        -0.04346460      0.05230951
         z         0.01721724     -0.02072090
  107h   x        -0.07778002      0.09360801
         y        -0.10585713      0.12739873
         z        -0.02411854      0.02902659

   ATOM         CARTESIAN COORDINATES SHIFTED ALONG MODE   1

    1 mo        0.019461319381    -0.024311804905     0.000000000000
    2 y        -0.007393871420    -0.013069664062    -6.487145680994
    3 s         2.569138524495     2.173224845729    -2.573022186761
    4 s        -2.513534122141    -2.259141231721    -2.560240374717
    5 s         2.232370442515    -2.547603460520     2.587151084754
    6 s        -2.199995634935     2.535069186116     2.546111476724
    7 c         4.519084370179    -1.659819335561    -7.891551066834
    8 c         3.661137577602    -3.465573654188    -6.078710475176
    9 c         1.558259138988    -4.771058298759    -7.138007332413
   10 c         1.125103312220    -3.797766523392    -9.620313416749
   11 c         2.978582048482    -1.886074209974   -10.098610085996
   12 c        -1.674491611336     4.734774592593    -6.958092224540
   13 c        -3.774823572391     3.332989042797    -6.026721315285
   14 c        -4.529439793431     1.589666584183    -7.944911321353
   15 c        -2.933001845863     1.958615429401   -10.092062144094
   16 c        -1.138886439668     3.883562681010    -9.465730779729
   17 c         0.210767712805    -6.983310805174    -5.972098206975
   18 c        -0.686069306220    -4.928317605662   -11.498695897211
   19 c         4.889776536210    -4.045380562240    -3.590244300639
   20 c         3.565417351177    -0.691717893075   -12.608141922803
   21 c         6.783338081326     0.033304673587    -7.592687705050
   22 c         0.721240003808     5.118142659296   -11.228002858047
   23 c        -5.116749309271     3.784589480026    -3.570476067294
   24 c        -6.750718210253    -0.177233836784    -7.780303887508
   25 c        -3.418291711395     0.891849332759   -12.679006029401
   26 h         6.389634795714    -5.483698771557    -3.821722614629
   27 h         3.520346974085    -4.776525363867    -2.209043491961
   28 h        -3.839828369983     4.553158358861    -2.123357141156
   29 h        -6.682318284734     5.146981851388    -3.826893744331
   30 h         5.746489261602    -2.352319071342    -2.741682342031
   31 h        -5.912591960949     2.028690022337    -2.792329609905
   32 h         6.598076037782     1.777872243537    -8.716852957150
   33 h         8.537145226505    -0.918028978628    -8.216929371222
   34 h         7.038185049860     0.596771924455    -5.606173326434
   35 h        -6.512143939417    -1.836758684364    -9.017544807200
   36 h        -8.526304204787     0.766517915679    -8.352265875423
   37 h        -7.005707391919    -0.877396456305    -5.836981775406
   38 c        -0.421294447352     6.924556168915    -5.652611793458
   39 h        -1.369542400685     8.722800913675    -6.143560494787
   40 h         1.579032678047     7.105056124277    -6.195894095245
   41 h        -0.477101494588     6.708367194322    -3.586393722112
   42 h         1.120288425923    -8.783744370130    -6.524734748266
   43 h        -1.779026590776    -7.081437171311    -6.573826900350
   44 h         1.874108434387    -0.449770536094   -13.791497337585
   45 h        -1.681399464819     0.714520205910   -13.806461416544
   46 h         0.093615290324     7.042514382978   -11.747161896837
   47 h        -0.078419740166    -6.849718789557   -12.051384723631
   48 h         0.219008307409    -6.866626834376    -3.897152386036
   49 y         0.007639160568     0.017147046431     6.487145680994
   50 c         1.628510077863     4.548728747270     7.897987401613
   51 c        -1.620975841881    -4.499795416340     7.938474986574
   52 c         4.759136248143     1.638131203667     7.045755416178
   53 c        -4.746696643210    -1.594619546657     7.050344140774
   54 c         3.405474789925     3.734069940729     6.038414383174
   55 c        -3.393087907060    -3.701891209263     6.067017407288
   56 c         3.844239851381     1.165581192063     9.542062516375
   57 c        -3.837089353021    -1.098408559826     9.543981680103
   58 c         1.924469952154     2.991264256118    10.083251095669
   59 c        -1.920219687221    -2.920319638227    10.107421134421
   60 c         6.962503298495     0.333378444951     5.818971483191
   61 c        -6.945363675594    -0.298683715206     5.805738517243
   62 c        -0.102710487757     6.789196436498     7.652786692792
   63 c         0.107828022614    -6.744859855082     7.720204899766
   64 c         5.025100451926    -0.661001203911    11.372615505043
   65 c        -5.021359813032     0.746308106117    11.354083250215
   66 c         0.791187284315     3.539948689490    12.627627413817
   67 c        -0.792379941518    -3.443760373082    12.659520538388
   68 c         3.923605502208     5.007041226873     3.560149547945
   69 c        -3.906364540057    -4.999484618608     3.600570819988
   70 h         5.326148557157     6.538849288670     3.797226615854
   71 h        -5.304532065787    -6.533103791778     3.851389743106
   72 h         4.671776712583     3.676045471850     2.152427508254
   73 h        -4.657907010144    -3.684129872218     2.179973124864
   74 h         2.200561992092     5.831968116311     2.742441113945
   75 h        -2.180447101587    -5.827113106240     2.791570837991
   76 h        -1.805684203148     6.582512227213     8.833071458224
   77 h         1.808946724753    -6.527707749986     8.901326306126
   78 h         7.102285705438    -1.659005721409     6.400656499497
   79 h        -7.084207590150     1.699053547414     6.369064496098
   80 h         0.843122275414     8.557749633581     8.242182582300
   81 h        -0.841424618893    -8.505699797711     8.327012664346
   82 h         8.760567186079     1.265793217919     6.338899776783
   83 h        -8.745978097726    -1.224037608689     6.329395466269
   84 h        -0.732878399469     7.033092272859     5.685902575390
   85 h         0.741289981291    -7.010800168921     5.757252526449
   86 h         6.798730762607     0.356051871292     3.748037689687
   87 h        -6.776263266092    -0.340057930705     3.735508418461
   88 h         5.217890878231    -2.577030408299    10.574341579372
   89 h        -2.618046466181    -5.110919420722   -10.735865169942
   90 h         2.613839197376     5.317810970140   -10.375822536279
   91 h         0.578777849712     1.831603996414    13.791076061332
   92 h        -0.585512892291    -1.723903902792    13.806882692797
   93 h         3.917910780240    -0.819992944756    13.121063309169
   94 h        -0.802049102650    -3.794105905415   -13.234006694284
   95 h        -3.918551662777     0.921164408267    13.103766384414
   96 h         0.939108250373     4.042356537602   -12.990822999299
   97 h        -5.210839512630     2.654855255259    10.537346126849
   98 h         1.079934075606    -4.333010522002    12.514709561201
   99 h        -4.309220772853    -0.984093923859   -12.593659787122
  100 h        -1.079316155308     4.430713258923    12.469604766558
  101 h         4.454503008072     1.175156307055   -12.390654540637
  102 h        -6.945119071988     0.131796930895    11.890471794227
  103 h         6.947114100547    -0.040238099595    11.908074826241
  104 h        -2.008152559628    -4.756159117768    13.741512624213
  105 h        -4.714860619632     2.134624830953   -13.749818315641
  106 h         2.006299647680     4.860778141247    13.700070833048
  107 h         4.902076639383    -1.879827376355   -13.691765141619
 

   ATOM         SHIFTED CARTESIAN COORDINATES IN PRINCIPAL AXIS SYSTEM

    1 mo        0.029990667758    -0.008388346835    -0.000047904767
    2 y        -0.003660531450     0.003234431935    -6.487161221278
    3 s         0.816280060677     3.271184582815    -2.564539032538
    4 s        -0.725170627817    -3.294141345879    -2.568883807857
    5 s         3.301564486784    -0.773608181062     2.582307929323
    6 s        -3.263779112663     0.767947320189     2.550929838542
    7 c         4.632093666747     1.310995317446    -7.891685596380
    8 c         4.990464793835    -0.661162803904    -6.084650774204
    9 c         4.043563070337    -2.945414922486    -7.149576640796
   10 c         3.121858395858    -2.400786656939    -9.629617949324
   11 c         3.511247641114     0.234555840959   -10.100855219947
   12 c        -4.128263283970     2.887593828288    -6.946675762213
   13 c        -5.015285081827     0.521046926256    -6.021204565765
   14 c        -4.612463993408    -1.329670541040    -7.944912381966
   15 c        -3.532998139165    -0.092518461603   -10.089487451365
   16 c        -3.198653621223     2.515857622094    -9.456122675329
   17 c         4.241029636561    -5.531530500745    -5.991063992760
   18 c         2.309116108945    -4.370471082830   -11.512861423700
   19 c         6.328603239669    -0.422094463425    -3.596594209047
   20 c         3.288882557981     1.553948662453   -12.606522611391
   21 c         5.483246290935     4.006344783356    -7.585967499480
   22 c        -2.409819692519     4.608782608028   -11.213184718258
   23 c        -6.366591762777     0.097914096003    -3.565033313904
   24 c        -5.385290164354    -4.061156528569    -7.787322663485
   25 c        -3.306764148659    -1.234773353871   -12.679824643102
   26 h         8.385725485854    -0.714363505853    -3.830566751856
   27 h         5.644210406295    -1.818787727624    -2.218740771331
   28 h        -5.776860607859     1.463102908132    -2.114566125288
   29 h        -8.433173706392     0.291547008507    -3.819227297108
   30 h         6.037152515172     1.450372937756    -2.742548771079
   31 h        -5.987717337138    -1.794621917141    -2.792490791167
   32 h         4.313930817914     5.318177748069    -8.705512559839
   33 h         7.462131983151     4.258839323781    -8.211116123648
   34 h         5.363049086127     4.607083416868    -5.597664850790
   35 h        -4.224223606810    -5.266206383689    -9.028888123471
   36 h        -7.378412789662    -4.329167121217    -8.358414628578
   37 h        -5.182247714225    -4.783992920689    -5.846181421433
   38 c        -4.387183879364     5.393520903744    -5.633962824235
   39 h        -6.206937644117     6.301974897609    -6.120888431583
   40 h        -2.868448114814     6.708807852509    -6.174801452489
   41 h        -4.304678263003     5.179603058299    -3.568402078025
   42 h         6.029759829818    -6.461437352926    -6.547762868434
   43 h         2.681850921904    -6.770569188873    -6.594994816454
   44 h         1.773204026431     0.766881032201   -13.790852610869
   45 h        -1.793652521878    -0.362161021961   -13.806073669092
   46 h        -4.042807383930     5.806826719349   -11.727662051552
   47 h         3.923275644115    -5.574757202011   -12.070238658269
   48 h         4.181326941491    -5.437771111662    -3.915798231121
   49 y         0.001480604196     0.000219985506     6.487172667953
   50 c        -1.325188006100     4.622192452336     7.912041264302
   51 c         1.315648617312    -4.622395929172     7.924495641433
   52 c         2.914869567290     4.087549058523     7.054856423295
   53 c        -2.918678734636    -4.084420610113     7.041314916137
   54 c         0.591749470278     5.002653321894     6.051964758272
   55 c        -0.590609582481    -5.003185761650     6.053516073001
   56 c         2.449629930692     3.162959280990     9.548964258291
   57 c        -2.467477638504    -3.157672503538     9.537190406056
   58 c        -0.174282664768     3.523928901138    10.093302222636
   59 c         0.152778099456    -3.520363861704    10.097483327972
   60 c         5.464577868159     4.317030251659     5.826633764057
   61 c        -5.461437683102    -4.311400293267     5.798138858577
   62 c        -4.038641441705     5.432233004239     7.671316820207
   63 c         4.029444224026    -5.436282061301     7.701736274178
   64 c         4.475917878983     2.363469468672    11.375636763731
   65 c        -4.504151767506    -2.355638387113    11.351203515857
   66 c        -1.412723077158     3.301134490356    12.638073932728
   67 c         1.376218283781    -3.294513789627    12.649229773632
   68 c         0.267742295645     6.345714047923     3.577713525903
   69 c        -0.252319506083    -6.349565857077     3.583013940072
   70 h         0.513162070557     8.407426511284     3.820364196214
   71 h        -0.492731815642    -8.411562063855     3.828256463217
   72 h         1.650827223004     5.705290988466     2.167066302254
   73 h        -1.631318702421    -5.715893418252     2.165307178659
   74 h        -1.613576128428     6.012550602130     2.760600621014
   75 h         1.631584762273    -6.012365023414     2.773420712409
   76 h        -5.300094538448     4.267402057155     8.849372385376
   77 h         5.285205562665    -4.270643875855     8.885103813485
   78 h         6.741116527665     2.778924094411     6.402975455825
   79 h        -6.739405396305    -2.771605024132     6.366818922127
   80 h        -4.301976324704     7.418734808006     8.266491470537
   81 h         4.286475090293    -7.421864453855     8.302778069970
   82 h         6.381179734171     6.121960270185     6.350871430206
   83 h        -6.383381164076    -6.115006143188     6.317498927949
   84 h        -4.694324635079     5.268111290855     5.704498699395
   85 h         4.697465673923    -5.277138102468     5.738677215880
   86 h         5.316659467828     4.245681481427     3.755611841266
   87 h        -5.301652411703    -4.240535424837     3.727968268126
   88 h         5.749828940102     0.922165617908    10.572286815654
   89 h         0.847293669148    -5.648197850693   -10.752414614822
   90 h        -0.988619996806     5.872870748459   -10.358618722688
   91 h        -0.587467081444     1.786569516274    13.796615081975
   92 h         0.541625659220    -1.780303731853    13.801515857810
   93 h         3.670945202055     1.583416054541    13.122563415597
   94 h         1.551707658375    -3.512178771283   -13.245159840124
   95 h        -3.709146056034    -1.575051848112    13.102432280647
   96 h        -1.606605177550     3.867183856253   -12.978742685927
   97 h        -5.772323358048    -0.913957297695    10.539531932579
   98 h         3.415510343284    -2.923794689212    12.503795699824
   99 h        -2.935630152299    -3.278341098098   -12.600501839504
  100 h        -3.451674964182     2.933549606759    12.480681593021
  101 h         2.921789819144     3.588227822235   -12.383039800019
  102 h        -5.707467900403    -3.978694989921    11.884029837870
  103 h         5.675041119249     3.987583820363    11.914669238737
  104 h         1.155527730694    -5.072754874617    13.726427397664
  105 h        -5.085753962398    -0.979042609821   -13.748476997351
  106 h        -1.195733828698     5.079805000159    13.715325188142
  107 h         5.066778938142     1.372037377300   -13.692107349268
 

   ***  distorted cartesian coordinates written onto $newcoord !  ***



    ------------------------------------------------------------------------
         total  cpu-time :   0.28 seconds
         total wall-time :   0.45 seconds
    ------------------------------------------------------------------------

   ****  vibrations : all done  ****


    2020-08-12 08:45:26.134 

