
 ridft (login-i16) : TURBOMOLE rev. V7.5.0 compiled 13 Jun 2020 at 23:29:25
 Copyright (C) 2020 TURBOMOLE GmbH, Karlsruhe


    2020-07-23 12:55:13.778 



                                  r i d f t

                        DFT program with RI approximation 
                                for coulomb part 




                                                 
                                 References:     
                                                 
          TURBOMOLE:                             
              R. Ahlrichs, M. Baer, M. Haeser, H. Horn, and
              C. Koelmel
              Electronic structure calculations on workstation
              computers: the program system TURBOMOLE
              Chem. Phys. Lett. 162: 165 (1989)
          Density Functional:                              
              O. Treutler and R. Ahlrichs                      
              Efficient Molecular Numerical Integration Schemes
              J. Chem. Phys. 102: 346 (1995)                   
          Parallel Version:                                
              Performance of parallel TURBOMOLE for Density    
              Functional Calculations                          
              M. v. Arnim and R. Ahlrichs                      
              J. Comp. Chem. 19: 1746 (1998)                   
          RI-J Method:                                     
              Auxiliary Basis Sets to approximate Coulomb      
              Potentials                                       
              Chem. Phys. Lett. 240: 283 (1995)                
              K. Eichkorn, O. Treutler, H. Oehm, M. Haeser     
              and R. Ahlrichs                                  
              Chem. Phys. Lett. 242: 652 (1995)                
                                                           
              Auxiliary Basis Sets for Main Row Atoms and their
              Use to approximate Coulomb Potentials            
              K. Eichkorn, F. Weigend, O. Treutler and         
              R. Ahlrichs                                      
              Theo. Chem. Acc. 97: 119 (1997)                   
                                                           
              Accurate Coulomb-fitting basis sets for H to Rn 
              F. Weigend                                        
              Phys. Chem. Chem. Phys. 8: 1057 (2006)            
                                                           
          Multipole accelerated RI-J (MARI-J):             
              Fast evaluation of the Coulomb potential for     
              electron densities using multipole accelerated   
              resolution of identity approximation             
              M. Sierka, A. Hogekamp and R. Ahlrichs           
              J. Chem. Phys. 118: 9136 (2003)                  
          RI-JK Method:                                     
              A fully direct RI-HF algorithm: Implementation,
              optimised auxiliary basis sets, demonstration of
              accuracy and efficiency                         
              F. Weigend                                      
              Phys. Chem. Chem. Phys. 4: 4285 (2002)           
          Two-component HF and DFT with spin-orbit coupling:  
              Self-consistent treatment of spin-orbit         
              interactions with efficient Hartree-Fock and    
              density functional methods                      
              M. K. Armbruster, F. Weigend, C. van Wüllen and 
              W. Klopper                                      
              Phys. Chem. Chem. Phys. 10: 1748 (2008)         
          Two-component difference density and DIIS algorithm 
              Efficient two-component self-consistent field   
              procedures and gradients: implementation in     
              TURBOMOLE and application to Au20-              
              A. Baldes, F. Weigend                           
              Mol. Phys. 111: 2617 (2013)                     
          Relativistic all-electron 2c calculations           
              An efficient implementation of two-component    
              relativistic exact-decoupling methods for large 
              molecules                                       
              D. Peng, N. Middendorf, F. Weigend, M. Reiher   
              J. Chem. Phys. 138: 184105 (2013)               
          Finite nucleus model and SNSO approximation         
              Efficient implementation of one- and two-       
              component analytical energy gradients in exact  
              two-component theory                            
              Y. J. Franzke, N. Middendorf, F. Weigend        
              J. Chem. Phys. 148: 104110 (2018)               
          Grids for all-electron relativistic methods         
              Error-consistent segmented contracted all-      
              electron relativistic basis sets of double-     
              and triple-zeta quality for NMR shielding       
              constants                                       
              Y. J. Franzke, R. Tress, T. M. Pazdera,         
              F. Weigend                                      
              Phys. Chem. Chem. Phys. 21: 166658 (2019)       
          Seminumerical exchange algorithms                   
              Seminumerical calculation of the Hartree-Fock   
              exchange matirx: Application to two-component   
              procedures and efficient evaluation of local    
              hybrid functionsl                               
              P. Plessow, F. Weigend,                         
              J. Comput. Chem. 33: 810 (2012)                 
          Improved seminumerical algorithms                   
              C. Holzer, in preparation (2020)                
                                         




              +--------------------------------------------------+
              |      general information about current run       |
              +--------------------------------------------------+

 
no calculation of wave function, analysis of properties only
 TPSS global hybrid functional
 exchange:    9/10 (LDA+TPSS) + 1/10 HF
 correlation: LDA (PW) + TPSS
 A Hybrid-DFT calculation using the RI-J approximation will be carried out.
 Allocatable memory for RI due to $ricore (MB):                 15000
 Multipole approximation for Coulomb integrals is used


              +--------------------------------------------------+
              | Atomic coordinate, charge and isotop information |
              +--------------------------------------------------+

                    atomic coordinates            atom    charge  isotop
          0.00000000    0.00000000    0.00000000    mo    42.000     0
          0.00000000    0.00000000   -6.61200742    dy    66.000     0
          0.00000000    0.00000000    6.61200742    dy    66.000     0
          2.33109052    2.33109052   -2.60966625    s     16.000     0
         -2.33109052   -2.33109052   -2.60966625    s     16.000     0
          2.33109052   -2.33109052    2.60966625    s     16.000     0
         -2.33109052    2.33109052    2.60966625    s     16.000     0
          4.63950515   -1.57509958   -7.84040698    c      6.000     0
          3.57402009   -3.57402009   -6.40659166    c      6.000     0
          1.57509958   -4.63950515   -7.84040698    c      6.000     0
          1.41146147   -3.30855476  -10.16855969    c      6.000     0
          3.30855476   -1.41146147  -10.16855969    c      6.000     0
         -1.57509958    4.63950515   -7.84040698    c      6.000     0
         -3.57402009    3.57402009   -6.40659166    c      6.000     0
         -4.63950515    1.57509958   -7.84040698    c      6.000     0
         -3.30855476    1.41146147  -10.16855969    c      6.000     0
         -1.41146147    3.30855476  -10.16855969    c      6.000     0
          1.57509958    4.63950515    7.84040698    c      6.000     0
          1.41146147    3.30855476   10.16855969    c      6.000     0
          3.30855476    1.41146147   10.16855969    c      6.000     0
          4.63950515    1.57509958    7.84040698    c      6.000     0
          3.57402009    3.57402009    6.40659166    c      6.000     0
         -4.63950515   -1.57509958    7.84040698    c      6.000     0
         -3.30855476   -1.41146147   10.16855969    c      6.000     0
         -1.41146147   -3.30855476   10.16855969    c      6.000     0
         -1.57509958   -4.63950515    7.84040698    c      6.000     0
         -3.57402009   -3.57402009    6.40659166    c      6.000     0
          0.36128397   -6.19578728   -7.23916462    h      1.000     0
          0.07168438   -3.68566361  -11.69212557    h      1.000     0
          4.13319269   -4.13319269   -4.50226324    h      1.000     0
          3.68566361   -0.07168438  -11.69212557    h      1.000     0
          6.19578728   -0.36128397   -7.23916462    h      1.000     0
         -0.07168438    3.68566361  -11.69212557    h      1.000     0
         -0.36128397    6.19578728   -7.23916462    h      1.000     0
         -4.13319269    4.13319269   -4.50226324    h      1.000     0
         -6.19578728    0.36128397   -7.23916462    h      1.000     0
         -3.68566361    0.07168438  -11.69212557    h      1.000     0
         -0.36128397   -6.19578728    7.23916462    h      1.000     0
         -4.13319269   -4.13319269    4.50226324    h      1.000     0
         -6.19578728   -0.36128397    7.23916462    h      1.000     0
         -3.68566361   -0.07168438   11.69212557    h      1.000     0
         -0.07168438   -3.68566361   11.69212557    h      1.000     0
          0.07168438    3.68566361   11.69212557    h      1.000     0
          0.36128397    6.19578728    7.23916462    h      1.000     0
          4.13319269    4.13319269    4.50226324    h      1.000     0
          3.68566361    0.07168438   11.69212557    h      1.000     0
          6.19578728    0.36128397    7.23916462    h      1.000     0
 
       center of nuclear mass  :   -0.00000000   -0.00000000    0.00000000
       center of nuclear charge:    0.00000000    0.00000000    0.00000000

              +--------------------------------------------------+
              |               basis set information              |
              +--------------------------------------------------+

              we will work with the 1s 3p 5d 7f 9g ... basis set
              ...i.e. with spherical basis functions...

   type   atoms  prim   cont   basis
   ---------------------------------------------------------------------------
    mo       1     50     24   def2-SV(P)   [5s3p2d|7s6p5d]
    dy       2    144     69   def2-SV(P)   [10s6p4d3f|14s12p9d7f]
    s        4     36     18   def2-SV(P)   [4s3p1d|10s7p1d]
    c       20     24     14   def2-SV(P)   [3s2p1d|7s4p1d]
    h       20      4      2   def2-SV(P)   [2s|4s]
   ---------------------------------------------------------------------------
   total:   47   1042    554
   ---------------------------------------------------------------------------

   total number of primitive shells          :   94
   total number of contracted shells         :  248
   total number of cartesian basis functions :  606
   total number of SCF-basis functions       :  554

 number of unique ecp types :                     2

 integral neglect threshold       :  0.55E-10
 integral storage threshold THIZE :  0.10E-04
 integral storage threshold THIME :         5

 RI-J AUXILIARY BASIS SET information:

              we will work with the 1s 3p 5d 7f 9g ... basis set
              ...i.e. with spherical basis functions...

   type   atoms  prim   cont   basis
   ---------------------------------------------------------------------------
    mo       1     99     89   def2-SV(P)   [8s5p5d2f3g|11s5p5d3f3g]
    dy       2    263    200   def2-SV(P)   [14s7p6d6f5g2h2i|18s7p6d6f6g3h5i]
    s        4     77     51   universal   [8s4p3d1f1g|14s5p5d2f1g]
    c       20     70     49   universal   [6s4p3d1f1g|12s5p4d2f1g]
    h       20     16     11   universal   [3s1p1d|5s2p1d]
   ---------------------------------------------------------------------------
   total:   47   2653   1893
   ---------------------------------------------------------------------------

   total number of primitive shells          :  137
   total number of contracted shells         :  575
   total number of cartesian basis functions : 2438
   total number of SCF-basis functions       : 1893


 symmetry group of the molecule :   d2d

 the group has the following generators :
   s4(z)
   c2(x)

    8 symmetry operations found

 there are 5 real representations :   a1   a2   b1   b2   e   

 maximum number of shells which are related by symmetry :  8

  
           ------------------
           density functional
           ------------------
 TPSS global hybrid functional
 exchange:    9/10 (LDA+TPSS) + 1/10 HF
 correlation: LDA (PW) + TPSS

 spherical integration : Lebedev's spherical grid
 spherical gridsize    :                     4
    i.e. gridpoints    :                   434
 value for diffuse not defined
 radial integration    : Chebyshev 2nd kind (scaling 3)
 radial gridsize       :                     6
 integration cells     :                     9
 partition function    : becke
 partition sharpness   :                     3
  
 
 Derivatives of quadrature weights will be included
 

 biggest AO integral is expected to be    25.290768932

          ------------------------
          nuclear repulsion energy  :   5059.44117814    
          ------------------------

  _________________________________
 |                                 |
 |         DFTD3 V3.1 Rev 0        |
 | S.Grimme, University Bonn       |
 |            June  2014           |
 |   see standalone version        |
 |       dftd3 -h for options      |
 |_________________________________|
 
 Please cite DFT-D3 work done with this code as:
 S. Grimme, J. Antony, S. Ehrlich and H. Krieg,
 J. Chem. Phys, 132 (2010), 154104.
 If used with BJ-damping cite also
 S. Grimme, S. Ehrlich and L. Goerigk,
 J. Comput. Chem. 32 (2011), 1456-1465
 For DFT-D2 the reference is
 S. Grimme, J. Comput. Chem., 27 (2006), 1787-1799
 
C6 coefficients used:
                     2  C6 for element                      1
Z=  1 CN= 0.912     C6(AA)=    3.03
Z=  1 CN= 0.000     C6(AA)=    7.59
                     5  C6 for element                      6
Z=  6 CN= 0.000     C6(AA)=   49.11
Z=  6 CN= 0.987     C6(AA)=   43.25
Z=  6 CN= 1.998     C6(AA)=   29.36
Z=  6 CN= 2.999     C6(AA)=   25.78
Z=  6 CN= 3.984     C6(AA)=   18.21
                     3  C6 for element                     16
Z= 16 CN= 0.000     C6(AA)=  134.01
Z= 16 CN= 0.995     C6(AA)=  131.00
Z= 16 CN= 1.990     C6(AA)=  125.81
                     3  C6 for element                     42
Z= 42 CN= 0.000     C6(AA)=  845.90
Z= 42 CN= 1.942     C6(AA)=  502.01
Z= 42 CN=11.056     C6(AA)=  337.11
                     2  C6 for element                     66
Z= 66 CN= 0.000     C6(AA)= 2617.33
Z= 66 CN= 2.897     C6(AA)=  544.44

#           XYZ [au]              R0(AA) [Ang.]  CN          C6(AA)     C8(AA)   C10(AA) [au]
  1   0.00000   0.00000   0.00000   mo  1.286  5.344       502.0     57804.9   8153712.7
  2   0.00000   0.00000  -6.61201   dy  1.749 11.510       544.4    115916.4  30232866.7
  3   0.00000   0.00000   6.61201   dy  1.749 11.510       544.4    115916.4  30232866.7
  4   2.33109   2.33109  -2.60967   s   0.839  2.046       125.9      6166.6    370086.5
  5  -2.33109  -2.33109  -2.60967   s   0.839  2.046       125.9      6166.6    370086.5
  6   2.33109  -2.33109   2.60967   s   0.839  2.046       125.9      6166.6    370086.5
  7  -2.33109   2.33109   2.60967   s   0.839  2.046       125.9      6166.6    370086.5
  8   4.63951  -1.57510  -7.84041   c   0.644  4.104        18.3       528.1     18710.2
  9   3.57402  -3.57402  -6.40659   c   0.644  4.098        18.3       528.2     18712.9
 10   1.57510  -4.63951  -7.84041   c   0.644  4.104        18.3       528.1     18710.2
 11   1.41146  -3.30855 -10.16856   c   0.644  4.094        18.3       528.2     18714.3
 12   3.30855  -1.41146 -10.16856   c   0.644  4.094        18.3       528.2     18714.3
 13  -1.57510   4.63951  -7.84041   c   0.644  4.104        18.3       528.1     18710.2
 14  -3.57402   3.57402  -6.40659   c   0.644  4.098        18.3       528.2     18712.9
 15  -4.63951   1.57510  -7.84041   c   0.644  4.104        18.3       528.1     18710.2
 16  -3.30855   1.41146 -10.16856   c   0.644  4.094        18.3       528.2     18714.3
 17  -1.41146   3.30855 -10.16856   c   0.644  4.094        18.3       528.2     18714.3
 18   1.57510   4.63951   7.84041   c   0.644  4.104        18.3       528.1     18710.2
 19   1.41146   3.30855  10.16856   c   0.644  4.094        18.3       528.2     18714.3
 20   3.30855   1.41146  10.16856   c   0.644  4.094        18.3       528.2     18714.3
 21   4.63951   1.57510   7.84041   c   0.644  4.104        18.3       528.1     18710.2
 22   3.57402   3.57402   6.40659   c   0.644  4.098        18.3       528.2     18712.9
 23  -4.63951  -1.57510   7.84041   c   0.644  4.104        18.3       528.1     18710.2
 24  -3.30855  -1.41146  10.16856   c   0.644  4.094        18.3       528.2     18714.3
 25  -1.41146  -3.30855  10.16856   c   0.644  4.094        18.3       528.2     18714.3
 26  -1.57510  -4.63951   7.84041   c   0.644  4.104        18.3       528.1     18710.2
 27  -3.57402  -3.57402   6.40659   c   0.644  4.098        18.3       528.2     18712.9
 28   0.36128  -6.19579  -7.23916   h   0.417  1.014         3.1        37.3       552.2
 29   0.07168  -3.68566 -11.69213   h   0.417  1.012         3.1        37.3       552.3
 30   4.13319  -4.13319  -4.50226   h   0.417  1.015         3.1        37.3       552.0
 31   3.68566  -0.07168 -11.69213   h   0.417  1.012         3.1        37.3       552.3
 32   6.19579  -0.36128  -7.23916   h   0.417  1.014         3.1        37.3       552.2
 33  -0.07168   3.68566 -11.69213   h   0.417  1.012         3.1        37.3       552.3
 34  -0.36128   6.19579  -7.23916   h   0.417  1.014         3.1        37.3       552.2
 35  -4.13319   4.13319  -4.50226   h   0.417  1.015         3.1        37.3       552.0
 36  -6.19579   0.36128  -7.23916   h   0.417  1.014         3.1        37.3       552.2
 37  -3.68566   0.07168 -11.69213   h   0.417  1.012         3.1        37.3       552.3
 38  -0.36128  -6.19579   7.23916   h   0.417  1.014         3.1        37.3       552.2
 39  -4.13319  -4.13319   4.50226   h   0.417  1.015         3.1        37.3       552.0
 40  -6.19579  -0.36128   7.23916   h   0.417  1.014         3.1        37.3       552.2
 41  -3.68566  -0.07168  11.69213   h   0.417  1.012         3.1        37.3       552.3
 42  -0.07168  -3.68566  11.69213   h   0.417  1.012         3.1        37.3       552.3
 43   0.07168   3.68566  11.69213   h   0.417  1.012         3.1        37.3       552.3
 44   0.36128   6.19579   7.23916   h   0.417  1.014         3.1        37.3       552.2
 45   4.13319   4.13319   4.50226   h   0.417  1.015         3.1        37.3       552.0
 46   3.68566   0.07168  11.69213   h   0.417  1.012         3.1        37.3       552.3
 47   6.19579   0.36128   7.23916   h   0.417  1.014         3.1        37.3       552.2

molecular C6(AA) [au] =     53830.23

           DFT-D V3(BJ)
 DF tpssh                                             
 parameters
 s6       :    1.0000
 s8       :    2.2382
 a1       :    0.4529
 a2       :    4.6550
 k1-k3    :   16.0000    1.3333   -4.0000
 
 Edisp /kcal,au:   -67.9408 -0.10827060

 E6    /kcal :   -26.5990
 E8    /kcal :   -41.3418
 % E8        : 60.85
 nuclear repulsion energy                  =    5059.441178135
 empirical dispersive energy correction    =      -0.108270598
 nuclear repulsion + dispersion correction =    5059.332907537


         -----------------
         -S,T+V- integrals
         -----------------

 1e-integrals will be neglected if expon. factor < 0.551479E-11


          ----------------
          -ecp-  integrals
          ----------------
 
   Difference densities algorithm switched on.
   The maximal number of linear combinations of
   difference densities is                    20 .

 DIIS switched on: error vector is FDS-SDF
 Max. Iterations for DIIS is     :   4
 DIIS matrix (see manual) 
    Scaling factor of diagonals  :  1.200
    threshold for scaling factor :  0.000

 scf convergence criterion : increment of total energy < .1000000D-05
                  and increment of one-electron energy < .1000000D-02

 MOs are in ASCII format !


    mo occupation :
   irrep   mo's   occupied
    a1      94       28
    a2      48       11
    b1      50       11
    b2      92       28
    e      135       38
 
 number of basis functions   :   554
 number of occupied orbitals :   154
 

 reading orbital data $uhfmo_alpha  from file alpha
 orbital characterization : scfconv=6

 reading orbital data $uhfmo_beta  from file beta
 orbital characterization : scfconv=6
 mo-orthogonalization by Cholesky decomposition
 mo-orthogonalization by Cholesky decomposition

 UHF mode switched on !

 closed shell shift switched on 
 all occupied orbitals are shifted by    1.50000

  
           ------------------------
               RI-J - INFORMATION
           ------------------------
 
    +---------------- Multipole Accelerated RI-J ---------------+
    -------------------------------------------------------------
      Number of bins for density partition        :  8
      Maximum multipole moment used               : 14
      Multipole precision parameter               :  1.0000E-08
      Threshold for moment summation              :  1.0000E-24
      Minimum separation between boxes            :  0.0000E+00
      Maximum allowed extent                      :  2.0000E+01
    +-----------------------------------------------------------+
 
 Extensions and centers of shell-pairs:
  number of shells with a single center:     3075
  number of shells with double centers:       136
 Contributions to RI integral batches: 
  neglected integral batches:                     27665
  multipole/direct contribution:                      0
  multipole/memory contribution:                   3211
 Memory core needed for (P|Q) and Cholesky      1 MByte
 Memory core minimum needed except of (P|Q)     1 MByte
 Total minimum memory core needed (sum)         2 MByte
  
 ****************************************
 Memory allocated for RI-J   411 MByte
 ****************************************
                                            
 
 
 
 ==============================================================================
                           electrostatic moments
 ==============================================================================

 reference point for electrostatic moments:    0.00000   0.00000   0.00000

 
              nuc           elec       ->  total
 ------------------------------------------------------------------------------
                          charge      
 ------------------------------------------------------------------------------
         294.000000    -295.000000      -1.000000
 a-b                                    13.000000
 
 ------------------------------------------------------------------------------
                       dipole moment  
 ------------------------------------------------------------------------------
   x       0.000000      -0.000000      -0.000000
   y      -0.000000      -0.000000      -0.000000
   z      -0.000000      -0.000000      -0.000000
 
   | dipole moment | =     0.0000 a.u. =     0.0000 debye 
 
 ------------------------------------------------------------------------------
                     quadrupole moment
 ------------------------------------------------------------------------------
  xx    1817.778070   -2023.312156    -205.534086
  yy    1817.778070   -2023.312156    -205.534086
  zz   14251.353854  -14483.743300    -232.389446
  xy      -0.000000      -0.000000      -0.000000
  xz       0.000000      -0.000000      -0.000000
  yz       0.000000      -0.000000      -0.000000
 
     1/3  trace=    -214.485872
     anisotropy=      26.855360
 
 
 ==============================================================================
                  NATURAL POPULATION ANALYSIS (AO-BASIS) 
 ==============================================================================
A.E. Reed, R.B. Weinstock and F. Weinhold:
Natural population analysis, J. Chem. Phys. 83(2), 735(1985)
nbfiat:  1  5  9 10  0  0  0  0  0  0  0  0
nbfiat:  2 10 18 20 21  0  0  0  0  0  0  0
nbfiat:  3 10 18 20 21  0  0  0  0  0  0  0
nbfiat:  4  4  9  5  0  0  0  0  0  0  0  0
nbfiat:  5  4  9  5  0  0  0  0  0  0  0  0
nbfiat:  6  4  9  5  0  0  0  0  0  0  0  0
nbfiat:  7  4  9  5  0  0  0  0  0  0  0  0
nbfiat:  8  3  6  5  0  0  0  0  0  0  0  0
nbfiat:  9  3  6  5  0  0  0  0  0  0  0  0
nbfiat: 10  3  6  5  0  0  0  0  0  0  0  0
nbfiat: 11  3  6  5  0  0  0  0  0  0  0  0
nbfiat: 12  3  6  5  0  0  0  0  0  0  0  0
nbfiat: 13  3  6  5  0  0  0  0  0  0  0  0
nbfiat: 14  3  6  5  0  0  0  0  0  0  0  0
nbfiat: 15  3  6  5  0  0  0  0  0  0  0  0
nbfiat: 16  3  6  5  0  0  0  0  0  0  0  0
nbfiat: 17  3  6  5  0  0  0  0  0  0  0  0
nbfiat: 18  3  6  5  0  0  0  0  0  0  0  0
nbfiat: 19  3  6  5  0  0  0  0  0  0  0  0
nbfiat: 20  3  6  5  0  0  0  0  0  0  0  0
nbfiat: 21  3  6  5  0  0  0  0  0  0  0  0
nbfiat: 22  3  6  5  0  0  0  0  0  0  0  0
nbfiat: 23  3  6  5  0  0  0  0  0  0  0  0
nbfiat: 24  3  6  5  0  0  0  0  0  0  0  0
nbfiat: 25  3  6  5  0  0  0  0  0  0  0  0
nbfiat: 26  3  6  5  0  0  0  0  0  0  0  0
nbfiat: 27  3  6  5  0  0  0  0  0  0  0  0
nbfiat: 28  2  0  0  0  0  0  0  0  0  0  0
nbfiat: 29  2  0  0  0  0  0  0  0  0  0  0
nbfiat: 30  2  0  0  0  0  0  0  0  0  0  0
nbfiat: 31  2  0  0  0  0  0  0  0  0  0  0
nbfiat: 32  2  0  0  0  0  0  0  0  0  0  0
nbfiat: 33  2  0  0  0  0  0  0  0  0  0  0
nbfiat: 34  2  0  0  0  0  0  0  0  0  0  0
nbfiat: 35  2  0  0  0  0  0  0  0  0  0  0
nbfiat: 36  2  0  0  0  0  0  0  0  0  0  0
nbfiat: 37  2  0  0  0  0  0  0  0  0  0  0
nbfiat: 38  2  0  0  0  0  0  0  0  0  0  0
nbfiat: 39  2  0  0  0  0  0  0  0  0  0  0
nbfiat: 40  2  0  0  0  0  0  0  0  0  0  0
nbfiat: 41  2  0  0  0  0  0  0  0  0  0  0
nbfiat: 42  2  0  0  0  0  0  0  0  0  0  0
nbfiat: 43  2  0  0  0  0  0  0  0  0  0  0
nbfiat: 44  2  0  0  0  0  0  0  0  0  0  0
nbfiat: 45  2  0  0  0  0  0  0  0  0  0  0
nbfiat: 46  2  0  0  0  0  0  0  0  0  0  0
nbfiat: 47  2  0  0  0  0  0  0  0  0  0  0
Basis set: (total    554 functions)
mo      (shells)  s:  5 p:  3 d:  2 f:  0 g:  0
dy      (shells)  s: 10 p:  6 d:  4 f:  3 g:  0
dy      (shells)  s: 10 p:  6 d:  4 f:  3 g:  0
s       (shells)  s:  4 p:  3 d:  1 f:  0 g:  0
s       (shells)  s:  4 p:  3 d:  1 f:  0 g:  0
s       (shells)  s:  4 p:  3 d:  1 f:  0 g:  0
s       (shells)  s:  4 p:  3 d:  1 f:  0 g:  0
c       (shells)  s:  3 p:  2 d:  1 f:  0 g:  0
c       (shells)  s:  3 p:  2 d:  1 f:  0 g:  0
c       (shells)  s:  3 p:  2 d:  1 f:  0 g:  0
c       (shells)  s:  3 p:  2 d:  1 f:  0 g:  0
c       (shells)  s:  3 p:  2 d:  1 f:  0 g:  0
c       (shells)  s:  3 p:  2 d:  1 f:  0 g:  0
c       (shells)  s:  3 p:  2 d:  1 f:  0 g:  0
c       (shells)  s:  3 p:  2 d:  1 f:  0 g:  0
c       (shells)  s:  3 p:  2 d:  1 f:  0 g:  0
c       (shells)  s:  3 p:  2 d:  1 f:  0 g:  0
c       (shells)  s:  3 p:  2 d:  1 f:  0 g:  0
c       (shells)  s:  3 p:  2 d:  1 f:  0 g:  0
c       (shells)  s:  3 p:  2 d:  1 f:  0 g:  0
c       (shells)  s:  3 p:  2 d:  1 f:  0 g:  0
c       (shells)  s:  3 p:  2 d:  1 f:  0 g:  0
c       (shells)  s:  3 p:  2 d:  1 f:  0 g:  0
c       (shells)  s:  3 p:  2 d:  1 f:  0 g:  0
c       (shells)  s:  3 p:  2 d:  1 f:  0 g:  0
c       (shells)  s:  3 p:  2 d:  1 f:  0 g:  0
c       (shells)  s:  3 p:  2 d:  1 f:  0 g:  0
h       (shells)  s:  2 p:  0 d:  0 f:  0 g:  0
h       (shells)  s:  2 p:  0 d:  0 f:  0 g:  0
h       (shells)  s:  2 p:  0 d:  0 f:  0 g:  0
h       (shells)  s:  2 p:  0 d:  0 f:  0 g:  0
h       (shells)  s:  2 p:  0 d:  0 f:  0 g:  0
h       (shells)  s:  2 p:  0 d:  0 f:  0 g:  0
h       (shells)  s:  2 p:  0 d:  0 f:  0 g:  0
h       (shells)  s:  2 p:  0 d:  0 f:  0 g:  0
h       (shells)  s:  2 p:  0 d:  0 f:  0 g:  0
h       (shells)  s:  2 p:  0 d:  0 f:  0 g:  0
h       (shells)  s:  2 p:  0 d:  0 f:  0 g:  0
h       (shells)  s:  2 p:  0 d:  0 f:  0 g:  0
h       (shells)  s:  2 p:  0 d:  0 f:  0 g:  0
h       (shells)  s:  2 p:  0 d:  0 f:  0 g:  0
h       (shells)  s:  2 p:  0 d:  0 f:  0 g:  0
h       (shells)  s:  2 p:  0 d:  0 f:  0 g:  0
h       (shells)  s:  2 p:  0 d:  0 f:  0 g:  0
h       (shells)  s:  2 p:  0 d:  0 f:  0 g:  0
h       (shells)  s:  2 p:  0 d:  0 f:  0 g:  0
h       (shells)  s:  2 p:  0 d:  0 f:  0 g:  0
NMB set: (total    218 functions)
mo      (shells)  s:  2 p:  1 d:  1 f:  0 g:  0
dy      (shells)  s:  3 p:  2 d:  2 f:  1 g:  0
dy      (shells)  s:  3 p:  2 d:  2 f:  1 g:  0
s       (shells)  s:  3 p:  2 d:  0 f:  0 g:  0
s       (shells)  s:  3 p:  2 d:  0 f:  0 g:  0
s       (shells)  s:  3 p:  2 d:  0 f:  0 g:  0
s       (shells)  s:  3 p:  2 d:  0 f:  0 g:  0
c       (shells)  s:  2 p:  1 d:  0 f:  0 g:  0
c       (shells)  s:  2 p:  1 d:  0 f:  0 g:  0
c       (shells)  s:  2 p:  1 d:  0 f:  0 g:  0
c       (shells)  s:  2 p:  1 d:  0 f:  0 g:  0
c       (shells)  s:  2 p:  1 d:  0 f:  0 g:  0
c       (shells)  s:  2 p:  1 d:  0 f:  0 g:  0
c       (shells)  s:  2 p:  1 d:  0 f:  0 g:  0
c       (shells)  s:  2 p:  1 d:  0 f:  0 g:  0
c       (shells)  s:  2 p:  1 d:  0 f:  0 g:  0
c       (shells)  s:  2 p:  1 d:  0 f:  0 g:  0
c       (shells)  s:  2 p:  1 d:  0 f:  0 g:  0
c       (shells)  s:  2 p:  1 d:  0 f:  0 g:  0
c       (shells)  s:  2 p:  1 d:  0 f:  0 g:  0
c       (shells)  s:  2 p:  1 d:  0 f:  0 g:  0
c       (shells)  s:  2 p:  1 d:  0 f:  0 g:  0
c       (shells)  s:  2 p:  1 d:  0 f:  0 g:  0
c       (shells)  s:  2 p:  1 d:  0 f:  0 g:  0
c       (shells)  s:  2 p:  1 d:  0 f:  0 g:  0
c       (shells)  s:  2 p:  1 d:  0 f:  0 g:  0
c       (shells)  s:  2 p:  1 d:  0 f:  0 g:  0
h       (shells)  s:  1 p:  0 d:  0 f:  0 g:  0
h       (shells)  s:  1 p:  0 d:  0 f:  0 g:  0
h       (shells)  s:  1 p:  0 d:  0 f:  0 g:  0
h       (shells)  s:  1 p:  0 d:  0 f:  0 g:  0
h       (shells)  s:  1 p:  0 d:  0 f:  0 g:  0
h       (shells)  s:  1 p:  0 d:  0 f:  0 g:  0
h       (shells)  s:  1 p:  0 d:  0 f:  0 g:  0
h       (shells)  s:  1 p:  0 d:  0 f:  0 g:  0
h       (shells)  s:  1 p:  0 d:  0 f:  0 g:  0
h       (shells)  s:  1 p:  0 d:  0 f:  0 g:  0
h       (shells)  s:  1 p:  0 d:  0 f:  0 g:  0
h       (shells)  s:  1 p:  0 d:  0 f:  0 g:  0
h       (shells)  s:  1 p:  0 d:  0 f:  0 g:  0
h       (shells)  s:  1 p:  0 d:  0 f:  0 g:  0
h       (shells)  s:  1 p:  0 d:  0 f:  0 g:  0
h       (shells)  s:  1 p:  0 d:  0 f:  0 g:  0
h       (shells)  s:  1 p:  0 d:  0 f:  0 g:  0
h       (shells)  s:  1 p:  0 d:  0 f:  0 g:  0
h       (shells)  s:  1 p:  0 d:  0 f:  0 g:  0
h       (shells)  s:  1 p:  0 d:  0 f:  0 g:  0
NRB set: (total    336 functions)
mo      (shells)  s:  3 p:  2 d:  1 f:  0 g:  0
dy      (shells)  s:  7 p:  4 d:  2 f:  2 g:  0
dy      (shells)  s:  7 p:  4 d:  2 f:  2 g:  0
s       (shells)  s:  1 p:  1 d:  1 f:  0 g:  0
s       (shells)  s:  1 p:  1 d:  1 f:  0 g:  0
s       (shells)  s:  1 p:  1 d:  1 f:  0 g:  0
s       (shells)  s:  1 p:  1 d:  1 f:  0 g:  0
c       (shells)  s:  1 p:  1 d:  1 f:  0 g:  0
c       (shells)  s:  1 p:  1 d:  1 f:  0 g:  0
c       (shells)  s:  1 p:  1 d:  1 f:  0 g:  0
c       (shells)  s:  1 p:  1 d:  1 f:  0 g:  0
c       (shells)  s:  1 p:  1 d:  1 f:  0 g:  0
c       (shells)  s:  1 p:  1 d:  1 f:  0 g:  0
c       (shells)  s:  1 p:  1 d:  1 f:  0 g:  0
c       (shells)  s:  1 p:  1 d:  1 f:  0 g:  0
c       (shells)  s:  1 p:  1 d:  1 f:  0 g:  0
c       (shells)  s:  1 p:  1 d:  1 f:  0 g:  0
c       (shells)  s:  1 p:  1 d:  1 f:  0 g:  0
c       (shells)  s:  1 p:  1 d:  1 f:  0 g:  0
c       (shells)  s:  1 p:  1 d:  1 f:  0 g:  0
c       (shells)  s:  1 p:  1 d:  1 f:  0 g:  0
c       (shells)  s:  1 p:  1 d:  1 f:  0 g:  0
c       (shells)  s:  1 p:  1 d:  1 f:  0 g:  0
c       (shells)  s:  1 p:  1 d:  1 f:  0 g:  0
c       (shells)  s:  1 p:  1 d:  1 f:  0 g:  0
c       (shells)  s:  1 p:  1 d:  1 f:  0 g:  0
c       (shells)  s:  1 p:  1 d:  1 f:  0 g:  0
h       (shells)  s:  1 p:  0 d:  0 f:  0 g:  0
h       (shells)  s:  1 p:  0 d:  0 f:  0 g:  0
h       (shells)  s:  1 p:  0 d:  0 f:  0 g:  0
h       (shells)  s:  1 p:  0 d:  0 f:  0 g:  0
h       (shells)  s:  1 p:  0 d:  0 f:  0 g:  0
h       (shells)  s:  1 p:  0 d:  0 f:  0 g:  0
h       (shells)  s:  1 p:  0 d:  0 f:  0 g:  0
h       (shells)  s:  1 p:  0 d:  0 f:  0 g:  0
h       (shells)  s:  1 p:  0 d:  0 f:  0 g:  0
h       (shells)  s:  1 p:  0 d:  0 f:  0 g:  0
h       (shells)  s:  1 p:  0 d:  0 f:  0 g:  0
h       (shells)  s:  1 p:  0 d:  0 f:  0 g:  0
h       (shells)  s:  1 p:  0 d:  0 f:  0 g:  0
h       (shells)  s:  1 p:  0 d:  0 f:  0 g:  0
h       (shells)  s:  1 p:  0 d:  0 f:  0 g:  0
h       (shells)  s:  1 p:  0 d:  0 f:  0 g:  0
h       (shells)  s:  1 p:  0 d:  0 f:  0 g:  0
h       (shells)  s:  1 p:  0 d:  0 f:  0 g:  0
h       (shells)  s:  1 p:  0 d:  0 f:  0 g:  0
h       (shells)  s:  1 p:  0 d:  0 f:  0 g:  0

*********************
*** Total density ***
*********************

 Nr Atom            Natural Electron Configuration
--------------------------------------------------
   1 mo [ecp-28] [core] 5s( 0.47) 5p( 0.02) 4d( 5.37) 5d( 0.06)                                     
   2 dy [ecp-28] [core] 6s( 0.82) 7s( 0.06) 6p( 0.01) 5d( 1.42) 6d( 0.02) 4f( 8.51) 5f( 0.01)       
   3 dy [ecp-28] [core] 6s( 0.82) 7s( 0.06) 6p( 0.01) 5d( 1.42) 6d( 0.02) 4f( 8.51) 5f( 0.01)       
   4 s    [core]        3s( 1.82) 3p( 4.49) 3d( 0.01)                                               
   5 s    [core]        3s( 1.82) 3p( 4.49) 3d( 0.01)                                               
   6 s    [core]        3s( 1.82) 3p( 4.49) 3d( 0.01)                                               
   7 s    [core]        3s( 1.82) 3p( 4.49) 3d( 0.01)                                               
   8 c    [core]        2s( 0.96) 2p( 3.35) 3p( 0.02)                                               
   9 c    [core]        2s( 0.96) 2p( 3.35) 3p( 0.02)                                               
  10 c    [core]        2s( 0.96) 2p( 3.35) 3p( 0.02)                                               
  11 c    [core]        2s( 0.95) 2p( 3.37) 3p( 0.01)                                               
  12 c    [core]        2s( 0.95) 2p( 3.37) 3p( 0.01)                                               
  13 c    [core]        2s( 0.96) 2p( 3.35) 3p( 0.02)                                               
  14 c    [core]        2s( 0.96) 2p( 3.35) 3p( 0.02)                                               
  15 c    [core]        2s( 0.96) 2p( 3.35) 3p( 0.02)                                               
  16 c    [core]        2s( 0.95) 2p( 3.37) 3p( 0.01)                                               
  17 c    [core]        2s( 0.95) 2p( 3.37) 3p( 0.01)                                               
  18 c    [core]        2s( 0.96) 2p( 3.35) 3p( 0.02)                                               
  19 c    [core]        2s( 0.95) 2p( 3.37) 3p( 0.01)                                               
  20 c    [core]        2s( 0.95) 2p( 3.37) 3p( 0.01)                                               
  21 c    [core]        2s( 0.96) 2p( 3.35) 3p( 0.02)                                               
  22 c    [core]        2s( 0.96) 2p( 3.35) 3p( 0.02)                                               
  23 c    [core]        2s( 0.96) 2p( 3.35) 3p( 0.02)                                               
  24 c    [core]        2s( 0.95) 2p( 3.37) 3p( 0.01)                                               
  25 c    [core]        2s( 0.95) 2p( 3.37) 3p( 0.01)                                               
  26 c    [core]        2s( 0.96) 2p( 3.35) 3p( 0.02)                                               
  27 c    [core]        2s( 0.96) 2p( 3.35) 3p( 0.02)                                               
  28 h                  1s( 0.77)                                                                   
  29 h                  1s( 0.78)                                                                   
  30 h                  1s( 0.76)                                                                   
  31 h                  1s( 0.78)                                                                   
  32 h                  1s( 0.77)                                                                   
  33 h                  1s( 0.78)                                                                   
  34 h                  1s( 0.77)                                                                   
  35 h                  1s( 0.76)                                                                   
  36 h                  1s( 0.77)                                                                   
  37 h                  1s( 0.78)                                                                   
  38 h                  1s( 0.77)                                                                   
  39 h                  1s( 0.76)                                                                   
  40 h                  1s( 0.77)                                                                   
  41 h                  1s( 0.78)                                                                   
  42 h                  1s( 0.78)                                                                   
  43 h                  1s( 0.78)                                                                   
  44 h                  1s( 0.77)                                                                   
  45 h                  1s( 0.76)                                                                   
  46 h                  1s( 0.78)                                                                   
  47 h                  1s( 0.77)                                                                   

NATURAL POPULATIONS:  Natural atomic orbital occupancies

NAO   Atom  #       Type(AO)   Occupancy
----------------------------------------
    1 mo    1 s    Cor(4s)        1.99802
    2 mo    1 s    Val(5s)        0.46832
    3 mo    1 s    Ryd            0.00300
    4 mo    1 s    Ryd            0.00067
    5 mo    1 s    Ryd            0.00004
    6 mo    1 p    Cor(4px)       1.99232
    7 mo    1 p    Cor(4py)       1.99232
    8 mo    1 p    Cor(4pz)       1.99277
    9 mo    1 p    Ryd            0.00643
   10 mo    1 p    Ryd            0.00643
   11 mo    1 p    Ryd            0.00485
   12 mo    1 p    Ryd            0.00086
   13 mo    1 p    Ryd            0.00086
   14 mo    1 p    Ryd            0.00139
   15 mo    1 d    Val(4dz2)      1.16777
   16 mo    1 d    Val(4dxz)      1.04705
   17 mo    1 d    Val(4dyz)      1.04705
   18 mo    1 d    Val(4dxy)      1.09073
   19 mo    1 d    Val(4dx2-y2)   1.01394
   20 mo    1 d    Ryd            0.00706
   21 mo    1 d    Ryd            0.01545
   22 mo    1 d    Ryd            0.01545
   23 mo    1 d    Ryd            0.01737
   24 mo    1 d    Ryd            0.00043

   25 dy    2 s    Cor(4s)        1.99984
   26 dy    2 s    Cor(5s)        1.98531
   27 dy    2 s    Val(6s)        0.81692
   28 dy    2 s    Ryd            0.05547
   29 dy    2 s    Ryd            0.00132
   30 dy    2 s    Ryd            0.00092
   31 dy    2 s    Ryd            0.00003
   32 dy    2 s    Ryd            0.00002
   33 dy    2 s    Ryd            0.00000
   34 dy    2 s    Ryd            0.00000
   35 dy    2 p    Cor(4px)       1.99999
   36 dy    2 p    Cor(4py)       1.99999
   37 dy    2 p    Cor(4pz)       1.99999
   38 dy    2 p    Cor(5px)       1.99802
   39 dy    2 p    Cor(5py)       1.99802
   40 dy    2 p    Cor(5pz)       1.99734
   41 dy    2 p    Ryd            0.00292
   42 dy    2 p    Ryd            0.00292
   43 dy    2 p    Ryd            0.00186
   44 dy    2 p    Ryd            0.00093
   45 dy    2 p    Ryd            0.00093
   46 dy    2 p    Ryd            0.00137
   47 dy    2 p    Ryd            0.00023
   48 dy    2 p    Ryd            0.00023
   49 dy    2 p    Ryd            0.00027
   50 dy    2 p    Ryd            0.00000
   51 dy    2 p    Ryd            0.00000
   52 dy    2 p    Ryd            0.00000
   53 dy    2 d    Cor(4dz2)      1.99996
   54 dy    2 d    Cor(4dxz)      1.99997
   55 dy    2 d    Cor(4dyz)      1.99997
   56 dy    2 d    Cor(4dxy)      1.99996
   57 dy    2 d    Cor(4dx2-y2)   1.99996
   58 dy    2 d    Val(5dz2)      0.27984
   59 dy    2 d    Val(5dxz)      0.30762
   60 dy    2 d    Val(5dyz)      0.30762
   61 dy    2 d    Val(5dxy)      0.21304
   62 dy    2 d    Val(5dx2-y2)   0.31162
   63 dy    2 d    Ryd            0.00281
   64 dy    2 d    Ryd            0.00496
   65 dy    2 d    Ryd            0.00496
   66 dy    2 d    Ryd            0.00508
   67 dy    2 d    Ryd            0.00275
   68 dy    2 d    Ryd            0.00009
   69 dy    2 d    Ryd            0.00007
   70 dy    2 d    Ryd            0.00007
   71 dy    2 d    Ryd            0.00009
   72 dy    2 d    Ryd            0.00003
   73 dy    2 f    Val(4f0)       1.48565
   74 dy    2 f    Val(4fC1)      1.00667
   75 dy    2 f    Val(4fS1)      1.00667
   76 dy    2 f    Val(4fC2)      1.99014
   77 dy    2 f    Val(4fS2)      1.00610
   78 dy    2 f    Val(4fC3)      1.00724
   79 dy    2 f    Val(4fS3)      1.00724
   80 dy    2 f    Ryd            0.00100
   81 dy    2 f    Ryd            0.00064
   82 dy    2 f    Ryd            0.00064
   83 dy    2 f    Ryd            0.00101
   84 dy    2 f    Ryd            0.00060
   85 dy    2 f    Ryd            0.00063
   86 dy    2 f    Ryd            0.00063
   87 dy    2 f    Ryd            0.00002
   88 dy    2 f    Ryd            0.00001
   89 dy    2 f    Ryd            0.00001
   90 dy    2 f    Ryd            0.00003
   91 dy    2 f    Ryd            0.00001
   92 dy    2 f    Ryd            0.00001
   93 dy    2 f    Ryd            0.00001

   94 dy    3 s    Cor(4s)        1.99984
   95 dy    3 s    Cor(5s)        1.98531
   96 dy    3 s    Val(6s)        0.81692
   97 dy    3 s    Ryd            0.05547
   98 dy    3 s    Ryd            0.00132
   99 dy    3 s    Ryd            0.00092
  100 dy    3 s    Ryd            0.00003
  101 dy    3 s    Ryd            0.00002
  102 dy    3 s    Ryd            0.00000
  103 dy    3 s    Ryd            0.00000
  104 dy    3 p    Cor(4px)       1.99999
  105 dy    3 p    Cor(4py)       1.99999
  106 dy    3 p    Cor(4pz)       1.99999
  107 dy    3 p    Cor(5px)       1.99802
  108 dy    3 p    Cor(5py)       1.99802
  109 dy    3 p    Cor(5pz)       1.99734
  110 dy    3 p    Ryd            0.00292
  111 dy    3 p    Ryd            0.00292
  112 dy    3 p    Ryd            0.00186
  113 dy    3 p    Ryd            0.00093
  114 dy    3 p    Ryd            0.00093
  115 dy    3 p    Ryd            0.00137
  116 dy    3 p    Ryd            0.00023
  117 dy    3 p    Ryd            0.00023
  118 dy    3 p    Ryd            0.00027
  119 dy    3 p    Ryd            0.00000
  120 dy    3 p    Ryd            0.00000
  121 dy    3 p    Ryd            0.00000
  122 dy    3 d    Cor(4dz2)      1.99996
  123 dy    3 d    Cor(4dxz)      1.99997
  124 dy    3 d    Cor(4dyz)      1.99997
  125 dy    3 d    Cor(4dxy)      1.99996
  126 dy    3 d    Cor(4dx2-y2)   1.99996
  127 dy    3 d    Val(5dz2)      0.27984
  128 dy    3 d    Val(5dxz)      0.30762
  129 dy    3 d    Val(5dyz)      0.30762
  130 dy    3 d    Val(5dxy)      0.21304
  131 dy    3 d    Val(5dx2-y2)   0.31162
  132 dy    3 d    Ryd            0.00281
  133 dy    3 d    Ryd            0.00496
  134 dy    3 d    Ryd            0.00496
  135 dy    3 d    Ryd            0.00508
  136 dy    3 d    Ryd            0.00275
  137 dy    3 d    Ryd            0.00009
  138 dy    3 d    Ryd            0.00007
  139 dy    3 d    Ryd            0.00007
  140 dy    3 d    Ryd            0.00009
  141 dy    3 d    Ryd            0.00003
  142 dy    3 f    Val(4f0)       1.48565
  143 dy    3 f    Val(4fC1)      1.00667
  144 dy    3 f    Val(4fS1)      1.00667
  145 dy    3 f    Val(4fC2)      1.99014
  146 dy    3 f    Val(4fS2)      1.00610
  147 dy    3 f    Val(4fC3)      1.00724
  148 dy    3 f    Val(4fS3)      1.00724
  149 dy    3 f    Ryd            0.00100
  150 dy    3 f    Ryd            0.00064
  151 dy    3 f    Ryd            0.00064
  152 dy    3 f    Ryd            0.00101
  153 dy    3 f    Ryd            0.00060
  154 dy    3 f    Ryd            0.00063
  155 dy    3 f    Ryd            0.00063
  156 dy    3 f    Ryd            0.00002
  157 dy    3 f    Ryd            0.00001
  158 dy    3 f    Ryd            0.00001
  159 dy    3 f    Ryd            0.00003
  160 dy    3 f    Ryd            0.00001
  161 dy    3 f    Ryd            0.00001
  162 dy    3 f    Ryd            0.00001

  163 s     4 s    Cor(1s)        1.99999
  164 s     4 s    Cor(2s)        1.99964
  165 s     4 s    Val(3s)        1.82352
  166 s     4 s    Ryd            0.00431
  167 s     4 p    Cor(2px)       1.99988
  168 s     4 p    Cor(2py)       1.99988
  169 s     4 p    Cor(2pz)       1.99981
  170 s     4 p    Val(3px)       1.52342
  171 s     4 p    Val(3py)       1.52342
  172 s     4 p    Val(3pz)       1.44435
  173 s     4 p    Ryd            0.00097
  174 s     4 p    Ryd            0.00097
  175 s     4 p    Ryd            0.00173
  176 s     4 d    Ryd            0.00210
  177 s     4 d    Ryd            0.00232
  178 s     4 d    Ryd            0.00232
  179 s     4 d    Ryd            0.00269
  180 s     4 d    Ryd            0.00204

  181 s     5 s    Cor(1s)        1.99999
  182 s     5 s    Cor(2s)        1.99964
  183 s     5 s    Val(3s)        1.82352
  184 s     5 s    Ryd            0.00431
  185 s     5 p    Cor(2px)       1.99988
  186 s     5 p    Cor(2py)       1.99988
  187 s     5 p    Cor(2pz)       1.99981
  188 s     5 p    Val(3px)       1.52342
  189 s     5 p    Val(3py)       1.52342
  190 s     5 p    Val(3pz)       1.44435
  191 s     5 p    Ryd            0.00097
  192 s     5 p    Ryd            0.00097
  193 s     5 p    Ryd            0.00173
  194 s     5 d    Ryd            0.00210
  195 s     5 d    Ryd            0.00232
  196 s     5 d    Ryd            0.00232
  197 s     5 d    Ryd            0.00269
  198 s     5 d    Ryd            0.00204

  199 s     6 s    Cor(1s)        1.99999
  200 s     6 s    Cor(2s)        1.99964
  201 s     6 s    Val(3s)        1.82352
  202 s     6 s    Ryd            0.00431
  203 s     6 p    Cor(2px)       1.99988
  204 s     6 p    Cor(2py)       1.99988
  205 s     6 p    Cor(2pz)       1.99981
  206 s     6 p    Val(3px)       1.52342
  207 s     6 p    Val(3py)       1.52342
  208 s     6 p    Val(3pz)       1.44435
  209 s     6 p    Ryd            0.00097
  210 s     6 p    Ryd            0.00097
  211 s     6 p    Ryd            0.00173
  212 s     6 d    Ryd            0.00210
  213 s     6 d    Ryd            0.00232
  214 s     6 d    Ryd            0.00232
  215 s     6 d    Ryd            0.00269
  216 s     6 d    Ryd            0.00204

  217 s     7 s    Cor(1s)        1.99999
  218 s     7 s    Cor(2s)        1.99964
  219 s     7 s    Val(3s)        1.82352
  220 s     7 s    Ryd            0.00431
  221 s     7 p    Cor(2px)       1.99988
  222 s     7 p    Cor(2py)       1.99988
  223 s     7 p    Cor(2pz)       1.99981
  224 s     7 p    Val(3px)       1.52342
  225 s     7 p    Val(3py)       1.52342
  226 s     7 p    Val(3pz)       1.44435
  227 s     7 p    Ryd            0.00097
  228 s     7 p    Ryd            0.00097
  229 s     7 p    Ryd            0.00173
  230 s     7 d    Ryd            0.00210
  231 s     7 d    Ryd            0.00232
  232 s     7 d    Ryd            0.00232
  233 s     7 d    Ryd            0.00269
  234 s     7 d    Ryd            0.00204

  235 c     8 s    Cor(1s)        1.99889
  236 c     8 s    Val(2s)        0.95793
  237 c     8 s    Ryd            0.00378
  238 c     8 p    Val(2px)       1.14485
  239 c     8 p    Val(2py)       1.13212
  240 c     8 p    Val(2pz)       1.07247
  241 c     8 p    Ryd            0.00650
  242 c     8 p    Ryd            0.00357
  243 c     8 p    Ryd            0.00503
  244 c     8 d    Ryd            0.00086
  245 c     8 d    Ryd            0.00092
  246 c     8 d    Ryd            0.00081
  247 c     8 d    Ryd            0.00095
  248 c     8 d    Ryd            0.00083

  249 c     9 s    Cor(1s)        1.99888
  250 c     9 s    Val(2s)        0.95996
  251 c     9 s    Ryd            0.00367
  252 c     9 p    Val(2px)       1.07803
  253 c     9 p    Val(2py)       1.07803
  254 c     9 p    Val(2pz)       1.19324
  255 c     9 p    Ryd            0.00619
  256 c     9 p    Ryd            0.00619
  257 c     9 p    Ryd            0.00413
  258 c     9 d    Ryd            0.00115
  259 c     9 d    Ryd            0.00085
  260 c     9 d    Ryd            0.00085
  261 c     9 d    Ryd            0.00065
  262 c     9 d    Ryd            0.00084

  263 c    10 s    Cor(1s)        1.99889
  264 c    10 s    Val(2s)        0.95793
  265 c    10 s    Ryd            0.00378
  266 c    10 p    Val(2px)       1.13212
  267 c    10 p    Val(2py)       1.14485
  268 c    10 p    Val(2pz)       1.07247
  269 c    10 p    Ryd            0.00357
  270 c    10 p    Ryd            0.00650
  271 c    10 p    Ryd            0.00503
  272 c    10 d    Ryd            0.00086
  273 c    10 d    Ryd            0.00081
  274 c    10 d    Ryd            0.00092
  275 c    10 d    Ryd            0.00095
  276 c    10 d    Ryd            0.00083

  277 c    11 s    Cor(1s)        1.99891
  278 c    11 s    Val(2s)        0.95433
  279 c    11 s    Ryd            0.00404
  280 c    11 p    Val(2px)       1.15015
  281 c    11 p    Val(2py)       1.08239
  282 c    11 p    Val(2pz)       1.13414
  283 c    11 p    Ryd            0.00318
  284 c    11 p    Ryd            0.00533
  285 c    11 p    Ryd            0.00643
  286 c    11 d    Ryd            0.00089
  287 c    11 d    Ryd            0.00105
  288 c    11 d    Ryd            0.00079
  289 c    11 d    Ryd            0.00070
  290 c    11 d    Ryd            0.00091

  291 c    12 s    Cor(1s)        1.99891
  292 c    12 s    Val(2s)        0.95433
  293 c    12 s    Ryd            0.00404
  294 c    12 p    Val(2px)       1.08239
  295 c    12 p    Val(2py)       1.15015
  296 c    12 p    Val(2pz)       1.13414
  297 c    12 p    Ryd            0.00533
  298 c    12 p    Ryd            0.00318
  299 c    12 p    Ryd            0.00643
  300 c    12 d    Ryd            0.00089
  301 c    12 d    Ryd            0.00079
  302 c    12 d    Ryd            0.00105
  303 c    12 d    Ryd            0.00070
  304 c    12 d    Ryd            0.00091

  305 c    13 s    Cor(1s)        1.99889
  306 c    13 s    Val(2s)        0.95793
  307 c    13 s    Ryd            0.00378
  308 c    13 p    Val(2px)       1.13212
  309 c    13 p    Val(2py)       1.14485
  310 c    13 p    Val(2pz)       1.07247
  311 c    13 p    Ryd            0.00357
  312 c    13 p    Ryd            0.00650
  313 c    13 p    Ryd            0.00503
  314 c    13 d    Ryd            0.00086
  315 c    13 d    Ryd            0.00081
  316 c    13 d    Ryd            0.00092
  317 c    13 d    Ryd            0.00095
  318 c    13 d    Ryd            0.00083

  319 c    14 s    Cor(1s)        1.99888
  320 c    14 s    Val(2s)        0.95996
  321 c    14 s    Ryd            0.00367
  322 c    14 p    Val(2px)       1.07803
  323 c    14 p    Val(2py)       1.07803
  324 c    14 p    Val(2pz)       1.19324
  325 c    14 p    Ryd            0.00619
  326 c    14 p    Ryd            0.00619
  327 c    14 p    Ryd            0.00413
  328 c    14 d    Ryd            0.00115
  329 c    14 d    Ryd            0.00085
  330 c    14 d    Ryd            0.00085
  331 c    14 d    Ryd            0.00065
  332 c    14 d    Ryd            0.00084

  333 c    15 s    Cor(1s)        1.99889
  334 c    15 s    Val(2s)        0.95793
  335 c    15 s    Ryd            0.00378
  336 c    15 p    Val(2px)       1.14485
  337 c    15 p    Val(2py)       1.13212
  338 c    15 p    Val(2pz)       1.07247
  339 c    15 p    Ryd            0.00650
  340 c    15 p    Ryd            0.00357
  341 c    15 p    Ryd            0.00503
  342 c    15 d    Ryd            0.00086
  343 c    15 d    Ryd            0.00092
  344 c    15 d    Ryd            0.00081
  345 c    15 d    Ryd            0.00095
  346 c    15 d    Ryd            0.00083

  347 c    16 s    Cor(1s)        1.99891
  348 c    16 s    Val(2s)        0.95433
  349 c    16 s    Ryd            0.00404
  350 c    16 p    Val(2px)       1.08239
  351 c    16 p    Val(2py)       1.15015
  352 c    16 p    Val(2pz)       1.13414
  353 c    16 p    Ryd            0.00533
  354 c    16 p    Ryd            0.00318
  355 c    16 p    Ryd            0.00643
  356 c    16 d    Ryd            0.00089
  357 c    16 d    Ryd            0.00079
  358 c    16 d    Ryd            0.00105
  359 c    16 d    Ryd            0.00070
  360 c    16 d    Ryd            0.00091

  361 c    17 s    Cor(1s)        1.99891
  362 c    17 s    Val(2s)        0.95433
  363 c    17 s    Ryd            0.00404
  364 c    17 p    Val(2px)       1.15015
  365 c    17 p    Val(2py)       1.08239
  366 c    17 p    Val(2pz)       1.13414
  367 c    17 p    Ryd            0.00318
  368 c    17 p    Ryd            0.00533
  369 c    17 p    Ryd            0.00643
  370 c    17 d    Ryd            0.00089
  371 c    17 d    Ryd            0.00105
  372 c    17 d    Ryd            0.00079
  373 c    17 d    Ryd            0.00070
  374 c    17 d    Ryd            0.00091

  375 c    18 s    Cor(1s)        1.99889
  376 c    18 s    Val(2s)        0.95793
  377 c    18 s    Ryd            0.00378
  378 c    18 p    Val(2px)       1.13212
  379 c    18 p    Val(2py)       1.14485
  380 c    18 p    Val(2pz)       1.07247
  381 c    18 p    Ryd            0.00357
  382 c    18 p    Ryd            0.00650
  383 c    18 p    Ryd            0.00503
  384 c    18 d    Ryd            0.00086
  385 c    18 d    Ryd            0.00081
  386 c    18 d    Ryd            0.00092
  387 c    18 d    Ryd            0.00095
  388 c    18 d    Ryd            0.00083

  389 c    19 s    Cor(1s)        1.99891
  390 c    19 s    Val(2s)        0.95433
  391 c    19 s    Ryd            0.00404
  392 c    19 p    Val(2px)       1.15015
  393 c    19 p    Val(2py)       1.08239
  394 c    19 p    Val(2pz)       1.13414
  395 c    19 p    Ryd            0.00318
  396 c    19 p    Ryd            0.00533
  397 c    19 p    Ryd            0.00643
  398 c    19 d    Ryd            0.00089
  399 c    19 d    Ryd            0.00105
  400 c    19 d    Ryd            0.00079
  401 c    19 d    Ryd            0.00070
  402 c    19 d    Ryd            0.00091

  403 c    20 s    Cor(1s)        1.99891
  404 c    20 s    Val(2s)        0.95433
  405 c    20 s    Ryd            0.00404
  406 c    20 p    Val(2px)       1.08239
  407 c    20 p    Val(2py)       1.15015
  408 c    20 p    Val(2pz)       1.13414
  409 c    20 p    Ryd            0.00533
  410 c    20 p    Ryd            0.00318
  411 c    20 p    Ryd            0.00643
  412 c    20 d    Ryd            0.00089
  413 c    20 d    Ryd            0.00079
  414 c    20 d    Ryd            0.00105
  415 c    20 d    Ryd            0.00070
  416 c    20 d    Ryd            0.00091

  417 c    21 s    Cor(1s)        1.99889
  418 c    21 s    Val(2s)        0.95793
  419 c    21 s    Ryd            0.00378
  420 c    21 p    Val(2px)       1.14485
  421 c    21 p    Val(2py)       1.13212
  422 c    21 p    Val(2pz)       1.07247
  423 c    21 p    Ryd            0.00650
  424 c    21 p    Ryd            0.00357
  425 c    21 p    Ryd            0.00503
  426 c    21 d    Ryd            0.00086
  427 c    21 d    Ryd            0.00092
  428 c    21 d    Ryd            0.00081
  429 c    21 d    Ryd            0.00095
  430 c    21 d    Ryd            0.00083

  431 c    22 s    Cor(1s)        1.99888
  432 c    22 s    Val(2s)        0.95996
  433 c    22 s    Ryd            0.00367
  434 c    22 p    Val(2px)       1.07803
  435 c    22 p    Val(2py)       1.07803
  436 c    22 p    Val(2pz)       1.19324
  437 c    22 p    Ryd            0.00619
  438 c    22 p    Ryd            0.00619
  439 c    22 p    Ryd            0.00413
  440 c    22 d    Ryd            0.00115
  441 c    22 d    Ryd            0.00085
  442 c    22 d    Ryd            0.00085
  443 c    22 d    Ryd            0.00065
  444 c    22 d    Ryd            0.00084

  445 c    23 s    Cor(1s)        1.99889
  446 c    23 s    Val(2s)        0.95793
  447 c    23 s    Ryd            0.00378
  448 c    23 p    Val(2px)       1.14485
  449 c    23 p    Val(2py)       1.13212
  450 c    23 p    Val(2pz)       1.07247
  451 c    23 p    Ryd            0.00650
  452 c    23 p    Ryd            0.00357
  453 c    23 p    Ryd            0.00503
  454 c    23 d    Ryd            0.00086
  455 c    23 d    Ryd            0.00092
  456 c    23 d    Ryd            0.00081
  457 c    23 d    Ryd            0.00095
  458 c    23 d    Ryd            0.00083

  459 c    24 s    Cor(1s)        1.99891
  460 c    24 s    Val(2s)        0.95433
  461 c    24 s    Ryd            0.00404
  462 c    24 p    Val(2px)       1.08239
  463 c    24 p    Val(2py)       1.15015
  464 c    24 p    Val(2pz)       1.13414
  465 c    24 p    Ryd            0.00533
  466 c    24 p    Ryd            0.00318
  467 c    24 p    Ryd            0.00643
  468 c    24 d    Ryd            0.00089
  469 c    24 d    Ryd            0.00079
  470 c    24 d    Ryd            0.00105
  471 c    24 d    Ryd            0.00070
  472 c    24 d    Ryd            0.00091

  473 c    25 s    Cor(1s)        1.99891
  474 c    25 s    Val(2s)        0.95433
  475 c    25 s    Ryd            0.00404
  476 c    25 p    Val(2px)       1.15015
  477 c    25 p    Val(2py)       1.08239
  478 c    25 p    Val(2pz)       1.13414
  479 c    25 p    Ryd            0.00318
  480 c    25 p    Ryd            0.00533
  481 c    25 p    Ryd            0.00643
  482 c    25 d    Ryd            0.00089
  483 c    25 d    Ryd            0.00105
  484 c    25 d    Ryd            0.00079
  485 c    25 d    Ryd            0.00070
  486 c    25 d    Ryd            0.00091

  487 c    26 s    Cor(1s)        1.99889
  488 c    26 s    Val(2s)        0.95793
  489 c    26 s    Ryd            0.00378
  490 c    26 p    Val(2px)       1.13212
  491 c    26 p    Val(2py)       1.14485
  492 c    26 p    Val(2pz)       1.07247
  493 c    26 p    Ryd            0.00357
  494 c    26 p    Ryd            0.00650
  495 c    26 p    Ryd            0.00503
  496 c    26 d    Ryd            0.00086
  497 c    26 d    Ryd            0.00081
  498 c    26 d    Ryd            0.00092
  499 c    26 d    Ryd            0.00095
  500 c    26 d    Ryd            0.00083

  501 c    27 s    Cor(1s)        1.99888
  502 c    27 s    Val(2s)        0.95996
  503 c    27 s    Ryd            0.00367
  504 c    27 p    Val(2px)       1.07803
  505 c    27 p    Val(2py)       1.07803
  506 c    27 p    Val(2pz)       1.19324
  507 c    27 p    Ryd            0.00619
  508 c    27 p    Ryd            0.00619
  509 c    27 p    Ryd            0.00413
  510 c    27 d    Ryd            0.00115
  511 c    27 d    Ryd            0.00085
  512 c    27 d    Ryd            0.00085
  513 c    27 d    Ryd            0.00065
  514 c    27 d    Ryd            0.00084

  515 h    28 s    Val(1s)        0.76827
  516 h    28 s    Ryd            0.00142

  517 h    29 s    Val(1s)        0.77692
  518 h    29 s    Ryd            0.00119

  519 h    30 s    Val(1s)        0.75814
  520 h    30 s    Ryd            0.00188

  521 h    31 s    Val(1s)        0.77692
  522 h    31 s    Ryd            0.00119

  523 h    32 s    Val(1s)        0.76827
  524 h    32 s    Ryd            0.00142

  525 h    33 s    Val(1s)        0.77692
  526 h    33 s    Ryd            0.00119

  527 h    34 s    Val(1s)        0.76827
  528 h    34 s    Ryd            0.00142

  529 h    35 s    Val(1s)        0.75814
  530 h    35 s    Ryd            0.00188

  531 h    36 s    Val(1s)        0.76827
  532 h    36 s    Ryd            0.00142

  533 h    37 s    Val(1s)        0.77692
  534 h    37 s    Ryd            0.00119

  535 h    38 s    Val(1s)        0.76827
  536 h    38 s    Ryd            0.00142

  537 h    39 s    Val(1s)        0.75814
  538 h    39 s    Ryd            0.00188

  539 h    40 s    Val(1s)        0.76827
  540 h    40 s    Ryd            0.00142

  541 h    41 s    Val(1s)        0.77692
  542 h    41 s    Ryd            0.00119

  543 h    42 s    Val(1s)        0.77692
  544 h    42 s    Ryd            0.00119

  545 h    43 s    Val(1s)        0.77692
  546 h    43 s    Ryd            0.00119

  547 h    44 s    Val(1s)        0.76827
  548 h    44 s    Ryd            0.00142

  549 h    45 s    Val(1s)        0.75814
  550 h    45 s    Ryd            0.00188

  551 h    46 s    Val(1s)        0.77692
  552 h    46 s    Ryd            0.00119

  553 h    47 s    Val(1s)        0.76827
  554 h    47 s    Ryd            0.00142

Summary of Natural Population Analysis:
                                      Natural Population
                 Natural   -----------------------------------
Atom No          Charge       Core        Valence     Rydberg     Total
               ----------------------------------------------------------
  1  mo           0.10941     7.97544     5.83486     0.08029    13.89059
  2  dy           1.17968    25.97834    10.74636     0.09563    36.82032
  3  dy           1.17968    25.97834    10.74636     0.09563    36.82032
  4  s           -0.33338     9.99921     6.31470     0.01946    16.33338
  5  s           -0.33338     9.99921     6.31470     0.01946    16.33338
  6  s           -0.33338     9.99921     6.31470     0.01946    16.33338
  7  s           -0.33338     9.99921     6.31470     0.01946    16.33338
  8  c           -0.32952     1.99889     4.30736     0.02327     6.32952
  9  c           -0.33267     1.99888     4.30926     0.02452     6.33267
 10  c           -0.32952     1.99889     4.30736     0.02327     6.32952
 11  c           -0.34323     1.99891     4.32101     0.02332     6.34323
 12  c           -0.34323     1.99891     4.32101     0.02332     6.34323
 13  c           -0.32952     1.99889     4.30736     0.02327     6.32952
 14  c           -0.33267     1.99888     4.30926     0.02452     6.33267
 15  c           -0.32952     1.99889     4.30736     0.02327     6.32952
 16  c           -0.34323     1.99891     4.32101     0.02332     6.34323
 17  c           -0.34323     1.99891     4.32101     0.02332     6.34323
 18  c           -0.32952     1.99889     4.30736     0.02327     6.32952
 19  c           -0.34323     1.99891     4.32101     0.02332     6.34323
 20  c           -0.34323     1.99891     4.32101     0.02332     6.34323
 21  c           -0.32952     1.99889     4.30736     0.02327     6.32952
 22  c           -0.33267     1.99888     4.30926     0.02452     6.33267
 23  c           -0.32952     1.99889     4.30736     0.02327     6.32952
 24  c           -0.34323     1.99891     4.32101     0.02332     6.34323
 25  c           -0.34323     1.99891     4.32101     0.02332     6.34323
 26  c           -0.32952     1.99889     4.30736     0.02327     6.32952
 27  c           -0.33267     1.99888     4.30926     0.02452     6.33267
 28  h            0.23031     0.00000     0.76827     0.00142     0.76969
 29  h            0.22189     0.00000     0.77692     0.00119     0.77811
 30  h            0.23998     0.00000     0.75814     0.00188     0.76002
 31  h            0.22189     0.00000     0.77692     0.00119     0.77811
 32  h            0.23031     0.00000     0.76827     0.00142     0.76969
 33  h            0.22189     0.00000     0.77692     0.00119     0.77811
 34  h            0.23031     0.00000     0.76827     0.00142     0.76969
 35  h            0.23998     0.00000     0.75814     0.00188     0.76002
 36  h            0.23031     0.00000     0.76827     0.00142     0.76969
 37  h            0.22189     0.00000     0.77692     0.00119     0.77811
 38  h            0.23031     0.00000     0.76827     0.00142     0.76969
 39  h            0.23998     0.00000     0.75814     0.00188     0.76002
 40  h            0.23031     0.00000     0.76827     0.00142     0.76969
 41  h            0.22189     0.00000     0.77692     0.00119     0.77811
 42  h            0.22189     0.00000     0.77692     0.00119     0.77811
 43  h            0.22189     0.00000     0.77692     0.00119     0.77811
 44  h            0.23031     0.00000     0.76827     0.00142     0.76969
 45  h            0.23998     0.00000     0.75814     0.00188     0.76002
 46  h            0.22189     0.00000     0.77692     0.00119     0.77811
 47  h            0.23031     0.00000     0.76827     0.00142     0.76969
               ----------------------------------------------------------
 * Total *       -1.00000   139.90687   154.24447     0.84866   295.00000

For all atoms:
Core                     139.90687(  99.9335% of  140)
Valence                  154.24447(  99.5126% of  155)
Natural Minimal Basis    294.15134(  99.7123% of  295)
Natural Rydberg Basis      0.84866(   0.2877% of  295)

 ==============================================================================

atomic populations from total density:
atom          charge    n(s)      n(p)      n(d)      n(f)      n(g)
  1 mo         0.10941   2.47005   5.99823   5.42230   0.00000   0.00000
  2 dy         1.17968   4.85984  12.00503  11.44050   8.51495   0.00000
  3 dy         1.17968   4.85984  12.00503  11.44050   8.51495   0.00000
  4 s         -0.33338   5.82746  10.49444   0.01148   0.00000   0.00000
  5 s         -0.33338   5.82746  10.49444   0.01148   0.00000   0.00000
  6 s         -0.33338   5.82746  10.49444   0.01148   0.00000   0.00000
  7 s         -0.33338   5.82746  10.49444   0.01148   0.00000   0.00000
  8 c         -0.32952   2.96060   3.36454   0.00438   0.00000   0.00000
  9 c         -0.33267   2.96251   3.36581   0.00434   0.00000   0.00000
 10 c         -0.32952   2.96060   3.36454   0.00438   0.00000   0.00000
 11 c         -0.34323   2.95727   3.38162   0.00434   0.00000   0.00000
 12 c         -0.34323   2.95727   3.38162   0.00434   0.00000   0.00000
 13 c         -0.32952   2.96060   3.36454   0.00438   0.00000   0.00000
 14 c         -0.33267   2.96251   3.36581   0.00434   0.00000   0.00000
 15 c         -0.32952   2.96060   3.36454   0.00438   0.00000   0.00000
 16 c         -0.34323   2.95727   3.38162   0.00434   0.00000   0.00000
 17 c         -0.34323   2.95727   3.38162   0.00434   0.00000   0.00000
 18 c         -0.32952   2.96060   3.36454   0.00438   0.00000   0.00000
 19 c         -0.34323   2.95727   3.38162   0.00434   0.00000   0.00000
 20 c         -0.34323   2.95727   3.38162   0.00434   0.00000   0.00000
 21 c         -0.32952   2.96060   3.36454   0.00438   0.00000   0.00000
 22 c         -0.33267   2.96251   3.36581   0.00434   0.00000   0.00000
 23 c         -0.32952   2.96060   3.36454   0.00438   0.00000   0.00000
 24 c         -0.34323   2.95727   3.38162   0.00434   0.00000   0.00000
 25 c         -0.34323   2.95727   3.38162   0.00434   0.00000   0.00000
 26 c         -0.32952   2.96060   3.36454   0.00438   0.00000   0.00000
 27 c         -0.33267   2.96251   3.36581   0.00434   0.00000   0.00000
 28 h          0.23031   0.76969   0.00000   0.00000   0.00000   0.00000
 29 h          0.22189   0.77811   0.00000   0.00000   0.00000   0.00000
 30 h          0.23998   0.76002   0.00000   0.00000   0.00000   0.00000
 31 h          0.22189   0.77811   0.00000   0.00000   0.00000   0.00000
 32 h          0.23031   0.76969   0.00000   0.00000   0.00000   0.00000
 33 h          0.22189   0.77811   0.00000   0.00000   0.00000   0.00000
 34 h          0.23031   0.76969   0.00000   0.00000   0.00000   0.00000
 35 h          0.23998   0.76002   0.00000   0.00000   0.00000   0.00000
 36 h          0.23031   0.76969   0.00000   0.00000   0.00000   0.00000
 37 h          0.22189   0.77811   0.00000   0.00000   0.00000   0.00000
 38 h          0.23031   0.76969   0.00000   0.00000   0.00000   0.00000
 39 h          0.23998   0.76002   0.00000   0.00000   0.00000   0.00000
 40 h          0.23031   0.76969   0.00000   0.00000   0.00000   0.00000
 41 h          0.22189   0.77811   0.00000   0.00000   0.00000   0.00000
 42 h          0.22189   0.77811   0.00000   0.00000   0.00000   0.00000
 43 h          0.22189   0.77811   0.00000   0.00000   0.00000   0.00000
 44 h          0.23031   0.76969   0.00000   0.00000   0.00000   0.00000
 45 h          0.23998   0.76002   0.00000   0.00000   0.00000   0.00000
 46 h          0.22189   0.77811   0.00000   0.00000   0.00000   0.00000
 47 h          0.23031   0.76969   0.00000   0.00000   0.00000   0.00000

 ==============================================================================

 
 moments (from total density versus population analysis)
 <charge> =            -1.000000           -1.000000
 <xx  >   =          -205.534086           -9.706263
 <yy  >   =          -205.534086           -9.706263
 <zz  >   =          -232.389446          -47.842385
 <xy  >   =            -0.000000            0.000000
 <xz  >   =            -0.000000           -0.000000
 <yz  >   =            -0.000000            0.000000


nbfiat:  1  5  9 10  0  0  0  0  0  0  0  0
nbfiat:  2 10 18 20 21  0  0  0  0  0  0  0
nbfiat:  3 10 18 20 21  0  0  0  0  0  0  0
nbfiat:  4  4  9  5  0  0  0  0  0  0  0  0
nbfiat:  5  4  9  5  0  0  0  0  0  0  0  0
nbfiat:  6  4  9  5  0  0  0  0  0  0  0  0
nbfiat:  7  4  9  5  0  0  0  0  0  0  0  0
nbfiat:  8  3  6  5  0  0  0  0  0  0  0  0
nbfiat:  9  3  6  5  0  0  0  0  0  0  0  0
nbfiat: 10  3  6  5  0  0  0  0  0  0  0  0
nbfiat: 11  3  6  5  0  0  0  0  0  0  0  0
nbfiat: 12  3  6  5  0  0  0  0  0  0  0  0
nbfiat: 13  3  6  5  0  0  0  0  0  0  0  0
nbfiat: 14  3  6  5  0  0  0  0  0  0  0  0
nbfiat: 15  3  6  5  0  0  0  0  0  0  0  0
nbfiat: 16  3  6  5  0  0  0  0  0  0  0  0
nbfiat: 17  3  6  5  0  0  0  0  0  0  0  0
nbfiat: 18  3  6  5  0  0  0  0  0  0  0  0
nbfiat: 19  3  6  5  0  0  0  0  0  0  0  0
nbfiat: 20  3  6  5  0  0  0  0  0  0  0  0
nbfiat: 21  3  6  5  0  0  0  0  0  0  0  0
nbfiat: 22  3  6  5  0  0  0  0  0  0  0  0
nbfiat: 23  3  6  5  0  0  0  0  0  0  0  0
nbfiat: 24  3  6  5  0  0  0  0  0  0  0  0
nbfiat: 25  3  6  5  0  0  0  0  0  0  0  0
nbfiat: 26  3  6  5  0  0  0  0  0  0  0  0
nbfiat: 27  3  6  5  0  0  0  0  0  0  0  0
nbfiat: 28  2  0  0  0  0  0  0  0  0  0  0
nbfiat: 29  2  0  0  0  0  0  0  0  0  0  0
nbfiat: 30  2  0  0  0  0  0  0  0  0  0  0
nbfiat: 31  2  0  0  0  0  0  0  0  0  0  0
nbfiat: 32  2  0  0  0  0  0  0  0  0  0  0
nbfiat: 33  2  0  0  0  0  0  0  0  0  0  0
nbfiat: 34  2  0  0  0  0  0  0  0  0  0  0
nbfiat: 35  2  0  0  0  0  0  0  0  0  0  0
nbfiat: 36  2  0  0  0  0  0  0  0  0  0  0
nbfiat: 37  2  0  0  0  0  0  0  0  0  0  0
nbfiat: 38  2  0  0  0  0  0  0  0  0  0  0
nbfiat: 39  2  0  0  0  0  0  0  0  0  0  0
nbfiat: 40  2  0  0  0  0  0  0  0  0  0  0
nbfiat: 41  2  0  0  0  0  0  0  0  0  0  0
nbfiat: 42  2  0  0  0  0  0  0  0  0  0  0
nbfiat: 43  2  0  0  0  0  0  0  0  0  0  0
nbfiat: 44  2  0  0  0  0  0  0  0  0  0  0
nbfiat: 45  2  0  0  0  0  0  0  0  0  0  0
nbfiat: 46  2  0  0  0  0  0  0  0  0  0  0
nbfiat: 47  2  0  0  0  0  0  0  0  0  0  0
***********************************
*** Spin density (Dalpha-Dbeta) ***
***********************************

 ==============================================================================

atomic populations from spin  density:
atom          sum       n(s)      n(p)      n(d)      n(f)      n(g)
  1 mo         0.61428   0.01281   0.04092   0.56054   0.00000   0.00000
  2 dy         6.38612   0.63176   0.05362   0.24263   5.45812   0.00000
  3 dy         6.38612   0.63176   0.05362   0.24263   5.45812   0.00000
  4 s         -0.05573   0.00811  -0.06502   0.00117   0.00000   0.00000
  5 s         -0.05573   0.00811  -0.06502   0.00117   0.00000   0.00000
  6 s         -0.05573   0.00811  -0.06502   0.00117   0.00000   0.00000
  7 s         -0.05573   0.00811  -0.06502   0.00117   0.00000   0.00000
  8 c         -0.01644  -0.00013  -0.01635   0.00004   0.00000   0.00000
  9 c          0.00278   0.00053   0.00223   0.00002   0.00000   0.00000
 10 c         -0.01644  -0.00013  -0.01635   0.00004   0.00000   0.00000
 11 c         -0.00633  -0.00060  -0.00576   0.00003   0.00000   0.00000
 12 c         -0.00633  -0.00060  -0.00576   0.00003   0.00000   0.00000
 13 c         -0.01644  -0.00013  -0.01635   0.00004   0.00000   0.00000
 14 c          0.00278   0.00053   0.00223   0.00002   0.00000   0.00000
 15 c         -0.01644  -0.00013  -0.01635   0.00004   0.00000   0.00000
 16 c         -0.00633  -0.00060  -0.00576   0.00003   0.00000   0.00000
 17 c         -0.00633  -0.00060  -0.00576   0.00003   0.00000   0.00000
 18 c         -0.01644  -0.00013  -0.01635   0.00004   0.00000   0.00000
 19 c         -0.00633  -0.00060  -0.00576   0.00003   0.00000   0.00000
 20 c         -0.00633  -0.00060  -0.00576   0.00003   0.00000   0.00000
 21 c         -0.01644  -0.00013  -0.01635   0.00004   0.00000   0.00000
 22 c          0.00278   0.00053   0.00223   0.00002   0.00000   0.00000
 23 c         -0.01644  -0.00013  -0.01635   0.00004   0.00000   0.00000
 24 c         -0.00633  -0.00060  -0.00576   0.00003   0.00000   0.00000
 25 c         -0.00633  -0.00060  -0.00576   0.00003   0.00000   0.00000
 26 c         -0.01644  -0.00013  -0.01635   0.00004   0.00000   0.00000
 27 c          0.00278   0.00053   0.00223   0.00002   0.00000   0.00000
 28 h          0.00041   0.00041   0.00000   0.00000   0.00000   0.00000
 29 h          0.00015   0.00015   0.00000   0.00000   0.00000   0.00000
 30 h          0.00073   0.00073   0.00000   0.00000   0.00000   0.00000
 31 h          0.00015   0.00015   0.00000   0.00000   0.00000   0.00000
 32 h          0.00041   0.00041   0.00000   0.00000   0.00000   0.00000
 33 h          0.00015   0.00015   0.00000   0.00000   0.00000   0.00000
 34 h          0.00041   0.00041   0.00000   0.00000   0.00000   0.00000
 35 h          0.00073   0.00073   0.00000   0.00000   0.00000   0.00000
 36 h          0.00041   0.00041   0.00000   0.00000   0.00000   0.00000
 37 h          0.00015   0.00015   0.00000   0.00000   0.00000   0.00000
 38 h          0.00041   0.00041   0.00000   0.00000   0.00000   0.00000
 39 h          0.00073   0.00073   0.00000   0.00000   0.00000   0.00000
 40 h          0.00041   0.00041   0.00000   0.00000   0.00000   0.00000
 41 h          0.00015   0.00015   0.00000   0.00000   0.00000   0.00000
 42 h          0.00015   0.00015   0.00000   0.00000   0.00000   0.00000
 43 h          0.00015   0.00015   0.00000   0.00000   0.00000   0.00000
 44 h          0.00041   0.00041   0.00000   0.00000   0.00000   0.00000
 45 h          0.00073   0.00073   0.00000   0.00000   0.00000   0.00000
 46 h          0.00015   0.00015   0.00000   0.00000   0.00000   0.00000
 47 h          0.00041   0.00041   0.00000   0.00000   0.00000   0.00000
 
 
 ==============================================================================
                      CALCULATION OF QUANTITIES ON GRID
 ==============================================================================
 
 
     output format: .cub (cube format)
 
 
 quantities to be calculated are 
 amplitudes of    2 MOs
 
 calculation at a grid of  157*  102*  102 points
 
 origin at            0.00000        0.00000        0.00000
 
 normalised grid vectors:
                        x              y              z
  1. vector:         0.00000        0.00000        1.00000
  2. vector:         0.00000        1.00000        0.00000
  3. vector:         1.00000        0.00000        0.00000
 
                     minimum       increment       maximum
  1. vector:       -15.69213        0.20118       15.69213
  2. vector:       -10.19579        0.20190       10.19579
  3. vector:       -10.19579        0.20190       10.19579
 
 amplitudes on grid will be calculated for
  MO   col spin   energy/a.u   output file
  27a1     b      -0.04970     27a1_b.cub                              
  27b2     b      -0.04160     27b2_b.cub                              
 
 ==============================================================================
 
HOMO-LUMO Separation
 HOMO         :   -0.04970391 H =     -1.35251 eV
 LUMO         :   -0.04159773 H =     -1.13193 eV
 HOMO-LUMO gap:    0.00810618 H =     +0.22058 eV
 
 ==============================================================================


    ------------------------------------------------------------------------
         total  cpu-time :   7.35 seconds
         total wall-time :   7.89 seconds
    ------------------------------------------------------------------------

   ****  ridft : all done  ****


    2020-07-23 12:55:21.629 

