           SMPCPUS    set: Shared-memory Parallelization with  20 CPUs.

           SMP Parallelization Reference:
           C. van Wullen, J. Comput. Chem. 32 (2011) 1195--1201

 escf (hpc3-15-29) : TURBOMOLE rev. V7.5.0 compiled 13 Jun 2020 at 23:29:25
 Copyright (C) 2020 TURBOMOLE GmbH, Karlsruhe


    2020-09-10 21:31:49.001 




                                e s c f

                             TURBOMOLE GmbH


          integral direct evaluation of 

                    * excitation energies and transition moments 
                    * dynamic response properties 
                    * stabilities



          references (see also programs dscf and ridft) 

          implementation and benchmarks (review) 
          F. Furche and D. Rappoport,  
          "Density functional methods for excited states: 
          equilibrium structure and electronic spectra",
          ch. III of "Computational Photochemistry", ed. by 
          M. Olivucci, vol. 16 of "Theoretical and Computational 
          Chemistry", Elsevier, Amsterdam, 2005.

          Bethe-Salpeter equation
          K. Krause and W. Klopper,
          J. Comput. Chem. 38 (2017) 383.

          2c BSE, GW and hybrid TD-DFT
          C. Holzer and W. Klopper
          J. Chem. Phys. 150, 204116 (2019)

          nonorthonormal Krylov space methods 
          F. Furche, B. T. Krull, B. D. Nguyen, and J. Kwon, 
          J. Chem. Phys. 144 (2016), 174105.

          two-component GW quasi particle energies 
          M. Kuehn and F. Weigend, 
          J. Chem. Theory Comput. 11 (2015), 969.

          two-component TDDFT with spin-orbit coupling 
          M. Kuehn and F. Weigend, 
          J. Chem. Theory Comput. 9 (2013), 5341.
          M. Kuehn and F. Weigend, 
          J. Chem. Phys. 142 (2015), 034116.

          GW quasi particle energies
          M. J. van Setten, F. Weigend, and F. Evers,
          J. Chem. Theory Comput. 9 (2013), 232.

          Fast GW methods: RIGW, contour deformation
          J. Chem. Phys. 150, 204116 (2019)

          current-density dependent meta-GGA Linear Response
          J. E. Bates and F. Furche, 
          J. Chem. Phys. 137 (2012), 164105.

          spin-flip method 
          M. Kuehn and F. Weigend, 
          Chem. Phys. Chem. 12 (2011), 3331.

          RI-J method 
          R. Bauernschmitt, M. Haeser, O. Treutler, and R. Ahlrichs,
          Chem. Phys. Lett. 264 (1997), 573.

          density functional implementation               
          R. Bauernschmitt and R. Ahlrichs,
          Chem. Phys. Lett. 256 (1996), 454.
          R. Bauernschmitt and R. Ahlrichs,
          J. Chem. Phys. 104 (1996), 9047.

          UHF extension (RPA and CIS)
          C. Ochsenfeld, J. Gauss, and R. Ahlrichs, 
          J. Chem. Phys. 103 (1995), 7401.

          integral direct algorithm                 
          H. Weiss, R. Ahlrichs, and M. Haeser, 
          J. Chem. Phys. 99 (1993), 1262.

          Seminumerical and pseudospectral algorithms
          C. Holzer, in preparation (2020)

          Two-component static/dynamic polarizabilities,
          and relativistic damped-response approach,
          polarizabilities and damped response at GW-BSE level
          M. Kehry, Y. J. Franzke, C. Holzer, and W. Klopper,
          Mol. Phys. (2020)
                                     



 UHF mode switched on !


              +--------------------------------------------------+
              | Atomic coordinate, charge and isotop information |
              +--------------------------------------------------+

                    atomic coordinates            atom    charge  isotop
          0.00000000    0.00000000    0.66198533    mo    42.000     0
         -0.46933738    6.63350832    0.17064397    gd    64.000     0
          1.97364126    2.82613098    2.99020955    s     16.000     0
         -2.66009996    2.16826330   -1.68975110    s     16.000     0
          2.66009996   -2.16826330   -1.68975110    s     16.000     0
         -1.97364126   -2.82613098    2.99020955    s     16.000     0
          4.06039781    6.41474429   -2.38794437    c      6.000     0
          2.18743523    6.12213017   -4.28175161    c      6.000     0
          0.81474829    8.42591163   -4.45933517    c      6.000     0
          1.87036351   10.16379766   -2.69771478    c      6.000     0
          3.85118398    8.89978044   -1.38670914    c      6.000     0
         -2.33900136    7.90311711    4.79225674    c      6.000     0
         -4.19980445    6.29151283    3.72190827    c      6.000     0
         -5.29927751    7.57733417    1.63793578    c      6.000     0
         -4.15285024   10.00139802    1.44645722    c      6.000     0
         -2.31596565   10.20311115    3.39903436    c      6.000     0
         -1.26484698    8.95747408   -6.31644952    c      6.000     0
          1.29798612   12.93453278   -2.54775860    c      6.000     0
          1.87445431    3.87806781   -5.98445405    c      6.000     0
          5.56293379   10.03849891    0.56972791    c      6.000     0
          6.08080873    4.53665934   -1.73847222    c      6.000     0
         -0.82436686   12.50776918    4.11593164    c      6.000     0
         -4.94564036    3.73847689    4.69500036    c      6.000     0
         -7.44515998    6.65324770    0.03022937    c      6.000     0
         -5.01716785   12.05560798   -0.30759801    c      6.000     0
          3.05564616    4.06482604   -7.68038123    h      1.000     0
         -0.08087414    3.66827894   -6.60878690    h      1.000     0
         -3.33488830    2.75105644    5.52645829    h      1.000     0
         -6.41475005    3.88470271    6.15195632    h      1.000     0
          2.40056339    2.12333299   -5.03705651    h      1.000     0
         -5.67149507    2.53779263    3.18219948    h      1.000     0
          6.67344575    4.71137745    0.23046733    h      1.000     0
          7.76087901    4.81677090   -2.92370958    h      1.000     0
          5.43369986    2.59697920   -2.00939768    h      1.000     0
         -7.25454481    7.27324246   -1.93288117    h      1.000     0
         -9.26849129    7.36677634    0.71553826    h      1.000     0
         -7.54107629    4.59282397    0.02429660    h      1.000     0
         -0.80682916    7.38167917    7.12097249    c      6.000     0
         -1.71698797    8.15962499    8.81501298    h      1.000     0
          1.07606019    8.22673892    7.00396748    h      1.000     0
         -0.56082022    5.35505116    7.41706192    h      1.000     0
         -0.52096172    9.35801293   -8.20987302    h      1.000     0
         -2.38961049   10.59165055   -5.74660698    h      1.000     0
          4.70346371   11.69322103    1.45528633    h      1.000     0
         -3.74079967   13.67246508   -0.26756590    h      1.000     0
         -1.52575643   13.32396291    5.88741819    h      1.000     0
          2.59296360   14.01405949   -3.75626387    h      1.000     0
         -2.54919049    7.34737114   -6.50502377    h      1.000     0
          0.46933738   -6.63350832    0.17064397    gd    64.000     0
          2.33900136   -7.90311711    4.79225674    c      6.000     0
         -0.81474829   -8.42591163   -4.45933517    c      6.000     0
          5.29927751   -7.57733417    1.63793578    c      6.000     0
         -4.06039781   -6.41474429   -2.38794437    c      6.000     0
          4.19980445   -6.29151283    3.72190827    c      6.000     0
         -2.18743523   -6.12213017   -4.28175161    c      6.000     0
          4.15285024  -10.00139802    1.44645722    c      6.000     0
         -3.85118398   -8.89978044   -1.38670914    c      6.000     0
          2.31596565  -10.20311115    3.39903436    c      6.000     0
         -1.87036351  -10.16379766   -2.69771478    c      6.000     0
          7.44515998   -6.65324770    0.03022937    c      6.000     0
         -6.08080873   -4.53665934   -1.73847222    c      6.000     0
          0.80682916   -7.38167917    7.12097249    c      6.000     0
          1.26484698   -8.95747408   -6.31644952    c      6.000     0
          5.01716785  -12.05560798   -0.30759801    c      6.000     0
         -5.56293379  -10.03849891    0.56972791    c      6.000     0
          0.82436686  -12.50776918    4.11593164    c      6.000     0
         -1.29798612  -12.93453278   -2.54775860    c      6.000     0
          4.94564036   -3.73847689    4.69500036    c      6.000     0
         -1.87445431   -3.87806781   -5.98445405    c      6.000     0
          6.41475005   -3.88470271    6.15195632    h      1.000     0
         -3.05564616   -4.06482604   -7.68038123    h      1.000     0
          5.67149507   -2.53779263    3.18219948    h      1.000     0
         -2.40056339   -2.12333299   -5.03705651    h      1.000     0
          3.33488830   -2.75105644    5.52645829    h      1.000     0
          0.08087414   -3.66827894   -6.60878690    h      1.000     0
         -1.07606019   -8.22673892    7.00396748    h      1.000     0
          2.38961049  -10.59165055   -5.74660698    h      1.000     0
          7.25454481   -7.27324246   -1.93288117    h      1.000     0
         -6.67344575   -4.71137745    0.23046733    h      1.000     0
          1.71698797   -8.15962499    8.81501298    h      1.000     0
          0.52096172   -9.35801293   -8.20987302    h      1.000     0
          9.26849129   -7.36677634    0.71553826    h      1.000     0
         -7.76087901   -4.81677090   -2.92370958    h      1.000     0
          0.56082022   -5.35505116    7.41706192    h      1.000     0
          2.54919049   -7.34737114   -6.50502377    h      1.000     0
          7.54107629   -4.59282397    0.02429660    h      1.000     0
         -5.43369986   -2.59697920   -2.00939768    h      1.000     0
          5.15349845  -11.41416696   -2.26880418    h      1.000     0
         -0.61667243   13.35823336   -3.18183449    h      1.000     0
          1.18016764   12.09030907    4.40857259    h      1.000     0
          0.95184777  -13.97629328    2.67478751    h      1.000     0
         -1.50626052  -13.66849060   -0.63228998    h      1.000     0
          3.74079967  -13.67246508   -0.26756590    h      1.000     0
          1.50626052   13.66849060   -0.63228998    h      1.000     0
         -4.70346371  -11.69322103    1.45528633    h      1.000     0
         -0.95184777   13.97629328    2.67478751    h      1.000     0
         -6.01546695   -8.68690808    2.06804221    h      1.000     0
          0.61667243  -13.35823336   -3.18183449    h      1.000     0
         -5.15349845   11.41416696   -2.26880418    h      1.000     0
         -1.18016764  -12.09030907    4.40857259    h      1.000     0
          6.01546695    8.68690808    2.06804221    h      1.000     0
         -7.36570145  -10.65274661   -0.25064811    h      1.000     0
          6.89948072  -12.74073175    0.22669615    h      1.000     0
         -2.59296360  -14.01405949   -3.75626387    h      1.000     0
         -6.89948072   12.74073175    0.22669615    h      1.000     0
          1.52575643  -13.32396291    5.88741819    h      1.000     0
          7.36570145   10.65274661   -0.25064811    h      1.000     0
 
       center of nuclear mass  :    0.00000000    0.00000000    0.17062062
       center of nuclear charge:   -0.00000000    0.00000000    0.15331266

              +--------------------------------------------------+
              |               basis set information              |
              +--------------------------------------------------+

              we will work with the 1s 3p 5d 7f 9g ... basis set
              ...i.e. with spherical basis functions...

   type   atoms  prim   cont   basis
   ---------------------------------------------------------------------------
    mo       1     57     31   def2-SVP   [5s3p2d1f|7s6p5d1f]
    gd       2    153     78   def2-SVP   [10s6p4d3f1g|14s12p9d7f1g]
    s        4     36     18   def2-SVP   [4s3p1d|10s7p1d]
    c       40     24     14   def2-SVP   [3s2p1d|7s4p1d]
    h       60      7      5   def2-SVP   [2s1p|4s1p]
   ---------------------------------------------------------------------------
   total:  107   1887   1119
   ---------------------------------------------------------------------------

   total number of primitive shells          :   97
   total number of contracted shells         :  511
   total number of cartesian basis functions : 1206
   total number of SCF-basis functions       : 1119

 number of unique ecp types :                     2

 residuum convergence criterium   :  0.10E-04

 COSMO is enabled, use tighter integral                screening thresholds 
                     7

 integral neglect threshold       :  0.28E-13
 integral storage threshold THIZE :  0.10E-04
 integral storage threshold THIME :         5

 
             FOUND RI-J FLAG !
 
  
 AUXILIARY BASIS SET information:

              we will work with the 1s 3p 5d 7f 9g ... basis set
              ...i.e. with spherical basis functions...

   type   atoms  prim   cont   basis
   ---------------------------------------------------------------------------
    mo       1     99     89   def2-SVP   [8s5p5d2f3g|11s5p5d3f3g]
    gd       2    263    200   def2-SVP   [14s7p6d6f5g2h2i|18s7p6d6f6g3h5i]
    s        4     77     51   def2-SVP   [8s4p3d1f1g|14s5p5d2f1g]
    c       40     70     49   def2-SVP   [6s4p3d1f1g|12s5p4d2f1g]
    h       60     16     11   def2-SVP   [3s1p1d|5s2p1d]
   ---------------------------------------------------------------------------
   total:  107   4693   3313
   ---------------------------------------------------------------------------

   total number of primitive shells          :  137
   total number of contracted shells         : 1075
   total number of cartesian basis functions : 4138
   total number of SCF-basis functions       : 3313

 RPA UHF-EXCITATION-CALCULATION (spin-conserved)
 
             FOUND DFT-FLAG !
 

 symmetry group of the molecule :   c1 

 the group has the following generators :
   c1(z)

    1 symmetry operations found

 there are 1 real representations :   a   

 maximum number of shells which are related by symmetry :  1

 IRREPs of excited states :   a   

    mo occupation :
   irrep   mo's   occupied
    a     1119      232
 
 number of basis functions   :  1119
 number of occupied orbitals :   232
 
 ALPHA-Occupation:                   232
 BETA-Occupation :                   219
 COSMO: symmetry in response calc. w/out guarantee
 ==============================================================================
                      COSMO switched on
 ==============================================================================
 COSMO stati: segments per atom: H   32 other atoms   92
 COSMO statistics: nps   2622 npspher:    931
 COSMO surface:
   number of segments: 2622
   area (bohr**2):     2110.706907
   volume (bohr**3):   6628.711084
 COSMO: check number of disjunct cavities:

       ... OK contiguous cavity found
 Using refractive index n                   =    1.30000000000000     
 Screening function (n**2-1)/(n**2+0.5)     =   0.315068493150685     
  
           ------------------
           density functional
           ------------------
 TPSS global hybrid functional
 exchange:    9/10 (LDA+TPSS) + 1/10 HF
 correlation: LDA (PW) + TPSS

 spherical integration : Lebedev's spherical grid
 spherical gridsize    :                     4
    i.e. gridpoints    :                   434
 value for diffuse not defined
 radial integration    : Chebyshev 2nd kind (scaling 3)
 radial gridsize       :                     6
 integration cells     :                   107
 partition function    : becke
 partition sharpness   :                     3
  

 The current-density response will be included
 for meta-GGA functionals in TDDFT.

  
           ----------------------
               RI - INFORMATION
           ----------------------

 biggest AO integral is expected to be    24.152908834

 Threshold for integral neglect (rithr2):   0.28E-13
 Threshold for integral neglect (rithr1):   0.28E-13

 Contributions to RI integral batches: 
  neglected integral batches:                 55451
  direct contribution:                            0
  memory contribution:                 75365
 Core memory available (ricore)            50000 MiB
 Core memory needed for (P|Q) and Cholesky 84 MiB
 Core memory used for integrals            12691 MiB
  
 ****************************************
 Memory allocated for RIDFT 12775 MiB
 ****************************************
                                            
  MOs are in ASCII format !


 reading orbital data $uhfmo_alpha  from file alpha
 orbital characterization : scfconv=7

 reading orbital data $uhfmo_beta  from file beta
 orbital characterization : scfconv=7
 preparing DFT   numerical integration ....
          Overall gridpoints after grid construction =        979759

 Calculating ground state density on molecular grid

 Integral of ground state total density: Na =   451.0004892640547    

 Integral of ground state spin density:  Nb =   12.99999294697577    


 all orbitals will be included in the transformation

 number of non-frozen orbitals          :  1119
 number of non-frozen occupied orbitals :   232
 all orbitals will be included in the transformation

 number of non-frozen orbitals          :  1119
 number of non-frozen occupied orbitals :   219

 dimension of super-tensorspace: 2

          IRREP   tensor space dimension   number of roots

           a            402884                 130

 maximum number of Davidson iterations set to   35


 machine precision: 2.22D-16


 logfile unrs_a    will be constructed


                       Nonorthonormal Krylov Space Iteration


 total number of roots to be determined: 130


 maximum core memory set to        70000 MB,
 corresponding to     1574 vectors in CAO basis


 maximum number of simultaneously treated vectors (including degeneracy):      138


 Iteration IRREP Converged      Max. Euclidean
                 roots          residual norm

