
 ridft (login-i15) : TURBOMOLE rev. V7.5.0 compiled 13 Jun 2020 at 23:29:25
 Copyright (C) 2020 TURBOMOLE GmbH, Karlsruhe


    2020-07-24 12:25:18.358 



                                  r i d f t

                        DFT program with RI approximation 
                                for coulomb part 




                                                 
                                 References:     
                                                 
          TURBOMOLE:                             
              R. Ahlrichs, M. Baer, M. Haeser, H. Horn, and
              C. Koelmel
              Electronic structure calculations on workstation
              computers: the program system TURBOMOLE
              Chem. Phys. Lett. 162: 165 (1989)
          Density Functional:                              
              O. Treutler and R. Ahlrichs                      
              Efficient Molecular Numerical Integration Schemes
              J. Chem. Phys. 102: 346 (1995)                   
          Parallel Version:                                
              Performance of parallel TURBOMOLE for Density    
              Functional Calculations                          
              M. v. Arnim and R. Ahlrichs                      
              J. Comp. Chem. 19: 1746 (1998)                   
          RI-J Method:                                     
              Auxiliary Basis Sets to approximate Coulomb      
              Potentials                                       
              Chem. Phys. Lett. 240: 283 (1995)                
              K. Eichkorn, O. Treutler, H. Oehm, M. Haeser     
              and R. Ahlrichs                                  
              Chem. Phys. Lett. 242: 652 (1995)                
                                                           
              Auxiliary Basis Sets for Main Row Atoms and their
              Use to approximate Coulomb Potentials            
              K. Eichkorn, F. Weigend, O. Treutler and         
              R. Ahlrichs                                      
              Theo. Chem. Acc. 97: 119 (1997)                   
                                                           
              Accurate Coulomb-fitting basis sets for H to Rn 
              F. Weigend                                        
              Phys. Chem. Chem. Phys. 8: 1057 (2006)            
                                                           
          Multipole accelerated RI-J (MARI-J):             
              Fast evaluation of the Coulomb potential for     
              electron densities using multipole accelerated   
              resolution of identity approximation             
              M. Sierka, A. Hogekamp and R. Ahlrichs           
              J. Chem. Phys. 118: 9136 (2003)                  
          RI-JK Method:                                     
              A fully direct RI-HF algorithm: Implementation,
              optimised auxiliary basis sets, demonstration of
              accuracy and efficiency                         
              F. Weigend                                      
              Phys. Chem. Chem. Phys. 4: 4285 (2002)           
          Two-component HF and DFT with spin-orbit coupling:  
              Self-consistent treatment of spin-orbit         
              interactions with efficient Hartree-Fock and    
              density functional methods                      
              M. K. Armbruster, F. Weigend, C. van Wüllen and 
              W. Klopper                                      
              Phys. Chem. Chem. Phys. 10: 1748 (2008)         
          Two-component difference density and DIIS algorithm 
              Efficient two-component self-consistent field   
              procedures and gradients: implementation in     
              TURBOMOLE and application to Au20-              
              A. Baldes, F. Weigend                           
              Mol. Phys. 111: 2617 (2013)                     
          Relativistic all-electron 2c calculations           
              An efficient implementation of two-component    
              relativistic exact-decoupling methods for large 
              molecules                                       
              D. Peng, N. Middendorf, F. Weigend, M. Reiher   
              J. Chem. Phys. 138: 184105 (2013)               
          Finite nucleus model and SNSO approximation         
              Efficient implementation of one- and two-       
              component analytical energy gradients in exact  
              two-component theory                            
              Y. J. Franzke, N. Middendorf, F. Weigend        
              J. Chem. Phys. 148: 104110 (2018)               
          Grids for all-electron relativistic methods         
              Error-consistent segmented contracted all-      
              electron relativistic basis sets of double-     
              and triple-zeta quality for NMR shielding       
              constants                                       
              Y. J. Franzke, R. Tress, T. M. Pazdera,         
              F. Weigend                                      
              Phys. Chem. Chem. Phys. 21: 166658 (2019)       
          Seminumerical exchange algorithms                   
              Seminumerical calculation of the Hartree-Fock   
              exchange matirx: Application to two-component   
              procedures and efficient evaluation of local    
              hybrid functionsl                               
              P. Plessow, F. Weigend,                         
              J. Comput. Chem. 33: 810 (2012)                 
          Improved seminumerical algorithms                   
              C. Holzer, in preparation (2020)                
                                         




              +--------------------------------------------------+
              |      general information about current run       |
              +--------------------------------------------------+

 
no calculation of wave function, analysis of properties only

 DENSITY CONVERGENCE CHECK SWITCHED ON !
 SCF CONVERGENCE IF RMS(delta[D]) <     0.1000000000E-06

 TPSS global hybrid functional
 exchange:    9/10 (LDA+TPSS) + 1/10 HF
 correlation: LDA (PW) + TPSS
 A Hybrid-DFT calculation using the RI-J approximation will be carried out.
 Allocatable memory for RI due to $ricore (MB):                 45000


              +--------------------------------------------------+
              | Atomic coordinate, charge and isotop information |
              +--------------------------------------------------+

                    atomic coordinates            atom    charge  isotop
          0.00000000    0.00000000    0.00000000    mo    42.000     0
          0.00000000    0.00000000   -6.38600086    dy    66.000     0
          0.00000000    0.00000000    6.38600086    dy    66.000     0
          2.38816330    2.38816330   -2.50086132    s     16.000     0
         -2.38816330   -2.38816330   -2.50086132    s     16.000     0
          2.38816330   -2.38816330    2.50086132    s     16.000     0
         -2.38816330    2.38816330    2.50086132    s     16.000     0
          4.62988918   -1.57713275   -7.65097324    c      6.000     0
          3.58169615   -3.58169615   -6.23421080    c      6.000     0
          1.57713275   -4.62988918   -7.65097324    c      6.000     0
          1.37651611   -3.26988961   -9.94442247    c      6.000     0
          3.26988961   -1.37651611   -9.94442247    c      6.000     0
         -1.57713275    4.62988918   -7.65097324    c      6.000     0
         -3.58169615    3.58169615   -6.23421080    c      6.000     0
         -4.62988918    1.57713275   -7.65097324    c      6.000     0
         -3.26988961    1.37651611   -9.94442247    c      6.000     0
         -1.37651611    3.26988961   -9.94442247    c      6.000     0
          1.57713275    4.62988918    7.65097324    c      6.000     0
          1.37651611    3.26988961    9.94442247    c      6.000     0
          3.26988961    1.37651611    9.94442247    c      6.000     0
          4.62988918    1.57713275    7.65097324    c      6.000     0
          3.58169615    3.58169615    6.23421080    c      6.000     0
         -4.62988918   -1.57713275    7.65097324    c      6.000     0
         -3.26988961   -1.37651611    9.94442247    c      6.000     0
         -1.37651611   -3.26988961    9.94442247    c      6.000     0
         -1.57713275   -4.62988918    7.65097324    c      6.000     0
         -3.58169615   -3.58169615    6.23421080    c      6.000     0
          0.37495741   -6.16865503   -7.05261379    h      1.000     0
          0.03087226   -3.62248411  -11.43977742    h      1.000     0
          4.14136242   -4.14136242   -4.35246288    h      1.000     0
          3.62248411   -0.03087226  -11.43977742    h      1.000     0
          6.16865503   -0.37495741   -7.05261379    h      1.000     0
         -0.03087226    3.62248411  -11.43977742    h      1.000     0
         -0.37495741    6.16865503   -7.05261379    h      1.000     0
         -4.14136242    4.14136242   -4.35246288    h      1.000     0
         -6.16865503    0.37495741   -7.05261379    h      1.000     0
         -3.62248411    0.03087226  -11.43977742    h      1.000     0
         -0.37495741   -6.16865503    7.05261379    h      1.000     0
         -4.14136242   -4.14136242    4.35246288    h      1.000     0
         -6.16865503   -0.37495741    7.05261379    h      1.000     0
         -3.62248411   -0.03087226   11.43977742    h      1.000     0
         -0.03087226   -3.62248411   11.43977742    h      1.000     0
          0.03087226    3.62248411   11.43977742    h      1.000     0
          0.37495741    6.16865503    7.05261379    h      1.000     0
          4.14136242    4.14136242    4.35246288    h      1.000     0
          3.62248411    0.03087226   11.43977742    h      1.000     0
          6.16865503    0.37495741    7.05261379    h      1.000     0
 
       center of nuclear mass  :    0.00000000   -0.00000000    0.00000000
       center of nuclear charge:   -0.00000000    0.00000000    0.00000000

              +--------------------------------------------------+
              |               basis set information              |
              +--------------------------------------------------+

              we will work with the 1s 3p 5d 7f 9g ... basis set
              ...i.e. with spherical basis functions...

   type   atoms  prim   cont   basis
   ---------------------------------------------------------------------------
    mo       1     60     40   def2-TZVP   [6s4p3d1f|7s7p5d1f]
    dy       2    171     93   def2-TZVP   [10s7p5d4f1g|14s14p10d8f1g]
    s        4     63     37   def2-TZVP   [5s5p2d1f|14s9p3d1f]
    c       20     46     31   def2-TZVP   [5s3p2d1f|11s6p2d1f]
    h       20      8      6   def2-TZVP   [3s1p|5s1p]
   ---------------------------------------------------------------------------
   total:   47   1734   1114
   ---------------------------------------------------------------------------

   total number of primitive shells          :  120
   total number of contracted shells         :  420
   total number of cartesian basis functions : 1286
   total number of SCF-basis functions       : 1114

 number of unique ecp types :                     2

 integral neglect threshold       :  0.26E-11
 integral storage threshold THIZE :  0.10E-04
 integral storage threshold THIME :         5

 RI-J AUXILIARY BASIS SET information:

              we will work with the 1s 3p 5d 7f 9g ... basis set
              ...i.e. with spherical basis functions...

   type   atoms  prim   cont   basis
   ---------------------------------------------------------------------------
    mo       1     99     89   def2-TZVP   [8s5p5d2f3g|11s5p5d3f3g]
    dy       2    263    200   def2-TZVP   [14s7p6d6f5g2h2i|18s7p6d6f6g3h5i]
    s        4     77     51   def2-TZVP   [8s4p3d1f1g|14s5p5d2f1g]
    c       20     70     49   def2-TZVP   [6s4p3d1f1g|12s5p4d2f1g]
    h       20     16     11   def2-TZVP   [3s1p1d|5s2p1d]
   ---------------------------------------------------------------------------
   total:   47   2653   1893
   ---------------------------------------------------------------------------

   total number of primitive shells          :  137
   total number of contracted shells         :  575
   total number of cartesian basis functions : 2438
   total number of SCF-basis functions       : 1893


 symmetry group of the molecule :   c1 

 the group has the following generators :
   c1(z)

    1 symmetry operations found

 there are 1 real representations :   a   

 maximum number of shells which are related by symmetry :  1

  
           ------------------
           density functional
           ------------------
 TPSS global hybrid functional
 exchange:    9/10 (LDA+TPSS) + 1/10 HF
 correlation: LDA (PW) + TPSS

 spherical integration : Lebedev's spherical grid
 spherical gridsize    :                     4
    i.e. gridpoints    :                   434
 value for diffuse not defined
 radial integration    : Chebyshev 2nd kind (scaling 3)
 radial gridsize       :                     6
 integration cells     :                    47
 partition function    : becke
 partition sharpness   :                     3
  
 
 Derivatives of quadrature weights will be included
 

 biggest AO integral is expected to be    25.238462089

          ------------------------
          nuclear repulsion energy  :   5117.67949087    
          ------------------------

  _________________________________
 |                                 |
 |         DFTD3 V3.1 Rev 0        |
 | S.Grimme, University Bonn       |
 |            June  2014           |
 |   see standalone version        |
 |       dftd3 -h for options      |
 |_________________________________|
 
 Please cite DFT-D3 work done with this code as:
 S. Grimme, J. Antony, S. Ehrlich and H. Krieg,
 J. Chem. Phys, 132 (2010), 154104.
 If used with BJ-damping cite also
 S. Grimme, S. Ehrlich and L. Goerigk,
 J. Comput. Chem. 32 (2011), 1456-1465
 For DFT-D2 the reference is
 S. Grimme, J. Comput. Chem., 27 (2006), 1787-1799
 
C6 coefficients used:
                     2  C6 for element                      1
Z=  1 CN= 0.912     C6(AA)=    3.03
Z=  1 CN= 0.000     C6(AA)=    7.59
                     5  C6 for element                      6
Z=  6 CN= 0.000     C6(AA)=   49.11
Z=  6 CN= 0.987     C6(AA)=   43.25
Z=  6 CN= 1.998     C6(AA)=   29.36
Z=  6 CN= 2.999     C6(AA)=   25.78
Z=  6 CN= 3.984     C6(AA)=   18.21
                     3  C6 for element                     16
Z= 16 CN= 0.000     C6(AA)=  134.01
Z= 16 CN= 0.995     C6(AA)=  131.00
Z= 16 CN= 1.990     C6(AA)=  125.81
                     3  C6 for element                     42
Z= 42 CN= 0.000     C6(AA)=  845.90
Z= 42 CN= 1.942     C6(AA)=  502.01
Z= 42 CN=11.056     C6(AA)=  337.11
                     2  C6 for element                     66
Z= 66 CN= 0.000     C6(AA)= 2617.33
Z= 66 CN= 2.897     C6(AA)=  544.44

#           XYZ [au]              R0(AA) [Ang.]  CN          C6(AA)     C8(AA)   C10(AA) [au]
  1   0.00000   0.00000   0.00000   mo  1.286  5.578       502.0     57804.9   8153712.7
  2   0.00000   0.00000  -6.38600   dy  1.749 11.687       544.4    115916.4  30232866.7
  3   0.00000   0.00000   6.38600   dy  1.749 11.687       544.4    115916.4  30232866.7
  4   2.38816   2.38816  -2.50086   s   0.839  2.049       125.9      6166.6    370082.8
  5  -2.38816  -2.38816  -2.50086   s   0.839  2.049       125.9      6166.6    370082.8
  6   2.38816  -2.38816   2.50086   s   0.839  2.049       125.9      6166.6    370082.8
  7  -2.38816   2.38816   2.50086   s   0.839  2.049       125.9      6166.6    370082.8
  8   4.62989  -1.57713  -7.65097   c   0.644  4.117        18.3       528.0     18705.0
  9   3.58170  -3.58170  -6.23421   c   0.644  4.109        18.3       528.0     18707.8
 10   1.57713  -4.62989  -7.65097   c   0.644  4.117        18.3       528.0     18705.0
 11   1.37652  -3.26989  -9.94442   c   0.644  4.121        18.3       527.9     18703.3
 12   3.26989  -1.37652  -9.94442   c   0.644  4.121        18.3       527.9     18703.3
 13  -1.57713   4.62989  -7.65097   c   0.644  4.117        18.3       528.0     18705.0
 14  -3.58170   3.58170  -6.23421   c   0.644  4.109        18.3       528.0     18707.8
 15  -4.62989   1.57713  -7.65097   c   0.644  4.117        18.3       528.0     18705.0
 16  -3.26989   1.37652  -9.94442   c   0.644  4.121        18.3       527.9     18703.3
 17  -1.37652   3.26989  -9.94442   c   0.644  4.121        18.3       527.9     18703.3
 18   1.57713   4.62989   7.65097   c   0.644  4.117        18.3       528.0     18705.0
 19   1.37652   3.26989   9.94442   c   0.644  4.121        18.3       527.9     18703.3
 20   3.26989   1.37652   9.94442   c   0.644  4.121        18.3       527.9     18703.3
 21   4.62989   1.57713   7.65097   c   0.644  4.117        18.3       528.0     18705.0
 22   3.58170   3.58170   6.23421   c   0.644  4.109        18.3       528.0     18707.8
 23  -4.62989  -1.57713   7.65097   c   0.644  4.117        18.3       528.0     18705.0
 24  -3.26989  -1.37652   9.94442   c   0.644  4.121        18.3       527.9     18703.3
 25  -1.37652  -3.26989   9.94442   c   0.644  4.121        18.3       527.9     18703.3
 26  -1.57713  -4.62989   7.65097   c   0.644  4.117        18.3       528.0     18705.0
 27  -3.58170  -3.58170   6.23421   c   0.644  4.109        18.3       528.0     18707.8
 28   0.37496  -6.16866  -7.05261   h   0.417  1.016         3.1        37.3       552.0
 29   0.03087  -3.62248 -11.43978   h   0.417  1.016         3.1        37.3       552.0
 30   4.14136  -4.14136  -4.35246   h   0.417  1.017         3.1        37.3       551.9
 31   3.62248  -0.03087 -11.43978   h   0.417  1.016         3.1        37.3       552.0
 32   6.16866  -0.37496  -7.05261   h   0.417  1.016         3.1        37.3       552.0
 33  -0.03087   3.62248 -11.43978   h   0.417  1.016         3.1        37.3       552.0
 34  -0.37496   6.16866  -7.05261   h   0.417  1.016         3.1        37.3       552.0
 35  -4.14136   4.14136  -4.35246   h   0.417  1.017         3.1        37.3       551.9
 36  -6.16866   0.37496  -7.05261   h   0.417  1.016         3.1        37.3       552.0
 37  -3.62248   0.03087 -11.43978   h   0.417  1.016         3.1        37.3       552.0
 38  -0.37496  -6.16866   7.05261   h   0.417  1.016         3.1        37.3       552.0
 39  -4.14136  -4.14136   4.35246   h   0.417  1.017         3.1        37.3       551.9
 40  -6.16866  -0.37496   7.05261   h   0.417  1.016         3.1        37.3       552.0
 41  -3.62248  -0.03087  11.43978   h   0.417  1.016         3.1        37.3       552.0
 42  -0.03087  -3.62248  11.43978   h   0.417  1.016         3.1        37.3       552.0
 43   0.03087   3.62248  11.43978   h   0.417  1.016         3.1        37.3       552.0
 44   0.37496   6.16866   7.05261   h   0.417  1.016         3.1        37.3       552.0
 45   4.14136   4.14136   4.35246   h   0.417  1.017         3.1        37.3       551.9
 46   3.62248   0.03087  11.43978   h   0.417  1.016         3.1        37.3       552.0
 47   6.16866   0.37496   7.05261   h   0.417  1.016         3.1        37.3       552.0

molecular C6(AA) [au] =     53820.87

           DFT-D V3(BJ)
 DF tpssh                                             
 parameters
 s6       :    1.0000
 s8       :    2.2382
 a1       :    0.4529
 a2       :    4.6550
 k1-k3    :   16.0000    1.3333   -4.0000
 
 Edisp /kcal,au:   -69.2959 -0.11043005

 E6    /kcal :   -27.1073
 E8    /kcal :   -42.1886
 % E8        : 60.88
 nuclear repulsion energy                  =    5117.679490870
 empirical dispersive energy correction    =      -0.110430055
 nuclear repulsion + dispersion correction =    5117.569060815


         -----------------
         -S,T+V- integrals
         -----------------

 1e-integrals will be neglected if expon. factor < 0.259873E-12


          ----------------
          -ecp-  integrals
          ----------------
 
   Difference densities algorithm switched on.
   The maximal number of linear combinations of
   difference densities is                    20 .

 DIIS switched on: error vector is FDS-SDF
 Max. Iterations for DIIS is     :   4
 DIIS matrix (see manual) 
    Scaling factor of diagonals  :  1.200
    threshold for scaling factor :  0.000

 scf convergence criterion : increment of total energy < .1000000D-06
                  and increment of one-electron energy < .1000000D-03

 MOs are in ASCII format !


    mo occupation :
   irrep   mo's   occupied
    a     1114      152
 
 number of basis functions   :  1114
 number of occupied orbitals :   152
 

 reading orbital data $uhfmo_alpha  from file alpha
 orbital characterization : scfconv=7

 reading orbital data $uhfmo_beta  from file beta
 orbital characterization : scfconv=7
 mo-orthogonalization by Cholesky decomposition
 mo-orthogonalization by Cholesky decomposition

 UHF mode switched on !

 closed shell shift switched on 
 all occupied orbitals are shifted by    0.50000

  
           ------------------------
               RI-J - INFORMATION
           ------------------------
 Contributions to RI integral batches: 
  neglected integral batches:                 39823
  direct contribution:                            0
  memory contribution:                 48587
 Memory core needed for (P|Q) and Cholesky     28 MByte
 Memory core minimum needed except of (P|Q)     6 MByte
 Total minimum memory core needed (sum)        33 MByte
  
 ****************************************
 Memory allocated for RI-J  8698 MByte
 ****************************************
                                            
 
 
 
 ==============================================================================
                           electrostatic moments
 ==============================================================================

 reference point for electrostatic moments:    0.00000   0.00000   0.00000

 
              nuc           elec       ->  total
 ------------------------------------------------------------------------------
                          charge      
 ------------------------------------------------------------------------------
         294.000000    -295.000000      -1.000000
 a-b                                    -9.000000
 
 ------------------------------------------------------------------------------
                       dipole moment  
 ------------------------------------------------------------------------------
   x       0.000000      -0.000000      -0.000000
   y      -0.000000       0.000000       0.000000
   z       0.000000      -0.000000      -0.000000
 
   | dipole moment | =     0.0000 a.u. =     0.0000 debye 
 
 ------------------------------------------------------------------------------
                     quadrupole moment
 ------------------------------------------------------------------------------
  xx    1823.011075   -2028.990509    -205.979435
  yy    1823.011075   -2028.990509    -205.979435
  zz   13509.628735  -13740.893270    -231.264535
  xy      -0.000000      -0.000000      -0.000000
  xz      -0.000000      -0.000000      -0.000000
  yz      -0.000000       0.000000       0.000000
 
     1/3  trace=    -214.407801
     anisotropy=      25.285100
 
 
 ==============================================================================
                  NATURAL POPULATION ANALYSIS (AO-BASIS) 
 ==============================================================================
A.E. Reed, R.B. Weinstock and F. Weinhold:
Natural population analysis, J. Chem. Phys. 83(2), 735(1985)
nbfiat:  1  6 12 15  7  0  0  0  0  0  0  0
nbfiat:  2 10 21 25 28  9  0  0  0  0  0  0
nbfiat:  3 10 21 25 28  9  0  0  0  0  0  0
nbfiat:  4  5 15 10  7  0  0  0  0  0  0  0
nbfiat:  5  5 15 10  7  0  0  0  0  0  0  0
nbfiat:  6  5 15 10  7  0  0  0  0  0  0  0
nbfiat:  7  5 15 10  7  0  0  0  0  0  0  0
nbfiat:  8  5  9 10  7  0  0  0  0  0  0  0
nbfiat:  9  5  9 10  7  0  0  0  0  0  0  0
nbfiat: 10  5  9 10  7  0  0  0  0  0  0  0
nbfiat: 11  5  9 10  7  0  0  0  0  0  0  0
nbfiat: 12  5  9 10  7  0  0  0  0  0  0  0
nbfiat: 13  5  9 10  7  0  0  0  0  0  0  0
nbfiat: 14  5  9 10  7  0  0  0  0  0  0  0
nbfiat: 15  5  9 10  7  0  0  0  0  0  0  0
nbfiat: 16  5  9 10  7  0  0  0  0  0  0  0
nbfiat: 17  5  9 10  7  0  0  0  0  0  0  0
nbfiat: 18  5  9 10  7  0  0  0  0  0  0  0
nbfiat: 19  5  9 10  7  0  0  0  0  0  0  0
nbfiat: 20  5  9 10  7  0  0  0  0  0  0  0
nbfiat: 21  5  9 10  7  0  0  0  0  0  0  0
nbfiat: 22  5  9 10  7  0  0  0  0  0  0  0
nbfiat: 23  5  9 10  7  0  0  0  0  0  0  0
nbfiat: 24  5  9 10  7  0  0  0  0  0  0  0
nbfiat: 25  5  9 10  7  0  0  0  0  0  0  0
nbfiat: 26  5  9 10  7  0  0  0  0  0  0  0
nbfiat: 27  5  9 10  7  0  0  0  0  0  0  0
nbfiat: 28  3  3  0  0  0  0  0  0  0  0  0
nbfiat: 29  3  3  0  0  0  0  0  0  0  0  0
nbfiat: 30  3  3  0  0  0  0  0  0  0  0  0
nbfiat: 31  3  3  0  0  0  0  0  0  0  0  0
nbfiat: 32  3  3  0  0  0  0  0  0  0  0  0
nbfiat: 33  3  3  0  0  0  0  0  0  0  0  0
nbfiat: 34  3  3  0  0  0  0  0  0  0  0  0
nbfiat: 35  3  3  0  0  0  0  0  0  0  0  0
nbfiat: 36  3  3  0  0  0  0  0  0  0  0  0
nbfiat: 37  3  3  0  0  0  0  0  0  0  0  0
nbfiat: 38  3  3  0  0  0  0  0  0  0  0  0
nbfiat: 39  3  3  0  0  0  0  0  0  0  0  0
nbfiat: 40  3  3  0  0  0  0  0  0  0  0  0
nbfiat: 41  3  3  0  0  0  0  0  0  0  0  0
nbfiat: 42  3  3  0  0  0  0  0  0  0  0  0
nbfiat: 43  3  3  0  0  0  0  0  0  0  0  0
nbfiat: 44  3  3  0  0  0  0  0  0  0  0  0
nbfiat: 45  3  3  0  0  0  0  0  0  0  0  0
nbfiat: 46  3  3  0  0  0  0  0  0  0  0  0
nbfiat: 47  3  3  0  0  0  0  0  0  0  0  0
Basis set: (total   1114 functions)
mo      (shells)  s:  6 p:  4 d:  3 f:  1 g:  0
dy      (shells)  s: 10 p:  7 d:  5 f:  4 g:  1
dy      (shells)  s: 10 p:  7 d:  5 f:  4 g:  1
s       (shells)  s:  5 p:  5 d:  2 f:  1 g:  0
s       (shells)  s:  5 p:  5 d:  2 f:  1 g:  0
s       (shells)  s:  5 p:  5 d:  2 f:  1 g:  0
s       (shells)  s:  5 p:  5 d:  2 f:  1 g:  0
c       (shells)  s:  5 p:  3 d:  2 f:  1 g:  0
c       (shells)  s:  5 p:  3 d:  2 f:  1 g:  0
c       (shells)  s:  5 p:  3 d:  2 f:  1 g:  0
c       (shells)  s:  5 p:  3 d:  2 f:  1 g:  0
c       (shells)  s:  5 p:  3 d:  2 f:  1 g:  0
c       (shells)  s:  5 p:  3 d:  2 f:  1 g:  0
c       (shells)  s:  5 p:  3 d:  2 f:  1 g:  0
c       (shells)  s:  5 p:  3 d:  2 f:  1 g:  0
c       (shells)  s:  5 p:  3 d:  2 f:  1 g:  0
c       (shells)  s:  5 p:  3 d:  2 f:  1 g:  0
c       (shells)  s:  5 p:  3 d:  2 f:  1 g:  0
c       (shells)  s:  5 p:  3 d:  2 f:  1 g:  0
c       (shells)  s:  5 p:  3 d:  2 f:  1 g:  0
c       (shells)  s:  5 p:  3 d:  2 f:  1 g:  0
c       (shells)  s:  5 p:  3 d:  2 f:  1 g:  0
c       (shells)  s:  5 p:  3 d:  2 f:  1 g:  0
c       (shells)  s:  5 p:  3 d:  2 f:  1 g:  0
c       (shells)  s:  5 p:  3 d:  2 f:  1 g:  0
c       (shells)  s:  5 p:  3 d:  2 f:  1 g:  0
c       (shells)  s:  5 p:  3 d:  2 f:  1 g:  0
h       (shells)  s:  3 p:  1 d:  0 f:  0 g:  0
h       (shells)  s:  3 p:  1 d:  0 f:  0 g:  0
h       (shells)  s:  3 p:  1 d:  0 f:  0 g:  0
h       (shells)  s:  3 p:  1 d:  0 f:  0 g:  0
h       (shells)  s:  3 p:  1 d:  0 f:  0 g:  0
h       (shells)  s:  3 p:  1 d:  0 f:  0 g:  0
h       (shells)  s:  3 p:  1 d:  0 f:  0 g:  0
h       (shells)  s:  3 p:  1 d:  0 f:  0 g:  0
h       (shells)  s:  3 p:  1 d:  0 f:  0 g:  0
h       (shells)  s:  3 p:  1 d:  0 f:  0 g:  0
h       (shells)  s:  3 p:  1 d:  0 f:  0 g:  0
h       (shells)  s:  3 p:  1 d:  0 f:  0 g:  0
h       (shells)  s:  3 p:  1 d:  0 f:  0 g:  0
h       (shells)  s:  3 p:  1 d:  0 f:  0 g:  0
h       (shells)  s:  3 p:  1 d:  0 f:  0 g:  0
h       (shells)  s:  3 p:  1 d:  0 f:  0 g:  0
h       (shells)  s:  3 p:  1 d:  0 f:  0 g:  0
h       (shells)  s:  3 p:  1 d:  0 f:  0 g:  0
h       (shells)  s:  3 p:  1 d:  0 f:  0 g:  0
h       (shells)  s:  3 p:  1 d:  0 f:  0 g:  0
NMB set: (total    218 functions)
mo      (shells)  s:  2 p:  1 d:  1 f:  0 g:  0
dy      (shells)  s:  3 p:  2 d:  2 f:  1 g:  0
dy      (shells)  s:  3 p:  2 d:  2 f:  1 g:  0
s       (shells)  s:  3 p:  2 d:  0 f:  0 g:  0
s       (shells)  s:  3 p:  2 d:  0 f:  0 g:  0
s       (shells)  s:  3 p:  2 d:  0 f:  0 g:  0
s       (shells)  s:  3 p:  2 d:  0 f:  0 g:  0
c       (shells)  s:  2 p:  1 d:  0 f:  0 g:  0
c       (shells)  s:  2 p:  1 d:  0 f:  0 g:  0
c       (shells)  s:  2 p:  1 d:  0 f:  0 g:  0
c       (shells)  s:  2 p:  1 d:  0 f:  0 g:  0
c       (shells)  s:  2 p:  1 d:  0 f:  0 g:  0
c       (shells)  s:  2 p:  1 d:  0 f:  0 g:  0
c       (shells)  s:  2 p:  1 d:  0 f:  0 g:  0
c       (shells)  s:  2 p:  1 d:  0 f:  0 g:  0
c       (shells)  s:  2 p:  1 d:  0 f:  0 g:  0
c       (shells)  s:  2 p:  1 d:  0 f:  0 g:  0
c       (shells)  s:  2 p:  1 d:  0 f:  0 g:  0
c       (shells)  s:  2 p:  1 d:  0 f:  0 g:  0
c       (shells)  s:  2 p:  1 d:  0 f:  0 g:  0
c       (shells)  s:  2 p:  1 d:  0 f:  0 g:  0
c       (shells)  s:  2 p:  1 d:  0 f:  0 g:  0
c       (shells)  s:  2 p:  1 d:  0 f:  0 g:  0
c       (shells)  s:  2 p:  1 d:  0 f:  0 g:  0
c       (shells)  s:  2 p:  1 d:  0 f:  0 g:  0
c       (shells)  s:  2 p:  1 d:  0 f:  0 g:  0
c       (shells)  s:  2 p:  1 d:  0 f:  0 g:  0
h       (shells)  s:  1 p:  0 d:  0 f:  0 g:  0
h       (shells)  s:  1 p:  0 d:  0 f:  0 g:  0
h       (shells)  s:  1 p:  0 d:  0 f:  0 g:  0
h       (shells)  s:  1 p:  0 d:  0 f:  0 g:  0
h       (shells)  s:  1 p:  0 d:  0 f:  0 g:  0
h       (shells)  s:  1 p:  0 d:  0 f:  0 g:  0
h       (shells)  s:  1 p:  0 d:  0 f:  0 g:  0
h       (shells)  s:  1 p:  0 d:  0 f:  0 g:  0
h       (shells)  s:  1 p:  0 d:  0 f:  0 g:  0
h       (shells)  s:  1 p:  0 d:  0 f:  0 g:  0
h       (shells)  s:  1 p:  0 d:  0 f:  0 g:  0
h       (shells)  s:  1 p:  0 d:  0 f:  0 g:  0
h       (shells)  s:  1 p:  0 d:  0 f:  0 g:  0
h       (shells)  s:  1 p:  0 d:  0 f:  0 g:  0
h       (shells)  s:  1 p:  0 d:  0 f:  0 g:  0
h       (shells)  s:  1 p:  0 d:  0 f:  0 g:  0
h       (shells)  s:  1 p:  0 d:  0 f:  0 g:  0
h       (shells)  s:  1 p:  0 d:  0 f:  0 g:  0
h       (shells)  s:  1 p:  0 d:  0 f:  0 g:  0
h       (shells)  s:  1 p:  0 d:  0 f:  0 g:  0
NRB set: (total    896 functions)
mo      (shells)  s:  4 p:  3 d:  2 f:  1 g:  0
dy      (shells)  s:  7 p:  5 d:  3 f:  3 g:  1
dy      (shells)  s:  7 p:  5 d:  3 f:  3 g:  1
s       (shells)  s:  2 p:  3 d:  2 f:  1 g:  0
s       (shells)  s:  2 p:  3 d:  2 f:  1 g:  0
s       (shells)  s:  2 p:  3 d:  2 f:  1 g:  0
s       (shells)  s:  2 p:  3 d:  2 f:  1 g:  0
c       (shells)  s:  3 p:  2 d:  2 f:  1 g:  0
c       (shells)  s:  3 p:  2 d:  2 f:  1 g:  0
c       (shells)  s:  3 p:  2 d:  2 f:  1 g:  0
c       (shells)  s:  3 p:  2 d:  2 f:  1 g:  0
c       (shells)  s:  3 p:  2 d:  2 f:  1 g:  0
c       (shells)  s:  3 p:  2 d:  2 f:  1 g:  0
c       (shells)  s:  3 p:  2 d:  2 f:  1 g:  0
c       (shells)  s:  3 p:  2 d:  2 f:  1 g:  0
c       (shells)  s:  3 p:  2 d:  2 f:  1 g:  0
c       (shells)  s:  3 p:  2 d:  2 f:  1 g:  0
c       (shells)  s:  3 p:  2 d:  2 f:  1 g:  0
c       (shells)  s:  3 p:  2 d:  2 f:  1 g:  0
c       (shells)  s:  3 p:  2 d:  2 f:  1 g:  0
c       (shells)  s:  3 p:  2 d:  2 f:  1 g:  0
c       (shells)  s:  3 p:  2 d:  2 f:  1 g:  0
c       (shells)  s:  3 p:  2 d:  2 f:  1 g:  0
c       (shells)  s:  3 p:  2 d:  2 f:  1 g:  0
c       (shells)  s:  3 p:  2 d:  2 f:  1 g:  0
c       (shells)  s:  3 p:  2 d:  2 f:  1 g:  0
c       (shells)  s:  3 p:  2 d:  2 f:  1 g:  0
h       (shells)  s:  2 p:  1 d:  0 f:  0 g:  0
h       (shells)  s:  2 p:  1 d:  0 f:  0 g:  0
h       (shells)  s:  2 p:  1 d:  0 f:  0 g:  0
h       (shells)  s:  2 p:  1 d:  0 f:  0 g:  0
h       (shells)  s:  2 p:  1 d:  0 f:  0 g:  0
h       (shells)  s:  2 p:  1 d:  0 f:  0 g:  0
h       (shells)  s:  2 p:  1 d:  0 f:  0 g:  0
h       (shells)  s:  2 p:  1 d:  0 f:  0 g:  0
h       (shells)  s:  2 p:  1 d:  0 f:  0 g:  0
h       (shells)  s:  2 p:  1 d:  0 f:  0 g:  0
h       (shells)  s:  2 p:  1 d:  0 f:  0 g:  0
h       (shells)  s:  2 p:  1 d:  0 f:  0 g:  0
h       (shells)  s:  2 p:  1 d:  0 f:  0 g:  0
h       (shells)  s:  2 p:  1 d:  0 f:  0 g:  0
h       (shells)  s:  2 p:  1 d:  0 f:  0 g:  0
h       (shells)  s:  2 p:  1 d:  0 f:  0 g:  0
h       (shells)  s:  2 p:  1 d:  0 f:  0 g:  0
h       (shells)  s:  2 p:  1 d:  0 f:  0 g:  0
h       (shells)  s:  2 p:  1 d:  0 f:  0 g:  0
h       (shells)  s:  2 p:  1 d:  0 f:  0 g:  0

*********************
*** Total density ***
*********************

 Nr Atom            Natural Electron Configuration
--------------------------------------------------
   1 mo [ecp-28] [core] 5s( 0.41) 6s( 0.01) 5p( 0.01) 4d( 5.38) 5d( 0.05) 4f( 0.01)                 
   2 dy [ecp-28] [core] 6s( 0.70) 7s( 0.09) 5d( 1.51) 6d( 0.08) 4f( 8.56) 5f( 0.01)                 
   3 dy [ecp-28] [core] 6s( 0.70) 7s( 0.09) 5d( 1.51) 6d( 0.08) 4f( 8.56) 5f( 0.01)                 
   4 s    [core]        3s( 1.77) 3p( 4.53) 4p( 0.01) 3d( 0.02)                                     
   5 s    [core]        3s( 1.77) 3p( 4.53) 4p( 0.01) 3d( 0.02)                                     
   6 s    [core]        3s( 1.77) 3p( 4.53) 4p( 0.01) 3d( 0.02)                                     
   7 s    [core]        3s( 1.77) 3p( 4.53) 4p( 0.01) 3d( 0.02)                                     
   8 c    [core]        2s( 0.99) 2p( 3.31) 3p( 0.01) 3d( 0.01)                                     
   9 c    [core]        2s( 0.99) 2p( 3.30) 3p( 0.01) 3d( 0.01)                                     
  10 c    [core]        2s( 0.99) 2p( 3.31) 3p( 0.01) 3d( 0.01)                                     
  11 c    [core]        2s( 0.98) 2p( 3.33) 3p( 0.01) 3d( 0.01)                                     
  12 c    [core]        2s( 0.98) 2p( 3.33) 3p( 0.01) 3d( 0.01)                                     
  13 c    [core]        2s( 0.99) 2p( 3.31) 3p( 0.01) 3d( 0.01)                                     
  14 c    [core]        2s( 0.99) 2p( 3.30) 3p( 0.01) 3d( 0.01)                                     
  15 c    [core]        2s( 0.99) 2p( 3.31) 3p( 0.01) 3d( 0.01)                                     
  16 c    [core]        2s( 0.98) 2p( 3.33) 3p( 0.01) 3d( 0.01)                                     
  17 c    [core]        2s( 0.98) 2p( 3.33) 3p( 0.01) 3d( 0.01)                                     
  18 c    [core]        2s( 0.99) 2p( 3.31) 3p( 0.01) 3d( 0.01)                                     
  19 c    [core]        2s( 0.98) 2p( 3.33) 3p( 0.01) 3d( 0.01)                                     
  20 c    [core]        2s( 0.98) 2p( 3.33) 3p( 0.01) 3d( 0.01)                                     
  21 c    [core]        2s( 0.99) 2p( 3.31) 3p( 0.01) 3d( 0.01)                                     
  22 c    [core]        2s( 0.99) 2p( 3.30) 3p( 0.01) 3d( 0.01)                                     
  23 c    [core]        2s( 0.99) 2p( 3.31) 3p( 0.01) 3d( 0.01)                                     
  24 c    [core]        2s( 0.98) 2p( 3.33) 3p( 0.01) 3d( 0.01)                                     
  25 c    [core]        2s( 0.98) 2p( 3.33) 3p( 0.01) 3d( 0.01)                                     
  26 c    [core]        2s( 0.99) 2p( 3.31) 3p( 0.01) 3d( 0.01)                                     
  27 c    [core]        2s( 0.99) 2p( 3.30) 3p( 0.01) 3d( 0.01)                                     
  28 h                  1s( 0.77)                                                                   
  29 h                  1s( 0.78)                                                                   
  30 h                  1s( 0.76)                                                                   
  31 h                  1s( 0.78)                                                                   
  32 h                  1s( 0.77)                                                                   
  33 h                  1s( 0.78)                                                                   
  34 h                  1s( 0.77)                                                                   
  35 h                  1s( 0.76)                                                                   
  36 h                  1s( 0.77)                                                                   
  37 h                  1s( 0.78)                                                                   
  38 h                  1s( 0.77)                                                                   
  39 h                  1s( 0.76)                                                                   
  40 h                  1s( 0.77)                                                                   
  41 h                  1s( 0.78)                                                                   
  42 h                  1s( 0.78)                                                                   
  43 h                  1s( 0.78)                                                                   
  44 h                  1s( 0.77)                                                                   
  45 h                  1s( 0.76)                                                                   
  46 h                  1s( 0.78)                                                                   
  47 h                  1s( 0.77)                                                                   

NATURAL POPULATIONS:  Natural atomic orbital occupancies

NAO   Atom  #       Type(AO)   Occupancy
----------------------------------------
    1 mo    1 s    Cor(4s)        1.99283
    2 mo    1 s    Val(5s)        0.40985
    3 mo    1 s    Ryd            0.00588
    4 mo    1 s    Ryd            0.00061
    5 mo    1 s    Ryd            0.00004
    6 mo    1 s    Ryd            0.00000
    7 mo    1 p    Cor(4px)       1.99318
    8 mo    1 p    Cor(4py)       1.99318
    9 mo    1 p    Cor(4pz)       1.98934
   10 mo    1 p    Ryd            0.00287
   11 mo    1 p    Ryd            0.00287
   12 mo    1 p    Ryd            0.00240
   13 mo    1 p    Ryd            0.00106
   14 mo    1 p    Ryd            0.00106
   15 mo    1 p    Ryd            0.00074
   16 mo    1 p    Ryd            0.00008
   17 mo    1 p    Ryd            0.00008
   18 mo    1 p    Ryd            0.00009
   19 mo    1 d    Val(4dz2)      1.31108
   20 mo    1 d    Val(4dxz)      1.03158
   21 mo    1 d    Val(4dyz)      1.03158
   22 mo    1 d    Val(4dxy)      0.98564
   23 mo    1 d    Val(4dx2-y2)   1.02487
   24 mo    1 d    Ryd            0.01241
   25 mo    1 d    Ryd            0.01090
   26 mo    1 d    Ryd            0.01090
   27 mo    1 d    Ryd            0.01910
   28 mo    1 d    Ryd            0.00091
   29 mo    1 d    Ryd            0.00006
   30 mo    1 d    Ryd            0.00015
   31 mo    1 d    Ryd            0.00015
   32 mo    1 d    Ryd            0.00011
   33 mo    1 d    Ryd            0.00005
   34 mo    1 f    Ryd            0.00082
   35 mo    1 f    Ryd            0.00090
   36 mo    1 f    Ryd            0.00090
   37 mo    1 f    Ryd            0.00077
   38 mo    1 f    Ryd            0.00130
   39 mo    1 f    Ryd            0.00089
   40 mo    1 f    Ryd            0.00089

   41 dy    2 s    Cor(4s)        1.99979
   42 dy    2 s    Cor(5s)        1.98451
   43 dy    2 s    Val(6s)        0.70088
   44 dy    2 s    Ryd            0.09475
   45 dy    2 s    Ryd            0.00194
   46 dy    2 s    Ryd            0.00038
   47 dy    2 s    Ryd            0.00005
   48 dy    2 s    Ryd            0.00002
   49 dy    2 s    Ryd            0.00000
   50 dy    2 s    Ryd            0.00000
   51 dy    2 p    Cor(4px)       1.99999
   52 dy    2 p    Cor(4py)       1.99999
   53 dy    2 p    Cor(4pz)       1.99999
   54 dy    2 p    Cor(5px)       1.99801
   55 dy    2 p    Cor(5py)       1.99801
   56 dy    2 p    Cor(5pz)       1.99752
   57 dy    2 p    Ryd            0.00171
   58 dy    2 p    Ryd            0.00171
   59 dy    2 p    Ryd            0.00131
   60 dy    2 p    Ryd            0.00050
   61 dy    2 p    Ryd            0.00050
   62 dy    2 p    Ryd            0.00091
   63 dy    2 p    Ryd            0.00030
   64 dy    2 p    Ryd            0.00030
   65 dy    2 p    Ryd            0.00037
   66 dy    2 p    Ryd            0.00002
   67 dy    2 p    Ryd            0.00002
   68 dy    2 p    Ryd            0.00002
   69 dy    2 p    Ryd            0.00000
   70 dy    2 p    Ryd            0.00000
   71 dy    2 p    Ryd            0.00000
   72 dy    2 d    Cor(4dz2)      1.99997
   73 dy    2 d    Cor(4dxz)      1.99998
   74 dy    2 d    Cor(4dyz)      1.99998
   75 dy    2 d    Cor(4dxy)      1.99997
   76 dy    2 d    Cor(4dx2-y2)   1.99998
   77 dy    2 d    Val(5dz2)      0.29384
   78 dy    2 d    Val(5dxz)      0.34393
   79 dy    2 d    Val(5dyz)      0.34394
   80 dy    2 d    Val(5dxy)      0.20515
   81 dy    2 d    Val(5dx2-y2)   0.32569
   82 dy    2 d    Ryd            0.00992
   83 dy    2 d    Ryd            0.01990
   84 dy    2 d    Ryd            0.01990
   85 dy    2 d    Ryd            0.01336
   86 dy    2 d    Ryd            0.01198
   87 dy    2 d    Ryd            0.00009
   88 dy    2 d    Ryd            0.00007
   89 dy    2 d    Ryd            0.00007
   90 dy    2 d    Ryd            0.00008
   91 dy    2 d    Ryd            0.00005
   92 dy    2 d    Ryd            0.00001
   93 dy    2 d    Ryd            0.00001
   94 dy    2 d    Ryd            0.00001
   95 dy    2 d    Ryd            0.00000
   96 dy    2 d    Ryd            0.00000
   97 dy    2 f    Val(4f0)       1.00769
   98 dy    2 f    Val(4fC1)      1.29057
   99 dy    2 f    Val(4fS1)      1.29058
  100 dy    2 f    Val(4fC2)      1.52766
  101 dy    2 f    Val(4fS2)      1.00675
  102 dy    2 f    Val(4fC3)      1.21780
  103 dy    2 f    Val(4fS3)      1.21780
  104 dy    2 f    Ryd            0.00043
  105 dy    2 f    Ryd            0.00092
  106 dy    2 f    Ryd            0.00092
  107 dy    2 f    Ryd            0.00114
  108 dy    2 f    Ryd            0.00072
  109 dy    2 f    Ryd            0.00057
  110 dy    2 f    Ryd            0.00057
  111 dy    2 f    Ryd            0.00010
  112 dy    2 f    Ryd            0.00009
  113 dy    2 f    Ryd            0.00009
  114 dy    2 f    Ryd            0.00011
  115 dy    2 f    Ryd            0.00009
  116 dy    2 f    Ryd            0.00011
  117 dy    2 f    Ryd            0.00011
  118 dy    2 f    Ryd            0.00000
  119 dy    2 f    Ryd            0.00001
  120 dy    2 f    Ryd            0.00001
  121 dy    2 f    Ryd            0.00001
  122 dy    2 f    Ryd            0.00000
  123 dy    2 f    Ryd            0.00001
  124 dy    2 f    Ryd            0.00001
  125 dy    2 g    Ryd            0.00002
  126 dy    2 g    Ryd            0.00002
  127 dy    2 g    Ryd            0.00002
  128 dy    2 g    Ryd            0.00002
  129 dy    2 g    Ryd            0.00003
  130 dy    2 g    Ryd            0.00002
  131 dy    2 g    Ryd            0.00002
  132 dy    2 g    Ryd            0.00001
  133 dy    2 g    Ryd            0.00001

  134 dy    3 s    Cor(4s)        1.99979
  135 dy    3 s    Cor(5s)        1.98451
  136 dy    3 s    Val(6s)        0.70088
  137 dy    3 s    Ryd            0.09475
  138 dy    3 s    Ryd            0.00194
  139 dy    3 s    Ryd            0.00038
  140 dy    3 s    Ryd            0.00005
  141 dy    3 s    Ryd            0.00002
  142 dy    3 s    Ryd            0.00000
  143 dy    3 s    Ryd            0.00000
  144 dy    3 p    Cor(4px)       1.99999
  145 dy    3 p    Cor(4py)       1.99999
  146 dy    3 p    Cor(4pz)       1.99999
  147 dy    3 p    Cor(5px)       1.99801
  148 dy    3 p    Cor(5py)       1.99801
  149 dy    3 p    Cor(5pz)       1.99752
  150 dy    3 p    Ryd            0.00171
  151 dy    3 p    Ryd            0.00171
  152 dy    3 p    Ryd            0.00131
  153 dy    3 p    Ryd            0.00050
  154 dy    3 p    Ryd            0.00050
  155 dy    3 p    Ryd            0.00091
  156 dy    3 p    Ryd            0.00030
  157 dy    3 p    Ryd            0.00030
  158 dy    3 p    Ryd            0.00037
  159 dy    3 p    Ryd            0.00002
  160 dy    3 p    Ryd            0.00002
  161 dy    3 p    Ryd            0.00002
  162 dy    3 p    Ryd            0.00000
  163 dy    3 p    Ryd            0.00000
  164 dy    3 p    Ryd            0.00000
  165 dy    3 d    Cor(4dz2)      1.99997
  166 dy    3 d    Cor(4dxz)      1.99998
  167 dy    3 d    Cor(4dyz)      1.99998
  168 dy    3 d    Cor(4dxy)      1.99997
  169 dy    3 d    Cor(4dx2-y2)   1.99998
  170 dy    3 d    Val(5dz2)      0.29384
  171 dy    3 d    Val(5dxz)      0.34393
  172 dy    3 d    Val(5dyz)      0.34394
  173 dy    3 d    Val(5dxy)      0.20515
  174 dy    3 d    Val(5dx2-y2)   0.32569
  175 dy    3 d    Ryd            0.00992
  176 dy    3 d    Ryd            0.01990
  177 dy    3 d    Ryd            0.01990
  178 dy    3 d    Ryd            0.01336
  179 dy    3 d    Ryd            0.01198
  180 dy    3 d    Ryd            0.00009
  181 dy    3 d    Ryd            0.00007
  182 dy    3 d    Ryd            0.00007
  183 dy    3 d    Ryd            0.00008
  184 dy    3 d    Ryd            0.00005
  185 dy    3 d    Ryd            0.00001
  186 dy    3 d    Ryd            0.00001
  187 dy    3 d    Ryd            0.00001
  188 dy    3 d    Ryd            0.00000
  189 dy    3 d    Ryd            0.00000
  190 dy    3 f    Val(4f0)       1.00769
  191 dy    3 f    Val(4fC1)      1.29057
  192 dy    3 f    Val(4fS1)      1.29058
  193 dy    3 f    Val(4fC2)      1.52766
  194 dy    3 f    Val(4fS2)      1.00675
  195 dy    3 f    Val(4fC3)      1.21780
  196 dy    3 f    Val(4fS3)      1.21780
  197 dy    3 f    Ryd            0.00043
  198 dy    3 f    Ryd            0.00092
  199 dy    3 f    Ryd            0.00092
  200 dy    3 f    Ryd            0.00114
  201 dy    3 f    Ryd            0.00072
  202 dy    3 f    Ryd            0.00057
  203 dy    3 f    Ryd            0.00057
  204 dy    3 f    Ryd            0.00010
  205 dy    3 f    Ryd            0.00009
  206 dy    3 f    Ryd            0.00009
  207 dy    3 f    Ryd            0.00011
  208 dy    3 f    Ryd            0.00009
  209 dy    3 f    Ryd            0.00011
  210 dy    3 f    Ryd            0.00011
  211 dy    3 f    Ryd            0.00000
  212 dy    3 f    Ryd            0.00001
  213 dy    3 f    Ryd            0.00001
  214 dy    3 f    Ryd            0.00001
  215 dy    3 f    Ryd            0.00000
  216 dy    3 f    Ryd            0.00001
  217 dy    3 f    Ryd            0.00001
  218 dy    3 g    Ryd            0.00002
  219 dy    3 g    Ryd            0.00002
  220 dy    3 g    Ryd            0.00002
  221 dy    3 g    Ryd            0.00002
  222 dy    3 g    Ryd            0.00003
  223 dy    3 g    Ryd            0.00002
  224 dy    3 g    Ryd            0.00002
  225 dy    3 g    Ryd            0.00001
  226 dy    3 g    Ryd            0.00001

  227 s     4 s    Cor(1s)        2.00000
  228 s     4 s    Cor(2s)        1.99940
  229 s     4 s    Val(3s)        1.76509
  230 s     4 s    Ryd            0.00154
  231 s     4 s    Ryd            0.00000
  232 s     4 p    Cor(2px)       1.99987
  233 s     4 p    Cor(2py)       1.99987
  234 s     4 p    Cor(2pz)       1.99979
  235 s     4 p    Val(3px)       1.52010
  236 s     4 p    Val(3py)       1.52010
  237 s     4 p    Val(3pz)       1.49373
  238 s     4 p    Ryd            0.00158
  239 s     4 p    Ryd            0.00158
  240 s     4 p    Ryd            0.00258
  241 s     4 p    Ryd            0.00003
  242 s     4 p    Ryd            0.00003
  243 s     4 p    Ryd            0.00005
  244 s     4 p    Ryd            0.00000
  245 s     4 p    Ryd            0.00000
  246 s     4 p    Ryd            0.00000
  247 s     4 d    Ryd            0.00217
  248 s     4 d    Ryd            0.00549
  249 s     4 d    Ryd            0.00549
  250 s     4 d    Ryd            0.00564
  251 s     4 d    Ryd            0.00535
  252 s     4 d    Ryd            0.00042
  253 s     4 d    Ryd            0.00028
  254 s     4 d    Ryd            0.00028
  255 s     4 d    Ryd            0.00035
  256 s     4 d    Ryd            0.00016
  257 s     4 f    Ryd            0.00006
  258 s     4 f    Ryd            0.00008
  259 s     4 f    Ryd            0.00008
  260 s     4 f    Ryd            0.00013
  261 s     4 f    Ryd            0.00008
  262 s     4 f    Ryd            0.00016
  263 s     4 f    Ryd            0.00016

  264 s     5 s    Cor(1s)        2.00000
  265 s     5 s    Cor(2s)        1.99940
  266 s     5 s    Val(3s)        1.76509
  267 s     5 s    Ryd            0.00154
  268 s     5 s    Ryd            0.00000
  269 s     5 p    Cor(2px)       1.99987
  270 s     5 p    Cor(2py)       1.99987
  271 s     5 p    Cor(2pz)       1.99979
  272 s     5 p    Val(3px)       1.52010
  273 s     5 p    Val(3py)       1.52010
  274 s     5 p    Val(3pz)       1.49373
  275 s     5 p    Ryd            0.00158
  276 s     5 p    Ryd            0.00158
  277 s     5 p    Ryd            0.00258
  278 s     5 p    Ryd            0.00003
  279 s     5 p    Ryd            0.00003
  280 s     5 p    Ryd            0.00005
  281 s     5 p    Ryd            0.00000
  282 s     5 p    Ryd            0.00000
  283 s     5 p    Ryd            0.00000
  284 s     5 d    Ryd            0.00217
  285 s     5 d    Ryd            0.00549
  286 s     5 d    Ryd            0.00549
  287 s     5 d    Ryd            0.00564
  288 s     5 d    Ryd            0.00535
  289 s     5 d    Ryd            0.00042
  290 s     5 d    Ryd            0.00028
  291 s     5 d    Ryd            0.00028
  292 s     5 d    Ryd            0.00035
  293 s     5 d    Ryd            0.00016
  294 s     5 f    Ryd            0.00006
  295 s     5 f    Ryd            0.00008
  296 s     5 f    Ryd            0.00008
  297 s     5 f    Ryd            0.00013
  298 s     5 f    Ryd            0.00008
  299 s     5 f    Ryd            0.00016
  300 s     5 f    Ryd            0.00016

  301 s     6 s    Cor(1s)        2.00000
  302 s     6 s    Cor(2s)        1.99940
  303 s     6 s    Val(3s)        1.76509
  304 s     6 s    Ryd            0.00154
  305 s     6 s    Ryd            0.00000
  306 s     6 p    Cor(2px)       1.99987
  307 s     6 p    Cor(2py)       1.99987
  308 s     6 p    Cor(2pz)       1.99979
  309 s     6 p    Val(3px)       1.52010
  310 s     6 p    Val(3py)       1.52010
  311 s     6 p    Val(3pz)       1.49373
  312 s     6 p    Ryd            0.00158
  313 s     6 p    Ryd            0.00158
  314 s     6 p    Ryd            0.00258
  315 s     6 p    Ryd            0.00003
  316 s     6 p    Ryd            0.00003
  317 s     6 p    Ryd            0.00005
  318 s     6 p    Ryd            0.00000
  319 s     6 p    Ryd            0.00000
  320 s     6 p    Ryd            0.00000
  321 s     6 d    Ryd            0.00217
  322 s     6 d    Ryd            0.00549
  323 s     6 d    Ryd            0.00549
  324 s     6 d    Ryd            0.00564
  325 s     6 d    Ryd            0.00535
  326 s     6 d    Ryd            0.00042
  327 s     6 d    Ryd            0.00028
  328 s     6 d    Ryd            0.00028
  329 s     6 d    Ryd            0.00035
  330 s     6 d    Ryd            0.00016
  331 s     6 f    Ryd            0.00006
  332 s     6 f    Ryd            0.00008
  333 s     6 f    Ryd            0.00008
  334 s     6 f    Ryd            0.00013
  335 s     6 f    Ryd            0.00008
  336 s     6 f    Ryd            0.00016
  337 s     6 f    Ryd            0.00016

  338 s     7 s    Cor(1s)        2.00000
  339 s     7 s    Cor(2s)        1.99940
  340 s     7 s    Val(3s)        1.76509
  341 s     7 s    Ryd            0.00154
  342 s     7 s    Ryd            0.00000
  343 s     7 p    Cor(2px)       1.99987
  344 s     7 p    Cor(2py)       1.99987
  345 s     7 p    Cor(2pz)       1.99979
  346 s     7 p    Val(3px)       1.52010
  347 s     7 p    Val(3py)       1.52010
  348 s     7 p    Val(3pz)       1.49373
  349 s     7 p    Ryd            0.00158
  350 s     7 p    Ryd            0.00158
  351 s     7 p    Ryd            0.00258
  352 s     7 p    Ryd            0.00003
  353 s     7 p    Ryd            0.00003
  354 s     7 p    Ryd            0.00005
  355 s     7 p    Ryd            0.00000
  356 s     7 p    Ryd            0.00000
  357 s     7 p    Ryd            0.00000
  358 s     7 d    Ryd            0.00217
  359 s     7 d    Ryd            0.00549
  360 s     7 d    Ryd            0.00549
  361 s     7 d    Ryd            0.00564
  362 s     7 d    Ryd            0.00535
  363 s     7 d    Ryd            0.00042
  364 s     7 d    Ryd            0.00028
  365 s     7 d    Ryd            0.00028
  366 s     7 d    Ryd            0.00035
  367 s     7 d    Ryd            0.00016
  368 s     7 f    Ryd            0.00006
  369 s     7 f    Ryd            0.00008
  370 s     7 f    Ryd            0.00008
  371 s     7 f    Ryd            0.00013
  372 s     7 f    Ryd            0.00008
  373 s     7 f    Ryd            0.00016
  374 s     7 f    Ryd            0.00016

  375 c     8 s    Cor(1s)        1.99904
  376 c     8 s    Val(2s)        0.98637
  377 c     8 s    Ryd            0.00207
  378 c     8 s    Ryd            0.00010
  379 c     8 s    Ryd            0.00000
  380 c     8 p    Val(2px)       1.14405
  381 c     8 p    Val(2py)       1.11217
  382 c     8 p    Val(2pz)       1.05059
  383 c     8 p    Ryd            0.00373
  384 c     8 p    Ryd            0.00284
  385 c     8 p    Ryd            0.00328
  386 c     8 p    Ryd            0.00053
  387 c     8 p    Ryd            0.00020
  388 c     8 p    Ryd            0.00019
  389 c     8 d    Ryd            0.00063
  390 c     8 d    Ryd            0.00150
  391 c     8 d    Ryd            0.00086
  392 c     8 d    Ryd            0.00142
  393 c     8 d    Ryd            0.00134
  394 c     8 d    Ryd            0.00037
  395 c     8 d    Ryd            0.00020
  396 c     8 d    Ryd            0.00032
  397 c     8 d    Ryd            0.00029
  398 c     8 d    Ryd            0.00014
  399 c     8 f    Ryd            0.00023
  400 c     8 f    Ryd            0.00025
  401 c     8 f    Ryd            0.00015
  402 c     8 f    Ryd            0.00035
  403 c     8 f    Ryd            0.00023
  404 c     8 f    Ryd            0.00022
  405 c     8 f    Ryd            0.00030

  406 c     9 s    Cor(1s)        1.99902
  407 c     9 s    Val(2s)        0.98914
  408 c     9 s    Ryd            0.00217
  409 c     9 s    Ryd            0.00014
  410 c     9 s    Ryd            0.00000
  411 c     9 p    Val(2px)       1.06622
  412 c     9 p    Val(2py)       1.06622
  413 c     9 p    Val(2pz)       1.17057
  414 c     9 p    Ryd            0.00367
  415 c     9 p    Ryd            0.00367
  416 c     9 p    Ryd            0.00357
  417 c     9 p    Ryd            0.00043
  418 c     9 p    Ryd            0.00043
  419 c     9 p    Ryd            0.00036
  420 c     9 d    Ryd            0.00143
  421 c     9 d    Ryd            0.00118
  422 c     9 d    Ryd            0.00118
  423 c     9 d    Ryd            0.00114
  424 c     9 d    Ryd            0.00064
  425 c     9 d    Ryd            0.00038
  426 c     9 d    Ryd            0.00019
  427 c     9 d    Ryd            0.00019
  428 c     9 d    Ryd            0.00031
  429 c     9 d    Ryd            0.00024
  430 c     9 f    Ryd            0.00031
  431 c     9 f    Ryd            0.00025
  432 c     9 f    Ryd            0.00025
  433 c     9 f    Ryd            0.00046
  434 c     9 f    Ryd            0.00013
  435 c     9 f    Ryd            0.00015
  436 c     9 f    Ryd            0.00015

  437 c    10 s    Cor(1s)        1.99904
  438 c    10 s    Val(2s)        0.98637
  439 c    10 s    Ryd            0.00207
  440 c    10 s    Ryd            0.00010
  441 c    10 s    Ryd            0.00000
  442 c    10 p    Val(2px)       1.11217
  443 c    10 p    Val(2py)       1.14405
  444 c    10 p    Val(2pz)       1.05059
  445 c    10 p    Ryd            0.00284
  446 c    10 p    Ryd            0.00373
  447 c    10 p    Ryd            0.00328
  448 c    10 p    Ryd            0.00020
  449 c    10 p    Ryd            0.00053
  450 c    10 p    Ryd            0.00019
  451 c    10 d    Ryd            0.00063
  452 c    10 d    Ryd            0.00086
  453 c    10 d    Ryd            0.00150
  454 c    10 d    Ryd            0.00142
  455 c    10 d    Ryd            0.00134
  456 c    10 d    Ryd            0.00037
  457 c    10 d    Ryd            0.00032
  458 c    10 d    Ryd            0.00020
  459 c    10 d    Ryd            0.00029
  460 c    10 d    Ryd            0.00014
  461 c    10 f    Ryd            0.00023
  462 c    10 f    Ryd            0.00015
  463 c    10 f    Ryd            0.00025
  464 c    10 f    Ryd            0.00035
  465 c    10 f    Ryd            0.00023
  466 c    10 f    Ryd            0.00030
  467 c    10 f    Ryd            0.00022

  468 c    11 s    Cor(1s)        1.99907
  469 c    11 s    Val(2s)        0.98324
  470 c    11 s    Ryd            0.00241
  471 c    11 s    Ryd            0.00012
  472 c    11 s    Ryd            0.00000
  473 c    11 p    Val(2px)       1.13514
  474 c    11 p    Val(2py)       1.07124
  475 c    11 p    Val(2pz)       1.12515
  476 c    11 p    Ryd            0.00291
  477 c    11 p    Ryd            0.00347
  478 c    11 p    Ryd            0.00409
  479 c    11 p    Ryd            0.00024
  480 c    11 p    Ryd            0.00034
  481 c    11 p    Ryd            0.00043
  482 c    11 d    Ryd            0.00143
  483 c    11 d    Ryd            0.00099
  484 c    11 d    Ryd            0.00135
  485 c    11 d    Ryd            0.00131
  486 c    11 d    Ryd            0.00073
  487 c    11 d    Ryd            0.00019
  488 c    11 d    Ryd            0.00046
  489 c    11 d    Ryd            0.00028
  490 c    11 d    Ryd            0.00016
  491 c    11 d    Ryd            0.00025
  492 c    11 f    Ryd            0.00011
  493 c    11 f    Ryd            0.00032
  494 c    11 f    Ryd            0.00033
  495 c    11 f    Ryd            0.00024
  496 c    11 f    Ryd            0.00026
  497 c    11 f    Ryd            0.00022
  498 c    11 f    Ryd            0.00027

  499 c    12 s    Cor(1s)        1.99907
  500 c    12 s    Val(2s)        0.98324
  501 c    12 s    Ryd            0.00241
  502 c    12 s    Ryd            0.00012
  503 c    12 s    Ryd            0.00000
  504 c    12 p    Val(2px)       1.07124
  505 c    12 p    Val(2py)       1.13514
  506 c    12 p    Val(2pz)       1.12515
  507 c    12 p    Ryd            0.00347
  508 c    12 p    Ryd            0.00291
  509 c    12 p    Ryd            0.00409
  510 c    12 p    Ryd            0.00034
  511 c    12 p    Ryd            0.00024
  512 c    12 p    Ryd            0.00043
  513 c    12 d    Ryd            0.00143
  514 c    12 d    Ryd            0.00135
  515 c    12 d    Ryd            0.00099
  516 c    12 d    Ryd            0.00131
  517 c    12 d    Ryd            0.00073
  518 c    12 d    Ryd            0.00019
  519 c    12 d    Ryd            0.00028
  520 c    12 d    Ryd            0.00046
  521 c    12 d    Ryd            0.00016
  522 c    12 d    Ryd            0.00025
  523 c    12 f    Ryd            0.00011
  524 c    12 f    Ryd            0.00033
  525 c    12 f    Ryd            0.00032
  526 c    12 f    Ryd            0.00024
  527 c    12 f    Ryd            0.00026
  528 c    12 f    Ryd            0.00027
  529 c    12 f    Ryd            0.00022

  530 c    13 s    Cor(1s)        1.99904
  531 c    13 s    Val(2s)        0.98637
  532 c    13 s    Ryd            0.00207
  533 c    13 s    Ryd            0.00010
  534 c    13 s    Ryd            0.00000
  535 c    13 p    Val(2px)       1.11217
  536 c    13 p    Val(2py)       1.14405
  537 c    13 p    Val(2pz)       1.05059
  538 c    13 p    Ryd            0.00284
  539 c    13 p    Ryd            0.00373
  540 c    13 p    Ryd            0.00328
  541 c    13 p    Ryd            0.00020
  542 c    13 p    Ryd            0.00053
  543 c    13 p    Ryd            0.00019
  544 c    13 d    Ryd            0.00063
  545 c    13 d    Ryd            0.00086
  546 c    13 d    Ryd            0.00150
  547 c    13 d    Ryd            0.00142
  548 c    13 d    Ryd            0.00134
  549 c    13 d    Ryd            0.00037
  550 c    13 d    Ryd            0.00032
  551 c    13 d    Ryd            0.00020
  552 c    13 d    Ryd            0.00029
  553 c    13 d    Ryd            0.00014
  554 c    13 f    Ryd            0.00023
  555 c    13 f    Ryd            0.00015
  556 c    13 f    Ryd            0.00025
  557 c    13 f    Ryd            0.00035
  558 c    13 f    Ryd            0.00023
  559 c    13 f    Ryd            0.00030
  560 c    13 f    Ryd            0.00022

  561 c    14 s    Cor(1s)        1.99902
  562 c    14 s    Val(2s)        0.98914
  563 c    14 s    Ryd            0.00217
  564 c    14 s    Ryd            0.00014
  565 c    14 s    Ryd            0.00000
  566 c    14 p    Val(2px)       1.06622
  567 c    14 p    Val(2py)       1.06622
  568 c    14 p    Val(2pz)       1.17057
  569 c    14 p    Ryd            0.00367
  570 c    14 p    Ryd            0.00367
  571 c    14 p    Ryd            0.00357
  572 c    14 p    Ryd            0.00043
  573 c    14 p    Ryd            0.00043
  574 c    14 p    Ryd            0.00036
  575 c    14 d    Ryd            0.00143
  576 c    14 d    Ryd            0.00118
  577 c    14 d    Ryd            0.00118
  578 c    14 d    Ryd            0.00114
  579 c    14 d    Ryd            0.00064
  580 c    14 d    Ryd            0.00038
  581 c    14 d    Ryd            0.00019
  582 c    14 d    Ryd            0.00019
  583 c    14 d    Ryd            0.00031
  584 c    14 d    Ryd            0.00024
  585 c    14 f    Ryd            0.00031
  586 c    14 f    Ryd            0.00025
  587 c    14 f    Ryd            0.00025
  588 c    14 f    Ryd            0.00046
  589 c    14 f    Ryd            0.00013
  590 c    14 f    Ryd            0.00015
  591 c    14 f    Ryd            0.00015

  592 c    15 s    Cor(1s)        1.99904
  593 c    15 s    Val(2s)        0.98637
  594 c    15 s    Ryd            0.00207
  595 c    15 s    Ryd            0.00010
  596 c    15 s    Ryd            0.00000
  597 c    15 p    Val(2px)       1.14405
  598 c    15 p    Val(2py)       1.11217
  599 c    15 p    Val(2pz)       1.05059
  600 c    15 p    Ryd            0.00373
  601 c    15 p    Ryd            0.00284
  602 c    15 p    Ryd            0.00328
  603 c    15 p    Ryd            0.00053
  604 c    15 p    Ryd            0.00020
  605 c    15 p    Ryd            0.00019
  606 c    15 d    Ryd            0.00063
  607 c    15 d    Ryd            0.00150
  608 c    15 d    Ryd            0.00086
  609 c    15 d    Ryd            0.00142
  610 c    15 d    Ryd            0.00134
  611 c    15 d    Ryd            0.00037
  612 c    15 d    Ryd            0.00020
  613 c    15 d    Ryd            0.00032
  614 c    15 d    Ryd            0.00029
  615 c    15 d    Ryd            0.00014
  616 c    15 f    Ryd            0.00023
  617 c    15 f    Ryd            0.00025
  618 c    15 f    Ryd            0.00015
  619 c    15 f    Ryd            0.00035
  620 c    15 f    Ryd            0.00023
  621 c    15 f    Ryd            0.00022
  622 c    15 f    Ryd            0.00030

  623 c    16 s    Cor(1s)        1.99907
  624 c    16 s    Val(2s)        0.98324
  625 c    16 s    Ryd            0.00241
  626 c    16 s    Ryd            0.00012
  627 c    16 s    Ryd            0.00000
  628 c    16 p    Val(2px)       1.07124
  629 c    16 p    Val(2py)       1.13514
  630 c    16 p    Val(2pz)       1.12515
  631 c    16 p    Ryd            0.00347
  632 c    16 p    Ryd            0.00291
  633 c    16 p    Ryd            0.00409
  634 c    16 p    Ryd            0.00034
  635 c    16 p    Ryd            0.00024
  636 c    16 p    Ryd            0.00043
  637 c    16 d    Ryd            0.00143
  638 c    16 d    Ryd            0.00135
  639 c    16 d    Ryd            0.00099
  640 c    16 d    Ryd            0.00131
  641 c    16 d    Ryd            0.00073
  642 c    16 d    Ryd            0.00019
  643 c    16 d    Ryd            0.00028
  644 c    16 d    Ryd            0.00046
  645 c    16 d    Ryd            0.00016
  646 c    16 d    Ryd            0.00025
  647 c    16 f    Ryd            0.00011
  648 c    16 f    Ryd            0.00033
  649 c    16 f    Ryd            0.00032
  650 c    16 f    Ryd            0.00024
  651 c    16 f    Ryd            0.00026
  652 c    16 f    Ryd            0.00027
  653 c    16 f    Ryd            0.00022

  654 c    17 s    Cor(1s)        1.99907
  655 c    17 s    Val(2s)        0.98324
  656 c    17 s    Ryd            0.00241
  657 c    17 s    Ryd            0.00012
  658 c    17 s    Ryd            0.00000
  659 c    17 p    Val(2px)       1.13514
  660 c    17 p    Val(2py)       1.07124
  661 c    17 p    Val(2pz)       1.12515
  662 c    17 p    Ryd            0.00291
  663 c    17 p    Ryd            0.00347
  664 c    17 p    Ryd            0.00409
  665 c    17 p    Ryd            0.00024
  666 c    17 p    Ryd            0.00034
  667 c    17 p    Ryd            0.00043
  668 c    17 d    Ryd            0.00143
  669 c    17 d    Ryd            0.00099
  670 c    17 d    Ryd            0.00135
  671 c    17 d    Ryd            0.00131
  672 c    17 d    Ryd            0.00073
  673 c    17 d    Ryd            0.00019
  674 c    17 d    Ryd            0.00046
  675 c    17 d    Ryd            0.00028
  676 c    17 d    Ryd            0.00016
  677 c    17 d    Ryd            0.00025
  678 c    17 f    Ryd            0.00011
  679 c    17 f    Ryd            0.00032
  680 c    17 f    Ryd            0.00033
  681 c    17 f    Ryd            0.00024
  682 c    17 f    Ryd            0.00026
  683 c    17 f    Ryd            0.00022
  684 c    17 f    Ryd            0.00027

  685 c    18 s    Cor(1s)        1.99904
  686 c    18 s    Val(2s)        0.98637
  687 c    18 s    Ryd            0.00207
  688 c    18 s    Ryd            0.00010
  689 c    18 s    Ryd            0.00000
  690 c    18 p    Val(2px)       1.11217
  691 c    18 p    Val(2py)       1.14405
  692 c    18 p    Val(2pz)       1.05059
  693 c    18 p    Ryd            0.00284
  694 c    18 p    Ryd            0.00373
  695 c    18 p    Ryd            0.00328
  696 c    18 p    Ryd            0.00020
  697 c    18 p    Ryd            0.00053
  698 c    18 p    Ryd            0.00019
  699 c    18 d    Ryd            0.00063
  700 c    18 d    Ryd            0.00086
  701 c    18 d    Ryd            0.00150
  702 c    18 d    Ryd            0.00142
  703 c    18 d    Ryd            0.00134
  704 c    18 d    Ryd            0.00037
  705 c    18 d    Ryd            0.00032
  706 c    18 d    Ryd            0.00020
  707 c    18 d    Ryd            0.00029
  708 c    18 d    Ryd            0.00014
  709 c    18 f    Ryd            0.00023
  710 c    18 f    Ryd            0.00015
  711 c    18 f    Ryd            0.00025
  712 c    18 f    Ryd            0.00035
  713 c    18 f    Ryd            0.00023
  714 c    18 f    Ryd            0.00030
  715 c    18 f    Ryd            0.00022

  716 c    19 s    Cor(1s)        1.99907
  717 c    19 s    Val(2s)        0.98324
  718 c    19 s    Ryd            0.00241
  719 c    19 s    Ryd            0.00012
  720 c    19 s    Ryd            0.00000
  721 c    19 p    Val(2px)       1.13514
  722 c    19 p    Val(2py)       1.07124
  723 c    19 p    Val(2pz)       1.12515
  724 c    19 p    Ryd            0.00291
  725 c    19 p    Ryd            0.00347
  726 c    19 p    Ryd            0.00409
  727 c    19 p    Ryd            0.00024
  728 c    19 p    Ryd            0.00034
  729 c    19 p    Ryd            0.00043
  730 c    19 d    Ryd            0.00143
  731 c    19 d    Ryd            0.00099
  732 c    19 d    Ryd            0.00135
  733 c    19 d    Ryd            0.00131
  734 c    19 d    Ryd            0.00073
  735 c    19 d    Ryd            0.00019
  736 c    19 d    Ryd            0.00046
  737 c    19 d    Ryd            0.00028
  738 c    19 d    Ryd            0.00016
  739 c    19 d    Ryd            0.00025
  740 c    19 f    Ryd            0.00011
  741 c    19 f    Ryd            0.00032
  742 c    19 f    Ryd            0.00033
  743 c    19 f    Ryd            0.00024
  744 c    19 f    Ryd            0.00026
  745 c    19 f    Ryd            0.00022
  746 c    19 f    Ryd            0.00027

  747 c    20 s    Cor(1s)        1.99907
  748 c    20 s    Val(2s)        0.98324
  749 c    20 s    Ryd            0.00241
  750 c    20 s    Ryd            0.00012
  751 c    20 s    Ryd            0.00000
  752 c    20 p    Val(2px)       1.07124
  753 c    20 p    Val(2py)       1.13514
  754 c    20 p    Val(2pz)       1.12515
  755 c    20 p    Ryd            0.00347
  756 c    20 p    Ryd            0.00291
  757 c    20 p    Ryd            0.00409
  758 c    20 p    Ryd            0.00034
  759 c    20 p    Ryd            0.00024
  760 c    20 p    Ryd            0.00043
  761 c    20 d    Ryd            0.00143
  762 c    20 d    Ryd            0.00135
  763 c    20 d    Ryd            0.00099
  764 c    20 d    Ryd            0.00131
  765 c    20 d    Ryd            0.00073
  766 c    20 d    Ryd            0.00019
  767 c    20 d    Ryd            0.00028
  768 c    20 d    Ryd            0.00046
  769 c    20 d    Ryd            0.00016
  770 c    20 d    Ryd            0.00025
  771 c    20 f    Ryd            0.00011
  772 c    20 f    Ryd            0.00033
  773 c    20 f    Ryd            0.00032
  774 c    20 f    Ryd            0.00024
  775 c    20 f    Ryd            0.00026
  776 c    20 f    Ryd            0.00027
  777 c    20 f    Ryd            0.00022

  778 c    21 s    Cor(1s)        1.99904
  779 c    21 s    Val(2s)        0.98637
  780 c    21 s    Ryd            0.00207
  781 c    21 s    Ryd            0.00010
  782 c    21 s    Ryd            0.00000
  783 c    21 p    Val(2px)       1.14405
  784 c    21 p    Val(2py)       1.11217
  785 c    21 p    Val(2pz)       1.05059
  786 c    21 p    Ryd            0.00373
  787 c    21 p    Ryd            0.00284
  788 c    21 p    Ryd            0.00328
  789 c    21 p    Ryd            0.00053
  790 c    21 p    Ryd            0.00020
  791 c    21 p    Ryd            0.00019
  792 c    21 d    Ryd            0.00063
  793 c    21 d    Ryd            0.00150
  794 c    21 d    Ryd            0.00086
  795 c    21 d    Ryd            0.00142
  796 c    21 d    Ryd            0.00134
  797 c    21 d    Ryd            0.00037
  798 c    21 d    Ryd            0.00020
  799 c    21 d    Ryd            0.00032
  800 c    21 d    Ryd            0.00029
  801 c    21 d    Ryd            0.00014
  802 c    21 f    Ryd            0.00023
  803 c    21 f    Ryd            0.00025
  804 c    21 f    Ryd            0.00015
  805 c    21 f    Ryd            0.00035
  806 c    21 f    Ryd            0.00023
  807 c    21 f    Ryd            0.00022
  808 c    21 f    Ryd            0.00030

  809 c    22 s    Cor(1s)        1.99902
  810 c    22 s    Val(2s)        0.98914
  811 c    22 s    Ryd            0.00217
  812 c    22 s    Ryd            0.00014
  813 c    22 s    Ryd            0.00000
  814 c    22 p    Val(2px)       1.06622
  815 c    22 p    Val(2py)       1.06622
  816 c    22 p    Val(2pz)       1.17057
  817 c    22 p    Ryd            0.00367
  818 c    22 p    Ryd            0.00367
  819 c    22 p    Ryd            0.00357
  820 c    22 p    Ryd            0.00043
  821 c    22 p    Ryd            0.00043
  822 c    22 p    Ryd            0.00036
  823 c    22 d    Ryd            0.00143
  824 c    22 d    Ryd            0.00118
  825 c    22 d    Ryd            0.00118
  826 c    22 d    Ryd            0.00114
  827 c    22 d    Ryd            0.00064
  828 c    22 d    Ryd            0.00038
  829 c    22 d    Ryd            0.00019
  830 c    22 d    Ryd            0.00019
  831 c    22 d    Ryd            0.00031
  832 c    22 d    Ryd            0.00024
  833 c    22 f    Ryd            0.00031
  834 c    22 f    Ryd            0.00025
  835 c    22 f    Ryd            0.00025
  836 c    22 f    Ryd            0.00046
  837 c    22 f    Ryd            0.00013
  838 c    22 f    Ryd            0.00015
  839 c    22 f    Ryd            0.00015

  840 c    23 s    Cor(1s)        1.99904
  841 c    23 s    Val(2s)        0.98637
  842 c    23 s    Ryd            0.00207
  843 c    23 s    Ryd            0.00010
  844 c    23 s    Ryd            0.00000
  845 c    23 p    Val(2px)       1.14405
  846 c    23 p    Val(2py)       1.11217
  847 c    23 p    Val(2pz)       1.05059
  848 c    23 p    Ryd            0.00373
  849 c    23 p    Ryd            0.00284
  850 c    23 p    Ryd            0.00328
  851 c    23 p    Ryd            0.00053
  852 c    23 p    Ryd            0.00020
  853 c    23 p    Ryd            0.00019
  854 c    23 d    Ryd            0.00063
  855 c    23 d    Ryd            0.00150
  856 c    23 d    Ryd            0.00086
  857 c    23 d    Ryd            0.00142
  858 c    23 d    Ryd            0.00134
  859 c    23 d    Ryd            0.00037
  860 c    23 d    Ryd            0.00020
  861 c    23 d    Ryd            0.00032
  862 c    23 d    Ryd            0.00029
  863 c    23 d    Ryd            0.00014
  864 c    23 f    Ryd            0.00023
  865 c    23 f    Ryd            0.00025
  866 c    23 f    Ryd            0.00015
  867 c    23 f    Ryd            0.00035
  868 c    23 f    Ryd            0.00023
  869 c    23 f    Ryd            0.00022
  870 c    23 f    Ryd            0.00030

  871 c    24 s    Cor(1s)        1.99907
  872 c    24 s    Val(2s)        0.98324
  873 c    24 s    Ryd            0.00241
  874 c    24 s    Ryd            0.00012
  875 c    24 s    Ryd            0.00000
  876 c    24 p    Val(2px)       1.07124
  877 c    24 p    Val(2py)       1.13514
  878 c    24 p    Val(2pz)       1.12515
  879 c    24 p    Ryd            0.00347
  880 c    24 p    Ryd            0.00291
  881 c    24 p    Ryd            0.00409
  882 c    24 p    Ryd            0.00034
  883 c    24 p    Ryd            0.00024
  884 c    24 p    Ryd            0.00043
  885 c    24 d    Ryd            0.00143
  886 c    24 d    Ryd            0.00135
  887 c    24 d    Ryd            0.00099
  888 c    24 d    Ryd            0.00131
  889 c    24 d    Ryd            0.00073
  890 c    24 d    Ryd            0.00019
  891 c    24 d    Ryd            0.00028
  892 c    24 d    Ryd            0.00046
  893 c    24 d    Ryd            0.00016
  894 c    24 d    Ryd            0.00025
  895 c    24 f    Ryd            0.00011
  896 c    24 f    Ryd            0.00033
  897 c    24 f    Ryd            0.00032
  898 c    24 f    Ryd            0.00024
  899 c    24 f    Ryd            0.00026
  900 c    24 f    Ryd            0.00027
  901 c    24 f    Ryd            0.00022

  902 c    25 s    Cor(1s)        1.99907
  903 c    25 s    Val(2s)        0.98324
  904 c    25 s    Ryd            0.00241
  905 c    25 s    Ryd            0.00012
  906 c    25 s    Ryd            0.00000
  907 c    25 p    Val(2px)       1.13514
  908 c    25 p    Val(2py)       1.07124
  909 c    25 p    Val(2pz)       1.12515
  910 c    25 p    Ryd            0.00291
  911 c    25 p    Ryd            0.00347
  912 c    25 p    Ryd            0.00409
  913 c    25 p    Ryd            0.00024
  914 c    25 p    Ryd            0.00034
  915 c    25 p    Ryd            0.00043
  916 c    25 d    Ryd            0.00143
  917 c    25 d    Ryd            0.00099
  918 c    25 d    Ryd            0.00135
  919 c    25 d    Ryd            0.00131
  920 c    25 d    Ryd            0.00073
  921 c    25 d    Ryd            0.00019
  922 c    25 d    Ryd            0.00046
  923 c    25 d    Ryd            0.00028
  924 c    25 d    Ryd            0.00016
  925 c    25 d    Ryd            0.00025
  926 c    25 f    Ryd            0.00011
  927 c    25 f    Ryd            0.00032
  928 c    25 f    Ryd            0.00033
  929 c    25 f    Ryd            0.00024
  930 c    25 f    Ryd            0.00026
  931 c    25 f    Ryd            0.00022
  932 c    25 f    Ryd            0.00027

  933 c    26 s    Cor(1s)        1.99904
  934 c    26 s    Val(2s)        0.98637
  935 c    26 s    Ryd            0.00207
  936 c    26 s    Ryd            0.00010
  937 c    26 s    Ryd            0.00000
  938 c    26 p    Val(2px)       1.11217
  939 c    26 p    Val(2py)       1.14405
  940 c    26 p    Val(2pz)       1.05059
  941 c    26 p    Ryd            0.00284
  942 c    26 p    Ryd            0.00373
  943 c    26 p    Ryd            0.00328
  944 c    26 p    Ryd            0.00020
  945 c    26 p    Ryd            0.00053
  946 c    26 p    Ryd            0.00019
  947 c    26 d    Ryd            0.00063
  948 c    26 d    Ryd            0.00086
  949 c    26 d    Ryd            0.00150
  950 c    26 d    Ryd            0.00142
  951 c    26 d    Ryd            0.00134
  952 c    26 d    Ryd            0.00037
  953 c    26 d    Ryd            0.00032
  954 c    26 d    Ryd            0.00020
  955 c    26 d    Ryd            0.00029
  956 c    26 d    Ryd            0.00014
  957 c    26 f    Ryd            0.00023
  958 c    26 f    Ryd            0.00015
  959 c    26 f    Ryd            0.00025
  960 c    26 f    Ryd            0.00035
  961 c    26 f    Ryd            0.00023
  962 c    26 f    Ryd            0.00030
  963 c    26 f    Ryd            0.00022

  964 c    27 s    Cor(1s)        1.99902
  965 c    27 s    Val(2s)        0.98914
  966 c    27 s    Ryd            0.00217
  967 c    27 s    Ryd            0.00014
  968 c    27 s    Ryd            0.00000
  969 c    27 p    Val(2px)       1.06622
  970 c    27 p    Val(2py)       1.06622
  971 c    27 p    Val(2pz)       1.17057
  972 c    27 p    Ryd            0.00367
  973 c    27 p    Ryd            0.00367
  974 c    27 p    Ryd            0.00357
  975 c    27 p    Ryd            0.00043
  976 c    27 p    Ryd            0.00043
  977 c    27 p    Ryd            0.00036
  978 c    27 d    Ryd            0.00143
  979 c    27 d    Ryd            0.00118
  980 c    27 d    Ryd            0.00118
  981 c    27 d    Ryd            0.00114
  982 c    27 d    Ryd            0.00064
  983 c    27 d    Ryd            0.00038
  984 c    27 d    Ryd            0.00019
  985 c    27 d    Ryd            0.00019
  986 c    27 d    Ryd            0.00031
  987 c    27 d    Ryd            0.00024
  988 c    27 f    Ryd            0.00031
  989 c    27 f    Ryd            0.00025
  990 c    27 f    Ryd            0.00025
  991 c    27 f    Ryd            0.00046
  992 c    27 f    Ryd            0.00013
  993 c    27 f    Ryd            0.00015
  994 c    27 f    Ryd            0.00015

  995 h    28 s    Val(1s)        0.77221
  996 h    28 s    Ryd            0.00033
  997 h    28 s    Ryd            0.00015
  998 h    28 p    Ryd            0.00027
  999 h    28 p    Ryd            0.00039
 1000 h    28 p    Ryd            0.00013

 1001 h    29 s    Val(1s)        0.78107
 1002 h    29 s    Ryd            0.00034
 1003 h    29 s    Ryd            0.00017
 1004 h    29 p    Ryd            0.00033
 1005 h    29 p    Ryd            0.00012
 1006 h    29 p    Ryd            0.00036

 1007 h    30 s    Val(1s)        0.76068
 1008 h    30 s    Ryd            0.00044
 1009 h    30 s    Ryd            0.00019
 1010 h    30 p    Ryd            0.00012
 1011 h    30 p    Ryd            0.00012
 1012 h    30 p    Ryd            0.00053

 1013 h    31 s    Val(1s)        0.78107
 1014 h    31 s    Ryd            0.00034
 1015 h    31 s    Ryd            0.00017
 1016 h    31 p    Ryd            0.00012
 1017 h    31 p    Ryd            0.00033
 1018 h    31 p    Ryd            0.00036

 1019 h    32 s    Val(1s)        0.77221
 1020 h    32 s    Ryd            0.00033
 1021 h    32 s    Ryd            0.00015
 1022 h    32 p    Ryd            0.00039
 1023 h    32 p    Ryd            0.00027
 1024 h    32 p    Ryd            0.00013

 1025 h    33 s    Val(1s)        0.78107
 1026 h    33 s    Ryd            0.00034
 1027 h    33 s    Ryd            0.00017
 1028 h    33 p    Ryd            0.00033
 1029 h    33 p    Ryd            0.00012
 1030 h    33 p    Ryd            0.00036

 1031 h    34 s    Val(1s)        0.77221
 1032 h    34 s    Ryd            0.00033
 1033 h    34 s    Ryd            0.00015
 1034 h    34 p    Ryd            0.00027
 1035 h    34 p    Ryd            0.00039
 1036 h    34 p    Ryd            0.00013

 1037 h    35 s    Val(1s)        0.76068
 1038 h    35 s    Ryd            0.00044
 1039 h    35 s    Ryd            0.00019
 1040 h    35 p    Ryd            0.00012
 1041 h    35 p    Ryd            0.00012
 1042 h    35 p    Ryd            0.00053

 1043 h    36 s    Val(1s)        0.77221
 1044 h    36 s    Ryd            0.00033
 1045 h    36 s    Ryd            0.00015
 1046 h    36 p    Ryd            0.00039
 1047 h    36 p    Ryd            0.00027
 1048 h    36 p    Ryd            0.00013

 1049 h    37 s    Val(1s)        0.78107
 1050 h    37 s    Ryd            0.00034
 1051 h    37 s    Ryd            0.00017
 1052 h    37 p    Ryd            0.00012
 1053 h    37 p    Ryd            0.00033
 1054 h    37 p    Ryd            0.00036

 1055 h    38 s    Val(1s)        0.77221
 1056 h    38 s    Ryd            0.00033
 1057 h    38 s    Ryd            0.00015
 1058 h    38 p    Ryd            0.00027
 1059 h    38 p    Ryd            0.00039
 1060 h    38 p    Ryd            0.00013

 1061 h    39 s    Val(1s)        0.76068
 1062 h    39 s    Ryd            0.00044
 1063 h    39 s    Ryd            0.00019
 1064 h    39 p    Ryd            0.00012
 1065 h    39 p    Ryd            0.00012
 1066 h    39 p    Ryd            0.00053

 1067 h    40 s    Val(1s)        0.77221
 1068 h    40 s    Ryd            0.00033
 1069 h    40 s    Ryd            0.00015
 1070 h    40 p    Ryd            0.00039
 1071 h    40 p    Ryd            0.00027
 1072 h    40 p    Ryd            0.00013

 1073 h    41 s    Val(1s)        0.78107
 1074 h    41 s    Ryd            0.00034
 1075 h    41 s    Ryd            0.00017
 1076 h    41 p    Ryd            0.00012
 1077 h    41 p    Ryd            0.00033
 1078 h    41 p    Ryd            0.00036

 1079 h    42 s    Val(1s)        0.78107
 1080 h    42 s    Ryd            0.00034
 1081 h    42 s    Ryd            0.00017
 1082 h    42 p    Ryd            0.00033
 1083 h    42 p    Ryd            0.00012
 1084 h    42 p    Ryd            0.00036

 1085 h    43 s    Val(1s)        0.78107
 1086 h    43 s    Ryd            0.00034
 1087 h    43 s    Ryd            0.00017
 1088 h    43 p    Ryd            0.00033
 1089 h    43 p    Ryd            0.00012
 1090 h    43 p    Ryd            0.00036

 1091 h    44 s    Val(1s)        0.77221
 1092 h    44 s    Ryd            0.00033
 1093 h    44 s    Ryd            0.00015
 1094 h    44 p    Ryd            0.00027
 1095 h    44 p    Ryd            0.00039
 1096 h    44 p    Ryd            0.00013

 1097 h    45 s    Val(1s)        0.76068
 1098 h    45 s    Ryd            0.00044
 1099 h    45 s    Ryd            0.00019
 1100 h    45 p    Ryd            0.00012
 1101 h    45 p    Ryd            0.00012
 1102 h    45 p    Ryd            0.00053

 1103 h    46 s    Val(1s)        0.78107
 1104 h    46 s    Ryd            0.00034
 1105 h    46 s    Ryd            0.00017
 1106 h    46 p    Ryd            0.00012
 1107 h    46 p    Ryd            0.00033
 1108 h    46 p    Ryd            0.00036

 1109 h    47 s    Val(1s)        0.77221
 1110 h    47 s    Ryd            0.00033
 1111 h    47 s    Ryd            0.00015
 1112 h    47 p    Ryd            0.00039
 1113 h    47 p    Ryd            0.00027
 1114 h    47 p    Ryd            0.00013

Summary of Natural Population Analysis:
                                      Natural Population
                 Natural   -----------------------------------
Atom No          Charge       Core        Valence     Rydberg     Total
               ----------------------------------------------------------
  1  mo           0.15789     7.96854     5.79459     0.07898    13.84211
  2  dy           1.06359    25.97767    10.77229     0.18645    36.93641
  3  dy           1.06359    25.97767    10.77229     0.18645    36.93641
  4  s           -0.33175     9.99892     6.29902     0.03381    16.33175
  5  s           -0.33175     9.99892     6.29902     0.03381    16.33175
  6  s           -0.33175     9.99892     6.29902     0.03381    16.33175
  7  s           -0.33175     9.99892     6.29902     0.03381    16.33175
  8  c           -0.31397     1.99904     4.29318     0.02175     6.31397
  9  c           -0.31419     1.99902     4.29215     0.02302     6.31419
 10  c           -0.31397     1.99904     4.29318     0.02175     6.31397
 11  c           -0.33676     1.99907     4.31477     0.02291     6.33676
 12  c           -0.33676     1.99907     4.31477     0.02291     6.33676
 13  c           -0.31397     1.99904     4.29318     0.02175     6.31397
 14  c           -0.31419     1.99902     4.29215     0.02302     6.31419
 15  c           -0.31397     1.99904     4.29318     0.02175     6.31397
 16  c           -0.33676     1.99907     4.31477     0.02291     6.33676
 17  c           -0.33676     1.99907     4.31477     0.02291     6.33676
 18  c           -0.31397     1.99904     4.29318     0.02175     6.31397
 19  c           -0.33676     1.99907     4.31477     0.02291     6.33676
 20  c           -0.33676     1.99907     4.31477     0.02291     6.33676
 21  c           -0.31397     1.99904     4.29318     0.02175     6.31397
 22  c           -0.31419     1.99902     4.29215     0.02302     6.31419
 23  c           -0.31397     1.99904     4.29318     0.02175     6.31397
 24  c           -0.33676     1.99907     4.31477     0.02291     6.33676
 25  c           -0.33676     1.99907     4.31477     0.02291     6.33676
 26  c           -0.31397     1.99904     4.29318     0.02175     6.31397
 27  c           -0.31419     1.99902     4.29215     0.02302     6.31419
 28  h            0.22651     0.00000     0.77221     0.00128     0.77349
 29  h            0.21760     0.00000     0.78107     0.00133     0.78240
 30  h            0.23792     0.00000     0.76068     0.00140     0.76208
 31  h            0.21760     0.00000     0.78107     0.00133     0.78240
 32  h            0.22651     0.00000     0.77221     0.00128     0.77349
 33  h            0.21760     0.00000     0.78107     0.00133     0.78240
 34  h            0.22651     0.00000     0.77221     0.00128     0.77349
 35  h            0.23792     0.00000     0.76068     0.00140     0.76208
 36  h            0.22651     0.00000     0.77221     0.00128     0.77349
 37  h            0.21760     0.00000     0.78107     0.00133     0.78240
 38  h            0.22651     0.00000     0.77221     0.00128     0.77349
 39  h            0.23792     0.00000     0.76068     0.00140     0.76208
 40  h            0.22651     0.00000     0.77221     0.00128     0.77349
 41  h            0.21760     0.00000     0.78107     0.00133     0.78240
 42  h            0.21760     0.00000     0.78107     0.00133     0.78240
 43  h            0.21760     0.00000     0.78107     0.00133     0.78240
 44  h            0.22651     0.00000     0.77221     0.00128     0.77349
 45  h            0.23792     0.00000     0.76068     0.00140     0.76208
 46  h            0.21760     0.00000     0.78107     0.00133     0.78240
 47  h            0.22651     0.00000     0.77221     0.00128     0.77349
               ----------------------------------------------------------
 * Total *       -1.00000   139.90052   154.03650     1.06298   295.00000

For all atoms:
Core                     139.90052(  99.9289% of  140)
Valence                  154.03650(  99.3784% of  155)
Natural Minimal Basis    293.93702(  99.6397% of  295)
Natural Rydberg Basis      1.06298(   0.3603% of  295)

 ==============================================================================

atomic populations from total density:
atom          charge    n(s)      n(p)      n(d)      n(f)      n(g)
  1 mo         0.15789   2.40920   5.98698   5.43947   0.00645   0.00000
  2 dy         1.06359   4.78232  12.00117  11.58785   8.56487   0.00019
  3 dy         1.06359   4.78232  12.00117  11.58785   8.56487   0.00019
  4 s         -0.33175   5.76603  10.53932   0.02564   0.00076   0.00000
  5 s         -0.33175   5.76603  10.53932   0.02564   0.00076   0.00000
  6 s         -0.33175   5.76603  10.53932   0.02564   0.00076   0.00000
  7 s         -0.33175   5.76603  10.53932   0.02564   0.00076   0.00000
  8 c         -0.31397   2.98758   3.31758   0.00706   0.00174   0.00000
  9 c         -0.31419   2.99048   3.31513   0.00689   0.00170   0.00000
 10 c         -0.31397   2.98758   3.31758   0.00706   0.00174   0.00000
 11 c         -0.33676   2.98484   3.34301   0.00716   0.00175   0.00000
 12 c         -0.33676   2.98484   3.34301   0.00716   0.00175   0.00000
 13 c         -0.31397   2.98758   3.31758   0.00706   0.00174   0.00000
 14 c         -0.31419   2.99048   3.31513   0.00689   0.00170   0.00000
 15 c         -0.31397   2.98758   3.31758   0.00706   0.00174   0.00000
 16 c         -0.33676   2.98484   3.34301   0.00716   0.00175   0.00000
 17 c         -0.33676   2.98484   3.34301   0.00716   0.00175   0.00000
 18 c         -0.31397   2.98758   3.31758   0.00706   0.00174   0.00000
 19 c         -0.33676   2.98484   3.34301   0.00716   0.00175   0.00000
 20 c         -0.33676   2.98484   3.34301   0.00716   0.00175   0.00000
 21 c         -0.31397   2.98758   3.31758   0.00706   0.00174   0.00000
 22 c         -0.31419   2.99048   3.31513   0.00689   0.00170   0.00000
 23 c         -0.31397   2.98758   3.31758   0.00706   0.00174   0.00000
 24 c         -0.33676   2.98484   3.34301   0.00716   0.00175   0.00000
 25 c         -0.33676   2.98484   3.34301   0.00716   0.00175   0.00000
 26 c         -0.31397   2.98758   3.31758   0.00706   0.00174   0.00000
 27 c         -0.31419   2.99048   3.31513   0.00689   0.00170   0.00000
 28 h          0.22651   0.77270   0.00080   0.00000   0.00000   0.00000
 29 h          0.21760   0.78159   0.00081   0.00000   0.00000   0.00000
 30 h          0.23792   0.76131   0.00078   0.00000   0.00000   0.00000
 31 h          0.21760   0.78159   0.00081   0.00000   0.00000   0.00000
 32 h          0.22651   0.77270   0.00080   0.00000   0.00000   0.00000
 33 h          0.21760   0.78159   0.00081   0.00000   0.00000   0.00000
 34 h          0.22651   0.77270   0.00080   0.00000   0.00000   0.00000
 35 h          0.23792   0.76131   0.00078   0.00000   0.00000   0.00000
 36 h          0.22651   0.77270   0.00080   0.00000   0.00000   0.00000
 37 h          0.21760   0.78159   0.00081   0.00000   0.00000   0.00000
 38 h          0.22651   0.77270   0.00080   0.00000   0.00000   0.00000
 39 h          0.23792   0.76131   0.00078   0.00000   0.00000   0.00000
 40 h          0.22651   0.77270   0.00080   0.00000   0.00000   0.00000
 41 h          0.21760   0.78159   0.00081   0.00000   0.00000   0.00000
 42 h          0.21760   0.78159   0.00081   0.00000   0.00000   0.00000
 43 h          0.21760   0.78159   0.00081   0.00000   0.00000   0.00000
 44 h          0.22651   0.77270   0.00080   0.00000   0.00000   0.00000
 45 h          0.23792   0.76131   0.00078   0.00000   0.00000   0.00000
 46 h          0.21760   0.78159   0.00081   0.00000   0.00000   0.00000
 47 h          0.22651   0.77270   0.00080   0.00000   0.00000   0.00000

 ==============================================================================

 
 moments (from total density versus population analysis)
 <charge> =            -1.000000           -1.000000
 <xx  >   =          -205.979435           -8.342226
 <yy  >   =          -205.979435           -8.342226
 <zz  >   =          -231.264535          -47.875190
 <xy  >   =            -0.000000            0.000000
 <xz  >   =            -0.000000            0.000000
 <yz  >   =             0.000000           -0.000000


nbfiat:  1  6 12 15  7  0  0  0  0  0  0  0
nbfiat:  2 10 21 25 28  9  0  0  0  0  0  0
nbfiat:  3 10 21 25 28  9  0  0  0  0  0  0
nbfiat:  4  5 15 10  7  0  0  0  0  0  0  0
nbfiat:  5  5 15 10  7  0  0  0  0  0  0  0
nbfiat:  6  5 15 10  7  0  0  0  0  0  0  0
nbfiat:  7  5 15 10  7  0  0  0  0  0  0  0
nbfiat:  8  5  9 10  7  0  0  0  0  0  0  0
nbfiat:  9  5  9 10  7  0  0  0  0  0  0  0
nbfiat: 10  5  9 10  7  0  0  0  0  0  0  0
nbfiat: 11  5  9 10  7  0  0  0  0  0  0  0
nbfiat: 12  5  9 10  7  0  0  0  0  0  0  0
nbfiat: 13  5  9 10  7  0  0  0  0  0  0  0
nbfiat: 14  5  9 10  7  0  0  0  0  0  0  0
nbfiat: 15  5  9 10  7  0  0  0  0  0  0  0
nbfiat: 16  5  9 10  7  0  0  0  0  0  0  0
nbfiat: 17  5  9 10  7  0  0  0  0  0  0  0
nbfiat: 18  5  9 10  7  0  0  0  0  0  0  0
nbfiat: 19  5  9 10  7  0  0  0  0  0  0  0
nbfiat: 20  5  9 10  7  0  0  0  0  0  0  0
nbfiat: 21  5  9 10  7  0  0  0  0  0  0  0
nbfiat: 22  5  9 10  7  0  0  0  0  0  0  0
nbfiat: 23  5  9 10  7  0  0  0  0  0  0  0
nbfiat: 24  5  9 10  7  0  0  0  0  0  0  0
nbfiat: 25  5  9 10  7  0  0  0  0  0  0  0
nbfiat: 26  5  9 10  7  0  0  0  0  0  0  0
nbfiat: 27  5  9 10  7  0  0  0  0  0  0  0
nbfiat: 28  3  3  0  0  0  0  0  0  0  0  0
nbfiat: 29  3  3  0  0  0  0  0  0  0  0  0
nbfiat: 30  3  3  0  0  0  0  0  0  0  0  0
nbfiat: 31  3  3  0  0  0  0  0  0  0  0  0
nbfiat: 32  3  3  0  0  0  0  0  0  0  0  0
nbfiat: 33  3  3  0  0  0  0  0  0  0  0  0
nbfiat: 34  3  3  0  0  0  0  0  0  0  0  0
nbfiat: 35  3  3  0  0  0  0  0  0  0  0  0
nbfiat: 36  3  3  0  0  0  0  0  0  0  0  0
nbfiat: 37  3  3  0  0  0  0  0  0  0  0  0
nbfiat: 38  3  3  0  0  0  0  0  0  0  0  0
nbfiat: 39  3  3  0  0  0  0  0  0  0  0  0
nbfiat: 40  3  3  0  0  0  0  0  0  0  0  0
nbfiat: 41  3  3  0  0  0  0  0  0  0  0  0
nbfiat: 42  3  3  0  0  0  0  0  0  0  0  0
nbfiat: 43  3  3  0  0  0  0  0  0  0  0  0
nbfiat: 44  3  3  0  0  0  0  0  0  0  0  0
nbfiat: 45  3  3  0  0  0  0  0  0  0  0  0
nbfiat: 46  3  3  0  0  0  0  0  0  0  0  0
nbfiat: 47  3  3  0  0  0  0  0  0  0  0  0
***********************************
*** Spin density (Dalpha-Dbeta) ***
***********************************

 ==============================================================================

atomic populations from spin  density:
atom          sum       n(s)      n(p)      n(d)      n(f)      n(g)
  1 mo         0.65347   0.02892  -0.00316   0.62759   0.00012   0.00000
  2 dy        -4.86817   0.55427  -0.01587  -0.01419  -5.39242   0.00004
  3 dy        -4.86817   0.55427  -0.01587  -0.01419  -5.39242   0.00004
  4 s          0.00089   0.00093  -0.00214   0.00206   0.00003   0.00000
  5 s          0.00089   0.00093  -0.00214   0.00206   0.00003   0.00000
  6 s          0.00089   0.00093  -0.00214   0.00206   0.00003   0.00000
  7 s          0.00089   0.00093  -0.00214   0.00206   0.00003   0.00000
  8 c          0.00311   0.00156   0.00147   0.00008   0.00000   0.00000
  9 c          0.00281   0.00061   0.00225  -0.00005   0.00001   0.00000
 10 c          0.00311   0.00156   0.00147   0.00008   0.00000   0.00000
 11 c          0.00553   0.00132   0.00405   0.00016  -0.00000   0.00000
 12 c          0.00553   0.00132   0.00405   0.00016  -0.00000   0.00000
 13 c          0.00311   0.00156   0.00147   0.00008   0.00000   0.00000
 14 c          0.00281   0.00061   0.00225  -0.00005   0.00001   0.00000
 15 c          0.00311   0.00156   0.00147   0.00008   0.00000   0.00000
 16 c          0.00553   0.00132   0.00405   0.00016  -0.00000   0.00000
 17 c          0.00553   0.00132   0.00405   0.00016  -0.00000   0.00000
 18 c          0.00311   0.00156   0.00147   0.00008   0.00000   0.00000
 19 c          0.00553   0.00132   0.00405   0.00016  -0.00000   0.00000
 20 c          0.00553   0.00132   0.00405   0.00016  -0.00000   0.00000
 21 c          0.00311   0.00156   0.00147   0.00008   0.00000   0.00000
 22 c          0.00281   0.00061   0.00225  -0.00005   0.00001   0.00000
 23 c          0.00311   0.00156   0.00147   0.00008   0.00000   0.00000
 24 c          0.00553   0.00132   0.00405   0.00016  -0.00000   0.00000
 25 c          0.00553   0.00132   0.00405   0.00016  -0.00000   0.00000
 26 c          0.00311   0.00156   0.00147   0.00008   0.00000   0.00000
 27 c          0.00281   0.00061   0.00225  -0.00005   0.00001   0.00000
 28 h         -0.00000  -0.00001   0.00000   0.00000   0.00000   0.00000
 29 h         -0.00010  -0.00010   0.00000   0.00000   0.00000   0.00000
 30 h         -0.00006  -0.00006  -0.00000   0.00000   0.00000   0.00000
 31 h         -0.00010  -0.00010   0.00000   0.00000   0.00000   0.00000
 32 h         -0.00000  -0.00001   0.00000   0.00000   0.00000   0.00000
 33 h         -0.00010  -0.00010   0.00000   0.00000   0.00000   0.00000
 34 h         -0.00000  -0.00001   0.00000   0.00000   0.00000   0.00000
 35 h         -0.00006  -0.00006  -0.00000   0.00000   0.00000   0.00000
 36 h         -0.00000  -0.00001   0.00000   0.00000   0.00000   0.00000
 37 h         -0.00010  -0.00010   0.00000   0.00000   0.00000   0.00000
 38 h         -0.00000  -0.00001   0.00000   0.00000   0.00000   0.00000
 39 h         -0.00006  -0.00006  -0.00000   0.00000   0.00000   0.00000
 40 h         -0.00000  -0.00001   0.00000   0.00000   0.00000   0.00000
 41 h         -0.00010  -0.00010   0.00000   0.00000   0.00000   0.00000
 42 h         -0.00010  -0.00010   0.00000   0.00000   0.00000   0.00000
 43 h         -0.00010  -0.00010   0.00000   0.00000   0.00000   0.00000
 44 h         -0.00000  -0.00001   0.00000   0.00000   0.00000   0.00000
 45 h         -0.00006  -0.00006  -0.00000   0.00000   0.00000   0.00000
 46 h         -0.00010  -0.00010   0.00000   0.00000   0.00000   0.00000
 47 h         -0.00000  -0.00001   0.00000   0.00000   0.00000   0.00000
 
 ==============================================================================
 
HOMO-LUMO Separation
 HOMO         :   -0.05064782 H =     -1.37820 eV
 LUMO         :   -0.00795320 H =     -0.21642 eV
 HOMO-LUMO gap:    0.04269462 H =     +1.16178 eV
 
 ==============================================================================


    ------------------------------------------------------------------------
         total  cpu-time :  12.48 seconds
         total wall-time :  14.61 seconds
    ------------------------------------------------------------------------

   ****  ridft : all done  ****


    2020-07-24 12:25:32.811 

