
   OpenMP run-time library returned nthreads = 20

 ridft (hpc3-14-03) : TURBOMOLE rev. V7.5.0 compiled 17 Jun 2020 at 09:15:30
 Copyright (C) 2020 TURBOMOLE GmbH, Karlsruhe


    2020-08-16 00:40:01.979 



                                  r i d f t

                        DFT program with RI approximation 
                                for coulomb part 




                                                 
                                 References:     
                                                 
          TURBOMOLE:                             
              R. Ahlrichs, M. Baer, M. Haeser, H. Horn, and
              C. Koelmel
              Electronic structure calculations on workstation
              computers: the program system TURBOMOLE
              Chem. Phys. Lett. 162: 165 (1989)
          Density Functional:                              
              O. Treutler and R. Ahlrichs                      
              Efficient Molecular Numerical Integration Schemes
              J. Chem. Phys. 102: 346 (1995)                   
          Parallel Version:                                
              Performance of parallel TURBOMOLE for Density    
              Functional Calculations                          
              M. v. Arnim and R. Ahlrichs                      
              J. Comp. Chem. 19: 1746 (1998)                   
          RI-J Method:                                     
              Auxiliary Basis Sets to approximate Coulomb      
              Potentials                                       
              Chem. Phys. Lett. 240: 283 (1995)                
              K. Eichkorn, O. Treutler, H. Oehm, M. Haeser     
              and R. Ahlrichs                                  
              Chem. Phys. Lett. 242: 652 (1995)                
                                                           
              Auxiliary Basis Sets for Main Row Atoms and their
              Use to approximate Coulomb Potentials            
              K. Eichkorn, F. Weigend, O. Treutler and         
              R. Ahlrichs                                      
              Theo. Chem. Acc. 97: 119 (1997)                   
                                                           
              Accurate Coulomb-fitting basis sets for H to Rn 
              F. Weigend                                        
              Phys. Chem. Chem. Phys. 8: 1057 (2006)            
                                                           
          Multipole accelerated RI-J (MARI-J):             
              Fast evaluation of the Coulomb potential for     
              electron densities using multipole accelerated   
              resolution of identity approximation             
              M. Sierka, A. Hogekamp and R. Ahlrichs           
              J. Chem. Phys. 118: 9136 (2003)                  
          RI-JK Method:                                     
              A fully direct RI-HF algorithm: Implementation,
              optimised auxiliary basis sets, demonstration of
              accuracy and efficiency                         
              F. Weigend                                      
              Phys. Chem. Chem. Phys. 4: 4285 (2002)           
          Two-component HF and DFT with spin-orbit coupling:  
              Self-consistent treatment of spin-orbit         
              interactions with efficient Hartree-Fock and    
              density functional methods                      
              M. K. Armbruster, F. Weigend, C. van Wüllen and 
              W. Klopper                                      
              Phys. Chem. Chem. Phys. 10: 1748 (2008)         
          Two-component difference density and DIIS algorithm 
              Efficient two-component self-consistent field   
              procedures and gradients: implementation in     
              TURBOMOLE and application to Au20-              
              A. Baldes, F. Weigend                           
              Mol. Phys. 111: 2617 (2013)                     
          Relativistic all-electron 2c calculations           
              An efficient implementation of two-component    
              relativistic exact-decoupling methods for large 
              molecules                                       
              D. Peng, N. Middendorf, F. Weigend, M. Reiher   
              J. Chem. Phys. 138: 184105 (2013)               
          Finite nucleus model and SNSO approximation         
              Efficient implementation of one- and two-       
              component analytical energy gradients in exact  
              two-component theory                            
              Y. J. Franzke, N. Middendorf, F. Weigend        
              J. Chem. Phys. 148: 104110 (2018)               
          Grids for all-electron relativistic methods         
              Error-consistent segmented contracted all-      
              electron relativistic basis sets of double-     
              and triple-zeta quality for NMR shielding       
              constants                                       
              Y. J. Franzke, R. Tress, T. M. Pazdera,         
              F. Weigend                                      
              Phys. Chem. Chem. Phys. 21: 166658 (2019)       
          Seminumerical exchange algorithms                   
              Seminumerical calculation of the Hartree-Fock   
              exchange matirx: Application to two-component   
              procedures and efficient evaluation of local    
              hybrid functionsl                               
              P. Plessow, F. Weigend,                         
              J. Comput. Chem. 33: 810 (2012)                 
          Improved seminumerical algorithms                   
              C. Holzer, in preparation (2020)                
                                         





          OpenMP Shared-Memory Parallelization: 20 CPUs.

            By: Christof Holzer and Yannick J. Franzke


              +--------------------------------------------------+
              |      general information about current run       |
              +--------------------------------------------------+

 

 DENSITY CONVERGENCE CHECK SWITCHED ON !
 SCF CONVERGENCE IF RMS(delta[D]) <     0.1000000000E-06

 TPSS global hybrid functional
 exchange:    9/10 (LDA+TPSS) + 1/10 HF
 correlation: LDA (PW) + TPSS
 A Hybrid-DFT calculation using the RI-J approximation will be carried out.
 Allocatable memory for RI due to $ricore (MB):                 55000


              +--------------------------------------------------+
              | Atomic coordinate, charge and isotop information |
              +--------------------------------------------------+

                    atomic coordinates            atom    charge  isotop
          0.00000000    0.00000000    0.00000000    mo    42.000     0
          0.00000000    0.00000000   -6.32225787    y     39.000     0
          0.00000000    0.00000000    6.32225787    y     39.000     0
          2.43123666    2.43123666   -2.42570307    s     16.000     0
         -2.43123666   -2.43123666   -2.42570307    s     16.000     0
          2.43123666   -2.43123666    2.42570307    s     16.000     0
         -2.43123666    2.43123666    2.42570307    s     16.000     0
          4.58746355   -1.51720540   -7.53735824    c      6.000     0
          3.52728684   -3.52728684   -6.10884538    c      6.000     0
          1.51720540   -4.58746355   -7.53735824    c      6.000     0
          1.33841306   -3.23974568   -9.85330993    c      6.000     0
          3.23974568   -1.33841306   -9.85330993    c      6.000     0
         -1.51720540    4.58746355   -7.53735824    c      6.000     0
         -3.52728684    3.52728684   -6.10884538    c      6.000     0
         -4.58746355    1.51720540   -7.53735824    c      6.000     0
         -3.23974568    1.33841306   -9.85330993    c      6.000     0
         -1.33841306    3.23974568   -9.85330993    c      6.000     0
          1.51720540    4.58746355    7.53735824    c      6.000     0
          1.33841306    3.23974568    9.85330993    c      6.000     0
          3.23974568    1.33841306    9.85330993    c      6.000     0
          4.58746355    1.51720540    7.53735824    c      6.000     0
          3.52728684    3.52728684    6.10884538    c      6.000     0
         -4.58746355   -1.51720540    7.53735824    c      6.000     0
         -3.23974568   -1.33841306    9.85330993    c      6.000     0
         -1.33841306   -3.23974568    9.85330993    c      6.000     0
         -1.51720540   -4.58746355    7.53735824    c      6.000     0
         -3.52728684   -3.52728684    6.10884538    c      6.000     0
          0.31738421   -6.15628323   -6.95106297    h      1.000     0
         -0.00380870   -3.60994282  -11.37162130    h      1.000     0
          4.10901576   -4.10901576   -4.22059669    h      1.000     0
          3.60994282    0.00380870  -11.37162130    h      1.000     0
          6.15628323   -0.31738421   -6.95106297    h      1.000     0
          0.00380870    3.60994282  -11.37162130    h      1.000     0
         -0.31738421    6.15628323   -6.95106297    h      1.000     0
         -4.10901576    4.10901576   -4.22059669    h      1.000     0
         -6.15628323    0.31738421   -6.95106297    h      1.000     0
         -3.60994282   -0.00380870  -11.37162130    h      1.000     0
         -0.31738421   -6.15628323    6.95106297    h      1.000     0
         -4.10901576   -4.10901576    4.22059669    h      1.000     0
         -6.15628323   -0.31738421    6.95106297    h      1.000     0
         -3.60994282    0.00380870   11.37162130    h      1.000     0
          0.00380870   -3.60994282   11.37162130    h      1.000     0
         -0.00380870    3.60994282   11.37162130    h      1.000     0
          0.31738421    6.15628323    6.95106297    h      1.000     0
          4.10901576    4.10901576    4.22059669    h      1.000     0
          3.60994282   -0.00380870   11.37162130    h      1.000     0
          6.15628323    0.31738421    6.95106297    h      1.000     0
 
       center of nuclear mass  :    0.00000000   -0.00000000   -0.00000000
       center of nuclear charge:    0.00000000    0.00000000    0.00000000

              +--------------------------------------------------+
              |               basis set information              |
              +--------------------------------------------------+

              we will work with the 1s 3p 5d 7f 9g ... basis set
              ...i.e. with spherical basis functions...

   type   atoms  prim   cont   basis
   ---------------------------------------------------------------------------
    mo       1     60     40   def2-TZVP   [6s4p3d1f|7s7p5d1f]
    y        2     60     40   def2-TZVP   [6s4p3d1f|7s7p5d1f]
    s        4     63     37   def2-TZVP   [5s5p2d1f|14s9p3d1f]
    c       20     46     31   def2-TZVP   [5s3p2d1f|11s6p2d1f]
    h       20      8      6   def2-TZVP   [3s1p|5s1p]
   ---------------------------------------------------------------------------
   total:   47   1512   1008
   ---------------------------------------------------------------------------

   total number of primitive shells          :   93
   total number of contracted shells         :  394
   total number of cartesian basis functions : 1146
   total number of SCF-basis functions       : 1008

 number of unique ecp types :                     2

 integral neglect threshold       :  0.29E-11
 integral storage threshold THIZE :  0.10E-04
 integral storage threshold THIME :         5

 RI-J AUXILIARY BASIS SET information:

              we will work with the 1s 3p 5d 7f 9g ... basis set
              ...i.e. with spherical basis functions...

   type   atoms  prim   cont   basis
   ---------------------------------------------------------------------------
    mo       1     99     89   def2-TZVP   [8s5p5d2f3g|11s5p5d3f3g]
    y        2     99     89   def2-TZVP   [8s5p5d2f3g|11s5p5d3f3g]
    s        4     77     51   def2-TZVP   [8s4p3d1f1g|14s5p5d2f1g]
    c       20     70     49   def2-SVP   [6s4p3d1f1g|12s5p4d2f1g]
    h       20     16     11   def2-SVP   [3s1p1d|5s2p1d]
   ---------------------------------------------------------------------------
   total:   47   2325   1671
   ---------------------------------------------------------------------------

   total number of primitive shells          :  113
   total number of contracted shells         :  537
   total number of cartesian basis functions : 2066
   total number of SCF-basis functions       : 1671


 symmetry group of the molecule :   d2d

 the group has the following generators :
   s4(z)
   c2(x)

    8 symmetry operations found

 there are 5 real representations :   a1   a2   b1   b2   e   

 maximum number of shells which are related by symmetry :  8

 ==============================================================================
                      COSMO switched on
 ==============================================================================
 COSMO stati: segments per atom: H   32 other atoms   92
 COSMO statistics: nps   1508 npspher:    636
 COSMO surface:
   number of segments: 1508
   area (bohr**2):     1477.948209
   volume (bohr**3):   3823.733771
 COSMO: check number of disjunct cavities:

       ... OK contiguous cavity found
   sym. distinct segments:  264
   sym. dist. seg. on spheres:  104
   min. distance between points:      0.296924
   max. symmetrization distance error:      0.000083

 Surface grid was constructed by projection of gridpoints of symmetry distict atoms.
 This may lead to differences compared to C1 results.
  
           ------------------
           density functional
           ------------------
 TPSS global hybrid functional
 exchange:    9/10 (LDA+TPSS) + 1/10 HF
 correlation: LDA (PW) + TPSS

 spherical integration : Lebedev's spherical grid
 spherical gridsize    :                     4
    i.e. gridpoints    :                   434
 value for diffuse not defined
 radial integration    : Chebyshev 2nd kind (scaling 3)
 radial gridsize       :                     6
 integration cells     :                     9
 partition function    : becke
 partition sharpness   :                     3
  
 
 Derivatives of quadrature weights will be included
 

 biggest AO integral is expected to be     9.804440325

          ------------------------
          nuclear repulsion energy  :   3420.00370015    
          ------------------------

  _________________________________
 |                                 |
 |         DFTD3 V3.1 Rev 0        |
 | S.Grimme, University Bonn       |
 |            June  2014           |
 |   see standalone version        |
 |       dftd3 -h for options      |
 |_________________________________|
 
 Please cite DFT-D3 work done with this code as:
 S. Grimme, J. Antony, S. Ehrlich and H. Krieg,
 J. Chem. Phys, 132 (2010), 154104.
 If used with BJ-damping cite also
 S. Grimme, S. Ehrlich and L. Goerigk,
 J. Comput. Chem. 32 (2011), 1456-1465
 For DFT-D2 the reference is
 S. Grimme, J. Comput. Chem., 27 (2006), 1787-1799
 
C6 coefficients used:
                     2  C6 for element                      1
Z=  1 CN= 0.912     C6(AA)=    3.03
Z=  1 CN= 0.000     C6(AA)=    7.59
                     5  C6 for element                      6
Z=  6 CN= 0.000     C6(AA)=   49.11
Z=  6 CN= 0.987     C6(AA)=   43.25
Z=  6 CN= 1.998     C6(AA)=   29.36
Z=  6 CN= 2.999     C6(AA)=   25.78
Z=  6 CN= 3.984     C6(AA)=   18.21
                     3  C6 for element                     16
Z= 16 CN= 0.000     C6(AA)=  134.01
Z= 16 CN= 0.995     C6(AA)=  131.00
Z= 16 CN= 1.990     C6(AA)=  125.81
                     3  C6 for element                     39
Z= 39 CN= 0.000     C6(AA)= 2365.89
Z= 39 CN= 1.915     C6(AA)= 1132.30
Z= 39 CN= 2.890     C6(AA)=  451.08
                     3  C6 for element                     42
Z= 42 CN= 0.000     C6(AA)=  845.90
Z= 42 CN= 1.942     C6(AA)=  502.01
Z= 42 CN=11.056     C6(AA)=  337.11

#           XYZ [au]              R0(AA) [Ang.]  CN          C6(AA)     C8(AA)   C10(AA) [au]
  1   0.00000   0.00000   0.00000   mo  1.286  5.576       502.0     57804.9   8153712.7
  2   0.00000   0.00000  -6.32226   y   1.655 11.622       451.1     86005.2  20087594.1
  3   0.00000   0.00000   6.32226   y   1.655 11.622       451.1     86005.2  20087594.1
  4   2.43124   2.43124  -2.42570   s   0.839  2.037       125.9      6166.9    370100.0
  5  -2.43124  -2.43124  -2.42570   s   0.839  2.037       125.9      6166.9    370100.0
  6   2.43124  -2.43124   2.42570   s   0.839  2.037       125.9      6166.9    370100.0
  7  -2.43124   2.43124   2.42570   s   0.839  2.037       125.9      6166.9    370100.0
  8   4.58746  -1.51721  -7.53736   c   0.644  4.101        18.3       528.1     18711.2
  9   3.52729  -3.52729  -6.10885   c   0.644  4.099        18.3       528.2     18712.4
 10   1.51721  -4.58746  -7.53736   c   0.644  4.101        18.3       528.1     18711.2
 11   1.33841  -3.23975  -9.85331   c   0.644  4.100        18.3       528.1     18711.8
 12   3.23975  -1.33841  -9.85331   c   0.644  4.100        18.3       528.1     18711.8
 13  -1.51721   4.58746  -7.53736   c   0.644  4.101        18.3       528.1     18711.2
 14  -3.52729   3.52729  -6.10885   c   0.644  4.099        18.3       528.2     18712.4
 15  -4.58746   1.51721  -7.53736   c   0.644  4.101        18.3       528.1     18711.2
 16  -3.23975   1.33841  -9.85331   c   0.644  4.100        18.3       528.1     18711.8
 17  -1.33841   3.23975  -9.85331   c   0.644  4.100        18.3       528.1     18711.8
 18   1.51721   4.58746   7.53736   c   0.644  4.101        18.3       528.1     18711.2
 19   1.33841   3.23975   9.85331   c   0.644  4.100        18.3       528.1     18711.8
 20   3.23975   1.33841   9.85331   c   0.644  4.100        18.3       528.1     18711.8
 21   4.58746   1.51721   7.53736   c   0.644  4.101        18.3       528.1     18711.2
 22   3.52729   3.52729   6.10885   c   0.644  4.099        18.3       528.2     18712.4
 23  -4.58746  -1.51721   7.53736   c   0.644  4.101        18.3       528.1     18711.2
 24  -3.23975  -1.33841   9.85331   c   0.644  4.100        18.3       528.1     18711.8
 25  -1.33841  -3.23975   9.85331   c   0.644  4.100        18.3       528.1     18711.8
 26  -1.51721  -4.58746   7.53736   c   0.644  4.101        18.3       528.1     18711.2
 27  -3.52729  -3.52729   6.10885   c   0.644  4.099        18.3       528.2     18712.4
 28   0.31738  -6.15628  -6.95106   h   0.417  1.012         3.1        37.3       552.2
 29  -0.00381  -3.60994 -11.37162   h   0.417  1.012         3.1        37.3       552.3
 30   4.10902  -4.10902  -4.22060   h   0.417  1.014         3.1        37.3       552.2
 31   3.60994   0.00381 -11.37162   h   0.417  1.012         3.1        37.3       552.3
 32   6.15628  -0.31738  -6.95106   h   0.417  1.012         3.1        37.3       552.2
 33   0.00381   3.60994 -11.37162   h   0.417  1.012         3.1        37.3       552.3
 34  -0.31738   6.15628  -6.95106   h   0.417  1.012         3.1        37.3       552.2
 35  -4.10902   4.10902  -4.22060   h   0.417  1.014         3.1        37.3       552.2
 36  -6.15628   0.31738  -6.95106   h   0.417  1.012         3.1        37.3       552.2
 37  -3.60994  -0.00381 -11.37162   h   0.417  1.012         3.1        37.3       552.3
 38  -0.31738  -6.15628   6.95106   h   0.417  1.012         3.1        37.3       552.2
 39  -4.10902  -4.10902   4.22060   h   0.417  1.014         3.1        37.3       552.2
 40  -6.15628  -0.31738   6.95106   h   0.417  1.012         3.1        37.3       552.2
 41  -3.60994   0.00381  11.37162   h   0.417  1.012         3.1        37.3       552.3
 42   0.00381  -3.60994  11.37162   h   0.417  1.012         3.1        37.3       552.3
 43  -0.00381   3.60994  11.37162   h   0.417  1.012         3.1        37.3       552.3
 44   0.31738   6.15628   6.95106   h   0.417  1.012         3.1        37.3       552.2
 45   4.10902   4.10902   4.22060   h   0.417  1.014         3.1        37.3       552.2
 46   3.60994  -0.00381  11.37162   h   0.417  1.012         3.1        37.3       552.3
 47   6.15628   0.31738   6.95106   h   0.417  1.012         3.1        37.3       552.2

molecular C6(AA) [au] =     52004.16

           DFT-D V3(BJ)
 DF tpssh                                             
 parameters
 s6       :    1.0000
 s8       :    2.2382
 a1       :    0.4529
 a2       :    4.6550
 k1-k3    :   16.0000    1.3333   -4.0000
 
 Edisp /kcal,au:   -69.2466 -0.11035148

 E6    /kcal :   -27.2884
 E8    /kcal :   -41.9582
 % E8        : 60.59
 nuclear repulsion energy                  =    3420.003700155
 empirical dispersive energy correction    =      -0.110351483
 nuclear repulsion + dispersion correction =    3419.893348671


         -----------------
         -S,T+V- integrals
         -----------------

 1e-integrals will be neglected if expon. factor < 0.291620E-12


          ----------------
          -ecp-  integrals
          ----------------
 
   Difference densities algorithm switched on.
   The maximal number of linear combinations of
   difference densities is                    20 .

 DIIS switched on: error vector is FDS-SDF
 Max. Iterations for DIIS is     :   4
 DIIS matrix (see manual) 
    Scaling factor of diagonals  :  1.200
    threshold for scaling factor :  0.000

 scf convergence criterion : increment of total energy < .1000000D-06
                  and increment of one-electron energy < .1000000D-03

 MOs are in ASCII format !


    mo occupation :
   irrep   mo's   occupied
    a1     153       22
    a2     102        9
    b1     104        9
    b2     151       21
    e      249       30
 
 number of basis functions   :  1008
 number of occupied orbitals :   121
 

 reading orbital data $uhfmo_alpha  from file alpha
 orbital characterization : expanded

 reading orbital data $uhfmo_beta  from file beta
 orbital characterization : expanded
 virtual MOs provided and orthogonalized by Cholesky decomposition
 virtual MOs provided and orthogonalized by Cholesky decomposition

 UHF mode switched on !

 closed shell shift switched on 
 all occupied orbitals are shifted by    0.05000

  
           ------------------------
               RI-J - INFORMATION
           ------------------------
 Contributions to RI integral batches: 
  neglected integral batches:                 71112
  direct contribution:                            0
  memory contribution:                  6703
 Memory core needed for (P|Q) and Cholesky      1 MByte
 Memory core minimum needed except of (P|Q)     2 MByte
 Total minimum memory core needed (sum)         3 MByte
  
 ****************************************
 Memory allocated for RI-J   945 MByte
 ****************************************
                                            

 DSCF restart information will be dumped onto file alpha


 Starting SCF iterations

COSMO: using sym. in pot. calc.
          Overall gridpoints after grid construction =         62533
 Ordering of quadrature gridpoints disabled.
 Caution, gridordering can improve performance!

 ITERATION  ENERGY          1e-ENERGY        2e-ENERGY     RMS[dD(SAO)]   TOL
   1  -2512.6526420646    -10336.177200     4403.6312095    0.000D+00 0.291D-11
                            Exc = -214.644163117     Coul =  4641.03402583    
                            exK = -22.7586532124    
                         Ntotal = 241.00124369      Nspin = 1.0000012750    
                             Na = 121.00062248         Nb = 120.00062121    
                          Ediel =-0.623194611278E-01
                            current damping = 0.600
 
          max. resid. norm for Fia-block=  3.932D-01 for orbital     16e    alpha
          max. resid. fock norm         =  1.856D+01 for orbital     73a1   beta 
COSMO: using sym. in pot. calc.

 ITERATION  ENERGY          1e-ENERGY        2e-ENERGY     RMS[dD(SAO)]   TOL
   2  -2513.0028349466    -10336.077775     4403.1815918    0.102D-01 0.192D-11
                            Exc = -214.834775701      Eck =  4618.01636747    
                         Ntotal = 241.00131094      Nspin = 1.0000027658    
                             Na = 121.00065685         Nb = 120.00065409    
                          Ediel =-0.615959155699E-01
                            current damping = 0.550
 
          Norm of current diis error: 0.35890    
          max. resid. norm for Fia-block=  4.861D-02 for orbital      3e    beta 
          max. resid. fock norm         =  4.979D-02 for orbital    247e    beta 
COSMO: using sym. in pot. calc.

 ITERATION  ENERGY          1e-ENERGY        2e-ENERGY     RMS[dD(SAO)]   TOL
   3  -2513.0172230467    -10336.970572     4404.0600006    0.485D-02 0.148D-11
                            Exc = -214.883899953      Eck =  4618.94390056    
                         Ntotal = 241.00135246      Nspin = 1.0000033867    
                             Na = 121.00067792         Nb = 120.00067454    
                          Ediel =-0.624737461719E-01
                            current damping = 0.500
 
          Norm of current diis error: 0.17848    
          max. resid. norm for Fia-block=  1.926D-02 for orbital     19a1   beta 
          max. resid. fock norm         =  2.972D-02 for orbital     22a1   beta 
COSMO: using sym. in pot. calc.

 ITERATION  ENERGY          1e-ENERGY        2e-ENERGY     RMS[dD(SAO)]   TOL
   4  -2513.0199016843    -10335.539744     4402.6264941    0.267D-02 0.126D-11
                            Exc = -214.854649531      Eck =  4617.48114360    
                         Ntotal = 241.00137125      Nspin = 1.0000047820    
                             Na = 121.00068801         Nb = 120.00068323    
                          Ediel =-0.615218208232E-01
                            current damping = 0.550
 
          Norm of current diis error: 0.15032    
          max. resid. norm for Fia-block=  6.789D-03 for orbital     22a1   alpha
          max. resid. fock norm         =  1.073D-02 for orbital     22a1   alpha
COSMO: using sym. in pot. calc.

 ITERATION  ENERGY          1e-ENERGY        2e-ENERGY     RMS[dD(SAO)]   TOL
   5  -2513.0231002588    -10335.991382     4403.0749336    0.115D-02 0.117D-11
                            Exc = -214.862813167      Eck =  4617.93774673    
                         Ntotal = 241.00138215      Nspin = 1.0000051516    
                             Na = 121.00069365         Nb = 120.00068850    
                          Ediel =-0.619889779817E-01
                            current damping = 0.600
 
          Norm of current diis error: 0.32393E-01
          max. resid. norm for Fia-block=  2.084D-03 for orbital     19b2   alpha
          max. resid. fock norm         =  4.334D-03 for orbital     22a1   beta 
          mo-orthogonalization: Cholesky decomposition
COSMO: using sym. in pot. calc.

 ITERATION  ENERGY          1e-ENERGY        2e-ENERGY     RMS[dD(SAO)]   TOL
   6  -2513.0233282191    -10336.091948     4403.1752716    0.498D-03 0.110D-11
                            Exc = -214.866152562      Eck =  4618.04142415    
                         Ntotal = 241.00138581      Nspin = 1.0000054489    
                             Na = 121.00069563         Nb = 120.00069018    
                          Ediel =-0.620870859293E-01
                            current damping = 0.450
 
          Norm of current diis error: 0.10166E-01
          max. resid. norm for Fia-block=  1.358D-03 for orbital     19a1   beta 
          max. resid. fock norm         =  2.478D-03 for orbital     22a1   beta 
COSMO: using sym. in pot. calc.

 ITERATION  ENERGY          1e-ENERGY        2e-ENERGY     RMS[dD(SAO)]   TOL
   7  -2513.0233798124    -10336.066670     4403.1499412    0.246D-03 0.104D-11
                            Exc = -214.865406606      Eck =  4618.01534777    
                         Ntotal = 241.00138812      Nspin = 1.0000056456    
                             Na = 121.00069688         Nb = 120.00069124    
                          Ediel =-0.621192279867E-01
                            current damping = 0.500
 
          Norm of current diis error: 0.53099E-02
          max. resid. norm for Fia-block=  9.455D-04 for orbital      8b1   beta 
          max. resid. fock norm         =  1.145D-03 for orbital     22a1   beta 
COSMO: using sym. in pot. calc.

 ITERATION  ENERGY          1e-ENERGY        2e-ENERGY     RMS[dD(SAO)]   TOL
   8  -2513.0233958781    -10336.072572     4403.1558272    0.899D-04 0.985D-12
                            Exc = -214.865927686      Eck =  4618.02175490    
                         Ntotal = 241.00138855      Nspin = 1.0000057332    
                             Na = 121.00069714         Nb = 120.00069141    
                          Ediel =-0.621107930196E-01
                            current damping = 0.550
 
          Norm of current diis error: 0.34396E-02
          max. resid. norm for Fia-block=  5.432D-04 for orbital      8b1   alpha
          max. resid. fock norm         =  5.940D-04 for orbital     10b1   alpha
COSMO: using sym. in pot. calc.

 ITERATION  ENERGY          1e-ENERGY        2e-ENERGY     RMS[dD(SAO)]   TOL
   9  -2513.0234022334    -10336.072939     4403.1561881    0.339D-04 0.942D-12
                            Exc = -214.865852848      Eck =  4618.02204099    
                         Ntotal = 241.00138899      Nspin = 1.0000057582    
                             Na = 121.00069738         Nb = 120.00069162    
                          Ediel =-0.621379080815E-01
                            current damping = 0.400
 
          Norm of current diis error: 0.19525E-02
          max. resid. norm for Fia-block=  4.759D-04 for orbital      8b1   beta 
          max. resid. fock norm         =  5.282D-04 for orbital     10b1   beta 
COSMO: using sym. in pot. calc.

 ITERATION  ENERGY          1e-ENERGY        2e-ENERGY     RMS[dD(SAO)]   TOL
  10  -2513.0234050487    -10336.063107     4403.1463529    0.172D-04 0.903D-12
                            Exc = -214.865712840      Eck =  4618.01206579    
                         Ntotal = 241.00138907      Nspin = 1.0000057692    
                             Na = 121.00069742         Nb = 120.00069165    
                          Ediel =-0.621289746851E-01
                            current damping = 0.450
 
          Norm of current diis error: 0.17222E-02
          max. resid. norm for Fia-block=  3.166D-04 for orbital      8b1   alpha
          max. resid. fock norm         =  3.465D-04 for orbital     10b1   alpha
          mo-orthogonalization: Cholesky decomposition
COSMO: using sym. in pot. calc.

 ITERATION  ENERGY          1e-ENERGY        2e-ENERGY     RMS[dD(SAO)]   TOL
  11  -2513.0234063600    -10336.074327     4403.1575720    0.735D-05 0.868D-12
                            Exc = -214.866029112      Eck =  4618.02360110    
                         Ntotal = 241.00138907      Nspin = 1.0000057603    
                             Na = 121.00069742         Nb = 120.00069166    
                          Ediel =-0.621361136629E-01
                            current damping = 0.500
 
          Norm of current diis error: 0.87608E-03
          max. resid. norm for Fia-block=  2.063D-04 for orbital      8b1   beta 
          max. resid. fock norm         =  2.264D-04 for orbital     10b1   beta 
COSMO: using sym. in pot. calc.

 ITERATION  ENERGY          1e-ENERGY        2e-ENERGY     RMS[dD(SAO)]   TOL
  12  -2513.0234068986    -10336.069732     4403.1529761    0.277D-05 0.843D-12
                            Exc = -214.865956529      Eck =  4618.01893267    
                         Ntotal = 241.00138908      Nspin = 1.0000057504    
                             Na = 121.00069741         Nb = 120.00069166    
                          Ediel =-0.621390349871E-01
                            current damping = 0.550
 
          Norm of current diis error: 0.43992E-03
          max. resid. norm for Fia-block=  1.251D-04 for orbital      8b1   alpha
          max. resid. fock norm         =  1.326D-04 for orbital     10b1   alpha
COSMO: using sym. in pot. calc.

 ITERATION  ENERGY          1e-ENERGY        2e-ENERGY     RMS[dD(SAO)]   TOL
  13  -2513.0234070779    -10336.070116     4403.1533598    0.192D-05 0.822D-12
                            Exc = -214.865960064      Eck =  4618.01931991    
                         Ntotal = 241.00138908      Nspin = 1.0000057395    
                             Na = 121.00069741         Nb = 120.00069167    
                          Ediel =-0.621374119956E-01
                            current damping = 0.600
 
          Norm of current diis error: 0.26001E-03
          max. resid. norm for Fia-block=  7.503D-05 for orbital      8b1   beta 
          max. resid. fock norm         =  8.146D-05 for orbital     10b1   beta 
COSMO: using sym. in pot. calc.

 ITERATION  ENERGY          1e-ENERGY        2e-ENERGY     RMS[dD(SAO)]   TOL
  14  -2513.0234071453    -10336.070621     4403.1538653    0.909D-06 0.807D-12
                            Exc = -214.866000477      Eck =  4618.01986577    
                         Ntotal = 241.00138906      Nspin = 1.0000057322    
                             Na = 121.00069740         Nb = 120.00069166    
                          Ediel =-0.621385708906E-01
                            current damping = 0.450
 
          Norm of current diis error: 0.16364E-03
          max. resid. norm for Fia-block=  5.010D-05 for orbital      8b1   alpha
          max. resid. fock norm         =  5.417D-05 for orbital     10b1   alpha
COSMO: using sym. in pot. calc.

 ITERATION  ENERGY          1e-ENERGY        2e-ENERGY     RMS[dD(SAO)]   TOL
  15  -2513.0234071636    -10336.070745     4403.1539888    0.920D-06 0.828D-12
                            Exc = -214.866005912      Eck =  4618.01999476    
                         Ntotal = 241.00138907      Nspin = 1.0000057257    
                             Na = 121.00069740         Nb = 120.00069167    
                          Ediel =-0.621399719123E-01
                            current damping = 0.300
 
          Norm of current diis error: 0.15518E-03
          max. resid. norm for Fia-block=  2.826D-05 for orbital      8b1   beta 
          max. resid. fock norm         =  3.208D-05 for orbital     10b1   beta 
          mo-orthogonalization: Cholesky decomposition
COSMO: using sym. in pot. calc.

 ITERATION  ENERGY          1e-ENERGY        2e-ENERGY     RMS[dD(SAO)]   TOL
  16  -2513.0234071795    -10336.069445     4403.1526895    0.565D-06 0.829D-12
                            Exc = -214.865976833      Eck =  4618.01866630    
                         Ntotal = 241.00138907      Nspin = 1.0000057232    
                             Na = 121.00069739         Nb = 120.00069167    
                          Ediel =-0.621384983490E-01
                            current damping = 0.350
 
          Norm of current diis error: 0.14416E-03
          max. resid. norm for Fia-block=  1.621D-05 for orbital      8b1   alpha
          max. resid. fock norm         =  1.817D-05 for orbital     10b1   alpha
COSMO: using sym. in pot. calc.

 ITERATION  ENERGY          1e-ENERGY        2e-ENERGY     RMS[dD(SAO)]   TOL
  17  -2513.0234071670    -10336.070589     4403.1538333    0.504D-06 0.816D-12
                            Exc = -214.866002665      Eck =  4618.01983596    
                         Ntotal = 241.00138906      Nspin = 1.0000057212    
                             Na = 121.00069739         Nb = 120.00069167    
                          Ediel =-0.621386390026E-01
                            current damping = 0.400
 
          Norm of current diis error: 0.52927E-04
          max. resid. norm for Fia-block=  6.918D-06 for orbital      8b1   beta 
          max. resid. fock norm         =  7.601D-06 for orbital     10b1   beta 
COSMO: using sym. in pot. calc.

 ENERGY & DENSITY CONVERGED !


 ITERATION  ENERGY          1e-ENERGY        2e-ENERGY     RMS[dD(SAO)]   TOL
  18  -2513.0234071643    -10336.070572     4403.1538164    0.194D-06 0.800D-12
                            Exc = -214.866009068      Eck =  4618.01982548    
                         Ntotal = 241.00138906      Nspin = 1.0000057199    
                             Na = 121.00069739         Nb = 120.00069167    
                          Ediel =-0.621394525828E-01
                            current damping = 0.450
 
          Norm of current diis error: 0.33555E-04
          max. resid. norm for Fia-block=  4.097D-06 for orbital      8b1   alpha
          max. resid. fock norm         =  6.304D-06 for orbital     51a1   alpha

 End of SCF iterations
COSMO: using sym. in pot. calc.

   convergence criteria satisfied after    18 iterations


                  ------------------------------------------ 
                 |  total energy      =  -2513.02340716427  |
                  ------------------------------------------ 
                 :  kinetic energy    =   2408.64038629802  :
                 :  potential energy  =  -4921.66379346229  :
                 :  virial theorem    =      1.95846317206  :
                 :  wavefunction norm =      1.00000000000  :
                  .......................................... 


 orbitals $uhfmo_beta  will be written to file beta

 orbitals $uhfmo_alpha  will be written to file alpha
 
 alpha: 

    irrep                 18a1        19a1        20a1        21a1        22a1  
 eigenvalues H         -0.33228    -0.29522    -0.27507    -0.21441    -0.12675
            eV          -9.0418     -8.0333     -7.4851     -5.8345     -3.4491
 occupation              1.0000      1.0000      1.0000      1.0000      1.0000

    irrep                 23a1        24a1        25a1        26a1        27a1  
 eigenvalues H         -0.00058     0.02662     0.03811     0.06860     0.09626
            eV          -0.0159      0.7243      1.0369      1.8668      2.6193

    irrep                  5a2         6a2         7a2         8a2         9a2  
 eigenvalues H         -0.49425    -0.34798    -0.32922    -0.21965    -0.17928
            eV         -13.4495     -9.4691     -8.9586     -5.9770     -4.8785
 occupation              1.0000      1.0000      1.0000      1.0000      1.0000

    irrep                 10a2        11a2        12a2        13a2        14a2  
 eigenvalues H          0.05264     0.09943     0.12203     0.16607     0.20994
            eV           1.4324      2.7056      3.3207      4.5190      5.7129

    irrep                  5b1         6b1         7b1         8b1         9b1  
 eigenvalues H         -0.49426    -0.34800    -0.32926    -0.27315    -0.21034
            eV         -13.4496     -9.4695     -8.9598     -7.4328     -5.7237
 occupation              1.0000      1.0000      1.0000      1.0000      1.0000

    irrep                 10b1        11b1        12b1        13b1        14b1  
 eigenvalues H         -0.07529     0.05250     0.09905     0.12296     0.16673
            eV          -2.0487      1.4286      2.6954      3.3459      4.5370

    irrep                 17b2        18b2        19b2        20b2        21b2  
 eigenvalues H         -0.35107    -0.33206    -0.28240    -0.24359    -0.21428
            eV          -9.5532     -9.0359     -7.6846     -6.6284     -5.8308
 occupation              1.0000      1.0000      1.0000      1.0000      1.0000

    irrep                 22b2        23b2        24b2        25b2        26b2  
 eigenvalues H         -0.07225     0.02220     0.02906     0.05462     0.06573
            eV          -1.9659      0.6040      0.7909      1.4864      1.7886

    irrep                 26e         27e         28e         29e         30e   
 eigenvalues H         -0.27723    -0.23939    -0.21616    -0.20243    -0.18443
            eV          -7.5440     -6.5141     -5.8821     -5.5084     -5.0186
 occupation          2 * 1.0000  2 * 1.0000  2 * 1.0000  2 * 1.0000  2 * 1.0000

    irrep                 31e         32e         33e         34e         35e   
 eigenvalues H         -0.03590     0.01437     0.03802     0.04517     0.05531
            eV          -0.9769      0.3910      1.0345      1.2291      1.5051
 
 beta:  

    irrep                 17a1        18a1        19a1        20a1        21a1  
 eigenvalues H         -0.35041    -0.33226    -0.27607    -0.27077    -0.21424
            eV          -9.5353     -9.0414     -7.5123     -7.3682     -5.8298
 occupation              1.0000      1.0000      1.0000      1.0000      1.0000

    irrep                 22a1        23a1        24a1        25a1        26a1  
 eigenvalues H         -0.07014     0.00988     0.02711     0.03878     0.07058
            eV          -1.9087      0.2688      0.7378      1.0554      1.9207

    irrep                  5a2         6a2         7a2         8a2         9a2  
 eigenvalues H         -0.49426    -0.34797    -0.32921    -0.21966    -0.18006
            eV         -13.4497     -9.4689     -8.9584     -5.9774     -4.8998
 occupation              1.0000      1.0000      1.0000      1.0000      1.0000

    irrep                 10a2        11a2        12a2        13a2        14a2  
 eigenvalues H          0.05302     0.09983     0.12199     0.16605     0.21002
            eV           1.4427      2.7166      3.3196      4.5186      5.7149

    irrep                  5b1         6b1         7b1         8b1         9b1  
 eigenvalues H         -0.49427    -0.34798    -0.32925    -0.26786    -0.20973
            eV         -13.4499     -9.4692     -8.9595     -7.2889     -5.7070
 occupation              1.0000      1.0000      1.0000      1.0000      1.0000

    irrep                 10b1        11b1        12b1        13b1        14b1  
 eigenvalues H         -0.06345     0.05311     0.09949     0.12307     0.16676
            eV          -1.7266      1.4451      2.7072      3.3489      4.5377

    irrep                 17b2        18b2        19b2        20b2        21b2  
 eigenvalues H         -0.35101    -0.33206    -0.27573    -0.23885    -0.21408
            eV          -9.5514     -9.0359     -7.5029     -6.4995     -5.8254
 occupation              1.0000      1.0000      1.0000      1.0000      1.0000

    irrep                 22b2        23b2        24b2        25b2        26b2  
 eigenvalues H         -0.06209     0.02659     0.02977     0.05506     0.06724
            eV          -1.6895      0.7235      0.8102      1.4982      1.8297

    irrep                 26e         27e         28e         29e         30e   
 eigenvalues H         -0.27381    -0.23804    -0.21221    -0.20234    -0.18408
            eV          -7.4509     -6.4775     -5.7746     -5.5061     -5.0090
 occupation          2 * 1.0000  2 * 1.0000  2 * 1.0000  2 * 1.0000  2 * 1.0000

    irrep                 31e         32e         33e         34e         35e   
 eigenvalues H         -0.03219     0.01501     0.03854     0.04546     0.05557
            eV          -0.8760      0.4084      1.0487      1.2369      1.5120
 
 ==============================================================================
                                  COSMO RESULTS
 ==============================================================================
  PARAMETER:
    nppa:      1082
    nspa:        92
    nsph:        32
    nps:       1508
    npspher:    636
    disex:   10.0000    
    disex2:  4796.49    
    rsolv [A]: 1.3000
    routf:     0.8500
    phsran:    0.0    
    ampran:   0.10E-04
    cavity:  closed
    epsilon:     7.250
    refind:     1.300
    fepsi:      0.8064516
  CAVITY VOLUME/AREA [a.u.]:
    surface: V1.0, A matrix: V1.0
    area:  1477.95
    volume:  3823.73
  SCREENING CHARGE:
    cosmo      :   0.949801
    correction :   0.048066
    total      :   0.997867
  ENERGIES [a.u.]:
    Total energy            =   -2513.0234071642699
    Total energy + OC corr. =    -2513.0275529487
    Dielectric energy       =       -0.0621394526
    Diel. energy + OC corr. =       -0.0662852371
  ELEMENT RADIUS [A]: ATOM LIST
    mo 1.39: 1
    y  1.80: 2,3
    s  2.16: 4-7
    c  2.00: 8-27
    h  1.30: 28-47
 ==============================================================================

                                             _ _ _ 
  IRREP     alpha occ.     beta occ.      tr(D*D-D)


 a1        22.00000000    21.00000000    -0.25122898


 a2         9.00000000     9.00000000    -0.00000490


 b1         9.00000000     9.00000000    -0.00135972


 b2        21.00000000    21.00000000    -0.00082342


 e         60.00000000    60.00000000    -0.00068540

   -------------------------------------------------

   sum    121.00000000   120.00000000    -0.25410242

 <S*S>     0.75820484

 
 
 
 ==============================================================================
                           electrostatic moments
 ==============================================================================

 reference point for electrostatic moments:    0.00000   0.00000   0.00000

 
              nuc           elec       ->  total
 ------------------------------------------------------------------------------
                          charge      
 ------------------------------------------------------------------------------
         240.000000    -241.000000      -1.000000
 a-b                                     1.000000
 
 ------------------------------------------------------------------------------
                       dipole moment  
 ------------------------------------------------------------------------------
   x       0.000000       0.000000       0.000000
   y       0.000000      -0.000000       0.000000
   z       0.000000      -0.000000      -0.000000
 
   | dipole moment | =     0.0000 a.u. =     0.0000 debye 
 
 ------------------------------------------------------------------------------
                     quadrupole moment
 ------------------------------------------------------------------------------
  xx    1803.782336   -2000.235994    -196.453658
  yy    1803.782336   -2000.235994    -196.453658
  zz   11031.048289  -11226.677940    -195.629651
  xy      -0.000000      -0.000000      -0.000000
  xz       0.000000       0.000000       0.000000
  yz      -0.000000      -0.000000      -0.000000
 
     1/3  trace=    -196.178989
     anisotropy=       0.824006
 
 ==============================================================================
 
HOMO-LUMO Separation
 HOMO         :   -0.12674975 H =     -3.44904 eV
 LUMO         :   -0.07528818 H =     -2.04870 eV
 HOMO-LUMO gap:    0.05146157 H =     +1.40034 eV
 
 ==============================================================================


    ------------------------------------------------------------------------
         total  cpu-time : 40 minutes and 43 seconds
         total wall-time :  3 minutes and 17 seconds
    ------------------------------------------------------------------------

   ****  ridft : all done  ****


    2020-08-16 00:43:18.919 

