           SMPCPUS    set: Shared-memory Parallelization with  20 CPUs.

           SMP Parallelization Reference:
           C. van Wullen, J. Comput. Chem. 32 (2011) 1195--1201

 ridft (hpc3-14-10) : TURBOMOLE rev. V7.5.0 compiled 13 Jun 2020 at 23:29:25
 Copyright (C) 2020 TURBOMOLE GmbH, Karlsruhe


    2020-09-02 09:33:01.063 



                                  r i d f t

                        DFT program with RI approximation 
                                for coulomb part 




                                                 
                                 References:     
                                                 
          TURBOMOLE:                             
              R. Ahlrichs, M. Baer, M. Haeser, H. Horn, and
              C. Koelmel
              Electronic structure calculations on workstation
              computers: the program system TURBOMOLE
              Chem. Phys. Lett. 162: 165 (1989)
          Density Functional:                              
              O. Treutler and R. Ahlrichs                      
              Efficient Molecular Numerical Integration Schemes
              J. Chem. Phys. 102: 346 (1995)                   
          Parallel Version:                                
              Performance of parallel TURBOMOLE for Density    
              Functional Calculations                          
              M. v. Arnim and R. Ahlrichs                      
              J. Comp. Chem. 19: 1746 (1998)                   
          RI-J Method:                                     
              Auxiliary Basis Sets to approximate Coulomb      
              Potentials                                       
              Chem. Phys. Lett. 240: 283 (1995)                
              K. Eichkorn, O. Treutler, H. Oehm, M. Haeser     
              and R. Ahlrichs                                  
              Chem. Phys. Lett. 242: 652 (1995)                
                                                           
              Auxiliary Basis Sets for Main Row Atoms and their
              Use to approximate Coulomb Potentials            
              K. Eichkorn, F. Weigend, O. Treutler and         
              R. Ahlrichs                                      
              Theo. Chem. Acc. 97: 119 (1997)                   
                                                           
              Accurate Coulomb-fitting basis sets for H to Rn 
              F. Weigend                                        
              Phys. Chem. Chem. Phys. 8: 1057 (2006)            
                                                           
          Multipole accelerated RI-J (MARI-J):             
              Fast evaluation of the Coulomb potential for     
              electron densities using multipole accelerated   
              resolution of identity approximation             
              M. Sierka, A. Hogekamp and R. Ahlrichs           
              J. Chem. Phys. 118: 9136 (2003)                  
          RI-JK Method:                                     
              A fully direct RI-HF algorithm: Implementation,
              optimised auxiliary basis sets, demonstration of
              accuracy and efficiency                         
              F. Weigend                                      
              Phys. Chem. Chem. Phys. 4: 4285 (2002)           
          Two-component HF and DFT with spin-orbit coupling:  
              Self-consistent treatment of spin-orbit         
              interactions with efficient Hartree-Fock and    
              density functional methods                      
              M. K. Armbruster, F. Weigend, C. van Wüllen and 
              W. Klopper                                      
              Phys. Chem. Chem. Phys. 10: 1748 (2008)         
          Two-component difference density and DIIS algorithm 
              Efficient two-component self-consistent field   
              procedures and gradients: implementation in     
              TURBOMOLE and application to Au20-              
              A. Baldes, F. Weigend                           
              Mol. Phys. 111: 2617 (2013)                     
          Relativistic all-electron 2c calculations           
              An efficient implementation of two-component    
              relativistic exact-decoupling methods for large 
              molecules                                       
              D. Peng, N. Middendorf, F. Weigend, M. Reiher   
              J. Chem. Phys. 138: 184105 (2013)               
          Finite nucleus model and SNSO approximation         
              Efficient implementation of one- and two-       
              component analytical energy gradients in exact  
              two-component theory                            
              Y. J. Franzke, N. Middendorf, F. Weigend        
              J. Chem. Phys. 148: 104110 (2018)               
          Grids for all-electron relativistic methods         
              Error-consistent segmented contracted all-      
              electron relativistic basis sets of double-     
              and triple-zeta quality for NMR shielding       
              constants                                       
              Y. J. Franzke, R. Tress, T. M. Pazdera,         
              F. Weigend                                      
              Phys. Chem. Chem. Phys. 21: 166658 (2019)       
          Seminumerical exchange algorithms                   
              Seminumerical calculation of the Hartree-Fock   
              exchange matirx: Application to two-component   
              procedures and efficient evaluation of local    
              hybrid functionsl                               
              P. Plessow, F. Weigend,                         
              J. Comput. Chem. 33: 810 (2012)                 
          Improved seminumerical algorithms                   
              C. Holzer, in preparation (2020)                
                                         




              +--------------------------------------------------+
              |      general information about current run       |
              +--------------------------------------------------+

 

 DENSITY CONVERGENCE CHECK SWITCHED ON !
 SCF CONVERGENCE IF RMS(delta[D]) <     0.1000000000E-06

 TPSS global hybrid functional
 exchange:    9/10 (LDA+TPSS) + 1/10 HF
 correlation: LDA (PW) + TPSS
 A Hybrid-DFT calculation using the RI-J approximation will be carried out.
 Allocatable memory for RI due to $ricore (MB):                 60000


              +--------------------------------------------------+
              | Atomic coordinate, charge and isotop information |
              +--------------------------------------------------+

                    atomic coordinates            atom    charge  isotop
          0.00000000    0.00000000    0.65077673    mo    42.000     0
         -0.47106333    6.64412516    0.17346787    gd    64.000     0
          1.97785694    2.81924323    2.98044566    s     16.000     0
         -2.65531620    2.16919510   -1.70131248    s     16.000     0
          2.65531620   -2.16919510   -1.70131248    s     16.000     0
         -1.97785694   -2.81924323    2.98044566    s     16.000     0
          4.07313739    6.39461766   -2.39448639    c      6.000     0
          2.20408275    6.10252763   -4.29175007    c      6.000     0
          0.82675539    8.40206985   -4.46783083    c      6.000     0
          1.87369977   10.13853849   -2.69825440    c      6.000     0
          3.85696450    8.87534145   -1.38715869    c      6.000     0
         -2.34613278    7.91414523    4.79615124    c      6.000     0
         -4.20234910    6.29938818    3.72315647    c      6.000     0
         -5.29830297    7.58248650    1.63574969    c      6.000     0
         -4.15694769   10.00892525    1.44676289    c      6.000     0
         -2.32567029   10.21479460    3.40403974    c      6.000     0
         -1.26034041    8.93018576   -6.31743771    c      6.000     0
          1.28042982   12.90318581   -2.52645244    c      6.000     0
          1.89420627    3.85733906   -5.99300459    c      6.000     0
          5.55207730   10.01350069    0.58362393    c      6.000     0
          6.09292535    4.51549340   -1.74577973    c      6.000     0
         -0.84550860   12.52270909    4.13432432    c      6.000     0
         -4.94472744    3.74362791    4.69189673    c      6.000     0
         -7.42921510    6.65149026    0.01243321    c      6.000     0
         -5.01729131   12.05519830   -0.31826798    c      6.000     0
          3.12590491    4.01129849   -7.65594409    h      1.000     0
         -0.04693761    3.68692108   -6.67122406    h      1.000     0
         -3.34007517    2.77077657    5.55146036    h      1.000     0
         -6.43811497    3.88311492    6.12447449    h      1.000     0
          2.35685056    2.09552570   -5.02535721    h      1.000     0
         -5.63820442    2.53318215    3.17158681    h      1.000     0
          6.72919613    4.73226888    0.20522726    h      1.000     0
          7.74869151    4.75557850   -2.97313082    h      1.000     0
          5.42787327    2.57439051   -1.95797697    h      1.000     0
         -7.21410726    7.25433954   -1.95368128    h      1.000     0
         -9.25818285    7.37635348    0.66983331    h      1.000     0
         -7.52982357    4.59141611    0.02174197    h      1.000     0
         -0.80619305    7.39744762    7.12081844    c      6.000     0
         -1.69377229    8.20461128    8.81334102    h      1.000     0
          1.08652619    8.21743953    6.98235525    h      1.000     0
         -0.58317006    5.37113847    7.43636777    h      1.000     0
         -0.52544502    9.35840856   -8.20818403    h      1.000     0
         -2.40204947   10.54604036   -5.72909989    h      1.000     0
          4.67305636   11.65221413    1.47999478    h      1.000     0
         -3.75350400   13.68153203   -0.26725477    h      1.000     0
         -1.53395738   13.30593145    5.92563755    h      1.000     0
          2.58126133   14.00804161   -3.70535585    h      1.000     0
         -2.52777526    7.30844909   -6.51906892    h      1.000     0
          0.47106333   -6.64412516    0.17346787    gd    64.000     0
          2.34613278   -7.91414523    4.79615124    c      6.000     0
         -0.82675539   -8.40206985   -4.46783083    c      6.000     0
          5.29830297   -7.58248650    1.63574969    c      6.000     0
         -4.07313739   -6.39461766   -2.39448639    c      6.000     0
          4.20234910   -6.29938818    3.72315647    c      6.000     0
         -2.20408275   -6.10252763   -4.29175007    c      6.000     0
          4.15694769  -10.00892525    1.44676289    c      6.000     0
         -3.85696450   -8.87534145   -1.38715869    c      6.000     0
          2.32567029  -10.21479460    3.40403974    c      6.000     0
         -1.87369977  -10.13853849   -2.69825440    c      6.000     0
          7.42921510   -6.65149026    0.01243321    c      6.000     0
         -6.09292535   -4.51549340   -1.74577973    c      6.000     0
          0.80619305   -7.39744762    7.12081844    c      6.000     0
          1.26034041   -8.93018576   -6.31743771    c      6.000     0
          5.01729131  -12.05519830   -0.31826798    c      6.000     0
         -5.55207730  -10.01350069    0.58362393    c      6.000     0
          0.84550860  -12.52270909    4.13432432    c      6.000     0
         -1.28042982  -12.90318581   -2.52645244    c      6.000     0
          4.94472744   -3.74362791    4.69189673    c      6.000     0
         -1.89420627   -3.85733906   -5.99300459    c      6.000     0
          6.43811497   -3.88311492    6.12447449    h      1.000     0
         -3.12590491   -4.01129849   -7.65594409    h      1.000     0
          5.63820442   -2.53318215    3.17158681    h      1.000     0
         -2.35685056   -2.09552570   -5.02535721    h      1.000     0
          3.34007517   -2.77077657    5.55146036    h      1.000     0
          0.04693761   -3.68692108   -6.67122406    h      1.000     0
         -1.08652619   -8.21743953    6.98235525    h      1.000     0
          2.40204947  -10.54604036   -5.72909989    h      1.000     0
          7.21410726   -7.25433954   -1.95368128    h      1.000     0
         -6.72919613   -4.73226888    0.20522726    h      1.000     0
          1.69377229   -8.20461128    8.81334102    h      1.000     0
          0.52544502   -9.35840856   -8.20818403    h      1.000     0
          9.25818285   -7.37635348    0.66983331    h      1.000     0
         -7.74869151   -4.75557850   -2.97313082    h      1.000     0
          0.58317006   -5.37113847    7.43636777    h      1.000     0
          2.52777526   -7.30844909   -6.51906892    h      1.000     0
          7.52982357   -4.59141611    0.02174197    h      1.000     0
         -5.42787327   -2.57439051   -1.95797697    h      1.000     0
          5.12720303  -11.40986197   -2.28015311    h      1.000     0
         -0.62972934   13.31716378   -3.17990807    h      1.000     0
          1.16642998   12.12129690    4.39902850    h      1.000     0
          1.00385695  -14.01093771    2.71658898    h      1.000     0
         -1.45712683  -13.61641889   -0.59982801    h      1.000     0
          3.75350400  -13.68153203   -0.26725477    h      1.000     0
          1.45712683   13.61641889   -0.59982801    h      1.000     0
         -4.67305636  -11.65221413    1.47999478    h      1.000     0
         -1.00385695   14.01093771    2.71658898    h      1.000     0
         -6.01107645   -8.65376692    2.07239740    h      1.000     0
          0.62972934  -13.31716378   -3.17990807    h      1.000     0
         -5.12720303   11.40986197   -2.28015311    h      1.000     0
         -1.16642998  -12.12129690    4.39902850    h      1.000     0
          6.01107645    8.65376692    2.07239740    h      1.000     0
         -7.35159694  -10.65282509   -0.22422572    h      1.000     0
          6.91076927  -12.72579599    0.19383406    h      1.000     0
         -2.58126133  -14.00804161   -3.70535585    h      1.000     0
         -6.91076927   12.72579599    0.19383406    h      1.000     0
          1.53395738  -13.30593145    5.92563755    h      1.000     0
          7.35159694   10.65282509   -0.22422572    h      1.000     0
 
       center of nuclear mass  :   -0.00000000   -0.00000000    0.16896597
       center of nuclear charge:    0.00000000    0.00000000    0.15168189

              +--------------------------------------------------+
              |               basis set information              |
              +--------------------------------------------------+

              we will work with the 1s 3p 5d 7f 9g ... basis set
              ...i.e. with spherical basis functions...

   type   atoms  prim   cont   basis
   ---------------------------------------------------------------------------
    mo       1     57     31   def2-SVP   [5s3p2d1f|7s6p5d1f]
    gd       2    153     78   def2-SVP   [10s6p4d3f1g|14s12p9d7f1g]
    s        4     36     18   def2-SVP   [4s3p1d|10s7p1d]
    c       40     24     14   def2-SVP   [3s2p1d|7s4p1d]
    h       60      7      5   def2-SVP   [2s1p|4s1p]
   ---------------------------------------------------------------------------
   total:  107   1887   1119
   ---------------------------------------------------------------------------

   total number of primitive shells          :   97
   total number of contracted shells         :  511
   total number of cartesian basis functions : 1206
   total number of SCF-basis functions       : 1119

 number of unique ecp types :                     2

 integral neglect threshold       :  0.28E-11
 integral storage threshold THIZE :  0.10E-04
 integral storage threshold THIME :         5

 RI-J AUXILIARY BASIS SET information:

              we will work with the 1s 3p 5d 7f 9g ... basis set
              ...i.e. with spherical basis functions...

   type   atoms  prim   cont   basis
   ---------------------------------------------------------------------------
    mo       1     99     89   def2-SVP   [8s5p5d2f3g|11s5p5d3f3g]
    gd       2    263    200   def2-SVP   [14s7p6d6f5g2h2i|18s7p6d6f6g3h5i]
    s        4     77     51   def2-SVP   [8s4p3d1f1g|14s5p5d2f1g]
    c       40     70     49   def2-SVP   [6s4p3d1f1g|12s5p4d2f1g]
    h       60     16     11   def2-SVP   [3s1p1d|5s2p1d]
   ---------------------------------------------------------------------------
   total:  107   4693   3313
   ---------------------------------------------------------------------------

   total number of primitive shells          :  137
   total number of contracted shells         : 1075
   total number of cartesian basis functions : 4138
   total number of SCF-basis functions       : 3313


 symmetry group of the molecule :   c2 

 the group has the following generators :
   c2(z)

    2 symmetry operations found

 there are 2 real representations :   a    b   

 maximum number of shells which are related by symmetry :  2

 ==============================================================================
                      COSMO switched on
 ==============================================================================
 COSMO stati: segments per atom: H   32 other atoms   92
 COSMO statistics: nps   2604 npspher:    928
 COSMO surface:
   number of segments: 2604
   area (bohr**2):     2111.618681
   volume (bohr**3):   6631.140068
 COSMO: check number of disjunct cavities:

       ... OK contiguous cavity found
   sym. distinct segments: 1325
   sym. dist. seg. on spheres:  464
   min. distance between points:      0.152829
   max. symmetrization distance error:      0.000172

 Surface grid was constructed by projection of gridpoints of symmetry distict atoms.
 This may lead to differences compared to C1 results.
  
           ------------------
           density functional
           ------------------
 TPSS global hybrid functional
 exchange:    9/10 (LDA+TPSS) + 1/10 HF
 correlation: LDA (PW) + TPSS

 spherical integration : Lebedev's spherical grid
 spherical gridsize    :                     4
    i.e. gridpoints    :                   434
 value for diffuse not defined
 radial integration    : Chebyshev 2nd kind (scaling 3)
 radial gridsize       :                     6
 integration cells     :                    54
 partition function    : becke
 partition sharpness   :                     3
  
 
 Derivatives of quadrature weights will be included
 

 biggest AO integral is expected to be    24.152908834

          ------------------------
          nuclear repulsion energy  :   10571.6167626    
          ------------------------

  _________________________________
 |                                 |
 |         DFTD3 V3.1 Rev 0        |
 | S.Grimme, University Bonn       |
 |            June  2014           |
 |   see standalone version        |
 |       dftd3 -h for options      |
 |_________________________________|
 
 Please cite DFT-D3 work done with this code as:
 S. Grimme, J. Antony, S. Ehrlich and H. Krieg,
 J. Chem. Phys, 132 (2010), 154104.
 If used with BJ-damping cite also
 S. Grimme, S. Ehrlich and L. Goerigk,
 J. Comput. Chem. 32 (2011), 1456-1465
 For DFT-D2 the reference is
 S. Grimme, J. Comput. Chem., 27 (2006), 1787-1799
 
C6 coefficients used:
                     2  C6 for element                      1
Z=  1 CN= 0.912     C6(AA)=    3.03
Z=  1 CN= 0.000     C6(AA)=    7.59
                     5  C6 for element                      6
Z=  6 CN= 0.000     C6(AA)=   49.11
Z=  6 CN= 0.987     C6(AA)=   43.25
Z=  6 CN= 1.998     C6(AA)=   29.36
Z=  6 CN= 2.999     C6(AA)=   25.78
Z=  6 CN= 3.984     C6(AA)=   18.21
                     3  C6 for element                     16
Z= 16 CN= 0.000     C6(AA)=  134.01
Z= 16 CN= 0.995     C6(AA)=  131.00
Z= 16 CN= 1.990     C6(AA)=  125.81
                     3  C6 for element                     42
Z= 42 CN= 0.000     C6(AA)=  845.90
Z= 42 CN= 1.942     C6(AA)=  502.01
Z= 42 CN=11.056     C6(AA)=  337.11
                     2  C6 for element                     64
Z= 64 CN= 0.000     C6(AA)= 1891.67
Z= 64 CN= 2.873     C6(AA)=  595.36

#           XYZ [au]              R0(AA) [Ang.]  CN          C6(AA)     C8(AA)   C10(AA) [au]
  1   0.00000   0.00000   0.65078   mo  1.286  5.367       502.0     57804.9   8153712.7
  2  -0.47106   6.64413   0.17347   gd  1.640 11.658       595.4    111461.2  25562415.3
  3   1.97786   2.81924   2.98045   s   0.839  2.060       125.9      6166.3    370068.5
  4  -2.65532   2.16920  -1.70131   s   0.839  2.073       125.9      6166.1    370052.1
  5   2.65532  -2.16920  -1.70131   s   0.839  2.073       125.9      6166.1    370052.1
  6  -1.97786  -2.81924   2.98045   s   0.839  2.060       125.9      6166.3    370068.5
  7   4.07314   6.39462  -2.39449   c   0.644  4.104        18.3       528.1     18710.0
  8   2.20408   6.10253  -4.29175   c   0.644  4.102        18.3       528.1     18711.1
  9   0.82676   8.40207  -4.46783   c   0.644  4.143        18.2       527.7     18695.7
 10   1.87370  10.13854  -2.69825   c   0.644  4.151        18.2       527.6     18693.4
 11   3.85696   8.87534  -1.38716   c   0.644  4.151        18.2       527.6     18693.5
 12  -2.34613   7.91415   4.79615   c   0.644  4.142        18.2       527.7     18696.0
 13  -4.20235   6.29939   3.72316   c   0.644  4.130        18.2       527.8     18700.2
 14  -5.29830   7.58249   1.63575   c   0.644  4.149        18.2       527.6     18693.8
 15  -4.15695  10.00893   1.44676   c   0.644  4.131        18.2       527.8     18699.7
 16  -2.32567  10.21479   3.40404   c   0.644  4.126        18.3       527.9     18701.5
 17  -1.26034   8.93019  -6.31744   c   0.644  4.087        18.3       528.3     18718.0
 18   1.28043  12.90319  -2.52645   c   0.644  4.079        18.3       528.4     18721.9
 19   1.89421   3.85734  -5.99300   c   0.644  4.079        18.3       528.4     18721.8
 20   5.55208  10.01350   0.58362   c   0.644  4.088        18.3       528.3     18717.4
 21   6.09293   4.51549  -1.74578   c   0.644  4.078        18.3       528.4     18722.0
 22  -0.84551  12.52271   4.13432   c   0.644  4.072        18.3       528.5     18725.2
 23  -4.94473   3.74363   4.69190   c   0.644  4.093        18.3       528.2     18714.9
 24  -7.42922   6.65149   0.01243   c   0.644  4.088        18.3       528.3     18717.4
 25  -5.01729  12.05520  -0.31827   c   0.644  4.074        18.3       528.5     18724.2
 26   3.12590   4.01130  -7.65594   h   0.417  0.998         3.1        37.4       553.4
 27  -0.04694   3.68692  -6.67122   h   0.417  1.003         3.1        37.3       553.0
 28  -3.34008   2.77078   5.55146   h   0.417  1.006         3.1        37.3       552.8
 29  -6.43811   3.88311   6.12447   h   0.417  0.998         3.1        37.4       553.4
 30   2.35685   2.09553  -5.02536   h   0.417  1.006         3.1        37.3       552.7
 31  -5.63820   2.53318   3.17159   h   0.417  1.005         3.1        37.3       552.8
 32   6.72920   4.73227   0.20523   h   0.417  1.003         3.1        37.3       553.0
 33   7.74869   4.75558  -2.97313   h   0.417  0.998         3.1        37.4       553.4
 34   5.42787   2.57439  -1.95798   h   0.417  1.006         3.1        37.3       552.8
 35  -7.21411   7.25434  -1.95368   h   0.417  1.003         3.1        37.3       553.0
 36  -9.25818   7.37635   0.66983   h   0.417  0.998         3.1        37.4       553.4
 37  -7.52982   4.59142   0.02174   h   0.417  1.003         3.1        37.3       553.0
 38  -0.80619   7.39745   7.12082   c   0.644  4.084        18.3       528.4     18719.1
 39  -1.69377   8.20461   8.81334   h   0.417  0.998         3.1        37.4       553.4
 40   1.08653   8.21744   6.98236   h   0.417  1.002         3.1        37.3       553.1
 41  -0.58317   5.37114   7.43637   h   0.417  1.003         3.1        37.3       553.0
 42  -0.52545   9.35841  -8.20818   h   0.417  0.998         3.1        37.4       553.4
 43  -2.40205  10.54604  -5.72910   h   0.417  1.002         3.1        37.4       553.1
 44   4.67306  11.65221   1.47999   h   0.417  1.002         3.1        37.3       553.1
 45  -3.75350  13.68153  -0.26725   h   0.417  1.001         3.1        37.4       553.2
 46  -1.53396  13.30593   5.92564   h   0.417  0.998         3.1        37.4       553.4
 47   2.58126  14.00804  -3.70536   h   0.417  0.998         3.1        37.4       553.4
 48  -2.52778   7.30845  -6.51907   h   0.417  1.003         3.1        37.3       553.0
 49   0.47106  -6.64413   0.17347   gd  1.640 11.658       595.4    111461.2  25562415.3
 50   2.34613  -7.91415   4.79615   c   0.644  4.142        18.2       527.7     18696.0
 51  -0.82676  -8.40207  -4.46783   c   0.644  4.143        18.2       527.7     18695.7
 52   5.29830  -7.58249   1.63575   c   0.644  4.149        18.2       527.6     18693.8
 53  -4.07314  -6.39462  -2.39449   c   0.644  4.104        18.3       528.1     18710.0
 54   4.20235  -6.29939   3.72316   c   0.644  4.130        18.2       527.8     18700.2
 55  -2.20408  -6.10253  -4.29175   c   0.644  4.102        18.3       528.1     18711.1
 56   4.15695 -10.00893   1.44676   c   0.644  4.131        18.2       527.8     18699.7
 57  -3.85696  -8.87534  -1.38716   c   0.644  4.151        18.2       527.6     18693.5
 58   2.32567 -10.21479   3.40404   c   0.644  4.126        18.3       527.9     18701.5
 59  -1.87370 -10.13854  -2.69825   c   0.644  4.151        18.2       527.6     18693.4
 60   7.42922  -6.65149   0.01243   c   0.644  4.088        18.3       528.3     18717.4
 61  -6.09293  -4.51549  -1.74578   c   0.644  4.078        18.3       528.4     18722.0
 62   0.80619  -7.39745   7.12082   c   0.644  4.084        18.3       528.4     18719.1
 63   1.26034  -8.93019  -6.31744   c   0.644  4.087        18.3       528.3     18718.0
 64   5.01729 -12.05520  -0.31827   c   0.644  4.074        18.3       528.5     18724.2
 65  -5.55208 -10.01350   0.58362   c   0.644  4.088        18.3       528.3     18717.4
 66   0.84551 -12.52271   4.13432   c   0.644  4.072        18.3       528.5     18725.2
 67  -1.28043 -12.90319  -2.52645   c   0.644  4.079        18.3       528.4     18721.9
 68   4.94473  -3.74363   4.69190   c   0.644  4.093        18.3       528.2     18714.9
 69  -1.89421  -3.85734  -5.99300   c   0.644  4.079        18.3       528.4     18721.8
 70   6.43811  -3.88311   6.12447   h   0.417  0.998         3.1        37.4       553.4
 71  -3.12590  -4.01130  -7.65594   h   0.417  0.998         3.1        37.4       553.4
 72   5.63820  -2.53318   3.17159   h   0.417  1.005         3.1        37.3       552.8
 73  -2.35685  -2.09553  -5.02536   h   0.417  1.006         3.1        37.3       552.7
 74   3.34008  -2.77078   5.55146   h   0.417  1.006         3.1        37.3       552.8
 75   0.04694  -3.68692  -6.67122   h   0.417  1.003         3.1        37.3       553.0
 76  -1.08653  -8.21744   6.98236   h   0.417  1.002         3.1        37.3       553.1
 77   2.40205 -10.54604  -5.72910   h   0.417  1.002         3.1        37.4       553.1
 78   7.21411  -7.25434  -1.95368   h   0.417  1.003         3.1        37.3       553.0
 79  -6.72920  -4.73227   0.20523   h   0.417  1.003         3.1        37.3       553.0
 80   1.69377  -8.20461   8.81334   h   0.417  0.998         3.1        37.4       553.4
 81   0.52545  -9.35841  -8.20818   h   0.417  0.998         3.1        37.4       553.4
 82   9.25818  -7.37635   0.66983   h   0.417  0.998         3.1        37.4       553.4
 83  -7.74869  -4.75558  -2.97313   h   0.417  0.998         3.1        37.4       553.4
 84   0.58317  -5.37114   7.43637   h   0.417  1.003         3.1        37.3       553.0
 85   2.52778  -7.30845  -6.51907   h   0.417  1.003         3.1        37.3       553.0
 86   7.52982  -4.59142   0.02174   h   0.417  1.003         3.1        37.3       553.0
 87  -5.42787  -2.57439  -1.95798   h   0.417  1.006         3.1        37.3       552.8
 88   5.12720 -11.40986  -2.28015   h   0.417  1.002         3.1        37.3       553.1
 89  -0.62973  13.31716  -3.17991   h   0.417  1.002         3.1        37.4       553.1
 90   1.16643  12.12130   4.39903   h   0.417  1.002         3.1        37.3       553.1
 91   1.00386 -14.01094   2.71659   h   0.417  1.001         3.1        37.4       553.2
 92  -1.45713 -13.61642  -0.59983   h   0.417  1.002         3.1        37.3       553.0
 93   3.75350 -13.68153  -0.26725   h   0.417  1.001         3.1        37.4       553.2
 94   1.45713  13.61642  -0.59983   h   0.417  1.002         3.1        37.3       553.0
 95  -4.67306 -11.65221   1.47999   h   0.417  1.002         3.1        37.3       553.1
 96  -1.00386  14.01094   2.71659   h   0.417  1.001         3.1        37.4       553.2
 97  -6.01108  -8.65377   2.07240   h   0.417  1.003         3.1        37.3       553.0
 98   0.62973 -13.31716  -3.17991   h   0.417  1.002         3.1        37.4       553.1
 99  -5.12720  11.40986  -2.28015   h   0.417  1.002         3.1        37.3       553.1
100  -1.16643 -12.12130   4.39903   h   0.417  1.002         3.1        37.3       553.1
101   6.01108   8.65377   2.07240   h   0.417  1.003         3.1        37.3       553.0
102  -7.35160 -10.65283  -0.22423   h   0.417  0.998         3.1        37.4       553.4
103   6.91077 -12.72580   0.19383   h   0.417  0.998         3.1        37.4       553.4
104  -2.58126 -14.00804  -3.70536   h   0.417  0.998         3.1        37.4       553.4
105  -6.91077  12.72580   0.19383   h   0.417  0.998         3.1        37.4       553.4
106   1.53396 -13.30593   5.92564   h   0.417  0.998         3.1        37.4       553.4
107   7.35160  10.65283  -0.22423   h   0.417  0.998         3.1        37.4       553.4

molecular C6(AA) [au] =    151434.60

           DFT-D V3(BJ)
 DF tpssh                                             
 parameters
 s6       :    1.0000
 s8       :    2.2382
 a1       :    0.4529
 a2       :    4.6550
 k1-k3    :   16.0000    1.3333   -4.0000
 
 Edisp /kcal,au:  -157.2396 -0.25057720

 E6    /kcal :   -68.2025
 E8    /kcal :   -89.0371
 % E8        : 56.63
 nuclear repulsion energy                  =   10571.616762584
 empirical dispersive energy correction    =      -0.250577202
 nuclear repulsion + dispersion correction =   10571.366185382


         -----------------
         -S,T+V- integrals
         -----------------

 1e-integrals will be neglected if expon. factor < 0.277111E-12


          ----------------
          -ecp-  integrals
          ----------------
 
   Difference densities algorithm switched on.
   The maximal number of linear combinations of
   difference densities is                    20 .

 DIIS switched on: error vector is FDS-SDF
 Max. Iterations for DIIS is     :   4
 DIIS matrix (see manual) 
    Scaling factor of diagonals  :  1.200
    threshold for scaling factor :  0.000

 scf convergence criterion : increment of total energy < .1000000D-06
                  and increment of one-electron energy < .1000000D-03

 MOs are in ASCII format !


    mo occupation :
   irrep   mo's   occupied
    a      561      117
    b      558      116
 
 number of basis functions   :  1119
 number of occupied orbitals :   233
 

 reading orbital data $uhfmo_alpha  from file alpha
 orbital characterization : expanded

 reading orbital data $uhfmo_beta  from file beta
 orbital characterization : expanded
 virtual MOs provided and orthogonalized by Cholesky decomposition
 virtual MOs provided and orthogonalized by Cholesky decomposition

 UHF mode switched on !

 closed shell shift switched on 
 all occupied orbitals are shifted by    0.25000

  
           ------------------------
               RI-J - INFORMATION
           ------------------------
 Contributions to RI integral batches: 
  neglected integral batches:                 99121
  direct contribution:                            0
  memory contribution:                 31695
 Memory core needed for (P|Q) and Cholesky     22 MByte
 Memory core minimum needed except of (P|Q)     4 MByte
 Total minimum memory core needed (sum)        25 MByte
  
 ****************************************
 Memory allocated for RI-J  5413 MByte
 ****************************************
                                            

 DSCF restart information will be dumped onto file alpha


 Starting SCF iterations

COSMO: using sym. in pot. calc.
          Overall gridpoints after grid construction =        489938
 Ordering of quadrature gridpoints disabled.
 Caution, gridordering can improve performance!

 ITERATION  ENERGY          1e-ENERGY        2e-ENERGY     RMS[dD(SAO)]   TOL
   1  -4712.7507932191    -28654.248443     13370.131465    0.000D+00 0.276D-11
                            Exc = -415.337589943     Coul =  13829.0456595    
                            exK = -43.5766049559    
                         Ntotal = 451.00047234      Nspin = 14.999997095    
                             Na = 233.00023472         Nb = 218.00023762    
                          Ediel =-0.758617463502E-01
                            current damping = 1.000
 
          max. resid. norm for Fia-block=  4.335D+00 for orbital    117a    alpha
          max. resid. fock norm         =  1.627D+02 for orbital    538a    beta 
COSMO: using sym. in pot. calc.

 ITERATION  ENERGY          1e-ENERGY        2e-ENERGY     RMS[dD(SAO)]   TOL
   2  -4668.3287565723    -27632.850698     12393.155756    0.119D+00 0.183D-11
                            Exc = -377.071355535      Eck =  12770.2271114    
                         Ntotal = 451.00202793      Nspin = 15.001601314    
                             Na = 233.00181462         Nb = 218.00021331    
                          Ediel =-0.331490243196    
                            current damping = 1.000
 
          Norm of current diis error:  16.991    
          max. resid. norm for Fia-block=  1.122D+00 for orbital     40a    beta 
          max. resid. fock norm         =  3.672D+00 for orbital    551b    beta 
COSMO: using sym. in pot. calc.

 ITERATION  ENERGY          1e-ENERGY        2e-ENERGY     RMS[dD(SAO)]   TOL
   3  -4747.6272473060    -28178.143410     12859.149977    0.118D+00 0.177D-11
                            Exc = -393.587559790      Eck =  13252.7375366    
                         Ntotal = 451.00048293      Nspin = 15.000076301    
                             Na = 233.00027961         Nb = 218.00020331    
                          Ediel =-0.629123664076E-01
                            current damping = 0.950
 
          Norm of current diis error:  5.9961    
          max. resid. norm for Fia-block=  4.058D-01 for orbital    116b    alpha
          max. resid. fock norm         =  1.450D+00 for orbital    467b    alpha
COSMO: using sym. in pot. calc.

 ITERATION  ENERGY          1e-ENERGY        2e-ENERGY     RMS[dD(SAO)]   TOL
   4  -4751.2811815560    -28233.149297     12910.501930    0.763D-02 0.172D-11
                            Exc = -397.241767933      Eck =  13307.7436982    
                         Ntotal = 451.00044592      Nspin = 15.000032917    
                             Na = 233.00023942         Nb = 218.00020650    
                          Ediel =-0.588993987099E-01
                            current damping = 0.850
 
          Norm of current diis error:  2.1055    
          max. resid. norm for Fia-block=  2.895D-01 for orbital    110a    alpha
          max. resid. fock norm         =  4.899D-01 for orbital    204b    alpha
COSMO: using sym. in pot. calc.

 ITERATION  ENERGY          1e-ENERGY        2e-ENERGY     RMS[dD(SAO)]   TOL
   5  -4752.0278526691    -28267.757771     12944.363732    0.307D-02 0.148D-11
                            Exc = -401.146236265      Eck =  13345.5099687    
                         Ntotal = 451.00042983      Nspin = 15.000018757    
                             Na = 233.00022429         Nb = 218.00020554    
                          Ediel =-0.489927363709E-01
                            current damping = 0.750
 
          Norm of current diis error:  1.1093    
          max. resid. norm for Fia-block=  3.349D-01 for orbital     40b    beta 
          max. resid. fock norm         =  9.963D-01 for orbital    390a    beta 
          mo-orthogonalization: Cholesky decomposition
COSMO: using sym. in pot. calc.

 ITERATION  ENERGY          1e-ENERGY        2e-ENERGY     RMS[dD(SAO)]   TOL
   6  -4752.0876115441    -28285.845591     12962.391794    0.154D-02 0.131D-11
                            Exc = -401.794906976      Eck =  13364.1867008    
                         Ntotal = 451.00043668      Nspin = 15.000014131    
                             Na = 233.00022540         Nb = 218.00021127    
                          Ediel =-0.458130940238E-01
                            current damping = 0.650
 
          Norm of current diis error:  1.1617    
          max. resid. norm for Fia-block=  1.427D-01 for orbital     40b    beta 
          max. resid. fock norm         =  8.343D-01 for orbital    535a    beta 
COSMO: using sym. in pot. calc.

 ITERATION  ENERGY          1e-ENERGY        2e-ENERGY     RMS[dD(SAO)]   TOL
   7  -4752.1124957811    -28284.560988     12961.082307    0.428D-03 0.122D-11
                            Exc = -401.699767414      Eck =  13362.7820741    
                         Ntotal = 451.00043303      Nspin = 15.000014006    
                             Na = 233.00022352         Nb = 218.00020951    
                          Ediel =-0.452051505881E-01
                            current damping = 0.700
 
          Norm of current diis error: 0.97718    
          max. resid. norm for Fia-block=  8.177D-02 for orbital     40b    beta 
          max. resid. fock norm         =  4.102D-01 for orbital    541a    beta 
COSMO: using sym. in pot. calc.

 ITERATION  ENERGY          1e-ENERGY        2e-ENERGY     RMS[dD(SAO)]   TOL
   8  -4752.1531833107    -28282.623587     12959.104218    0.288D-03 0.115D-11
                            Exc = -401.421453885      Eck =  13360.5256717    
                         Ntotal = 451.00043431      Nspin = 15.000014008    
                             Na = 233.00022416         Nb = 218.00021015    
                          Ediel =-0.455796596920E-01
                            current damping = 0.600
 
          Norm of current diis error: 0.67141    
          max. resid. norm for Fia-block=  1.065D-01 for orbital     40b    beta 
          max. resid. fock norm         =  6.750D-01 for orbital    544a    beta 
COSMO: using sym. in pot. calc.

 ITERATION  ENERGY          1e-ENERGY        2e-ENERGY     RMS[dD(SAO)]   TOL
   9  -4752.1433624907    -28267.566119     12944.056571    0.989D-03 0.103D-11
                            Exc = -399.676525816      Eck =  13343.7330973    
                         Ntotal = 451.00043372      Nspin = 15.000016772    
                             Na = 233.00022525         Nb = 218.00020848    
                          Ediel =-0.478706441068E-01
                            current damping = 0.650
 
          Norm of current diis error: 0.66988    
          max. resid. norm for Fia-block=  5.662D-02 for orbital    117a    alpha
          max. resid. fock norm         =  8.900D-02 for orbital    119b    alpha
COSMO: using sym. in pot. calc.

 ITERATION  ENERGY          1e-ENERGY        2e-ENERGY     RMS[dD(SAO)]   TOL
  10  -4752.1785642202    -28269.250056     12945.705307    0.366D-03 0.102D-11
                            Exc = -400.207856012      Eck =  13345.9131626    
                         Ntotal = 451.00043115      Nspin = 15.000015992    
                             Na = 233.00022357         Nb = 218.00020758    
                          Ediel =-0.479792790711E-01
                            current damping = 0.700
 
          Norm of current diis error: 0.37325    
          max. resid. norm for Fia-block=  3.502D-02 for orbital    117a    alpha
          max. resid. fock norm         =  4.277D-02 for orbital    117b    alpha
          mo-orthogonalization: Cholesky decomposition
COSMO: using sym. in pot. calc.

 ITERATION  ENERGY          1e-ENERGY        2e-ENERGY     RMS[dD(SAO)]   TOL
  11  -4752.1929358978    -28273.113301     12949.554180    0.305D-03 0.100D-11
                            Exc = -400.728555770      Eck =  13350.2827353    
                         Ntotal = 451.00043152      Nspin = 15.000015102    
                             Na = 233.00022331         Nb = 218.00020821    
                          Ediel =-0.474687086717E-01
                            current damping = 0.600
 
          Norm of current diis error: 0.55768E-01
          max. resid. norm for Fia-block=  1.454D-02 for orbital     40b    beta 
          max. resid. fock norm         =  1.230D-01 for orbital    551b    beta 
COSMO: using sym. in pot. calc.

 ITERATION  ENERGY          1e-ENERGY        2e-ENERGY     RMS[dD(SAO)]   TOL
  12  -4752.1934742876    -28274.080340     12950.520681    0.125D-03 0.968D-12
                            Exc = -400.801694995      Eck =  13351.3223758    
                         Ntotal = 451.00043137      Nspin = 15.000015126    
                             Na = 233.00022325         Nb = 218.00020812    
                          Ediel =-0.470877945294E-01
                            current damping = 0.500
 
          Norm of current diis error: 0.44514E-01
          max. resid. norm for Fia-block=  7.135D-03 for orbital     40b    beta 
          max. resid. fock norm         =  5.717D-02 for orbital    551b    beta 
COSMO: using sym. in pot. calc.

 ITERATION  ENERGY          1e-ENERGY        2e-ENERGY     RMS[dD(SAO)]   TOL
  13  -4752.1936653401    -28274.349980     12950.790129    0.644D-04 0.936D-12
                            Exc = -400.805768174      Eck =  13351.5958975    
                         Ntotal = 451.00043201      Nspin = 15.000015100    
                             Na = 233.00022356         Nb = 218.00020846    
                          Ediel =-0.470841631030E-01
                            current damping = 0.350
 
          Norm of current diis error: 0.36953E-01
          max. resid. norm for Fia-block=  3.932D-03 for orbital     40b    beta 
          max. resid. fock norm         =  3.060D-02 for orbital    551b    beta 
COSMO: using sym. in pot. calc.

 ITERATION  ENERGY          1e-ENERGY        2e-ENERGY     RMS[dD(SAO)]   TOL
  14  -4752.1938486929    -28274.010358     12950.450324    0.492D-04 0.899D-12
                            Exc = -400.783238369      Eck =  13351.2335624    
                         Ntotal = 451.00043164      Nspin = 15.000015298    
                             Na = 233.00022347         Nb = 218.00020817    
                          Ediel =-0.470616522902E-01
                            current damping = 0.400
 
          Norm of current diis error: 0.17601E-01
          max. resid. norm for Fia-block=  2.742D-03 for orbital     40b    beta 
          max. resid. fock norm         =  2.211D-02 for orbital    553a    beta 
COSMO: using sym. in pot. calc.

 ITERATION  ENERGY          1e-ENERGY        2e-ENERGY     RMS[dD(SAO)]   TOL
  15  -4752.1939041114    -28273.857809     12950.297719    0.303D-04 0.867D-12
                            Exc = -400.749543721      Eck =  13351.0472631    
                         Ntotal = 451.00043186      Nspin = 15.000015444    
                             Na = 233.00022365         Nb = 218.00020821    
                          Ediel =-0.471031010716E-01
                            current damping = 0.250
 
          Norm of current diis error: 0.11185E-01
          max. resid. norm for Fia-block=  1.560D-03 for orbital    117a    alpha
          max. resid. fock norm         =  2.242D-03 for orbital    117b    alpha
          mo-orthogonalization: Cholesky decomposition
COSMO: using sym. in pot. calc.

 ITERATION  ENERGY          1e-ENERGY        2e-ENERGY     RMS[dD(SAO)]   TOL
  16  -4752.1939335212    -28273.946822     12950.386703    0.183D-04 0.837D-12
                            Exc = -400.775917800      Eck =  13351.1626211    
                         Ntotal = 451.00043176      Nspin = 15.000015516    
                             Na = 233.00022364         Nb = 218.00020812    
                          Ediel =-0.470890892023E-01
                            current damping = 0.300
 
          Norm of current diis error: 0.72484E-02
          max. resid. norm for Fia-block=  6.281D-04 for orbital     40b    beta 
          max. resid. fock norm         =  5.187D-03 for orbital    553a    beta 
COSMO: using sym. in pot. calc.

 ITERATION  ENERGY          1e-ENERGY        2e-ENERGY     RMS[dD(SAO)]   TOL
  17  -4752.1939473074    -28273.939544     12950.379411    0.108D-04 0.809D-12
                            Exc = -400.771754875      Eck =  13351.1511663    
                         Ntotal = 451.00043181      Nspin = 15.000015621    
                             Na = 233.00022371         Nb = 218.00020809    
                          Ediel =-0.470766374582E-01
                            current damping = 0.350
 
          Norm of current diis error: 0.40412E-02
          max. resid. norm for Fia-block=  4.082D-04 for orbital     94a    beta 
          max. resid. fock norm         =  1.812D-03 for orbital    553a    beta 
COSMO: using sym. in pot. calc.

 ITERATION  ENERGY          1e-ENERGY        2e-ENERGY     RMS[dD(SAO)]   TOL
  18  -4752.1939539499    -28273.887809     12950.327670    0.721D-05 0.784D-12
                            Exc = -400.766975330      Eck =  13351.0946453    
                         Ntotal = 451.00043179      Nspin = 15.000015713    
                             Na = 233.00022375         Nb = 218.00020804    
                          Ediel =-0.470822204899E-01
                            current damping = 0.200
 
          Norm of current diis error: 0.19492E-02
          max. resid. norm for Fia-block=  4.873D-04 for orbital    103a    alpha
          max. resid. fock norm         =  6.296D-04 for orbital    118a    alpha
COSMO: using sym. in pot. calc.

 ITERATION  ENERGY          1e-ENERGY        2e-ENERGY     RMS[dD(SAO)]   TOL
  19  -4752.1939567944    -28273.920232     12950.360090    0.680D-05 0.759D-12
                            Exc = -400.767113987      Eck =  13351.1272038    
                         Ntotal = 451.00043187      Nspin = 15.000015771    
                             Na = 233.00022382         Nb = 218.00020805    
                          Ediel =-0.470842239302E-01
                            current damping = 0.250
 
          Norm of current diis error: 0.22841E-02
          max. resid. norm for Fia-block=  2.549D-04 for orbital    103a    beta 
          max. resid. fock norm         =  4.596D-04 for orbital    110a    beta 
COSMO: using sym. in pot. calc.

 ITERATION  ENERGY          1e-ENERGY        2e-ENERGY     RMS[dD(SAO)]   TOL
  20  -4752.1939594459    -28273.925850     12950.365705    0.437D-05 0.737D-12
                            Exc = -400.769993245      Eck =  13351.1356987    
                         Ntotal = 451.00043184      Nspin = 15.000015817    
                             Na = 233.00022383         Nb = 218.00020801    
                          Ediel =-0.470776826653E-01
                            current damping = 0.100
 
          Norm of current diis error: 0.19116E-02
          max. resid. norm for Fia-block=  2.114D-04 for orbital    103a    beta 
          max. resid. fock norm         =  3.579D-04 for orbital    553a    beta 
          mo-orthogonalization: Cholesky decomposition
COSMO: using sym. in pot. calc.

 ITERATION  ENERGY          1e-ENERGY        2e-ENERGY     RMS[dD(SAO)]   TOL
  21  -4752.1939611141    -28273.903606     12950.343459    0.325D-05 0.713D-12
                            Exc = -400.767037857      Eck =  13351.1104972    
                         Ntotal = 451.00043183      Nspin = 15.000015878    
                             Na = 233.00022386         Nb = 218.00020798    
                          Ediel =-0.470766437154E-01
                            current damping = 0.150
 
          Norm of current diis error: 0.86838E-03
          max. resid. norm for Fia-block=  1.786D-04 for orbital    103a    alpha
          max. resid. fock norm         =  2.382D-04 for orbital    110a    beta 
COSMO: using sym. in pot. calc.

 ITERATION  ENERGY          1e-ENERGY        2e-ENERGY     RMS[dD(SAO)]   TOL
  22  -4752.1939619578    -28273.901567     12950.341419    0.202D-05 0.276D-11
                            Exc = -400.767639968     Coul =  13393.3330262    
                            exK = -42.2239666920    
                         Ntotal = 451.00043183      Nspin = 15.000015923    
                             Na = 233.00022388         Nb = 218.00020795    
                          Ediel =-0.470795875801E-01
                            current damping = 0.050
 
          Norm of current diis error: 0.55694E-03
          max. resid. norm for Fia-block=  1.295D-04 for orbital    103a    alpha
          max. resid. fock norm         =  1.643D-04 for orbital    110a    beta 
COSMO: using sym. in pot. calc.

 ITERATION  ENERGY          1e-ENERGY        2e-ENERGY     RMS[dD(SAO)]   TOL
  23  -4752.1939623905    -28273.917444     12950.357297    0.179D-05 0.175D-11
                            Exc = -400.768521090      Eck =  13351.1258176    
                         Ntotal = 451.00043184      Nspin = 15.000015951    
                             Na = 233.00022390         Nb = 218.00020794    
                          Ediel =-0.470757539945E-01
                            current damping = 0.100
 
          Norm of current diis error: 0.69931E-03
          max. resid. norm for Fia-block=  1.124D-04 for orbital    103a    beta 
          max. resid. fock norm         =  1.550D-04 for orbital    110a    beta 
COSMO: using sym. in pot. calc.

 ITERATION  ENERGY          1e-ENERGY        2e-ENERGY     RMS[dD(SAO)]   TOL
  24  -4752.1939627153    -28273.909066     12950.348918    0.122D-05 0.133D-11
                            Exc = -400.768084020      Eck =  13351.1170016    
                         Ntotal = 451.00043183      Nspin = 15.000015979    
                             Na = 233.00022390         Nb = 218.00020792    
                          Ediel =-0.470765530878E-01
                            current damping = 0.150
 
          Norm of current diis error: 0.38375E-03
          max. resid. norm for Fia-block=  8.933D-05 for orbital    103a    alpha
          max. resid. fock norm         =  1.291D-04 for orbital    553a    beta 
COSMO: using sym. in pot. calc.

 ITERATION  ENERGY          1e-ENERGY        2e-ENERGY     RMS[dD(SAO)]   TOL
  25  -4752.1939627300    -28273.902073     12950.341924    0.141D-05 0.114D-11
                            Exc = -400.766340871      Eck =  13351.1082653    
                         Ntotal = 451.00043184      Nspin = 15.000015995    
                             Na = 233.00022392         Nb = 218.00020792    
                          Ediel =-0.470788568245E-01
                            current damping = 0.050
 
          Norm of current diis error: 0.11335E-02
          max. resid. norm for Fia-block=  5.268D-05 for orbital    107a    beta 
          max. resid. fock norm         =  1.438D-04 for orbital    553a    beta 
          mo-orthogonalization: Cholesky decomposition
COSMO: using sym. in pot. calc.

 ITERATION  ENERGY          1e-ENERGY        2e-ENERGY     RMS[dD(SAO)]   TOL
  26  -4752.1939629382    -28273.905048     12950.344899    0.811D-06 0.104D-11
                            Exc = -400.767232639      Eck =  13351.1121320    
                         Ntotal = 451.00043183      Nspin = 15.000016007    
                             Na = 233.00022392         Nb = 218.00020791    
                          Ediel =-0.470790737072E-01
                            current damping = 0.100
 
          Norm of current diis error: 0.51310E-03
          max. resid. norm for Fia-block=  4.029D-05 for orbital    107a    beta 
          max. resid. fock norm         =  6.086D-05 for orbital    110a    beta 
COSMO: using sym. in pot. calc.

 ITERATION  ENERGY          1e-ENERGY        2e-ENERGY     RMS[dD(SAO)]   TOL
  27  -4752.1939630209    -28273.910126     12950.349977    0.716D-06 0.976D-12
                            Exc = -400.768010761      Eck =  13351.1179882    
                         Ntotal = 451.00043182      Nspin = 15.000016014    
                             Na = 233.00022392         Nb = 218.00020790    
                          Ediel =-0.470774292856E-01
                            current damping = 0.050
 
          Norm of current diis error: 0.20377E-03
          max. resid. norm for Fia-block=  4.911D-05 for orbital    103a    beta 
          max. resid. fock norm         =  5.959D-05 for orbital    110a    beta 
COSMO: using sym. in pot. calc.

 ITERATION  ENERGY          1e-ENERGY        2e-ENERGY     RMS[dD(SAO)]   TOL
  28  -4752.1939630604    -28273.906416     12950.346268    0.563D-06 0.906D-12
                            Exc = -400.767742874      Eck =  13351.1140108    
                         Ntotal = 451.00043182      Nspin = 15.000016025    
                             Na = 233.00022392         Nb = 218.00020790    
                          Ediel =-0.470773024459E-01
                            current damping = 0.100
 
          Norm of current diis error: 0.24242E-03
          max. resid. norm for Fia-block=  2.807D-05 for orbital    103a    alpha
          max. resid. fock norm         =  3.937D-05 for orbital    118a    alpha
COSMO: using sym. in pot. calc.

 ITERATION  ENERGY          1e-ENERGY        2e-ENERGY     RMS[dD(SAO)]   TOL
  29  -4752.1939630916    -28273.909443     12950.349295    0.449D-06 0.874D-12
                            Exc = -400.767949841      Eck =  13351.1172444    
                         Ntotal = 451.00043182      Nspin = 15.000016029    
                             Na = 233.00022392         Nb = 218.00020790    
                          Ediel =-0.470774937079E-01
                            current damping = 0.150
 
          Norm of current diis error: 0.12511E-03
          max. resid. norm for Fia-block=  2.915D-05 for orbital    107b    alpha
          max. resid. fock norm         =  3.938D-05 for orbital    117b    alpha
COSMO: using sym. in pot. calc.

 ITERATION  ENERGY          1e-ENERGY        2e-ENERGY     RMS[dD(SAO)]   TOL
  30  -4752.1939631134    -28273.908315     12950.348166    0.319D-06 0.834D-12
                            Exc = -400.767741616      Eck =  13351.1159079    
                         Ntotal = 451.00043182      Nspin = 15.000016036    
                             Na = 233.00022393         Nb = 218.00020789    
                          Ediel =-0.470776098613E-01
                            current damping = 0.200
 
          Norm of current diis error: 0.12641E-03
          max. resid. norm for Fia-block=  1.877D-05 for orbital    107b    alpha
          max. resid. fock norm         =  3.239D-05 for orbital    117b    alpha
          mo-orthogonalization: Cholesky decomposition
COSMO: using sym. in pot. calc.

 ITERATION  ENERGY          1e-ENERGY        2e-ENERGY     RMS[dD(SAO)]   TOL
  31  -4752.1939631206    -28273.909810     12950.349662    0.243D-06 0.807D-12
                            Exc = -400.767998463      Eck =  13351.1176602    
                         Ntotal = 451.00043182      Nspin = 15.000016039    
                             Na = 233.00022393         Nb = 218.00020789    
                          Ediel =-0.470775834204E-01
                            current damping = 0.250
 
          Norm of current diis error: 0.11352E-03
          max. resid. norm for Fia-block=  1.981D-05 for orbital    107b    alpha
          max. resid. fock norm         =  2.929D-05 for orbital    117b    alpha
COSMO: using sym. in pot. calc.

 ITERATION  ENERGY          1e-ENERGY        2e-ENERGY     RMS[dD(SAO)]   TOL
  32  -4752.1939631224    -28273.909041     12950.348892    0.217D-06 0.789D-12
                            Exc = -400.767848825      Eck =  13351.1167413    
                         Ntotal = 451.00043182      Nspin = 15.000016043    
                             Na = 233.00022393         Nb = 218.00020789    
                          Ediel =-0.470778609815E-01
                            current damping = 0.300
 
          Norm of current diis error: 0.63884E-04
          max. resid. norm for Fia-block=  1.789D-05 for orbital    107b    alpha
          max. resid. fock norm         =  2.485D-05 for orbital    117b    alpha
COSMO: using sym. in pot. calc.

 ITERATION  ENERGY          1e-ENERGY        2e-ENERGY     RMS[dD(SAO)]   TOL
  33  -4752.1939631301    -28273.909549     12950.349400    0.196D-06 0.788D-12
                            Exc = -400.767899197      Eck =  13351.1172993    
                         Ntotal = 451.00043182      Nspin = 15.000016045    
                             Na = 233.00022393         Nb = 218.00020789    
                          Ediel =-0.470777244019E-01
                            current damping = 0.350
 
          Norm of current diis error: 0.53706E-04
          max. resid. norm for Fia-block=  1.508D-05 for orbital    107b    alpha
          max. resid. fock norm         =  2.113D-05 for orbital    117b    alpha
COSMO: using sym. in pot. calc.

 ITERATION  ENERGY          1e-ENERGY        2e-ENERGY     RMS[dD(SAO)]   TOL
  34  -4752.1939631335    -28273.908974     12950.348825    0.162D-06 0.787D-12
                            Exc = -400.767848264      Eck =  13351.1166733    
                         Ntotal = 451.00043182      Nspin = 15.000016047    
                             Na = 233.00022393         Nb = 218.00020788    
                          Ediel =-0.470778322631E-01
                            current damping = 0.400
 
          Norm of current diis error: 0.48895E-04
          max. resid. norm for Fia-block=  1.064D-05 for orbital    114b    alpha
          max. resid. fock norm         =  1.812D-05 for orbital    117b    alpha
COSMO: using sym. in pot. calc.

 ITERATION  ENERGY          1e-ENERGY        2e-ENERGY     RMS[dD(SAO)]   TOL
  35  -4752.1939631350    -28273.909805     12950.349657    0.138D-06 0.788D-12
                            Exc = -400.767930919      Eck =  13351.1175875    
                         Ntotal = 451.00043182      Nspin = 15.000016048    
                             Na = 233.00022393         Nb = 218.00020788    
                          Ediel =-0.470779652514E-01
                            current damping = 0.450
 
          Norm of current diis error: 0.50505E-04
          max. resid. norm for Fia-block=  9.982D-06 for orbital    107b    alpha
          max. resid. fock norm         =  1.693D-05 for orbital    117b    alpha
          mo-orthogonalization: Cholesky decomposition
COSMO: using sym. in pot. calc.

 ITERATION  ENERGY          1e-ENERGY        2e-ENERGY     RMS[dD(SAO)]   TOL
  36  -4752.1939631423    -28273.909393     12950.349244    0.109D-06 0.788D-12
                            Exc = -400.767834097      Eck =  13351.1170785    
                         Ntotal = 451.00043182      Nspin = 15.000016050    
                             Na = 233.00022393         Nb = 218.00020788    
                          Ediel =-0.470780882950E-01
                            current damping = 0.500
 
          Norm of current diis error: 0.50998E-04
          max. resid. norm for Fia-block=  8.141D-06 for orbital    114b    alpha
          max. resid. fock norm         =  1.370D-05 for orbital    117b    alpha
COSMO: using sym. in pot. calc.

 ENERGY & DENSITY CONVERGED !


 ITERATION  ENERGY          1e-ENERGY        2e-ENERGY     RMS[dD(SAO)]   TOL
  37  -4752.1939631424    -28273.909660     12950.349512    0.947D-07 0.788D-12
                            Exc = -400.767892506      Eck =  13351.1174042    
                         Ntotal = 451.00043181      Nspin = 15.000016050    
                             Na = 233.00022393         Nb = 218.00020788    
                          Ediel =-0.470779874022E-01
                            current damping = 0.550
 
          Norm of current diis error: 0.28698E-04
          max. resid. norm for Fia-block=  7.722D-06 for orbital    107b    alpha
          max. resid. fock norm         =  1.262D-05 for orbital    117b    alpha

 End of SCF iterations
COSMO: using sym. in pot. calc.

   convergence criteria satisfied after    37 iterations


                  ------------------------------------------ 
                 |  total energy      =  -4752.19396314237  |
                  ------------------------------------------ 
                 :  kinetic energy    =   4249.41910252776  :
                 :  potential energy  =  -9001.61306567013  :
                 :  virial theorem    =      1.89420152786  :
                 :  wavefunction norm =      1.00000000000  :
                  .......................................... 


 orbitals $uhfmo_beta  will be written to file beta

 orbitals $uhfmo_alpha  will be written to file alpha
 
 alpha: 

    irrep                113a        114a        115a        116a        117a   
 eigenvalues H         -0.17204    -0.16478    -0.15886    -0.15315    -0.14326
            eV          -4.6814     -4.4838     -4.3228     -4.1675     -3.8984
 occupation              1.0000      1.0000      1.0000      1.0000      1.0000

    irrep                118a        119a        120a        121a        122a   
 eigenvalues H         -0.07623    -0.07329    -0.03301     0.00703     0.03314
            eV          -2.0743     -1.9944     -0.8983      0.1914      0.9017

    irrep                112b        113b        114b        115b        116b   
 eigenvalues H         -0.19494    -0.16552    -0.16343    -0.15871    -0.15304
            eV          -5.3046     -4.5039     -4.4471     -4.3189     -4.1644
 occupation              1.0000      1.0000      1.0000      1.0000      1.0000

    irrep                117b        118b        119b        120b        121b   
 eigenvalues H         -0.11559    -0.05264    -0.03226     0.02366     0.03472
            eV          -3.1455     -1.4325     -0.8778      0.6438      0.9449
 
 beta:  

    irrep                105a        106a        107a        108a        109a   
 eigenvalues H         -0.20894    -0.16992    -0.16317    -0.16035    -0.15538
            eV          -5.6857     -4.6238     -4.4401     -4.3633     -4.2283
 occupation              1.0000      1.0000      1.0000      1.0000      1.0000

    irrep                110a        111a        112a        113a        114a   
 eigenvalues H         -0.07396    -0.07006    -0.03009     0.02112     0.03217
            eV          -2.0126     -1.9065     -0.8188      0.5748      0.8753

    irrep                105b        106b        107b        108b        109b   
 eigenvalues H         -0.19523    -0.16577    -0.16274    -0.16017    -0.15529
            eV          -5.3125     -4.5110     -4.4283     -4.3586     -4.2256
 occupation              1.0000      1.0000      1.0000      1.0000      1.0000

    irrep                110b        111b        112b        113b        114b   
 eigenvalues H         -0.05449    -0.02935     0.03430     0.03691     0.04063
            eV          -1.4828     -0.7987      0.9334      1.0043      1.1056
 
 ==============================================================================
                                  COSMO RESULTS
 ==============================================================================
  PARAMETER:
    nppa:      1082
    nspa:        92
    nsph:        32
    nps:       2604
    npspher:    928
    disex:   10.0000    
    disex2:  3955.61    
    rsolv [A]: 1.3000
    routf:     0.8500
    phsran:    0.0    
    ampran:   0.10E-04
    cavity:  closed
    epsilon:     7.250
    refind:     1.300
    fepsi:      0.8064516
  CAVITY VOLUME/AREA [a.u.]:
    surface: V1.0, A matrix: V1.0
    area:  2111.62
    volume:  6631.14
  SCREENING CHARGE:
    cosmo      :   0.948526
    correction :   0.050261
    total      :   0.998787
  ENERGIES [a.u.]:
    Total energy            =   -4752.1939631423720
    Total energy + OC corr. =    -4752.1968898097
    Dielectric energy       =       -0.0470779874
    Diel. energy + OC corr. =       -0.0500046547
  ELEMENT RADIUS [A]: ATOM LIST
    mo 2.58: 1
    gd 2.58: 2,49
    s  2.16: 3-6
    c  2.00: 7-25,38,50-69
    h  1.30: 26-37,39-48,70-107
 ==============================================================================

                                             _ _ _ 
  IRREP     alpha occ.     beta occ.      tr(D*D-D)


 a        117.00000000   109.00000000    -2.03246734


 b        116.00000000   109.00000000    -1.82487129

   -------------------------------------------------

   sum    233.00000000   218.00000000    -3.85733863

 <S*S>    63.96467726

 
 
 
 ==============================================================================
                           electrostatic moments
 ==============================================================================

 reference point for electrostatic moments:    0.00000   0.00000   0.00000

 
              nuc           elec       ->  total
 ------------------------------------------------------------------------------
                          charge      
 ------------------------------------------------------------------------------
         450.000000    -451.000000      -1.000000
 a-b                                    15.000000
 
 ------------------------------------------------------------------------------
                       dipole moment  
 ------------------------------------------------------------------------------
   x      -0.000000       0.000000       0.000000
   y       0.000000      -0.000000      -0.000000
   z      53.062182     -53.515937      -0.453755
 
   | dipole moment | =     0.4538 a.u. =     1.1533 debye 
 
 ------------------------------------------------------------------------------
                     quadrupole moment
 ------------------------------------------------------------------------------
  xx    5231.162404   -5536.917999    -305.755595
  yy   26564.844506  -26883.001983    -318.157477
  zz    5061.703771   -5367.275722    -305.571951
  xy   -1726.121394    1728.595090       2.473696
  xz      -0.000000      -0.000000      -0.000000
  yz       0.000000      -0.000000      -0.000000
 
     1/3  trace=    -309.828341
     anisotropy=      13.208916
 
 ==============================================================================
 
HOMO-LUMO Separation
 HOMO         :   -0.14326168 H =     -3.89835 eV
 LUMO         :   -0.11559442 H =     -3.14549 eV
 HOMO-LUMO gap:    0.02766726 H =     +0.75286 eV
 
 ==============================================================================


    ------------------------------------------------------------------------
         total  cpu-time :  2 hours 42 minutes and  9 seconds
         total wall-time : 12 minutes and  9 seconds
    ------------------------------------------------------------------------

   ****  ridft : all done  ****


    2020-09-02 09:45:10.329 

