           SMPCPUS    set: Shared-memory Parallelization with  20 CPUs.

           SMP Parallelization Reference:
           C. van Wullen, J. Comput. Chem. 32 (2011) 1195--1201

 ridft (hpc3-14-23) : TURBOMOLE rev. V7.5.0 compiled 13 Jun 2020 at 23:29:25
 Copyright (C) 2020 TURBOMOLE GmbH, Karlsruhe


    2020-08-20 23:52:53.660 



                                  r i d f t

                        DFT program with RI approximation 
                                for coulomb part 




                                                 
                                 References:     
                                                 
          TURBOMOLE:                             
              R. Ahlrichs, M. Baer, M. Haeser, H. Horn, and
              C. Koelmel
              Electronic structure calculations on workstation
              computers: the program system TURBOMOLE
              Chem. Phys. Lett. 162: 165 (1989)
          Density Functional:                              
              O. Treutler and R. Ahlrichs                      
              Efficient Molecular Numerical Integration Schemes
              J. Chem. Phys. 102: 346 (1995)                   
          Parallel Version:                                
              Performance of parallel TURBOMOLE for Density    
              Functional Calculations                          
              M. v. Arnim and R. Ahlrichs                      
              J. Comp. Chem. 19: 1746 (1998)                   
          RI-J Method:                                     
              Auxiliary Basis Sets to approximate Coulomb      
              Potentials                                       
              Chem. Phys. Lett. 240: 283 (1995)                
              K. Eichkorn, O. Treutler, H. Oehm, M. Haeser     
              and R. Ahlrichs                                  
              Chem. Phys. Lett. 242: 652 (1995)                
                                                           
              Auxiliary Basis Sets for Main Row Atoms and their
              Use to approximate Coulomb Potentials            
              K. Eichkorn, F. Weigend, O. Treutler and         
              R. Ahlrichs                                      
              Theo. Chem. Acc. 97: 119 (1997)                   
                                                           
              Accurate Coulomb-fitting basis sets for H to Rn 
              F. Weigend                                        
              Phys. Chem. Chem. Phys. 8: 1057 (2006)            
                                                           
          Multipole accelerated RI-J (MARI-J):             
              Fast evaluation of the Coulomb potential for     
              electron densities using multipole accelerated   
              resolution of identity approximation             
              M. Sierka, A. Hogekamp and R. Ahlrichs           
              J. Chem. Phys. 118: 9136 (2003)                  
          RI-JK Method:                                     
              A fully direct RI-HF algorithm: Implementation,
              optimised auxiliary basis sets, demonstration of
              accuracy and efficiency                         
              F. Weigend                                      
              Phys. Chem. Chem. Phys. 4: 4285 (2002)           
          Two-component HF and DFT with spin-orbit coupling:  
              Self-consistent treatment of spin-orbit         
              interactions with efficient Hartree-Fock and    
              density functional methods                      
              M. K. Armbruster, F. Weigend, C. van Wüllen and 
              W. Klopper                                      
              Phys. Chem. Chem. Phys. 10: 1748 (2008)         
          Two-component difference density and DIIS algorithm 
              Efficient two-component self-consistent field   
              procedures and gradients: implementation in     
              TURBOMOLE and application to Au20-              
              A. Baldes, F. Weigend                           
              Mol. Phys. 111: 2617 (2013)                     
          Relativistic all-electron 2c calculations           
              An efficient implementation of two-component    
              relativistic exact-decoupling methods for large 
              molecules                                       
              D. Peng, N. Middendorf, F. Weigend, M. Reiher   
              J. Chem. Phys. 138: 184105 (2013)               
          Finite nucleus model and SNSO approximation         
              Efficient implementation of one- and two-       
              component analytical energy gradients in exact  
              two-component theory                            
              Y. J. Franzke, N. Middendorf, F. Weigend        
              J. Chem. Phys. 148: 104110 (2018)               
          Grids for all-electron relativistic methods         
              Error-consistent segmented contracted all-      
              electron relativistic basis sets of double-     
              and triple-zeta quality for NMR shielding       
              constants                                       
              Y. J. Franzke, R. Tress, T. M. Pazdera,         
              F. Weigend                                      
              Phys. Chem. Chem. Phys. 21: 166658 (2019)       
          Seminumerical exchange algorithms                   
              Seminumerical calculation of the Hartree-Fock   
              exchange matirx: Application to two-component   
              procedures and efficient evaluation of local    
              hybrid functionsl                               
              P. Plessow, F. Weigend,                         
              J. Comput. Chem. 33: 810 (2012)                 
          Improved seminumerical algorithms                   
              C. Holzer, in preparation (2020)                
                                         




              +--------------------------------------------------+
              |      general information about current run       |
              +--------------------------------------------------+

 

 DENSITY CONVERGENCE CHECK SWITCHED ON !
 SCF CONVERGENCE IF RMS(delta[D]) <     0.1000000000E-06

 TPSS global hybrid functional
 exchange:    9/10 (LDA+TPSS) + 1/10 HF
 correlation: LDA (PW) + TPSS
 A Hybrid-DFT calculation using the RI-J approximation will be carried out.
 Allocatable memory for RI due to $ricore (MB):                 50000


              +--------------------------------------------------+
              | Atomic coordinate, charge and isotop information |
              +--------------------------------------------------+

                    atomic coordinates            atom    charge  isotop
          0.00000000    0.00000000    0.65011151    mo    42.000     0
         -0.47415400    6.41425904    0.17128130    y     39.000     0
          2.01103918    2.85702872    3.03760342    s     16.000     0
         -2.72551463    2.16335169   -1.75790994    s     16.000     0
          2.72551463   -2.16335169   -1.75790994    s     16.000     0
         -2.01103918   -2.85702872    3.03760342    s     16.000     0
          3.95402079    6.20696720   -2.27461077    c      6.000     0
          2.07303635    5.90782426   -4.17571171    c      6.000     0
          0.67567220    8.21630394   -4.34313779    c      6.000     0
          1.73727455    9.96757818   -2.57942991    c      6.000     0
          3.72385190    8.69965796   -1.25488045    c      6.000     0
         -2.23052573    7.70684441    4.69473394    c      6.000     0
         -4.11692286    6.11121212    3.61247797    c      6.000     0
         -5.18887669    7.41207874    1.50598720    c      6.000     0
         -4.00210893    9.83060836    1.31334793    c      6.000     0
         -2.16341042   10.01216393    3.28783285    c      6.000     0
         -1.39703146    8.73013294   -6.22330394    c      6.000     0
          1.21792378   12.75713540   -2.48204587    c      6.000     0
          1.80217884    3.68800417   -5.92468403    c      6.000     0
          5.46076138    9.84650363    0.68416022    c      6.000     0
          6.01935855    4.35655418   -1.66650275    c      6.000     0
         -0.69767887   12.31869810    4.07698355    c      6.000     0
         -4.91689415    3.57506965    4.60008578    c      6.000     0
         -7.36706227    6.53090117   -0.09272176    c      6.000     0
         -4.90211648   11.91538240   -0.39728984    c      6.000     0
          3.04224721    3.91430112   -7.59294048    h      1.000     0
         -0.14984541    3.49262651   -6.60993174    h      1.000     0
         -3.31976406    2.56946046    5.47183516    h      1.000     0
         -6.42015318    3.76219309    6.03912742    h      1.000     0
          2.30168885    1.90099486   -4.98833929    h      1.000     0
         -5.63166887    2.35898395    3.07346503    h      1.000     0
          6.67100668    4.55919107    0.29664999    h      1.000     0
          7.66646166    4.66116788   -2.91786982    h      1.000     0
          5.38740818    2.39060355   -1.90192553    h      1.000     0
         -7.17594947    7.15281786   -2.07066589    h      1.000     0
         -9.18052820    7.29170593    0.61508291    h      1.000     0
         -7.50251352    4.45748943   -0.10160684    h      1.000     0
         -0.75613638    7.19853223    7.06975992    c      6.000     0
         -1.71379247    8.01601299    8.73828162    h      1.000     0
          1.14998197    8.03086988    6.98927579    h      1.000     0
         -0.53185332    5.15893306    7.39769510    h      1.000     0
         -0.63990604    8.96800202   -8.15509015    h      1.000     0
         -2.44359272   10.46377735   -5.75587630    h      1.000     0
          4.65234050   11.57441552    1.50927813    h      1.000     0
         -3.68065040   13.58839904   -0.27978120    h      1.000     0
         -1.35580015   13.00479622    5.93562144    h      1.000     0
          2.63781051   13.79455060   -3.61020675    h      1.000     0
         -2.77035110    7.16471784   -6.30220199    h      1.000     0
          0.47415400   -6.41425904    0.17128130    y     39.000     0
          2.23052573   -7.70684441    4.69473394    c      6.000     0
         -0.67567220   -8.21630394   -4.34313779    c      6.000     0
          5.18887669   -7.41207874    1.50598720    c      6.000     0
         -3.95402079   -6.20696720   -2.27461077    c      6.000     0
          4.11692286   -6.11121212    3.61247797    c      6.000     0
         -2.07303635   -5.90782426   -4.17571171    c      6.000     0
          4.00210893   -9.83060836    1.31334793    c      6.000     0
         -3.72385190   -8.69965796   -1.25488045    c      6.000     0
          2.16341042  -10.01216393    3.28783285    c      6.000     0
         -1.73727455   -9.96757818   -2.57942991    c      6.000     0
          7.36706227   -6.53090117   -0.09272176    c      6.000     0
         -6.01935855   -4.35655418   -1.66650275    c      6.000     0
          0.75613638   -7.19853223    7.06975992    c      6.000     0
          1.39703146   -8.73013294   -6.22330394    c      6.000     0
          4.90211648  -11.91538240   -0.39728984    c      6.000     0
         -5.46076138   -9.84650363    0.68416022    c      6.000     0
          0.69767887  -12.31869810    4.07698355    c      6.000     0
         -1.21792378  -12.75713540   -2.48204587    c      6.000     0
          4.91689415   -3.57506965    4.60008578    c      6.000     0
         -1.80217884   -3.68800417   -5.92468403    c      6.000     0
          6.42015318   -3.76219309    6.03912742    h      1.000     0
         -3.04224721   -3.91430112   -7.59294048    h      1.000     0
          5.63166887   -2.35898395    3.07346503    h      1.000     0
         -2.30168885   -1.90099486   -4.98833929    h      1.000     0
          3.31976406   -2.56946046    5.47183516    h      1.000     0
          0.14984541   -3.49262651   -6.60993174    h      1.000     0
         -1.14998197   -8.03086988    6.98927579    h      1.000     0
          2.44359272  -10.46377735   -5.75587630    h      1.000     0
          7.17594947   -7.15281786   -2.07066589    h      1.000     0
         -6.67100668   -4.55919107    0.29664999    h      1.000     0
          1.71379247   -8.01601299    8.73828162    h      1.000     0
          0.63990604   -8.96800202   -8.15509015    h      1.000     0
          9.18052820   -7.29170593    0.61508291    h      1.000     0
         -7.66646166   -4.66116788   -2.91786982    h      1.000     0
          0.53185332   -5.15893306    7.39769510    h      1.000     0
          2.77035110   -7.16471784   -6.30220199    h      1.000     0
          7.50251352   -4.45748943   -0.10160684    h      1.000     0
         -5.38740818   -2.39060355   -1.90192553    h      1.000     0
          4.98639139  -11.33430756   -2.39502317    h      1.000     0
         -0.64497495   13.22577302   -3.26604907    h      1.000     0
          1.34321463   11.94978601    4.26800802    h      1.000     0
          0.93129708  -13.88161227    2.72939275    h      1.000     0
         -1.30689618  -13.51293248   -0.55097806    h      1.000     0
          3.68065040  -13.58839904   -0.27978120    h      1.000     0
          1.30689618   13.51293248   -0.55097806    h      1.000     0
         -4.65234050  -11.57441552    1.50927813    h      1.000     0
         -0.93129708   13.88161227    2.72939275    h      1.000     0
         -5.85488905   -8.52309853    2.24410125    h      1.000     0
          0.64497495  -13.22577302   -3.26604907    h      1.000     0
         -4.98639139   11.33430756   -2.39502317    h      1.000     0
         -1.34321463  -11.94978601    4.26800802    h      1.000     0
          5.85488905    8.52309853    2.24410125    h      1.000     0
         -7.30419703  -10.36741870   -0.14931090    h      1.000     0
          6.83120500  -12.51352829    0.13290149    h      1.000     0
         -2.63781051  -13.79455060   -3.61020675    h      1.000     0
         -6.83120500   12.51352829    0.13290149    h      1.000     0
          1.35580015  -13.00479622    5.93562144    h      1.000     0
          7.30419703   10.36741870   -0.14931090    h      1.000     0
 
       center of nuclear mass  :    0.00000000   -0.00000000    0.16840115
       center of nuclear charge:    0.00000000   -0.00000000    0.14953153

              +--------------------------------------------------+
              |               basis set information              |
              +--------------------------------------------------+

              we will work with the 1s 3p 5d 7f 9g ... basis set
              ...i.e. with spherical basis functions...

   type   atoms  prim   cont   basis
   ---------------------------------------------------------------------------
    mo       1     60     34   def2-SVPD   [5s4p2d1f|7s7p5d1f]
    y        2     60     34   def2-SVPD   [5s4p2d1f|7s7p5d1f]
    s        4     45     27   def2-SVPD   [5s4p2d|11s8p2d]
    c       40     24     14   def2-SVP   [3s2p1d|7s4p1d]
    h       60      7      5   def2-SVP   [2s1p|4s1p]
   ---------------------------------------------------------------------------
   total:  107   1740   1070
   ---------------------------------------------------------------------------

   total number of primitive shells          :   78
   total number of contracted shells         :  500
   total number of cartesian basis functions : 1133
   total number of SCF-basis functions       : 1070

 number of unique ecp types :                     2

 integral neglect threshold       :  0.29E-11
 integral storage threshold THIZE :  0.10E-04
 integral storage threshold THIME :         5

 RI-J AUXILIARY BASIS SET information:

              we will work with the 1s 3p 5d 7f 9g ... basis set
              ...i.e. with spherical basis functions...

   type   atoms  prim   cont   basis
   ---------------------------------------------------------------------------
    mo       1     99     89   universal-ecp-   [8s5p5d2f3g|11s5p5d3f3g]
    y        2     99     89   universal-ecp-2   [8s5p5d2f3g|11s5p5d3f3g]
    s        4     77     51   universal   [8s4p3d1f1g|14s5p5d2f1g]
    c       40     70     49   def2-SVP   [6s4p3d1f1g|12s5p4d2f1g]
    h       60     16     11   def2-SVP   [3s1p1d|5s2p1d]
   ---------------------------------------------------------------------------
   total:  107   4365   3091
   ---------------------------------------------------------------------------

   total number of primitive shells          :  113
   total number of contracted shells         : 1037
   total number of cartesian basis functions : 3766
   total number of SCF-basis functions       : 3091


 symmetry group of the molecule :   c1 

 the group has the following generators :
   c1(z)

    1 symmetry operations found

 there are 1 real representations :   a   

 maximum number of shells which are related by symmetry :  1

 atom                      7  is c  but not s 
COSMO: WARNING: problem reading $cosmo_atoms
 ==============================================================================
                      COSMO switched on
 ==============================================================================
 COSMO stati: segments per atom: H   32 other atoms   92
 COSMO statistics: nps   2603 npspher:    943
 COSMO surface:
   number of segments: 2603
   area (bohr**2):     2082.863544
   volume (bohr**3):   6562.996279
 COSMO: check number of disjunct cavities:

       ... OK contiguous cavity found
  
           ------------------
           density functional
           ------------------
 TPSS global hybrid functional
 exchange:    9/10 (LDA+TPSS) + 1/10 HF
 correlation: LDA (PW) + TPSS

 spherical integration : Lebedev's spherical grid
 spherical gridsize    :                     4
    i.e. gridpoints    :                   434
 value for diffuse not defined
 radial integration    : Chebyshev 2nd kind (scaling 3)
 radial gridsize       :                     6
 integration cells     :                   107
 partition function    : becke
 partition sharpness   :                     3
  

 biggest AO integral is expected to be     9.765798878

          ------------------------
          nuclear repulsion energy  :   8335.85249814    
          ------------------------

  _________________________________
 |                                 |
 |         DFTD3 V3.1 Rev 0        |
 | S.Grimme, University Bonn       |
 |            June  2014           |
 |   see standalone version        |
 |       dftd3 -h for options      |
 |_________________________________|
 
 Please cite DFT-D3 work done with this code as:
 S. Grimme, J. Antony, S. Ehrlich and H. Krieg,
 J. Chem. Phys, 132 (2010), 154104.
 If used with BJ-damping cite also
 S. Grimme, S. Ehrlich and L. Goerigk,
 J. Comput. Chem. 32 (2011), 1456-1465
 For DFT-D2 the reference is
 S. Grimme, J. Comput. Chem., 27 (2006), 1787-1799
 
C6 coefficients used:
                     2  C6 for element                      1
Z=  1 CN= 0.912     C6(AA)=    3.03
Z=  1 CN= 0.000     C6(AA)=    7.59
                     5  C6 for element                      6
Z=  6 CN= 0.000     C6(AA)=   49.11
Z=  6 CN= 0.987     C6(AA)=   43.25
Z=  6 CN= 1.998     C6(AA)=   29.36
Z=  6 CN= 2.999     C6(AA)=   25.78
Z=  6 CN= 3.984     C6(AA)=   18.21
                     3  C6 for element                     16
Z= 16 CN= 0.000     C6(AA)=  134.01
Z= 16 CN= 0.995     C6(AA)=  131.00
Z= 16 CN= 1.990     C6(AA)=  125.81
                     3  C6 for element                     39
Z= 39 CN= 0.000     C6(AA)= 2365.89
Z= 39 CN= 1.915     C6(AA)= 1132.30
Z= 39 CN= 2.890     C6(AA)=  451.08
                     3  C6 for element                     42
Z= 42 CN= 0.000     C6(AA)=  845.90
Z= 42 CN= 1.942     C6(AA)=  502.01
Z= 42 CN=11.056     C6(AA)=  337.11

#           XYZ [au]              R0(AA) [Ang.]  CN          C6(AA)     C8(AA)   C10(AA) [au]
  1   0.00000   0.00000   0.65011   mo  1.286  5.495       502.0     57804.9   8153712.7
  2  -0.47415   6.41426   0.17128   y   1.655 11.704       451.1     86005.2  20087594.1
  3   2.01104   2.85703   3.03760   s   0.839  2.062       125.9      6166.3    370065.9
  4  -2.72551   2.16335  -1.75791   s   0.839  2.078       125.9      6166.0    370047.0
  5   2.72551  -2.16335  -1.75791   s   0.839  2.078       125.9      6166.0    370047.0
  6  -2.01104  -2.85703   3.03760   s   0.839  2.062       125.9      6166.3    370065.9
  7   3.95402   6.20697  -2.27461   c   0.644  4.113        18.3       528.0     18706.2
  8   2.07304   5.90782  -4.17571   c   0.644  4.115        18.3       528.0     18705.7
  9   0.67567   8.21630  -4.34314   c   0.644  4.138        18.2       527.7     18697.6
 10   1.73727   9.96758  -2.57943   c   0.644  4.124        18.3       527.9     18702.2
 11   3.72385   8.69966  -1.25488   c   0.644  4.141        18.2       527.7     18696.4
 12  -2.23053   7.70684   4.69473   c   0.644  4.134        18.2       527.8     18698.8
 13  -4.11692   6.11121   3.61248   c   0.644  4.129        18.3       527.8     18700.6
 14  -5.18888   7.41208   1.50599   c   0.644  4.142        18.2       527.7     18696.1
 15  -4.00211   9.83061   1.31335   c   0.644  4.113        18.3       528.0     18706.4
 16  -2.16341  10.01216   3.28783   c   0.644  4.108        18.3       528.0     18708.2
 17  -1.39703   8.73013  -6.22330   c   0.644  4.072        18.3       528.5     18725.4
 18   1.21792  12.75714  -2.48205   c   0.644  4.060        18.3       528.7     18732.1
 19   1.80218   3.68800  -5.92468   c   0.644  4.073        18.3       528.5     18724.8
 20   5.46076   9.84650   0.68416   c   0.644  4.071        18.3       528.5     18725.9
 21   6.01936   4.35655  -1.66650   c   0.644  4.072        18.3       528.5     18725.4
 22  -0.69768  12.31870   4.07698   c   0.644  4.058        18.3       528.8     18733.6
 23  -4.91689   3.57507   4.60009   c   0.644  4.085        18.3       528.3     18718.7
 24  -7.36706   6.53090  -0.09272   c   0.644  4.075        18.3       528.5     18723.9
 25  -4.90212  11.91538  -0.39729   c   0.644  4.059        18.3       528.7     18733.0
 26   3.04225   3.91430  -7.59294   h   0.417  0.997         3.1        37.4       553.5
 27  -0.14985   3.49263  -6.60993   h   0.417  1.001         3.1        37.4       553.1
 28  -3.31976   2.56946   5.47184   h   0.417  1.004         3.1        37.3       552.9
 29  -6.42015   3.76219   6.03913   h   0.417  0.997         3.1        37.4       553.5
 30   2.30169   1.90099  -4.98834   h   0.417  1.006         3.1        37.3       552.7
 31  -5.63167   2.35898   3.07347   h   0.417  1.004         3.1        37.3       552.9
 32   6.67101   4.55919   0.29665   h   0.417  1.001         3.1        37.4       553.1
 33   7.66646   4.66117  -2.91787   h   0.417  0.997         3.1        37.4       553.5
 34   5.38741   2.39060  -1.90193   h   0.417  1.005         3.1        37.3       552.8
 35  -7.17595   7.15282  -2.07067   h   0.417  1.000         3.1        37.4       553.2
 36  -9.18053   7.29171   0.61508   h   0.417  0.996         3.1        37.4       553.5
 37  -7.50251   4.45749  -0.10161   h   0.417  1.002         3.1        37.4       553.1
 38  -0.75614   7.19853   7.06976   c   0.644  4.072        18.3       528.5     18725.6
 39  -1.71379   8.01601   8.73828   h   0.417  0.996         3.1        37.4       553.5
 40   1.14998   8.03087   6.98928   h   0.417  1.000         3.1        37.4       553.2
 41  -0.53185   5.15893   7.39770   h   0.417  1.002         3.1        37.4       553.1
 42  -0.63991   8.96800  -8.15509   h   0.417  0.996         3.1        37.4       553.5
 43  -2.44359  10.46378  -5.75588   h   0.417  0.999         3.1        37.4       553.3
 44   4.65234  11.57442   1.50928   h   0.417  1.000         3.1        37.4       553.3
 45  -3.68065  13.58840  -0.27978   h   0.417  0.999         3.1        37.4       553.3
 46  -1.35580  13.00480   5.93562   h   0.417  0.997         3.1        37.4       553.5
 47   2.63781  13.79455  -3.61021   h   0.417  0.997         3.1        37.4       553.5
 48  -2.77035   7.16472  -6.30220   h   0.417  1.001         3.1        37.4       553.2
 49   0.47415  -6.41426   0.17128   y   1.655 11.704       451.1     86005.2  20087594.1
 50   2.23053  -7.70684   4.69473   c   0.644  4.134        18.2       527.8     18698.8
 51  -0.67567  -8.21630  -4.34314   c   0.644  4.138        18.2       527.7     18697.6
 52   5.18888  -7.41208   1.50599   c   0.644  4.142        18.2       527.7     18696.1
 53  -3.95402  -6.20697  -2.27461   c   0.644  4.113        18.3       528.0     18706.2
 54   4.11692  -6.11121   3.61248   c   0.644  4.129        18.3       527.8     18700.6
 55  -2.07304  -5.90782  -4.17571   c   0.644  4.115        18.3       528.0     18705.7
 56   4.00211  -9.83061   1.31335   c   0.644  4.113        18.3       528.0     18706.4
 57  -3.72385  -8.69966  -1.25488   c   0.644  4.141        18.2       527.7     18696.4
 58   2.16341 -10.01216   3.28783   c   0.644  4.108        18.3       528.0     18708.2
 59  -1.73727  -9.96758  -2.57943   c   0.644  4.124        18.3       527.9     18702.2
 60   7.36706  -6.53090  -0.09272   c   0.644  4.075        18.3       528.5     18723.9
 61  -6.01936  -4.35655  -1.66650   c   0.644  4.072        18.3       528.5     18725.4
 62   0.75614  -7.19853   7.06976   c   0.644  4.072        18.3       528.5     18725.6
 63   1.39703  -8.73013  -6.22330   c   0.644  4.072        18.3       528.5     18725.4
 64   4.90212 -11.91538  -0.39729   c   0.644  4.059        18.3       528.7     18733.0
 65  -5.46076  -9.84650   0.68416   c   0.644  4.071        18.3       528.5     18725.9
 66   0.69768 -12.31870   4.07698   c   0.644  4.058        18.3       528.8     18733.6
 67  -1.21792 -12.75714  -2.48205   c   0.644  4.060        18.3       528.7     18732.1
 68   4.91689  -3.57507   4.60009   c   0.644  4.085        18.3       528.3     18718.7
 69  -1.80218  -3.68800  -5.92468   c   0.644  4.073        18.3       528.5     18724.8
 70   6.42015  -3.76219   6.03913   h   0.417  0.997         3.1        37.4       553.5
 71  -3.04225  -3.91430  -7.59294   h   0.417  0.997         3.1        37.4       553.5
 72   5.63167  -2.35898   3.07347   h   0.417  1.004         3.1        37.3       552.9
 73  -2.30169  -1.90099  -4.98834   h   0.417  1.006         3.1        37.3       552.7
 74   3.31976  -2.56946   5.47184   h   0.417  1.004         3.1        37.3       552.9
 75   0.14985  -3.49263  -6.60993   h   0.417  1.001         3.1        37.4       553.1
 76  -1.14998  -8.03087   6.98928   h   0.417  1.000         3.1        37.4       553.2
 77   2.44359 -10.46378  -5.75588   h   0.417  0.999         3.1        37.4       553.3
 78   7.17595  -7.15282  -2.07067   h   0.417  1.000         3.1        37.4       553.2
 79  -6.67101  -4.55919   0.29665   h   0.417  1.001         3.1        37.4       553.1
 80   1.71379  -8.01601   8.73828   h   0.417  0.996         3.1        37.4       553.5
 81   0.63991  -8.96800  -8.15509   h   0.417  0.996         3.1        37.4       553.5
 82   9.18053  -7.29171   0.61508   h   0.417  0.996         3.1        37.4       553.5
 83  -7.66646  -4.66117  -2.91787   h   0.417  0.997         3.1        37.4       553.5
 84   0.53185  -5.15893   7.39770   h   0.417  1.002         3.1        37.4       553.1
 85   2.77035  -7.16472  -6.30220   h   0.417  1.001         3.1        37.4       553.2
 86   7.50251  -4.45749  -0.10161   h   0.417  1.002         3.1        37.4       553.1
 87  -5.38741  -2.39060  -1.90193   h   0.417  1.005         3.1        37.3       552.8
 88   4.98639 -11.33431  -2.39502   h   0.417  1.000         3.1        37.4       553.3
 89  -0.64497  13.22577  -3.26605   h   0.417  1.000         3.1        37.4       553.3
 90   1.34321  11.94979   4.26801   h   0.417  1.000         3.1        37.4       553.3
 91   0.93130 -13.88161   2.72939   h   0.417  0.999         3.1        37.4       553.3
 92  -1.30690 -13.51293  -0.55098   h   0.417  1.000         3.1        37.4       553.2
 93   3.68065 -13.58840  -0.27978   h   0.417  0.999         3.1        37.4       553.3
 94   1.30690  13.51293  -0.55098   h   0.417  1.000         3.1        37.4       553.2
 95  -4.65234 -11.57442   1.50928   h   0.417  1.000         3.1        37.4       553.3
 96  -0.93130  13.88161   2.72939   h   0.417  0.999         3.1        37.4       553.3
 97  -5.85489  -8.52310   2.24410   h   0.417  1.000         3.1        37.4       553.2
 98   0.64497 -13.22577  -3.26605   h   0.417  1.000         3.1        37.4       553.3
 99  -4.98639  11.33431  -2.39502   h   0.417  1.000         3.1        37.4       553.3
100  -1.34321 -11.94979   4.26801   h   0.417  1.000         3.1        37.4       553.3
101   5.85489   8.52310   2.24410   h   0.417  1.000         3.1        37.4       553.2
102  -7.30420 -10.36742  -0.14931   h   0.417  0.996         3.1        37.4       553.5
103   6.83120 -12.51353   0.13290   h   0.417  0.997         3.1        37.4       553.5
104  -2.63781 -13.79455  -3.61021   h   0.417  0.997         3.1        37.4       553.5
105  -6.83120  12.51353   0.13290   h   0.417  0.997         3.1        37.4       553.5
106   1.35580 -13.00480   5.93562   h   0.417  0.997         3.1        37.4       553.5
107   7.30420  10.36742  -0.14931   h   0.417  0.996         3.1        37.4       553.5

molecular C6(AA) [au] =    146752.83

           DFT-D V3(BJ)
 DF tpssh                                             
 parameters
 s6       :    1.0000
 s8       :    2.2382
 a1       :    0.4529
 a2       :    4.6550
 k1-k3    :   16.0000    1.3333   -4.0000
 
 Edisp /kcal,au:  -156.6306 -0.24960676

 E6    /kcal :   -68.4388
 E8    /kcal :   -88.1918
 % E8        : 56.31
 nuclear repulsion energy                  =    8335.852498138
 empirical dispersive energy correction    =      -0.249606762
 nuclear repulsion + dispersion correction =    8335.602891376


         -----------------
         -S,T+V- integrals
         -----------------

 1e-integrals will be neglected if expon. factor < 0.294966E-12


          ----------------
          -ecp-  integrals
          ----------------
 
   Difference densities algorithm switched on.
   The maximal number of linear combinations of
   difference densities is                    20 .

 DIIS switched on: error vector is FDS-SDF
 Max. Iterations for DIIS is     :   4
 DIIS matrix (see manual) 
    Scaling factor of diagonals  :  1.200
    threshold for scaling factor :  0.000

 scf convergence criterion : increment of total energy < .1000000D-06
                  and increment of one-electron energy < .1000000D-03

 MOs are in ASCII format !


    mo occupation :
   irrep   mo's   occupied
    a     1070      201
 
 number of basis functions   :  1070
 number of occupied orbitals :   201
 

 reading orbital data $uhfmo_alpha  from file alpha
 orbital characterization : scfdump=7

 reading orbital data $uhfmo_beta  from file beta
 orbital characterization : scfdump=7
 mo-orthogonalization by Cholesky decomposition
 mo-orthogonalization by Cholesky decomposition

 UHF mode switched on !

 closed shell shift switched on 
 all occupied orbitals are shifted by    0.10000

  
           ------------------------
               RI-J - INFORMATION
           ------------------------
 Contributions to RI integral batches: 
  neglected integral batches:                 58398
  direct contribution:                            0
  memory contribution:                 66852
 Memory core needed for (P|Q) and Cholesky     73 MByte
 Memory core minimum needed except of (P|Q)     5 MByte
 Total minimum memory core needed (sum)        78 MByte
  
 ****************************************
 Memory allocated for RI-J  9905 MByte
 ****************************************
                                            

 DSCF restart information will be dumped onto file alpha


 Starting SCF iterations

          Overall gridpoints after grid construction =        975285

 ITERATION  ENERGY          1e-ENERGY        2e-ENERGY     RMS[dD(SAO)]   TOL
   1  -3297.6119466267    -21215.659072     9582.4442336    0.000D+00 0.294D-11
                            Exc = -326.441198236     Coul =  9943.42480971    
                            exK = -34.5393778691    
                         Ntotal = 401.00068300      Nspin = 1.0000055981    
                             Na = 201.00034430         Nb = 200.00033870    
                          Ediel =-0.508005044419E-01
                            current damping = 1.000
 
          max. resid. norm for Fia-block=  2.315D-04 for orbital    182a    beta 
          max. resid. fock norm         =  5.588D-03 for orbital    570a    beta 

 ITERATION  ENERGY          1e-ENERGY        2e-ENERGY     RMS[dD(SAO)]   TOL
   2  -3297.6119471145    -21215.659731     9582.4448925    0.357D-03 0.187D-11
                            Exc = -326.441234467      Eck =  9908.88612692    
                         Ntotal = 401.00068299      Nspin = 1.0000056014    
                             Na = 201.00034430         Nb = 200.00033869    
                          Ediel =-0.508015960587E-01
                            current damping = 0.950
 
          Norm of current diis error: 0.25045E-03
          max. resid. norm for Fia-block=  1.294D-04 for orbital    182a    beta 
          max. resid. fock norm         =  2.725D-03 for orbital    570a    beta 

 ITERATION  ENERGY          1e-ENERGY        2e-ENERGY     RMS[dD(SAO)]   TOL
   3  -3297.6119473205    -21215.659087     9582.4442479    0.200D-03 0.139D-11
                            Exc = -326.441229549      Eck =  9908.88547748    
                         Ntotal = 401.00068298      Nspin = 1.0000056054    
                             Na = 201.00034429         Nb = 200.00033869    
                          Ediel =-0.508016992826E-01
                            current damping = 0.900
 
          Norm of current diis error: 0.21341E-03
          max. resid. norm for Fia-block=  7.065D-05 for orbital    182a    alpha
          max. resid. fock norm         =  1.308D-03 for orbital    570a    beta 

 ITERATION  ENERGY          1e-ENERGY        2e-ENERGY     RMS[dD(SAO)]   TOL
   4  -3297.6119474091    -21215.660516     9582.4456776    0.111D-03 0.114D-11
                            Exc = -326.441262475      Eck =  9908.88694007    
                         Ntotal = 401.00068298      Nspin = 1.0000056077    
                             Na = 201.00034429         Nb = 200.00033868    
                          Ediel =-0.508023954932E-01
                            current damping = 0.950
 
          Norm of current diis error: 0.18943E-03
          max. resid. norm for Fia-block=  5.317D-05 for orbital    186a    beta 
          max. resid. fock norm         =  6.163D-04 for orbital    588a    beta 

 ITERATION  ENERGY          1e-ENERGY        2e-ENERGY     RMS[dD(SAO)]   TOL
   5  -3297.6119474511    -21215.659638     9582.4447989    0.577D-04 0.102D-11
                            Exc = -326.441256010      Eck =  9908.88605489    
                         Ntotal = 401.00068297      Nspin = 1.0000056113    
                             Na = 201.00034429         Nb = 200.00033868    
                          Ediel =-0.508024753381E-01
                            current damping = 1.000
 
          Norm of current diis error: 0.12059E-03
          max. resid. norm for Fia-block=  4.463D-05 for orbital    186a    alpha
          max. resid. fock norm         =  2.954D-04 for orbital    588a    beta 
          mo-orthogonalization: Cholesky decomposition

 ITERATION  ENERGY          1e-ENERGY        2e-ENERGY     RMS[dD(SAO)]   TOL
   6  -3297.6119474938    -21215.659942     9582.4451030    0.303D-04 0.934D-12
                            Exc = -326.441267310      Eck =  9908.88637033    
                         Ntotal = 401.00068297      Nspin = 1.0000056143    
                             Na = 201.00034429         Nb = 200.00033868    
                          Ediel =-0.508025743809E-01
                            current damping = 1.050
 
          Norm of current diis error: 0.89786E-04
          max. resid. norm for Fia-block=  3.473D-05 for orbital    186a    beta 
          max. resid. fock norm         =  1.483D-04 for orbital    588a    beta 

 ITERATION  ENERGY          1e-ENERGY        2e-ENERGY     RMS[dD(SAO)]   TOL
   7  -3297.6119475329    -21215.659848     9582.4450087    0.160D-04 0.872D-12
                            Exc = -326.441271075      Eck =  9908.88627979    
                         Ntotal = 401.00068296      Nspin = 1.0000056168    
                             Na = 201.00034429         Nb = 200.00033867    
                          Ediel =-0.508027545516E-01
                            current damping = 1.100
 
          Norm of current diis error: 0.67168E-04
          max. resid. norm for Fia-block=  2.691D-05 for orbital    186a    alpha
          max. resid. fock norm         =  7.649D-05 for orbital    588a    beta 

 ITERATION  ENERGY          1e-ENERGY        2e-ENERGY     RMS[dD(SAO)]   TOL
   8  -3297.6119475928    -21215.660054     9582.4452151    0.870D-05 0.829D-12
                            Exc = -326.441278646      Eck =  9908.88649372    
                         Ntotal = 401.00068296      Nspin = 1.0000056184    
                             Na = 201.00034429         Nb = 200.00033867    
                          Ediel =-0.508028280461E-01
                            current damping = 1.150
 
          Norm of current diis error: 0.54291E-04
          max. resid. norm for Fia-block=  2.169D-05 for orbital    186a    beta 
          max. resid. fock norm         =  4.044D-05 for orbital    570a    beta 

 ITERATION  ENERGY          1e-ENERGY        2e-ENERGY     RMS[dD(SAO)]   TOL
   9  -3297.6119476337    -21215.659752     9582.4449126    0.486D-05 0.804D-12
                            Exc = -326.441276111      Eck =  9908.88618866    
                         Ntotal = 401.00068296      Nspin = 1.0000056199    
                             Na = 201.00034429         Nb = 200.00033867    
                          Ediel =-0.508028221452E-01
                            current damping = 1.200
 
          Norm of current diis error: 0.49114E-04
          max. resid. norm for Fia-block=  1.577D-05 for orbital    186a    alpha
          max. resid. fock norm         =  2.166D-05 for orbital    582a    beta 

 ITERATION  ENERGY          1e-ENERGY        2e-ENERGY     RMS[dD(SAO)]   TOL
  10  -3297.6119476694    -21215.660006     9582.4451670    0.272D-05 0.784D-12
                            Exc = -326.441282385      Eck =  9908.88644936    
                         Ntotal = 401.00068296      Nspin = 1.0000056204    
                             Na = 201.00034429         Nb = 200.00033867    
                          Ediel =-0.508029262136E-01
                            current damping = 1.250
 
          Norm of current diis error: 0.32618E-04
          max. resid. norm for Fia-block=  1.284D-05 for orbital    201a    alpha
          max. resid. fock norm         =  3.374D-05 for orbital    632a    beta 
          mo-orthogonalization: Cholesky decomposition

 ITERATION  ENERGY          1e-ENERGY        2e-ENERGY     RMS[dD(SAO)]   TOL
  11  -3297.6119476026    -21215.659963     9582.4451241    0.174D-05 0.838D-12
                            Exc = -326.441283204      Eck =  9908.88640730    
                         Ntotal = 401.00068296      Nspin = 1.0000056216    
                             Na = 201.00034429         Nb = 200.00033867    
                          Ediel =-0.508029349226E-01
                            current damping = 1.300
 
          Norm of current diis error: 0.25292E-04
          max. resid. norm for Fia-block=  1.044D-05 for orbital    201a    alpha
          max. resid. fock norm         =  1.213D-05 for orbital    202a    alpha

 ENERGY & DENSITY CONVERGED !


 ITERATION  ENERGY          1e-ENERGY        2e-ENERGY     RMS[dD(SAO)]   TOL
  12  -3297.6119475687    -21215.659976     9582.4451367    0.844D-06 0.841D-12
                            Exc = -326.441284618      Eck =  9908.88642127    
                         Ntotal = 401.00068296      Nspin = 1.0000056218    
                             Na = 201.00034429         Nb = 200.00033867    
                          Ediel =-0.508029487290E-01
                            current damping = 1.350
 
          Norm of current diis error: 0.21013E-04
          max. resid. norm for Fia-block=  9.638D-06 for orbital    201a    alpha
          max. resid. fock norm         =  2.187D-05 for orbital    671a    alpha

 End of SCF iterations

   convergence criteria satisfied after    12 iterations


                  ------------------------------------------ 
                 |  total energy      =  -3297.61194756874  |
                  ------------------------------------------ 
                 :  kinetic energy    =   3176.22498074414  :
                 :  potential energy  =  -6473.83692831288  :
                 :  virial theorem    =      1.96318943261  :
                 :  wavefunction norm =      1.00000000000  :
                  .......................................... 


 orbitals $uhfmo_beta  will be written to file beta

 orbitals $uhfmo_alpha  will be written to file alpha
 
 alpha: 

    irrep                197a        198a        199a        200a        201a   
 eigenvalues H         -0.16384    -0.16353    -0.16179    -0.16095    -0.11634
            eV          -4.4584     -4.4498     -4.4025     -4.3798     -3.1657
 occupation              1.0000      1.0000      1.0000      1.0000      1.0000

    irrep                202a        203a        204a        205a        206a   
 eigenvalues H         -0.06812    -0.06292    -0.02755    -0.02633     0.00732
            eV          -1.8536     -1.7122     -0.7496     -0.7164      0.1992
 
 beta:  

    irrep                196a        197a        198a        199a        200a   
 eigenvalues H         -0.16505    -0.16382    -0.16351    -0.16155    -0.16080
            eV          -4.4913     -4.4578     -4.4495     -4.3959     -4.3755
 occupation              1.0000      1.0000      1.0000      1.0000      1.0000

    irrep                201a        202a        203a        204a        205a   
 eigenvalues H         -0.05721    -0.05535    -0.05261    -0.02338    -0.02212
            eV          -1.5568     -1.5060     -1.4317     -0.6361     -0.6018
 
 ==============================================================================
                                  COSMO RESULTS
 ==============================================================================
  PARAMETER:
    nppa:      1082
    nspa:        92
    nsph:        32
    nps:       2603
    npspher:    943
    disex:   10.0000    
    disex2:  3853.33    
    rsolv [A]: 1.3000
    routf:     0.8500
    phsran:    0.0    
    ampran:   0.10E-04
    cavity:  closed
    epsilon:     7.250
    refind:     1.300
    fepsi:      0.8064516
  CAVITY VOLUME/AREA [a.u.]:
    surface: V1.0, A matrix: V1.0
    area:  2082.86
    volume:  6563.00
  SCREENING CHARGE:
    cosmo      :   0.946273
    correction :   0.052336
    total      :   0.998610
  ENERGIES [a.u.]:
    Total energy            =   -3297.6119475687392
    Total energy + OC corr. =    -3297.6153633809
    Dielectric energy       =       -0.0508029487
    Diel. energy + OC corr. =       -0.0542187609
  ELEMENT RADIUS [A]: ATOM LIST
    mo 2.22: 1
    y  2.22: 2,49
    s  2.16: 3-6
    c  2.00: 7-25,38,50-69
    h  1.30: 26-37,39-48,70-107
 ==============================================================================

                                             _ _ _ 
  IRREP     alpha occ.     beta occ.      tr(D*D-D)


 a        201.00000000   200.00000000    -0.25450606

   -------------------------------------------------

   sum    201.00000000   200.00000000    -0.25450606

 <S*S>     0.75901212

 
 
 
 ==============================================================================
                           electrostatic moments
 ==============================================================================

 reference point for electrostatic moments:    0.00000   0.00000   0.00000

 
              nuc           elec       ->  total
 ------------------------------------------------------------------------------
                          charge      
 ------------------------------------------------------------------------------
         400.000000    -401.000000      -1.000000
 a-b                                     1.000000
 
 ------------------------------------------------------------------------------
                       dipole moment  
 ------------------------------------------------------------------------------
   x      -0.000000      -0.000012      -0.000012
   y       0.000000       0.000043       0.000043
   z      44.578386     -45.251308      -0.672922
 
   | dipole moment | =     0.6729 a.u. =     1.7104 debye 
 
 ------------------------------------------------------------------------------
                     quadrupole moment
 ------------------------------------------------------------------------------
  xx    5068.070542   -5361.796759    -293.726217
  yy   23449.700191  -23741.309481    -291.609290
  zz    4922.540588   -5216.849392    -294.308804
  xy   -1532.413361    1532.964773       0.551412
  xz       0.000000       0.001334       0.001334
  yz       0.000000       0.000333       0.000333
 
     1/3  trace=    -293.214770
     anisotropy=       2.639366
 
 ==============================================================================
 
HOMO-LUMO Separation
 HOMO         :   -0.11633690 H =     -3.16569 eV
 LUMO         :   -0.06811796 H =     -1.85359 eV
 HOMO-LUMO gap:    0.04821894 H =     +1.31210 eV
 
 ==============================================================================


    ------------------------------------------------------------------------
         total  cpu-time :  1 hours 16 minutes and 53 seconds
         total wall-time :  6 minutes and 31 seconds
    ------------------------------------------------------------------------

   ****  ridft : all done  ****


    2020-08-20 23:59:23.963 

