
 ridft (login-i15) : TURBOMOLE rev. V7.5.0 compiled 13 Jun 2020 at 23:29:25
 Copyright (C) 2020 TURBOMOLE GmbH, Karlsruhe


    2020-07-23 22:18:54.867 



                                  r i d f t

                        DFT program with RI approximation 
                                for coulomb part 




                                                 
                                 References:     
                                                 
          TURBOMOLE:                             
              R. Ahlrichs, M. Baer, M. Haeser, H. Horn, and
              C. Koelmel
              Electronic structure calculations on workstation
              computers: the program system TURBOMOLE
              Chem. Phys. Lett. 162: 165 (1989)
          Density Functional:                              
              O. Treutler and R. Ahlrichs                      
              Efficient Molecular Numerical Integration Schemes
              J. Chem. Phys. 102: 346 (1995)                   
          Parallel Version:                                
              Performance of parallel TURBOMOLE for Density    
              Functional Calculations                          
              M. v. Arnim and R. Ahlrichs                      
              J. Comp. Chem. 19: 1746 (1998)                   
          RI-J Method:                                     
              Auxiliary Basis Sets to approximate Coulomb      
              Potentials                                       
              Chem. Phys. Lett. 240: 283 (1995)                
              K. Eichkorn, O. Treutler, H. Oehm, M. Haeser     
              and R. Ahlrichs                                  
              Chem. Phys. Lett. 242: 652 (1995)                
                                                           
              Auxiliary Basis Sets for Main Row Atoms and their
              Use to approximate Coulomb Potentials            
              K. Eichkorn, F. Weigend, O. Treutler and         
              R. Ahlrichs                                      
              Theo. Chem. Acc. 97: 119 (1997)                   
                                                           
              Accurate Coulomb-fitting basis sets for H to Rn 
              F. Weigend                                        
              Phys. Chem. Chem. Phys. 8: 1057 (2006)            
                                                           
          Multipole accelerated RI-J (MARI-J):             
              Fast evaluation of the Coulomb potential for     
              electron densities using multipole accelerated   
              resolution of identity approximation             
              M. Sierka, A. Hogekamp and R. Ahlrichs           
              J. Chem. Phys. 118: 9136 (2003)                  
          RI-JK Method:                                     
              A fully direct RI-HF algorithm: Implementation,
              optimised auxiliary basis sets, demonstration of
              accuracy and efficiency                         
              F. Weigend                                      
              Phys. Chem. Chem. Phys. 4: 4285 (2002)           
          Two-component HF and DFT with spin-orbit coupling:  
              Self-consistent treatment of spin-orbit         
              interactions with efficient Hartree-Fock and    
              density functional methods                      
              M. K. Armbruster, F. Weigend, C. van Wüllen and 
              W. Klopper                                      
              Phys. Chem. Chem. Phys. 10: 1748 (2008)         
          Two-component difference density and DIIS algorithm 
              Efficient two-component self-consistent field   
              procedures and gradients: implementation in     
              TURBOMOLE and application to Au20-              
              A. Baldes, F. Weigend                           
              Mol. Phys. 111: 2617 (2013)                     
          Relativistic all-electron 2c calculations           
              An efficient implementation of two-component    
              relativistic exact-decoupling methods for large 
              molecules                                       
              D. Peng, N. Middendorf, F. Weigend, M. Reiher   
              J. Chem. Phys. 138: 184105 (2013)               
          Finite nucleus model and SNSO approximation         
              Efficient implementation of one- and two-       
              component analytical energy gradients in exact  
              two-component theory                            
              Y. J. Franzke, N. Middendorf, F. Weigend        
              J. Chem. Phys. 148: 104110 (2018)               
          Grids for all-electron relativistic methods         
              Error-consistent segmented contracted all-      
              electron relativistic basis sets of double-     
              and triple-zeta quality for NMR shielding       
              constants                                       
              Y. J. Franzke, R. Tress, T. M. Pazdera,         
              F. Weigend                                      
              Phys. Chem. Chem. Phys. 21: 166658 (2019)       
          Seminumerical exchange algorithms                   
              Seminumerical calculation of the Hartree-Fock   
              exchange matirx: Application to two-component   
              procedures and efficient evaluation of local    
              hybrid functionsl                               
              P. Plessow, F. Weigend,                         
              J. Comput. Chem. 33: 810 (2012)                 
          Improved seminumerical algorithms                   
              C. Holzer, in preparation (2020)                
                                         




              +--------------------------------------------------+
              |      general information about current run       |
              +--------------------------------------------------+

 
no calculation of wave function, analysis of properties only
 TPSS global hybrid functional
 exchange:    9/10 (LDA+TPSS) + 1/10 HF
 correlation: LDA (PW) + TPSS
 A Hybrid-DFT calculation using the RI-J approximation will be carried out.
 Allocatable memory for RI due to $ricore (MB):                 55000
 Multipole approximation for Coulomb integrals is used


              +--------------------------------------------------+
              | Atomic coordinate, charge and isotop information |
              +--------------------------------------------------+

                    atomic coordinates            atom    charge  isotop
          0.00000000    0.00000000    0.00000000    mo    42.000     0
          0.00000000    0.00000000   -6.57055450    tb    65.000     0
          0.00000000    0.00000000    6.57055450    tb    65.000     0
          2.32784144    2.32784144   -2.69866878    s     16.000     0
         -2.32784144   -2.32784144   -2.69866878    s     16.000     0
          2.32784144   -2.32784144    2.69866878    s     16.000     0
         -2.32784144    2.32784144    2.69866878    s     16.000     0
          4.64454953   -1.57640863   -7.80441799    c      6.000     0
          3.57863018   -3.57863018   -6.37361783    c      6.000     0
          1.57640863   -4.64454953   -7.80441799    c      6.000     0
          1.39658175   -3.29640470  -10.12009671    c      6.000     0
          3.29640470   -1.39658175  -10.12009671    c      6.000     0
         -1.57640863    4.64454953   -7.80441799    c      6.000     0
         -3.57863018    3.57863018   -6.37361783    c      6.000     0
         -4.64454953    1.57640863   -7.80441799    c      6.000     0
         -3.29640470    1.39658175  -10.12009671    c      6.000     0
         -1.39658175    3.29640470  -10.12009671    c      6.000     0
          1.57640863    4.64454953    7.80441799    c      6.000     0
          1.39658175    3.29640470   10.12009671    c      6.000     0
          3.29640470    1.39658175   10.12009671    c      6.000     0
          4.64454953    1.57640863    7.80441799    c      6.000     0
          3.57863018    3.57863018    6.37361783    c      6.000     0
         -4.64454953   -1.57640863    7.80441799    c      6.000     0
         -3.29640470   -1.39658175   10.12009671    c      6.000     0
         -1.39658175   -3.29640470   10.12009671    c      6.000     0
         -1.57640863   -4.64454953    7.80441799    c      6.000     0
         -3.57863018   -3.57863018    6.37361783    c      6.000     0
          0.36903005   -6.20583476   -7.20578439    h      1.000     0
          0.04946786   -3.66388431  -11.63958130    h      1.000     0
          4.14305711   -4.14305711   -4.47258303    h      1.000     0
          3.66388431   -0.04946786  -11.63958130    h      1.000     0
          6.20583476   -0.36903005   -7.20578439    h      1.000     0
         -0.04946786    3.66388431  -11.63958130    h      1.000     0
         -0.36903005    6.20583476   -7.20578439    h      1.000     0
         -4.14305711    4.14305711   -4.47258303    h      1.000     0
         -6.20583476    0.36903005   -7.20578439    h      1.000     0
         -3.66388431    0.04946786  -11.63958130    h      1.000     0
         -0.36903005   -6.20583476    7.20578439    h      1.000     0
         -4.14305711   -4.14305711    4.47258303    h      1.000     0
         -6.20583476   -0.36903005    7.20578439    h      1.000     0
         -3.66388431   -0.04946786   11.63958130    h      1.000     0
         -0.04946786   -3.66388431   11.63958130    h      1.000     0
          0.04946786    3.66388431   11.63958130    h      1.000     0
          0.36903005    6.20583476    7.20578439    h      1.000     0
          4.14305711    4.14305711    4.47258303    h      1.000     0
          3.66388431    0.04946786   11.63958130    h      1.000     0
          6.20583476    0.36903005    7.20578439    h      1.000     0
 
       center of nuclear mass  :    0.00000000   -0.00000000   -0.00000000
       center of nuclear charge:   -0.00000000    0.00000000    0.00000000

              +--------------------------------------------------+
              |               basis set information              |
              +--------------------------------------------------+

              we will work with the 1s 3p 5d 7f 9g ... basis set
              ...i.e. with spherical basis functions...

   type   atoms  prim   cont   basis
   ---------------------------------------------------------------------------
    mo       1     50     24   def2-SV(P)   [5s3p2d|7s6p5d]
    tb       2    144     69   def2-SV(P)   [10s6p4d3f|14s12p9d7f]
    s        4     36     18   def2-SV(P)   [4s3p1d|10s7p1d]
    c       20     24     14   def2-SV(P)   [3s2p1d|7s4p1d]
    h       20      4      2   def2-SV(P)   [2s|4s]
   ---------------------------------------------------------------------------
   total:   47   1042    554
   ---------------------------------------------------------------------------

   total number of primitive shells          :   94
   total number of contracted shells         :  248
   total number of cartesian basis functions :  606
   total number of SCF-basis functions       :  554

 number of unique ecp types :                     2

 integral neglect threshold       :  0.55E-10
 integral storage threshold THIZE :  0.10E-04
 integral storage threshold THIME :         5

 RI-J AUXILIARY BASIS SET information:

              we will work with the 1s 3p 5d 7f 9g ... basis set
              ...i.e. with spherical basis functions...

   type   atoms  prim   cont   basis
   ---------------------------------------------------------------------------
    mo       1     99     89   def2-SV(P)   [8s5p5d2f3g|11s5p5d3f3g]
    tb       2    263    200   def2-SV(P)   [14s7p6d6f5g2h2i|18s7p6d6f6g3h5i]
    s        4     77     51   def2-SV(P)   [8s4p3d1f1g|14s5p5d2f1g]
    c       20     70     49   def2-SV(P)   [6s4p3d1f1g|12s5p4d2f1g]
    h       20     16     11   def2-SV(P)   [3s1p1d|5s2p1d]
   ---------------------------------------------------------------------------
   total:   47   2653   1893
   ---------------------------------------------------------------------------

   total number of primitive shells          :  137
   total number of contracted shells         :  575
   total number of cartesian basis functions : 2438
   total number of SCF-basis functions       : 1893


 symmetry group of the molecule :   d2d

 the group has the following generators :
   s4(z)
   c2(x)

    8 symmetry operations found

 there are 5 real representations :   a1   a2   b1   b2   e   

 maximum number of shells which are related by symmetry :  8

  
           ------------------
           density functional
           ------------------
 TPSS global hybrid functional
 exchange:    9/10 (LDA+TPSS) + 1/10 HF
 correlation: LDA (PW) + TPSS

 spherical integration : Lebedev's spherical grid
 spherical gridsize    :                     4
    i.e. gridpoints    :                   434
 value for diffuse not defined
 radial integration    : Chebyshev 2nd kind (scaling 3)
 radial gridsize       :                     6
 integration cells     :                     9
 partition function    : becke
 partition sharpness   :                     3
  
 
 Derivatives of quadrature weights will be included
 

 biggest AO integral is expected to be    24.571909273

          ------------------------
          nuclear repulsion energy  :   5008.74043137    
          ------------------------

  _________________________________
 |                                 |
 |         DFTD3 V3.1 Rev 0        |
 | S.Grimme, University Bonn       |
 |            June  2014           |
 |   see standalone version        |
 |       dftd3 -h for options      |
 |_________________________________|
 
 Please cite DFT-D3 work done with this code as:
 S. Grimme, J. Antony, S. Ehrlich and H. Krieg,
 J. Chem. Phys, 132 (2010), 154104.
 If used with BJ-damping cite also
 S. Grimme, S. Ehrlich and L. Goerigk,
 J. Comput. Chem. 32 (2011), 1456-1465
 For DFT-D2 the reference is
 S. Grimme, J. Comput. Chem., 27 (2006), 1787-1799
 
C6 coefficients used:
                     2  C6 for element                      1
Z=  1 CN= 0.912     C6(AA)=    3.03
Z=  1 CN= 0.000     C6(AA)=    7.59
                     5  C6 for element                      6
Z=  6 CN= 0.000     C6(AA)=   49.11
Z=  6 CN= 0.987     C6(AA)=   43.25
Z=  6 CN= 1.998     C6(AA)=   29.36
Z=  6 CN= 2.999     C6(AA)=   25.78
Z=  6 CN= 3.984     C6(AA)=   18.21
                     3  C6 for element                     16
Z= 16 CN= 0.000     C6(AA)=  134.01
Z= 16 CN= 0.995     C6(AA)=  131.00
Z= 16 CN= 1.990     C6(AA)=  125.81
                     3  C6 for element                     42
Z= 42 CN= 0.000     C6(AA)=  845.90
Z= 42 CN= 1.942     C6(AA)=  502.01
Z= 42 CN=11.056     C6(AA)=  337.11
                     2  C6 for element                     65
Z= 65 CN= 0.000     C6(AA)= 2851.67
Z= 65 CN= 2.909     C6(AA)=  524.92

#           XYZ [au]              R0(AA) [Ang.]  CN          C6(AA)     C8(AA)   C10(AA) [au]
  1   0.00000   0.00000   0.00000   mo  1.286  5.411       502.0     57804.9   8153712.7
  2   0.00000   0.00000  -6.57055   tb  1.828 11.671       524.9    122112.4  34798715.8
  3   0.00000   0.00000   6.57055   tb  1.828 11.671       524.9    122112.4  34798715.8
  4   2.32784   2.32784  -2.69867   s   0.839  2.052       125.9      6166.5    370078.4
  5  -2.32784  -2.32784  -2.69867   s   0.839  2.052       125.9      6166.5    370078.4
  6   2.32784  -2.32784   2.69867   s   0.839  2.052       125.9      6166.5    370078.4
  7  -2.32784   2.32784   2.69867   s   0.839  2.052       125.9      6166.5    370078.4
  8   4.64455  -1.57641  -7.80442   c   0.644  4.108        18.3       528.1     18708.5
  9   3.57863  -3.57863  -6.37362   c   0.644  4.106        18.3       528.1     18709.3
 10   1.57641  -4.64455  -7.80442   c   0.644  4.108        18.3       528.1     18708.5
 11   1.39658  -3.29640 -10.12010   c   0.644  4.109        18.3       528.0     18707.9
 12   3.29640  -1.39658 -10.12010   c   0.644  4.109        18.3       528.0     18707.9
 13  -1.57641   4.64455  -7.80442   c   0.644  4.108        18.3       528.1     18708.5
 14  -3.57863   3.57863  -6.37362   c   0.644  4.106        18.3       528.1     18709.3
 15  -4.64455   1.57641  -7.80442   c   0.644  4.108        18.3       528.1     18708.5
 16  -3.29640   1.39658 -10.12010   c   0.644  4.109        18.3       528.0     18707.9
 17  -1.39658   3.29640 -10.12010   c   0.644  4.109        18.3       528.0     18707.9
 18   1.57641   4.64455   7.80442   c   0.644  4.108        18.3       528.1     18708.5
 19   1.39658   3.29640  10.12010   c   0.644  4.109        18.3       528.0     18707.9
 20   3.29640   1.39658  10.12010   c   0.644  4.109        18.3       528.0     18707.9
 21   4.64455   1.57641   7.80442   c   0.644  4.108        18.3       528.1     18708.5
 22   3.57863   3.57863   6.37362   c   0.644  4.106        18.3       528.1     18709.3
 23  -4.64455  -1.57641   7.80442   c   0.644  4.108        18.3       528.1     18708.5
 24  -3.29640  -1.39658  10.12010   c   0.644  4.109        18.3       528.0     18707.9
 25  -1.39658  -3.29640  10.12010   c   0.644  4.109        18.3       528.0     18707.9
 26  -1.57641  -4.64455   7.80442   c   0.644  4.108        18.3       528.1     18708.5
 27  -3.57863  -3.57863   6.37362   c   0.644  4.106        18.3       528.1     18709.3
 28   0.36903  -6.20583  -7.20578   h   0.417  1.014         3.1        37.3       552.1
 29   0.04947  -3.66388 -11.63958   h   0.417  1.014         3.1        37.3       552.2
 30   4.14306  -4.14306  -4.47258   h   0.417  1.016         3.1        37.3       552.0
 31   3.66388  -0.04947 -11.63958   h   0.417  1.014         3.1        37.3       552.2
 32   6.20583  -0.36903  -7.20578   h   0.417  1.014         3.1        37.3       552.1
 33  -0.04947   3.66388 -11.63958   h   0.417  1.014         3.1        37.3       552.2
 34  -0.36903   6.20583  -7.20578   h   0.417  1.014         3.1        37.3       552.1
 35  -4.14306   4.14306  -4.47258   h   0.417  1.016         3.1        37.3       552.0
 36  -6.20583   0.36903  -7.20578   h   0.417  1.014         3.1        37.3       552.1
 37  -3.66388   0.04947 -11.63958   h   0.417  1.014         3.1        37.3       552.2
 38  -0.36903  -6.20583   7.20578   h   0.417  1.014         3.1        37.3       552.1
 39  -4.14306  -4.14306   4.47258   h   0.417  1.016         3.1        37.3       552.0
 40  -6.20583  -0.36903   7.20578   h   0.417  1.014         3.1        37.3       552.1
 41  -3.66388  -0.04947  11.63958   h   0.417  1.014         3.1        37.3       552.2
 42  -0.04947  -3.66388  11.63958   h   0.417  1.014         3.1        37.3       552.2
 43   0.04947   3.66388  11.63958   h   0.417  1.014         3.1        37.3       552.2
 44   0.36903   6.20583   7.20578   h   0.417  1.014         3.1        37.3       552.1
 45   4.14306   4.14306   4.47258   h   0.417  1.016         3.1        37.3       552.0
 46   3.66388   0.04947  11.63958   h   0.417  1.014         3.1        37.3       552.2
 47   6.20583   0.36903   7.20578   h   0.417  1.014         3.1        37.3       552.1

molecular C6(AA) [au] =     53534.16

           DFT-D V3(BJ)
 DF tpssh                                             
 parameters
 s6       :    1.0000
 s8       :    2.2382
 a1       :    0.4529
 a2       :    4.6550
 k1-k3    :   16.0000    1.3333   -4.0000
 
 Edisp /kcal,au:   -67.1805 -0.10705892

 E6    /kcal :   -26.3166
 E8    /kcal :   -40.8639
 % E8        : 60.83
 nuclear repulsion energy                  =    5008.740431373
 empirical dispersive energy correction    =      -0.107058923
 nuclear repulsion + dispersion correction =    5008.633372450


         -----------------
         -S,T+V- integrals
         -----------------

 1e-integrals will be neglected if expon. factor < 0.551479E-11


          ----------------
          -ecp-  integrals
          ----------------
 
   Difference densities algorithm switched on.
   The maximal number of linear combinations of
   difference densities is                    20 .

 DIIS switched on: error vector is FDS-SDF
 Max. Iterations for DIIS is     :   4
 DIIS matrix (see manual) 
    Scaling factor of diagonals  :  1.200
    threshold for scaling factor :  0.000

 scf convergence criterion : increment of total energy < .1000000D-05
                  and increment of one-electron energy < .1000000D-02

 MOs are in ASCII format !


    mo occupation :
   irrep   mo's   occupied
    a1      94       27
    a2      48       11
    b1      50       11
    b2      92       28
    e      135       38
 
 number of basis functions   :   554
 number of occupied orbitals :   153
 

 reading orbital data $uhfmo_alpha  from file alpha
 orbital characterization : scfconv=6

 reading orbital data $uhfmo_beta  from file beta
 orbital characterization : scfconv=6
 mo-orthogonalization by Cholesky decomposition
 mo-orthogonalization by Cholesky decomposition

 UHF mode switched on !

 closed shell shift switched on 
 all occupied orbitals are shifted by    0.50000

  
           ------------------------
               RI-J - INFORMATION
           ------------------------
 
    +---------------- Multipole Accelerated RI-J ---------------+
    -------------------------------------------------------------
      Number of bins for density partition        :  8
      Maximum multipole moment used               : 14
      Multipole precision parameter               :  1.0000E-08
      Threshold for moment summation              :  1.0000E-24
      Minimum separation between boxes            :  0.0000E+00
      Maximum allowed extent                      :  2.0000E+01
    +-----------------------------------------------------------+
 
 Extensions and centers of shell-pairs:
  number of shells with a single center:     3073
  number of shells with double centers:       136
 Contributions to RI integral batches: 
  neglected integral batches:                     27667
  multipole/direct contribution:                      0
  multipole/memory contribution:                   3209
 Memory core needed for (P|Q) and Cholesky      1 MByte
 Memory core minimum needed except of (P|Q)     1 MByte
 Total minimum memory core needed (sum)         2 MByte
  
 ****************************************
 Memory allocated for RI-J   410 MByte
 ****************************************
                                            
 
 
 
 ==============================================================================
                           electrostatic moments
 ==============================================================================

 reference point for electrostatic moments:    0.00000   0.00000   0.00000

 
              nuc           elec       ->  total
 ------------------------------------------------------------------------------
                          charge      
 ------------------------------------------------------------------------------
         292.000000    -293.000000      -1.000000
 a-b                                    13.000000
 
 ------------------------------------------------------------------------------
                       dipole moment  
 ------------------------------------------------------------------------------
   x      -0.000000       0.000000       0.000000
   y       0.000000      -0.000000      -0.000000
   z       0.000000       0.000000       0.000000
 
   | dipole moment | =     0.0000 a.u. =     0.0000 debye 
 
 ------------------------------------------------------------------------------
                     quadrupole moment
 ------------------------------------------------------------------------------
  xx    1816.091426   -2022.143361    -206.051935
  yy    1816.091426   -2022.143361    -206.051935
  zz   14054.649679  -14284.800796    -230.151117
  xy      -0.000000      -0.000000      -0.000000
  xz       0.000000       0.000000       0.000000
  yz       0.000000       0.000000       0.000000
 
     1/3  trace=    -214.084996
     anisotropy=      24.099182
 
 
 ==============================================================================
                  NATURAL POPULATION ANALYSIS (AO-BASIS) 
 ==============================================================================
A.E. Reed, R.B. Weinstock and F. Weinhold:
Natural population analysis, J. Chem. Phys. 83(2), 735(1985)
nbfiat:  1  5  9 10  0  0  0  0  0  0  0  0
nbfiat:  2 10 18 20 21  0  0  0  0  0  0  0
nbfiat:  3 10 18 20 21  0  0  0  0  0  0  0
nbfiat:  4  4  9  5  0  0  0  0  0  0  0  0
nbfiat:  5  4  9  5  0  0  0  0  0  0  0  0
nbfiat:  6  4  9  5  0  0  0  0  0  0  0  0
nbfiat:  7  4  9  5  0  0  0  0  0  0  0  0
nbfiat:  8  3  6  5  0  0  0  0  0  0  0  0
nbfiat:  9  3  6  5  0  0  0  0  0  0  0  0
nbfiat: 10  3  6  5  0  0  0  0  0  0  0  0
nbfiat: 11  3  6  5  0  0  0  0  0  0  0  0
nbfiat: 12  3  6  5  0  0  0  0  0  0  0  0
nbfiat: 13  3  6  5  0  0  0  0  0  0  0  0
nbfiat: 14  3  6  5  0  0  0  0  0  0  0  0
nbfiat: 15  3  6  5  0  0  0  0  0  0  0  0
nbfiat: 16  3  6  5  0  0  0  0  0  0  0  0
nbfiat: 17  3  6  5  0  0  0  0  0  0  0  0
nbfiat: 18  3  6  5  0  0  0  0  0  0  0  0
nbfiat: 19  3  6  5  0  0  0  0  0  0  0  0
nbfiat: 20  3  6  5  0  0  0  0  0  0  0  0
nbfiat: 21  3  6  5  0  0  0  0  0  0  0  0
nbfiat: 22  3  6  5  0  0  0  0  0  0  0  0
nbfiat: 23  3  6  5  0  0  0  0  0  0  0  0
nbfiat: 24  3  6  5  0  0  0  0  0  0  0  0
nbfiat: 25  3  6  5  0  0  0  0  0  0  0  0
nbfiat: 26  3  6  5  0  0  0  0  0  0  0  0
nbfiat: 27  3  6  5  0  0  0  0  0  0  0  0
nbfiat: 28  2  0  0  0  0  0  0  0  0  0  0
nbfiat: 29  2  0  0  0  0  0  0  0  0  0  0
nbfiat: 30  2  0  0  0  0  0  0  0  0  0  0
nbfiat: 31  2  0  0  0  0  0  0  0  0  0  0
nbfiat: 32  2  0  0  0  0  0  0  0  0  0  0
nbfiat: 33  2  0  0  0  0  0  0  0  0  0  0
nbfiat: 34  2  0  0  0  0  0  0  0  0  0  0
nbfiat: 35  2  0  0  0  0  0  0  0  0  0  0
nbfiat: 36  2  0  0  0  0  0  0  0  0  0  0
nbfiat: 37  2  0  0  0  0  0  0  0  0  0  0
nbfiat: 38  2  0  0  0  0  0  0  0  0  0  0
nbfiat: 39  2  0  0  0  0  0  0  0  0  0  0
nbfiat: 40  2  0  0  0  0  0  0  0  0  0  0
nbfiat: 41  2  0  0  0  0  0  0  0  0  0  0
nbfiat: 42  2  0  0  0  0  0  0  0  0  0  0
nbfiat: 43  2  0  0  0  0  0  0  0  0  0  0
nbfiat: 44  2  0  0  0  0  0  0  0  0  0  0
nbfiat: 45  2  0  0  0  0  0  0  0  0  0  0
nbfiat: 46  2  0  0  0  0  0  0  0  0  0  0
nbfiat: 47  2  0  0  0  0  0  0  0  0  0  0
Basis set: (total    554 functions)
mo      (shells)  s:  5 p:  3 d:  2 f:  0 g:  0
tb      (shells)  s: 10 p:  6 d:  4 f:  3 g:  0
tb      (shells)  s: 10 p:  6 d:  4 f:  3 g:  0
s       (shells)  s:  4 p:  3 d:  1 f:  0 g:  0
s       (shells)  s:  4 p:  3 d:  1 f:  0 g:  0
s       (shells)  s:  4 p:  3 d:  1 f:  0 g:  0
s       (shells)  s:  4 p:  3 d:  1 f:  0 g:  0
c       (shells)  s:  3 p:  2 d:  1 f:  0 g:  0
c       (shells)  s:  3 p:  2 d:  1 f:  0 g:  0
c       (shells)  s:  3 p:  2 d:  1 f:  0 g:  0
c       (shells)  s:  3 p:  2 d:  1 f:  0 g:  0
c       (shells)  s:  3 p:  2 d:  1 f:  0 g:  0
c       (shells)  s:  3 p:  2 d:  1 f:  0 g:  0
c       (shells)  s:  3 p:  2 d:  1 f:  0 g:  0
c       (shells)  s:  3 p:  2 d:  1 f:  0 g:  0
c       (shells)  s:  3 p:  2 d:  1 f:  0 g:  0
c       (shells)  s:  3 p:  2 d:  1 f:  0 g:  0
c       (shells)  s:  3 p:  2 d:  1 f:  0 g:  0
c       (shells)  s:  3 p:  2 d:  1 f:  0 g:  0
c       (shells)  s:  3 p:  2 d:  1 f:  0 g:  0
c       (shells)  s:  3 p:  2 d:  1 f:  0 g:  0
c       (shells)  s:  3 p:  2 d:  1 f:  0 g:  0
c       (shells)  s:  3 p:  2 d:  1 f:  0 g:  0
c       (shells)  s:  3 p:  2 d:  1 f:  0 g:  0
c       (shells)  s:  3 p:  2 d:  1 f:  0 g:  0
c       (shells)  s:  3 p:  2 d:  1 f:  0 g:  0
c       (shells)  s:  3 p:  2 d:  1 f:  0 g:  0
h       (shells)  s:  2 p:  0 d:  0 f:  0 g:  0
h       (shells)  s:  2 p:  0 d:  0 f:  0 g:  0
h       (shells)  s:  2 p:  0 d:  0 f:  0 g:  0
h       (shells)  s:  2 p:  0 d:  0 f:  0 g:  0
h       (shells)  s:  2 p:  0 d:  0 f:  0 g:  0
h       (shells)  s:  2 p:  0 d:  0 f:  0 g:  0
h       (shells)  s:  2 p:  0 d:  0 f:  0 g:  0
h       (shells)  s:  2 p:  0 d:  0 f:  0 g:  0
h       (shells)  s:  2 p:  0 d:  0 f:  0 g:  0
h       (shells)  s:  2 p:  0 d:  0 f:  0 g:  0
h       (shells)  s:  2 p:  0 d:  0 f:  0 g:  0
h       (shells)  s:  2 p:  0 d:  0 f:  0 g:  0
h       (shells)  s:  2 p:  0 d:  0 f:  0 g:  0
h       (shells)  s:  2 p:  0 d:  0 f:  0 g:  0
h       (shells)  s:  2 p:  0 d:  0 f:  0 g:  0
h       (shells)  s:  2 p:  0 d:  0 f:  0 g:  0
h       (shells)  s:  2 p:  0 d:  0 f:  0 g:  0
h       (shells)  s:  2 p:  0 d:  0 f:  0 g:  0
h       (shells)  s:  2 p:  0 d:  0 f:  0 g:  0
h       (shells)  s:  2 p:  0 d:  0 f:  0 g:  0
NMB set: (total    218 functions)
mo      (shells)  s:  2 p:  1 d:  1 f:  0 g:  0
tb      (shells)  s:  3 p:  2 d:  2 f:  1 g:  0
tb      (shells)  s:  3 p:  2 d:  2 f:  1 g:  0
s       (shells)  s:  3 p:  2 d:  0 f:  0 g:  0
s       (shells)  s:  3 p:  2 d:  0 f:  0 g:  0
s       (shells)  s:  3 p:  2 d:  0 f:  0 g:  0
s       (shells)  s:  3 p:  2 d:  0 f:  0 g:  0
c       (shells)  s:  2 p:  1 d:  0 f:  0 g:  0
c       (shells)  s:  2 p:  1 d:  0 f:  0 g:  0
c       (shells)  s:  2 p:  1 d:  0 f:  0 g:  0
c       (shells)  s:  2 p:  1 d:  0 f:  0 g:  0
c       (shells)  s:  2 p:  1 d:  0 f:  0 g:  0
c       (shells)  s:  2 p:  1 d:  0 f:  0 g:  0
c       (shells)  s:  2 p:  1 d:  0 f:  0 g:  0
c       (shells)  s:  2 p:  1 d:  0 f:  0 g:  0
c       (shells)  s:  2 p:  1 d:  0 f:  0 g:  0
c       (shells)  s:  2 p:  1 d:  0 f:  0 g:  0
c       (shells)  s:  2 p:  1 d:  0 f:  0 g:  0
c       (shells)  s:  2 p:  1 d:  0 f:  0 g:  0
c       (shells)  s:  2 p:  1 d:  0 f:  0 g:  0
c       (shells)  s:  2 p:  1 d:  0 f:  0 g:  0
c       (shells)  s:  2 p:  1 d:  0 f:  0 g:  0
c       (shells)  s:  2 p:  1 d:  0 f:  0 g:  0
c       (shells)  s:  2 p:  1 d:  0 f:  0 g:  0
c       (shells)  s:  2 p:  1 d:  0 f:  0 g:  0
c       (shells)  s:  2 p:  1 d:  0 f:  0 g:  0
c       (shells)  s:  2 p:  1 d:  0 f:  0 g:  0
h       (shells)  s:  1 p:  0 d:  0 f:  0 g:  0
h       (shells)  s:  1 p:  0 d:  0 f:  0 g:  0
h       (shells)  s:  1 p:  0 d:  0 f:  0 g:  0
h       (shells)  s:  1 p:  0 d:  0 f:  0 g:  0
h       (shells)  s:  1 p:  0 d:  0 f:  0 g:  0
h       (shells)  s:  1 p:  0 d:  0 f:  0 g:  0
h       (shells)  s:  1 p:  0 d:  0 f:  0 g:  0
h       (shells)  s:  1 p:  0 d:  0 f:  0 g:  0
h       (shells)  s:  1 p:  0 d:  0 f:  0 g:  0
h       (shells)  s:  1 p:  0 d:  0 f:  0 g:  0
h       (shells)  s:  1 p:  0 d:  0 f:  0 g:  0
h       (shells)  s:  1 p:  0 d:  0 f:  0 g:  0
h       (shells)  s:  1 p:  0 d:  0 f:  0 g:  0
h       (shells)  s:  1 p:  0 d:  0 f:  0 g:  0
h       (shells)  s:  1 p:  0 d:  0 f:  0 g:  0
h       (shells)  s:  1 p:  0 d:  0 f:  0 g:  0
h       (shells)  s:  1 p:  0 d:  0 f:  0 g:  0
h       (shells)  s:  1 p:  0 d:  0 f:  0 g:  0
h       (shells)  s:  1 p:  0 d:  0 f:  0 g:  0
h       (shells)  s:  1 p:  0 d:  0 f:  0 g:  0
NRB set: (total    336 functions)
mo      (shells)  s:  3 p:  2 d:  1 f:  0 g:  0
tb      (shells)  s:  7 p:  4 d:  2 f:  2 g:  0
tb      (shells)  s:  7 p:  4 d:  2 f:  2 g:  0
s       (shells)  s:  1 p:  1 d:  1 f:  0 g:  0
s       (shells)  s:  1 p:  1 d:  1 f:  0 g:  0
s       (shells)  s:  1 p:  1 d:  1 f:  0 g:  0
s       (shells)  s:  1 p:  1 d:  1 f:  0 g:  0
c       (shells)  s:  1 p:  1 d:  1 f:  0 g:  0
c       (shells)  s:  1 p:  1 d:  1 f:  0 g:  0
c       (shells)  s:  1 p:  1 d:  1 f:  0 g:  0
c       (shells)  s:  1 p:  1 d:  1 f:  0 g:  0
c       (shells)  s:  1 p:  1 d:  1 f:  0 g:  0
c       (shells)  s:  1 p:  1 d:  1 f:  0 g:  0
c       (shells)  s:  1 p:  1 d:  1 f:  0 g:  0
c       (shells)  s:  1 p:  1 d:  1 f:  0 g:  0
c       (shells)  s:  1 p:  1 d:  1 f:  0 g:  0
c       (shells)  s:  1 p:  1 d:  1 f:  0 g:  0
c       (shells)  s:  1 p:  1 d:  1 f:  0 g:  0
c       (shells)  s:  1 p:  1 d:  1 f:  0 g:  0
c       (shells)  s:  1 p:  1 d:  1 f:  0 g:  0
c       (shells)  s:  1 p:  1 d:  1 f:  0 g:  0
c       (shells)  s:  1 p:  1 d:  1 f:  0 g:  0
c       (shells)  s:  1 p:  1 d:  1 f:  0 g:  0
c       (shells)  s:  1 p:  1 d:  1 f:  0 g:  0
c       (shells)  s:  1 p:  1 d:  1 f:  0 g:  0
c       (shells)  s:  1 p:  1 d:  1 f:  0 g:  0
c       (shells)  s:  1 p:  1 d:  1 f:  0 g:  0
h       (shells)  s:  1 p:  0 d:  0 f:  0 g:  0
h       (shells)  s:  1 p:  0 d:  0 f:  0 g:  0
h       (shells)  s:  1 p:  0 d:  0 f:  0 g:  0
h       (shells)  s:  1 p:  0 d:  0 f:  0 g:  0
h       (shells)  s:  1 p:  0 d:  0 f:  0 g:  0
h       (shells)  s:  1 p:  0 d:  0 f:  0 g:  0
h       (shells)  s:  1 p:  0 d:  0 f:  0 g:  0
h       (shells)  s:  1 p:  0 d:  0 f:  0 g:  0
h       (shells)  s:  1 p:  0 d:  0 f:  0 g:  0
h       (shells)  s:  1 p:  0 d:  0 f:  0 g:  0
h       (shells)  s:  1 p:  0 d:  0 f:  0 g:  0
h       (shells)  s:  1 p:  0 d:  0 f:  0 g:  0
h       (shells)  s:  1 p:  0 d:  0 f:  0 g:  0
h       (shells)  s:  1 p:  0 d:  0 f:  0 g:  0
h       (shells)  s:  1 p:  0 d:  0 f:  0 g:  0
h       (shells)  s:  1 p:  0 d:  0 f:  0 g:  0
h       (shells)  s:  1 p:  0 d:  0 f:  0 g:  0
h       (shells)  s:  1 p:  0 d:  0 f:  0 g:  0
h       (shells)  s:  1 p:  0 d:  0 f:  0 g:  0
h       (shells)  s:  1 p:  0 d:  0 f:  0 g:  0

*********************
*** Total density ***
*********************

 Nr Atom            Natural Electron Configuration
--------------------------------------------------
   1 mo [ecp-28] [core] 5s( 0.46) 5p( 0.02) 4d( 5.31) 5d( 0.06)                                     
   2 tb [ecp-28] [core] 6s( 0.76) 7s( 0.09) 6p( 0.01) 5d( 1.51) 6d( 0.01) 4f( 7.34)                 
   3 tb [ecp-28] [core] 6s( 0.76) 7s( 0.09) 6p( 0.01) 5d( 1.51) 6d( 0.01) 4f( 7.34)                 
   4 s    [core]        3s( 1.83) 3p( 4.54) 3d( 0.01)                                               
   5 s    [core]        3s( 1.83) 3p( 4.54) 3d( 0.01)                                               
   6 s    [core]        3s( 1.83) 3p( 4.54) 3d( 0.01)                                               
   7 s    [core]        3s( 1.83) 3p( 4.54) 3d( 0.01)                                               
   8 c    [core]        2s( 0.96) 2p( 3.35) 3p( 0.01)                                               
   9 c    [core]        2s( 0.96) 2p( 3.35) 3p( 0.02)                                               
  10 c    [core]        2s( 0.96) 2p( 3.35) 3p( 0.01)                                               
  11 c    [core]        2s( 0.96) 2p( 3.37) 3p( 0.01)                                               
  12 c    [core]        2s( 0.96) 2p( 3.37) 3p( 0.01)                                               
  13 c    [core]        2s( 0.96) 2p( 3.35) 3p( 0.01)                                               
  14 c    [core]        2s( 0.96) 2p( 3.35) 3p( 0.02)                                               
  15 c    [core]        2s( 0.96) 2p( 3.35) 3p( 0.01)                                               
  16 c    [core]        2s( 0.96) 2p( 3.37) 3p( 0.01)                                               
  17 c    [core]        2s( 0.96) 2p( 3.37) 3p( 0.01)                                               
  18 c    [core]        2s( 0.96) 2p( 3.35) 3p( 0.01)                                               
  19 c    [core]        2s( 0.96) 2p( 3.37) 3p( 0.01)                                               
  20 c    [core]        2s( 0.96) 2p( 3.37) 3p( 0.01)                                               
  21 c    [core]        2s( 0.96) 2p( 3.35) 3p( 0.01)                                               
  22 c    [core]        2s( 0.96) 2p( 3.35) 3p( 0.02)                                               
  23 c    [core]        2s( 0.96) 2p( 3.35) 3p( 0.01)                                               
  24 c    [core]        2s( 0.96) 2p( 3.37) 3p( 0.01)                                               
  25 c    [core]        2s( 0.96) 2p( 3.37) 3p( 0.01)                                               
  26 c    [core]        2s( 0.96) 2p( 3.35) 3p( 0.01)                                               
  27 c    [core]        2s( 0.96) 2p( 3.35) 3p( 0.02)                                               
  28 h                  1s( 0.77)                                                                   
  29 h                  1s( 0.78)                                                                   
  30 h                  1s( 0.76)                                                                   
  31 h                  1s( 0.78)                                                                   
  32 h                  1s( 0.77)                                                                   
  33 h                  1s( 0.78)                                                                   
  34 h                  1s( 0.77)                                                                   
  35 h                  1s( 0.76)                                                                   
  36 h                  1s( 0.77)                                                                   
  37 h                  1s( 0.78)                                                                   
  38 h                  1s( 0.77)                                                                   
  39 h                  1s( 0.76)                                                                   
  40 h                  1s( 0.77)                                                                   
  41 h                  1s( 0.78)                                                                   
  42 h                  1s( 0.78)                                                                   
  43 h                  1s( 0.78)                                                                   
  44 h                  1s( 0.77)                                                                   
  45 h                  1s( 0.76)                                                                   
  46 h                  1s( 0.78)                                                                   
  47 h                  1s( 0.77)                                                                   

NATURAL POPULATIONS:  Natural atomic orbital occupancies

NAO   Atom  #       Type(AO)   Occupancy
----------------------------------------
    1 mo    1 s    Cor(4s)        1.99650
    2 mo    1 s    Val(5s)        0.46381
    3 mo    1 s    Ryd            0.00145
    4 mo    1 s    Ryd            0.00079
    5 mo    1 s    Ryd            0.00004
    6 mo    1 p    Cor(4px)       1.99281
    7 mo    1 p    Cor(4py)       1.99281
    8 mo    1 p    Cor(4pz)       1.99465
    9 mo    1 p    Ryd            0.00691
   10 mo    1 p    Ryd            0.00691
   11 mo    1 p    Ryd            0.00462
   12 mo    1 p    Ryd            0.00088
   13 mo    1 p    Ryd            0.00088
   14 mo    1 p    Ryd            0.00132
   15 mo    1 d    Val(4dz2)      0.96327
   16 mo    1 d    Val(4dxz)      1.04504
   17 mo    1 d    Val(4dyz)      1.04504
   18 mo    1 d    Val(4dxy)      1.29802
   19 mo    1 d    Val(4dx2-y2)   0.95542
   20 mo    1 d    Ryd            0.00711
   21 mo    1 d    Ryd            0.01650
   22 mo    1 d    Ryd            0.01650
   23 mo    1 d    Ryd            0.01858
   24 mo    1 d    Ryd            0.00019

   25 tb    2 s    Cor(4s)        1.99984
   26 tb    2 s    Cor(5s)        1.98627
   27 tb    2 s    Val(6s)        0.76182
   28 tb    2 s    Ryd            0.08759
   29 tb    2 s    Ryd            0.00294
   30 tb    2 s    Ryd            0.00159
   31 tb    2 s    Ryd            0.00010
   32 tb    2 s    Ryd            0.00003
   33 tb    2 s    Ryd            0.00000
   34 tb    2 s    Ryd            0.00000
   35 tb    2 p    Cor(4px)       1.99999
   36 tb    2 p    Cor(4py)       1.99999
   37 tb    2 p    Cor(4pz)       1.99999
   38 tb    2 p    Cor(5px)       1.99739
   39 tb    2 p    Cor(5py)       1.99739
   40 tb    2 p    Cor(5pz)       1.99661
   41 tb    2 p    Ryd            0.00286
   42 tb    2 p    Ryd            0.00286
   43 tb    2 p    Ryd            0.00235
   44 tb    2 p    Ryd            0.00087
   45 tb    2 p    Ryd            0.00087
   46 tb    2 p    Ryd            0.00109
   47 tb    2 p    Ryd            0.00031
   48 tb    2 p    Ryd            0.00031
   49 tb    2 p    Ryd            0.00039
   50 tb    2 p    Ryd            0.00000
   51 tb    2 p    Ryd            0.00000
   52 tb    2 p    Ryd            0.00000
   53 tb    2 d    Cor(4dz2)      1.99995
   54 tb    2 d    Cor(4dxz)      1.99996
   55 tb    2 d    Cor(4dyz)      1.99996
   56 tb    2 d    Cor(4dxy)      1.99995
   57 tb    2 d    Cor(4dx2-y2)   1.99996
   58 tb    2 d    Val(5dz2)      0.30476
   59 tb    2 d    Val(5dxz)      0.31821
   60 tb    2 d    Val(5dyz)      0.31821
   61 tb    2 d    Val(5dxy)      0.26002
   62 tb    2 d    Val(5dx2-y2)   0.30809
   63 tb    2 d    Ryd            0.00161
   64 tb    2 d    Ryd            0.00314
   65 tb    2 d    Ryd            0.00314
   66 tb    2 d    Ryd            0.00226
   67 tb    2 d    Ryd            0.00117
   68 tb    2 d    Ryd            0.00005
   69 tb    2 d    Ryd            0.00006
   70 tb    2 d    Ryd            0.00006
   71 tb    2 d    Ryd            0.00006
   72 tb    2 d    Ryd            0.00003
   73 tb    2 f    Val(4f0)       1.02048
   74 tb    2 f    Val(4fC1)      1.00940
   75 tb    2 f    Val(4fS1)      1.00940
   76 tb    2 f    Val(4fC2)      1.28186
   77 tb    2 f    Val(4fS2)      1.00708
   78 tb    2 f    Val(4fC3)      1.00556
   79 tb    2 f    Val(4fS3)      1.00556
   80 tb    2 f    Ryd            0.00040
   81 tb    2 f    Ryd            0.00072
   82 tb    2 f    Ryd            0.00072
   83 tb    2 f    Ryd            0.00105
   84 tb    2 f    Ryd            0.00065
   85 tb    2 f    Ryd            0.00057
   86 tb    2 f    Ryd            0.00057
   87 tb    2 f    Ryd            0.00001
   88 tb    2 f    Ryd            0.00000
   89 tb    2 f    Ryd            0.00000
   90 tb    2 f    Ryd            0.00002
   91 tb    2 f    Ryd            0.00000
   92 tb    2 f    Ryd            0.00000
   93 tb    2 f    Ryd            0.00000

   94 tb    3 s    Cor(4s)        1.99984
   95 tb    3 s    Cor(5s)        1.98627
   96 tb    3 s    Val(6s)        0.76182
   97 tb    3 s    Ryd            0.08759
   98 tb    3 s    Ryd            0.00294
   99 tb    3 s    Ryd            0.00159
  100 tb    3 s    Ryd            0.00010
  101 tb    3 s    Ryd            0.00003
  102 tb    3 s    Ryd            0.00000
  103 tb    3 s    Ryd            0.00000
  104 tb    3 p    Cor(4px)       1.99999
  105 tb    3 p    Cor(4py)       1.99999
  106 tb    3 p    Cor(4pz)       1.99999
  107 tb    3 p    Cor(5px)       1.99739
  108 tb    3 p    Cor(5py)       1.99739
  109 tb    3 p    Cor(5pz)       1.99661
  110 tb    3 p    Ryd            0.00286
  111 tb    3 p    Ryd            0.00286
  112 tb    3 p    Ryd            0.00235
  113 tb    3 p    Ryd            0.00087
  114 tb    3 p    Ryd            0.00087
  115 tb    3 p    Ryd            0.00109
  116 tb    3 p    Ryd            0.00031
  117 tb    3 p    Ryd            0.00031
  118 tb    3 p    Ryd            0.00039
  119 tb    3 p    Ryd            0.00000
  120 tb    3 p    Ryd            0.00000
  121 tb    3 p    Ryd            0.00000
  122 tb    3 d    Cor(4dz2)      1.99995
  123 tb    3 d    Cor(4dxz)      1.99996
  124 tb    3 d    Cor(4dyz)      1.99996
  125 tb    3 d    Cor(4dxy)      1.99995
  126 tb    3 d    Cor(4dx2-y2)   1.99996
  127 tb    3 d    Val(5dz2)      0.30476
  128 tb    3 d    Val(5dxz)      0.31821
  129 tb    3 d    Val(5dyz)      0.31820
  130 tb    3 d    Val(5dxy)      0.26002
  131 tb    3 d    Val(5dx2-y2)   0.30809
  132 tb    3 d    Ryd            0.00161
  133 tb    3 d    Ryd            0.00314
  134 tb    3 d    Ryd            0.00314
  135 tb    3 d    Ryd            0.00226
  136 tb    3 d    Ryd            0.00117
  137 tb    3 d    Ryd            0.00005
  138 tb    3 d    Ryd            0.00006
  139 tb    3 d    Ryd            0.00006
  140 tb    3 d    Ryd            0.00006
  141 tb    3 d    Ryd            0.00003
  142 tb    3 f    Val(4f0)       1.02048
  143 tb    3 f    Val(4fC1)      1.00940
  144 tb    3 f    Val(4fS1)      1.00940
  145 tb    3 f    Val(4fC2)      1.28186
  146 tb    3 f    Val(4fS2)      1.00708
  147 tb    3 f    Val(4fC3)      1.00556
  148 tb    3 f    Val(4fS3)      1.00556
  149 tb    3 f    Ryd            0.00040
  150 tb    3 f    Ryd            0.00072
  151 tb    3 f    Ryd            0.00072
  152 tb    3 f    Ryd            0.00105
  153 tb    3 f    Ryd            0.00065
  154 tb    3 f    Ryd            0.00057
  155 tb    3 f    Ryd            0.00057
  156 tb    3 f    Ryd            0.00001
  157 tb    3 f    Ryd            0.00000
  158 tb    3 f    Ryd            0.00000
  159 tb    3 f    Ryd            0.00002
  160 tb    3 f    Ryd            0.00000
  161 tb    3 f    Ryd            0.00000
  162 tb    3 f    Ryd            0.00000

  163 s     4 s    Cor(1s)        1.99999
  164 s     4 s    Cor(2s)        1.99961
  165 s     4 s    Val(3s)        1.83336
  166 s     4 s    Ryd            0.00405
  167 s     4 p    Cor(2px)       1.99989
  168 s     4 p    Cor(2py)       1.99989
  169 s     4 p    Cor(2pz)       1.99984
  170 s     4 p    Val(3px)       1.51903
  171 s     4 p    Val(3py)       1.51903
  172 s     4 p    Val(3pz)       1.50467
  173 s     4 p    Ryd            0.00079
  174 s     4 p    Ryd            0.00079
  175 s     4 p    Ryd            0.00223
  176 s     4 d    Ryd            0.00233
  177 s     4 d    Ryd            0.00226
  178 s     4 d    Ryd            0.00226
  179 s     4 d    Ryd            0.00264
  180 s     4 d    Ryd            0.00197

  181 s     5 s    Cor(1s)        1.99999
  182 s     5 s    Cor(2s)        1.99961
  183 s     5 s    Val(3s)        1.83336
  184 s     5 s    Ryd            0.00405
  185 s     5 p    Cor(2px)       1.99989
  186 s     5 p    Cor(2py)       1.99989
  187 s     5 p    Cor(2pz)       1.99984
  188 s     5 p    Val(3px)       1.51903
  189 s     5 p    Val(3py)       1.51903
  190 s     5 p    Val(3pz)       1.50467
  191 s     5 p    Ryd            0.00079
  192 s     5 p    Ryd            0.00079
  193 s     5 p    Ryd            0.00223
  194 s     5 d    Ryd            0.00233
  195 s     5 d    Ryd            0.00226
  196 s     5 d    Ryd            0.00226
  197 s     5 d    Ryd            0.00264
  198 s     5 d    Ryd            0.00197

  199 s     6 s    Cor(1s)        1.99999
  200 s     6 s    Cor(2s)        1.99961
  201 s     6 s    Val(3s)        1.83336
  202 s     6 s    Ryd            0.00405
  203 s     6 p    Cor(2px)       1.99989
  204 s     6 p    Cor(2py)       1.99989
  205 s     6 p    Cor(2pz)       1.99984
  206 s     6 p    Val(3px)       1.51903
  207 s     6 p    Val(3py)       1.51903
  208 s     6 p    Val(3pz)       1.50467
  209 s     6 p    Ryd            0.00079
  210 s     6 p    Ryd            0.00079
  211 s     6 p    Ryd            0.00223
  212 s     6 d    Ryd            0.00233
  213 s     6 d    Ryd            0.00226
  214 s     6 d    Ryd            0.00226
  215 s     6 d    Ryd            0.00264
  216 s     6 d    Ryd            0.00197

  217 s     7 s    Cor(1s)        1.99999
  218 s     7 s    Cor(2s)        1.99961
  219 s     7 s    Val(3s)        1.83336
  220 s     7 s    Ryd            0.00405
  221 s     7 p    Cor(2px)       1.99989
  222 s     7 p    Cor(2py)       1.99989
  223 s     7 p    Cor(2pz)       1.99984
  224 s     7 p    Val(3px)       1.51903
  225 s     7 p    Val(3py)       1.51903
  226 s     7 p    Val(3pz)       1.50467
  227 s     7 p    Ryd            0.00079
  228 s     7 p    Ryd            0.00079
  229 s     7 p    Ryd            0.00223
  230 s     7 d    Ryd            0.00233
  231 s     7 d    Ryd            0.00226
  232 s     7 d    Ryd            0.00226
  233 s     7 d    Ryd            0.00264
  234 s     7 d    Ryd            0.00197

  235 c     8 s    Cor(1s)        1.99892
  236 c     8 s    Val(2s)        0.95939
  237 c     8 s    Ryd            0.00344
  238 c     8 p    Val(2px)       1.14574
  239 c     8 p    Val(2py)       1.13230
  240 c     8 p    Val(2pz)       1.07288
  241 c     8 p    Ryd            0.00625
  242 c     8 p    Ryd            0.00362
  243 c     8 p    Ryd            0.00503
  244 c     8 d    Ryd            0.00086
  245 c     8 d    Ryd            0.00092
  246 c     8 d    Ryd            0.00081
  247 c     8 d    Ryd            0.00096
  248 c     8 d    Ryd            0.00082

  249 c     9 s    Cor(1s)        1.99891
  250 c     9 s    Val(2s)        0.96137
  251 c     9 s    Ryd            0.00302
  252 c     9 p    Val(2px)       1.07653
  253 c     9 p    Val(2py)       1.07653
  254 c     9 p    Val(2pz)       1.19357
  255 c     9 p    Ryd            0.00587
  256 c     9 p    Ryd            0.00587
  257 c     9 p    Ryd            0.00412
  258 c     9 d    Ryd            0.00113
  259 c     9 d    Ryd            0.00086
  260 c     9 d    Ryd            0.00086
  261 c     9 d    Ryd            0.00064
  262 c     9 d    Ryd            0.00084

  263 c    10 s    Cor(1s)        1.99892
  264 c    10 s    Val(2s)        0.95939
  265 c    10 s    Ryd            0.00344
  266 c    10 p    Val(2px)       1.13230
  267 c    10 p    Val(2py)       1.14574
  268 c    10 p    Val(2pz)       1.07288
  269 c    10 p    Ryd            0.00362
  270 c    10 p    Ryd            0.00625
  271 c    10 p    Ryd            0.00503
  272 c    10 d    Ryd            0.00086
  273 c    10 d    Ryd            0.00081
  274 c    10 d    Ryd            0.00092
  275 c    10 d    Ryd            0.00096
  276 c    10 d    Ryd            0.00082

  277 c    11 s    Cor(1s)        1.99892
  278 c    11 s    Val(2s)        0.95658
  279 c    11 s    Ryd            0.00395
  280 c    11 p    Val(2px)       1.15264
  281 c    11 p    Val(2py)       1.08187
  282 c    11 p    Val(2pz)       1.13525
  283 c    11 p    Ryd            0.00320
  284 c    11 p    Ryd            0.00516
  285 c    11 p    Ryd            0.00636
  286 c    11 d    Ryd            0.00089
  287 c    11 d    Ryd            0.00105
  288 c    11 d    Ryd            0.00078
  289 c    11 d    Ryd            0.00071
  290 c    11 d    Ryd            0.00091

  291 c    12 s    Cor(1s)        1.99892
  292 c    12 s    Val(2s)        0.95658
  293 c    12 s    Ryd            0.00395
  294 c    12 p    Val(2px)       1.08187
  295 c    12 p    Val(2py)       1.15264
  296 c    12 p    Val(2pz)       1.13525
  297 c    12 p    Ryd            0.00516
  298 c    12 p    Ryd            0.00320
  299 c    12 p    Ryd            0.00636
  300 c    12 d    Ryd            0.00089
  301 c    12 d    Ryd            0.00078
  302 c    12 d    Ryd            0.00105
  303 c    12 d    Ryd            0.00071
  304 c    12 d    Ryd            0.00091

  305 c    13 s    Cor(1s)        1.99892
  306 c    13 s    Val(2s)        0.95939
  307 c    13 s    Ryd            0.00344
  308 c    13 p    Val(2px)       1.13230
  309 c    13 p    Val(2py)       1.14574
  310 c    13 p    Val(2pz)       1.07288
  311 c    13 p    Ryd            0.00362
  312 c    13 p    Ryd            0.00625
  313 c    13 p    Ryd            0.00503
  314 c    13 d    Ryd            0.00086
  315 c    13 d    Ryd            0.00081
  316 c    13 d    Ryd            0.00092
  317 c    13 d    Ryd            0.00096
  318 c    13 d    Ryd            0.00082

  319 c    14 s    Cor(1s)        1.99891
  320 c    14 s    Val(2s)        0.96137
  321 c    14 s    Ryd            0.00302
  322 c    14 p    Val(2px)       1.07653
  323 c    14 p    Val(2py)       1.07653
  324 c    14 p    Val(2pz)       1.19357
  325 c    14 p    Ryd            0.00587
  326 c    14 p    Ryd            0.00587
  327 c    14 p    Ryd            0.00412
  328 c    14 d    Ryd            0.00113
  329 c    14 d    Ryd            0.00086
  330 c    14 d    Ryd            0.00086
  331 c    14 d    Ryd            0.00064
  332 c    14 d    Ryd            0.00084

  333 c    15 s    Cor(1s)        1.99892
  334 c    15 s    Val(2s)        0.95939
  335 c    15 s    Ryd            0.00344
  336 c    15 p    Val(2px)       1.14574
  337 c    15 p    Val(2py)       1.13230
  338 c    15 p    Val(2pz)       1.07288
  339 c    15 p    Ryd            0.00625
  340 c    15 p    Ryd            0.00362
  341 c    15 p    Ryd            0.00503
  342 c    15 d    Ryd            0.00086
  343 c    15 d    Ryd            0.00092
  344 c    15 d    Ryd            0.00081
  345 c    15 d    Ryd            0.00096
  346 c    15 d    Ryd            0.00082

  347 c    16 s    Cor(1s)        1.99892
  348 c    16 s    Val(2s)        0.95658
  349 c    16 s    Ryd            0.00395
  350 c    16 p    Val(2px)       1.08187
  351 c    16 p    Val(2py)       1.15264
  352 c    16 p    Val(2pz)       1.13525
  353 c    16 p    Ryd            0.00516
  354 c    16 p    Ryd            0.00320
  355 c    16 p    Ryd            0.00636
  356 c    16 d    Ryd            0.00089
  357 c    16 d    Ryd            0.00078
  358 c    16 d    Ryd            0.00105
  359 c    16 d    Ryd            0.00071
  360 c    16 d    Ryd            0.00091

  361 c    17 s    Cor(1s)        1.99892
  362 c    17 s    Val(2s)        0.95658
  363 c    17 s    Ryd            0.00395
  364 c    17 p    Val(2px)       1.15264
  365 c    17 p    Val(2py)       1.08187
  366 c    17 p    Val(2pz)       1.13525
  367 c    17 p    Ryd            0.00320
  368 c    17 p    Ryd            0.00516
  369 c    17 p    Ryd            0.00636
  370 c    17 d    Ryd            0.00089
  371 c    17 d    Ryd            0.00105
  372 c    17 d    Ryd            0.00078
  373 c    17 d    Ryd            0.00071
  374 c    17 d    Ryd            0.00091

  375 c    18 s    Cor(1s)        1.99892
  376 c    18 s    Val(2s)        0.95939
  377 c    18 s    Ryd            0.00344
  378 c    18 p    Val(2px)       1.13230
  379 c    18 p    Val(2py)       1.14574
  380 c    18 p    Val(2pz)       1.07288
  381 c    18 p    Ryd            0.00362
  382 c    18 p    Ryd            0.00625
  383 c    18 p    Ryd            0.00503
  384 c    18 d    Ryd            0.00086
  385 c    18 d    Ryd            0.00081
  386 c    18 d    Ryd            0.00092
  387 c    18 d    Ryd            0.00096
  388 c    18 d    Ryd            0.00082

  389 c    19 s    Cor(1s)        1.99892
  390 c    19 s    Val(2s)        0.95658
  391 c    19 s    Ryd            0.00395
  392 c    19 p    Val(2px)       1.15264
  393 c    19 p    Val(2py)       1.08187
  394 c    19 p    Val(2pz)       1.13525
  395 c    19 p    Ryd            0.00320
  396 c    19 p    Ryd            0.00516
  397 c    19 p    Ryd            0.00636
  398 c    19 d    Ryd            0.00089
  399 c    19 d    Ryd            0.00105
  400 c    19 d    Ryd            0.00078
  401 c    19 d    Ryd            0.00071
  402 c    19 d    Ryd            0.00091

  403 c    20 s    Cor(1s)        1.99892
  404 c    20 s    Val(2s)        0.95658
  405 c    20 s    Ryd            0.00395
  406 c    20 p    Val(2px)       1.08187
  407 c    20 p    Val(2py)       1.15264
  408 c    20 p    Val(2pz)       1.13525
  409 c    20 p    Ryd            0.00516
  410 c    20 p    Ryd            0.00320
  411 c    20 p    Ryd            0.00636
  412 c    20 d    Ryd            0.00089
  413 c    20 d    Ryd            0.00078
  414 c    20 d    Ryd            0.00105
  415 c    20 d    Ryd            0.00071
  416 c    20 d    Ryd            0.00091

  417 c    21 s    Cor(1s)        1.99892
  418 c    21 s    Val(2s)        0.95939
  419 c    21 s    Ryd            0.00344
  420 c    21 p    Val(2px)       1.14574
  421 c    21 p    Val(2py)       1.13230
  422 c    21 p    Val(2pz)       1.07288
  423 c    21 p    Ryd            0.00625
  424 c    21 p    Ryd            0.00362
  425 c    21 p    Ryd            0.00503
  426 c    21 d    Ryd            0.00086
  427 c    21 d    Ryd            0.00092
  428 c    21 d    Ryd            0.00081
  429 c    21 d    Ryd            0.00096
  430 c    21 d    Ryd            0.00082

  431 c    22 s    Cor(1s)        1.99891
  432 c    22 s    Val(2s)        0.96137
  433 c    22 s    Ryd            0.00302
  434 c    22 p    Val(2px)       1.07653
  435 c    22 p    Val(2py)       1.07653
  436 c    22 p    Val(2pz)       1.19357
  437 c    22 p    Ryd            0.00587
  438 c    22 p    Ryd            0.00587
  439 c    22 p    Ryd            0.00412
  440 c    22 d    Ryd            0.00113
  441 c    22 d    Ryd            0.00086
  442 c    22 d    Ryd            0.00086
  443 c    22 d    Ryd            0.00064
  444 c    22 d    Ryd            0.00084

  445 c    23 s    Cor(1s)        1.99892
  446 c    23 s    Val(2s)        0.95939
  447 c    23 s    Ryd            0.00344
  448 c    23 p    Val(2px)       1.14574
  449 c    23 p    Val(2py)       1.13230
  450 c    23 p    Val(2pz)       1.07288
  451 c    23 p    Ryd            0.00625
  452 c    23 p    Ryd            0.00362
  453 c    23 p    Ryd            0.00503
  454 c    23 d    Ryd            0.00086
  455 c    23 d    Ryd            0.00092
  456 c    23 d    Ryd            0.00081
  457 c    23 d    Ryd            0.00096
  458 c    23 d    Ryd            0.00082

  459 c    24 s    Cor(1s)        1.99892
  460 c    24 s    Val(2s)        0.95658
  461 c    24 s    Ryd            0.00395
  462 c    24 p    Val(2px)       1.08187
  463 c    24 p    Val(2py)       1.15264
  464 c    24 p    Val(2pz)       1.13525
  465 c    24 p    Ryd            0.00516
  466 c    24 p    Ryd            0.00320
  467 c    24 p    Ryd            0.00636
  468 c    24 d    Ryd            0.00089
  469 c    24 d    Ryd            0.00078
  470 c    24 d    Ryd            0.00105
  471 c    24 d    Ryd            0.00071
  472 c    24 d    Ryd            0.00091

  473 c    25 s    Cor(1s)        1.99892
  474 c    25 s    Val(2s)        0.95658
  475 c    25 s    Ryd            0.00395
  476 c    25 p    Val(2px)       1.15264
  477 c    25 p    Val(2py)       1.08187
  478 c    25 p    Val(2pz)       1.13525
  479 c    25 p    Ryd            0.00320
  480 c    25 p    Ryd            0.00516
  481 c    25 p    Ryd            0.00636
  482 c    25 d    Ryd            0.00089
  483 c    25 d    Ryd            0.00105
  484 c    25 d    Ryd            0.00078
  485 c    25 d    Ryd            0.00071
  486 c    25 d    Ryd            0.00091

  487 c    26 s    Cor(1s)        1.99892
  488 c    26 s    Val(2s)        0.95939
  489 c    26 s    Ryd            0.00344
  490 c    26 p    Val(2px)       1.13230
  491 c    26 p    Val(2py)       1.14574
  492 c    26 p    Val(2pz)       1.07288
  493 c    26 p    Ryd            0.00362
  494 c    26 p    Ryd            0.00625
  495 c    26 p    Ryd            0.00503
  496 c    26 d    Ryd            0.00086
  497 c    26 d    Ryd            0.00081
  498 c    26 d    Ryd            0.00092
  499 c    26 d    Ryd            0.00096
  500 c    26 d    Ryd            0.00082

  501 c    27 s    Cor(1s)        1.99891
  502 c    27 s    Val(2s)        0.96137
  503 c    27 s    Ryd            0.00302
  504 c    27 p    Val(2px)       1.07653
  505 c    27 p    Val(2py)       1.07653
  506 c    27 p    Val(2pz)       1.19357
  507 c    27 p    Ryd            0.00587
  508 c    27 p    Ryd            0.00587
  509 c    27 p    Ryd            0.00412
  510 c    27 d    Ryd            0.00113
  511 c    27 d    Ryd            0.00086
  512 c    27 d    Ryd            0.00086
  513 c    27 d    Ryd            0.00064
  514 c    27 d    Ryd            0.00084

  515 h    28 s    Val(1s)        0.76723
  516 h    28 s    Ryd            0.00154

  517 h    29 s    Val(1s)        0.77670
  518 h    29 s    Ryd            0.00123

  519 h    30 s    Val(1s)        0.75775
  520 h    30 s    Ryd            0.00209

  521 h    31 s    Val(1s)        0.77670
  522 h    31 s    Ryd            0.00123

  523 h    32 s    Val(1s)        0.76723
  524 h    32 s    Ryd            0.00154

  525 h    33 s    Val(1s)        0.77670
  526 h    33 s    Ryd            0.00123

  527 h    34 s    Val(1s)        0.76723
  528 h    34 s    Ryd            0.00154

  529 h    35 s    Val(1s)        0.75775
  530 h    35 s    Ryd            0.00209

  531 h    36 s    Val(1s)        0.76723
  532 h    36 s    Ryd            0.00154

  533 h    37 s    Val(1s)        0.77670
  534 h    37 s    Ryd            0.00123

  535 h    38 s    Val(1s)        0.76723
  536 h    38 s    Ryd            0.00154

  537 h    39 s    Val(1s)        0.75775
  538 h    39 s    Ryd            0.00209

  539 h    40 s    Val(1s)        0.76723
  540 h    40 s    Ryd            0.00154

  541 h    41 s    Val(1s)        0.77670
  542 h    41 s    Ryd            0.00123

  543 h    42 s    Val(1s)        0.77670
  544 h    42 s    Ryd            0.00123

  545 h    43 s    Val(1s)        0.77670
  546 h    43 s    Ryd            0.00123

  547 h    44 s    Val(1s)        0.76723
  548 h    44 s    Ryd            0.00154

  549 h    45 s    Val(1s)        0.75775
  550 h    45 s    Ryd            0.00209

  551 h    46 s    Val(1s)        0.77670
  552 h    46 s    Ryd            0.00123

  553 h    47 s    Val(1s)        0.76723
  554 h    47 s    Ryd            0.00154

Summary of Natural Population Analysis:
                                      Natural Population
                 Natural   -----------------------------------
Atom No          Charge       Core        Valence     Rydberg     Total
               ----------------------------------------------------------
  1  mo           0.16993     7.97677     5.77060     0.08269    13.83007
  2  tb           1.29183    25.97726     9.61046     0.12046    35.70817
  3  tb           1.29183    25.97726     9.61046     0.12046    35.70817
  4  s           -0.39464     9.99922     6.37610     0.01932    16.39464
  5  s           -0.39464     9.99922     6.37610     0.01932    16.39464
  6  s           -0.39464     9.99922     6.37610     0.01932    16.39464
  7  s           -0.39464     9.99922     6.37610     0.01932    16.39464
  8  c           -0.33193     1.99892     4.31031     0.02271     6.33193
  9  c           -0.33011     1.99891     4.30800     0.02320     6.33011
 10  c           -0.33193     1.99892     4.31031     0.02271     6.33193
 11  c           -0.34827     1.99892     4.32634     0.02301     6.34827
 12  c           -0.34827     1.99892     4.32634     0.02301     6.34827
 13  c           -0.33193     1.99892     4.31031     0.02271     6.33193
 14  c           -0.33011     1.99891     4.30800     0.02320     6.33011
 15  c           -0.33193     1.99892     4.31031     0.02271     6.33193
 16  c           -0.34827     1.99892     4.32634     0.02301     6.34827
 17  c           -0.34827     1.99892     4.32634     0.02301     6.34827
 18  c           -0.33193     1.99892     4.31031     0.02271     6.33193
 19  c           -0.34827     1.99892     4.32634     0.02301     6.34827
 20  c           -0.34827     1.99892     4.32634     0.02301     6.34827
 21  c           -0.33193     1.99892     4.31031     0.02271     6.33193
 22  c           -0.33011     1.99891     4.30800     0.02320     6.33011
 23  c           -0.33193     1.99892     4.31031     0.02271     6.33193
 24  c           -0.34827     1.99892     4.32634     0.02301     6.34827
 25  c           -0.34827     1.99892     4.32634     0.02301     6.34827
 26  c           -0.33193     1.99892     4.31031     0.02271     6.33193
 27  c           -0.33011     1.99891     4.30800     0.02320     6.33011
 28  h            0.23123     0.00000     0.76723     0.00154     0.76877
 29  h            0.22207     0.00000     0.77670     0.00123     0.77793
 30  h            0.24016     0.00000     0.75775     0.00209     0.75984
 31  h            0.22207     0.00000     0.77670     0.00123     0.77793
 32  h            0.23123     0.00000     0.76723     0.00154     0.76877
 33  h            0.22207     0.00000     0.77670     0.00123     0.77793
 34  h            0.23123     0.00000     0.76723     0.00154     0.76877
 35  h            0.24016     0.00000     0.75775     0.00209     0.75984
 36  h            0.23123     0.00000     0.76723     0.00154     0.76877
 37  h            0.22207     0.00000     0.77670     0.00123     0.77793
 38  h            0.23123     0.00000     0.76723     0.00154     0.76877
 39  h            0.24016     0.00000     0.75775     0.00209     0.75984
 40  h            0.23123     0.00000     0.76723     0.00154     0.76877
 41  h            0.22207     0.00000     0.77670     0.00123     0.77793
 42  h            0.22207     0.00000     0.77670     0.00123     0.77793
 43  h            0.22207     0.00000     0.77670     0.00123     0.77793
 44  h            0.23123     0.00000     0.76723     0.00154     0.76877
 45  h            0.24016     0.00000     0.75775     0.00209     0.75984
 46  h            0.22207     0.00000     0.77670     0.00123     0.77793
 47  h            0.23123     0.00000     0.76723     0.00154     0.76877
               ----------------------------------------------------------
 * Total *       -1.00000   139.90653   152.20351     0.88996   293.00000

For all atoms:
Core                     139.90653(  99.9332% of  140)
Valence                  152.20351(  99.4794% of  153)
Natural Minimal Basis    292.11004(  99.6963% of  293)
Natural Rydberg Basis      0.88996(   0.3037% of  293)

 ==============================================================================

atomic populations from total density:
atom          charge    n(s)      n(p)      n(d)      n(f)      n(g)
  1 mo         0.16993   2.46259   6.00180   5.36568   0.00000   0.00000
  2 tb         1.29183   4.84018  12.00326  11.52066   7.34408   0.00000
  3 tb         1.29183   4.84018  12.00326  11.52066   7.34408   0.00000
  4 s         -0.39464   5.83702  10.54617   0.01146   0.00000   0.00000
  5 s         -0.39464   5.83702  10.54617   0.01146   0.00000   0.00000
  6 s         -0.39464   5.83702  10.54617   0.01146   0.00000   0.00000
  7 s         -0.39464   5.83702  10.54617   0.01146   0.00000   0.00000
  8 c         -0.33193   2.96174   3.36582   0.00436   0.00000   0.00000
  9 c         -0.33011   2.96331   3.36248   0.00432   0.00000   0.00000
 10 c         -0.33193   2.96174   3.36582   0.00436   0.00000   0.00000
 11 c         -0.34827   2.95945   3.38448   0.00434   0.00000   0.00000
 12 c         -0.34827   2.95945   3.38448   0.00434   0.00000   0.00000
 13 c         -0.33193   2.96174   3.36582   0.00436   0.00000   0.00000
 14 c         -0.33011   2.96331   3.36248   0.00432   0.00000   0.00000
 15 c         -0.33193   2.96174   3.36582   0.00436   0.00000   0.00000
 16 c         -0.34827   2.95945   3.38448   0.00434   0.00000   0.00000
 17 c         -0.34827   2.95945   3.38448   0.00434   0.00000   0.00000
 18 c         -0.33193   2.96174   3.36582   0.00436   0.00000   0.00000
 19 c         -0.34827   2.95945   3.38448   0.00434   0.00000   0.00000
 20 c         -0.34827   2.95945   3.38448   0.00434   0.00000   0.00000
 21 c         -0.33193   2.96174   3.36582   0.00436   0.00000   0.00000
 22 c         -0.33011   2.96331   3.36248   0.00432   0.00000   0.00000
 23 c         -0.33193   2.96174   3.36582   0.00436   0.00000   0.00000
 24 c         -0.34827   2.95945   3.38448   0.00434   0.00000   0.00000
 25 c         -0.34827   2.95945   3.38448   0.00434   0.00000   0.00000
 26 c         -0.33193   2.96174   3.36582   0.00436   0.00000   0.00000
 27 c         -0.33011   2.96331   3.36248   0.00432   0.00000   0.00000
 28 h          0.23123   0.76877   0.00000   0.00000   0.00000   0.00000
 29 h          0.22207   0.77793   0.00000   0.00000   0.00000   0.00000
 30 h          0.24016   0.75984   0.00000   0.00000   0.00000   0.00000
 31 h          0.22207   0.77793   0.00000   0.00000   0.00000   0.00000
 32 h          0.23123   0.76877   0.00000   0.00000   0.00000   0.00000
 33 h          0.22207   0.77793   0.00000   0.00000   0.00000   0.00000
 34 h          0.23123   0.76877   0.00000   0.00000   0.00000   0.00000
 35 h          0.24016   0.75984   0.00000   0.00000   0.00000   0.00000
 36 h          0.23123   0.76877   0.00000   0.00000   0.00000   0.00000
 37 h          0.22207   0.77793   0.00000   0.00000   0.00000   0.00000
 38 h          0.23123   0.76877   0.00000   0.00000   0.00000   0.00000
 39 h          0.24016   0.75984   0.00000   0.00000   0.00000   0.00000
 40 h          0.23123   0.76877   0.00000   0.00000   0.00000   0.00000
 41 h          0.22207   0.77793   0.00000   0.00000   0.00000   0.00000
 42 h          0.22207   0.77793   0.00000   0.00000   0.00000   0.00000
 43 h          0.22207   0.77793   0.00000   0.00000   0.00000   0.00000
 44 h          0.23123   0.76877   0.00000   0.00000   0.00000   0.00000
 45 h          0.24016   0.75984   0.00000   0.00000   0.00000   0.00000
 46 h          0.22207   0.77793   0.00000   0.00000   0.00000   0.00000
 47 h          0.23123   0.76877   0.00000   0.00000   0.00000   0.00000

 ==============================================================================

 
 moments (from total density versus population analysis)
 <charge> =            -1.000000           -1.000000
 <xx  >   =          -206.051935          -11.097481
 <yy  >   =          -206.051935          -11.097481
 <zz  >   =          -230.151117          -44.731358
 <xy  >   =            -0.000000           -0.000000
 <xz  >   =             0.000000           -0.000000
 <yz  >   =             0.000000           -0.000000


nbfiat:  1  5  9 10  0  0  0  0  0  0  0  0
nbfiat:  2 10 18 20 21  0  0  0  0  0  0  0
nbfiat:  3 10 18 20 21  0  0  0  0  0  0  0
nbfiat:  4  4  9  5  0  0  0  0  0  0  0  0
nbfiat:  5  4  9  5  0  0  0  0  0  0  0  0
nbfiat:  6  4  9  5  0  0  0  0  0  0  0  0
nbfiat:  7  4  9  5  0  0  0  0  0  0  0  0
nbfiat:  8  3  6  5  0  0  0  0  0  0  0  0
nbfiat:  9  3  6  5  0  0  0  0  0  0  0  0
nbfiat: 10  3  6  5  0  0  0  0  0  0  0  0
nbfiat: 11  3  6  5  0  0  0  0  0  0  0  0
nbfiat: 12  3  6  5  0  0  0  0  0  0  0  0
nbfiat: 13  3  6  5  0  0  0  0  0  0  0  0
nbfiat: 14  3  6  5  0  0  0  0  0  0  0  0
nbfiat: 15  3  6  5  0  0  0  0  0  0  0  0
nbfiat: 16  3  6  5  0  0  0  0  0  0  0  0
nbfiat: 17  3  6  5  0  0  0  0  0  0  0  0
nbfiat: 18  3  6  5  0  0  0  0  0  0  0  0
nbfiat: 19  3  6  5  0  0  0  0  0  0  0  0
nbfiat: 20  3  6  5  0  0  0  0  0  0  0  0
nbfiat: 21  3  6  5  0  0  0  0  0  0  0  0
nbfiat: 22  3  6  5  0  0  0  0  0  0  0  0
nbfiat: 23  3  6  5  0  0  0  0  0  0  0  0
nbfiat: 24  3  6  5  0  0  0  0  0  0  0  0
nbfiat: 25  3  6  5  0  0  0  0  0  0  0  0
nbfiat: 26  3  6  5  0  0  0  0  0  0  0  0
nbfiat: 27  3  6  5  0  0  0  0  0  0  0  0
nbfiat: 28  2  0  0  0  0  0  0  0  0  0  0
nbfiat: 29  2  0  0  0  0  0  0  0  0  0  0
nbfiat: 30  2  0  0  0  0  0  0  0  0  0  0
nbfiat: 31  2  0  0  0  0  0  0  0  0  0  0
nbfiat: 32  2  0  0  0  0  0  0  0  0  0  0
nbfiat: 33  2  0  0  0  0  0  0  0  0  0  0
nbfiat: 34  2  0  0  0  0  0  0  0  0  0  0
nbfiat: 35  2  0  0  0  0  0  0  0  0  0  0
nbfiat: 36  2  0  0  0  0  0  0  0  0  0  0
nbfiat: 37  2  0  0  0  0  0  0  0  0  0  0
nbfiat: 38  2  0  0  0  0  0  0  0  0  0  0
nbfiat: 39  2  0  0  0  0  0  0  0  0  0  0
nbfiat: 40  2  0  0  0  0  0  0  0  0  0  0
nbfiat: 41  2  0  0  0  0  0  0  0  0  0  0
nbfiat: 42  2  0  0  0  0  0  0  0  0  0  0
nbfiat: 43  2  0  0  0  0  0  0  0  0  0  0
nbfiat: 44  2  0  0  0  0  0  0  0  0  0  0
nbfiat: 45  2  0  0  0  0  0  0  0  0  0  0
nbfiat: 46  2  0  0  0  0  0  0  0  0  0  0
nbfiat: 47  2  0  0  0  0  0  0  0  0  0  0
***********************************
*** Spin density (Dalpha-Dbeta) ***
***********************************

 ==============================================================================

atomic populations from spin  density:
atom          sum       n(s)      n(p)      n(d)      n(f)      n(g)
  1 mo         0.52793  -0.00144   0.08962   0.43976   0.00000   0.00000
  2 tb         6.42237  -0.54293   0.05038   0.28683   6.62810   0.00000
  3 tb         6.42237  -0.54293   0.05038   0.28683   6.62810   0.00000
  4 s         -0.02098  -0.00172  -0.02051   0.00125   0.00000   0.00000
  5 s         -0.02098  -0.00172  -0.02051   0.00125   0.00000   0.00000
  6 s         -0.02098  -0.00172  -0.02051   0.00125   0.00000   0.00000
  7 s         -0.02098  -0.00172  -0.02051   0.00125   0.00000   0.00000
  8 c         -0.01861  -0.00181  -0.01680  -0.00001   0.00000   0.00000
  9 c         -0.00554  -0.00072  -0.00476  -0.00006   0.00000   0.00000
 10 c         -0.01861  -0.00181  -0.01680  -0.00001   0.00000   0.00000
 11 c         -0.01394  -0.00185  -0.01207  -0.00002   0.00000   0.00000
 12 c         -0.01394  -0.00185  -0.01207  -0.00002   0.00000   0.00000
 13 c         -0.01861  -0.00181  -0.01680  -0.00001   0.00000   0.00000
 14 c         -0.00554  -0.00072  -0.00476  -0.00006   0.00000   0.00000
 15 c         -0.01861  -0.00181  -0.01680  -0.00001   0.00000   0.00000
 16 c         -0.01394  -0.00185  -0.01207  -0.00002   0.00000   0.00000
 17 c         -0.01394  -0.00185  -0.01207  -0.00002   0.00000   0.00000
 18 c         -0.01861  -0.00181  -0.01680  -0.00001   0.00000   0.00000
 19 c         -0.01394  -0.00185  -0.01207  -0.00002   0.00000   0.00000
 20 c         -0.01394  -0.00185  -0.01207  -0.00002   0.00000   0.00000
 21 c         -0.01861  -0.00181  -0.01680  -0.00001   0.00000   0.00000
 22 c         -0.00554  -0.00072  -0.00476  -0.00006   0.00000   0.00000
 23 c         -0.01861  -0.00181  -0.01680  -0.00001   0.00000   0.00000
 24 c         -0.01394  -0.00185  -0.01207  -0.00002   0.00000   0.00000
 25 c         -0.01394  -0.00185  -0.01207  -0.00002   0.00000   0.00000
 26 c         -0.01861  -0.00181  -0.01680  -0.00001   0.00000   0.00000
 27 c         -0.00554  -0.00072  -0.00476  -0.00006   0.00000   0.00000
 28 h         -0.00126  -0.00126   0.00000   0.00000   0.00000   0.00000
 29 h          0.00039   0.00039   0.00000   0.00000   0.00000   0.00000
 30 h          0.00020   0.00020   0.00000   0.00000   0.00000   0.00000
 31 h          0.00039   0.00039   0.00000   0.00000   0.00000   0.00000
 32 h         -0.00126  -0.00126   0.00000   0.00000   0.00000   0.00000
 33 h          0.00039   0.00039   0.00000   0.00000   0.00000   0.00000
 34 h         -0.00126  -0.00126   0.00000   0.00000   0.00000   0.00000
 35 h          0.00020   0.00020   0.00000   0.00000   0.00000   0.00000
 36 h         -0.00126  -0.00126   0.00000   0.00000   0.00000   0.00000
 37 h          0.00039   0.00039   0.00000   0.00000   0.00000   0.00000
 38 h         -0.00126  -0.00126   0.00000   0.00000   0.00000   0.00000
 39 h          0.00020   0.00020   0.00000   0.00000   0.00000   0.00000
 40 h         -0.00126  -0.00126   0.00000   0.00000   0.00000   0.00000
 41 h          0.00039   0.00039   0.00000   0.00000   0.00000   0.00000
 42 h          0.00039   0.00039   0.00000   0.00000   0.00000   0.00000
 43 h          0.00039   0.00039   0.00000   0.00000   0.00000   0.00000
 44 h         -0.00126  -0.00126   0.00000   0.00000   0.00000   0.00000
 45 h          0.00020   0.00020   0.00000   0.00000   0.00000   0.00000
 46 h          0.00039   0.00039   0.00000   0.00000   0.00000   0.00000
 47 h         -0.00126  -0.00126   0.00000   0.00000   0.00000   0.00000
 
 ==============================================================================
 
HOMO-LUMO Separation
 HOMO         :   -0.03037813 H =     -0.82663 eV
 LUMO         :   -0.01645990 H =     -0.44790 eV
 HOMO-LUMO gap:    0.01391823 H =     +0.37873 eV
 
 ==============================================================================


    ------------------------------------------------------------------------
         total  cpu-time :   1.16 seconds
         total wall-time :   1.41 seconds
    ------------------------------------------------------------------------

   ****  ridft : all done  ****


    2020-07-23 22:18:56.230 

