
 ridft (login-i16) : TURBOMOLE rev. V7.5.0 compiled 13 Jun 2020 at 23:29:25
 Copyright (C) 2020 TURBOMOLE GmbH, Karlsruhe


    2020-08-01 19:01:59.527 



                                  r i d f t

                        DFT program with RI approximation 
                                for coulomb part 




                                                 
                                 References:     
                                                 
          TURBOMOLE:                             
              R. Ahlrichs, M. Baer, M. Haeser, H. Horn, and
              C. Koelmel
              Electronic structure calculations on workstation
              computers: the program system TURBOMOLE
              Chem. Phys. Lett. 162: 165 (1989)
          Density Functional:                              
              O. Treutler and R. Ahlrichs                      
              Efficient Molecular Numerical Integration Schemes
              J. Chem. Phys. 102: 346 (1995)                   
          Parallel Version:                                
              Performance of parallel TURBOMOLE for Density    
              Functional Calculations                          
              M. v. Arnim and R. Ahlrichs                      
              J. Comp. Chem. 19: 1746 (1998)                   
          RI-J Method:                                     
              Auxiliary Basis Sets to approximate Coulomb      
              Potentials                                       
              Chem. Phys. Lett. 240: 283 (1995)                
              K. Eichkorn, O. Treutler, H. Oehm, M. Haeser     
              and R. Ahlrichs                                  
              Chem. Phys. Lett. 242: 652 (1995)                
                                                           
              Auxiliary Basis Sets for Main Row Atoms and their
              Use to approximate Coulomb Potentials            
              K. Eichkorn, F. Weigend, O. Treutler and         
              R. Ahlrichs                                      
              Theo. Chem. Acc. 97: 119 (1997)                   
                                                           
              Accurate Coulomb-fitting basis sets for H to Rn 
              F. Weigend                                        
              Phys. Chem. Chem. Phys. 8: 1057 (2006)            
                                                           
          Multipole accelerated RI-J (MARI-J):             
              Fast evaluation of the Coulomb potential for     
              electron densities using multipole accelerated   
              resolution of identity approximation             
              M. Sierka, A. Hogekamp and R. Ahlrichs           
              J. Chem. Phys. 118: 9136 (2003)                  
          RI-JK Method:                                     
              A fully direct RI-HF algorithm: Implementation,
              optimised auxiliary basis sets, demonstration of
              accuracy and efficiency                         
              F. Weigend                                      
              Phys. Chem. Chem. Phys. 4: 4285 (2002)           
          Two-component HF and DFT with spin-orbit coupling:  
              Self-consistent treatment of spin-orbit         
              interactions with efficient Hartree-Fock and    
              density functional methods                      
              M. K. Armbruster, F. Weigend, C. van Wüllen and 
              W. Klopper                                      
              Phys. Chem. Chem. Phys. 10: 1748 (2008)         
          Two-component difference density and DIIS algorithm 
              Efficient two-component self-consistent field   
              procedures and gradients: implementation in     
              TURBOMOLE and application to Au20-              
              A. Baldes, F. Weigend                           
              Mol. Phys. 111: 2617 (2013)                     
          Relativistic all-electron 2c calculations           
              An efficient implementation of two-component    
              relativistic exact-decoupling methods for large 
              molecules                                       
              D. Peng, N. Middendorf, F. Weigend, M. Reiher   
              J. Chem. Phys. 138: 184105 (2013)               
          Finite nucleus model and SNSO approximation         
              Efficient implementation of one- and two-       
              component analytical energy gradients in exact  
              two-component theory                            
              Y. J. Franzke, N. Middendorf, F. Weigend        
              J. Chem. Phys. 148: 104110 (2018)               
          Grids for all-electron relativistic methods         
              Error-consistent segmented contracted all-      
              electron relativistic basis sets of double-     
              and triple-zeta quality for NMR shielding       
              constants                                       
              Y. J. Franzke, R. Tress, T. M. Pazdera,         
              F. Weigend                                      
              Phys. Chem. Chem. Phys. 21: 166658 (2019)       
          Seminumerical exchange algorithms                   
              Seminumerical calculation of the Hartree-Fock   
              exchange matirx: Application to two-component   
              procedures and efficient evaluation of local    
              hybrid functionsl                               
              P. Plessow, F. Weigend,                         
              J. Comput. Chem. 33: 810 (2012)                 
          Improved seminumerical algorithms                   
              C. Holzer, in preparation (2020)                
                                         




              +--------------------------------------------------+
              |      general information about current run       |
              +--------------------------------------------------+

 
no calculation of wave function, analysis of properties only

 DENSITY CONVERGENCE CHECK SWITCHED ON !
 SCF CONVERGENCE IF RMS(delta[D]) <     0.1000000000E-06

 TPSS global hybrid functional
 exchange:    9/10 (LDA+TPSS) + 1/10 HF
 correlation: LDA (PW) + TPSS
 A Hybrid-DFT calculation using the RI-J approximation will be carried out.
 Allocatable memory for RI due to $ricore (MB):                100000


              +--------------------------------------------------+
              | Atomic coordinate, charge and isotop information |
              +--------------------------------------------------+

                    atomic coordinates            atom    charge  isotop
          0.00000000    0.00000000    0.00000000    mo    42.000     0
          0.00000000    0.00000000   -6.38172021    dy    66.000     0
          0.00000000    0.00000000    6.38172021    dy    66.000     0
          2.38781909    2.38781909   -2.50242622    s     16.000     0
         -2.38781909   -2.38781909   -2.50242622    s     16.000     0
          2.38781909   -2.38781909    2.50242622    s     16.000     0
         -2.38781909    2.38781909    2.50242622    s     16.000     0
          4.63803045   -1.58454338   -7.62263773    c      6.000     0
          3.57724811   -3.57724811   -6.19747849    c      6.000     0
          1.58454338   -4.63803045   -7.62263773    c      6.000     0
          1.40417655   -3.29726553   -9.92836817    c      6.000     0
          3.29726553   -1.40417655   -9.92836817    c      6.000     0
         -1.58454338    4.63803045   -7.62263773    c      6.000     0
         -3.57724811    3.57724811   -6.19747849    c      6.000     0
         -4.63803045    1.58454338   -7.62263773    c      6.000     0
         -3.29726553    1.40417655   -9.92836817    c      6.000     0
         -1.40417655    3.29726553   -9.92836817    c      6.000     0
          1.58454338    4.63803045    7.62263773    c      6.000     0
          1.40417655    3.29726553    9.92836817    c      6.000     0
          3.29726553    1.40417655    9.92836817    c      6.000     0
          4.63803045    1.58454338    7.62263773    c      6.000     0
          3.57724811    3.57724811    6.19747849    c      6.000     0
         -4.63803045   -1.58454338    7.62263773    c      6.000     0
         -3.29726553   -1.40417655    9.92836817    c      6.000     0
         -1.40417655   -3.29726553    9.92836817    c      6.000     0
         -1.58454338   -4.63803045    7.62263773    c      6.000     0
         -3.57724811   -3.57724811    6.19747849    c      6.000     0
          0.37864544   -6.17324022   -7.02324217    h      1.000     0
          0.06846253   -3.65902882  -11.43096438    h      1.000     0
          4.12526209   -4.12526209   -4.30900819    h      1.000     0
          3.65902882   -0.06846253  -11.43096438    h      1.000     0
          6.17324022   -0.37864544   -7.02324217    h      1.000     0
         -0.06846253    3.65902882  -11.43096438    h      1.000     0
         -0.37864544    6.17324022   -7.02324217    h      1.000     0
         -4.12526209    4.12526209   -4.30900819    h      1.000     0
         -6.17324022    0.37864544   -7.02324217    h      1.000     0
         -3.65902882    0.06846253  -11.43096438    h      1.000     0
         -0.37864544   -6.17324022    7.02324217    h      1.000     0
         -4.12526209   -4.12526209    4.30900819    h      1.000     0
         -6.17324022   -0.37864544    7.02324217    h      1.000     0
         -3.65902882   -0.06846253   11.43096438    h      1.000     0
         -0.06846253   -3.65902882   11.43096438    h      1.000     0
          0.06846253    3.65902882   11.43096438    h      1.000     0
          0.37864544    6.17324022    7.02324217    h      1.000     0
          4.12526209    4.12526209    4.30900819    h      1.000     0
          3.65902882    0.06846253   11.43096438    h      1.000     0
          6.17324022    0.37864544    7.02324217    h      1.000     0
 
       center of nuclear mass  :   -0.00000000    0.00000000   -0.00000000
       center of nuclear charge:    0.00000000   -0.00000000    0.00000000

              +--------------------------------------------------+
              |               basis set information              |
              +--------------------------------------------------+

              we will work with the 1s 3p 5d 7f 9g ... basis set
              ...i.e. with spherical basis functions...

   type   atoms  prim   cont   basis
   ---------------------------------------------------------------------------
    mo       1     60     40   def2-TZVP   [6s4p3d1f|7s7p5d1f]
    dy       2    171     93   def2-TZVP   [10s7p5d4f1g|14s14p10d8f1g]
    s        4     63     37   def2-TZVP   [5s5p2d1f|14s9p3d1f]
    c       20     46     31   def2-TZVP   [5s3p2d1f|11s6p2d1f]
    h       20      8      6   def2-TZVP   [3s1p|5s1p]
   ---------------------------------------------------------------------------
   total:   47   1734   1114
   ---------------------------------------------------------------------------

   total number of primitive shells          :  120
   total number of contracted shells         :  420
   total number of cartesian basis functions : 1286
   total number of SCF-basis functions       : 1114

 number of unique ecp types :                     2

 integral neglect threshold       :  0.10E-14
 integral storage threshold THIZE :  0.10E-04
 integral storage threshold THIME :         5

 RI-J AUXILIARY BASIS SET information:

              we will work with the 1s 3p 5d 7f 9g ... basis set
              ...i.e. with spherical basis functions...

   type   atoms  prim   cont   basis
   ---------------------------------------------------------------------------
    mo       1     99     89   def2-TZVP   [8s5p5d2f3g|11s5p5d3f3g]
    dy       2    263    200   def2-TZVP   [14s7p6d6f5g2h2i|18s7p6d6f6g3h5i]
    s        4     77     51   def2-TZVP   [8s4p3d1f1g|14s5p5d2f1g]
    c       20     70     49   def2-TZVP   [6s4p3d1f1g|12s5p4d2f1g]
    h       20     16     11   def2-TZVP   [3s1p1d|5s2p1d]
   ---------------------------------------------------------------------------
   total:   47   2653   1893
   ---------------------------------------------------------------------------

   total number of primitive shells          :  137
   total number of contracted shells         :  575
   total number of cartesian basis functions : 2438
   total number of SCF-basis functions       : 1893


 symmetry group of the molecule :   c1 

 the group has the following generators :
   c1(z)

    1 symmetry operations found

 there are 1 real representations :   a   

 maximum number of shells which are related by symmetry :  1

  
           ------------------
           density functional
           ------------------
 TPSS global hybrid functional
 exchange:    9/10 (LDA+TPSS) + 1/10 HF
 correlation: LDA (PW) + TPSS

 spherical integration : Lebedev's spherical grid
 spherical gridsize    :                     4
    i.e. gridpoints    :                   434
 value for diffuse not defined
 radial integration    : Chebyshev 2nd kind (scaling 3)
 radial gridsize       :                     6
 integration cells     :                    47
 partition function    : becke
 partition sharpness   :                     3
  
 
 Derivatives of quadrature weights will be included
 

 biggest AO integral is expected to be    25.238462089

          ------------------------
          nuclear repulsion energy  :   5118.69422717    
          ------------------------

  _________________________________
 |                                 |
 |         DFTD3 V3.1 Rev 0        |
 | S.Grimme, University Bonn       |
 |            June  2014           |
 |   see standalone version        |
 |       dftd3 -h for options      |
 |_________________________________|
 
 Please cite DFT-D3 work done with this code as:
 S. Grimme, J. Antony, S. Ehrlich and H. Krieg,
 J. Chem. Phys, 132 (2010), 154104.
 If used with BJ-damping cite also
 S. Grimme, S. Ehrlich and L. Goerigk,
 J. Comput. Chem. 32 (2011), 1456-1465
 For DFT-D2 the reference is
 S. Grimme, J. Comput. Chem., 27 (2006), 1787-1799
 
C6 coefficients used:
                     2  C6 for element                      1
Z=  1 CN= 0.912     C6(AA)=    3.03
Z=  1 CN= 0.000     C6(AA)=    7.59
                     5  C6 for element                      6
Z=  6 CN= 0.000     C6(AA)=   49.11
Z=  6 CN= 0.987     C6(AA)=   43.25
Z=  6 CN= 1.998     C6(AA)=   29.36
Z=  6 CN= 2.999     C6(AA)=   25.78
Z=  6 CN= 3.984     C6(AA)=   18.21
                     3  C6 for element                     16
Z= 16 CN= 0.000     C6(AA)=  134.01
Z= 16 CN= 0.995     C6(AA)=  131.00
Z= 16 CN= 1.990     C6(AA)=  125.81
                     3  C6 for element                     42
Z= 42 CN= 0.000     C6(AA)=  845.90
Z= 42 CN= 1.942     C6(AA)=  502.01
Z= 42 CN=11.056     C6(AA)=  337.11
                     2  C6 for element                     66
Z= 66 CN= 0.000     C6(AA)= 2617.33
Z= 66 CN= 2.897     C6(AA)=  544.44

#           XYZ [au]              R0(AA) [Ang.]  CN          C6(AA)     C8(AA)   C10(AA) [au]
  1   0.00000   0.00000   0.00000   mo  1.286  5.583       502.0     57804.9   8153712.7
  2   0.00000   0.00000  -6.38172   dy  1.749 11.661       544.4    115916.4  30232866.7
  3   0.00000   0.00000   6.38172   dy  1.749 11.661       544.4    115916.4  30232866.7
  4   2.38782   2.38782  -2.50243   s   0.839  2.050       125.9      6166.6    370081.8
  5  -2.38782  -2.38782  -2.50243   s   0.839  2.050       125.9      6166.6    370081.8
  6   2.38782  -2.38782   2.50243   s   0.839  2.050       125.9      6166.6    370081.8
  7  -2.38782   2.38782   2.50243   s   0.839  2.050       125.9      6166.6    370081.8
  8   4.63803  -1.58454  -7.62264   c   0.644  4.115        18.3       528.0     18705.6
  9   3.57725  -3.57725  -6.19748   c   0.644  4.112        18.3       528.0     18706.7
 10   1.58454  -4.63803  -7.62264   c   0.644  4.115        18.3       528.0     18705.6
 11   1.40418  -3.29727  -9.92837   c   0.644  4.115        18.3       528.0     18705.7
 12   3.29727  -1.40418  -9.92837   c   0.644  4.115        18.3       528.0     18705.7
 13  -1.58454   4.63803  -7.62264   c   0.644  4.115        18.3       528.0     18705.6
 14  -3.57725   3.57725  -6.19748   c   0.644  4.112        18.3       528.0     18706.7
 15  -4.63803   1.58454  -7.62264   c   0.644  4.115        18.3       528.0     18705.6
 16  -3.29727   1.40418  -9.92837   c   0.644  4.115        18.3       528.0     18705.7
 17  -1.40418   3.29727  -9.92837   c   0.644  4.115        18.3       528.0     18705.7
 18   1.58454   4.63803   7.62264   c   0.644  4.115        18.3       528.0     18705.6
 19   1.40418   3.29727   9.92837   c   0.644  4.115        18.3       528.0     18705.7
 20   3.29727   1.40418   9.92837   c   0.644  4.115        18.3       528.0     18705.7
 21   4.63803   1.58454   7.62264   c   0.644  4.115        18.3       528.0     18705.6
 22   3.57725   3.57725   6.19748   c   0.644  4.112        18.3       528.0     18706.7
 23  -4.63803  -1.58454   7.62264   c   0.644  4.115        18.3       528.0     18705.6
 24  -3.29727  -1.40418   9.92837   c   0.644  4.115        18.3       528.0     18705.7
 25  -1.40418  -3.29727   9.92837   c   0.644  4.115        18.3       528.0     18705.7
 26  -1.58454  -4.63803   7.62264   c   0.644  4.115        18.3       528.0     18705.6
 27  -3.57725  -3.57725   6.19748   c   0.644  4.112        18.3       528.0     18706.7
 28   0.37865  -6.17324  -7.02324   h   0.417  1.016         3.1        37.3       552.0
 29   0.06846  -3.65903 -11.43096   h   0.417  1.015         3.1        37.3       552.0
 30   4.12526  -4.12526  -4.30901   h   0.417  1.018         3.1        37.3       551.9
 31   3.65903  -0.06846 -11.43096   h   0.417  1.015         3.1        37.3       552.0
 32   6.17324  -0.37865  -7.02324   h   0.417  1.016         3.1        37.3       552.0
 33  -0.06846   3.65903 -11.43096   h   0.417  1.015         3.1        37.3       552.0
 34  -0.37865   6.17324  -7.02324   h   0.417  1.016         3.1        37.3       552.0
 35  -4.12526   4.12526  -4.30901   h   0.417  1.018         3.1        37.3       551.9
 36  -6.17324   0.37865  -7.02324   h   0.417  1.016         3.1        37.3       552.0
 37  -3.65903   0.06846 -11.43096   h   0.417  1.015         3.1        37.3       552.0
 38  -0.37865  -6.17324   7.02324   h   0.417  1.016         3.1        37.3       552.0
 39  -4.12526  -4.12526   4.30901   h   0.417  1.018         3.1        37.3       551.9
 40  -6.17324  -0.37865   7.02324   h   0.417  1.016         3.1        37.3       552.0
 41  -3.65903  -0.06846  11.43096   h   0.417  1.015         3.1        37.3       552.0
 42  -0.06846  -3.65903  11.43096   h   0.417  1.015         3.1        37.3       552.0
 43   0.06846   3.65903  11.43096   h   0.417  1.015         3.1        37.3       552.0
 44   0.37865   6.17324   7.02324   h   0.417  1.016         3.1        37.3       552.0
 45   4.12526   4.12526   4.30901   h   0.417  1.018         3.1        37.3       551.9
 46   3.65903   0.06846  11.43096   h   0.417  1.015         3.1        37.3       552.0
 47   6.17324   0.37865   7.02324   h   0.417  1.016         3.1        37.3       552.0

molecular C6(AA) [au] =     53821.89

           DFT-D V3(BJ)
 DF tpssh                                             
 parameters
 s6       :    1.0000
 s8       :    2.2382
 a1       :    0.4529
 a2       :    4.6550
 k1-k3    :   16.0000    1.3333   -4.0000
 
 Edisp /kcal,au:   -69.3198 -0.11046809

 E6    /kcal :   -27.1052
 E8    /kcal :   -42.2146
 % E8        : 60.90
 nuclear repulsion energy                  =    5118.694227172
 empirical dispersive energy correction    =      -0.110468088
 nuclear repulsion + dispersion correction =    5118.583759084


         -----------------
         -S,T+V- integrals
         -----------------

 1e-integrals will be neglected if expon. factor < 0.100259E-15


          ----------------
          -ecp-  integrals
          ----------------
 
   Difference densities algorithm switched on.
   The maximal number of linear combinations of
   difference densities is                    20 .

 DIIS switched on: error vector is FDS-SDF
 Max. Iterations for DIIS is     :   4
 DIIS matrix (see manual) 
    Scaling factor of diagonals  :  1.200
    threshold for scaling factor :  0.000

 scf convergence criterion : increment of total energy < .1000000D-06
                  and increment of one-electron energy < .1000000D-03

 MOs are in ASCII format !


    mo occupation :
   irrep   mo's   occupied
    a     1114      152
 
 number of basis functions   :  1114
 number of occupied orbitals :   152
 

 reading orbital data $uhfmo_alpha  from file alpha
 orbital characterization : scfconv=7

 reading orbital data $uhfmo_beta  from file beta
 orbital characterization : scfconv=7
 mo-orthogonalization by Cholesky decomposition
 mo-orthogonalization by Cholesky decomposition

 UHF mode switched on !

 closed shell shift switched on 
 all occupied orbitals are shifted by    5.00000

  
           ------------------------
               RI-J - INFORMATION
           ------------------------
 Contributions to RI integral batches: 
  neglected integral batches:                 39783
  direct contribution:                            0
  memory contribution:                 48627
 Memory core needed for (P|Q) and Cholesky     28 MByte
 Memory core minimum needed except of (P|Q)     6 MByte
 Total minimum memory core needed (sum)        33 MByte
  
 ****************************************
 Memory allocated for RI-J  8711 MByte
 ****************************************
                                            
 
 
 
 ==============================================================================
                           electrostatic moments
 ==============================================================================

 reference point for electrostatic moments:    0.00000   0.00000   0.00000

 
              nuc           elec       ->  total
 ------------------------------------------------------------------------------
                          charge      
 ------------------------------------------------------------------------------
         294.000000    -295.000000      -1.000000
 a-b                                     9.000000
 
 ------------------------------------------------------------------------------
                       dipole moment  
 ------------------------------------------------------------------------------
   x      -0.000000      -0.000267      -0.000267
   y      -0.000000       0.000375       0.000375
   z      -0.000000      -0.001431      -0.001431
 
   | dipole moment | =     0.0015 a.u. =     0.0038 debye 
 
 ------------------------------------------------------------------------------
                     quadrupole moment
 ------------------------------------------------------------------------------
  xx    1831.459972   -2038.478787    -207.018815
  yy    1831.459972   -2038.478956    -207.018984
  zz   13452.503385  -13666.329134    -213.825749
  xy      -0.000000      -0.010071      -0.010071
  xz      -0.000000      -0.000147      -0.000147
  yz      -0.000000      -0.002996      -0.002996
 
     1/3  trace=    -209.287849
     anisotropy=       6.806875



 ==============================================================================
                  MULLIKEN POPULATION ANALYSIS (CAO-BASIS)
 ==============================================================================

         BRUTTO POPULATIONS  
 
       values displayed are larger than   0.010000
 
 
       Analysis is done for cartesian functions (CAOs)
 
       sequence of contributions:
     p:  x   y   z
     d: xx  yy  zz  xy  xz  yz
     f:xxx yyy zzz xxy xxz xyy yyz xzz yzz xyz
 
 
 atomic populations from total density:
 
 atom      charge    n(s)      n(p)      n(d)      n(f)      n(g)
 
     1mo     1.09080   2.27578   6.33646   4.26799   0.02897
       p:  2.159  2.160  2.017
       d:  0.563  0.563  0.804  0.772  0.783  0.783
 
     2dy     0.57341   5.07882  12.36572  11.34662   8.62969   0.00574
       p:  4.121  4.121  4.124
       d:  1.557  1.557  1.474  2.152  2.303  2.303
       f:  0.600  0.600  0.407  0.914  0.813  0.914  0.813  1.024  1.024  1.522
 
     3dy     0.57276   5.07939  12.36570  11.34678   8.62963   0.00573
       p:  4.121  4.121  4.124
       d:  1.557  1.557  1.474  2.152  2.303  2.303
       f:  0.600  0.600  0.407  0.914  0.813  0.914  0.813  1.024  1.024  1.522
 
     4s     -0.59757   5.96321  10.56106   0.06688   0.00642
       p:  3.546  3.546  3.468
       d:  0.004  0.004  0.020  0.014  0.013  0.013
 
     5s     -0.59757   5.96321  10.56106   0.06688   0.00642
       p:  3.546  3.546  3.468
       d:  0.004  0.004  0.020  0.014  0.013  0.013
 
     6s     -0.59669   5.96317  10.56022   0.06688   0.00642
       p:  3.546  3.546  3.468
       d:  0.004  0.004  0.020  0.014  0.013  0.013
 
     7s     -0.59670   5.96317  10.56023   0.06688   0.00642
       p:  3.546  3.546  3.468
       d:  0.004  0.004  0.020  0.014  0.013  0.013
 
     8c     -0.19052   3.17655   2.91104   0.09518   0.00775
       p:  1.014  0.961  0.936
       d:  0.013  0.008  0.017  0.018  0.019  0.020
 
     9c     -0.09734   3.11382   2.88210   0.09366   0.00777
       p:  0.960  0.960  0.963
       d:  0.012  0.012  0.023  0.016  0.016  0.016
 
    10c     -0.19058   3.17653   2.91112   0.09518   0.00775
       p:  0.961  1.014  0.936
       d:  0.008  0.013  0.017  0.018  0.020  0.019
 
    11c     -0.21770   3.20621   2.90913   0.09466   0.00770
       p:  0.969  0.970  0.971
       d:  0.007  0.013  0.020  0.012  0.025  0.017
 
    12c     -0.21780   3.20620   2.90923   0.09467   0.00770
       p:  0.970  0.969  0.971
       d:  0.013  0.007  0.020  0.012  0.017  0.025
 
    13c     -0.19053   3.17650   2.91110   0.09518   0.00775
       p:  0.961  1.014  0.936
       d:  0.008  0.013  0.017  0.018  0.020  0.019
 
    14c     -0.09740   3.11389   2.88208   0.09366   0.00777
       p:  0.960  0.960  0.963
       d:  0.012  0.012  0.023  0.016  0.016  0.016
 
    15c     -0.19037   3.17646   2.91098   0.09518   0.00775
       p:  1.014  0.961  0.936
       d:  0.013  0.008  0.017  0.018  0.019  0.020
 
    16c     -0.21785   3.20623   2.90924   0.09468   0.00770
       p:  0.970  0.969  0.971
       d:  0.013  0.007  0.020  0.012  0.017  0.025
 
    17c     -0.21761   3.20618   2.90907   0.09466   0.00770
       p:  0.969  0.970  0.971
       d:  0.007  0.013  0.020  0.012  0.025  0.017
 
    18c     -0.19074   3.17669   2.91112   0.09519   0.00775
       p:  0.961  1.014  0.936
       d:  0.008  0.013  0.017  0.018  0.020  0.019
 
    19c     -0.21760   3.20610   2.90913   0.09467   0.00770
       p:  0.969  0.970  0.971
       d:  0.007  0.013  0.020  0.012  0.025  0.017
 
    20c     -0.21776   3.20622   2.90917   0.09467   0.00770
       p:  0.970  0.969  0.971
       d:  0.013  0.007  0.020  0.012  0.017  0.025
 
    21c     -0.19053   3.17656   2.91104   0.09518   0.00775
       p:  1.014  0.961  0.936
       d:  0.013  0.008  0.017  0.018  0.019  0.020
 
    22c     -0.09712   3.11364   2.88206   0.09365   0.00777
       p:  0.960  0.959  0.963
       d:  0.012  0.012  0.023  0.016  0.016  0.016
 
    23c     -0.19052   3.17654   2.91104   0.09518   0.00775
       p:  1.014  0.961  0.936
       d:  0.013  0.008  0.017  0.018  0.019  0.020
 
    24c     -0.21794   3.20627   2.90928   0.09468   0.00770
       p:  0.970  0.969  0.971
       d:  0.013  0.007  0.020  0.012  0.017  0.025
 
    25c     -0.21750   3.20606   2.90908   0.09466   0.00770
       p:  0.969  0.970  0.971
       d:  0.007  0.013  0.020  0.012  0.025  0.017
 
    26c     -0.19075   3.17671   2.91111   0.09518   0.00775
       p:  0.961  1.014  0.936
       d:  0.008  0.013  0.017  0.018  0.020  0.019
 
    27c     -0.09718   3.11364   2.88212   0.09364   0.00777
       p:  0.960  0.960  0.963
       d:  0.012  0.012  0.023  0.016  0.016  0.016
 
    28h      0.14071   0.83843   0.02086
 
    29h      0.13736   0.84172   0.02093
 
    30h      0.14556   0.83338   0.02106
       p:  0.005  0.005  0.011
 
    31h      0.13752   0.84156   0.02093
 
    32h      0.14071   0.83843   0.02086
 
    33h      0.13732   0.84175   0.02093
 
    34h      0.14069   0.83845   0.02086
 
    35h      0.14550   0.83344   0.02106
       p:  0.005  0.005  0.011
 
    36h      0.14071   0.83843   0.02086
 
    37h      0.13748   0.84159   0.02093
 
    38h      0.14063   0.83851   0.02086
 
    39h      0.14561   0.83333   0.02105
       p:  0.005  0.005  0.011
 
    40h      0.14071   0.83843   0.02086
 
    41h      0.13747   0.84160   0.02093
 
    42h      0.13735   0.84172   0.02093
 
    43h      0.13736   0.84171   0.02093
 
    44h      0.14065   0.83849   0.02086
 
    45h      0.14557   0.83337   0.02105
       p:  0.005  0.005  0.011
 
    46h      0.13730   0.84178   0.02093
 
    47h      0.14071   0.83843   0.02086
 
 
 moments (from total density versus population analysis)
 <charge> =            -1.000000           -1.000000
 <x   >   =            -0.000267           -0.000342
 <y   >   =             0.000375            0.000083
 <z   >   =            -0.001431           -0.001896
 
 Unpaired electrons from D(alpha)-D(beta)
 
 atom      total     n(s)      n(p)      n(d)      n(f)      n(g)
 
     1mo    -0.63269  -0.01610   0.02461  -0.64089  -0.00031
       p: -0.004 -0.004  0.032
       d: -0.117 -0.117 -0.351 -0.029 -0.014 -0.014
 
     2dy     4.82657  -0.66849   0.01476   0.06023   5.42003   0.00003
       d:  0.001  0.001  0.024  0.000  0.017  0.017
       f:  0.201  0.201  0.397  0.692  0.791  0.692  0.791  0.586  0.586  0.483
 
     3dy     4.82595  -0.66913   0.01474   0.06023   5.42008   0.00003
       d:  0.001  0.001  0.024  0.001  0.017  0.017
       f:  0.201  0.201  0.397  0.692  0.791  0.692  0.791  0.586  0.586  0.483
 
     4s     -0.02092   0.00010  -0.01154  -0.00875  -0.00073
 
     5s     -0.02092   0.00010  -0.01154  -0.00875  -0.00073
 
     6s     -0.02086   0.00010  -0.01148  -0.00876  -0.00073
 
     7s     -0.02086   0.00010  -0.01147  -0.00876  -0.00073
 
     9c      0.01647   0.01566   0.00078   0.00004  -0.00000
 
    14c      0.01646   0.01565   0.00078   0.00004  -0.00000
 
    22c      0.01653   0.01571   0.00079   0.00004  -0.00000
 
    27c      0.01653   0.01571   0.00079   0.00004  -0.00000
 
 
 
 MULLIKEN BRUTTO POPULATIONS FOR SELECTED MOS:

   150a     a  energy/a.u.:     -0.1840588
 atom      total       s         p         d         f         g
     2dy     0.01050   0.00000   0.00000   0.00657   0.00383   0.00011
 
     3dy     0.01052  -0.00000   0.00000   0.00658   0.00383   0.00011
 
     4s      0.16093   0.00000   0.16097  -0.00006   0.00002
       p:  0.081  0.080  0.000
 
     5s      0.16073   0.00000   0.16077  -0.00006   0.00002
       p:  0.080  0.080  0.000
 
     6s      0.16110  -0.00000   0.16113  -0.00006   0.00002
       p:  0.081  0.081  0.000
 
     7s      0.16084   0.00000   0.16088  -0.00006   0.00002
       p:  0.080  0.080  0.000
 
     8c      0.02708  -0.00141   0.02823   0.00024   0.00002
       p:  0.011  0.011  0.006
 
    10c      0.02704  -0.00141   0.02819   0.00024   0.00002
       p:  0.011  0.011  0.006
 
    11c      0.01283   0.00009   0.01184   0.00084   0.00006
 
    12c      0.01278   0.00009   0.01179   0.00084   0.00006
 
    13c      0.02710  -0.00141   0.02825   0.00024   0.00002
       p:  0.011  0.011  0.006
 
    15c      0.02707  -0.00141   0.02822   0.00024   0.00002
       p:  0.011  0.011  0.006
 
    16c      0.01284   0.00009   0.01186   0.00084   0.00006
 
    17c      0.01279   0.00009   0.01180   0.00084   0.00006
 
    18c      0.02710  -0.00141   0.02825   0.00024   0.00002
       p:  0.011  0.011  0.006
 
    19c      0.01287   0.00009   0.01188   0.00084   0.00006
 
    20c      0.01280   0.00009   0.01181   0.00084   0.00006
 
    21c      0.02714  -0.00141   0.02830   0.00024   0.00002
       p:  0.011  0.011  0.006
 
    23c      0.02711  -0.00141   0.02826   0.00024   0.00002
       p:  0.011  0.011  0.006
 
    24c      0.01287   0.00009   0.01188   0.00084   0.00006
 
    25c      0.01281   0.00009   0.01182   0.00084   0.00006
 
    26c      0.02716  -0.00141   0.02831   0.00024   0.00002
       p:  0.011  0.011  0.006
 
 
   154a     a  energy/a.u.:     -0.0711861
 atom      total       s         p         d         f
     1mo     0.54689   0.00000   0.00000   0.54689   0.00000
       d:  0.273  0.273  0.000  0.000  0.000  0.000
 
     4s      0.10120   0.00000   0.09018   0.01036   0.00066
       p:  0.045  0.045  0.000
 
     5s      0.10120   0.00000   0.09018   0.01036   0.00066
       p:  0.045  0.045  0.000
 
     6s      0.10129   0.00000   0.09028   0.01036   0.00066
       p:  0.045  0.045  0.000
 
     7s      0.10129   0.00000   0.09028   0.01036   0.00066
       p:  0.045  0.045  0.000
 
 
   140a     b  energy/a.u.:     -0.1849309
 atom      total       s         p         d         f         g
     2dy     0.01189   0.00000   0.00000   0.00476   0.00703   0.00010
 
     3dy     0.01191  -0.00000   0.00000   0.00477   0.00704   0.00010
 
     4s      0.16284   0.00000   0.16287  -0.00004   0.00002
       p:  0.081  0.081 -0.000
 
     5s      0.16281   0.00000   0.16283  -0.00004   0.00002
       p:  0.081  0.081  0.000
 
     6s      0.16294   0.00000   0.16296  -0.00004   0.00002
       p:  0.081  0.081 -0.000
 
     7s      0.16290   0.00000   0.16292  -0.00004   0.00002
       p:  0.081  0.081  0.000
 
     8c      0.02579  -0.00135   0.02686   0.00026   0.00002
       p:  0.010  0.011  0.006
 
    10c      0.02578  -0.00134   0.02685   0.00026   0.00002
       p:  0.011  0.010  0.006
 
    11c      0.01279   0.00001   0.01191   0.00082   0.00006
 
    12c      0.01278   0.00001   0.01189   0.00082   0.00006
 
    13c      0.02582  -0.00134   0.02689   0.00026   0.00002
       p:  0.011  0.010  0.006
 
    15c      0.02582  -0.00135   0.02689   0.00026   0.00002
       p:  0.010  0.011  0.006
 
    16c      0.01281   0.00001   0.01192   0.00082   0.00006
 
    17c      0.01279   0.00001   0.01191   0.00082   0.00006
 
    18c      0.02583  -0.00135   0.02690   0.00026   0.00002
       p:  0.011  0.010  0.006
 
    19c      0.01282   0.00001   0.01193   0.00082   0.00006
 
    20c      0.01280   0.00001   0.01191   0.00082   0.00006
 
    21c      0.02584  -0.00135   0.02691   0.00026   0.00002
       p:  0.010  0.011  0.006
 
    23c      0.02585  -0.00135   0.02692   0.00026   0.00002
       p:  0.010  0.011  0.006
 
    24c      0.01282   0.00001   0.01194   0.00082   0.00006
 
    25c      0.01281   0.00000   0.01193   0.00082   0.00006
 
    26c      0.02586  -0.00135   0.02693   0.00026   0.00002
       p:  0.011  0.010  0.006
 
 
   143a     b  energy/a.u.:     -0.1350646
 atom      total       s         p         d         f         g
     1mo     0.39463   0.00005  -0.00000   0.39458   0.00001
       d:  0.073  0.073  0.249 -0.000  0.000  0.000
 
     2dy     0.13425   0.02482   0.00171   0.01845   0.08917   0.00011
       d:  0.004  0.004 -0.001  0.012 -0.000  0.000
       f:  0.000  0.000  0.003 -0.000  0.002  0.000  0.002  0.000  0.000  0.082
 
     3dy     0.13467   0.02494   0.00170   0.01844   0.08947   0.00011
       d:  0.004  0.004 -0.001  0.012 -0.000  0.000
       f:  0.000  0.000  0.003  0.000  0.002  0.000  0.002  0.000  0.000  0.082
 
     4s      0.08474   0.00044   0.07526   0.00843   0.00061
       p:  0.021  0.021  0.032
 
     5s      0.08474   0.00044   0.07526   0.00843   0.00061
       p:  0.021  0.021  0.032
 
     6s      0.08473   0.00044   0.07525   0.00843   0.00061
       p:  0.021  0.021  0.032
 
     7s      0.08473   0.00044   0.07525   0.00843   0.00061
       p:  0.021  0.021  0.032
 
 
   144a     b  energy/a.u.:     -0.0882371
 atom      total       s         p         d         f         g
     1mo     0.27248   0.00000   0.05954   0.21292   0.00002
       p:  0.000 -0.000  0.060
       d:  0.000  0.000  0.000  0.213  0.000  0.000
 
     2dy     0.28353   0.10936  -0.01116   0.05722   0.12810   0.00001
       p: -0.000  0.000 -0.011
       d:  0.011  0.011  0.011  0.025  0.000  0.000
       f:  0.000  0.000  0.004  0.000  0.003  0.000  0.003  0.000 -0.000  0.118
 
     3dy     0.28318   0.10909  -0.01115   0.05719   0.12805   0.00001
       p:  0.000  0.000 -0.011
       d:  0.011  0.011  0.011  0.025  0.000  0.000
       f:  0.000  0.000  0.004  0.000  0.003  0.000  0.003  0.000  0.000  0.118
 
     4s      0.03259   0.00206   0.01883   0.01125   0.00045
       p:  0.001  0.001  0.017
 
     5s      0.03259   0.00206   0.01883   0.01125   0.00045
       p:  0.001  0.001  0.017
 
     6s      0.03258   0.00206   0.01883   0.01123   0.00045
       p:  0.001  0.001  0.017
 
     7s      0.03258   0.00206   0.01883   0.01123   0.00045
       p:  0.001  0.001  0.017
 
 
   145a     b  energy/a.u.:     -0.0832915
 atom      total       s         p         d         f         g
     1mo     0.50378   0.00000  -0.00000   0.50378   0.00000
       d:  0.252  0.252  0.000 -0.000  0.000  0.000
 
     2dy     0.01608  -0.00000  -0.00000   0.00623   0.00981   0.00004
 
     3dy     0.01612   0.00000  -0.00000   0.00625   0.00982   0.00004
 
     4s      0.10830   0.00000   0.09891   0.00880   0.00059
       p:  0.049  0.049 -0.000
 
     5s      0.10830   0.00000   0.09891   0.00880   0.00059
       p:  0.049  0.049  0.000
 
     6s      0.10843   0.00000   0.09904   0.00880   0.00059
       p:  0.050  0.050  0.000
 
     7s      0.10843   0.00000   0.09904   0.00880   0.00059
       p:  0.050  0.050  0.000
 
 
   149a     b  energy/a.u.:     -0.0521987
 atom      total       s         p         d         f         g
     1mo     0.11923  -0.00000   0.01045   0.10877   0.00001
       p: -0.000  0.000  0.010
       d:  0.000  0.000  0.000  0.109  0.000  0.000
 
     2dy     0.32025   0.12039  -0.00071   0.05938   0.14115   0.00003
       d:  0.001  0.001  0.012  0.046  0.000  0.000
       f:  0.000  0.000  0.000  0.000  0.000  0.000  0.000  0.000  0.000  0.141
 
     3dy     0.32486   0.12233  -0.00069   0.05970   0.14350   0.00003
       d:  0.001  0.001  0.012  0.047  0.000  0.000
       f:  0.000  0.000  0.000  0.000  0.000  0.000  0.000  0.000  0.000  0.143
 
     4s      0.05032   0.00014   0.04398   0.00606   0.00015
       p:  0.000  0.000  0.044
 
     5s      0.05032   0.00014   0.04398   0.00606   0.00015
       p:  0.000  0.000  0.044
 
     6s      0.05093   0.00013   0.04455   0.00610   0.00015
       p:  0.000  0.000  0.044
 
     7s      0.05093   0.00013   0.04455   0.00610   0.00015
       p:  0.000  0.000  0.044
 
 
   154a     b  energy/a.u.:     -0.0359425
 atom      total       s         p         d         f         g
     2dy     0.51240   0.00260  -0.00034   0.00538   0.50476   0.00001
       f:  0.000  0.000  0.199  0.000  0.149  0.000  0.149  0.000  0.000  0.006
 
     3dy     0.45218   0.00238  -0.00030   0.00446   0.44563   0.00001
       f:  0.000  0.000  0.176  0.000  0.132  0.000  0.132  0.000  0.000  0.006
 
 
 
 ==============================================================================
 
HOMO-LUMO Separation
 HOMO         :   -0.13506461 H =     -3.67530 eV
 LUMO         :   -0.08823713 H =     -2.40106 eV
 HOMO-LUMO gap:    0.04682748 H =     +1.27424 eV
 
 ==============================================================================


    ------------------------------------------------------------------------
         total  cpu-time :   9.61 seconds
         total wall-time :  10.31 seconds
    ------------------------------------------------------------------------

   ****  ridft : all done  ****


    2020-08-01 19:02:09.784 

