           SMPCPUS    set: Shared-memory Parallelization with  20 CPUs.

           SMP Parallelization Reference:
           C. van Wullen, J. Comput. Chem. 32 (2011) 1195--1201

 escf (hpc3-15-07) : TURBOMOLE rev. V7.5.0 compiled 13 Jun 2020 at 23:29:25
 Copyright (C) 2020 TURBOMOLE GmbH, Karlsruhe


    2020-07-27 19:40:01.138 




                                e s c f

                             TURBOMOLE GmbH


          integral direct evaluation of 

                    * excitation energies and transition moments 
                    * dynamic response properties 
                    * stabilities



          references (see also programs dscf and ridft) 

          implementation and benchmarks (review) 
          F. Furche and D. Rappoport,  
          "Density functional methods for excited states: 
          equilibrium structure and electronic spectra",
          ch. III of "Computational Photochemistry", ed. by 
          M. Olivucci, vol. 16 of "Theoretical and Computational 
          Chemistry", Elsevier, Amsterdam, 2005.

          Bethe-Salpeter equation
          K. Krause and W. Klopper,
          J. Comput. Chem. 38 (2017) 383.

          2c BSE, GW and hybrid TD-DFT
          C. Holzer and W. Klopper
          J. Chem. Phys. 150, 204116 (2019)

          nonorthonormal Krylov space methods 
          F. Furche, B. T. Krull, B. D. Nguyen, and J. Kwon, 
          J. Chem. Phys. 144 (2016), 174105.

          two-component GW quasi particle energies 
          M. Kuehn and F. Weigend, 
          J. Chem. Theory Comput. 11 (2015), 969.

          two-component TDDFT with spin-orbit coupling 
          M. Kuehn and F. Weigend, 
          J. Chem. Theory Comput. 9 (2013), 5341.
          M. Kuehn and F. Weigend, 
          J. Chem. Phys. 142 (2015), 034116.

          GW quasi particle energies
          M. J. van Setten, F. Weigend, and F. Evers,
          J. Chem. Theory Comput. 9 (2013), 232.

          Fast GW methods: RIGW, contour deformation
          J. Chem. Phys. 150, 204116 (2019)

          current-density dependent meta-GGA Linear Response
          J. E. Bates and F. Furche, 
          J. Chem. Phys. 137 (2012), 164105.

          spin-flip method 
          M. Kuehn and F. Weigend, 
          Chem. Phys. Chem. 12 (2011), 3331.

          RI-J method 
          R. Bauernschmitt, M. Haeser, O. Treutler, and R. Ahlrichs,
          Chem. Phys. Lett. 264 (1997), 573.

          density functional implementation               
          R. Bauernschmitt and R. Ahlrichs,
          Chem. Phys. Lett. 256 (1996), 454.
          R. Bauernschmitt and R. Ahlrichs,
          J. Chem. Phys. 104 (1996), 9047.

          UHF extension (RPA and CIS)
          C. Ochsenfeld, J. Gauss, and R. Ahlrichs, 
          J. Chem. Phys. 103 (1995), 7401.

          integral direct algorithm                 
          H. Weiss, R. Ahlrichs, and M. Haeser, 
          J. Chem. Phys. 99 (1993), 1262.

          Seminumerical and pseudospectral algorithms
          C. Holzer, in preparation (2020)

          Two-component static/dynamic polarizabilities,
          and relativistic damped-response approach,
          polarizabilities and damped response at GW-BSE level
          M. Kehry, Y. J. Franzke, C. Holzer, and W. Klopper,
          Mol. Phys. (2020)
                                     



 UHF mode switched on !


              +--------------------------------------------------+
              | Atomic coordinate, charge and isotop information |
              +--------------------------------------------------+

                    atomic coordinates            atom    charge  isotop
          0.00000000    0.00000000    0.00000000    mo    42.000     0
          0.00000000    0.00000000   -6.38487733    dy    66.000     0
          0.00000000    0.00000000    6.38487733    dy    66.000     0
          2.40717792    2.40717792   -2.44828843    s     16.000     0
         -2.40717792   -2.40717792   -2.44828843    s     16.000     0
          2.40717792   -2.40717792    2.44828843    s     16.000     0
         -2.40717792    2.40717792    2.44828843    s     16.000     0
          4.60910998   -1.55266897   -7.62223599    c      6.000     0
          3.55970168   -3.55970168   -6.20417236    c      6.000     0
          1.55266897   -4.60910998   -7.62223599    c      6.000     0
          1.36389677   -3.25813071   -9.92269341    c      6.000     0
          3.25813071   -1.36389677   -9.92269341    c      6.000     0
         -1.55266897    4.60910998   -7.62223599    c      6.000     0
         -3.55970168    3.55970168   -6.20417236    c      6.000     0
         -4.60910998    1.55266897   -7.62223599    c      6.000     0
         -3.25813071    1.36389677   -9.92269341    c      6.000     0
         -1.36389677    3.25813071   -9.92269341    c      6.000     0
          1.55266897    4.60910998    7.62223599    c      6.000     0
          1.36389677    3.25813071    9.92269341    c      6.000     0
          3.25813071    1.36389677    9.92269341    c      6.000     0
          4.60910998    1.55266897    7.62223599    c      6.000     0
          3.55970168    3.55970168    6.20417236    c      6.000     0
         -4.60910998   -1.55266897    7.62223599    c      6.000     0
         -3.25813071   -1.36389677    9.92269341    c      6.000     0
         -1.36389677   -3.25813071    9.92269341    c      6.000     0
         -1.55266897   -4.60910998    7.62223599    c      6.000     0
         -3.55970168   -3.55970168    6.20417236    c      6.000     0
          0.35154881   -6.15293218   -7.03277521    h      1.000     0
          0.01810633   -3.61103410  -11.41800222    h      1.000     0
          4.12904678   -4.12904678   -4.32733400    h      1.000     0
          3.61103410   -0.01810633  -11.41800222    h      1.000     0
          6.15293218   -0.35154881   -7.03277521    h      1.000     0
         -0.01810633    3.61103410  -11.41800222    h      1.000     0
         -0.35154881    6.15293218   -7.03277521    h      1.000     0
         -4.12904678    4.12904678   -4.32733400    h      1.000     0
         -6.15293218    0.35154881   -7.03277521    h      1.000     0
         -3.61103410    0.01810633  -11.41800222    h      1.000     0
         -0.35154881   -6.15293218    7.03277521    h      1.000     0
         -4.12904678   -4.12904678    4.32733400    h      1.000     0
         -6.15293218   -0.35154881    7.03277521    h      1.000     0
         -3.61103410   -0.01810633   11.41800222    h      1.000     0
         -0.01810633   -3.61103410   11.41800222    h      1.000     0
          0.01810633    3.61103410   11.41800222    h      1.000     0
          0.35154881    6.15293218    7.03277521    h      1.000     0
          4.12904678    4.12904678    4.32733400    h      1.000     0
          3.61103410    0.01810633   11.41800222    h      1.000     0
          6.15293218    0.35154881    7.03277521    h      1.000     0
 
       center of nuclear mass  :    0.00000000   -0.00000000    0.00000000
       center of nuclear charge:   -0.00000000   -0.00000000   -0.00000000

              +--------------------------------------------------+
              |               basis set information              |
              +--------------------------------------------------+

              we will work with the 1s 3p 5d 7f 9g ... basis set
              ...i.e. with spherical basis functions...

   type   atoms  prim   cont   basis
   ---------------------------------------------------------------------------
    mo       1     60     40   def2-TZVP   [6s4p3d1f|7s7p5d1f]
    dy       2    171     93   def2-TZVP   [10s7p5d4f1g|14s14p10d8f1g]
    s        4     63     37   def2-TZVP   [5s5p2d1f|14s9p3d1f]
    c       20     46     31   def2-TZVP   [5s3p2d1f|11s6p2d1f]
    h       20      8      6   def2-TZVP   [3s1p|5s1p]
   ---------------------------------------------------------------------------
   total:   47   1734   1114
   ---------------------------------------------------------------------------

   total number of primitive shells          :  120
   total number of contracted shells         :  420
   total number of cartesian basis functions : 1286
   total number of SCF-basis functions       : 1114

 number of unique ecp types :                     2

 residuum convergence criterium   :  0.10E-04

 COSMO is enabled, use tighter integral                screening thresholds 
                     7

 integral neglect threshold       :  0.26E-13
 integral storage threshold THIZE :  0.10E-04
 integral storage threshold THIME :         5

 
             FOUND RI-J FLAG !
 
  
 AUXILIARY BASIS SET information:

              we will work with the 1s 3p 5d 7f 9g ... basis set
              ...i.e. with spherical basis functions...

   type   atoms  prim   cont   basis
   ---------------------------------------------------------------------------
    mo       1     99     89   def2-TZVP   [8s5p5d2f3g|11s5p5d3f3g]
    dy       2    263    200   def2-TZVP   [14s7p6d6f5g2h2i|18s7p6d6f6g3h5i]
    s        4     77     51   def2-TZVP   [8s4p3d1f1g|14s5p5d2f1g]
    c       20     70     49   def2-TZVP   [6s4p3d1f1g|12s5p4d2f1g]
    h       20     16     11   def2-TZVP   [3s1p1d|5s2p1d]
   ---------------------------------------------------------------------------
   total:   47   2653   1893
   ---------------------------------------------------------------------------

   total number of primitive shells          :  137
   total number of contracted shells         :  575
   total number of cartesian basis functions : 2438
   total number of SCF-basis functions       : 1893

 RPA UHF-EXCITATION-CALCULATION (spin-conserved)
 
             FOUND DFT-FLAG !
 

 symmetry group of the molecule :   c1 

 the group has the following generators :
   c1(z)

    1 symmetry operations found

 there are 1 real representations :   a   

 maximum number of shells which are related by symmetry :  1

 IRREPs of excited states :   a   

    mo occupation :
   irrep   mo's   occupied
    a     1114      152
 
 number of basis functions   :  1114
 number of occupied orbitals :   152
 
 ALPHA-Occupation:                   143
 BETA-Occupation :                   152
 COSMO: symmetry in response calc. w/out guarantee
 ==============================================================================
                      COSMO switched on
 ==============================================================================

========================
 internal module stack: 
------------------------
    escf
========================

 COSMO: ERROR: cannot find cosdat in cosmo_transfer.tmp
 escf ended abnormally
