
 ridft (login-i15) : TURBOMOLE rev. V7.5.0 compiled 13 Jun 2020 at 23:29:25
 Copyright (C) 2020 TURBOMOLE GmbH, Karlsruhe


    2020-07-24 00:11:07.509 



                                  r i d f t

                        DFT program with RI approximation 
                                for coulomb part 




                                                 
                                 References:     
                                                 
          TURBOMOLE:                             
              R. Ahlrichs, M. Baer, M. Haeser, H. Horn, and
              C. Koelmel
              Electronic structure calculations on workstation
              computers: the program system TURBOMOLE
              Chem. Phys. Lett. 162: 165 (1989)
          Density Functional:                              
              O. Treutler and R. Ahlrichs                      
              Efficient Molecular Numerical Integration Schemes
              J. Chem. Phys. 102: 346 (1995)                   
          Parallel Version:                                
              Performance of parallel TURBOMOLE for Density    
              Functional Calculations                          
              M. v. Arnim and R. Ahlrichs                      
              J. Comp. Chem. 19: 1746 (1998)                   
          RI-J Method:                                     
              Auxiliary Basis Sets to approximate Coulomb      
              Potentials                                       
              Chem. Phys. Lett. 240: 283 (1995)                
              K. Eichkorn, O. Treutler, H. Oehm, M. Haeser     
              and R. Ahlrichs                                  
              Chem. Phys. Lett. 242: 652 (1995)                
                                                           
              Auxiliary Basis Sets for Main Row Atoms and their
              Use to approximate Coulomb Potentials            
              K. Eichkorn, F. Weigend, O. Treutler and         
              R. Ahlrichs                                      
              Theo. Chem. Acc. 97: 119 (1997)                   
                                                           
              Accurate Coulomb-fitting basis sets for H to Rn 
              F. Weigend                                        
              Phys. Chem. Chem. Phys. 8: 1057 (2006)            
                                                           
          Multipole accelerated RI-J (MARI-J):             
              Fast evaluation of the Coulomb potential for     
              electron densities using multipole accelerated   
              resolution of identity approximation             
              M. Sierka, A. Hogekamp and R. Ahlrichs           
              J. Chem. Phys. 118: 9136 (2003)                  
          RI-JK Method:                                     
              A fully direct RI-HF algorithm: Implementation,
              optimised auxiliary basis sets, demonstration of
              accuracy and efficiency                         
              F. Weigend                                      
              Phys. Chem. Chem. Phys. 4: 4285 (2002)           
          Two-component HF and DFT with spin-orbit coupling:  
              Self-consistent treatment of spin-orbit         
              interactions with efficient Hartree-Fock and    
              density functional methods                      
              M. K. Armbruster, F. Weigend, C. van Wüllen and 
              W. Klopper                                      
              Phys. Chem. Chem. Phys. 10: 1748 (2008)         
          Two-component difference density and DIIS algorithm 
              Efficient two-component self-consistent field   
              procedures and gradients: implementation in     
              TURBOMOLE and application to Au20-              
              A. Baldes, F. Weigend                           
              Mol. Phys. 111: 2617 (2013)                     
          Relativistic all-electron 2c calculations           
              An efficient implementation of two-component    
              relativistic exact-decoupling methods for large 
              molecules                                       
              D. Peng, N. Middendorf, F. Weigend, M. Reiher   
              J. Chem. Phys. 138: 184105 (2013)               
          Finite nucleus model and SNSO approximation         
              Efficient implementation of one- and two-       
              component analytical energy gradients in exact  
              two-component theory                            
              Y. J. Franzke, N. Middendorf, F. Weigend        
              J. Chem. Phys. 148: 104110 (2018)               
          Grids for all-electron relativistic methods         
              Error-consistent segmented contracted all-      
              electron relativistic basis sets of double-     
              and triple-zeta quality for NMR shielding       
              constants                                       
              Y. J. Franzke, R. Tress, T. M. Pazdera,         
              F. Weigend                                      
              Phys. Chem. Chem. Phys. 21: 166658 (2019)       
          Seminumerical exchange algorithms                   
              Seminumerical calculation of the Hartree-Fock   
              exchange matirx: Application to two-component   
              procedures and efficient evaluation of local    
              hybrid functionsl                               
              P. Plessow, F. Weigend,                         
              J. Comput. Chem. 33: 810 (2012)                 
          Improved seminumerical algorithms                   
              C. Holzer, in preparation (2020)                
                                         




              +--------------------------------------------------+
              |      general information about current run       |
              +--------------------------------------------------+

 
no calculation of wave function, analysis of properties only

 DENSITY CONVERGENCE CHECK SWITCHED ON !
 SCF CONVERGENCE IF RMS(delta[D]) <     0.1000000000E-06

 TPSS global hybrid functional
 exchange:    9/10 (LDA+TPSS) + 1/10 HF
 correlation: LDA (PW) + TPSS
 A Hybrid-DFT calculation using the RI-J approximation will be carried out.
 Allocatable memory for RI due to $ricore (MB):                 55000


              +--------------------------------------------------+
              | Atomic coordinate, charge and isotop information |
              +--------------------------------------------------+

                    atomic coordinates            atom    charge  isotop
          0.00000000    0.00000000    0.00000000    mo    42.000     0
          0.00000000    0.00000000   -6.36705112    tb    65.000     0
          0.00000000    0.00000000    6.36705112    tb    65.000     0
          2.40732222    2.40732222   -2.48830035    s     16.000     0
         -2.40732222   -2.40732222   -2.48830035    s     16.000     0
          2.40732222   -2.40732222    2.48830035    s     16.000     0
         -2.40732222    2.40732222    2.48830035    s     16.000     0
          4.64414600   -1.59103638   -7.62819602    c      6.000     0
          3.58991452   -3.58991452   -6.20790493    c      6.000     0
          1.59103638   -4.64414600   -7.62819602    c      6.000     0
          1.40270242   -3.29493773   -9.92918253    c      6.000     0
          3.29493773   -1.40270242   -9.92918253    c      6.000     0
         -1.59103638    4.64414600   -7.62819602    c      6.000     0
         -3.58991452    3.58991452   -6.20790493    c      6.000     0
         -4.64414600    1.59103638   -7.62819602    c      6.000     0
         -3.29493773    1.40270242   -9.92918253    c      6.000     0
         -1.40270242    3.29493773   -9.92918253    c      6.000     0
          1.59103638    4.64414600    7.62819602    c      6.000     0
          1.40270242    3.29493773    9.92918253    c      6.000     0
          3.29493773    1.40270242    9.92918253    c      6.000     0
          4.64414600    1.59103638    7.62819602    c      6.000     0
          3.58991452    3.58991452    6.20790493    c      6.000     0
         -4.64414600   -1.59103638    7.62819602    c      6.000     0
         -3.29493773   -1.40270242    9.92918253    c      6.000     0
         -1.40270242   -3.29493773    9.92918253    c      6.000     0
         -1.59103638   -4.64414600    7.62819602    c      6.000     0
         -3.58991452   -3.58991452    6.20790493    c      6.000     0
          0.38525711   -6.17892556   -7.02807121    h      1.000     0
          0.06028375   -3.65041865  -11.42719784    h      1.000     0
          4.14049401   -4.14049401   -4.32079476    h      1.000     0
          3.65041865   -0.06028375  -11.42719784    h      1.000     0
          6.17892556   -0.38525711   -7.02807121    h      1.000     0
         -0.06028375    3.65041865  -11.42719784    h      1.000     0
         -0.38525711    6.17892556   -7.02807121    h      1.000     0
         -4.14049401    4.14049401   -4.32079476    h      1.000     0
         -6.17892556    0.38525711   -7.02807121    h      1.000     0
         -3.65041865    0.06028375  -11.42719784    h      1.000     0
         -0.38525711   -6.17892556    7.02807121    h      1.000     0
         -4.14049401   -4.14049401    4.32079476    h      1.000     0
         -6.17892556   -0.38525711    7.02807121    h      1.000     0
         -3.65041865   -0.06028375   11.42719784    h      1.000     0
         -0.06028375   -3.65041865   11.42719784    h      1.000     0
          0.06028375    3.65041865   11.42719784    h      1.000     0
          0.38525711    6.17892556    7.02807121    h      1.000     0
          4.14049401    4.14049401    4.32079476    h      1.000     0
          3.65041865    0.06028375   11.42719784    h      1.000     0
          6.17892556    0.38525711    7.02807121    h      1.000     0
 
       center of nuclear mass  :   -0.00000000    0.00000000    0.00000000
       center of nuclear charge:    0.00000000   -0.00000000    0.00000000

              +--------------------------------------------------+
              |               basis set information              |
              +--------------------------------------------------+

              we will work with the 1s 3p 5d 7f 9g ... basis set
              ...i.e. with spherical basis functions...

   type   atoms  prim   cont   basis
   ---------------------------------------------------------------------------
    mo       1     60     40   def2-TZVP   [6s4p3d1f|7s7p5d1f]
    tb       2    171     93   def2-TZVP   [10s7p5d4f1g|14s14p10d8f1g]
    s        4     63     37   def2-TZVP   [5s5p2d1f|14s9p3d1f]
    c       20     46     31   def2-TZVP   [5s3p2d1f|11s6p2d1f]
    h       20      8      6   def2-TZVP   [3s1p|5s1p]
   ---------------------------------------------------------------------------
   total:   47   1734   1114
   ---------------------------------------------------------------------------

   total number of primitive shells          :  120
   total number of contracted shells         :  420
   total number of cartesian basis functions : 1286
   total number of SCF-basis functions       : 1114

 number of unique ecp types :                     2

 integral neglect threshold       :  0.26E-11
 integral storage threshold THIZE :  0.10E-04
 integral storage threshold THIME :         5

 RI-J AUXILIARY BASIS SET information:

              we will work with the 1s 3p 5d 7f 9g ... basis set
              ...i.e. with spherical basis functions...

   type   atoms  prim   cont   basis
   ---------------------------------------------------------------------------
    mo       1     99     89   def2-TZVP   [8s5p5d2f3g|11s5p5d3f3g]
    tb       2    263    200   def2-TZVP   [14s7p6d6f5g2h2i|18s7p6d6f6g3h5i]
    s        4     77     51   def2-TZVP   [8s4p3d1f1g|14s5p5d2f1g]
    c       20     70     49   def2-TZVP   [6s4p3d1f1g|12s5p4d2f1g]
    h       20     16     11   def2-TZVP   [3s1p1d|5s2p1d]
   ---------------------------------------------------------------------------
   total:   47   2653   1893
   ---------------------------------------------------------------------------

   total number of primitive shells          :  137
   total number of contracted shells         :  575
   total number of cartesian basis functions : 2438
   total number of SCF-basis functions       : 1893


 symmetry group of the molecule :   d2d

 the group has the following generators :
   s4(z)
   c2(x)

    8 symmetry operations found

 there are 5 real representations :   a1   a2   b1   b2   e   

 maximum number of shells which are related by symmetry :  8

  
           ------------------
           density functional
           ------------------
 TPSS global hybrid functional
 exchange:    9/10 (LDA+TPSS) + 1/10 HF
 correlation: LDA (PW) + TPSS

 spherical integration : Lebedev's spherical grid
 spherical gridsize    :                     4
    i.e. gridpoints    :                   434
 value for diffuse not defined
 radial integration    : Chebyshev 2nd kind (scaling 3)
 radial gridsize       :                     6
 integration cells     :                     9
 partition function    : becke
 partition sharpness   :                     3
  
 
 Derivatives of quadrature weights will be included
 

 biggest AO integral is expected to be    24.498957202

          ------------------------
          nuclear repulsion energy  :   5046.50448731    
          ------------------------

  _________________________________
 |                                 |
 |         DFTD3 V3.1 Rev 0        |
 | S.Grimme, University Bonn       |
 |            June  2014           |
 |   see standalone version        |
 |       dftd3 -h for options      |
 |_________________________________|
 
 Please cite DFT-D3 work done with this code as:
 S. Grimme, J. Antony, S. Ehrlich and H. Krieg,
 J. Chem. Phys, 132 (2010), 154104.
 If used with BJ-damping cite also
 S. Grimme, S. Ehrlich and L. Goerigk,
 J. Comput. Chem. 32 (2011), 1456-1465
 For DFT-D2 the reference is
 S. Grimme, J. Comput. Chem., 27 (2006), 1787-1799
 
C6 coefficients used:
                     2  C6 for element                      1
Z=  1 CN= 0.912     C6(AA)=    3.03
Z=  1 CN= 0.000     C6(AA)=    7.59
                     5  C6 for element                      6
Z=  6 CN= 0.000     C6(AA)=   49.11
Z=  6 CN= 0.987     C6(AA)=   43.25
Z=  6 CN= 1.998     C6(AA)=   29.36
Z=  6 CN= 2.999     C6(AA)=   25.78
Z=  6 CN= 3.984     C6(AA)=   18.21
                     3  C6 for element                     16
Z= 16 CN= 0.000     C6(AA)=  134.01
Z= 16 CN= 0.995     C6(AA)=  131.00
Z= 16 CN= 1.990     C6(AA)=  125.81
                     3  C6 for element                     42
Z= 42 CN= 0.000     C6(AA)=  845.90
Z= 42 CN= 1.942     C6(AA)=  502.01
Z= 42 CN=11.056     C6(AA)=  337.11
                     2  C6 for element                     65
Z= 65 CN= 0.000     C6(AA)= 2851.67
Z= 65 CN= 2.909     C6(AA)=  524.92

#           XYZ [au]              R0(AA) [Ang.]  CN          C6(AA)     C8(AA)   C10(AA) [au]
  1   0.00000   0.00000   0.00000   mo  1.286  5.615       502.0     57804.9   8153712.7
  2   0.00000   0.00000  -6.36705   tb  1.828 11.726       524.9    122112.4  34798715.8
  3   0.00000   0.00000   6.36705   tb  1.828 11.726       524.9    122112.4  34798715.8
  4   2.40732   2.40732  -2.48830   s   0.839  2.047       125.9      6166.6    370085.5
  5  -2.40732  -2.40732  -2.48830   s   0.839  2.047       125.9      6166.6    370085.5
  6   2.40732  -2.40732   2.48830   s   0.839  2.047       125.9      6166.6    370085.5
  7  -2.40732   2.40732   2.48830   s   0.839  2.047       125.9      6166.6    370085.5
  8   4.64415  -1.59104  -7.62820   c   0.644  4.119        18.3       527.9     18704.1
  9   3.58991  -3.58991  -6.20790   c   0.644  4.114        18.3       528.0     18706.0
 10   1.59104  -4.64415  -7.62820   c   0.644  4.119        18.3       527.9     18704.1
 11   1.40270  -3.29494  -9.92918   c   0.644  4.120        18.3       527.9     18703.7
 12   3.29494  -1.40270  -9.92918   c   0.644  4.120        18.3       527.9     18703.7
 13  -1.59104   4.64415  -7.62820   c   0.644  4.119        18.3       527.9     18704.1
 14  -3.58991   3.58991  -6.20790   c   0.644  4.114        18.3       528.0     18706.0
 15  -4.64415   1.59104  -7.62820   c   0.644  4.119        18.3       527.9     18704.1
 16  -3.29494   1.40270  -9.92918   c   0.644  4.120        18.3       527.9     18703.7
 17  -1.40270   3.29494  -9.92918   c   0.644  4.120        18.3       527.9     18703.7
 18   1.59104   4.64415   7.62820   c   0.644  4.119        18.3       527.9     18704.1
 19   1.40270   3.29494   9.92918   c   0.644  4.120        18.3       527.9     18703.7
 20   3.29494   1.40270   9.92918   c   0.644  4.120        18.3       527.9     18703.7
 21   4.64415   1.59104   7.62820   c   0.644  4.119        18.3       527.9     18704.1
 22   3.58991   3.58991   6.20790   c   0.644  4.114        18.3       528.0     18706.0
 23  -4.64415  -1.59104   7.62820   c   0.644  4.119        18.3       527.9     18704.1
 24  -3.29494  -1.40270   9.92918   c   0.644  4.120        18.3       527.9     18703.7
 25  -1.40270  -3.29494   9.92918   c   0.644  4.120        18.3       527.9     18703.7
 26  -1.59104  -4.64415   7.62820   c   0.644  4.119        18.3       527.9     18704.1
 27  -3.58991  -3.58991   6.20790   c   0.644  4.114        18.3       528.0     18706.0
 28   0.38526  -6.17893  -7.02807   h   0.417  1.017         3.1        37.3       551.9
 29   0.06028  -3.65042 -11.42720   h   0.417  1.016         3.1        37.3       552.0
 30   4.14049  -4.14049  -4.32079   h   0.417  1.018         3.1        37.3       551.8
 31   3.65042  -0.06028 -11.42720   h   0.417  1.016         3.1        37.3       552.0
 32   6.17893  -0.38526  -7.02807   h   0.417  1.017         3.1        37.3       551.9
 33  -0.06028   3.65042 -11.42720   h   0.417  1.016         3.1        37.3       552.0
 34  -0.38526   6.17893  -7.02807   h   0.417  1.017         3.1        37.3       551.9
 35  -4.14049   4.14049  -4.32079   h   0.417  1.018         3.1        37.3       551.8
 36  -6.17893   0.38526  -7.02807   h   0.417  1.017         3.1        37.3       551.9
 37  -3.65042   0.06028 -11.42720   h   0.417  1.016         3.1        37.3       552.0
 38  -0.38526  -6.17893   7.02807   h   0.417  1.017         3.1        37.3       551.9
 39  -4.14049  -4.14049   4.32079   h   0.417  1.018         3.1        37.3       551.8
 40  -6.17893  -0.38526   7.02807   h   0.417  1.017         3.1        37.3       551.9
 41  -3.65042  -0.06028  11.42720   h   0.417  1.016         3.1        37.3       552.0
 42  -0.06028  -3.65042  11.42720   h   0.417  1.016         3.1        37.3       552.0
 43   0.06028   3.65042  11.42720   h   0.417  1.016         3.1        37.3       552.0
 44   0.38526   6.17893   7.02807   h   0.417  1.017         3.1        37.3       551.9
 45   4.14049   4.14049   4.32079   h   0.417  1.018         3.1        37.3       551.8
 46   3.65042   0.06028  11.42720   h   0.417  1.016         3.1        37.3       552.0
 47   6.17893   0.38526   7.02807   h   0.417  1.017         3.1        37.3       551.9

molecular C6(AA) [au] =     53528.51

           DFT-D V3(BJ)
 DF tpssh                                             
 parameters
 s6       :    1.0000
 s8       :    2.2382
 a1       :    0.4529
 a2       :    4.6550
 k1-k3    :   16.0000    1.3333   -4.0000
 
 Edisp /kcal,au:   -68.0408 -0.10842983

 E6    /kcal :   -26.6199
 E8    /kcal :   -41.4209
 % E8        : 60.88
 nuclear repulsion energy                  =    5046.504487307
 empirical dispersive energy correction    =      -0.108429833
 nuclear repulsion + dispersion correction =    5046.396057475


         -----------------
         -S,T+V- integrals
         -----------------

 1e-integrals will be neglected if expon. factor < 0.259873E-12


          ----------------
          -ecp-  integrals
          ----------------
 
   Difference densities algorithm switched on.
   The maximal number of linear combinations of
   difference densities is                    20 .

 DIIS switched on: error vector is FDS-SDF
 Max. Iterations for DIIS is     :   4
 DIIS matrix (see manual) 
    Scaling factor of diagonals  :  1.200
    threshold for scaling factor :  0.000

 scf convergence criterion : increment of total energy < .1000000D-06
                  and increment of one-electron energy < .1000000D-03

 MOs are in ASCII format !


    mo occupation :
   irrep   mo's   occupied
    a1     173       28
    a2     109       11
    b1     111       11
    b2     171       27
    e      275       38
 
 number of basis functions   :  1114
 number of occupied orbitals :   153
 

 reading orbital data $uhfmo_alpha  from file alpha
 orbital characterization : scfconv=7

 reading orbital data $uhfmo_beta  from file beta
 orbital characterization : scfconv=7
 mo-orthogonalization by Cholesky decomposition
 mo-orthogonalization by Cholesky decomposition

 UHF mode switched on !

 closed shell shift switched on 
 all occupied orbitals are shifted by    0.50000

  
           ------------------------
               RI-J - INFORMATION
           ------------------------
 Contributions to RI integral batches: 
  neglected integral batches:                 80619
  direct contribution:                            0
  memory contribution:                  7791
 Memory core needed for (P|Q) and Cholesky      1 MByte
 Memory core minimum needed except of (P|Q)     3 MByte
 Total minimum memory core needed (sum)         3 MByte
  
 ****************************************
 Memory allocated for RI-J  1517 MByte
 ****************************************
                                            
 
 
 
 ==============================================================================
                           electrostatic moments
 ==============================================================================

 reference point for electrostatic moments:    0.00000   0.00000   0.00000

 
              nuc           elec       ->  total
 ------------------------------------------------------------------------------
                          charge      
 ------------------------------------------------------------------------------
         292.000000    -293.000000      -1.000000
 a-b                                   -13.000000
 
 ------------------------------------------------------------------------------
                       dipole moment  
 ------------------------------------------------------------------------------
   x       0.000000      -0.000000      -0.000000
   y      -0.000000       0.000000       0.000000
   z       0.000000       0.000000       0.000000
 
   | dipole moment | =     0.0000 a.u. =     0.0000 debye 
 
 ------------------------------------------------------------------------------
                     quadrupole moment
 ------------------------------------------------------------------------------
  xx    1841.562452   -2048.540386    -206.977934
  yy    1841.562452   -2048.540386    -206.977934
  zz   13360.910125  -13588.838096    -227.927971
  xy       0.000000      -0.000000      -0.000000
  xz      -0.000000       0.000000       0.000000
  yz      -0.000000       0.000000       0.000000
 
     1/3  trace=    -213.961280
     anisotropy=      20.950037
 
 
 ==============================================================================
                  NATURAL POPULATION ANALYSIS (AO-BASIS) 
 ==============================================================================
A.E. Reed, R.B. Weinstock and F. Weinhold:
Natural population analysis, J. Chem. Phys. 83(2), 735(1985)
nbfiat:  1  6 12 15  7  0  0  0  0  0  0  0
nbfiat:  2 10 21 25 28  9  0  0  0  0  0  0
nbfiat:  3 10 21 25 28  9  0  0  0  0  0  0
nbfiat:  4  5 15 10  7  0  0  0  0  0  0  0
nbfiat:  5  5 15 10  7  0  0  0  0  0  0  0
nbfiat:  6  5 15 10  7  0  0  0  0  0  0  0
nbfiat:  7  5 15 10  7  0  0  0  0  0  0  0
nbfiat:  8  5  9 10  7  0  0  0  0  0  0  0
nbfiat:  9  5  9 10  7  0  0  0  0  0  0  0
nbfiat: 10  5  9 10  7  0  0  0  0  0  0  0
nbfiat: 11  5  9 10  7  0  0  0  0  0  0  0
nbfiat: 12  5  9 10  7  0  0  0  0  0  0  0
nbfiat: 13  5  9 10  7  0  0  0  0  0  0  0
nbfiat: 14  5  9 10  7  0  0  0  0  0  0  0
nbfiat: 15  5  9 10  7  0  0  0  0  0  0  0
nbfiat: 16  5  9 10  7  0  0  0  0  0  0  0
nbfiat: 17  5  9 10  7  0  0  0  0  0  0  0
nbfiat: 18  5  9 10  7  0  0  0  0  0  0  0
nbfiat: 19  5  9 10  7  0  0  0  0  0  0  0
nbfiat: 20  5  9 10  7  0  0  0  0  0  0  0
nbfiat: 21  5  9 10  7  0  0  0  0  0  0  0
nbfiat: 22  5  9 10  7  0  0  0  0  0  0  0
nbfiat: 23  5  9 10  7  0  0  0  0  0  0  0
nbfiat: 24  5  9 10  7  0  0  0  0  0  0  0
nbfiat: 25  5  9 10  7  0  0  0  0  0  0  0
nbfiat: 26  5  9 10  7  0  0  0  0  0  0  0
nbfiat: 27  5  9 10  7  0  0  0  0  0  0  0
nbfiat: 28  3  3  0  0  0  0  0  0  0  0  0
nbfiat: 29  3  3  0  0  0  0  0  0  0  0  0
nbfiat: 30  3  3  0  0  0  0  0  0  0  0  0
nbfiat: 31  3  3  0  0  0  0  0  0  0  0  0
nbfiat: 32  3  3  0  0  0  0  0  0  0  0  0
nbfiat: 33  3  3  0  0  0  0  0  0  0  0  0
nbfiat: 34  3  3  0  0  0  0  0  0  0  0  0
nbfiat: 35  3  3  0  0  0  0  0  0  0  0  0
nbfiat: 36  3  3  0  0  0  0  0  0  0  0  0
nbfiat: 37  3  3  0  0  0  0  0  0  0  0  0
nbfiat: 38  3  3  0  0  0  0  0  0  0  0  0
nbfiat: 39  3  3  0  0  0  0  0  0  0  0  0
nbfiat: 40  3  3  0  0  0  0  0  0  0  0  0
nbfiat: 41  3  3  0  0  0  0  0  0  0  0  0
nbfiat: 42  3  3  0  0  0  0  0  0  0  0  0
nbfiat: 43  3  3  0  0  0  0  0  0  0  0  0
nbfiat: 44  3  3  0  0  0  0  0  0  0  0  0
nbfiat: 45  3  3  0  0  0  0  0  0  0  0  0
nbfiat: 46  3  3  0  0  0  0  0  0  0  0  0
nbfiat: 47  3  3  0  0  0  0  0  0  0  0  0
Basis set: (total   1114 functions)
mo      (shells)  s:  6 p:  4 d:  3 f:  1 g:  0
tb      (shells)  s: 10 p:  7 d:  5 f:  4 g:  1
tb      (shells)  s: 10 p:  7 d:  5 f:  4 g:  1
s       (shells)  s:  5 p:  5 d:  2 f:  1 g:  0
s       (shells)  s:  5 p:  5 d:  2 f:  1 g:  0
s       (shells)  s:  5 p:  5 d:  2 f:  1 g:  0
s       (shells)  s:  5 p:  5 d:  2 f:  1 g:  0
c       (shells)  s:  5 p:  3 d:  2 f:  1 g:  0
c       (shells)  s:  5 p:  3 d:  2 f:  1 g:  0
c       (shells)  s:  5 p:  3 d:  2 f:  1 g:  0
c       (shells)  s:  5 p:  3 d:  2 f:  1 g:  0
c       (shells)  s:  5 p:  3 d:  2 f:  1 g:  0
c       (shells)  s:  5 p:  3 d:  2 f:  1 g:  0
c       (shells)  s:  5 p:  3 d:  2 f:  1 g:  0
c       (shells)  s:  5 p:  3 d:  2 f:  1 g:  0
c       (shells)  s:  5 p:  3 d:  2 f:  1 g:  0
c       (shells)  s:  5 p:  3 d:  2 f:  1 g:  0
c       (shells)  s:  5 p:  3 d:  2 f:  1 g:  0
c       (shells)  s:  5 p:  3 d:  2 f:  1 g:  0
c       (shells)  s:  5 p:  3 d:  2 f:  1 g:  0
c       (shells)  s:  5 p:  3 d:  2 f:  1 g:  0
c       (shells)  s:  5 p:  3 d:  2 f:  1 g:  0
c       (shells)  s:  5 p:  3 d:  2 f:  1 g:  0
c       (shells)  s:  5 p:  3 d:  2 f:  1 g:  0
c       (shells)  s:  5 p:  3 d:  2 f:  1 g:  0
c       (shells)  s:  5 p:  3 d:  2 f:  1 g:  0
c       (shells)  s:  5 p:  3 d:  2 f:  1 g:  0
h       (shells)  s:  3 p:  1 d:  0 f:  0 g:  0
h       (shells)  s:  3 p:  1 d:  0 f:  0 g:  0
h       (shells)  s:  3 p:  1 d:  0 f:  0 g:  0
h       (shells)  s:  3 p:  1 d:  0 f:  0 g:  0
h       (shells)  s:  3 p:  1 d:  0 f:  0 g:  0
h       (shells)  s:  3 p:  1 d:  0 f:  0 g:  0
h       (shells)  s:  3 p:  1 d:  0 f:  0 g:  0
h       (shells)  s:  3 p:  1 d:  0 f:  0 g:  0
h       (shells)  s:  3 p:  1 d:  0 f:  0 g:  0
h       (shells)  s:  3 p:  1 d:  0 f:  0 g:  0
h       (shells)  s:  3 p:  1 d:  0 f:  0 g:  0
h       (shells)  s:  3 p:  1 d:  0 f:  0 g:  0
h       (shells)  s:  3 p:  1 d:  0 f:  0 g:  0
h       (shells)  s:  3 p:  1 d:  0 f:  0 g:  0
h       (shells)  s:  3 p:  1 d:  0 f:  0 g:  0
h       (shells)  s:  3 p:  1 d:  0 f:  0 g:  0
h       (shells)  s:  3 p:  1 d:  0 f:  0 g:  0
h       (shells)  s:  3 p:  1 d:  0 f:  0 g:  0
h       (shells)  s:  3 p:  1 d:  0 f:  0 g:  0
h       (shells)  s:  3 p:  1 d:  0 f:  0 g:  0
NMB set: (total    218 functions)
mo      (shells)  s:  2 p:  1 d:  1 f:  0 g:  0
tb      (shells)  s:  3 p:  2 d:  2 f:  1 g:  0
tb      (shells)  s:  3 p:  2 d:  2 f:  1 g:  0
s       (shells)  s:  3 p:  2 d:  0 f:  0 g:  0
s       (shells)  s:  3 p:  2 d:  0 f:  0 g:  0
s       (shells)  s:  3 p:  2 d:  0 f:  0 g:  0
s       (shells)  s:  3 p:  2 d:  0 f:  0 g:  0
c       (shells)  s:  2 p:  1 d:  0 f:  0 g:  0
c       (shells)  s:  2 p:  1 d:  0 f:  0 g:  0
c       (shells)  s:  2 p:  1 d:  0 f:  0 g:  0
c       (shells)  s:  2 p:  1 d:  0 f:  0 g:  0
c       (shells)  s:  2 p:  1 d:  0 f:  0 g:  0
c       (shells)  s:  2 p:  1 d:  0 f:  0 g:  0
c       (shells)  s:  2 p:  1 d:  0 f:  0 g:  0
c       (shells)  s:  2 p:  1 d:  0 f:  0 g:  0
c       (shells)  s:  2 p:  1 d:  0 f:  0 g:  0
c       (shells)  s:  2 p:  1 d:  0 f:  0 g:  0
c       (shells)  s:  2 p:  1 d:  0 f:  0 g:  0
c       (shells)  s:  2 p:  1 d:  0 f:  0 g:  0
c       (shells)  s:  2 p:  1 d:  0 f:  0 g:  0
c       (shells)  s:  2 p:  1 d:  0 f:  0 g:  0
c       (shells)  s:  2 p:  1 d:  0 f:  0 g:  0
c       (shells)  s:  2 p:  1 d:  0 f:  0 g:  0
c       (shells)  s:  2 p:  1 d:  0 f:  0 g:  0
c       (shells)  s:  2 p:  1 d:  0 f:  0 g:  0
c       (shells)  s:  2 p:  1 d:  0 f:  0 g:  0
c       (shells)  s:  2 p:  1 d:  0 f:  0 g:  0
h       (shells)  s:  1 p:  0 d:  0 f:  0 g:  0
h       (shells)  s:  1 p:  0 d:  0 f:  0 g:  0
h       (shells)  s:  1 p:  0 d:  0 f:  0 g:  0
h       (shells)  s:  1 p:  0 d:  0 f:  0 g:  0
h       (shells)  s:  1 p:  0 d:  0 f:  0 g:  0
h       (shells)  s:  1 p:  0 d:  0 f:  0 g:  0
h       (shells)  s:  1 p:  0 d:  0 f:  0 g:  0
h       (shells)  s:  1 p:  0 d:  0 f:  0 g:  0
h       (shells)  s:  1 p:  0 d:  0 f:  0 g:  0
h       (shells)  s:  1 p:  0 d:  0 f:  0 g:  0
h       (shells)  s:  1 p:  0 d:  0 f:  0 g:  0
h       (shells)  s:  1 p:  0 d:  0 f:  0 g:  0
h       (shells)  s:  1 p:  0 d:  0 f:  0 g:  0
h       (shells)  s:  1 p:  0 d:  0 f:  0 g:  0
h       (shells)  s:  1 p:  0 d:  0 f:  0 g:  0
h       (shells)  s:  1 p:  0 d:  0 f:  0 g:  0
h       (shells)  s:  1 p:  0 d:  0 f:  0 g:  0
h       (shells)  s:  1 p:  0 d:  0 f:  0 g:  0
h       (shells)  s:  1 p:  0 d:  0 f:  0 g:  0
h       (shells)  s:  1 p:  0 d:  0 f:  0 g:  0
NRB set: (total    896 functions)
mo      (shells)  s:  4 p:  3 d:  2 f:  1 g:  0
tb      (shells)  s:  7 p:  5 d:  3 f:  3 g:  1
tb      (shells)  s:  7 p:  5 d:  3 f:  3 g:  1
s       (shells)  s:  2 p:  3 d:  2 f:  1 g:  0
s       (shells)  s:  2 p:  3 d:  2 f:  1 g:  0
s       (shells)  s:  2 p:  3 d:  2 f:  1 g:  0
s       (shells)  s:  2 p:  3 d:  2 f:  1 g:  0
c       (shells)  s:  3 p:  2 d:  2 f:  1 g:  0
c       (shells)  s:  3 p:  2 d:  2 f:  1 g:  0
c       (shells)  s:  3 p:  2 d:  2 f:  1 g:  0
c       (shells)  s:  3 p:  2 d:  2 f:  1 g:  0
c       (shells)  s:  3 p:  2 d:  2 f:  1 g:  0
c       (shells)  s:  3 p:  2 d:  2 f:  1 g:  0
c       (shells)  s:  3 p:  2 d:  2 f:  1 g:  0
c       (shells)  s:  3 p:  2 d:  2 f:  1 g:  0
c       (shells)  s:  3 p:  2 d:  2 f:  1 g:  0
c       (shells)  s:  3 p:  2 d:  2 f:  1 g:  0
c       (shells)  s:  3 p:  2 d:  2 f:  1 g:  0
c       (shells)  s:  3 p:  2 d:  2 f:  1 g:  0
c       (shells)  s:  3 p:  2 d:  2 f:  1 g:  0
c       (shells)  s:  3 p:  2 d:  2 f:  1 g:  0
c       (shells)  s:  3 p:  2 d:  2 f:  1 g:  0
c       (shells)  s:  3 p:  2 d:  2 f:  1 g:  0
c       (shells)  s:  3 p:  2 d:  2 f:  1 g:  0
c       (shells)  s:  3 p:  2 d:  2 f:  1 g:  0
c       (shells)  s:  3 p:  2 d:  2 f:  1 g:  0
c       (shells)  s:  3 p:  2 d:  2 f:  1 g:  0
h       (shells)  s:  2 p:  1 d:  0 f:  0 g:  0
h       (shells)  s:  2 p:  1 d:  0 f:  0 g:  0
h       (shells)  s:  2 p:  1 d:  0 f:  0 g:  0
h       (shells)  s:  2 p:  1 d:  0 f:  0 g:  0
h       (shells)  s:  2 p:  1 d:  0 f:  0 g:  0
h       (shells)  s:  2 p:  1 d:  0 f:  0 g:  0
h       (shells)  s:  2 p:  1 d:  0 f:  0 g:  0
h       (shells)  s:  2 p:  1 d:  0 f:  0 g:  0
h       (shells)  s:  2 p:  1 d:  0 f:  0 g:  0
h       (shells)  s:  2 p:  1 d:  0 f:  0 g:  0
h       (shells)  s:  2 p:  1 d:  0 f:  0 g:  0
h       (shells)  s:  2 p:  1 d:  0 f:  0 g:  0
h       (shells)  s:  2 p:  1 d:  0 f:  0 g:  0
h       (shells)  s:  2 p:  1 d:  0 f:  0 g:  0
h       (shells)  s:  2 p:  1 d:  0 f:  0 g:  0
h       (shells)  s:  2 p:  1 d:  0 f:  0 g:  0
h       (shells)  s:  2 p:  1 d:  0 f:  0 g:  0
h       (shells)  s:  2 p:  1 d:  0 f:  0 g:  0
h       (shells)  s:  2 p:  1 d:  0 f:  0 g:  0
h       (shells)  s:  2 p:  1 d:  0 f:  0 g:  0

*********************
*** Total density ***
*********************

 Nr Atom            Natural Electron Configuration
--------------------------------------------------
   1 mo [ecp-28] [core] 5s( 0.41) 6s( 0.01) 5p( 0.01) 4d( 5.38) 5d( 0.05) 4f( 0.01)                 
   2 tb [ecp-28] [core] 6s( 0.76) 7s( 0.10) 6p( 0.01) 5d( 1.67) 6d( 0.06) 4f( 7.38)                 
   3 tb [ecp-28] [core] 6s( 0.76) 7s( 0.10) 6p( 0.01) 5d( 1.67) 6d( 0.06) 4f( 7.38)                 
   4 s    [core]        3s( 1.78) 3p( 4.55) 4p( 0.01) 3d( 0.02)                                     
   5 s    [core]        3s( 1.78) 3p( 4.55) 4p( 0.01) 3d( 0.02)                                     
   6 s    [core]        3s( 1.78) 3p( 4.55) 4p( 0.01) 3d( 0.02)                                     
   7 s    [core]        3s( 1.78) 3p( 4.55) 4p( 0.01) 3d( 0.02)                                     
   8 c    [core]        2s( 0.99) 2p( 3.30) 3p( 0.01) 3d( 0.01)                                     
   9 c    [core]        2s( 0.99) 2p( 3.29) 3p( 0.01) 3d( 0.01)                                     
  10 c    [core]        2s( 0.99) 2p( 3.30) 3p( 0.01) 3d( 0.01)                                     
  11 c    [core]        2s( 0.99) 2p( 3.32) 3p( 0.01) 3d( 0.01)                                     
  12 c    [core]        2s( 0.99) 2p( 3.32) 3p( 0.01) 3d( 0.01)                                     
  13 c    [core]        2s( 0.99) 2p( 3.30) 3p( 0.01) 3d( 0.01)                                     
  14 c    [core]        2s( 0.99) 2p( 3.29) 3p( 0.01) 3d( 0.01)                                     
  15 c    [core]        2s( 0.99) 2p( 3.30) 3p( 0.01) 3d( 0.01)                                     
  16 c    [core]        2s( 0.99) 2p( 3.32) 3p( 0.01) 3d( 0.01)                                     
  17 c    [core]        2s( 0.99) 2p( 3.32) 3p( 0.01) 3d( 0.01)                                     
  18 c    [core]        2s( 0.99) 2p( 3.30) 3p( 0.01) 3d( 0.01)                                     
  19 c    [core]        2s( 0.99) 2p( 3.32) 3p( 0.01) 3d( 0.01)                                     
  20 c    [core]        2s( 0.99) 2p( 3.32) 3p( 0.01) 3d( 0.01)                                     
  21 c    [core]        2s( 0.99) 2p( 3.30) 3p( 0.01) 3d( 0.01)                                     
  22 c    [core]        2s( 0.99) 2p( 3.29) 3p( 0.01) 3d( 0.01)                                     
  23 c    [core]        2s( 0.99) 2p( 3.30) 3p( 0.01) 3d( 0.01)                                     
  24 c    [core]        2s( 0.99) 2p( 3.32) 3p( 0.01) 3d( 0.01)                                     
  25 c    [core]        2s( 0.99) 2p( 3.32) 3p( 0.01) 3d( 0.01)                                     
  26 c    [core]        2s( 0.99) 2p( 3.30) 3p( 0.01) 3d( 0.01)                                     
  27 c    [core]        2s( 0.99) 2p( 3.29) 3p( 0.01) 3d( 0.01)                                     
  28 h                  1s( 0.77)                                                                   
  29 h                  1s( 0.78)                                                                   
  30 h                  1s( 0.76)                                                                   
  31 h                  1s( 0.78)                                                                   
  32 h                  1s( 0.77)                                                                   
  33 h                  1s( 0.78)                                                                   
  34 h                  1s( 0.77)                                                                   
  35 h                  1s( 0.76)                                                                   
  36 h                  1s( 0.77)                                                                   
  37 h                  1s( 0.78)                                                                   
  38 h                  1s( 0.77)                                                                   
  39 h                  1s( 0.76)                                                                   
  40 h                  1s( 0.77)                                                                   
  41 h                  1s( 0.78)                                                                   
  42 h                  1s( 0.78)                                                                   
  43 h                  1s( 0.78)                                                                   
  44 h                  1s( 0.77)                                                                   
  45 h                  1s( 0.76)                                                                   
  46 h                  1s( 0.78)                                                                   
  47 h                  1s( 0.77)                                                                   

NATURAL POPULATIONS:  Natural atomic orbital occupancies

NAO   Atom  #       Type(AO)   Occupancy
----------------------------------------
    1 mo    1 s    Cor(4s)        1.99526
    2 mo    1 s    Val(5s)        0.41245
    3 mo    1 s    Ryd            0.00532
    4 mo    1 s    Ryd            0.00062
    5 mo    1 s    Ryd            0.00007
    6 mo    1 s    Ryd            0.00000
    7 mo    1 p    Cor(4px)       1.99345
    8 mo    1 p    Cor(4py)       1.99345
    9 mo    1 p    Cor(4pz)       1.99027
   10 mo    1 p    Ryd            0.00286
   11 mo    1 p    Ryd            0.00286
   12 mo    1 p    Ryd            0.00256
   13 mo    1 p    Ryd            0.00094
   14 mo    1 p    Ryd            0.00094
   15 mo    1 p    Ryd            0.00068
   16 mo    1 p    Ryd            0.00009
   17 mo    1 p    Ryd            0.00009
   18 mo    1 p    Ryd            0.00009
   19 mo    1 d    Val(4dz2)      1.34661
   20 mo    1 d    Val(4dxz)      1.01879
   21 mo    1 d    Val(4dyz)      1.01879
   22 mo    1 d    Val(4dxy)      0.98726
   23 mo    1 d    Val(4dx2-y2)   1.01249
   24 mo    1 d    Ryd            0.01287
   25 mo    1 d    Ryd            0.01038
   26 mo    1 d    Ryd            0.01038
   27 mo    1 d    Ryd            0.01836
   28 mo    1 d    Ryd            0.00064
   29 mo    1 d    Ryd            0.00005
   30 mo    1 d    Ryd            0.00013
   31 mo    1 d    Ryd            0.00013
   32 mo    1 d    Ryd            0.00011
   33 mo    1 d    Ryd            0.00005
   34 mo    1 f    Ryd            0.00078
   35 mo    1 f    Ryd            0.00083
   36 mo    1 f    Ryd            0.00083
   37 mo    1 f    Ryd            0.00075
   38 mo    1 f    Ryd            0.00125
   39 mo    1 f    Ryd            0.00087
   40 mo    1 f    Ryd            0.00087

   41 tb    2 s    Cor(4s)        1.99977
   42 tb    2 s    Cor(5s)        1.98599
   43 tb    2 s    Val(6s)        0.76126
   44 tb    2 s    Ryd            0.09990
   45 tb    2 s    Ryd            0.00234
   46 tb    2 s    Ryd            0.00037
   47 tb    2 s    Ryd            0.00006
   48 tb    2 s    Ryd            0.00002
   49 tb    2 s    Ryd            0.00000
   50 tb    2 s    Ryd            0.00000
   51 tb    2 p    Cor(4px)       1.99999
   52 tb    2 p    Cor(4py)       1.99999
   53 tb    2 p    Cor(4pz)       1.99999
   54 tb    2 p    Cor(5px)       1.99762
   55 tb    2 p    Cor(5py)       1.99762
   56 tb    2 p    Cor(5pz)       1.99716
   57 tb    2 p    Ryd            0.00181
   58 tb    2 p    Ryd            0.00181
   59 tb    2 p    Ryd            0.00196
   60 tb    2 p    Ryd            0.00051
   61 tb    2 p    Ryd            0.00051
   62 tb    2 p    Ryd            0.00095
   63 tb    2 p    Ryd            0.00043
   64 tb    2 p    Ryd            0.00043
   65 tb    2 p    Ryd            0.00049
   66 tb    2 p    Ryd            0.00003
   67 tb    2 p    Ryd            0.00003
   68 tb    2 p    Ryd            0.00003
   69 tb    2 p    Ryd            0.00000
   70 tb    2 p    Ryd            0.00000
   71 tb    2 p    Ryd            0.00000
   72 tb    2 d    Cor(4dz2)      1.99996
   73 tb    2 d    Cor(4dxz)      1.99997
   74 tb    2 d    Cor(4dyz)      1.99997
   75 tb    2 d    Cor(4dxy)      1.99996
   76 tb    2 d    Cor(4dx2-y2)   1.99997
   77 tb    2 d    Val(5dz2)      0.32304
   78 tb    2 d    Val(5dxz)      0.36907
   79 tb    2 d    Val(5dyz)      0.36907
   80 tb    2 d    Val(5dxy)      0.24872
   81 tb    2 d    Val(5dx2-y2)   0.35947
   82 tb    2 d    Ryd            0.00703
   83 tb    2 d    Ryd            0.01452
   84 tb    2 d    Ryd            0.01452
   85 tb    2 d    Ryd            0.01147
   86 tb    2 d    Ryd            0.00820
   87 tb    2 d    Ryd            0.00008
   88 tb    2 d    Ryd            0.00008
   89 tb    2 d    Ryd            0.00008
   90 tb    2 d    Ryd            0.00006
   91 tb    2 d    Ryd            0.00005
   92 tb    2 d    Ryd            0.00001
   93 tb    2 d    Ryd            0.00001
   94 tb    2 d    Ryd            0.00001
   95 tb    2 d    Ryd            0.00001
   96 tb    2 d    Ryd            0.00001
   97 tb    2 f    Val(4f0)       1.00762
   98 tb    2 f    Val(4fC1)      1.01069
   99 tb    2 f    Val(4fS1)      1.01069
  100 tb    2 f    Val(4fC2)      1.32852
  101 tb    2 f    Val(4fS2)      1.00857
  102 tb    2 f    Val(4fC3)      1.00652
  103 tb    2 f    Val(4fS3)      1.00652
  104 tb    2 f    Ryd            0.00037
  105 tb    2 f    Ryd            0.00067
  106 tb    2 f    Ryd            0.00067
  107 tb    2 f    Ryd            0.00126
  108 tb    2 f    Ryd            0.00073
  109 tb    2 f    Ryd            0.00041
  110 tb    2 f    Ryd            0.00041
  111 tb    2 f    Ryd            0.00010
  112 tb    2 f    Ryd            0.00008
  113 tb    2 f    Ryd            0.00008
  114 tb    2 f    Ryd            0.00010
  115 tb    2 f    Ryd            0.00008
  116 tb    2 f    Ryd            0.00011
  117 tb    2 f    Ryd            0.00011
  118 tb    2 f    Ryd            0.00000
  119 tb    2 f    Ryd            0.00000
  120 tb    2 f    Ryd            0.00000
  121 tb    2 f    Ryd            0.00001
  122 tb    2 f    Ryd            0.00000
  123 tb    2 f    Ryd            0.00000
  124 tb    2 f    Ryd            0.00000
  125 tb    2 g    Ryd            0.00002
  126 tb    2 g    Ryd            0.00003
  127 tb    2 g    Ryd            0.00003
  128 tb    2 g    Ryd            0.00002
  129 tb    2 g    Ryd            0.00003
  130 tb    2 g    Ryd            0.00002
  131 tb    2 g    Ryd            0.00002
  132 tb    2 g    Ryd            0.00002
  133 tb    2 g    Ryd            0.00002

  134 tb    3 s    Cor(4s)        1.99977
  135 tb    3 s    Cor(5s)        1.98599
  136 tb    3 s    Val(6s)        0.76126
  137 tb    3 s    Ryd            0.09990
  138 tb    3 s    Ryd            0.00234
  139 tb    3 s    Ryd            0.00037
  140 tb    3 s    Ryd            0.00006
  141 tb    3 s    Ryd            0.00002
  142 tb    3 s    Ryd            0.00000
  143 tb    3 s    Ryd            0.00000
  144 tb    3 p    Cor(4px)       1.99999
  145 tb    3 p    Cor(4py)       1.99999
  146 tb    3 p    Cor(4pz)       1.99999
  147 tb    3 p    Cor(5px)       1.99762
  148 tb    3 p    Cor(5py)       1.99762
  149 tb    3 p    Cor(5pz)       1.99716
  150 tb    3 p    Ryd            0.00181
  151 tb    3 p    Ryd            0.00181
  152 tb    3 p    Ryd            0.00196
  153 tb    3 p    Ryd            0.00051
  154 tb    3 p    Ryd            0.00051
  155 tb    3 p    Ryd            0.00095
  156 tb    3 p    Ryd            0.00043
  157 tb    3 p    Ryd            0.00043
  158 tb    3 p    Ryd            0.00049
  159 tb    3 p    Ryd            0.00003
  160 tb    3 p    Ryd            0.00003
  161 tb    3 p    Ryd            0.00003
  162 tb    3 p    Ryd            0.00000
  163 tb    3 p    Ryd            0.00000
  164 tb    3 p    Ryd            0.00000
  165 tb    3 d    Cor(4dz2)      1.99996
  166 tb    3 d    Cor(4dxz)      1.99997
  167 tb    3 d    Cor(4dyz)      1.99997
  168 tb    3 d    Cor(4dxy)      1.99996
  169 tb    3 d    Cor(4dx2-y2)   1.99997
  170 tb    3 d    Val(5dz2)      0.32304
  171 tb    3 d    Val(5dxz)      0.36907
  172 tb    3 d    Val(5dyz)      0.36907
  173 tb    3 d    Val(5dxy)      0.24872
  174 tb    3 d    Val(5dx2-y2)   0.35947
  175 tb    3 d    Ryd            0.00703
  176 tb    3 d    Ryd            0.01452
  177 tb    3 d    Ryd            0.01452
  178 tb    3 d    Ryd            0.01147
  179 tb    3 d    Ryd            0.00820
  180 tb    3 d    Ryd            0.00008
  181 tb    3 d    Ryd            0.00008
  182 tb    3 d    Ryd            0.00008
  183 tb    3 d    Ryd            0.00006
  184 tb    3 d    Ryd            0.00005
  185 tb    3 d    Ryd            0.00001
  186 tb    3 d    Ryd            0.00001
  187 tb    3 d    Ryd            0.00001
  188 tb    3 d    Ryd            0.00001
  189 tb    3 d    Ryd            0.00001
  190 tb    3 f    Val(4f0)       1.00762
  191 tb    3 f    Val(4fC1)      1.01069
  192 tb    3 f    Val(4fS1)      1.01069
  193 tb    3 f    Val(4fC2)      1.32852
  194 tb    3 f    Val(4fS2)      1.00857
  195 tb    3 f    Val(4fC3)      1.00652
  196 tb    3 f    Val(4fS3)      1.00652
  197 tb    3 f    Ryd            0.00037
  198 tb    3 f    Ryd            0.00067
  199 tb    3 f    Ryd            0.00067
  200 tb    3 f    Ryd            0.00126
  201 tb    3 f    Ryd            0.00073
  202 tb    3 f    Ryd            0.00041
  203 tb    3 f    Ryd            0.00041
  204 tb    3 f    Ryd            0.00010
  205 tb    3 f    Ryd            0.00008
  206 tb    3 f    Ryd            0.00008
  207 tb    3 f    Ryd            0.00010
  208 tb    3 f    Ryd            0.00008
  209 tb    3 f    Ryd            0.00011
  210 tb    3 f    Ryd            0.00011
  211 tb    3 f    Ryd            0.00000
  212 tb    3 f    Ryd            0.00000
  213 tb    3 f    Ryd            0.00000
  214 tb    3 f    Ryd            0.00001
  215 tb    3 f    Ryd            0.00000
  216 tb    3 f    Ryd            0.00000
  217 tb    3 f    Ryd            0.00000
  218 tb    3 g    Ryd            0.00002
  219 tb    3 g    Ryd            0.00003
  220 tb    3 g    Ryd            0.00003
  221 tb    3 g    Ryd            0.00002
  222 tb    3 g    Ryd            0.00003
  223 tb    3 g    Ryd            0.00002
  224 tb    3 g    Ryd            0.00002
  225 tb    3 g    Ryd            0.00002
  226 tb    3 g    Ryd            0.00002

  227 s     4 s    Cor(1s)        2.00000
  228 s     4 s    Cor(2s)        1.99946
  229 s     4 s    Val(3s)        1.77740
  230 s     4 s    Ryd            0.00162
  231 s     4 s    Ryd            0.00000
  232 s     4 p    Cor(2px)       1.99987
  233 s     4 p    Cor(2py)       1.99987
  234 s     4 p    Cor(2pz)       1.99978
  235 s     4 p    Val(3px)       1.52724
  236 s     4 p    Val(3py)       1.52724
  237 s     4 p    Val(3pz)       1.49624
  238 s     4 p    Ryd            0.00166
  239 s     4 p    Ryd            0.00166
  240 s     4 p    Ryd            0.00284
  241 s     4 p    Ryd            0.00003
  242 s     4 p    Ryd            0.00003
  243 s     4 p    Ryd            0.00005
  244 s     4 p    Ryd            0.00000
  245 s     4 p    Ryd            0.00000
  246 s     4 p    Ryd            0.00000
  247 s     4 d    Ryd            0.00227
  248 s     4 d    Ryd            0.00541
  249 s     4 d    Ryd            0.00541
  250 s     4 d    Ryd            0.00564
  251 s     4 d    Ryd            0.00514
  252 s     4 d    Ryd            0.00043
  253 s     4 d    Ryd            0.00028
  254 s     4 d    Ryd            0.00028
  255 s     4 d    Ryd            0.00035
  256 s     4 d    Ryd            0.00015
  257 s     4 f    Ryd            0.00006
  258 s     4 f    Ryd            0.00008
  259 s     4 f    Ryd            0.00008
  260 s     4 f    Ryd            0.00014
  261 s     4 f    Ryd            0.00007
  262 s     4 f    Ryd            0.00017
  263 s     4 f    Ryd            0.00017

  264 s     5 s    Cor(1s)        2.00000
  265 s     5 s    Cor(2s)        1.99946
  266 s     5 s    Val(3s)        1.77740
  267 s     5 s    Ryd            0.00162
  268 s     5 s    Ryd            0.00000
  269 s     5 p    Cor(2px)       1.99987
  270 s     5 p    Cor(2py)       1.99987
  271 s     5 p    Cor(2pz)       1.99978
  272 s     5 p    Val(3px)       1.52724
  273 s     5 p    Val(3py)       1.52724
  274 s     5 p    Val(3pz)       1.49624
  275 s     5 p    Ryd            0.00166
  276 s     5 p    Ryd            0.00166
  277 s     5 p    Ryd            0.00284
  278 s     5 p    Ryd            0.00003
  279 s     5 p    Ryd            0.00003
  280 s     5 p    Ryd            0.00005
  281 s     5 p    Ryd            0.00000
  282 s     5 p    Ryd            0.00000
  283 s     5 p    Ryd            0.00000
  284 s     5 d    Ryd            0.00227
  285 s     5 d    Ryd            0.00541
  286 s     5 d    Ryd            0.00541
  287 s     5 d    Ryd            0.00564
  288 s     5 d    Ryd            0.00514
  289 s     5 d    Ryd            0.00043
  290 s     5 d    Ryd            0.00028
  291 s     5 d    Ryd            0.00028
  292 s     5 d    Ryd            0.00035
  293 s     5 d    Ryd            0.00015
  294 s     5 f    Ryd            0.00006
  295 s     5 f    Ryd            0.00008
  296 s     5 f    Ryd            0.00008
  297 s     5 f    Ryd            0.00014
  298 s     5 f    Ryd            0.00007
  299 s     5 f    Ryd            0.00017
  300 s     5 f    Ryd            0.00017

  301 s     6 s    Cor(1s)        2.00000
  302 s     6 s    Cor(2s)        1.99946
  303 s     6 s    Val(3s)        1.77740
  304 s     6 s    Ryd            0.00162
  305 s     6 s    Ryd            0.00000
  306 s     6 p    Cor(2px)       1.99987
  307 s     6 p    Cor(2py)       1.99987
  308 s     6 p    Cor(2pz)       1.99978
  309 s     6 p    Val(3px)       1.52724
  310 s     6 p    Val(3py)       1.52724
  311 s     6 p    Val(3pz)       1.49624
  312 s     6 p    Ryd            0.00166
  313 s     6 p    Ryd            0.00166
  314 s     6 p    Ryd            0.00284
  315 s     6 p    Ryd            0.00003
  316 s     6 p    Ryd            0.00003
  317 s     6 p    Ryd            0.00005
  318 s     6 p    Ryd            0.00000
  319 s     6 p    Ryd            0.00000
  320 s     6 p    Ryd            0.00000
  321 s     6 d    Ryd            0.00227
  322 s     6 d    Ryd            0.00541
  323 s     6 d    Ryd            0.00541
  324 s     6 d    Ryd            0.00564
  325 s     6 d    Ryd            0.00514
  326 s     6 d    Ryd            0.00043
  327 s     6 d    Ryd            0.00028
  328 s     6 d    Ryd            0.00028
  329 s     6 d    Ryd            0.00035
  330 s     6 d    Ryd            0.00015
  331 s     6 f    Ryd            0.00006
  332 s     6 f    Ryd            0.00008
  333 s     6 f    Ryd            0.00008
  334 s     6 f    Ryd            0.00014
  335 s     6 f    Ryd            0.00007
  336 s     6 f    Ryd            0.00017
  337 s     6 f    Ryd            0.00017

  338 s     7 s    Cor(1s)        2.00000
  339 s     7 s    Cor(2s)        1.99946
  340 s     7 s    Val(3s)        1.77740
  341 s     7 s    Ryd            0.00162
  342 s     7 s    Ryd            0.00000
  343 s     7 p    Cor(2px)       1.99987
  344 s     7 p    Cor(2py)       1.99987
  345 s     7 p    Cor(2pz)       1.99978
  346 s     7 p    Val(3px)       1.52724
  347 s     7 p    Val(3py)       1.52724
  348 s     7 p    Val(3pz)       1.49624
  349 s     7 p    Ryd            0.00166
  350 s     7 p    Ryd            0.00166
  351 s     7 p    Ryd            0.00284
  352 s     7 p    Ryd            0.00003
  353 s     7 p    Ryd            0.00003
  354 s     7 p    Ryd            0.00005
  355 s     7 p    Ryd            0.00000
  356 s     7 p    Ryd            0.00000
  357 s     7 p    Ryd            0.00000
  358 s     7 d    Ryd            0.00227
  359 s     7 d    Ryd            0.00541
  360 s     7 d    Ryd            0.00541
  361 s     7 d    Ryd            0.00564
  362 s     7 d    Ryd            0.00514
  363 s     7 d    Ryd            0.00043
  364 s     7 d    Ryd            0.00028
  365 s     7 d    Ryd            0.00028
  366 s     7 d    Ryd            0.00035
  367 s     7 d    Ryd            0.00015
  368 s     7 f    Ryd            0.00006
  369 s     7 f    Ryd            0.00008
  370 s     7 f    Ryd            0.00008
  371 s     7 f    Ryd            0.00014
  372 s     7 f    Ryd            0.00007
  373 s     7 f    Ryd            0.00017
  374 s     7 f    Ryd            0.00017

  375 c     8 s    Cor(1s)        1.99908
  376 c     8 s    Val(2s)        0.98952
  377 c     8 s    Ryd            0.00202
  378 c     8 s    Ryd            0.00009
  379 c     8 s    Ryd            0.00000
  380 c     8 p    Val(2px)       1.13776
  381 c     8 p    Val(2py)       1.11047
  382 c     8 p    Val(2pz)       1.04784
  383 c     8 p    Ryd            0.00368
  384 c     8 p    Ryd            0.00286
  385 c     8 p    Ryd            0.00325
  386 c     8 p    Ryd            0.00052
  387 c     8 p    Ryd            0.00021
  388 c     8 p    Ryd            0.00019
  389 c     8 d    Ryd            0.00063
  390 c     8 d    Ryd            0.00147
  391 c     8 d    Ryd            0.00084
  392 c     8 d    Ryd            0.00140
  393 c     8 d    Ryd            0.00133
  394 c     8 d    Ryd            0.00036
  395 c     8 d    Ryd            0.00019
  396 c     8 d    Ryd            0.00031
  397 c     8 d    Ryd            0.00029
  398 c     8 d    Ryd            0.00014
  399 c     8 f    Ryd            0.00024
  400 c     8 f    Ryd            0.00025
  401 c     8 f    Ryd            0.00015
  402 c     8 f    Ryd            0.00035
  403 c     8 f    Ryd            0.00023
  404 c     8 f    Ryd            0.00022
  405 c     8 f    Ryd            0.00031

  406 c     9 s    Cor(1s)        1.99907
  407 c     9 s    Val(2s)        0.99274
  408 c     9 s    Ryd            0.00199
  409 c     9 s    Ryd            0.00012
  410 c     9 s    Ryd            0.00000
  411 c     9 p    Val(2px)       1.06019
  412 c     9 p    Val(2py)       1.06019
  413 c     9 p    Val(2pz)       1.17224
  414 c     9 p    Ryd            0.00357
  415 c     9 p    Ryd            0.00357
  416 c     9 p    Ryd            0.00357
  417 c     9 p    Ryd            0.00043
  418 c     9 p    Ryd            0.00043
  419 c     9 p    Ryd            0.00036
  420 c     9 d    Ryd            0.00139
  421 c     9 d    Ryd            0.00118
  422 c     9 d    Ryd            0.00118
  423 c     9 d    Ryd            0.00109
  424 c     9 d    Ryd            0.00063
  425 c     9 d    Ryd            0.00038
  426 c     9 d    Ryd            0.00018
  427 c     9 d    Ryd            0.00018
  428 c     9 d    Ryd            0.00031
  429 c     9 d    Ryd            0.00023
  430 c     9 f    Ryd            0.00032
  431 c     9 f    Ryd            0.00025
  432 c     9 f    Ryd            0.00025
  433 c     9 f    Ryd            0.00046
  434 c     9 f    Ryd            0.00013
  435 c     9 f    Ryd            0.00015
  436 c     9 f    Ryd            0.00015

  437 c    10 s    Cor(1s)        1.99908
  438 c    10 s    Val(2s)        0.98952
  439 c    10 s    Ryd            0.00202
  440 c    10 s    Ryd            0.00009
  441 c    10 s    Ryd            0.00000
  442 c    10 p    Val(2px)       1.11046
  443 c    10 p    Val(2py)       1.13777
  444 c    10 p    Val(2pz)       1.04784
  445 c    10 p    Ryd            0.00286
  446 c    10 p    Ryd            0.00368
  447 c    10 p    Ryd            0.00325
  448 c    10 p    Ryd            0.00021
  449 c    10 p    Ryd            0.00052
  450 c    10 p    Ryd            0.00019
  451 c    10 d    Ryd            0.00063
  452 c    10 d    Ryd            0.00084
  453 c    10 d    Ryd            0.00147
  454 c    10 d    Ryd            0.00140
  455 c    10 d    Ryd            0.00133
  456 c    10 d    Ryd            0.00036
  457 c    10 d    Ryd            0.00031
  458 c    10 d    Ryd            0.00019
  459 c    10 d    Ryd            0.00029
  460 c    10 d    Ryd            0.00014
  461 c    10 f    Ryd            0.00024
  462 c    10 f    Ryd            0.00015
  463 c    10 f    Ryd            0.00025
  464 c    10 f    Ryd            0.00035
  465 c    10 f    Ryd            0.00023
  466 c    10 f    Ryd            0.00031
  467 c    10 f    Ryd            0.00022

  468 c    11 s    Cor(1s)        1.99912
  469 c    11 s    Val(2s)        0.98647
  470 c    11 s    Ryd            0.00231
  471 c    11 s    Ryd            0.00010
  472 c    11 s    Ryd            0.00000
  473 c    11 p    Val(2px)       1.13220
  474 c    11 p    Val(2py)       1.06622
  475 c    11 p    Val(2pz)       1.12120
  476 c    11 p    Ryd            0.00291
  477 c    11 p    Ryd            0.00337
  478 c    11 p    Ryd            0.00398
  479 c    11 p    Ryd            0.00025
  480 c    11 p    Ryd            0.00035
  481 c    11 p    Ryd            0.00043
  482 c    11 d    Ryd            0.00141
  483 c    11 d    Ryd            0.00096
  484 c    11 d    Ryd            0.00129
  485 c    11 d    Ryd            0.00131
  486 c    11 d    Ryd            0.00071
  487 c    11 d    Ryd            0.00019
  488 c    11 d    Ryd            0.00046
  489 c    11 d    Ryd            0.00028
  490 c    11 d    Ryd            0.00016
  491 c    11 d    Ryd            0.00025
  492 c    11 f    Ryd            0.00011
  493 c    11 f    Ryd            0.00032
  494 c    11 f    Ryd            0.00033
  495 c    11 f    Ryd            0.00025
  496 c    11 f    Ryd            0.00026
  497 c    11 f    Ryd            0.00022
  498 c    11 f    Ryd            0.00027

  499 c    12 s    Cor(1s)        1.99912
  500 c    12 s    Val(2s)        0.98647
  501 c    12 s    Ryd            0.00231
  502 c    12 s    Ryd            0.00010
  503 c    12 s    Ryd            0.00000
  504 c    12 p    Val(2px)       1.06622
  505 c    12 p    Val(2py)       1.13220
  506 c    12 p    Val(2pz)       1.12120
  507 c    12 p    Ryd            0.00336
  508 c    12 p    Ryd            0.00291
  509 c    12 p    Ryd            0.00398
  510 c    12 p    Ryd            0.00035
  511 c    12 p    Ryd            0.00025
  512 c    12 p    Ryd            0.00043
  513 c    12 d    Ryd            0.00141
  514 c    12 d    Ryd            0.00129
  515 c    12 d    Ryd            0.00096
  516 c    12 d    Ryd            0.00131
  517 c    12 d    Ryd            0.00071
  518 c    12 d    Ryd            0.00019
  519 c    12 d    Ryd            0.00028
  520 c    12 d    Ryd            0.00046
  521 c    12 d    Ryd            0.00016
  522 c    12 d    Ryd            0.00025
  523 c    12 f    Ryd            0.00011
  524 c    12 f    Ryd            0.00033
  525 c    12 f    Ryd            0.00032
  526 c    12 f    Ryd            0.00025
  527 c    12 f    Ryd            0.00026
  528 c    12 f    Ryd            0.00027
  529 c    12 f    Ryd            0.00022

  530 c    13 s    Cor(1s)        1.99908
  531 c    13 s    Val(2s)        0.98952
  532 c    13 s    Ryd            0.00202
  533 c    13 s    Ryd            0.00009
  534 c    13 s    Ryd            0.00000
  535 c    13 p    Val(2px)       1.11046
  536 c    13 p    Val(2py)       1.13777
  537 c    13 p    Val(2pz)       1.04784
  538 c    13 p    Ryd            0.00286
  539 c    13 p    Ryd            0.00368
  540 c    13 p    Ryd            0.00325
  541 c    13 p    Ryd            0.00021
  542 c    13 p    Ryd            0.00052
  543 c    13 p    Ryd            0.00019
  544 c    13 d    Ryd            0.00063
  545 c    13 d    Ryd            0.00084
  546 c    13 d    Ryd            0.00147
  547 c    13 d    Ryd            0.00140
  548 c    13 d    Ryd            0.00133
  549 c    13 d    Ryd            0.00036
  550 c    13 d    Ryd            0.00031
  551 c    13 d    Ryd            0.00019
  552 c    13 d    Ryd            0.00029
  553 c    13 d    Ryd            0.00014
  554 c    13 f    Ryd            0.00024
  555 c    13 f    Ryd            0.00015
  556 c    13 f    Ryd            0.00025
  557 c    13 f    Ryd            0.00035
  558 c    13 f    Ryd            0.00023
  559 c    13 f    Ryd            0.00031
  560 c    13 f    Ryd            0.00022

  561 c    14 s    Cor(1s)        1.99907
  562 c    14 s    Val(2s)        0.99274
  563 c    14 s    Ryd            0.00199
  564 c    14 s    Ryd            0.00012
  565 c    14 s    Ryd            0.00000
  566 c    14 p    Val(2px)       1.06019
  567 c    14 p    Val(2py)       1.06019
  568 c    14 p    Val(2pz)       1.17224
  569 c    14 p    Ryd            0.00357
  570 c    14 p    Ryd            0.00357
  571 c    14 p    Ryd            0.00357
  572 c    14 p    Ryd            0.00043
  573 c    14 p    Ryd            0.00043
  574 c    14 p    Ryd            0.00036
  575 c    14 d    Ryd            0.00139
  576 c    14 d    Ryd            0.00118
  577 c    14 d    Ryd            0.00118
  578 c    14 d    Ryd            0.00109
  579 c    14 d    Ryd            0.00063
  580 c    14 d    Ryd            0.00038
  581 c    14 d    Ryd            0.00018
  582 c    14 d    Ryd            0.00018
  583 c    14 d    Ryd            0.00031
  584 c    14 d    Ryd            0.00023
  585 c    14 f    Ryd            0.00032
  586 c    14 f    Ryd            0.00025
  587 c    14 f    Ryd            0.00025
  588 c    14 f    Ryd            0.00046
  589 c    14 f    Ryd            0.00013
  590 c    14 f    Ryd            0.00015
  591 c    14 f    Ryd            0.00015

  592 c    15 s    Cor(1s)        1.99908
  593 c    15 s    Val(2s)        0.98952
  594 c    15 s    Ryd            0.00202
  595 c    15 s    Ryd            0.00009
  596 c    15 s    Ryd            0.00000
  597 c    15 p    Val(2px)       1.13776
  598 c    15 p    Val(2py)       1.11047
  599 c    15 p    Val(2pz)       1.04784
  600 c    15 p    Ryd            0.00368
  601 c    15 p    Ryd            0.00286
  602 c    15 p    Ryd            0.00325
  603 c    15 p    Ryd            0.00052
  604 c    15 p    Ryd            0.00021
  605 c    15 p    Ryd            0.00019
  606 c    15 d    Ryd            0.00063
  607 c    15 d    Ryd            0.00147
  608 c    15 d    Ryd            0.00084
  609 c    15 d    Ryd            0.00140
  610 c    15 d    Ryd            0.00133
  611 c    15 d    Ryd            0.00036
  612 c    15 d    Ryd            0.00019
  613 c    15 d    Ryd            0.00031
  614 c    15 d    Ryd            0.00029
  615 c    15 d    Ryd            0.00014
  616 c    15 f    Ryd            0.00024
  617 c    15 f    Ryd            0.00025
  618 c    15 f    Ryd            0.00015
  619 c    15 f    Ryd            0.00035
  620 c    15 f    Ryd            0.00023
  621 c    15 f    Ryd            0.00022
  622 c    15 f    Ryd            0.00031

  623 c    16 s    Cor(1s)        1.99912
  624 c    16 s    Val(2s)        0.98647
  625 c    16 s    Ryd            0.00231
  626 c    16 s    Ryd            0.00010
  627 c    16 s    Ryd            0.00000
  628 c    16 p    Val(2px)       1.06622
  629 c    16 p    Val(2py)       1.13220
  630 c    16 p    Val(2pz)       1.12120
  631 c    16 p    Ryd            0.00336
  632 c    16 p    Ryd            0.00291
  633 c    16 p    Ryd            0.00398
  634 c    16 p    Ryd            0.00035
  635 c    16 p    Ryd            0.00025
  636 c    16 p    Ryd            0.00043
  637 c    16 d    Ryd            0.00141
  638 c    16 d    Ryd            0.00129
  639 c    16 d    Ryd            0.00096
  640 c    16 d    Ryd            0.00131
  641 c    16 d    Ryd            0.00071
  642 c    16 d    Ryd            0.00019
  643 c    16 d    Ryd            0.00028
  644 c    16 d    Ryd            0.00046
  645 c    16 d    Ryd            0.00016
  646 c    16 d    Ryd            0.00025
  647 c    16 f    Ryd            0.00011
  648 c    16 f    Ryd            0.00033
  649 c    16 f    Ryd            0.00032
  650 c    16 f    Ryd            0.00025
  651 c    16 f    Ryd            0.00026
  652 c    16 f    Ryd            0.00027
  653 c    16 f    Ryd            0.00022

  654 c    17 s    Cor(1s)        1.99912
  655 c    17 s    Val(2s)        0.98647
  656 c    17 s    Ryd            0.00231
  657 c    17 s    Ryd            0.00010
  658 c    17 s    Ryd            0.00000
  659 c    17 p    Val(2px)       1.13220
  660 c    17 p    Val(2py)       1.06622
  661 c    17 p    Val(2pz)       1.12120
  662 c    17 p    Ryd            0.00291
  663 c    17 p    Ryd            0.00337
  664 c    17 p    Ryd            0.00398
  665 c    17 p    Ryd            0.00025
  666 c    17 p    Ryd            0.00035
  667 c    17 p    Ryd            0.00043
  668 c    17 d    Ryd            0.00141
  669 c    17 d    Ryd            0.00096
  670 c    17 d    Ryd            0.00129
  671 c    17 d    Ryd            0.00131
  672 c    17 d    Ryd            0.00071
  673 c    17 d    Ryd            0.00019
  674 c    17 d    Ryd            0.00046
  675 c    17 d    Ryd            0.00028
  676 c    17 d    Ryd            0.00016
  677 c    17 d    Ryd            0.00025
  678 c    17 f    Ryd            0.00011
  679 c    17 f    Ryd            0.00032
  680 c    17 f    Ryd            0.00033
  681 c    17 f    Ryd            0.00025
  682 c    17 f    Ryd            0.00026
  683 c    17 f    Ryd            0.00022
  684 c    17 f    Ryd            0.00027

  685 c    18 s    Cor(1s)        1.99908
  686 c    18 s    Val(2s)        0.98952
  687 c    18 s    Ryd            0.00202
  688 c    18 s    Ryd            0.00009
  689 c    18 s    Ryd            0.00000
  690 c    18 p    Val(2px)       1.11047
  691 c    18 p    Val(2py)       1.13776
  692 c    18 p    Val(2pz)       1.04784
  693 c    18 p    Ryd            0.00286
  694 c    18 p    Ryd            0.00368
  695 c    18 p    Ryd            0.00325
  696 c    18 p    Ryd            0.00021
  697 c    18 p    Ryd            0.00052
  698 c    18 p    Ryd            0.00019
  699 c    18 d    Ryd            0.00063
  700 c    18 d    Ryd            0.00084
  701 c    18 d    Ryd            0.00147
  702 c    18 d    Ryd            0.00140
  703 c    18 d    Ryd            0.00133
  704 c    18 d    Ryd            0.00036
  705 c    18 d    Ryd            0.00031
  706 c    18 d    Ryd            0.00019
  707 c    18 d    Ryd            0.00029
  708 c    18 d    Ryd            0.00014
  709 c    18 f    Ryd            0.00024
  710 c    18 f    Ryd            0.00015
  711 c    18 f    Ryd            0.00025
  712 c    18 f    Ryd            0.00035
  713 c    18 f    Ryd            0.00023
  714 c    18 f    Ryd            0.00031
  715 c    18 f    Ryd            0.00022

  716 c    19 s    Cor(1s)        1.99912
  717 c    19 s    Val(2s)        0.98647
  718 c    19 s    Ryd            0.00231
  719 c    19 s    Ryd            0.00010
  720 c    19 s    Ryd            0.00000
  721 c    19 p    Val(2px)       1.13220
  722 c    19 p    Val(2py)       1.06622
  723 c    19 p    Val(2pz)       1.12120
  724 c    19 p    Ryd            0.00291
  725 c    19 p    Ryd            0.00336
  726 c    19 p    Ryd            0.00398
  727 c    19 p    Ryd            0.00025
  728 c    19 p    Ryd            0.00035
  729 c    19 p    Ryd            0.00043
  730 c    19 d    Ryd            0.00141
  731 c    19 d    Ryd            0.00096
  732 c    19 d    Ryd            0.00129
  733 c    19 d    Ryd            0.00131
  734 c    19 d    Ryd            0.00071
  735 c    19 d    Ryd            0.00019
  736 c    19 d    Ryd            0.00046
  737 c    19 d    Ryd            0.00028
  738 c    19 d    Ryd            0.00016
  739 c    19 d    Ryd            0.00025
  740 c    19 f    Ryd            0.00011
  741 c    19 f    Ryd            0.00032
  742 c    19 f    Ryd            0.00033
  743 c    19 f    Ryd            0.00025
  744 c    19 f    Ryd            0.00026
  745 c    19 f    Ryd            0.00022
  746 c    19 f    Ryd            0.00027

  747 c    20 s    Cor(1s)        1.99912
  748 c    20 s    Val(2s)        0.98647
  749 c    20 s    Ryd            0.00231
  750 c    20 s    Ryd            0.00010
  751 c    20 s    Ryd            0.00000
  752 c    20 p    Val(2px)       1.06622
  753 c    20 p    Val(2py)       1.13220
  754 c    20 p    Val(2pz)       1.12120
  755 c    20 p    Ryd            0.00337
  756 c    20 p    Ryd            0.00291
  757 c    20 p    Ryd            0.00398
  758 c    20 p    Ryd            0.00035
  759 c    20 p    Ryd            0.00025
  760 c    20 p    Ryd            0.00043
  761 c    20 d    Ryd            0.00141
  762 c    20 d    Ryd            0.00129
  763 c    20 d    Ryd            0.00096
  764 c    20 d    Ryd            0.00131
  765 c    20 d    Ryd            0.00071
  766 c    20 d    Ryd            0.00019
  767 c    20 d    Ryd            0.00028
  768 c    20 d    Ryd            0.00046
  769 c    20 d    Ryd            0.00016
  770 c    20 d    Ryd            0.00025
  771 c    20 f    Ryd            0.00011
  772 c    20 f    Ryd            0.00033
  773 c    20 f    Ryd            0.00032
  774 c    20 f    Ryd            0.00025
  775 c    20 f    Ryd            0.00026
  776 c    20 f    Ryd            0.00027
  777 c    20 f    Ryd            0.00022

  778 c    21 s    Cor(1s)        1.99908
  779 c    21 s    Val(2s)        0.98952
  780 c    21 s    Ryd            0.00202
  781 c    21 s    Ryd            0.00009
  782 c    21 s    Ryd            0.00000
  783 c    21 p    Val(2px)       1.13776
  784 c    21 p    Val(2py)       1.11046
  785 c    21 p    Val(2pz)       1.04784
  786 c    21 p    Ryd            0.00368
  787 c    21 p    Ryd            0.00286
  788 c    21 p    Ryd            0.00325
  789 c    21 p    Ryd            0.00052
  790 c    21 p    Ryd            0.00021
  791 c    21 p    Ryd            0.00019
  792 c    21 d    Ryd            0.00063
  793 c    21 d    Ryd            0.00147
  794 c    21 d    Ryd            0.00084
  795 c    21 d    Ryd            0.00140
  796 c    21 d    Ryd            0.00133
  797 c    21 d    Ryd            0.00036
  798 c    21 d    Ryd            0.00019
  799 c    21 d    Ryd            0.00031
  800 c    21 d    Ryd            0.00029
  801 c    21 d    Ryd            0.00014
  802 c    21 f    Ryd            0.00024
  803 c    21 f    Ryd            0.00025
  804 c    21 f    Ryd            0.00015
  805 c    21 f    Ryd            0.00035
  806 c    21 f    Ryd            0.00023
  807 c    21 f    Ryd            0.00022
  808 c    21 f    Ryd            0.00031

  809 c    22 s    Cor(1s)        1.99907
  810 c    22 s    Val(2s)        0.99274
  811 c    22 s    Ryd            0.00199
  812 c    22 s    Ryd            0.00012
  813 c    22 s    Ryd            0.00000
  814 c    22 p    Val(2px)       1.06019
  815 c    22 p    Val(2py)       1.06019
  816 c    22 p    Val(2pz)       1.17224
  817 c    22 p    Ryd            0.00357
  818 c    22 p    Ryd            0.00357
  819 c    22 p    Ryd            0.00357
  820 c    22 p    Ryd            0.00043
  821 c    22 p    Ryd            0.00043
  822 c    22 p    Ryd            0.00036
  823 c    22 d    Ryd            0.00139
  824 c    22 d    Ryd            0.00118
  825 c    22 d    Ryd            0.00118
  826 c    22 d    Ryd            0.00109
  827 c    22 d    Ryd            0.00063
  828 c    22 d    Ryd            0.00038
  829 c    22 d    Ryd            0.00018
  830 c    22 d    Ryd            0.00018
  831 c    22 d    Ryd            0.00031
  832 c    22 d    Ryd            0.00023
  833 c    22 f    Ryd            0.00032
  834 c    22 f    Ryd            0.00025
  835 c    22 f    Ryd            0.00025
  836 c    22 f    Ryd            0.00046
  837 c    22 f    Ryd            0.00013
  838 c    22 f    Ryd            0.00015
  839 c    22 f    Ryd            0.00015

  840 c    23 s    Cor(1s)        1.99908
  841 c    23 s    Val(2s)        0.98952
  842 c    23 s    Ryd            0.00202
  843 c    23 s    Ryd            0.00009
  844 c    23 s    Ryd            0.00000
  845 c    23 p    Val(2px)       1.13776
  846 c    23 p    Val(2py)       1.11047
  847 c    23 p    Val(2pz)       1.04784
  848 c    23 p    Ryd            0.00368
  849 c    23 p    Ryd            0.00286
  850 c    23 p    Ryd            0.00325
  851 c    23 p    Ryd            0.00052
  852 c    23 p    Ryd            0.00021
  853 c    23 p    Ryd            0.00019
  854 c    23 d    Ryd            0.00063
  855 c    23 d    Ryd            0.00147
  856 c    23 d    Ryd            0.00084
  857 c    23 d    Ryd            0.00140
  858 c    23 d    Ryd            0.00133
  859 c    23 d    Ryd            0.00036
  860 c    23 d    Ryd            0.00019
  861 c    23 d    Ryd            0.00031
  862 c    23 d    Ryd            0.00029
  863 c    23 d    Ryd            0.00014
  864 c    23 f    Ryd            0.00024
  865 c    23 f    Ryd            0.00025
  866 c    23 f    Ryd            0.00015
  867 c    23 f    Ryd            0.00035
  868 c    23 f    Ryd            0.00023
  869 c    23 f    Ryd            0.00022
  870 c    23 f    Ryd            0.00031

  871 c    24 s    Cor(1s)        1.99912
  872 c    24 s    Val(2s)        0.98647
  873 c    24 s    Ryd            0.00231
  874 c    24 s    Ryd            0.00010
  875 c    24 s    Ryd            0.00000
  876 c    24 p    Val(2px)       1.06622
  877 c    24 p    Val(2py)       1.13220
  878 c    24 p    Val(2pz)       1.12120
  879 c    24 p    Ryd            0.00337
  880 c    24 p    Ryd            0.00291
  881 c    24 p    Ryd            0.00398
  882 c    24 p    Ryd            0.00035
  883 c    24 p    Ryd            0.00025
  884 c    24 p    Ryd            0.00043
  885 c    24 d    Ryd            0.00141
  886 c    24 d    Ryd            0.00129
  887 c    24 d    Ryd            0.00096
  888 c    24 d    Ryd            0.00131
  889 c    24 d    Ryd            0.00071
  890 c    24 d    Ryd            0.00019
  891 c    24 d    Ryd            0.00028
  892 c    24 d    Ryd            0.00046
  893 c    24 d    Ryd            0.00016
  894 c    24 d    Ryd            0.00025
  895 c    24 f    Ryd            0.00011
  896 c    24 f    Ryd            0.00033
  897 c    24 f    Ryd            0.00032
  898 c    24 f    Ryd            0.00025
  899 c    24 f    Ryd            0.00026
  900 c    24 f    Ryd            0.00027
  901 c    24 f    Ryd            0.00022

  902 c    25 s    Cor(1s)        1.99912
  903 c    25 s    Val(2s)        0.98647
  904 c    25 s    Ryd            0.00231
  905 c    25 s    Ryd            0.00010
  906 c    25 s    Ryd            0.00000
  907 c    25 p    Val(2px)       1.13220
  908 c    25 p    Val(2py)       1.06622
  909 c    25 p    Val(2pz)       1.12120
  910 c    25 p    Ryd            0.00291
  911 c    25 p    Ryd            0.00336
  912 c    25 p    Ryd            0.00398
  913 c    25 p    Ryd            0.00025
  914 c    25 p    Ryd            0.00035
  915 c    25 p    Ryd            0.00043
  916 c    25 d    Ryd            0.00141
  917 c    25 d    Ryd            0.00096
  918 c    25 d    Ryd            0.00129
  919 c    25 d    Ryd            0.00131
  920 c    25 d    Ryd            0.00071
  921 c    25 d    Ryd            0.00019
  922 c    25 d    Ryd            0.00046
  923 c    25 d    Ryd            0.00028
  924 c    25 d    Ryd            0.00016
  925 c    25 d    Ryd            0.00025
  926 c    25 f    Ryd            0.00011
  927 c    25 f    Ryd            0.00032
  928 c    25 f    Ryd            0.00033
  929 c    25 f    Ryd            0.00025
  930 c    25 f    Ryd            0.00026
  931 c    25 f    Ryd            0.00022
  932 c    25 f    Ryd            0.00027

  933 c    26 s    Cor(1s)        1.99908
  934 c    26 s    Val(2s)        0.98952
  935 c    26 s    Ryd            0.00202
  936 c    26 s    Ryd            0.00009
  937 c    26 s    Ryd            0.00000
  938 c    26 p    Val(2px)       1.11047
  939 c    26 p    Val(2py)       1.13776
  940 c    26 p    Val(2pz)       1.04784
  941 c    26 p    Ryd            0.00286
  942 c    26 p    Ryd            0.00368
  943 c    26 p    Ryd            0.00325
  944 c    26 p    Ryd            0.00021
  945 c    26 p    Ryd            0.00052
  946 c    26 p    Ryd            0.00019
  947 c    26 d    Ryd            0.00063
  948 c    26 d    Ryd            0.00084
  949 c    26 d    Ryd            0.00147
  950 c    26 d    Ryd            0.00140
  951 c    26 d    Ryd            0.00133
  952 c    26 d    Ryd            0.00036
  953 c    26 d    Ryd            0.00031
  954 c    26 d    Ryd            0.00019
  955 c    26 d    Ryd            0.00029
  956 c    26 d    Ryd            0.00014
  957 c    26 f    Ryd            0.00024
  958 c    26 f    Ryd            0.00015
  959 c    26 f    Ryd            0.00025
  960 c    26 f    Ryd            0.00035
  961 c    26 f    Ryd            0.00023
  962 c    26 f    Ryd            0.00031
  963 c    26 f    Ryd            0.00022

  964 c    27 s    Cor(1s)        1.99907
  965 c    27 s    Val(2s)        0.99274
  966 c    27 s    Ryd            0.00199
  967 c    27 s    Ryd            0.00012
  968 c    27 s    Ryd            0.00000
  969 c    27 p    Val(2px)       1.06019
  970 c    27 p    Val(2py)       1.06019
  971 c    27 p    Val(2pz)       1.17224
  972 c    27 p    Ryd            0.00357
  973 c    27 p    Ryd            0.00357
  974 c    27 p    Ryd            0.00357
  975 c    27 p    Ryd            0.00043
  976 c    27 p    Ryd            0.00043
  977 c    27 p    Ryd            0.00036
  978 c    27 d    Ryd            0.00139
  979 c    27 d    Ryd            0.00118
  980 c    27 d    Ryd            0.00118
  981 c    27 d    Ryd            0.00109
  982 c    27 d    Ryd            0.00063
  983 c    27 d    Ryd            0.00038
  984 c    27 d    Ryd            0.00018
  985 c    27 d    Ryd            0.00018
  986 c    27 d    Ryd            0.00031
  987 c    27 d    Ryd            0.00023
  988 c    27 f    Ryd            0.00032
  989 c    27 f    Ryd            0.00025
  990 c    27 f    Ryd            0.00025
  991 c    27 f    Ryd            0.00046
  992 c    27 f    Ryd            0.00013
  993 c    27 f    Ryd            0.00015
  994 c    27 f    Ryd            0.00015

  995 h    28 s    Val(1s)        0.77169
  996 h    28 s    Ryd            0.00032
  997 h    28 s    Ryd            0.00014
  998 h    28 p    Ryd            0.00028
  999 h    28 p    Ryd            0.00039
 1000 h    28 p    Ryd            0.00013

 1001 h    29 s    Val(1s)        0.78164
 1002 h    29 s    Ryd            0.00033
 1003 h    29 s    Ryd            0.00017
 1004 h    29 p    Ryd            0.00032
 1005 h    29 p    Ryd            0.00012
 1006 h    29 p    Ryd            0.00037

 1007 h    30 s    Val(1s)        0.75927
 1008 h    30 s    Ryd            0.00041
 1009 h    30 s    Ryd            0.00017
 1010 h    30 p    Ryd            0.00012
 1011 h    30 p    Ryd            0.00012
 1012 h    30 p    Ryd            0.00053

 1013 h    31 s    Val(1s)        0.78164
 1014 h    31 s    Ryd            0.00033
 1015 h    31 s    Ryd            0.00017
 1016 h    31 p    Ryd            0.00012
 1017 h    31 p    Ryd            0.00032
 1018 h    31 p    Ryd            0.00037

 1019 h    32 s    Val(1s)        0.77169
 1020 h    32 s    Ryd            0.00032
 1021 h    32 s    Ryd            0.00014
 1022 h    32 p    Ryd            0.00039
 1023 h    32 p    Ryd            0.00028
 1024 h    32 p    Ryd            0.00013

 1025 h    33 s    Val(1s)        0.78164
 1026 h    33 s    Ryd            0.00033
 1027 h    33 s    Ryd            0.00017
 1028 h    33 p    Ryd            0.00032
 1029 h    33 p    Ryd            0.00012
 1030 h    33 p    Ryd            0.00037

 1031 h    34 s    Val(1s)        0.77169
 1032 h    34 s    Ryd            0.00032
 1033 h    34 s    Ryd            0.00014
 1034 h    34 p    Ryd            0.00028
 1035 h    34 p    Ryd            0.00039
 1036 h    34 p    Ryd            0.00013

 1037 h    35 s    Val(1s)        0.75927
 1038 h    35 s    Ryd            0.00041
 1039 h    35 s    Ryd            0.00017
 1040 h    35 p    Ryd            0.00012
 1041 h    35 p    Ryd            0.00012
 1042 h    35 p    Ryd            0.00053

 1043 h    36 s    Val(1s)        0.77169
 1044 h    36 s    Ryd            0.00032
 1045 h    36 s    Ryd            0.00014
 1046 h    36 p    Ryd            0.00039
 1047 h    36 p    Ryd            0.00028
 1048 h    36 p    Ryd            0.00013

 1049 h    37 s    Val(1s)        0.78164
 1050 h    37 s    Ryd            0.00033
 1051 h    37 s    Ryd            0.00017
 1052 h    37 p    Ryd            0.00012
 1053 h    37 p    Ryd            0.00032
 1054 h    37 p    Ryd            0.00037

 1055 h    38 s    Val(1s)        0.77169
 1056 h    38 s    Ryd            0.00032
 1057 h    38 s    Ryd            0.00014
 1058 h    38 p    Ryd            0.00028
 1059 h    38 p    Ryd            0.00039
 1060 h    38 p    Ryd            0.00013

 1061 h    39 s    Val(1s)        0.75927
 1062 h    39 s    Ryd            0.00041
 1063 h    39 s    Ryd            0.00017
 1064 h    39 p    Ryd            0.00012
 1065 h    39 p    Ryd            0.00012
 1066 h    39 p    Ryd            0.00053

 1067 h    40 s    Val(1s)        0.77169
 1068 h    40 s    Ryd            0.00032
 1069 h    40 s    Ryd            0.00014
 1070 h    40 p    Ryd            0.00039
 1071 h    40 p    Ryd            0.00028
 1072 h    40 p    Ryd            0.00013

 1073 h    41 s    Val(1s)        0.78164
 1074 h    41 s    Ryd            0.00033
 1075 h    41 s    Ryd            0.00017
 1076 h    41 p    Ryd            0.00012
 1077 h    41 p    Ryd            0.00032
 1078 h    41 p    Ryd            0.00037

 1079 h    42 s    Val(1s)        0.78164
 1080 h    42 s    Ryd            0.00033
 1081 h    42 s    Ryd            0.00017
 1082 h    42 p    Ryd            0.00032
 1083 h    42 p    Ryd            0.00012
 1084 h    42 p    Ryd            0.00037

 1085 h    43 s    Val(1s)        0.78164
 1086 h    43 s    Ryd            0.00033
 1087 h    43 s    Ryd            0.00017
 1088 h    43 p    Ryd            0.00032
 1089 h    43 p    Ryd            0.00012
 1090 h    43 p    Ryd            0.00037

 1091 h    44 s    Val(1s)        0.77169
 1092 h    44 s    Ryd            0.00032
 1093 h    44 s    Ryd            0.00014
 1094 h    44 p    Ryd            0.00028
 1095 h    44 p    Ryd            0.00039
 1096 h    44 p    Ryd            0.00013

 1097 h    45 s    Val(1s)        0.75927
 1098 h    45 s    Ryd            0.00041
 1099 h    45 s    Ryd            0.00017
 1100 h    45 p    Ryd            0.00012
 1101 h    45 p    Ryd            0.00012
 1102 h    45 p    Ryd            0.00053

 1103 h    46 s    Val(1s)        0.78164
 1104 h    46 s    Ryd            0.00033
 1105 h    46 s    Ryd            0.00017
 1106 h    46 p    Ryd            0.00012
 1107 h    46 p    Ryd            0.00032
 1108 h    46 p    Ryd            0.00037

 1109 h    47 s    Val(1s)        0.77169
 1110 h    47 s    Ryd            0.00032
 1111 h    47 s    Ryd            0.00014
 1112 h    47 p    Ryd            0.00039
 1113 h    47 p    Ryd            0.00028
 1114 h    47 p    Ryd            0.00013

Summary of Natural Population Analysis:
                                      Natural Population
                 Natural   -----------------------------------
Atom No          Charge       Core        Valence     Rydberg     Total
               ----------------------------------------------------------
  1  mo           0.15476     7.97243     5.79640     0.07641    13.84524
  2  tb           1.03906    25.97795     9.80975     0.17325    35.96094
  3  tb           1.03906    25.97795     9.80975     0.17325    35.96094
  4  s           -0.36111     9.99898     6.32812     0.03401    16.36111
  5  s           -0.36111     9.99898     6.32812     0.03401    16.36111
  6  s           -0.36111     9.99898     6.32812     0.03401    16.36111
  7  s           -0.36111     9.99898     6.32812     0.03401    16.36111
  8  c           -0.30619     1.99908     4.28558     0.02153     6.30619
  9  c           -0.30692     1.99907     4.28536     0.02250     6.30692
 10  c           -0.30619     1.99908     4.28558     0.02153     6.30619
 11  c           -0.32767     1.99912     4.30609     0.02246     6.32767
 12  c           -0.32767     1.99912     4.30609     0.02246     6.32767
 13  c           -0.30619     1.99908     4.28558     0.02153     6.30619
 14  c           -0.30692     1.99907     4.28536     0.02250     6.30692
 15  c           -0.30619     1.99908     4.28558     0.02153     6.30619
 16  c           -0.32767     1.99912     4.30609     0.02246     6.32767
 17  c           -0.32767     1.99912     4.30609     0.02246     6.32767
 18  c           -0.30619     1.99908     4.28558     0.02153     6.30619
 19  c           -0.32767     1.99912     4.30609     0.02246     6.32767
 20  c           -0.32767     1.99912     4.30609     0.02246     6.32767
 21  c           -0.30619     1.99908     4.28558     0.02153     6.30619
 22  c           -0.30692     1.99907     4.28536     0.02250     6.30692
 23  c           -0.30619     1.99908     4.28558     0.02153     6.30619
 24  c           -0.32767     1.99912     4.30609     0.02246     6.32767
 25  c           -0.32767     1.99912     4.30609     0.02246     6.32767
 26  c           -0.30619     1.99908     4.28558     0.02153     6.30619
 27  c           -0.30692     1.99907     4.28536     0.02250     6.30692
 28  h            0.22704     0.00000     0.77169     0.00127     0.77296
 29  h            0.21704     0.00000     0.78164     0.00132     0.78296
 30  h            0.23936     0.00000     0.75927     0.00136     0.76064
 31  h            0.21704     0.00000     0.78164     0.00132     0.78296
 32  h            0.22704     0.00000     0.77169     0.00127     0.77296
 33  h            0.21704     0.00000     0.78164     0.00132     0.78296
 34  h            0.22704     0.00000     0.77169     0.00127     0.77296
 35  h            0.23936     0.00000     0.75927     0.00136     0.76064
 36  h            0.22704     0.00000     0.77169     0.00127     0.77296
 37  h            0.21704     0.00000     0.78164     0.00132     0.78296
 38  h            0.22704     0.00000     0.77169     0.00127     0.77296
 39  h            0.23936     0.00000     0.75927     0.00136     0.76064
 40  h            0.22704     0.00000     0.77169     0.00127     0.77296
 41  h            0.21704     0.00000     0.78164     0.00132     0.78296
 42  h            0.21704     0.00000     0.78164     0.00132     0.78296
 43  h            0.21704     0.00000     0.78164     0.00132     0.78296
 44  h            0.22704     0.00000     0.77169     0.00127     0.77296
 45  h            0.23936     0.00000     0.75927     0.00136     0.76064
 46  h            0.21704     0.00000     0.78164     0.00132     0.78296
 47  h            0.22704     0.00000     0.77169     0.00127     0.77296
               ----------------------------------------------------------
 * Total *       -1.00000   139.90609   152.06694     1.02697   293.00000

For all atoms:
Core                     139.90609(  99.9329% of  140)
Valence                  152.06694(  99.3902% of  153)
Natural Minimal Basis    291.97303(  99.6495% of  293)
Natural Rydberg Basis      1.02697(   0.3505% of  293)

 ==============================================================================

atomic populations from total density:
atom          charge    n(s)      n(p)      n(d)      n(f)      n(g)
  1 mo         0.15476   2.41372   5.98828   5.43706   0.00618   0.00000
  2 tb         1.03906   4.84970  12.00137  11.72533   7.38433   0.00021
  3 tb         1.03906   4.84970  12.00137  11.72533   7.38433   0.00021
  4 s         -0.36111   5.77848  10.55651   0.02536   0.00076   0.00000
  5 s         -0.36111   5.77848  10.55651   0.02536   0.00076   0.00000
  6 s         -0.36111   5.77848  10.55651   0.02536   0.00076   0.00000
  7 s         -0.36111   5.77848  10.55651   0.02536   0.00076   0.00000
  8 c         -0.30619   2.99072   3.30676   0.00697   0.00174   0.00000
  9 c         -0.30692   2.99393   3.30454   0.00676   0.00170   0.00000
 10 c         -0.30619   2.99072   3.30676   0.00697   0.00174   0.00000
 11 c         -0.32767   2.98799   3.33091   0.00700   0.00176   0.00000
 12 c         -0.32767   2.98799   3.33091   0.00700   0.00176   0.00000
 13 c         -0.30619   2.99072   3.30676   0.00697   0.00174   0.00000
 14 c         -0.30692   2.99393   3.30454   0.00676   0.00170   0.00000
 15 c         -0.30619   2.99072   3.30676   0.00697   0.00174   0.00000
 16 c         -0.32767   2.98799   3.33091   0.00700   0.00176   0.00000
 17 c         -0.32767   2.98799   3.33091   0.00700   0.00176   0.00000
 18 c         -0.30619   2.99072   3.30676   0.00697   0.00174   0.00000
 19 c         -0.32767   2.98799   3.33091   0.00700   0.00176   0.00000
 20 c         -0.32767   2.98799   3.33091   0.00700   0.00176   0.00000
 21 c         -0.30619   2.99072   3.30676   0.00697   0.00174   0.00000
 22 c         -0.30692   2.99393   3.30454   0.00676   0.00170   0.00000
 23 c         -0.30619   2.99072   3.30676   0.00697   0.00174   0.00000
 24 c         -0.32767   2.98799   3.33091   0.00700   0.00176   0.00000
 25 c         -0.32767   2.98799   3.33091   0.00700   0.00176   0.00000
 26 c         -0.30619   2.99072   3.30676   0.00697   0.00174   0.00000
 27 c         -0.30692   2.99393   3.30454   0.00676   0.00170   0.00000
 28 h          0.22704   0.77215   0.00080   0.00000   0.00000   0.00000
 29 h          0.21704   0.78214   0.00081   0.00000   0.00000   0.00000
 30 h          0.23936   0.75986   0.00078   0.00000   0.00000   0.00000
 31 h          0.21704   0.78214   0.00081   0.00000   0.00000   0.00000
 32 h          0.22704   0.77215   0.00080   0.00000   0.00000   0.00000
 33 h          0.21704   0.78214   0.00081   0.00000   0.00000   0.00000
 34 h          0.22704   0.77215   0.00080   0.00000   0.00000   0.00000
 35 h          0.23936   0.75986   0.00078   0.00000   0.00000   0.00000
 36 h          0.22704   0.77215   0.00080   0.00000   0.00000   0.00000
 37 h          0.21704   0.78214   0.00081   0.00000   0.00000   0.00000
 38 h          0.22704   0.77215   0.00080   0.00000   0.00000   0.00000
 39 h          0.23936   0.75986   0.00078   0.00000   0.00000   0.00000
 40 h          0.22704   0.77215   0.00080   0.00000   0.00000   0.00000
 41 h          0.21704   0.78214   0.00081   0.00000   0.00000   0.00000
 42 h          0.21704   0.78214   0.00081   0.00000   0.00000   0.00000
 43 h          0.21704   0.78214   0.00081   0.00000   0.00000   0.00000
 44 h          0.22704   0.77215   0.00080   0.00000   0.00000   0.00000
 45 h          0.23936   0.75986   0.00078   0.00000   0.00000   0.00000
 46 h          0.21704   0.78214   0.00081   0.00000   0.00000   0.00000
 47 h          0.22704   0.77215   0.00080   0.00000   0.00000   0.00000

 ==============================================================================

 
 moments (from total density versus population analysis)
 <charge> =            -1.000000           -1.000000
 <xx  >   =          -206.977934           -7.723197
 <yy  >   =          -206.977934           -7.723198
 <zz  >   =          -227.927971          -38.659225
 <xy  >   =            -0.000000            0.000000
 <xz  >   =             0.000000           -0.000000
 <yz  >   =             0.000000           -0.000000


nbfiat:  1  6 12 15  7  0  0  0  0  0  0  0
nbfiat:  2 10 21 25 28  9  0  0  0  0  0  0
nbfiat:  3 10 21 25 28  9  0  0  0  0  0  0
nbfiat:  4  5 15 10  7  0  0  0  0  0  0  0
nbfiat:  5  5 15 10  7  0  0  0  0  0  0  0
nbfiat:  6  5 15 10  7  0  0  0  0  0  0  0
nbfiat:  7  5 15 10  7  0  0  0  0  0  0  0
nbfiat:  8  5  9 10  7  0  0  0  0  0  0  0
nbfiat:  9  5  9 10  7  0  0  0  0  0  0  0
nbfiat: 10  5  9 10  7  0  0  0  0  0  0  0
nbfiat: 11  5  9 10  7  0  0  0  0  0  0  0
nbfiat: 12  5  9 10  7  0  0  0  0  0  0  0
nbfiat: 13  5  9 10  7  0  0  0  0  0  0  0
nbfiat: 14  5  9 10  7  0  0  0  0  0  0  0
nbfiat: 15  5  9 10  7  0  0  0  0  0  0  0
nbfiat: 16  5  9 10  7  0  0  0  0  0  0  0
nbfiat: 17  5  9 10  7  0  0  0  0  0  0  0
nbfiat: 18  5  9 10  7  0  0  0  0  0  0  0
nbfiat: 19  5  9 10  7  0  0  0  0  0  0  0
nbfiat: 20  5  9 10  7  0  0  0  0  0  0  0
nbfiat: 21  5  9 10  7  0  0  0  0  0  0  0
nbfiat: 22  5  9 10  7  0  0  0  0  0  0  0
nbfiat: 23  5  9 10  7  0  0  0  0  0  0  0
nbfiat: 24  5  9 10  7  0  0  0  0  0  0  0
nbfiat: 25  5  9 10  7  0  0  0  0  0  0  0
nbfiat: 26  5  9 10  7  0  0  0  0  0  0  0
nbfiat: 27  5  9 10  7  0  0  0  0  0  0  0
nbfiat: 28  3  3  0  0  0  0  0  0  0  0  0
nbfiat: 29  3  3  0  0  0  0  0  0  0  0  0
nbfiat: 30  3  3  0  0  0  0  0  0  0  0  0
nbfiat: 31  3  3  0  0  0  0  0  0  0  0  0
nbfiat: 32  3  3  0  0  0  0  0  0  0  0  0
nbfiat: 33  3  3  0  0  0  0  0  0  0  0  0
nbfiat: 34  3  3  0  0  0  0  0  0  0  0  0
nbfiat: 35  3  3  0  0  0  0  0  0  0  0  0
nbfiat: 36  3  3  0  0  0  0  0  0  0  0  0
nbfiat: 37  3  3  0  0  0  0  0  0  0  0  0
nbfiat: 38  3  3  0  0  0  0  0  0  0  0  0
nbfiat: 39  3  3  0  0  0  0  0  0  0  0  0
nbfiat: 40  3  3  0  0  0  0  0  0  0  0  0
nbfiat: 41  3  3  0  0  0  0  0  0  0  0  0
nbfiat: 42  3  3  0  0  0  0  0  0  0  0  0
nbfiat: 43  3  3  0  0  0  0  0  0  0  0  0
nbfiat: 44  3  3  0  0  0  0  0  0  0  0  0
nbfiat: 45  3  3  0  0  0  0  0  0  0  0  0
nbfiat: 46  3  3  0  0  0  0  0  0  0  0  0
nbfiat: 47  3  3  0  0  0  0  0  0  0  0  0
***********************************
*** Spin density (Dalpha-Dbeta) ***
***********************************

 ==============================================================================

atomic populations from spin  density:
atom          sum       n(s)      n(p)      n(d)      n(f)      n(g)
  1 mo        -0.59206  -0.03620   0.02005  -0.57579  -0.00013   0.00000
  2 tb        -6.17857   0.58672  -0.02886  -0.14434  -6.59209   0.00000
  3 tb        -6.17857   0.58672  -0.02886  -0.14434  -6.59209   0.00000
  4 s         -0.02961   0.00136  -0.01981  -0.01120   0.00004   0.00000
  5 s         -0.02961   0.00136  -0.01981  -0.01120   0.00004   0.00000
  6 s         -0.02961   0.00136  -0.01981  -0.01120   0.00004   0.00000
  7 s         -0.02961   0.00136  -0.01981  -0.01120   0.00004   0.00000
  8 c          0.00800  -0.00009   0.00807   0.00002   0.00000   0.00000
  9 c         -0.00443   0.00002  -0.00463   0.00017   0.00000   0.00000
 10 c          0.00800  -0.00009   0.00807   0.00002   0.00000   0.00000
 11 c          0.00350   0.00028   0.00303   0.00019  -0.00000   0.00000
 12 c          0.00350   0.00028   0.00303   0.00019  -0.00000   0.00000
 13 c          0.00800  -0.00009   0.00807   0.00002   0.00000   0.00000
 14 c         -0.00443   0.00002  -0.00463   0.00017   0.00000   0.00000
 15 c          0.00800  -0.00009   0.00807   0.00002   0.00000   0.00000
 16 c          0.00350   0.00028   0.00303   0.00019  -0.00000   0.00000
 17 c          0.00350   0.00028   0.00303   0.00019  -0.00000   0.00000
 18 c          0.00800  -0.00009   0.00807   0.00002   0.00000   0.00000
 19 c          0.00350   0.00028   0.00303   0.00019  -0.00000   0.00000
 20 c          0.00350   0.00028   0.00303   0.00019  -0.00000   0.00000
 21 c          0.00800  -0.00009   0.00807   0.00002   0.00000   0.00000
 22 c         -0.00443   0.00002  -0.00463   0.00017   0.00000   0.00000
 23 c          0.00800  -0.00009   0.00807   0.00002   0.00000   0.00000
 24 c          0.00350   0.00028   0.00303   0.00019  -0.00000   0.00000
 25 c          0.00350   0.00028   0.00303   0.00019  -0.00000   0.00000
 26 c          0.00800  -0.00009   0.00807   0.00002   0.00000   0.00000
 27 c         -0.00443   0.00002  -0.00463   0.00017   0.00000   0.00000
 28 h         -0.00050  -0.00050  -0.00000   0.00000   0.00000   0.00000
 29 h         -0.00029  -0.00030   0.00000   0.00000   0.00000   0.00000
 30 h         -0.00007  -0.00008   0.00000   0.00000   0.00000   0.00000
 31 h         -0.00029  -0.00030   0.00000   0.00000   0.00000   0.00000
 32 h         -0.00050  -0.00050  -0.00000   0.00000   0.00000   0.00000
 33 h         -0.00029  -0.00030   0.00000   0.00000   0.00000   0.00000
 34 h         -0.00050  -0.00050  -0.00000   0.00000   0.00000   0.00000
 35 h         -0.00007  -0.00008   0.00000   0.00000   0.00000   0.00000
 36 h         -0.00050  -0.00050  -0.00000   0.00000   0.00000   0.00000
 37 h         -0.00029  -0.00030   0.00000   0.00000   0.00000   0.00000
 38 h         -0.00050  -0.00050  -0.00000   0.00000   0.00000   0.00000
 39 h         -0.00007  -0.00008   0.00000   0.00000   0.00000   0.00000
 40 h         -0.00050  -0.00050  -0.00000   0.00000   0.00000   0.00000
 41 h         -0.00029  -0.00030   0.00000   0.00000   0.00000   0.00000
 42 h         -0.00029  -0.00030   0.00000   0.00000   0.00000   0.00000
 43 h         -0.00029  -0.00030   0.00000   0.00000   0.00000   0.00000
 44 h         -0.00050  -0.00050  -0.00000   0.00000   0.00000   0.00000
 45 h         -0.00007  -0.00008   0.00000   0.00000   0.00000   0.00000
 46 h         -0.00029  -0.00030   0.00000   0.00000   0.00000   0.00000
 47 h         -0.00050  -0.00050  -0.00000   0.00000   0.00000   0.00000
 
 ==============================================================================
 
HOMO-LUMO Separation
 HOMO         :   -0.04333145 H =     -1.17911 eV
 LUMO         :    0.00141430 H =     +0.03849 eV
 HOMO-LUMO gap:    0.04474575 H =     +1.21759 eV
 
 ==============================================================================


    ------------------------------------------------------------------------
         total  cpu-time :   4.46 seconds
         total wall-time :   4.89 seconds
    ------------------------------------------------------------------------

   ****  ridft : all done  ****


    2020-07-24 00:11:12.346 

