
 ridft (hpc3-14-00) : TURBOMOLE rev. V7.5.0 compiled 13 Jun 2020 at 23:29:25
 Copyright (C) 2020 TURBOMOLE GmbH, Karlsruhe


    2020-08-15 14:43:18.194 



                                  r i d f t

                        DFT program with RI approximation 
                                for coulomb part 




                                                 
                                 References:     
                                                 
          TURBOMOLE:                             
              R. Ahlrichs, M. Baer, M. Haeser, H. Horn, and
              C. Koelmel
              Electronic structure calculations on workstation
              computers: the program system TURBOMOLE
              Chem. Phys. Lett. 162: 165 (1989)
          Density Functional:                              
              O. Treutler and R. Ahlrichs                      
              Efficient Molecular Numerical Integration Schemes
              J. Chem. Phys. 102: 346 (1995)                   
          Parallel Version:                                
              Performance of parallel TURBOMOLE for Density    
              Functional Calculations                          
              M. v. Arnim and R. Ahlrichs                      
              J. Comp. Chem. 19: 1746 (1998)                   
          RI-J Method:                                     
              Auxiliary Basis Sets to approximate Coulomb      
              Potentials                                       
              Chem. Phys. Lett. 240: 283 (1995)                
              K. Eichkorn, O. Treutler, H. Oehm, M. Haeser     
              and R. Ahlrichs                                  
              Chem. Phys. Lett. 242: 652 (1995)                
                                                           
              Auxiliary Basis Sets for Main Row Atoms and their
              Use to approximate Coulomb Potentials            
              K. Eichkorn, F. Weigend, O. Treutler and         
              R. Ahlrichs                                      
              Theo. Chem. Acc. 97: 119 (1997)                   
                                                           
              Accurate Coulomb-fitting basis sets for H to Rn 
              F. Weigend                                        
              Phys. Chem. Chem. Phys. 8: 1057 (2006)            
                                                           
          Multipole accelerated RI-J (MARI-J):             
              Fast evaluation of the Coulomb potential for     
              electron densities using multipole accelerated   
              resolution of identity approximation             
              M. Sierka, A. Hogekamp and R. Ahlrichs           
              J. Chem. Phys. 118: 9136 (2003)                  
          RI-JK Method:                                     
              A fully direct RI-HF algorithm: Implementation,
              optimised auxiliary basis sets, demonstration of
              accuracy and efficiency                         
              F. Weigend                                      
              Phys. Chem. Chem. Phys. 4: 4285 (2002)           
          Two-component HF and DFT with spin-orbit coupling:  
              Self-consistent treatment of spin-orbit         
              interactions with efficient Hartree-Fock and    
              density functional methods                      
              M. K. Armbruster, F. Weigend, C. van Wüllen and 
              W. Klopper                                      
              Phys. Chem. Chem. Phys. 10: 1748 (2008)         
          Two-component difference density and DIIS algorithm 
              Efficient two-component self-consistent field   
              procedures and gradients: implementation in     
              TURBOMOLE and application to Au20-              
              A. Baldes, F. Weigend                           
              Mol. Phys. 111: 2617 (2013)                     
          Relativistic all-electron 2c calculations           
              An efficient implementation of two-component    
              relativistic exact-decoupling methods for large 
              molecules                                       
              D. Peng, N. Middendorf, F. Weigend, M. Reiher   
              J. Chem. Phys. 138: 184105 (2013)               
          Finite nucleus model and SNSO approximation         
              Efficient implementation of one- and two-       
              component analytical energy gradients in exact  
              two-component theory                            
              Y. J. Franzke, N. Middendorf, F. Weigend        
              J. Chem. Phys. 148: 104110 (2018)               
          Grids for all-electron relativistic methods         
              Error-consistent segmented contracted all-      
              electron relativistic basis sets of double-     
              and triple-zeta quality for NMR shielding       
              constants                                       
              Y. J. Franzke, R. Tress, T. M. Pazdera,         
              F. Weigend                                      
              Phys. Chem. Chem. Phys. 21: 166658 (2019)       
          Seminumerical exchange algorithms                   
              Seminumerical calculation of the Hartree-Fock   
              exchange matirx: Application to two-component   
              procedures and efficient evaluation of local    
              hybrid functionsl                               
              P. Plessow, F. Weigend,                         
              J. Comput. Chem. 33: 810 (2012)                 
          Improved seminumerical algorithms                   
              C. Holzer, in preparation (2020)                
                                         




              +--------------------------------------------------+
              |      general information about current run       |
              +--------------------------------------------------+

 
 TPSS global hybrid functional
 exchange:    9/10 (LDA+TPSS) + 1/10 HF
 correlation: LDA (PW) + TPSS
 A Hybrid-DFT calculation using the RI-J approximation will be carried out.
 Allocatable memory for RI due to $ricore (MB):                 50000


              +--------------------------------------------------+
              | Atomic coordinate, charge and isotop information |
              +--------------------------------------------------+

                    atomic coordinates            atom    charge  isotop
          0.00000000    0.00000000    0.65011151    mo    42.000     0
         -0.47415400    6.41425904    0.17128130    y     39.000     0
          2.01103918    2.85702872    3.05760342    s     16.000     0
         -2.72551463    2.16335169   -1.75790994    s     16.000     0
          2.72551463   -2.16335169   -1.75790994    s     16.000     0
         -2.01103918   -2.85702872    3.03760342    s     16.000     0
          3.95402079    6.20696720   -2.27461077    c      6.000     0
          2.07303635    5.90782426   -4.17571171    c      6.000     0
          0.67567220    8.21630394   -4.34313779    c      6.000     0
          1.73727455    9.96757818   -2.57942991    c      6.000     0
          3.72385190    8.69965796   -1.25488045    c      6.000     0
         -2.23052573    7.70684441    4.69473394    c      6.000     0
         -4.11692286    6.11121212    3.61247797    c      6.000     0
         -5.18887669    7.41207874    1.50598720    c      6.000     0
         -4.00210893    9.83060836    1.31334793    c      6.000     0
         -2.16341042   10.01216393    3.28783285    c      6.000     0
         -1.39703146    8.73013294   -6.22330394    c      6.000     0
          1.21792378   12.75713540   -2.48204587    c      6.000     0
          1.80217884    3.68800417   -5.92468403    c      6.000     0
          5.46076138    9.84650363    0.68416022    c      6.000     0
          6.01935855    4.35655418   -1.66650275    c      6.000     0
         -0.69767887   12.31869810    4.07698355    c      6.000     0
         -4.91689415    3.57506965    4.60008578    c      6.000     0
         -7.36706227    6.53090117   -0.09272176    c      6.000     0
         -4.90211648   11.91538240   -0.39728984    c      6.000     0
          3.04224721    3.91430112   -7.59294048    h      1.000     0
         -0.14984541    3.49262651   -6.60993174    h      1.000     0
         -3.31976406    2.56946046    5.47183516    h      1.000     0
         -6.42015318    3.76219309    6.03912742    h      1.000     0
          2.30168885    1.90099486   -4.98833929    h      1.000     0
         -5.63166887    2.35898395    3.07346503    h      1.000     0
          6.67100668    4.55919107    0.29664999    h      1.000     0
          7.66646166    4.66116788   -2.91786982    h      1.000     0
          5.38740818    2.39060355   -1.90192553    h      1.000     0
         -7.17594947    7.15281786   -2.07066589    h      1.000     0
         -9.18052820    7.29170593    0.61508291    h      1.000     0
         -7.50251352    4.45748943   -0.10160684    h      1.000     0
         -0.75613638    7.19853223    7.06975992    c      6.000     0
         -1.71379247    8.01601299    8.73828162    h      1.000     0
          1.14998197    8.03086988    6.98927579    h      1.000     0
         -0.53185332    5.15893306    7.39769510    h      1.000     0
         -0.63990604    8.96800202   -8.15509015    h      1.000     0
         -2.44359272   10.46377735   -5.75587630    h      1.000     0
          4.65234050   11.57441552    1.50927813    h      1.000     0
         -3.68065040   13.58839904   -0.27978120    h      1.000     0
         -1.35580015   13.00479622    5.93562144    h      1.000     0
          2.63781051   13.79455060   -3.61020675    h      1.000     0
         -2.77035110    7.16471784   -6.30220199    h      1.000     0
          0.47415400   -6.41425904    0.17128130    y     39.000     0
          2.23052573   -7.70684441    4.69473394    c      6.000     0
         -0.67567220   -8.21630394   -4.34313779    c      6.000     0
          5.18887669   -7.41207874    1.50598720    c      6.000     0
         -3.95402079   -6.20696720   -2.27461077    c      6.000     0
          4.11692286   -6.11121212    3.61247797    c      6.000     0
         -2.07303635   -5.90782426   -4.17571171    c      6.000     0
          4.00210893   -9.83060836    1.31334793    c      6.000     0
         -3.72385190   -8.69965796   -1.25488045    c      6.000     0
          2.16341042  -10.01216393    3.28783285    c      6.000     0
         -1.73727455   -9.96757818   -2.57942991    c      6.000     0
          7.36706227   -6.53090117   -0.09272176    c      6.000     0
         -6.01935855   -4.35655418   -1.66650275    c      6.000     0
          0.75613638   -7.19853223    7.06975992    c      6.000     0
          1.39703146   -8.73013294   -6.22330394    c      6.000     0
          4.90211648  -11.91538240   -0.39728984    c      6.000     0
         -5.46076138   -9.84650363    0.68416022    c      6.000     0
          0.69767887  -12.31869810    4.07698355    c      6.000     0
         -1.21792378  -12.75713540   -2.48204587    c      6.000     0
          4.91689415   -3.57506965    4.60008578    c      6.000     0
         -1.80217884   -3.68800417   -5.92468403    c      6.000     0
          6.42015318   -3.76219309    6.03912742    h      1.000     0
         -3.04224721   -3.91430112   -7.59294048    h      1.000     0
          5.63166887   -2.35898395    3.07346503    h      1.000     0
         -2.30168885   -1.90099486   -4.98833929    h      1.000     0
          3.31976406   -2.56946046    5.47183516    h      1.000     0
          0.14984541   -3.49262651   -6.60993174    h      1.000     0
         -1.14998197   -8.03086988    6.98927579    h      1.000     0
          2.44359272  -10.46377735   -5.75587630    h      1.000     0
          7.17594947   -7.15281786   -2.07066589    h      1.000     0
         -6.67100668   -4.55919107    0.29664999    h      1.000     0
          1.71379247   -8.01601299    8.73828162    h      1.000     0
          0.63990604   -8.96800202   -8.15509015    h      1.000     0
          9.18052820   -7.29170593    0.61508291    h      1.000     0
         -7.66646166   -4.66116788   -2.91786982    h      1.000     0
          0.53185332   -5.15893306    7.39769510    h      1.000     0
          2.77035110   -7.16471784   -6.30220199    h      1.000     0
          7.50251352   -4.45748943   -0.10160684    h      1.000     0
         -5.38740818   -2.39060355   -1.90192553    h      1.000     0
          4.98639139  -11.33430756   -2.39502317    h      1.000     0
         -0.64497495   13.22577302   -3.26604907    h      1.000     0
          1.34321463   11.94978601    4.26800802    h      1.000     0
          0.93129708  -13.88161227    2.72939275    h      1.000     0
         -1.30689618  -13.51293248   -0.55097806    h      1.000     0
          3.68065040  -13.58839904   -0.27978120    h      1.000     0
          1.30689618   13.51293248   -0.55097806    h      1.000     0
         -4.65234050  -11.57441552    1.50927813    h      1.000     0
         -0.93129708   13.88161227    2.72939275    h      1.000     0
         -5.85488905   -8.52309853    2.24410125    h      1.000     0
          0.64497495  -13.22577302   -3.26604907    h      1.000     0
         -4.98639139   11.33430756   -2.39502317    h      1.000     0
         -1.34321463  -11.94978601    4.26800802    h      1.000     0
          5.85488905    8.52309853    2.24410125    h      1.000     0
         -7.30419703  -10.36741870   -0.14931090    h      1.000     0
          6.83120500  -12.51352829    0.13290149    h      1.000     0
         -2.63781051  -13.79455060   -3.61020675    h      1.000     0
         -6.83120500   12.51352829    0.13290149    h      1.000     0
          1.35580015  -13.00479622    5.93562144    h      1.000     0
          7.30419703   10.36741870   -0.14931090    h      1.000     0
 
       center of nuclear mass  :   -0.00000000   -0.00000000    0.16908125
       center of nuclear charge:   -0.00000000   -0.00000000    0.15019269

              +--------------------------------------------------+
              |               basis set information              |
              +--------------------------------------------------+

              we will work with the 1s 3p 5d 7f 9g ... basis set
              ...i.e. with spherical basis functions...

   type   atoms  prim   cont   basis
   ---------------------------------------------------------------------------
    mo       1     57     31   def2-SVP   [5s3p2d1f|7s6p5d1f]
    y        2     57     31   def2-SVP   [5s3p2d1f|7s6p5d1f]
    s        4     36     18   def2-SVP   [4s3p1d|10s7p1d]
    c       40     24     14   def2-SVP   [3s2p1d|7s4p1d]
    h       60      7      5   def2-SVP   [2s1p|4s1p]
   ---------------------------------------------------------------------------
   total:  107   1695   1025
   ---------------------------------------------------------------------------

   total number of primitive shells          :   73
   total number of contracted shells         :  485
   total number of cartesian basis functions : 1084
   total number of SCF-basis functions       : 1025

 number of unique ecp types :                     2

 integral neglect threshold       :  0.31E-11
 integral storage threshold THIZE :  0.10E-04
 integral storage threshold THIME :         5

 RI-J AUXILIARY BASIS SET information:

              we will work with the 1s 3p 5d 7f 9g ... basis set
              ...i.e. with spherical basis functions...

   type   atoms  prim   cont   basis
   ---------------------------------------------------------------------------
    mo       1     99     89   def2-SVP   [8s5p5d2f3g|11s5p5d3f3g]
    y        2     99     89   def2-SVP   [8s5p5d2f3g|11s5p5d3f3g]
    s        4     77     51   def2-SVP   [8s4p3d1f1g|14s5p5d2f1g]
    c       40     70     49   def2-SVP   [6s4p3d1f1g|12s5p4d2f1g]
    h       60     16     11   def2-SVP   [3s1p1d|5s2p1d]
   ---------------------------------------------------------------------------
   total:  107   4365   3091
   ---------------------------------------------------------------------------

   total number of primitive shells          :  113
   total number of contracted shells         : 1037
   total number of cartesian basis functions : 3766
   total number of SCF-basis functions       : 3091


 symmetry group of the molecule :   c1 

 the group has the following generators :
   c1(z)

    1 symmetry operations found

 there are 1 real representations :   a   

 maximum number of shells which are related by symmetry :  1

 atom                      7  is c  but not s 
COSMO: WARNING: problem reading $cosmo_atoms
 ==============================================================================
                      COSMO switched on
 ==============================================================================
 COSMO stati: segments per atom: H   32 other atoms   92
 COSMO statistics: nps   2603 npspher:    943
 COSMO surface:
   number of segments: 2603
   area (bohr**2):     2082.739834
   volume (bohr**3):   6563.392411
 COSMO: check number of disjunct cavities:

       ... OK contiguous cavity found
  
           ------------------
           density functional
           ------------------
 TPSS global hybrid functional
 exchange:    9/10 (LDA+TPSS) + 1/10 HF
 correlation: LDA (PW) + TPSS

 spherical integration : Lebedev's spherical grid
 spherical gridsize    :                     4
    i.e. gridpoints    :                   434
 value for diffuse not defined
 radial integration    : Chebyshev 2nd kind (scaling 3)
 radial gridsize       :                     6
 integration cells     :                   107
 partition function    : becke
 partition sharpness   :                     3
  
 
 Derivatives of quadrature weights will be included
 

 biggest AO integral is expected to be     9.765798878

          ------------------------
          nuclear repulsion energy  :   8335.24118799    
          ------------------------

  _________________________________
 |                                 |
 |         DFTD3 V3.1 Rev 0        |
 | S.Grimme, University Bonn       |
 |            June  2014           |
 |   see standalone version        |
 |       dftd3 -h for options      |
 |_________________________________|
 
 Please cite DFT-D3 work done with this code as:
 S. Grimme, J. Antony, S. Ehrlich and H. Krieg,
 J. Chem. Phys, 132 (2010), 154104.
 If used with BJ-damping cite also
 S. Grimme, S. Ehrlich and L. Goerigk,
 J. Comput. Chem. 32 (2011), 1456-1465
 For DFT-D2 the reference is
 S. Grimme, J. Comput. Chem., 27 (2006), 1787-1799
 
C6 coefficients used:
                     2  C6 for element                      1
Z=  1 CN= 0.912     C6(AA)=    3.03
Z=  1 CN= 0.000     C6(AA)=    7.59
                     5  C6 for element                      6
Z=  6 CN= 0.000     C6(AA)=   49.11
Z=  6 CN= 0.987     C6(AA)=   43.25
Z=  6 CN= 1.998     C6(AA)=   29.36
Z=  6 CN= 2.999     C6(AA)=   25.78
Z=  6 CN= 3.984     C6(AA)=   18.21
                     3  C6 for element                     16
Z= 16 CN= 0.000     C6(AA)=  134.01
Z= 16 CN= 0.995     C6(AA)=  131.00
Z= 16 CN= 1.990     C6(AA)=  125.81
                     3  C6 for element                     39
Z= 39 CN= 0.000     C6(AA)= 2365.89
Z= 39 CN= 1.915     C6(AA)= 1132.30
Z= 39 CN= 2.890     C6(AA)=  451.08
                     3  C6 for element                     42
Z= 42 CN= 0.000     C6(AA)=  845.90
Z= 42 CN= 1.942     C6(AA)=  502.01
Z= 42 CN=11.056     C6(AA)=  337.11

#           XYZ [au]              R0(AA) [Ang.]  CN          C6(AA)     C8(AA)   C10(AA) [au]
  1   0.00000   0.00000   0.65011   mo  1.286  5.495       502.0     57804.9   8153712.7
  2  -0.47415   6.41426   0.17128   y   1.655 11.702       451.1     86005.2  20087594.1
  3   2.01104   2.85703   3.05760   s   0.839  2.059       125.9      6166.4    370069.4
  4  -2.72551   2.16335  -1.75791   s   0.839  2.077       125.9      6166.0    370047.6
  5   2.72551  -2.16335  -1.75791   s   0.839  2.077       125.9      6166.0    370047.4
  6  -2.01104  -2.85703   3.03760   s   0.839  2.062       125.9      6166.3    370065.9
  7   3.95402   6.20697  -2.27461   c   0.644  4.113        18.3       528.0     18706.3
  8   2.07304   5.90782  -4.17571   c   0.644  4.115        18.3       528.0     18705.7
  9   0.67567   8.21630  -4.34314   c   0.644  4.137        18.2       527.7     18697.6
 10   1.73727   9.96758  -2.57943   c   0.644  4.124        18.3       527.9     18702.2
 11   3.72385   8.69966  -1.25488   c   0.644  4.141        18.2       527.7     18696.4
 12  -2.23053   7.70684   4.69473   c   0.644  4.134        18.2       527.8     18698.8
 13  -4.11692   6.11121   3.61248   c   0.644  4.129        18.3       527.8     18700.6
 14  -5.18888   7.41208   1.50599   c   0.644  4.142        18.2       527.7     18696.1
 15  -4.00211   9.83061   1.31335   c   0.644  4.113        18.3       528.0     18706.4
 16  -2.16341  10.01216   3.28783   c   0.644  4.108        18.3       528.0     18708.2
 17  -1.39703   8.73013  -6.22330   c   0.644  4.072        18.3       528.5     18725.4
 18   1.21792  12.75714  -2.48205   c   0.644  4.060        18.3       528.7     18732.1
 19   1.80218   3.68800  -5.92468   c   0.644  4.073        18.3       528.5     18724.8
 20   5.46076   9.84650   0.68416   c   0.644  4.071        18.3       528.5     18725.9
 21   6.01936   4.35655  -1.66650   c   0.644  4.072        18.3       528.5     18725.5
 22  -0.69768  12.31870   4.07698   c   0.644  4.058        18.3       528.8     18733.6
 23  -4.91689   3.57507   4.60009   c   0.644  4.085        18.3       528.3     18718.6
 24  -7.36706   6.53090  -0.09272   c   0.644  4.075        18.3       528.5     18723.9
 25  -4.90212  11.91538  -0.39729   c   0.644  4.059        18.3       528.7     18733.0
 26   3.04225   3.91430  -7.59294   h   0.417  0.997         3.1        37.4       553.5
 27  -0.14985   3.49263  -6.60993   h   0.417  1.001         3.1        37.4       553.1
 28  -3.31976   2.56946   5.47184   h   0.417  1.004         3.1        37.3       552.9
 29  -6.42015   3.76219   6.03913   h   0.417  0.997         3.1        37.4       553.5
 30   2.30169   1.90099  -4.98834   h   0.417  1.006         3.1        37.3       552.7
 31  -5.63167   2.35898   3.07347   h   0.417  1.004         3.1        37.3       552.9
 32   6.67101   4.55919   0.29665   h   0.417  1.001         3.1        37.4       553.1
 33   7.66646   4.66117  -2.91787   h   0.417  0.997         3.1        37.4       553.5
 34   5.38741   2.39060  -1.90193   h   0.417  1.005         3.1        37.3       552.8
 35  -7.17595   7.15282  -2.07067   h   0.417  1.000         3.1        37.4       553.2
 36  -9.18053   7.29171   0.61508   h   0.417  0.996         3.1        37.4       553.5
 37  -7.50251   4.45749  -0.10161   h   0.417  1.002         3.1        37.4       553.1
 38  -0.75614   7.19853   7.06976   c   0.644  4.072        18.3       528.5     18725.5
 39  -1.71379   8.01601   8.73828   h   0.417  0.996         3.1        37.4       553.5
 40   1.14998   8.03087   6.98928   h   0.417  1.000         3.1        37.4       553.2
 41  -0.53185   5.15893   7.39770   h   0.417  1.002         3.1        37.4       553.1
 42  -0.63991   8.96800  -8.15509   h   0.417  0.996         3.1        37.4       553.5
 43  -2.44359  10.46378  -5.75588   h   0.417  0.999         3.1        37.4       553.3
 44   4.65234  11.57442   1.50928   h   0.417  1.000         3.1        37.4       553.3
 45  -3.68065  13.58840  -0.27978   h   0.417  0.999         3.1        37.4       553.3
 46  -1.35580  13.00480   5.93562   h   0.417  0.997         3.1        37.4       553.5
 47   2.63781  13.79455  -3.61021   h   0.417  0.997         3.1        37.4       553.5
 48  -2.77035   7.16472  -6.30220   h   0.417  1.001         3.1        37.4       553.2
 49   0.47415  -6.41426   0.17128   y   1.655 11.704       451.1     86005.2  20087594.1
 50   2.23053  -7.70684   4.69473   c   0.644  4.134        18.2       527.8     18698.8
 51  -0.67567  -8.21630  -4.34314   c   0.644  4.138        18.2       527.7     18697.6
 52   5.18888  -7.41208   1.50599   c   0.644  4.142        18.2       527.7     18696.1
 53  -3.95402  -6.20697  -2.27461   c   0.644  4.113        18.3       528.0     18706.2
 54   4.11692  -6.11121   3.61248   c   0.644  4.129        18.3       527.8     18700.6
 55  -2.07304  -5.90782  -4.17571   c   0.644  4.115        18.3       528.0     18705.7
 56   4.00211  -9.83061   1.31335   c   0.644  4.113        18.3       528.0     18706.4
 57  -3.72385  -8.69966  -1.25488   c   0.644  4.141        18.2       527.7     18696.4
 58   2.16341 -10.01216   3.28783   c   0.644  4.108        18.3       528.0     18708.2
 59  -1.73727  -9.96758  -2.57943   c   0.644  4.124        18.3       527.9     18702.2
 60   7.36706  -6.53090  -0.09272   c   0.644  4.075        18.3       528.5     18723.9
 61  -6.01936  -4.35655  -1.66650   c   0.644  4.072        18.3       528.5     18725.4
 62   0.75614  -7.19853   7.06976   c   0.644  4.072        18.3       528.5     18725.6
 63   1.39703  -8.73013  -6.22330   c   0.644  4.072        18.3       528.5     18725.4
 64   4.90212 -11.91538  -0.39729   c   0.644  4.059        18.3       528.7     18733.0
 65  -5.46076  -9.84650   0.68416   c   0.644  4.071        18.3       528.5     18725.9
 66   0.69768 -12.31870   4.07698   c   0.644  4.058        18.3       528.8     18733.6
 67  -1.21792 -12.75714  -2.48205   c   0.644  4.060        18.3       528.7     18732.1
 68   4.91689  -3.57507   4.60009   c   0.644  4.085        18.3       528.3     18718.6
 69  -1.80218  -3.68800  -5.92468   c   0.644  4.073        18.3       528.5     18724.8
 70   6.42015  -3.76219   6.03913   h   0.417  0.997         3.1        37.4       553.5
 71  -3.04225  -3.91430  -7.59294   h   0.417  0.997         3.1        37.4       553.5
 72   5.63167  -2.35898   3.07347   h   0.417  1.004         3.1        37.3       552.9
 73  -2.30169  -1.90099  -4.98834   h   0.417  1.006         3.1        37.3       552.7
 74   3.31976  -2.56946   5.47184   h   0.417  1.004         3.1        37.3       552.9
 75   0.14985  -3.49263  -6.60993   h   0.417  1.001         3.1        37.4       553.1
 76  -1.14998  -8.03087   6.98928   h   0.417  1.000         3.1        37.4       553.2
 77   2.44359 -10.46378  -5.75588   h   0.417  0.999         3.1        37.4       553.3
 78   7.17595  -7.15282  -2.07067   h   0.417  1.000         3.1        37.4       553.2
 79  -6.67101  -4.55919   0.29665   h   0.417  1.001         3.1        37.4       553.1
 80   1.71379  -8.01601   8.73828   h   0.417  0.996         3.1        37.4       553.5
 81   0.63991  -8.96800  -8.15509   h   0.417  0.996         3.1        37.4       553.5
 82   9.18053  -7.29171   0.61508   h   0.417  0.996         3.1        37.4       553.5
 83  -7.66646  -4.66117  -2.91787   h   0.417  0.997         3.1        37.4       553.5
 84   0.53185  -5.15893   7.39770   h   0.417  1.002         3.1        37.4       553.1
 85   2.77035  -7.16472  -6.30220   h   0.417  1.001         3.1        37.4       553.2
 86   7.50251  -4.45749  -0.10161   h   0.417  1.002         3.1        37.4       553.1
 87  -5.38741  -2.39060  -1.90193   h   0.417  1.005         3.1        37.3       552.8
 88   4.98639 -11.33431  -2.39502   h   0.417  1.000         3.1        37.4       553.3
 89  -0.64497  13.22577  -3.26605   h   0.417  1.000         3.1        37.4       553.3
 90   1.34321  11.94979   4.26801   h   0.417  1.000         3.1        37.4       553.3
 91   0.93130 -13.88161   2.72939   h   0.417  0.999         3.1        37.4       553.3
 92  -1.30690 -13.51293  -0.55098   h   0.417  1.000         3.1        37.4       553.2
 93   3.68065 -13.58840  -0.27978   h   0.417  0.999         3.1        37.4       553.3
 94   1.30690  13.51293  -0.55098   h   0.417  1.000         3.1        37.4       553.2
 95  -4.65234 -11.57442   1.50928   h   0.417  1.000         3.1        37.4       553.3
 96  -0.93130  13.88161   2.72939   h   0.417  0.999         3.1        37.4       553.3
 97  -5.85489  -8.52310   2.24410   h   0.417  1.000         3.1        37.4       553.2
 98   0.64497 -13.22577  -3.26605   h   0.417  1.000         3.1        37.4       553.3
 99  -4.98639  11.33431  -2.39502   h   0.417  1.000         3.1        37.4       553.3
100  -1.34321 -11.94979   4.26801   h   0.417  1.000         3.1        37.4       553.3
101   5.85489   8.52310   2.24410   h   0.417  1.000         3.1        37.4       553.2
102  -7.30420 -10.36742  -0.14931   h   0.417  0.996         3.1        37.4       553.5
103   6.83120 -12.51353   0.13290   h   0.417  0.997         3.1        37.4       553.5
104  -2.63781 -13.79455  -3.61021   h   0.417  0.997         3.1        37.4       553.5
105  -6.83120  12.51353   0.13290   h   0.417  0.997         3.1        37.4       553.5
106   1.35580 -13.00480   5.93562   h   0.417  0.997         3.1        37.4       553.5
107   7.30420  10.36742  -0.14931   h   0.417  0.996         3.1        37.4       553.5

molecular C6(AA) [au] =    146752.88

           DFT-D V3(BJ)
 DF tpssh                                             
 parameters
 s6       :    1.0000
 s8       :    2.2382
 a1       :    0.4529
 a2       :    4.6550
 k1-k3    :   16.0000    1.3333   -4.0000
 
 Edisp /kcal,au:  -156.6156 -0.24958279

 E6    /kcal :   -68.4333
 E8    /kcal :   -88.1823
 % E8        : 56.30
 nuclear repulsion energy                  =    8335.241187995
 empirical dispersive energy correction    =      -0.249582793
 nuclear repulsion + dispersion correction =    8334.991605202


         -----------------
         -S,T+V- integrals
         -----------------

 1e-integrals will be neglected if expon. factor < 0.308299E-12


          ----------------
          -ecp-  integrals
          ----------------
 
   Difference densities algorithm switched on.
   The maximal number of linear combinations of
   difference densities is                    20 .

 DIIS switched on: error vector is FDS-SDF
 Max. Iterations for DIIS is     :   4
 DIIS matrix (see manual) 
    Scaling factor of diagonals  :  1.200
    threshold for scaling factor :  0.000

 scf convergence criterion : increment of total energy < .1000000D-06
                  and increment of one-electron energy < .1000000D-03

 MOs are in ASCII format !


    mo occupation :
   irrep   mo's   occupied
    a     1025      201
 
 number of basis functions   :  1025
 number of occupied orbitals :   201
 

 reading orbital data $uhfmo_alpha  from file alpha
 orbital characterization : scfconv=7

 reading orbital data $uhfmo_beta  from file beta
 orbital characterization : scfconv=7
 mo-orthogonalization by Cholesky decomposition
 mo-orthogonalization by Cholesky decomposition

 UHF mode switched on !

 closed shell shift switched on 
 all occupied orbitals are shifted by    0.05000

  
           ------------------------
               RI-J - INFORMATION
           ------------------------
 Contributions to RI integral batches: 
  neglected integral batches:                 58354
  direct contribution:                            0
  memory contribution:                 59501
 Memory core needed for (P|Q) and Cholesky     73 MByte
 Memory core minimum needed except of (P|Q)     4 MByte
 Total minimum memory core needed (sum)        77 MByte
  
 ****************************************
 Memory allocated for RI-J  8353 MByte
 ****************************************
                                            

 dump of DSCF restart information has been disabled !


 Starting SCF iterations

          Overall gridpoints after grid construction =        975291
 Ordering of quadrature gridpoints disabled.
 Caution, gridordering can improve performance!

 ITERATION  ENERGY          1e-ENERGY        2e-ENERGY     NORM[dD(SAO)]  TOL
   1  -3297.5959761086    -21214.676863     9582.0892820    0.000D+00 0.308D-11
                            Exc = -326.471998878     Coul =  9943.10440446    
                            exK = -34.5431235813    
                         Ntotal = 401.00068222      Nspin = 1.0000042284    
                             Na = 201.00034323         Nb = 200.00033900    
                          Ediel =-0.507865099380E-01
                            current damping = 1.000
 
          max. resid. norm for Fia-block=  3.292D-03 for orbital      3a    beta 
          max. resid. fock norm         =  9.007D-02 for orbital   1025a    beta 

 ITERATION  ENERGY          1e-ENERGY        2e-ENERGY     NORM[dD(SAO)]  TOL
   2  -3297.5959885631    -21214.670308     9582.0827145    0.891D-02 0.195D-11
                            Exc = -326.471612130      Eck =  9908.55432662    
                         Ntotal = 401.00068243      Nspin = 1.0000042372    
                             Na = 201.00034333         Nb = 200.00033910    
                          Ediel =-0.507902069029E-01
                            current damping = 0.950
 
          Norm of current diis error: 0.72499E-02
          max. resid. norm for Fia-block=  2.209D-03 for orbital      4a    alpha
          max. resid. fock norm         =  4.503D-02 for orbital   1025a    beta 

 ITERATION  ENERGY          1e-ENERGY        2e-ENERGY     NORM[dD(SAO)]  TOL
   3  -3297.5959923292    -21214.677805     9582.0902075    0.264D-02 0.148D-11
                            Exc = -326.471777257      Eck =  9908.56198473    
                         Ntotal = 401.00068251      Nspin = 1.0000042378    
                             Na = 201.00034337         Nb = 200.00033913    
                          Ediel =-0.507999106000E-01
                            current damping = 0.900
 
          Norm of current diis error: 0.37449E-02
          max. resid. norm for Fia-block=  1.032D-03 for orbital      4a    beta 
          max. resid. fock norm         =  2.195D-02 for orbital   1025a    beta 

 ITERATION  ENERGY          1e-ENERGY        2e-ENERGY     NORM[dD(SAO)]  TOL
   4  -3297.5959928225    -21214.659600     9582.0720016    0.223D-02 0.134D-11
                            Exc = -326.471386245      Eck =  9908.54338785    
                         Ntotal = 401.00068257      Nspin = 1.0000042497    
                             Na = 201.00034341         Nb = 200.00033916    
                          Ediel =-0.507925682364E-01
                            current damping = 0.950
 
          Norm of current diis error: 0.25532E-02
          max. resid. norm for Fia-block=  5.111D-04 for orbital      4a    alpha
          max. resid. fock norm         =  1.039D-02 for orbital   1025a    beta 

 ITERATION  ENERGY          1e-ENERGY        2e-ENERGY     NORM[dD(SAO)]  TOL
   5  -3297.5959940880    -21214.680574     9582.0929750    0.133D-02 0.124D-11
                            Exc = -326.471745316      Eck =  9908.56472028    
                         Ntotal = 401.00068263      Nspin = 1.0000042415    
                             Na = 201.00034344         Nb = 200.00033919    
                          Ediel =-0.508001458881E-01
                            current damping = 1.000
 
          Norm of current diis error: 0.13168E-02
          max. resid. norm for Fia-block=  2.482D-04 for orbital      4a    alpha
          max. resid. fock norm         =  5.063D-03 for orbital   1025a    beta 
          mo-orthogonalization: Cholesky decomposition

 ITERATION  ENERGY          1e-ENERGY        2e-ENERGY     NORM[dD(SAO)]  TOL
   6  -3297.5959946851    -21214.672557     9582.0849573    0.610D-03 0.120D-11
                            Exc = -326.471623866      Eck =  9908.55658114    
                         Ntotal = 401.00068265      Nspin = 1.0000042453    
                             Na = 201.00034345         Nb = 200.00033920    
                          Ediel =-0.508010240219E-01
                            current damping = 1.050
 
          Norm of current diis error: 0.52475E-03
          max. resid. norm for Fia-block=  1.224D-04 for orbital      4a    beta 
          max. resid. fock norm         =  2.532D-03 for orbital   1025a    beta 

 ITERATION  ENERGY          1e-ENERGY        2e-ENERGY     NORM[dD(SAO)]  TOL
   7  -3297.5959947657    -21214.673052     9582.0854516    0.192D-03 0.116D-11
                            Exc = -326.471615796      Eck =  9908.55706743    
                         Ntotal = 401.00068268      Nspin = 1.0000042464    
                             Na = 201.00034346         Nb = 200.00033921    
                          Ediel =-0.508005290597E-01
                            current damping = 1.100
 
          Norm of current diis error: 0.25024E-03
          max. resid. norm for Fia-block=  6.361D-05 for orbital      4a    alpha
          max. resid. fock norm         =  1.297D-03 for orbital   1025a    beta 

 ENERGY CONVERGED !


 ITERATION  ENERGY          1e-ENERGY        2e-ENERGY     NORM[dD(SAO)]  TOL
   8  -3297.5959947920    -21214.672754     9582.0851537    0.111D-03 0.113D-11
                            Exc = -326.471611159      Eck =  9908.55676482    
                         Ntotal = 401.00068268      Nspin = 1.0000042470    
                             Na = 201.00034346         Nb = 200.00033922    
                          Ediel =-0.508007233912E-01
                            current damping = 1.150
 
          Norm of current diis error: 0.13922E-03
          max. resid. norm for Fia-block=  3.333D-05 for orbital      4a    alpha
          max. resid. fock norm         =  6.790D-04 for orbital   1025a    beta 

 End of SCF iterations

   convergence criteria satisfied after     8 iterations


                  ------------------------------------------ 
                 |  total energy      =  -3297.59599479202  |
                  ------------------------------------------ 
                 :  kinetic energy    =   3176.68120282440  :
                 :  potential energy  =  -6474.27719761643  :
                 :  virial theorem    =      1.96333244213  :
                 :  wavefunction norm =      1.00000000000  :
                  .......................................... 


 <geterg> : there is no data group $energy 


 orbitals $uhfmo_alpha  will be written to file alpha

 orbitals $uhfmo_beta  will be written to file beta
 
 alpha: 

    irrep                197a        198a        199a        200a        201a   
 eigenvalues H         -0.16342    -0.16306    -0.16140    -0.16061    -0.11606
            eV          -4.4470     -4.4371     -4.3920     -4.3703     -3.1581
 occupation              1.0000      1.0000      1.0000      1.0000      1.0000

    irrep                202a        203a        204a        205a        206a   
 eigenvalues H         -0.06785    -0.06250    -0.02555    -0.02413     0.00779
            eV          -1.8462     -1.7009     -0.6953     -0.6566      0.2119
 
 beta:  

    irrep                196a        197a        198a        199a        200a   
 eigenvalues H         -0.16476    -0.16340    -0.16305    -0.16116    -0.16044
            eV          -4.4835     -4.4463     -4.4369     -4.3854     -4.3659
 occupation              1.0000      1.0000      1.0000      1.0000      1.0000

    irrep                201a        202a        203a        204a        205a   
 eigenvalues H         -0.05614    -0.05486    -0.05212    -0.02121    -0.01984
            eV          -1.5277     -1.4930     -1.4183     -0.5772     -0.5399
 
 ==============================================================================
                                  COSMO RESULTS
 ==============================================================================
  PARAMETER:
    nppa:      1082
    nspa:        92
    nsph:        32
    nps:       2603
    npspher:    943
    disex:   10.0000    
    disex2:  3853.33    
    rsolv [A]: 1.3000
    routf:     0.8500
    phsran:    0.0    
    ampran:   0.10E-04
    cavity:  closed
    epsilon:     7.250
    refind:     1.300
    fepsi:      0.8064516
  CAVITY VOLUME/AREA [a.u.]:
    surface: V1.0, A matrix: V1.0
    area:  2082.74
    volume:  6563.39
  SCREENING CHARGE:
    cosmo      :   0.948931
    correction :   0.049954
    total      :   0.998885
  ENERGIES [a.u.]:
    Total energy            =   -3297.5959947920219
    Total energy + OC corr. =    -3297.5989834344
    Dielectric energy       =       -0.0508007234
    Diel. energy + OC corr. =       -0.0537893658
  ELEMENT RADIUS [A]: ATOM LIST
    mo 2.22: 1
    y  2.22: 2,49
    s  2.16: 3-6
    c  2.00: 7-25,38,50-69
    h  1.30: 26-37,39-48,70-107
 ==============================================================================

                                             _ _ _ 
  IRREP     alpha occ.     beta occ.      tr(D*D-D)


 a        201.00000000   200.00000000    -0.25446179

   -------------------------------------------------

   sum    201.00000000   200.00000000    -0.25446179

 <S*S>     0.75892357

 
 
 
 ==============================================================================
                           electrostatic moments
 ==============================================================================

 reference point for electrostatic moments:    0.00000   0.00000   0.00000

 
              nuc           elec       ->  total
 ------------------------------------------------------------------------------
                          charge      
 ------------------------------------------------------------------------------
         400.000000    -401.000000      -1.000000
 a-b                                     1.000000
 
 ------------------------------------------------------------------------------
                       dipole moment  
 ------------------------------------------------------------------------------
   x       0.000000      -0.005920      -0.005920
   y       0.000000      -0.010531      -0.010531
   z      44.898386     -45.547365      -0.648979
 
   | dipole moment | =     0.6491 a.u. =     1.6498 debye 
 
 ------------------------------------------------------------------------------
                     quadrupole moment
 ------------------------------------------------------------------------------
  xx    5068.070542   -5361.299653    -293.229111
  yy   23449.700191  -23742.190140    -292.489950
  zz    4924.491054   -5218.187106    -293.696052
  xy   -1532.413361    1533.156916       0.743554
  xz       0.643533      -0.675563      -0.032030
  yz       0.914249      -0.968423      -0.054173
 
     1/3  trace=    -293.138371
     anisotropy=       1.667345
 
 ==============================================================================
 
HOMO-LUMO Separation
 HOMO         :   -0.11605721 H =     -3.15808 eV
 LUMO         :   -0.06784513 H =     -1.84616 eV
 HOMO-LUMO gap:    0.04821208 H =     +1.31192 eV
 
 ==============================================================================


    ------------------------------------------------------------------------
         total  cpu-time : 33 minutes and 16 seconds
         total wall-time : 33 minutes and 46 seconds
    ------------------------------------------------------------------------

   ****  ridft : all done  ****


    2020-08-15 15:17:04.269 


 rdgrad (hpc3-14-00) : TURBOMOLE rev. V7.5.0 compiled 13 Jun 2020 at 23:29:25
 Copyright (C) 2020 TURBOMOLE GmbH, Karlsruhe


    2020-08-15 15:17:04.365 


 UHF modus switched on !


                                 r d g r a d

                          gradient for ridft program 

                        by K.Eichkorn, O.Treutler, H.Oehm, 
                             M.Haeser and R.Ahlrichs
                  (Chemical Physics Letters 242 (1995) 652-660)
                    parallel version: M.v.Arnim  &  R.Ahlrichs
                            quantum chemistry group
                             university  karlsruhe
                                   germany




                          References             
                                                 
          Density Functional:                              
              O. Treutler and R. Ahlrichs                      
              Efficient Molecular Numerical Integration Schemes
              J. Chem. Phys. 102: 346 (1995)                   
          Parallel Version:                                
              Performance of parallel TURBOMOLE for Density    
              Functional Calculations                          
              M. v. Arnim and R. Ahlrichs                      
              J. Comp. Chem. 19: 1746 (1998)                   
          RI-J Method:                                     
              Auxiliary Basis Sets to approximate Coulomb      
              Potentials                                       
              Chem. Phys. Lett. 240: 283 (1995)                
              K. Eichkorn, O. Treutler, H. Oehm, M. Haeser     
              and R. Ahlrichs                                  
              Chem. Phys. Lett. 242: 652 (1995)                
                                                           
              Auxiliary Basis Sets for Main Row Atoms and their
              Use to approximate Coulomb Potentials            
              K. Eichkorn, F. Weigend, O. Treutler and         
              R. Ahlrichs                                      
              Theo. Chem. Acc. 97: 119 (1997)                  
          Relativistic Two-component ECP formalism             
              Efficient two-component self-consistent field    
              procedures and gradients: implementation in      
              TURBOMOLE and application to Au20-               
              A. Baldes and F. Weigend                         
              Mol. Phys. 111: 2617 (2013)                      
          Relativistic all-electron 2c calculations (X2C, DLU) 
              Efficient implementation of one- and two-component
              analytical energy gradients in exact two-component
              theory                                           
              Y. J. Franzke, N. Middendorf and F. Weigend      
              J. Chem. Phys. 148: 104110 (2018)                
          Exploitation of symmetry in scalar X2C response      
              NMR shielding tensors and chemical shifts in     
              scalar-relativistic local exact two-component    
              theory                                           
              Y. J. Franzke and F. Weigend                     
              J. Chem. Theory Comput. 15: 1028 (2019)          
                                                              


 number of unique ecp types :                     2

 integral neglect threshold       :  0.31E-11
 integral storage threshold THIZE :  0.10E-04
 integral storage threshold THIME :         5

 TPSS global hybrid functional
 exchange:    9/10 (LDA+TPSS) + 1/10 HF
 correlation: LDA (PW) + TPSS
 A Hybrid-DFT calculation using the RI-J approximation will be carried out.
  
  
 AUXILIARY BASIS SET information:

 symmetry group of the molecule :   c1 

 the group has the following generators :
   c1(z)

    1 symmetry operations found

 there are 1 real representations :   a   

 maximum number of shells which are related by symmetry :  1


    mo occupation :
   irrep   mo's   occupied
    a     1025      201
 
 number of basis functions   :  1025
 number of occupied orbitals :   201
 

 biggest AO integral is expected to be     9.765798878
  
           ------------------
           density functional
           ------------------
 TPSS global hybrid functional
 exchange:    9/10 (LDA+TPSS) + 1/10 HF
 correlation: LDA (PW) + TPSS

 spherical integration : Lebedev's spherical grid
 spherical gridsize    :                     4
    i.e. gridpoints    :                   434
 value for diffuse not defined
 radial integration    : Chebyshev 2nd kind (scaling 3)
 radial gridsize       :                     6
 integration cells     :                   107
 partition function    : becke
 partition sharpness   :                     3
  
 
 Derivatives of quadrature weights will be included
 
  
           ------------------------
             RDGRAD - INFORMATION
           ------------------------
  
 Threshold for integral neglect (rithr1): 1E-10
 Threshold for integral neglect (rithr2): 1E-10
 Contributions to RI integral batches: 
  neglected integral batches:                 58354
  direct contribution:                        59501
     
 ****************************************
 Memory allocated for RDGRAD: 95 MiB
 ****************************************
                                            
     

 nuclear repulsion energy  :   8335.24118799    

  MOs are in ASCII format !


 reading orbital data $uhfmo_alpha  from file alpha
 orbital characterization : scfconv=7

 reading orbital data $uhfmo_beta  from file beta
 orbital characterization : scfconv=7
  Deviation of MOs from orthonormality   2.817079902683872E-012
  Deviation of MOs from orthonormality   2.604805260375542E-012

    ----------------------------------------
     S+T+V CONTRIBUTIONS TO ENERGY GRADIENT 
    ----------------------------------------
 atom                      7  is c  but not s 
COSMO: WARNING: problem reading $cosmo_atoms
 ==============================================================================
                      COSMO switched on
 ==============================================================================

 1e-integral 1st. derivatives will be neglected if expon. factor < 0.617636E-14

COSMO: already initialized
  _________________________________
 |                                 |
 |         DFTD3 V3.1 Rev 0        |
 | S.Grimme, University Bonn       |
 |            June  2014           |
 |   see standalone version        |
 |       dftd3 -h for options      |
 |_________________________________|
 
 Please cite DFT-D3 work done with this code as:
 S. Grimme, J. Antony, S. Ehrlich and H. Krieg,
 J. Chem. Phys, 132 (2010), 154104.
 If used with BJ-damping cite also
 S. Grimme, S. Ehrlich and L. Goerigk,
 J. Comput. Chem. 32 (2011), 1456-1465
 For DFT-D2 the reference is
 S. Grimme, J. Comput. Chem., 27 (2006), 1787-1799
 
C6 coefficients used:
                     2  C6 for element                      1
Z=  1 CN= 0.912     C6(AA)=    3.03
Z=  1 CN= 0.000     C6(AA)=    7.59
                     5  C6 for element                      6
Z=  6 CN= 0.000     C6(AA)=   49.11
Z=  6 CN= 0.987     C6(AA)=   43.25
Z=  6 CN= 1.998     C6(AA)=   29.36
Z=  6 CN= 2.999     C6(AA)=   25.78
Z=  6 CN= 3.984     C6(AA)=   18.21
                     3  C6 for element                     16
Z= 16 CN= 0.000     C6(AA)=  134.01
Z= 16 CN= 0.995     C6(AA)=  131.00
Z= 16 CN= 1.990     C6(AA)=  125.81
                     3  C6 for element                     39
Z= 39 CN= 0.000     C6(AA)= 2365.89
Z= 39 CN= 1.915     C6(AA)= 1132.30
Z= 39 CN= 2.890     C6(AA)=  451.08
                     3  C6 for element                     42
Z= 42 CN= 0.000     C6(AA)=  845.90
Z= 42 CN= 1.942     C6(AA)=  502.01
Z= 42 CN=11.056     C6(AA)=  337.11

#           XYZ [au]              R0(AA) [Ang.]  CN          C6(AA)     C8(AA)   C10(AA) [au]
  1   0.00000   0.00000   0.65011   mo  1.286  5.495       502.0     57804.9   8153712.7
  2  -0.47415   6.41426   0.17128   y   1.655 11.702       451.1     86005.2  20087594.1
  3   2.01104   2.85703   3.05760   s   0.839  2.059       125.9      6166.4    370069.4
  4  -2.72551   2.16335  -1.75791   s   0.839  2.077       125.9      6166.0    370047.6
  5   2.72551  -2.16335  -1.75791   s   0.839  2.077       125.9      6166.0    370047.4
  6  -2.01104  -2.85703   3.03760   s   0.839  2.062       125.9      6166.3    370065.9
  7   3.95402   6.20697  -2.27461   c   0.644  4.113        18.3       528.0     18706.3
  8   2.07304   5.90782  -4.17571   c   0.644  4.115        18.3       528.0     18705.7
  9   0.67567   8.21630  -4.34314   c   0.644  4.137        18.2       527.7     18697.6
 10   1.73727   9.96758  -2.57943   c   0.644  4.124        18.3       527.9     18702.2
 11   3.72385   8.69966  -1.25488   c   0.644  4.141        18.2       527.7     18696.4
 12  -2.23053   7.70684   4.69473   c   0.644  4.134        18.2       527.8     18698.8
 13  -4.11692   6.11121   3.61248   c   0.644  4.129        18.3       527.8     18700.6
 14  -5.18888   7.41208   1.50599   c   0.644  4.142        18.2       527.7     18696.1
 15  -4.00211   9.83061   1.31335   c   0.644  4.113        18.3       528.0     18706.4
 16  -2.16341  10.01216   3.28783   c   0.644  4.108        18.3       528.0     18708.2
 17  -1.39703   8.73013  -6.22330   c   0.644  4.072        18.3       528.5     18725.4
 18   1.21792  12.75714  -2.48205   c   0.644  4.060        18.3       528.7     18732.1
 19   1.80218   3.68800  -5.92468   c   0.644  4.073        18.3       528.5     18724.8
 20   5.46076   9.84650   0.68416   c   0.644  4.071        18.3       528.5     18725.9
 21   6.01936   4.35655  -1.66650   c   0.644  4.072        18.3       528.5     18725.5
 22  -0.69768  12.31870   4.07698   c   0.644  4.058        18.3       528.8     18733.6
 23  -4.91689   3.57507   4.60009   c   0.644  4.085        18.3       528.3     18718.6
 24  -7.36706   6.53090  -0.09272   c   0.644  4.075        18.3       528.5     18723.9
 25  -4.90212  11.91538  -0.39729   c   0.644  4.059        18.3       528.7     18733.0
 26   3.04225   3.91430  -7.59294   h   0.417  0.997         3.1        37.4       553.5
 27  -0.14985   3.49263  -6.60993   h   0.417  1.001         3.1        37.4       553.1
 28  -3.31976   2.56946   5.47184   h   0.417  1.004         3.1        37.3       552.9
 29  -6.42015   3.76219   6.03913   h   0.417  0.997         3.1        37.4       553.5
 30   2.30169   1.90099  -4.98834   h   0.417  1.006         3.1        37.3       552.7
 31  -5.63167   2.35898   3.07347   h   0.417  1.004         3.1        37.3       552.9
 32   6.67101   4.55919   0.29665   h   0.417  1.001         3.1        37.4       553.1
 33   7.66646   4.66117  -2.91787   h   0.417  0.997         3.1        37.4       553.5
 34   5.38741   2.39060  -1.90193   h   0.417  1.005         3.1        37.3       552.8
 35  -7.17595   7.15282  -2.07067   h   0.417  1.000         3.1        37.4       553.2
 36  -9.18053   7.29171   0.61508   h   0.417  0.996         3.1        37.4       553.5
 37  -7.50251   4.45749  -0.10161   h   0.417  1.002         3.1        37.4       553.1
 38  -0.75614   7.19853   7.06976   c   0.644  4.072        18.3       528.5     18725.5
 39  -1.71379   8.01601   8.73828   h   0.417  0.996         3.1        37.4       553.5
 40   1.14998   8.03087   6.98928   h   0.417  1.000         3.1        37.4       553.2
 41  -0.53185   5.15893   7.39770   h   0.417  1.002         3.1        37.4       553.1
 42  -0.63991   8.96800  -8.15509   h   0.417  0.996         3.1        37.4       553.5
 43  -2.44359  10.46378  -5.75588   h   0.417  0.999         3.1        37.4       553.3
 44   4.65234  11.57442   1.50928   h   0.417  1.000         3.1        37.4       553.3
 45  -3.68065  13.58840  -0.27978   h   0.417  0.999         3.1        37.4       553.3
 46  -1.35580  13.00480   5.93562   h   0.417  0.997         3.1        37.4       553.5
 47   2.63781  13.79455  -3.61021   h   0.417  0.997         3.1        37.4       553.5
 48  -2.77035   7.16472  -6.30220   h   0.417  1.001         3.1        37.4       553.2
 49   0.47415  -6.41426   0.17128   y   1.655 11.704       451.1     86005.2  20087594.1
 50   2.23053  -7.70684   4.69473   c   0.644  4.134        18.2       527.8     18698.8
 51  -0.67567  -8.21630  -4.34314   c   0.644  4.138        18.2       527.7     18697.6
 52   5.18888  -7.41208   1.50599   c   0.644  4.142        18.2       527.7     18696.1
 53  -3.95402  -6.20697  -2.27461   c   0.644  4.113        18.3       528.0     18706.2
 54   4.11692  -6.11121   3.61248   c   0.644  4.129        18.3       527.8     18700.6
 55  -2.07304  -5.90782  -4.17571   c   0.644  4.115        18.3       528.0     18705.7
 56   4.00211  -9.83061   1.31335   c   0.644  4.113        18.3       528.0     18706.4
 57  -3.72385  -8.69966  -1.25488   c   0.644  4.141        18.2       527.7     18696.4
 58   2.16341 -10.01216   3.28783   c   0.644  4.108        18.3       528.0     18708.2
 59  -1.73727  -9.96758  -2.57943   c   0.644  4.124        18.3       527.9     18702.2
 60   7.36706  -6.53090  -0.09272   c   0.644  4.075        18.3       528.5     18723.9
 61  -6.01936  -4.35655  -1.66650   c   0.644  4.072        18.3       528.5     18725.4
 62   0.75614  -7.19853   7.06976   c   0.644  4.072        18.3       528.5     18725.6
 63   1.39703  -8.73013  -6.22330   c   0.644  4.072        18.3       528.5     18725.4
 64   4.90212 -11.91538  -0.39729   c   0.644  4.059        18.3       528.7     18733.0
 65  -5.46076  -9.84650   0.68416   c   0.644  4.071        18.3       528.5     18725.9
 66   0.69768 -12.31870   4.07698   c   0.644  4.058        18.3       528.8     18733.6
 67  -1.21792 -12.75714  -2.48205   c   0.644  4.060        18.3       528.7     18732.1
 68   4.91689  -3.57507   4.60009   c   0.644  4.085        18.3       528.3     18718.6
 69  -1.80218  -3.68800  -5.92468   c   0.644  4.073        18.3       528.5     18724.8
 70   6.42015  -3.76219   6.03913   h   0.417  0.997         3.1        37.4       553.5
 71  -3.04225  -3.91430  -7.59294   h   0.417  0.997         3.1        37.4       553.5
 72   5.63167  -2.35898   3.07347   h   0.417  1.004         3.1        37.3       552.9
 73  -2.30169  -1.90099  -4.98834   h   0.417  1.006         3.1        37.3       552.7
 74   3.31976  -2.56946   5.47184   h   0.417  1.004         3.1        37.3       552.9
 75   0.14985  -3.49263  -6.60993   h   0.417  1.001         3.1        37.4       553.1
 76  -1.14998  -8.03087   6.98928   h   0.417  1.000         3.1        37.4       553.2
 77   2.44359 -10.46378  -5.75588   h   0.417  0.999         3.1        37.4       553.3
 78   7.17595  -7.15282  -2.07067   h   0.417  1.000         3.1        37.4       553.2
 79  -6.67101  -4.55919   0.29665   h   0.417  1.001         3.1        37.4       553.1
 80   1.71379  -8.01601   8.73828   h   0.417  0.996         3.1        37.4       553.5
 81   0.63991  -8.96800  -8.15509   h   0.417  0.996         3.1        37.4       553.5
 82   9.18053  -7.29171   0.61508   h   0.417  0.996         3.1        37.4       553.5
 83  -7.66646  -4.66117  -2.91787   h   0.417  0.997         3.1        37.4       553.5
 84   0.53185  -5.15893   7.39770   h   0.417  1.002         3.1        37.4       553.1
 85   2.77035  -7.16472  -6.30220   h   0.417  1.001         3.1        37.4       553.2
 86   7.50251  -4.45749  -0.10161   h   0.417  1.002         3.1        37.4       553.1
 87  -5.38741  -2.39060  -1.90193   h   0.417  1.005         3.1        37.3       552.8
 88   4.98639 -11.33431  -2.39502   h   0.417  1.000         3.1        37.4       553.3
 89  -0.64497  13.22577  -3.26605   h   0.417  1.000         3.1        37.4       553.3
 90   1.34321  11.94979   4.26801   h   0.417  1.000         3.1        37.4       553.3
 91   0.93130 -13.88161   2.72939   h   0.417  0.999         3.1        37.4       553.3
 92  -1.30690 -13.51293  -0.55098   h   0.417  1.000         3.1        37.4       553.2
 93   3.68065 -13.58840  -0.27978   h   0.417  0.999         3.1        37.4       553.3
 94   1.30690  13.51293  -0.55098   h   0.417  1.000         3.1        37.4       553.2
 95  -4.65234 -11.57442   1.50928   h   0.417  1.000         3.1        37.4       553.3
 96  -0.93130  13.88161   2.72939   h   0.417  0.999         3.1        37.4       553.3
 97  -5.85489  -8.52310   2.24410   h   0.417  1.000         3.1        37.4       553.2
 98   0.64497 -13.22577  -3.26605   h   0.417  1.000         3.1        37.4       553.3
 99  -4.98639  11.33431  -2.39502   h   0.417  1.000         3.1        37.4       553.3
100  -1.34321 -11.94979   4.26801   h   0.417  1.000         3.1        37.4       553.3
101   5.85489   8.52310   2.24410   h   0.417  1.000         3.1        37.4       553.2
102  -7.30420 -10.36742  -0.14931   h   0.417  0.996         3.1        37.4       553.5
103   6.83120 -12.51353   0.13290   h   0.417  0.997         3.1        37.4       553.5
104  -2.63781 -13.79455  -3.61021   h   0.417  0.997         3.1        37.4       553.5
105  -6.83120  12.51353   0.13290   h   0.417  0.997         3.1        37.4       553.5
106   1.35580 -13.00480   5.93562   h   0.417  0.997         3.1        37.4       553.5
107   7.30420  10.36742  -0.14931   h   0.417  0.996         3.1        37.4       553.5

molecular C6(AA) [au] =    146752.88

           DFT-D V3(BJ)
 DF tpssh                                             
 parameters
 s6       :    1.0000
 s8       :    2.2382
 a1       :    0.4529
 a2       :    4.6550
 k1-k3    :   16.0000    1.3333   -4.0000
 
 Edisp /kcal,au:  -156.6156 -0.24958279

 E6    /kcal :   -68.4333
 E8    /kcal :   -88.1823
 % E8        : 56.30
 
 doing analytical gradient O(N^2) ...
 
 |G|=  9.421940243713144E-002

 setting up bound for integral derivative estimation

 increment for numerical differentiation : 0.00050000

 biggest AO integral is expected to be     9.765798878
 biggest cartesian 1st derivative AO integral is expected to be    25.279206634

 biggest 1-particle AO density matrix element is expected to be    2.6140933450

 setting up bound for integral derivative estimation

 increment for numerical differentiation : 0.00050000

 biggest AO integral is expected to be     9.765798878
 biggest cartesian 1st derivative AO integral is expected to be    25.279206634

 2e-integral 1st. derivatives will be neglected if expon. factor < 0.100000E-06
 outer boundary for 2e-integral derivative neglection is 0.243897E-08

          Overall gridpoints after grid construction =        975291
 Ordering of quadrature gridpoints disabled.

 Integrated ground state density     :   401.0006826797697    

 Integrated ground state spin density:   1.000004246860968    


          ------------------------------------------------
           cartesian gradient of the energy (hartree/bohr)
          ------------------------------------------------

  ATOM      1 mo          2 y           3 s           4 s           5 s 
dE/dx -0.9158180D-03 -0.2136734D-03  0.1087804D-02 -0.8353255D-04  0.7948140D-04
dE/dy -0.1082622D-02  0.2276861D-03  0.9171987D-03  0.8466780D-05 -0.5509272D-04
dE/dz -0.1381434D-02 -0.5031437D-03  0.1776185D-02 -0.4287066D-04 -0.5709174D-04

  ATOM      6 s           7 c           8 c           9 c          10 c 
dE/dx -0.2800956D-04  0.1037972D-06 -0.2123656D-05  0.1187480D-04 -0.1271709D-04
dE/dy -0.7366294D-04  0.5029949D-05  0.1889245D-04  0.3854172D-05  0.8790008D-05
dE/dz  0.1771272D-03 -0.1589419D-04  0.5315089D-05  0.5371461D-05  0.4708016D-05

  ATOM     11 c          12 c          13 c          14 c          15 c 
dE/dx -0.1547647D-04  0.1320078D-04 -0.3506492D-03  0.2079761D-03  0.7994023D-08
dE/dy  0.7499411D-05 -0.2125005D-04  0.1688980D-04 -0.3602002D-04  0.3766231D-05
dE/dz  0.1483351D-04 -0.1973069D-04  0.2342360D-03 -0.1408539D-03  0.1572216D-04

  ATOM     16 c          17 c          18 c          19 c          20 c 
dE/dx -0.3115512D-04 -0.7926250D-05 -0.2754627D-05 -0.2290898D-05 -0.1223357D-04
dE/dy  0.3706854D-04 -0.1227257D-05  0.3589968D-04  0.7498175D-06  0.7411493D-05
dE/dz  0.5004485D-05  0.1003708D-05  0.1151158D-04  0.4181851D-05 -0.5314866D-05

  ATOM     21 c          22 c          23 c          24 c          25 c 
dE/dx -0.1811284D-05  0.1457310D-04 -0.8901275D-05  0.6869842D-04 -0.2481182D-04
dE/dy -0.4117950D-05 -0.4420883D-04 -0.4032843D-04  0.2830069D-04 -0.7870183D-05
dE/dz -0.2992072D-04 -0.2701589D-04 -0.1872631D-04 -0.3680220D-04  0.1953083D-04

  ATOM     26 h          27 h          28 h          29 h          30 h 
dE/dx -0.1218698D-05 -0.3404829D-05 -0.1044701D-04 -0.1493725D-04 -0.5813670D-05
dE/dy  0.3834131D-05 -0.7839697D-06 -0.1210949D-04 -0.2258245D-04 -0.1152156D-05
dE/dz -0.2652443D-05  0.4739369D-06  0.9649681D-05  0.8615884D-05  0.7512855D-05

  ATOM     31 h          32 h          33 h          34 h          35 h 
dE/dx  0.1949699D-05  0.1823755D-04 -0.3422633D-05 -0.7866472D-05 -0.6427288D-05
dE/dy -0.1321130D-04  0.1466662D-04  0.9644417D-05  0.5947390D-06 -0.6003201D-05
dE/dz -0.2408219D-05 -0.3986525D-05  0.1385258D-05 -0.3589672D-05 -0.6409220D-07

  ATOM     36 h          37 h          38 c          39 h          40 h 
dE/dx  0.9515251D-05  0.2627207D-04  0.3215110D-04  0.5699788D-05 -0.4880892D-05
dE/dy -0.6784234D-05  0.6983048D-04 -0.1978743D-04 -0.2055808D-04  0.8042028D-05
dE/dz -0.6021224D-05  0.1361302D-04 -0.3162867D-04 -0.1646943D-05  0.2104437D-05

  ATOM     41 h          42 h          43 h          44 h          45 h 
dE/dx -0.4250325D-05 -0.7002333D-05 -0.2663847D-05 -0.9072871D-05 -0.7609972D-05
dE/dy -0.1357183D-04 -0.6447796D-05  0.2733912D-05  0.1312815D-05 -0.7274054D-05
dE/dz  0.9269542D-05 -0.2071669D-05 -0.4149376D-05  0.1441665D-05 -0.2794650D-05

  ATOM     46 h          47 h          48 h          49 y          50 c 
dE/dx -0.1016196D-04 -0.1196150D-04 -0.8211108D-05 -0.2528169D-04 -0.6682626D-05
dE/dy -0.4962294D-06  0.5951052D-05 -0.1602157D-05  0.9447648D-04 -0.1173630D-04
dE/dz  0.1690409D-05 -0.3663643D-05  0.4861644D-05 -0.5988492D-04  0.8598567D-05

  ATOM     51 c          52 c          53 c          54 c          55 c 
dE/dx -0.4924051D-05 -0.1972035D-03  0.7086075D-05  0.3383847D-03  0.9062005D-05
dE/dy -0.2854289D-05  0.2609627D-04 -0.4509222D-05 -0.1545757D-04 -0.1974362D-04
dE/dz  0.5471689D-05 -0.1516168D-03  0.4361143D-05  0.2305722D-03 -0.7289572D-06

  ATOM     56 c          57 c          58 c          59 c          60 c 
dE/dx -0.7137946D-05  0.8827380D-05  0.2372003D-04  0.1051190D-04 -0.6910695D-04
dE/dy  0.1156155D-04 -0.3890834D-05 -0.1334962D-04 -0.6890529D-05 -0.2907861D-04
dE/dz -0.2361794D-04  0.1328920D-04  0.2460533D-04  0.4791959D-06 -0.3524579D-04

  ATOM     61 c          62 c          63 c          64 c          65 c 
dE/dx  0.7290295D-05  0.2515431D-05  0.7298674D-05  0.3144683D-04  0.8465674D-05
dE/dy  0.1468708D-04 -0.1693244D-05  0.9610817D-06  0.7862851D-05 -0.5430342D-05
dE/dz  0.2200188D-05  0.2713808D-05 -0.4817241D-06  0.2147828D-04 -0.1182309D-05

  ATOM     66 c          67 c          68 c          69 c          70 h 
dE/dx -0.1474839D-04  0.3978891D-05  0.2125824D-04  0.1741587D-05  0.2254268D-04
dE/dy  0.4630454D-04 -0.3388045D-04  0.5646914D-04 -0.2827841D-06  0.2139517D-04
dE/dz -0.2620045D-04  0.1319828D-04 -0.6624258D-05 -0.9070504D-06  0.7266214D-05

  ATOM     71 h          72 h          73 h          74 h          75 h 
dE/dx  0.1416662D-05  0.9811685D-05  0.5042159D-05 -0.1018346D-04  0.3109836D-05
dE/dy -0.4809304D-05  0.7044546D-05  0.1221534D-05 -0.2535653D-05  0.6680906D-06
dE/dz -0.2556296D-05 -0.1393440D-04  0.3906478D-05  0.7714434D-05  0.2751976D-06

  ATOM     76 h          77 h          78 h          79 h          80 h 
dE/dx  0.8070447D-05  0.3174183D-05  0.6378068D-05  0.2390670D-05  0.6064361D-05
dE/dy -0.3744833D-06 -0.3400532D-05  0.5532276D-05 -0.6940314D-05 -0.3815240D-06
dE/dz -0.1246973D-05 -0.3917057D-05 -0.7707512D-06 -0.7490929D-06 -0.6756207D-06

  ATOM     81 h          82 h          83 h          84 h          85 h 
dE/dx  0.7652668D-05 -0.8665700D-05  0.4129578D-05  0.8763353D-06  0.9195421D-05
dE/dy  0.7678398D-05  0.6762875D-05 -0.9170112D-05 -0.1777563D-05  0.1489607D-05
dE/dz -0.2313847D-05 -0.6075248D-05 -0.4508446D-05 -0.5497769D-05  0.4205627D-05

  ATOM     86 h          87 h          88 h          89 h          90 h 
dE/dx -0.2650982D-04  0.8709339D-05  0.1054984D-04 -0.1107592D-04 -0.8724456D-05
dE/dy -0.6950995D-04 -0.3438031D-05  0.5043982D-05  0.1537953D-05  0.8752968D-06
dE/dz  0.1246751D-04  0.3336635D-05 -0.1102072D-05  0.2292648D-05  0.1142822D-05

  ATOM     91 h          92 h          93 h          94 h          95 h 
dE/dx -0.4340430D-04  0.6227682D-04  0.7189695D-05 -0.6218939D-04  0.9715474D-05
dE/dy -0.3183067D-03  0.3073063D-03  0.8656407D-05 -0.3056438D-03 -0.2454628D-05
dE/dz  0.4202104D-04 -0.4905729D-04 -0.3401195D-05 -0.4960860D-04  0.7698016D-06

  ATOM     96 h          97 h          98 h          99 h         100 h 
dE/dx  0.4470064D-04  0.6086581D-05  0.1100907D-04 -0.1132768D-04  0.9872458D-05
dE/dy  0.3146828D-03 -0.2375647D-05 -0.1150084D-05 -0.5450850D-05 -0.3362152D-07
dE/dz  0.4270099D-04 -0.2575280D-05  0.1428281D-05 -0.4847998D-06  0.1521885D-05

  ATOM    101 h         102 h         103 h         104 h         105 h 
dE/dx  0.1297732D-06  0.6744669D-05  0.9028131D-05  0.1202341D-04 -0.8310804D-05
dE/dy  0.4043595D-05 -0.8914823D-05  0.1430851D-05 -0.6019867D-05 -0.5760609D-05
dE/dz  0.6260389D-06  0.1065475D-06  0.2372901D-05 -0.4198550D-05  0.1760939D-05

  ATOM    106 h         107 h 
dE/dx  0.8390954D-05 -0.6700978D-05
dE/dy  0.1110770D-05  0.6996820D-05
dE/dz  0.1341882D-05  0.3064111D-05
 
 resulting FORCE  (fx,fy,fz) = (0.979D-11,-.232D-11,0.589D-10)
 resulting MOMENT (mx,my,mz) = (0.331D-04,-.156D-03,0.439D-02)


 exx =       0.002161 eyy =       0.004743 ezz =       0.006238
 eyz =       0.001519 exz =       0.002965 exy =      -0.000914


 **********************************************************************
  |maximum component of gradient| : 0.17761852E-02  (atom  3 s )       
   gradient norm                  : 0.32351127E-02
 **********************************************************************

 <getgrd> : data group $grad  is missing 

   ***  cartesian gradients written onto <gradient>  ***


     --- calculation of the energy gradient finished ---



    ------------------------------------------------------------------------
         total  cpu-time : 12 minutes and 34 seconds
         total wall-time : 12 minutes and 36 seconds
    ------------------------------------------------------------------------

   ****  rdgrad : all done  ****


    2020-08-15 15:29:40.755 

$dipole from ridft
  x    -0.00591955828578    y    -0.01053084337179    z    -0.64897922028217    a.u.
   | dipole | =    1.6498388754  debye
/dfs3/pub/bdnguye2/ln2mos4/y_cp_ch3/d2d/anionic/def2-svp/screw_b1/opt/screw_b2/opt/thf/numforce/numforce/KraftWerk/zp03
