
 ridft (hpc3-14-00) : TURBOMOLE rev. V7.5.0 compiled 13 Jun 2020 at 23:29:25
 Copyright (C) 2020 TURBOMOLE GmbH, Karlsruhe


    2020-08-15 14:45:01.896 



                                  r i d f t

                        DFT program with RI approximation 
                                for coulomb part 




                                                 
                                 References:     
                                                 
          TURBOMOLE:                             
              R. Ahlrichs, M. Baer, M. Haeser, H. Horn, and
              C. Koelmel
              Electronic structure calculations on workstation
              computers: the program system TURBOMOLE
              Chem. Phys. Lett. 162: 165 (1989)
          Density Functional:                              
              O. Treutler and R. Ahlrichs                      
              Efficient Molecular Numerical Integration Schemes
              J. Chem. Phys. 102: 346 (1995)                   
          Parallel Version:                                
              Performance of parallel TURBOMOLE for Density    
              Functional Calculations                          
              M. v. Arnim and R. Ahlrichs                      
              J. Comp. Chem. 19: 1746 (1998)                   
          RI-J Method:                                     
              Auxiliary Basis Sets to approximate Coulomb      
              Potentials                                       
              Chem. Phys. Lett. 240: 283 (1995)                
              K. Eichkorn, O. Treutler, H. Oehm, M. Haeser     
              and R. Ahlrichs                                  
              Chem. Phys. Lett. 242: 652 (1995)                
                                                           
              Auxiliary Basis Sets for Main Row Atoms and their
              Use to approximate Coulomb Potentials            
              K. Eichkorn, F. Weigend, O. Treutler and         
              R. Ahlrichs                                      
              Theo. Chem. Acc. 97: 119 (1997)                   
                                                           
              Accurate Coulomb-fitting basis sets for H to Rn 
              F. Weigend                                        
              Phys. Chem. Chem. Phys. 8: 1057 (2006)            
                                                           
          Multipole accelerated RI-J (MARI-J):             
              Fast evaluation of the Coulomb potential for     
              electron densities using multipole accelerated   
              resolution of identity approximation             
              M. Sierka, A. Hogekamp and R. Ahlrichs           
              J. Chem. Phys. 118: 9136 (2003)                  
          RI-JK Method:                                     
              A fully direct RI-HF algorithm: Implementation,
              optimised auxiliary basis sets, demonstration of
              accuracy and efficiency                         
              F. Weigend                                      
              Phys. Chem. Chem. Phys. 4: 4285 (2002)           
          Two-component HF and DFT with spin-orbit coupling:  
              Self-consistent treatment of spin-orbit         
              interactions with efficient Hartree-Fock and    
              density functional methods                      
              M. K. Armbruster, F. Weigend, C. van Wüllen and 
              W. Klopper                                      
              Phys. Chem. Chem. Phys. 10: 1748 (2008)         
          Two-component difference density and DIIS algorithm 
              Efficient two-component self-consistent field   
              procedures and gradients: implementation in     
              TURBOMOLE and application to Au20-              
              A. Baldes, F. Weigend                           
              Mol. Phys. 111: 2617 (2013)                     
          Relativistic all-electron 2c calculations           
              An efficient implementation of two-component    
              relativistic exact-decoupling methods for large 
              molecules                                       
              D. Peng, N. Middendorf, F. Weigend, M. Reiher   
              J. Chem. Phys. 138: 184105 (2013)               
          Finite nucleus model and SNSO approximation         
              Efficient implementation of one- and two-       
              component analytical energy gradients in exact  
              two-component theory                            
              Y. J. Franzke, N. Middendorf, F. Weigend        
              J. Chem. Phys. 148: 104110 (2018)               
          Grids for all-electron relativistic methods         
              Error-consistent segmented contracted all-      
              electron relativistic basis sets of double-     
              and triple-zeta quality for NMR shielding       
              constants                                       
              Y. J. Franzke, R. Tress, T. M. Pazdera,         
              F. Weigend                                      
              Phys. Chem. Chem. Phys. 21: 166658 (2019)       
          Seminumerical exchange algorithms                   
              Seminumerical calculation of the Hartree-Fock   
              exchange matirx: Application to two-component   
              procedures and efficient evaluation of local    
              hybrid functionsl                               
              P. Plessow, F. Weigend,                         
              J. Comput. Chem. 33: 810 (2012)                 
          Improved seminumerical algorithms                   
              C. Holzer, in preparation (2020)                
                                         




              +--------------------------------------------------+
              |      general information about current run       |
              +--------------------------------------------------+

 
 TPSS global hybrid functional
 exchange:    9/10 (LDA+TPSS) + 1/10 HF
 correlation: LDA (PW) + TPSS
 A Hybrid-DFT calculation using the RI-J approximation will be carried out.
 Allocatable memory for RI due to $ricore (MB):                 50000


              +--------------------------------------------------+
              | Atomic coordinate, charge and isotop information |
              +--------------------------------------------------+

                    atomic coordinates            atom    charge  isotop
          0.00000000    0.00000000    0.65011151    mo    42.000     0
         -0.47415400    6.41425904    0.17128130    y     39.000     0
          2.01103918    2.85702872    3.03760342    s     16.000     0
         -2.72551463    2.16335169   -1.75790994    s     16.000     0
          2.72551463   -2.16335169   -1.75790994    s     16.000     0
         -2.01103918   -2.85702872    3.03760342    s     16.000     0
          3.95402079    6.20696720   -2.27461077    c      6.000     0
          2.07303635    5.90782426   -4.17571171    c      6.000     0
          0.67567220    8.21630394   -4.34313779    c      6.000     0
          1.73727455    9.96757818   -2.57942991    c      6.000     0
          3.72385190    8.69965796   -1.25488045    c      6.000     0
         -2.23052573    7.70684441    4.69473394    c      6.000     0
         -4.11692286    6.11121212    3.61247797    c      6.000     0
         -5.18887669    7.41207874    1.50598720    c      6.000     0
         -4.00210893    9.83060836    1.31334793    c      6.000     0
         -2.16341042   10.01216393    3.28783285    c      6.000     0
         -1.39703146    8.73013294   -6.22330394    c      6.000     0
          1.21792378   12.75713540   -2.48204587    c      6.000     0
          1.80217884    3.68800417   -5.92468403    c      6.000     0
          5.46076138    9.84650363    0.68416022    c      6.000     0
          6.01935855    4.35655418   -1.66650275    c      6.000     0
         -0.69767887   12.31869810    4.07698355    c      6.000     0
         -4.91689415    3.57506965    4.60008578    c      6.000     0
         -7.36706227    6.53090117   -0.09272176    c      6.000     0
         -4.90211648   11.91538240   -0.39728984    c      6.000     0
          3.04224721    3.91430112   -7.59294048    h      1.000     0
         -0.14984541    3.49262651   -6.60993174    h      1.000     0
         -3.31976406    2.56946046    5.47183516    h      1.000     0
         -6.42015318    3.76219309    6.03912742    h      1.000     0
          2.30168885    1.90099486   -4.98833929    h      1.000     0
         -5.63166887    2.35898395    3.07346503    h      1.000     0
          6.67100668    4.55919107    0.29664999    h      1.000     0
          7.66646166    4.66116788   -2.91786982    h      1.000     0
          5.38740818    2.39060355   -1.90192553    h      1.000     0
         -7.17594947    7.15281786   -2.07066589    h      1.000     0
         -9.18052820    7.29170593    0.61508291    h      1.000     0
         -7.50251352    4.45748943   -0.10160684    h      1.000     0
         -0.75613638    7.19853223    7.06975992    c      6.000     0
         -1.71379247    8.01601299    8.73828162    h      1.000     0
          1.14998197    8.03086988    6.98927579    h      1.000     0
         -0.53185332    5.15893306    7.39769510    h      1.000     0
         -0.63990604    8.96800202   -8.15509015    h      1.000     0
         -2.44359272   10.46377735   -5.75587630    h      1.000     0
          4.65234050   11.57441552    1.50927813    h      1.000     0
         -3.68065040   13.58839904   -0.27978120    h      1.000     0
         -1.35580015   13.00479622    5.95562144    h      1.000     0
          2.63781051   13.79455060   -3.61020675    h      1.000     0
         -2.77035110    7.16471784   -6.30220199    h      1.000     0
          0.47415400   -6.41425904    0.17128130    y     39.000     0
          2.23052573   -7.70684441    4.69473394    c      6.000     0
         -0.67567220   -8.21630394   -4.34313779    c      6.000     0
          5.18887669   -7.41207874    1.50598720    c      6.000     0
         -3.95402079   -6.20696720   -2.27461077    c      6.000     0
          4.11692286   -6.11121212    3.61247797    c      6.000     0
         -2.07303635   -5.90782426   -4.17571171    c      6.000     0
          4.00210893   -9.83060836    1.31334793    c      6.000     0
         -3.72385190   -8.69965796   -1.25488045    c      6.000     0
          2.16341042  -10.01216393    3.28783285    c      6.000     0
         -1.73727455   -9.96757818   -2.57942991    c      6.000     0
          7.36706227   -6.53090117   -0.09272176    c      6.000     0
         -6.01935855   -4.35655418   -1.66650275    c      6.000     0
          0.75613638   -7.19853223    7.06975992    c      6.000     0
          1.39703146   -8.73013294   -6.22330394    c      6.000     0
          4.90211648  -11.91538240   -0.39728984    c      6.000     0
         -5.46076138   -9.84650363    0.68416022    c      6.000     0
          0.69767887  -12.31869810    4.07698355    c      6.000     0
         -1.21792378  -12.75713540   -2.48204587    c      6.000     0
          4.91689415   -3.57506965    4.60008578    c      6.000     0
         -1.80217884   -3.68800417   -5.92468403    c      6.000     0
          6.42015318   -3.76219309    6.03912742    h      1.000     0
         -3.04224721   -3.91430112   -7.59294048    h      1.000     0
          5.63166887   -2.35898395    3.07346503    h      1.000     0
         -2.30168885   -1.90099486   -4.98833929    h      1.000     0
          3.31976406   -2.56946046    5.47183516    h      1.000     0
          0.14984541   -3.49262651   -6.60993174    h      1.000     0
         -1.14998197   -8.03086988    6.98927579    h      1.000     0
          2.44359272  -10.46377735   -5.75587630    h      1.000     0
          7.17594947   -7.15281786   -2.07066589    h      1.000     0
         -6.67100668   -4.55919107    0.29664999    h      1.000     0
          1.71379247   -8.01601299    8.73828162    h      1.000     0
          0.63990604   -8.96800202   -8.15509015    h      1.000     0
          9.18052820   -7.29170593    0.61508291    h      1.000     0
         -7.66646166   -4.66116788   -2.91786982    h      1.000     0
          0.53185332   -5.15893306    7.39769510    h      1.000     0
          2.77035110   -7.16471784   -6.30220199    h      1.000     0
          7.50251352   -4.45748943   -0.10160684    h      1.000     0
         -5.38740818   -2.39060355   -1.90192553    h      1.000     0
          4.98639139  -11.33430756   -2.39502317    h      1.000     0
         -0.64497495   13.22577302   -3.26604907    h      1.000     0
          1.34321463   11.94978601    4.26800802    h      1.000     0
          0.93129708  -13.88161227    2.72939275    h      1.000     0
         -1.30689618  -13.51293248   -0.55097806    h      1.000     0
          3.68065040  -13.58839904   -0.27978120    h      1.000     0
          1.30689618   13.51293248   -0.55097806    h      1.000     0
         -4.65234050  -11.57441552    1.50927813    h      1.000     0
         -0.93129708   13.88161227    2.72939275    h      1.000     0
         -5.85488905   -8.52309853    2.24410125    h      1.000     0
          0.64497495  -13.22577302   -3.26604907    h      1.000     0
         -4.98639139   11.33430756   -2.39502317    h      1.000     0
         -1.34321463  -11.94978601    4.26800802    h      1.000     0
          5.85488905    8.52309853    2.24410125    h      1.000     0
         -7.30419703  -10.36741870   -0.14931090    h      1.000     0
          6.83120500  -12.51352829    0.13290149    h      1.000     0
         -2.63781051  -13.79455060   -3.61020675    h      1.000     0
         -6.83120500   12.51352829    0.13290149    h      1.000     0
          1.35580015  -13.00479622    5.93562144    h      1.000     0
          7.30419703   10.36741870   -0.14931090    h      1.000     0
 
       center of nuclear mass  :   -0.00000000   -0.00000000    0.16842253
       center of nuclear charge:   -0.00000000   -0.00000000    0.14957285

              +--------------------------------------------------+
              |               basis set information              |
              +--------------------------------------------------+

              we will work with the 1s 3p 5d 7f 9g ... basis set
              ...i.e. with spherical basis functions...

   type   atoms  prim   cont   basis
   ---------------------------------------------------------------------------
    mo       1     57     31   def2-SVP   [5s3p2d1f|7s6p5d1f]
    y        2     57     31   def2-SVP   [5s3p2d1f|7s6p5d1f]
    s        4     36     18   def2-SVP   [4s3p1d|10s7p1d]
    c       40     24     14   def2-SVP   [3s2p1d|7s4p1d]
    h       60      7      5   def2-SVP   [2s1p|4s1p]
   ---------------------------------------------------------------------------
   total:  107   1695   1025
   ---------------------------------------------------------------------------

   total number of primitive shells          :   73
   total number of contracted shells         :  485
   total number of cartesian basis functions : 1084
   total number of SCF-basis functions       : 1025

 number of unique ecp types :                     2

 integral neglect threshold       :  0.31E-11
 integral storage threshold THIZE :  0.10E-04
 integral storage threshold THIME :         5

 RI-J AUXILIARY BASIS SET information:

              we will work with the 1s 3p 5d 7f 9g ... basis set
              ...i.e. with spherical basis functions...

   type   atoms  prim   cont   basis
   ---------------------------------------------------------------------------
    mo       1     99     89   def2-SVP   [8s5p5d2f3g|11s5p5d3f3g]
    y        2     99     89   def2-SVP   [8s5p5d2f3g|11s5p5d3f3g]
    s        4     77     51   def2-SVP   [8s4p3d1f1g|14s5p5d2f1g]
    c       40     70     49   def2-SVP   [6s4p3d1f1g|12s5p4d2f1g]
    h       60     16     11   def2-SVP   [3s1p1d|5s2p1d]
   ---------------------------------------------------------------------------
   total:  107   4365   3091
   ---------------------------------------------------------------------------

   total number of primitive shells          :  113
   total number of contracted shells         : 1037
   total number of cartesian basis functions : 3766
   total number of SCF-basis functions       : 3091


 symmetry group of the molecule :   c1 

 the group has the following generators :
   c1(z)

    1 symmetry operations found

 there are 1 real representations :   a   

 maximum number of shells which are related by symmetry :  1

 atom                      7  is c  but not s 
COSMO: WARNING: problem reading $cosmo_atoms
 ==============================================================================
                      COSMO switched on
 ==============================================================================
 COSMO stati: segments per atom: H   32 other atoms   92
 COSMO statistics: nps   2603 npspher:    943
 COSMO surface:
   number of segments: 2603
   area (bohr**2):     2082.273545
   volume (bohr**3):   6559.724724
 COSMO: check number of disjunct cavities:

       ... OK contiguous cavity found
  
           ------------------
           density functional
           ------------------
 TPSS global hybrid functional
 exchange:    9/10 (LDA+TPSS) + 1/10 HF
 correlation: LDA (PW) + TPSS

 spherical integration : Lebedev's spherical grid
 spherical gridsize    :                     4
    i.e. gridpoints    :                   434
 value for diffuse not defined
 radial integration    : Chebyshev 2nd kind (scaling 3)
 radial gridsize       :                     6
 integration cells     :                   107
 partition function    : becke
 partition sharpness   :                     3
  
 
 Derivatives of quadrature weights will be included
 

 biggest AO integral is expected to be     9.765798878

          ------------------------
          nuclear repulsion energy  :   8335.79731362    
          ------------------------

  _________________________________
 |                                 |
 |         DFTD3 V3.1 Rev 0        |
 | S.Grimme, University Bonn       |
 |            June  2014           |
 |   see standalone version        |
 |       dftd3 -h for options      |
 |_________________________________|
 
 Please cite DFT-D3 work done with this code as:
 S. Grimme, J. Antony, S. Ehrlich and H. Krieg,
 J. Chem. Phys, 132 (2010), 154104.
 If used with BJ-damping cite also
 S. Grimme, S. Ehrlich and L. Goerigk,
 J. Comput. Chem. 32 (2011), 1456-1465
 For DFT-D2 the reference is
 S. Grimme, J. Comput. Chem., 27 (2006), 1787-1799
 
C6 coefficients used:
                     2  C6 for element                      1
Z=  1 CN= 0.912     C6(AA)=    3.03
Z=  1 CN= 0.000     C6(AA)=    7.59
                     5  C6 for element                      6
Z=  6 CN= 0.000     C6(AA)=   49.11
Z=  6 CN= 0.987     C6(AA)=   43.25
Z=  6 CN= 1.998     C6(AA)=   29.36
Z=  6 CN= 2.999     C6(AA)=   25.78
Z=  6 CN= 3.984     C6(AA)=   18.21
                     3  C6 for element                     16
Z= 16 CN= 0.000     C6(AA)=  134.01
Z= 16 CN= 0.995     C6(AA)=  131.00
Z= 16 CN= 1.990     C6(AA)=  125.81
                     3  C6 for element                     39
Z= 39 CN= 0.000     C6(AA)= 2365.89
Z= 39 CN= 1.915     C6(AA)= 1132.30
Z= 39 CN= 2.890     C6(AA)=  451.08
                     3  C6 for element                     42
Z= 42 CN= 0.000     C6(AA)=  845.90
Z= 42 CN= 1.942     C6(AA)=  502.01
Z= 42 CN=11.056     C6(AA)=  337.11

#           XYZ [au]              R0(AA) [Ang.]  CN          C6(AA)     C8(AA)   C10(AA) [au]
  1   0.00000   0.00000   0.65011   mo  1.286  5.495       502.0     57804.9   8153712.7
  2  -0.47415   6.41426   0.17128   y   1.655 11.704       451.1     86005.2  20087594.1
  3   2.01104   2.85703   3.03760   s   0.839  2.062       125.9      6166.3    370065.9
  4  -2.72551   2.16335  -1.75791   s   0.839  2.078       125.9      6166.0    370047.0
  5   2.72551  -2.16335  -1.75791   s   0.839  2.078       125.9      6166.0    370047.0
  6  -2.01104  -2.85703   3.03760   s   0.839  2.062       125.9      6166.3    370065.9
  7   3.95402   6.20697  -2.27461   c   0.644  4.113        18.3       528.0     18706.2
  8   2.07304   5.90782  -4.17571   c   0.644  4.115        18.3       528.0     18705.7
  9   0.67567   8.21630  -4.34314   c   0.644  4.138        18.2       527.7     18697.6
 10   1.73727   9.96758  -2.57943   c   0.644  4.124        18.3       527.9     18702.2
 11   3.72385   8.69966  -1.25488   c   0.644  4.141        18.2       527.7     18696.4
 12  -2.23053   7.70684   4.69473   c   0.644  4.134        18.2       527.8     18698.8
 13  -4.11692   6.11121   3.61248   c   0.644  4.129        18.3       527.8     18700.6
 14  -5.18888   7.41208   1.50599   c   0.644  4.142        18.2       527.7     18696.1
 15  -4.00211   9.83061   1.31335   c   0.644  4.113        18.3       528.0     18706.4
 16  -2.16341  10.01216   3.28783   c   0.644  4.108        18.3       528.0     18708.3
 17  -1.39703   8.73013  -6.22330   c   0.644  4.072        18.3       528.5     18725.4
 18   1.21792  12.75714  -2.48205   c   0.644  4.060        18.3       528.7     18732.1
 19   1.80218   3.68800  -5.92468   c   0.644  4.073        18.3       528.5     18724.8
 20   5.46076   9.84650   0.68416   c   0.644  4.071        18.3       528.5     18725.9
 21   6.01936   4.35655  -1.66650   c   0.644  4.072        18.3       528.5     18725.4
 22  -0.69768  12.31870   4.07698   c   0.644  4.056        18.3       528.8     18734.6
 23  -4.91689   3.57507   4.60009   c   0.644  4.085        18.3       528.3     18718.7
 24  -7.36706   6.53090  -0.09272   c   0.644  4.075        18.3       528.5     18723.9
 25  -4.90212  11.91538  -0.39729   c   0.644  4.059        18.3       528.7     18733.0
 26   3.04225   3.91430  -7.59294   h   0.417  0.997         3.1        37.4       553.5
 27  -0.14985   3.49263  -6.60993   h   0.417  1.001         3.1        37.4       553.1
 28  -3.31976   2.56946   5.47184   h   0.417  1.004         3.1        37.3       552.9
 29  -6.42015   3.76219   6.03913   h   0.417  0.997         3.1        37.4       553.5
 30   2.30169   1.90099  -4.98834   h   0.417  1.006         3.1        37.3       552.7
 31  -5.63167   2.35898   3.07347   h   0.417  1.004         3.1        37.3       552.9
 32   6.67101   4.55919   0.29665   h   0.417  1.001         3.1        37.4       553.1
 33   7.66646   4.66117  -2.91787   h   0.417  0.997         3.1        37.4       553.5
 34   5.38741   2.39060  -1.90193   h   0.417  1.005         3.1        37.3       552.8
 35  -7.17595   7.15282  -2.07067   h   0.417  1.000         3.1        37.4       553.2
 36  -9.18053   7.29171   0.61508   h   0.417  0.996         3.1        37.4       553.5
 37  -7.50251   4.45749  -0.10161   h   0.417  1.002         3.1        37.4       553.1
 38  -0.75614   7.19853   7.06976   c   0.644  4.072        18.3       528.5     18725.6
 39  -1.71379   8.01601   8.73828   h   0.417  0.996         3.1        37.4       553.5
 40   1.14998   8.03087   6.98928   h   0.417  1.000         3.1        37.4       553.2
 41  -0.53185   5.15893   7.39770   h   0.417  1.002         3.1        37.4       553.1
 42  -0.63991   8.96800  -8.15509   h   0.417  0.996         3.1        37.4       553.5
 43  -2.44359  10.46378  -5.75588   h   0.417  0.999         3.1        37.4       553.3
 44   4.65234  11.57442   1.50928   h   0.417  1.000         3.1        37.4       553.3
 45  -3.68065  13.58840  -0.27978   h   0.417  0.999         3.1        37.4       553.3
 46  -1.35580  13.00480   5.95562   h   0.417  0.995         3.1        37.4       553.7
 47   2.63781  13.79455  -3.61021   h   0.417  0.997         3.1        37.4       553.5
 48  -2.77035   7.16472  -6.30220   h   0.417  1.001         3.1        37.4       553.2
 49   0.47415  -6.41426   0.17128   y   1.655 11.704       451.1     86005.2  20087594.1
 50   2.23053  -7.70684   4.69473   c   0.644  4.134        18.2       527.8     18698.8
 51  -0.67567  -8.21630  -4.34314   c   0.644  4.138        18.2       527.7     18697.6
 52   5.18888  -7.41208   1.50599   c   0.644  4.142        18.2       527.7     18696.1
 53  -3.95402  -6.20697  -2.27461   c   0.644  4.113        18.3       528.0     18706.2
 54   4.11692  -6.11121   3.61248   c   0.644  4.129        18.3       527.8     18700.6
 55  -2.07304  -5.90782  -4.17571   c   0.644  4.115        18.3       528.0     18705.7
 56   4.00211  -9.83061   1.31335   c   0.644  4.113        18.3       528.0     18706.4
 57  -3.72385  -8.69966  -1.25488   c   0.644  4.141        18.2       527.7     18696.4
 58   2.16341 -10.01216   3.28783   c   0.644  4.108        18.3       528.0     18708.2
 59  -1.73727  -9.96758  -2.57943   c   0.644  4.124        18.3       527.9     18702.2
 60   7.36706  -6.53090  -0.09272   c   0.644  4.075        18.3       528.5     18723.9
 61  -6.01936  -4.35655  -1.66650   c   0.644  4.072        18.3       528.5     18725.4
 62   0.75614  -7.19853   7.06976   c   0.644  4.072        18.3       528.5     18725.6
 63   1.39703  -8.73013  -6.22330   c   0.644  4.072        18.3       528.5     18725.4
 64   4.90212 -11.91538  -0.39729   c   0.644  4.059        18.3       528.7     18733.0
 65  -5.46076  -9.84650   0.68416   c   0.644  4.071        18.3       528.5     18725.9
 66   0.69768 -12.31870   4.07698   c   0.644  4.058        18.3       528.8     18733.6
 67  -1.21792 -12.75714  -2.48205   c   0.644  4.060        18.3       528.7     18732.1
 68   4.91689  -3.57507   4.60009   c   0.644  4.085        18.3       528.3     18718.7
 69  -1.80218  -3.68800  -5.92468   c   0.644  4.073        18.3       528.5     18724.8
 70   6.42015  -3.76219   6.03913   h   0.417  0.997         3.1        37.4       553.5
 71  -3.04225  -3.91430  -7.59294   h   0.417  0.997         3.1        37.4       553.5
 72   5.63167  -2.35898   3.07347   h   0.417  1.004         3.1        37.3       552.9
 73  -2.30169  -1.90099  -4.98834   h   0.417  1.006         3.1        37.3       552.7
 74   3.31976  -2.56946   5.47184   h   0.417  1.004         3.1        37.3       552.9
 75   0.14985  -3.49263  -6.60993   h   0.417  1.001         3.1        37.4       553.1
 76  -1.14998  -8.03087   6.98928   h   0.417  1.000         3.1        37.4       553.2
 77   2.44359 -10.46378  -5.75588   h   0.417  0.999         3.1        37.4       553.3
 78   7.17595  -7.15282  -2.07067   h   0.417  1.000         3.1        37.4       553.2
 79  -6.67101  -4.55919   0.29665   h   0.417  1.001         3.1        37.4       553.1
 80   1.71379  -8.01601   8.73828   h   0.417  0.996         3.1        37.4       553.5
 81   0.63991  -8.96800  -8.15509   h   0.417  0.996         3.1        37.4       553.5
 82   9.18053  -7.29171   0.61508   h   0.417  0.996         3.1        37.4       553.5
 83  -7.66646  -4.66117  -2.91787   h   0.417  0.997         3.1        37.4       553.5
 84   0.53185  -5.15893   7.39770   h   0.417  1.002         3.1        37.4       553.1
 85   2.77035  -7.16472  -6.30220   h   0.417  1.001         3.1        37.4       553.2
 86   7.50251  -4.45749  -0.10161   h   0.417  1.002         3.1        37.4       553.1
 87  -5.38741  -2.39060  -1.90193   h   0.417  1.005         3.1        37.3       552.8
 88   4.98639 -11.33431  -2.39502   h   0.417  1.000         3.1        37.4       553.3
 89  -0.64497  13.22577  -3.26605   h   0.417  1.000         3.1        37.4       553.3
 90   1.34321  11.94979   4.26801   h   0.417  1.000         3.1        37.4       553.3
 91   0.93130 -13.88161   2.72939   h   0.417  0.999         3.1        37.4       553.3
 92  -1.30690 -13.51293  -0.55098   h   0.417  1.000         3.1        37.4       553.2
 93   3.68065 -13.58840  -0.27978   h   0.417  0.999         3.1        37.4       553.3
 94   1.30690  13.51293  -0.55098   h   0.417  1.000         3.1        37.4       553.2
 95  -4.65234 -11.57442   1.50928   h   0.417  1.000         3.1        37.4       553.3
 96  -0.93130  13.88161   2.72939   h   0.417  0.999         3.1        37.4       553.3
 97  -5.85489  -8.52310   2.24410   h   0.417  1.000         3.1        37.4       553.2
 98   0.64497 -13.22577  -3.26605   h   0.417  1.000         3.1        37.4       553.3
 99  -4.98639  11.33431  -2.39502   h   0.417  1.000         3.1        37.4       553.3
100  -1.34321 -11.94979   4.26801   h   0.417  1.000         3.1        37.4       553.3
101   5.85489   8.52310   2.24410   h   0.417  1.000         3.1        37.4       553.2
102  -7.30420 -10.36742  -0.14931   h   0.417  0.996         3.1        37.4       553.5
103   6.83120 -12.51353   0.13290   h   0.417  0.997         3.1        37.4       553.5
104  -2.63781 -13.79455  -3.61021   h   0.417  0.997         3.1        37.4       553.5
105  -6.83120  12.51353   0.13290   h   0.417  0.997         3.1        37.4       553.5
106   1.35580 -13.00480   5.93562   h   0.417  0.997         3.1        37.4       553.5
107   7.30420  10.36742  -0.14931   h   0.417  0.996         3.1        37.4       553.5

molecular C6(AA) [au] =    146753.10

           DFT-D V3(BJ)
 DF tpssh                                             
 parameters
 s6       :    1.0000
 s8       :    2.2382
 a1       :    0.4529
 a2       :    4.6550
 k1-k3    :   16.0000    1.3333   -4.0000
 
 Edisp /kcal,au:  -156.6278 -0.24960228

 E6    /kcal :   -68.4374
 E8    /kcal :   -88.1904
 % E8        : 56.31
 nuclear repulsion energy                  =    8335.797313623
 empirical dispersive energy correction    =      -0.249602278
 nuclear repulsion + dispersion correction =    8335.547711345


         -----------------
         -S,T+V- integrals
         -----------------

 1e-integrals will be neglected if expon. factor < 0.308299E-12


          ----------------
          -ecp-  integrals
          ----------------
 
   Difference densities algorithm switched on.
   The maximal number of linear combinations of
   difference densities is                    20 .

 DIIS switched on: error vector is FDS-SDF
 Max. Iterations for DIIS is     :   4
 DIIS matrix (see manual) 
    Scaling factor of diagonals  :  1.200
    threshold for scaling factor :  0.000

 scf convergence criterion : increment of total energy < .1000000D-06
                  and increment of one-electron energy < .1000000D-03

 MOs are in ASCII format !


    mo occupation :
   irrep   mo's   occupied
    a     1025      201
 
 number of basis functions   :  1025
 number of occupied orbitals :   201
 

 reading orbital data $uhfmo_alpha  from file alpha
 orbital characterization : scfconv=7

 reading orbital data $uhfmo_beta  from file beta
 orbital characterization : scfconv=7
 mo-orthogonalization by Cholesky decomposition
 mo-orthogonalization by Cholesky decomposition

 UHF mode switched on !

 closed shell shift switched on 
 all occupied orbitals are shifted by    0.05000

  
           ------------------------
               RI-J - INFORMATION
           ------------------------
 Contributions to RI integral batches: 
  neglected integral batches:                 58355
  direct contribution:                            0
  memory contribution:                 59500
 Memory core needed for (P|Q) and Cholesky     73 MByte
 Memory core minimum needed except of (P|Q)     4 MByte
 Total minimum memory core needed (sum)        77 MByte
  
 ****************************************
 Memory allocated for RI-J  8354 MByte
 ****************************************
                                            

 dump of DSCF restart information has been disabled !


 Starting SCF iterations

          Overall gridpoints after grid construction =        975291
 Ordering of quadrature gridpoints disabled.
 Caution, gridordering can improve performance!

 ITERATION  ENERGY          1e-ENERGY        2e-ENERGY     NORM[dD(SAO)]  TOL
   1  -3297.5959421331    -21215.796349     9582.6526960    0.000D+00 0.308D-11
                            Exc = -326.471862625     Coul =  9943.66766293    
                            exK = -34.5431043489    
                         Ntotal = 401.00067826      Nspin = 1.0000042496    
                             Na = 201.00034126         Nb = 200.00033701    
                          Ediel =-0.507884261517E-01
                            current damping = 1.000
 
          max. resid. norm for Fia-block=  6.394D-04 for orbital      5a    alpha
          max. resid. fock norm         =  5.249D-03 for orbital    993a    alpha

 ITERATION  ENERGY          1e-ENERGY        2e-ENERGY     NORM[dD(SAO)]  TOL
   2  -3297.5959522231    -21215.792501     9582.6488374    0.719D-02 0.195D-11
                            Exc = -326.471279527      Eck =  9909.12011693    
                         Ntotal = 401.00067823      Nspin = 1.0000042496    
                             Na = 201.00034124         Nb = 200.00033699    
                          Ediel =-0.507871670498E-01
                            current damping = 0.950
 
          Norm of current diis error: 0.25088E-02
          max. resid. norm for Fia-block=  4.388D-04 for orbital      6a    beta 
          max. resid. fock norm         =  2.739D-03 for orbital    992a    alpha

 ITERATION  ENERGY          1e-ENERGY        2e-ENERGY     NORM[dD(SAO)]  TOL
   3  -3297.5959548064    -21215.789498     9582.6458318    0.129D-02 0.146D-11
                            Exc = -326.471193366      Eck =  9909.11702515    
                         Ntotal = 401.00067824      Nspin = 1.0000042494    
                             Na = 201.00034125         Nb = 200.00033700    
                          Ediel =-0.507850270106E-01
                            current damping = 0.800
 
          Norm of current diis error: 0.13411E-02
          max. resid. norm for Fia-block=  1.981D-04 for orbital    144a    beta 
          max. resid. fock norm         =  1.312D-03 for orbital    991a    beta 

 ITERATION  ENERGY          1e-ENERGY        2e-ENERGY     NORM[dD(SAO)]  TOL
   4  -3297.5959556306    -21215.789393     9582.6457261    0.604D-03 0.127D-11
                            Exc = -326.471088836      Eck =  9909.11681497    
                         Ntotal = 401.00067823      Nspin = 1.0000042493    
                             Na = 201.00034124         Nb = 200.00033699    
                          Ediel =-0.507837505249E-01
                            current damping = 0.650
 
          Norm of current diis error: 0.64274E-03
          max. resid. norm for Fia-block=  9.650D-05 for orbital     88a    alpha
          max. resid. fock norm         =  6.378D-04 for orbital    991a    beta 

 ITERATION  ENERGY          1e-ENERGY        2e-ENERGY     NORM[dD(SAO)]  TOL
   5  -3297.5959558369    -21215.787428     9582.6437610    0.376D-03 0.117D-11
                            Exc = -326.471044759      Eck =  9909.11480578    
                         Ntotal = 401.00067824      Nspin = 1.0000042493    
                             Na = 201.00034124         Nb = 200.00033699    
                          Ediel =-0.507825898272E-01
                            current damping = 0.500
 
          Norm of current diis error: 0.30490E-03
          max. resid. norm for Fia-block=  4.222D-05 for orbital    144a    beta 
          max. resid. fock norm         =  2.499D-04 for orbital    991a    beta 
          mo-orthogonalization: Cholesky decomposition

 ITERATION  ENERGY          1e-ENERGY        2e-ENERGY     NORM[dD(SAO)]  TOL
   6  -3297.5959558812    -21215.788116     9582.6444489    0.233D-03 0.112D-11
                            Exc = -326.471029210      Eck =  9909.11547806    
                         Ntotal = 401.00067824      Nspin = 1.0000042492    
                             Na = 201.00034124         Nb = 200.00033699    
                          Ediel =-0.507821436847E-01
                            current damping = 0.550
 
          Norm of current diis error: 0.15734E-03
          max. resid. norm for Fia-block=  1.554D-05 for orbital    144a    beta 
          max. resid. fock norm         =  8.698D-05 for orbital    991a    beta 

 ITERATION  ENERGY          1e-ENERGY        2e-ENERGY     NORM[dD(SAO)]  TOL
   7  -3297.5959558935    -21215.787353     9582.6436857    0.948D-04 0.109D-11
                            Exc = -326.471015824      Eck =  9909.11470148    
                         Ntotal = 401.00067823      Nspin = 1.0000042493    
                             Na = 201.00034124         Nb = 200.00033699    
                          Ediel =-0.507818516651E-01
                            current damping = 0.600
 
          Norm of current diis error: 0.62918E-04
          max. resid. norm for Fia-block=  6.380D-06 for orbital    144a    beta 
          max. resid. fock norm         =  3.131D-05 for orbital    991a    beta 

 ENERGY CONVERGED !


 ITERATION  ENERGY          1e-ENERGY        2e-ENERGY     NORM[dD(SAO)]  TOL
   8  -3297.5959558940    -21215.787711     9582.6440434    0.631D-04 0.107D-11
                            Exc = -326.471022792      Eck =  9909.11506620    
                         Ntotal = 401.00067824      Nspin = 1.0000042491    
                             Na = 201.00034124         Nb = 200.00033699    
                          Ediel =-0.507818812097E-01
                            current damping = 0.650
 
          Norm of current diis error: 0.52878E-04
          max. resid. norm for Fia-block=  3.748D-06 for orbital    184a    alpha
          max. resid. fock norm         =  1.176D-05 for orbital    991a    beta 

 End of SCF iterations

   convergence criteria satisfied after     8 iterations


                  ------------------------------------------ 
                 |  total energy      =  -3297.59595589403  |
                  ------------------------------------------ 
                 :  kinetic energy    =   3176.68067408588  :
                 :  potential energy  =  -6474.27662997991  :
                 :  virial theorem    =      1.96333229315  :
                 :  wavefunction norm =      1.00000000000  :
                  .......................................... 


 <geterg> : there is no data group $energy 


 orbitals $uhfmo_alpha  will be written to file alpha

 orbitals $uhfmo_beta  will be written to file beta
 
 alpha: 

    irrep                197a        198a        199a        200a        201a   
 eigenvalues H         -0.16342    -0.16306    -0.16139    -0.16057    -0.11581
            eV          -4.4468     -4.4370     -4.3917     -4.3694     -3.1513
 occupation              1.0000      1.0000      1.0000      1.0000      1.0000

    irrep                202a        203a        204a        205a        206a   
 eigenvalues H         -0.06763    -0.06242    -0.02515    -0.02395     0.00779
            eV          -1.8404     -1.6986     -0.6843     -0.6516      0.2121
 
 beta:  

    irrep                196a        197a        198a        199a        200a   
 eigenvalues H         -0.16474    -0.16339    -0.16305    -0.16115    -0.16040
            eV          -4.4828     -4.4460     -4.4368     -4.3850     -4.3648
 occupation              1.0000      1.0000      1.0000      1.0000      1.0000

    irrep                201a        202a        203a        204a        205a   
 eigenvalues H         -0.05594    -0.05467    -0.05204    -0.02083    -0.01967
            eV          -1.5223     -1.4876     -1.4162     -0.5668     -0.5353
 
 ==============================================================================
                                  COSMO RESULTS
 ==============================================================================
  PARAMETER:
    nppa:      1082
    nspa:        92
    nsph:        32
    nps:       2603
    npspher:    943
    disex:   10.0000    
    disex2:  3853.33    
    rsolv [A]: 1.3000
    routf:     0.8500
    phsran:    0.0    
    ampran:   0.10E-04
    cavity:  closed
    epsilon:     7.250
    refind:     1.300
    fepsi:      0.8064516
  CAVITY VOLUME/AREA [a.u.]:
    surface: V1.0, A matrix: V1.0
    area:  2082.27
    volume:  6559.72
  SCREENING CHARGE:
    cosmo      :   0.948915
    correction :   0.049971
    total      :   0.998886
  ENERGIES [a.u.]:
    Total energy            =   -3297.5959558940303
    Total energy + OC corr. =    -3297.5989449737
    Dielectric energy       =       -0.0507818812
    Diel. energy + OC corr. =       -0.0537709609
  ELEMENT RADIUS [A]: ATOM LIST
    mo 2.22: 1
    y  2.22: 2,49
    s  2.16: 3-6
    c  2.00: 7-25,38,50-69
    h  1.30: 26-37,39-48,70-107
 ==============================================================================

                                             _ _ _ 
  IRREP     alpha occ.     beta occ.      tr(D*D-D)


 a        201.00000000   200.00000000    -0.25444209

   -------------------------------------------------

   sum    201.00000000   200.00000000    -0.25444209

 <S*S>     0.75888418

 
 
 
 ==============================================================================
                           electrostatic moments
 ==============================================================================

 reference point for electrostatic moments:    0.00000   0.00000   0.00000

 
              nuc           elec       ->  total
 ------------------------------------------------------------------------------
                          charge      
 ------------------------------------------------------------------------------
         400.000000    -401.000000      -1.000000
 a-b                                     1.000000
 
 ------------------------------------------------------------------------------
                       dipole moment  
 ------------------------------------------------------------------------------
   x       0.000000       0.000707       0.000707
   y       0.000000      -0.004298      -0.004298
   z      44.598386     -45.237732      -0.639346
 
   | dipole moment | =     0.6394 a.u. =     1.6251 debye 
 
 ------------------------------------------------------------------------------
                     quadrupole moment
 ------------------------------------------------------------------------------
  xx    5068.070542   -5361.298923    -293.228381
  yy   23449.700191  -23742.309896    -292.609705
  zz    4922.778412   -5216.447335    -293.668922
  xy   -1532.413361    1533.187103       0.773741
  xz      -0.027116       0.035559       0.008443
  yz       0.260096      -0.318825      -0.058729
 
     1/3  trace=    -293.169003
     anisotropy=       1.629717
 
 ==============================================================================
 
HOMO-LUMO Separation
 HOMO         :   -0.11580898 H =     -3.15132 eV
 LUMO         :   -0.06763224 H =     -1.84037 eV
 HOMO-LUMO gap:    0.04817674 H =     +1.31096 eV
 
 ==============================================================================


    ------------------------------------------------------------------------
         total  cpu-time : 28 minutes and 28 seconds
         total wall-time : 28 minutes and 55 seconds
    ------------------------------------------------------------------------

   ****  ridft : all done  ****


    2020-08-15 15:13:57.119 


 rdgrad (hpc3-14-00) : TURBOMOLE rev. V7.5.0 compiled 13 Jun 2020 at 23:29:25
 Copyright (C) 2020 TURBOMOLE GmbH, Karlsruhe


    2020-08-15 15:13:57.258 


 UHF modus switched on !


                                 r d g r a d

                          gradient for ridft program 

                        by K.Eichkorn, O.Treutler, H.Oehm, 
                             M.Haeser and R.Ahlrichs
                  (Chemical Physics Letters 242 (1995) 652-660)
                    parallel version: M.v.Arnim  &  R.Ahlrichs
                            quantum chemistry group
                             university  karlsruhe
                                   germany




                          References             
                                                 
          Density Functional:                              
              O. Treutler and R. Ahlrichs                      
              Efficient Molecular Numerical Integration Schemes
              J. Chem. Phys. 102: 346 (1995)                   
          Parallel Version:                                
              Performance of parallel TURBOMOLE for Density    
              Functional Calculations                          
              M. v. Arnim and R. Ahlrichs                      
              J. Comp. Chem. 19: 1746 (1998)                   
          RI-J Method:                                     
              Auxiliary Basis Sets to approximate Coulomb      
              Potentials                                       
              Chem. Phys. Lett. 240: 283 (1995)                
              K. Eichkorn, O. Treutler, H. Oehm, M. Haeser     
              and R. Ahlrichs                                  
              Chem. Phys. Lett. 242: 652 (1995)                
                                                           
              Auxiliary Basis Sets for Main Row Atoms and their
              Use to approximate Coulomb Potentials            
              K. Eichkorn, F. Weigend, O. Treutler and         
              R. Ahlrichs                                      
              Theo. Chem. Acc. 97: 119 (1997)                  
          Relativistic Two-component ECP formalism             
              Efficient two-component self-consistent field    
              procedures and gradients: implementation in      
              TURBOMOLE and application to Au20-               
              A. Baldes and F. Weigend                         
              Mol. Phys. 111: 2617 (2013)                      
          Relativistic all-electron 2c calculations (X2C, DLU) 
              Efficient implementation of one- and two-component
              analytical energy gradients in exact two-component
              theory                                           
              Y. J. Franzke, N. Middendorf and F. Weigend      
              J. Chem. Phys. 148: 104110 (2018)                
          Exploitation of symmetry in scalar X2C response      
              NMR shielding tensors and chemical shifts in     
              scalar-relativistic local exact two-component    
              theory                                           
              Y. J. Franzke and F. Weigend                     
              J. Chem. Theory Comput. 15: 1028 (2019)          
                                                              


 number of unique ecp types :                     2

 integral neglect threshold       :  0.31E-11
 integral storage threshold THIZE :  0.10E-04
 integral storage threshold THIME :         5

 TPSS global hybrid functional
 exchange:    9/10 (LDA+TPSS) + 1/10 HF
 correlation: LDA (PW) + TPSS
 A Hybrid-DFT calculation using the RI-J approximation will be carried out.
  
  
 AUXILIARY BASIS SET information:

 symmetry group of the molecule :   c1 

 the group has the following generators :
   c1(z)

    1 symmetry operations found

 there are 1 real representations :   a   

 maximum number of shells which are related by symmetry :  1


    mo occupation :
   irrep   mo's   occupied
    a     1025      201
 
 number of basis functions   :  1025
 number of occupied orbitals :   201
 

 biggest AO integral is expected to be     9.765798878
  
           ------------------
           density functional
           ------------------
 TPSS global hybrid functional
 exchange:    9/10 (LDA+TPSS) + 1/10 HF
 correlation: LDA (PW) + TPSS

 spherical integration : Lebedev's spherical grid
 spherical gridsize    :                     4
    i.e. gridpoints    :                   434
 value for diffuse not defined
 radial integration    : Chebyshev 2nd kind (scaling 3)
 radial gridsize       :                     6
 integration cells     :                   107
 partition function    : becke
 partition sharpness   :                     3
  
 
 Derivatives of quadrature weights will be included
 
  
           ------------------------
             RDGRAD - INFORMATION
           ------------------------
  
 Threshold for integral neglect (rithr1): 1E-10
 Threshold for integral neglect (rithr2): 1E-10
 Contributions to RI integral batches: 
  neglected integral batches:                 58355
  direct contribution:                        59500
     
 ****************************************
 Memory allocated for RDGRAD: 95 MiB
 ****************************************
                                            
     

 nuclear repulsion energy  :   8335.79731362    

  MOs are in ASCII format !


 reading orbital data $uhfmo_alpha  from file alpha
 orbital characterization : scfconv=7

 reading orbital data $uhfmo_beta  from file beta
 orbital characterization : scfconv=7
  Deviation of MOs from orthonormality   2.818190125708497E-012
  Deviation of MOs from orthonormality   2.606359572610017E-012

    ----------------------------------------
     S+T+V CONTRIBUTIONS TO ENERGY GRADIENT 
    ----------------------------------------
 atom                      7  is c  but not s 
COSMO: WARNING: problem reading $cosmo_atoms
 ==============================================================================
                      COSMO switched on
 ==============================================================================

 1e-integral 1st. derivatives will be neglected if expon. factor < 0.617636E-14

COSMO: already initialized
  _________________________________
 |                                 |
 |         DFTD3 V3.1 Rev 0        |
 | S.Grimme, University Bonn       |
 |            June  2014           |
 |   see standalone version        |
 |       dftd3 -h for options      |
 |_________________________________|
 
 Please cite DFT-D3 work done with this code as:
 S. Grimme, J. Antony, S. Ehrlich and H. Krieg,
 J. Chem. Phys, 132 (2010), 154104.
 If used with BJ-damping cite also
 S. Grimme, S. Ehrlich and L. Goerigk,
 J. Comput. Chem. 32 (2011), 1456-1465
 For DFT-D2 the reference is
 S. Grimme, J. Comput. Chem., 27 (2006), 1787-1799
 
C6 coefficients used:
                     2  C6 for element                      1
Z=  1 CN= 0.912     C6(AA)=    3.03
Z=  1 CN= 0.000     C6(AA)=    7.59
                     5  C6 for element                      6
Z=  6 CN= 0.000     C6(AA)=   49.11
Z=  6 CN= 0.987     C6(AA)=   43.25
Z=  6 CN= 1.998     C6(AA)=   29.36
Z=  6 CN= 2.999     C6(AA)=   25.78
Z=  6 CN= 3.984     C6(AA)=   18.21
                     3  C6 for element                     16
Z= 16 CN= 0.000     C6(AA)=  134.01
Z= 16 CN= 0.995     C6(AA)=  131.00
Z= 16 CN= 1.990     C6(AA)=  125.81
                     3  C6 for element                     39
Z= 39 CN= 0.000     C6(AA)= 2365.89
Z= 39 CN= 1.915     C6(AA)= 1132.30
Z= 39 CN= 2.890     C6(AA)=  451.08
                     3  C6 for element                     42
Z= 42 CN= 0.000     C6(AA)=  845.90
Z= 42 CN= 1.942     C6(AA)=  502.01
Z= 42 CN=11.056     C6(AA)=  337.11

#           XYZ [au]              R0(AA) [Ang.]  CN          C6(AA)     C8(AA)   C10(AA) [au]
  1   0.00000   0.00000   0.65011   mo  1.286  5.495       502.0     57804.9   8153712.7
  2  -0.47415   6.41426   0.17128   y   1.655 11.704       451.1     86005.2  20087594.1
  3   2.01104   2.85703   3.03760   s   0.839  2.062       125.9      6166.3    370065.9
  4  -2.72551   2.16335  -1.75791   s   0.839  2.078       125.9      6166.0    370047.0
  5   2.72551  -2.16335  -1.75791   s   0.839  2.078       125.9      6166.0    370047.0
  6  -2.01104  -2.85703   3.03760   s   0.839  2.062       125.9      6166.3    370065.9
  7   3.95402   6.20697  -2.27461   c   0.644  4.113        18.3       528.0     18706.2
  8   2.07304   5.90782  -4.17571   c   0.644  4.115        18.3       528.0     18705.7
  9   0.67567   8.21630  -4.34314   c   0.644  4.138        18.2       527.7     18697.6
 10   1.73727   9.96758  -2.57943   c   0.644  4.124        18.3       527.9     18702.2
 11   3.72385   8.69966  -1.25488   c   0.644  4.141        18.2       527.7     18696.4
 12  -2.23053   7.70684   4.69473   c   0.644  4.134        18.2       527.8     18698.8
 13  -4.11692   6.11121   3.61248   c   0.644  4.129        18.3       527.8     18700.6
 14  -5.18888   7.41208   1.50599   c   0.644  4.142        18.2       527.7     18696.1
 15  -4.00211   9.83061   1.31335   c   0.644  4.113        18.3       528.0     18706.4
 16  -2.16341  10.01216   3.28783   c   0.644  4.108        18.3       528.0     18708.3
 17  -1.39703   8.73013  -6.22330   c   0.644  4.072        18.3       528.5     18725.4
 18   1.21792  12.75714  -2.48205   c   0.644  4.060        18.3       528.7     18732.1
 19   1.80218   3.68800  -5.92468   c   0.644  4.073        18.3       528.5     18724.8
 20   5.46076   9.84650   0.68416   c   0.644  4.071        18.3       528.5     18725.9
 21   6.01936   4.35655  -1.66650   c   0.644  4.072        18.3       528.5     18725.4
 22  -0.69768  12.31870   4.07698   c   0.644  4.056        18.3       528.8     18734.6
 23  -4.91689   3.57507   4.60009   c   0.644  4.085        18.3       528.3     18718.7
 24  -7.36706   6.53090  -0.09272   c   0.644  4.075        18.3       528.5     18723.9
 25  -4.90212  11.91538  -0.39729   c   0.644  4.059        18.3       528.7     18733.0
 26   3.04225   3.91430  -7.59294   h   0.417  0.997         3.1        37.4       553.5
 27  -0.14985   3.49263  -6.60993   h   0.417  1.001         3.1        37.4       553.1
 28  -3.31976   2.56946   5.47184   h   0.417  1.004         3.1        37.3       552.9
 29  -6.42015   3.76219   6.03913   h   0.417  0.997         3.1        37.4       553.5
 30   2.30169   1.90099  -4.98834   h   0.417  1.006         3.1        37.3       552.7
 31  -5.63167   2.35898   3.07347   h   0.417  1.004         3.1        37.3       552.9
 32   6.67101   4.55919   0.29665   h   0.417  1.001         3.1        37.4       553.1
 33   7.66646   4.66117  -2.91787   h   0.417  0.997         3.1        37.4       553.5
 34   5.38741   2.39060  -1.90193   h   0.417  1.005         3.1        37.3       552.8
 35  -7.17595   7.15282  -2.07067   h   0.417  1.000         3.1        37.4       553.2
 36  -9.18053   7.29171   0.61508   h   0.417  0.996         3.1        37.4       553.5
 37  -7.50251   4.45749  -0.10161   h   0.417  1.002         3.1        37.4       553.1
 38  -0.75614   7.19853   7.06976   c   0.644  4.072        18.3       528.5     18725.6
 39  -1.71379   8.01601   8.73828   h   0.417  0.996         3.1        37.4       553.5
 40   1.14998   8.03087   6.98928   h   0.417  1.000         3.1        37.4       553.2
 41  -0.53185   5.15893   7.39770   h   0.417  1.002         3.1        37.4       553.1
 42  -0.63991   8.96800  -8.15509   h   0.417  0.996         3.1        37.4       553.5
 43  -2.44359  10.46378  -5.75588   h   0.417  0.999         3.1        37.4       553.3
 44   4.65234  11.57442   1.50928   h   0.417  1.000         3.1        37.4       553.3
 45  -3.68065  13.58840  -0.27978   h   0.417  0.999         3.1        37.4       553.3
 46  -1.35580  13.00480   5.95562   h   0.417  0.995         3.1        37.4       553.7
 47   2.63781  13.79455  -3.61021   h   0.417  0.997         3.1        37.4       553.5
 48  -2.77035   7.16472  -6.30220   h   0.417  1.001         3.1        37.4       553.2
 49   0.47415  -6.41426   0.17128   y   1.655 11.704       451.1     86005.2  20087594.1
 50   2.23053  -7.70684   4.69473   c   0.644  4.134        18.2       527.8     18698.8
 51  -0.67567  -8.21630  -4.34314   c   0.644  4.138        18.2       527.7     18697.6
 52   5.18888  -7.41208   1.50599   c   0.644  4.142        18.2       527.7     18696.1
 53  -3.95402  -6.20697  -2.27461   c   0.644  4.113        18.3       528.0     18706.2
 54   4.11692  -6.11121   3.61248   c   0.644  4.129        18.3       527.8     18700.6
 55  -2.07304  -5.90782  -4.17571   c   0.644  4.115        18.3       528.0     18705.7
 56   4.00211  -9.83061   1.31335   c   0.644  4.113        18.3       528.0     18706.4
 57  -3.72385  -8.69966  -1.25488   c   0.644  4.141        18.2       527.7     18696.4
 58   2.16341 -10.01216   3.28783   c   0.644  4.108        18.3       528.0     18708.2
 59  -1.73727  -9.96758  -2.57943   c   0.644  4.124        18.3       527.9     18702.2
 60   7.36706  -6.53090  -0.09272   c   0.644  4.075        18.3       528.5     18723.9
 61  -6.01936  -4.35655  -1.66650   c   0.644  4.072        18.3       528.5     18725.4
 62   0.75614  -7.19853   7.06976   c   0.644  4.072        18.3       528.5     18725.6
 63   1.39703  -8.73013  -6.22330   c   0.644  4.072        18.3       528.5     18725.4
 64   4.90212 -11.91538  -0.39729   c   0.644  4.059        18.3       528.7     18733.0
 65  -5.46076  -9.84650   0.68416   c   0.644  4.071        18.3       528.5     18725.9
 66   0.69768 -12.31870   4.07698   c   0.644  4.058        18.3       528.8     18733.6
 67  -1.21792 -12.75714  -2.48205   c   0.644  4.060        18.3       528.7     18732.1
 68   4.91689  -3.57507   4.60009   c   0.644  4.085        18.3       528.3     18718.7
 69  -1.80218  -3.68800  -5.92468   c   0.644  4.073        18.3       528.5     18724.8
 70   6.42015  -3.76219   6.03913   h   0.417  0.997         3.1        37.4       553.5
 71  -3.04225  -3.91430  -7.59294   h   0.417  0.997         3.1        37.4       553.5
 72   5.63167  -2.35898   3.07347   h   0.417  1.004         3.1        37.3       552.9
 73  -2.30169  -1.90099  -4.98834   h   0.417  1.006         3.1        37.3       552.7
 74   3.31976  -2.56946   5.47184   h   0.417  1.004         3.1        37.3       552.9
 75   0.14985  -3.49263  -6.60993   h   0.417  1.001         3.1        37.4       553.1
 76  -1.14998  -8.03087   6.98928   h   0.417  1.000         3.1        37.4       553.2
 77   2.44359 -10.46378  -5.75588   h   0.417  0.999         3.1        37.4       553.3
 78   7.17595  -7.15282  -2.07067   h   0.417  1.000         3.1        37.4       553.2
 79  -6.67101  -4.55919   0.29665   h   0.417  1.001         3.1        37.4       553.1
 80   1.71379  -8.01601   8.73828   h   0.417  0.996         3.1        37.4       553.5
 81   0.63991  -8.96800  -8.15509   h   0.417  0.996         3.1        37.4       553.5
 82   9.18053  -7.29171   0.61508   h   0.417  0.996         3.1        37.4       553.5
 83  -7.66646  -4.66117  -2.91787   h   0.417  0.997         3.1        37.4       553.5
 84   0.53185  -5.15893   7.39770   h   0.417  1.002         3.1        37.4       553.1
 85   2.77035  -7.16472  -6.30220   h   0.417  1.001         3.1        37.4       553.2
 86   7.50251  -4.45749  -0.10161   h   0.417  1.002         3.1        37.4       553.1
 87  -5.38741  -2.39060  -1.90193   h   0.417  1.005         3.1        37.3       552.8
 88   4.98639 -11.33431  -2.39502   h   0.417  1.000         3.1        37.4       553.3
 89  -0.64497  13.22577  -3.26605   h   0.417  1.000         3.1        37.4       553.3
 90   1.34321  11.94979   4.26801   h   0.417  1.000         3.1        37.4       553.3
 91   0.93130 -13.88161   2.72939   h   0.417  0.999         3.1        37.4       553.3
 92  -1.30690 -13.51293  -0.55098   h   0.417  1.000         3.1        37.4       553.2
 93   3.68065 -13.58840  -0.27978   h   0.417  0.999         3.1        37.4       553.3
 94   1.30690  13.51293  -0.55098   h   0.417  1.000         3.1        37.4       553.2
 95  -4.65234 -11.57442   1.50928   h   0.417  1.000         3.1        37.4       553.3
 96  -0.93130  13.88161   2.72939   h   0.417  0.999         3.1        37.4       553.3
 97  -5.85489  -8.52310   2.24410   h   0.417  1.000         3.1        37.4       553.2
 98   0.64497 -13.22577  -3.26605   h   0.417  1.000         3.1        37.4       553.3
 99  -4.98639  11.33431  -2.39502   h   0.417  1.000         3.1        37.4       553.3
100  -1.34321 -11.94979   4.26801   h   0.417  1.000         3.1        37.4       553.3
101   5.85489   8.52310   2.24410   h   0.417  1.000         3.1        37.4       553.2
102  -7.30420 -10.36742  -0.14931   h   0.417  0.996         3.1        37.4       553.5
103   6.83120 -12.51353   0.13290   h   0.417  0.997         3.1        37.4       553.5
104  -2.63781 -13.79455  -3.61021   h   0.417  0.997         3.1        37.4       553.5
105  -6.83120  12.51353   0.13290   h   0.417  0.997         3.1        37.4       553.5
106   1.35580 -13.00480   5.93562   h   0.417  0.997         3.1        37.4       553.5
107   7.30420  10.36742  -0.14931   h   0.417  0.996         3.1        37.4       553.5

molecular C6(AA) [au] =    146753.10

           DFT-D V3(BJ)
 DF tpssh                                             
 parameters
 s6       :    1.0000
 s8       :    2.2382
 a1       :    0.4529
 a2       :    4.6550
 k1-k3    :   16.0000    1.3333   -4.0000
 
 Edisp /kcal,au:  -156.6278 -0.24960228

 E6    /kcal :   -68.4374
 E8    /kcal :   -88.1904
 % E8        : 56.31
 
 doing analytical gradient O(N^2) ...
 
 |G|=  9.422287280934213E-002

 setting up bound for integral derivative estimation

 increment for numerical differentiation : 0.00050000

 biggest AO integral is expected to be     9.765798878
 biggest cartesian 1st derivative AO integral is expected to be    25.279206634

 biggest 1-particle AO density matrix element is expected to be    2.6140707760

 setting up bound for integral derivative estimation

 increment for numerical differentiation : 0.00050000

 biggest AO integral is expected to be     9.765798878
 biggest cartesian 1st derivative AO integral is expected to be    25.279206634

 2e-integral 1st. derivatives will be neglected if expon. factor < 0.100000E-06
 outer boundary for 2e-integral derivative neglection is 0.243901E-08

          Overall gridpoints after grid construction =        975291
 Ordering of quadrature gridpoints disabled.

 Integrated ground state density     :   401.0006782360394    

 Integrated ground state spin density:   1.000004249199793    


          ------------------------------------------------
           cartesian gradient of the energy (hartree/bohr)
          ------------------------------------------------

  ATOM      1 mo          2 y           3 s           4 s           5 s 
dE/dx -0.8479001D-06 -0.1124368D-05  0.8743142D-06 -0.2368606D-04  0.2470358D-04
dE/dy  0.4545648D-05 -0.3847957D-04 -0.3848781D-05 -0.2391190D-04  0.1704764D-04
dE/dz  0.7266714D-05 -0.5183127D-04 -0.8406486D-05  0.4842788D-05  0.4838116D-05

  ATOM      6 s           7 c           8 c           9 c          10 c 
dE/dx -0.9473682D-06 -0.6788427D-05 -0.1069345D-04  0.2596303D-05 -0.9957702D-05
dE/dy -0.2245959D-05  0.2967275D-05  0.1644262D-04  0.2171248D-05  0.1026924D-04
dE/dz -0.8163580D-05  0.5619311D-05  0.3055893D-05  0.7318733D-05 -0.1024227D-05

  ATOM     11 c          12 c          13 c          14 c          15 c 
dE/dx -0.8721579D-05  0.4306716D-05 -0.3643541D-03  0.2069434D-03  0.4206779D-04
dE/dy  0.2840210D-05  0.5470101D-04  0.1213291D-05 -0.5146388D-04 -0.2313913D-04
dE/dz  0.1325404D-04 -0.1950784D-05  0.2133436D-03 -0.1439143D-03 -0.1691058D-04

  ATOM     16 c          17 c          18 c          19 c          20 c 
dE/dx -0.5637719D-04 -0.8556278D-05  0.2101494D-06 -0.1914609D-05 -0.9522878D-05
dE/dy -0.7894306D-04 -0.9760645D-06  0.4116751D-04  0.1043332D-05  0.7560916D-05
dE/dz -0.9049497D-04 -0.7428848D-06  0.1860116D-04 -0.1723048D-05  0.2671119D-06

  ATOM     21 c          22 c          23 c          24 c          25 c 
dE/dx -0.1056805D-04  0.1505486D-02 -0.1502840D-04  0.6935010D-04 -0.2855309D-04
dE/dy -0.1498646D-04 -0.1351092D-02 -0.4191035D-04  0.2973529D-04 -0.7988742D-05
dE/dz  0.7663424D-06 -0.4877879D-02 -0.4325806D-05 -0.3416326D-04  0.1685616D-04

  ATOM     26 h          27 h          28 h          29 h          30 h 
dE/dx -0.2466180D-05 -0.3464895D-05 -0.1797676D-05 -0.2374818D-04 -0.3291691D-05
dE/dy  0.2853512D-05 -0.5513163D-06 -0.2938593D-05 -0.1920628D-04  0.2578974D-06
dE/dz -0.9270406D-06 -0.1153044D-05  0.7798159D-06  0.5780514D-05  0.1139136D-05

  ATOM     31 h          32 h          33 h          34 h          35 h 
dE/dx -0.2824399D-05 -0.1944699D-06 -0.5658407D-05 -0.3910643D-05 -0.7692370D-05
dE/dy -0.1386968D-04  0.7325637D-05  0.7326282D-05  0.5803207D-05 -0.5431964D-05
dE/dz -0.3486592D-05 -0.5956261D-06 -0.2182148D-05  0.1873610D-05 -0.1574768D-05

  ATOM     36 h          37 h          38 c          39 h          40 h 
dE/dx  0.7414908D-05  0.2347698D-04  0.2080180D-05 -0.2201248D-05 -0.5454115D-05
dE/dy -0.8307750D-05  0.6819047D-04 -0.4530589D-05 -0.1085913D-04  0.5468995D-05
dE/dz -0.7135615D-05  0.1424667D-04  0.1470858D-04 -0.3273708D-05 -0.1296042D-05

  ATOM     41 h          42 h          43 h          44 h          45 h 
dE/dx -0.9166268D-06 -0.7392159D-05 -0.2357526D-05 -0.9741117D-05 -0.4029547D-05
dE/dy -0.1670280D-06 -0.6569250D-05  0.1789975D-05  0.1086767D-05 -0.9026227D-05
dE/dz -0.1895611D-06 -0.1634125D-05 -0.3860203D-05 -0.3901281D-06  0.7608737D-06

  ATOM     46 h          47 h          48 h          49 y          50 c 
dE/dx -0.1585260D-02 -0.1129793D-04 -0.9502369D-05 -0.1649862D-04 -0.9709669D-05
dE/dy  0.1533774D-02  0.2125143D-05 -0.1046762D-05  0.5158477D-04 -0.6314218D-05
dE/dz  0.5235348D-02 -0.6975393D-05  0.3322032D-05 -0.6249317D-04  0.2580722D-05

  ATOM     51 c          52 c          53 c          54 c          55 c 
dE/dx -0.1611843D-05 -0.2020565D-03  0.7306182D-05  0.3441085D-03  0.1110071D-04
dE/dy -0.2822717D-05  0.2790162D-04 -0.2657465D-05 -0.9681485D-05 -0.1663624D-04
dE/dz  0.6272711D-05 -0.1505329D-03  0.5856558D-05  0.2302980D-03  0.2192886D-05

  ATOM     56 c          57 c          58 c          59 c          60 c 
dE/dx -0.1123100D-04  0.8285950D-05  0.2124002D-04  0.1179757D-04 -0.6995482D-04
dE/dy  0.7988742D-05 -0.2730639D-05 -0.1785068D-04 -0.6997404D-05 -0.2842276D-04
dE/dz -0.2593211D-04  0.1499547D-04  0.1886345D-04  0.3036099D-06 -0.3748551D-04

  ATOM     61 c          62 c          63 c          64 c          65 c 
dE/dx  0.8052193D-05 -0.1874464D-05  0.8235414D-05  0.3085885D-04  0.8267224D-05
dE/dy  0.1442885D-04 -0.1323887D-05  0.2743439D-06  0.6572353D-05 -0.6337814D-05
dE/dz  0.2023125D-05  0.5029749D-06 -0.1009553D-05  0.2075514D-04 -0.3610872D-06

  ATOM     66 c          67 c          68 c          69 c          70 h 
dE/dx -0.1526118D-04  0.4750833D-05  0.1435808D-04  0.1496763D-05  0.2440033D-04
dE/dy  0.4476770D-04 -0.3517683D-04  0.4439790D-04 -0.1934732D-06  0.1764339D-04
dE/dz -0.2651378D-04  0.1353655D-04 -0.4377894D-05 -0.1214944D-05  0.7047282D-05

  ATOM     71 h          72 h          73 h          74 h          75 h 
dE/dx  0.3435083D-05  0.1682765D-05  0.3434679D-05  0.1164170D-05  0.3066418D-05
dE/dy -0.3708568D-05  0.1340862D-04 -0.5192944D-06  0.2261744D-05  0.5666043D-06
dE/dz -0.4455035D-06 -0.4803090D-05  0.1151030D-05 -0.2728738D-06 -0.1636464D-05

  ATOM     76 h          77 h          78 h          79 h          80 h 
dE/dx  0.7929000D-05  0.2600443D-05  0.6964279D-05  0.4548136D-06  0.4606724D-05
dE/dy -0.2009440D-05 -0.2473494D-05  0.4834570D-05 -0.7554277D-05  0.2611553D-05
dE/dz -0.2031328D-06 -0.4054937D-05 -0.8350539D-06 -0.6936275D-06 -0.1707636D-05

  ATOM     81 h          82 h          83 h          84 h          85 h 
dE/dx  0.7528148D-05 -0.1020650D-04  0.6045935D-05  0.3741023D-05  0.9069701D-05
dE/dy  0.8106353D-05  0.8194474D-05 -0.7779266D-05  0.1547244D-06  0.6119697D-06
dE/dz -0.9099131D-06 -0.6286566D-05 -0.2334336D-05 -0.1435744D-05  0.3276261D-05

  ATOM     86 h          87 h          88 h          89 h          90 h 
dE/dx -0.2384799D-04  0.6215440D-05  0.1087458D-04 -0.1125594D-04 -0.2710483D-04
dE/dy -0.6983735D-04 -0.5611687D-05  0.4996509D-05  0.8097436D-06  0.2115733D-04
dE/dz  0.1436123D-04  0.1279068D-05 -0.6318984D-06  0.2109207D-05  0.5003457D-04

  ATOM     91 h          92 h          93 h          94 h          95 h 
dE/dx -0.4328561D-04  0.6212709D-04  0.7461009D-05 -0.6700239D-04  0.9471388D-05
dE/dy -0.3181008D-03  0.3077359D-03  0.8845492D-05 -0.3105888D-03 -0.1741516D-05
dE/dz  0.4229721D-04 -0.4962208D-04 -0.3309314D-05 -0.5413669D-04  0.3907464D-06

  ATOM     96 h          97 h          98 h          99 h         100 h 
dE/dx  0.1838554D-03  0.5418996D-05  0.1036493D-04 -0.1427688D-04  0.1022052D-04
dE/dy  0.1717553D-03 -0.2904972D-05 -0.8497810D-06 -0.5626414D-05 -0.1738635D-06
dE/dz -0.2923554D-03 -0.2563371D-05  0.1571120D-05 -0.1527498D-05  0.1905892D-05

  ATOM    101 h         102 h         103 h         104 h         105 h 
dE/dx -0.5131394D-05  0.8095970D-05  0.8264387D-05  0.1232625D-04 -0.9829281D-05
dE/dy  0.2477520D-05 -0.8069569D-05  0.2268157D-05 -0.4645833D-05 -0.3154538D-05
dE/dz -0.2539440D-05  0.1182585D-06  0.2664847D-05 -0.3811351D-05  0.8946187D-06

  ATOM    106 h         107 h 
dE/dx  0.8545567D-05 -0.7751927D-05
dE/dy  0.1896015D-05  0.8026429D-05
dE/dz  0.7403046D-06  0.2288151D-06
 
 resulting FORCE  (fx,fy,fz) = (0.494D-11,-.202D-11,0.670D-10)
 resulting MOMENT (mx,my,mz) = (-.312D-05,-.201D-04,0.451D-02)


 exx =       0.000325 eyy =       0.001304 ezz =       0.011489
 eyz =       0.003233 exz =      -0.003129 exy =      -0.003480


 **********************************************************************
  |maximum component of gradient| : 0.52353477E-02  (atom 46 h )       
   gradient norm                  : 0.78223434E-02
 **********************************************************************

 <getgrd> : data group $grad  is missing 

   ***  cartesian gradients written onto <gradient>  ***


     --- calculation of the energy gradient finished ---



    ------------------------------------------------------------------------
         total  cpu-time : 12 minutes and 52 seconds
         total wall-time : 12 minutes and 55 seconds
    ------------------------------------------------------------------------

   ****  rdgrad : all done  ****


    2020-08-15 15:26:52.080 

$dipole from ridft
  x     0.00070652114519    y    -0.00429826718082    z    -0.63934619502221    a.u.
   | dipole | =    1.6251059325  debye
/dfs3/pub/bdnguye2/ln2mos4/y_cp_ch3/d2d/anionic/def2-svp/screw_b1/opt/screw_b2/opt/thf/numforce/numforce/KraftWerk/zp46
