
 eiger (login-i16) : TURBOMOLE rev. V7.5.0 compiled 13 Jun 2020 at 23:29:25
 Copyright (C) 2020 TURBOMOLE GmbH, Karlsruhe


    2020-09-24 12:48:06.217 

                                                                                
  
Total energy =  -2512.2262716210 H =    -68361.1588467 eV
 
 HOMO-LUMO Separation
   HOMO:   241. a 121 a     -0.12602733 H =     -3.42938 eV
   LUMO:   242. a 122 a     -0.07448756 H =     -2.02691 eV
   Gap :                    +0.05153977 H =     +1.40247 eV
 
Number of MOs=   1296, Electrons=    241.00, Symmetry: c1   
 
   Nr.   Orbital    Occupation       Energy
 1296. b 648 a                    +85.694694 H =     +2331.871 eV
 1295. a 648 a                    +85.687287 H =     +2331.670 eV
 1294. b 647 a                    +65.826834 H =     +1791.239 eV
 1293. a 647 a                    +65.826631 H =     +1791.234 eV
 1292. b 646 a                    +65.826491 H =     +1791.230 eV
 1291. a 646 a                    +65.826288 H =     +1791.225 eV
 1290. b 645 a                    +24.705729 H =      +672.277 eV
 1289. a 645 a                    +24.692643 H =      +671.921 eV
 1288. b 644 a                    +19.201526 H =      +522.500 eV
 1287. a 644 a                    +19.200859 H =      +522.482 eV
 1286. b 643 a                    +19.099045 H =      +519.711 eV
 1285. b 642 a                    +19.099037 H =      +519.711 eV
 1284. a 643 a                    +19.098482 H =      +519.696 eV
 1283. a 642 a                    +19.098473 H =      +519.696 eV
 1282. b 641 a                    +18.985529 H =      +516.623 eV
 1281. a 641 a                    +18.984965 H =      +516.607 eV
 1280. b 640 a                    +18.539274 H =      +504.479 eV
 1279. a 640 a                    +18.538855 H =      +504.468 eV
 1278. b 639 a                    +18.532179 H =      +504.286 eV
 1277. a 639 a                    +18.531756 H =      +504.275 eV
 1276. b 638 a                     +9.321216 H =      +253.643 eV
 1275. a 638 a                     +9.320165 H =      +253.615 eV
 1274. b 637 a                     +9.218697 H =      +250.854 eV
 1273. b 636 a                     +9.218690 H =      +250.853 eV
 1272. a 637 a                     +9.217743 H =      +250.828 eV
 1271. a 636 a                     +9.217735 H =      +250.827 eV
 1270. b 635 a                     +9.201861 H =      +250.395 eV
 1269. a 635 a                     +9.201010 H =      +250.372 eV
 1268. b 634 a                     +9.091693 H =      +247.398 eV
 1267. b 633 a                     +9.091685 H =      +247.397 eV
 1266. a 634 a                     +9.089904 H =      +247.349 eV
 1265. a 633 a                     +9.089894 H =      +247.349 eV
 1264. b 632 a                     +9.088909 H =      +247.322 eV
 1263. a 632 a                     +9.086878 H =      +247.267 eV
 1262. b 631 a                     +9.069502 H =      +246.794 eV
 1261. a 631 a                     +9.067564 H =      +246.741 eV
 1260. b 630 a                     +8.969749 H =      +244.079 eV
 1259. b 629 a                     +8.969737 H =      +244.079 eV
 1258. a 630 a                     +8.969505 H =      +244.073 eV
 1257. a 629 a                     +8.969492 H =      +244.072 eV
 1256. b 628 a                     +8.952764 H =      +243.617 eV
 1255. a 628 a                     +8.952570 H =      +243.612 eV
 1254. b 627 a                     +8.942112 H =      +243.327 eV
 1253. a 627 a                     +8.941876 H =      +243.321 eV
 1252. a 626 a                     +3.498235 H =       +95.192 eV
 1251. b 626 a                     +3.498198 H =       +95.191 eV
 1250. a 625 a                     +3.497912 H =       +95.183 eV
 1249. b 625 a                     +3.497875 H =       +95.182 eV
 1248. b 624 a                     +3.494847 H =       +95.100 eV
 1247. b 623 a                     +3.494847 H =       +95.100 eV
 1246. a 623 a                     +3.494784 H =       +95.098 eV
 1245. a 624 a                     +3.494784 H =       +95.098 eV
 1244. b 622 a                     +3.494223 H =       +95.083 eV
 1243. a 622 a                     +3.494153 H =       +95.081 eV
 1242. b 621 a                     +3.492005 H =       +95.022 eV
 1241. a 621 a                     +3.491938 H =       +95.020 eV
 1240. a 620 a                     +3.475050 H =       +94.561 eV
 1239. a 619 a                     +3.475049 H =       +94.561 eV
 1238. b 620 a                     +3.475017 H =       +94.560 eV
 1237. b 619 a                     +3.475016 H =       +94.560 eV
 1236. b 618 a                     +3.197004 H =       +86.995 eV
 1235. b 617 a                     +3.197003 H =       +86.995 eV
 1234. a 618 a                     +3.196965 H =       +86.994 eV
 1233. a 617 a                     +3.196964 H =       +86.994 eV
 1232. b 616 a                     +3.196924 H =       +86.993 eV
 1231. a 616 a                     +3.196922 H =       +86.993 eV
 1230. b 615 a                     +3.196890 H =       +86.992 eV
 1229. a 615 a                     +3.196888 H =       +86.992 eV
 1228. b 614 a                     +3.177089 H =       +86.453 eV
 1227. b 613 a                     +3.177075 H =       +86.453 eV
 1226. a 614 a                     +3.168580 H =       +86.221 eV
 1225. a 613 a                     +3.168564 H =       +86.221 eV
 1224. b 612 a                     +3.158465 H =       +85.946 eV
 1223. a 612 a                     +3.147899 H =       +85.659 eV
 1222. b 611 a                     +2.880923 H =       +78.394 eV
 1221. a 611 a                     +2.880867 H =       +78.392 eV
 1220. b 610 a                     +2.880227 H =       +78.375 eV
 1219. a 610 a                     +2.878468 H =       +78.327 eV
 1218. b 609 a                     +2.875492 H =       +78.246 eV
 1217. b 608 a                     +2.875492 H =       +78.246 eV
 1216. a 609 a                     +2.875468 H =       +78.245 eV
 1215. a 608 a                     +2.875468 H =       +78.245 eV
 1214. b 607 a                     +2.869034 H =       +78.070 eV
 1213. b 606 a                     +2.867865 H =       +78.039 eV
 1212. b 605 a                     +2.867865 H =       +78.039 eV
 1211. a 607 a                     +2.867858 H =       +78.038 eV
 1210. a 606 a                     +2.867857 H =       +78.038 eV
 1209. a 605 a                     +2.864060 H =       +77.935 eV
 1208. b 604 a                     +2.863510 H =       +77.920 eV
 1207. a 604 a                     +2.863487 H =       +77.919 eV
 1206. b 603 a                     +2.863426 H =       +77.918 eV
 1205. a 603 a                     +2.863404 H =       +77.917 eV
 1204. b 602 a                     +2.816661 H =       +76.645 eV
 1203. a 602 a                     +2.816627 H =       +76.644 eV
 1202. b 601 a                     +2.810039 H =       +76.465 eV
 1201. a 601 a                     +2.809847 H =       +76.460 eV
 1200. b 600 a                     +2.804115 H =       +76.304 eV
 1199. b 599 a                     +2.804115 H =       +76.304 eV
 1198. a 600 a                     +2.804102 H =       +76.303 eV
 1197. a 599 a                     +2.804101 H =       +76.303 eV
 1196. b 598 a                     +2.793379 H =       +76.012 eV
 1195. a 598 a                     +2.793375 H =       +76.012 eV
 1194. b 597 a                     +2.792317 H =       +75.983 eV
 1193. a 597 a                     +2.792315 H =       +75.983 eV
 1192. b 596 a                     +2.789742 H =       +75.913 eV
 1191. b 595 a                     +2.789742 H =       +75.913 eV
 1190. a 596 a                     +2.789719 H =       +75.912 eV
 1189. a 595 a                     +2.789719 H =       +75.912 eV
 1188. b 594 a                     +2.779286 H =       +75.628 eV
 1187. a 594 a                     +2.779233 H =       +75.627 eV
 1186. b 593 a                     +2.772078 H =       +75.432 eV
 1185. b 592 a                     +2.772077 H =       +75.432 eV
 1184. a 593 a                     +2.772060 H =       +75.432 eV
 1183. a 592 a                     +2.772059 H =       +75.432 eV
 1182. b 591 a                     +2.769934 H =       +75.374 eV
 1181. a 591 a                     +2.769854 H =       +75.372 eV
 1180. a 590 a                     +2.713201 H =       +73.830 eV
 1179. b 590 a                     +2.713185 H =       +73.830 eV
 1178. a 589 a                     +2.712501 H =       +73.811 eV
 1177. b 589 a                     +2.712484 H =       +73.810 eV
 1176. b 588 a                     +2.704853 H =       +73.603 eV
 1175. a 588 a                     +2.704596 H =       +73.596 eV
 1174. b 587 a                     +2.700407 H =       +73.482 eV
 1173. b 586 a                     +2.700406 H =       +73.482 eV
 1172. a 587 a                     +2.700333 H =       +73.480 eV
 1171. a 586 a                     +2.700332 H =       +73.480 eV
 1170. b 585 a                     +2.696880 H =       +73.386 eV
 1169. a 585 a                     +2.696647 H =       +73.379 eV
 1168. a 584 a                     +2.684488 H =       +73.049 eV
 1167. a 583 a                     +2.684487 H =       +73.049 eV
 1166. b 584 a                     +2.684483 H =       +73.048 eV
 1165. b 583 a                     +2.684481 H =       +73.048 eV
 1164. b 582 a                     +2.555563 H =       +69.540 eV
 1163. b 581 a                     +2.555563 H =       +69.540 eV
 1162. a 582 a                     +2.555451 H =       +69.537 eV
 1161. a 581 a                     +2.555450 H =       +69.537 eV
 1160. b 580 a                     +2.553856 H =       +69.494 eV
 1159. a 580 a                     +2.553524 H =       +69.485 eV
 1158. a 579 a                     +2.552149 H =       +69.448 eV
 1157. b 579 a                     +2.552112 H =       +69.447 eV
 1156. a 578 a                     +2.552003 H =       +69.444 eV
 1155. b 578 a                     +2.551969 H =       +69.443 eV
 1154. b 577 a                     +2.551965 H =       +69.443 eV
 1153. a 577 a                     +2.551889 H =       +69.440 eV
 1152. b 576 a                     +2.551745 H =       +69.437 eV
 1151. b 575 a                     +2.551745 H =       +69.437 eV
 1150. a 576 a                     +2.551678 H =       +69.435 eV
 1149. a 575 a                     +2.551678 H =       +69.435 eV
 1148. b 574 a                     +2.515449 H =       +68.449 eV
 1147. b 573 a                     +2.515447 H =       +68.449 eV
 1146. a 574 a                     +2.515439 H =       +68.449 eV
 1145. a 573 a                     +2.515437 H =       +68.449 eV
 1144. b 572 a                     +2.514665 H =       +68.428 eV
 1143. a 572 a                     +2.514664 H =       +68.427 eV
 1142. a 571 a                     +2.514519 H =       +68.424 eV
 1141. b 571 a                     +2.514518 H =       +68.424 eV
 1140. b 570 a                     +2.476262 H =       +67.383 eV
 1139. a 570 a                     +2.468697 H =       +67.177 eV
 1138. b 569 a                     +2.426889 H =       +66.039 eV
 1137. b 568 a                     +2.426884 H =       +66.039 eV
 1136. a 569 a                     +2.424873 H =       +65.984 eV
 1135. a 568 a                     +2.424865 H =       +65.984 eV
 1134. b 567 a                     +2.394558 H =       +65.159 eV
 1133. b 566 a                     +2.394556 H =       +65.159 eV
 1132. a 567 a                     +2.394464 H =       +65.157 eV
 1131. a 566 a                     +2.394463 H =       +65.157 eV
 1130. b 565 a                     +2.390114 H =       +65.038 eV
 1129. a 565 a                     +2.382187 H =       +64.823 eV
 1128. b 564 a                     +2.377712 H =       +64.701 eV
 1127. a 564 a                     +2.375619 H =       +64.644 eV
 1126. b 563 a                     +2.375612 H =       +64.644 eV
 1125. a 563 a                     +2.373226 H =       +64.579 eV
 1124. b 562 a                     +2.371142 H =       +64.522 eV
 1123. a 562 a                     +2.371113 H =       +64.521 eV
 1122. b 561 a                     +2.359323 H =       +64.200 eV
 1121. b 560 a                     +2.359322 H =       +64.200 eV
 1120. a 561 a                     +2.359178 H =       +64.196 eV
 1119. a 560 a                     +2.359176 H =       +64.196 eV
 1118. b 559 a                     +2.346383 H =       +63.848 eV
 1117. a 559 a                     +2.346242 H =       +63.844 eV
 1116. b 558 a                     +2.342778 H =       +63.750 eV
 1115. a 558 a                     +2.342686 H =       +63.748 eV
 1114. b 557 a                     +2.329709 H =       +63.395 eV
 1113. a 557 a                     +2.324991 H =       +63.266 eV
 1112. b 556 a                     +2.299598 H =       +62.575 eV
 1111. a 556 a                     +2.296784 H =       +62.499 eV
 1110. b 555 a                     +2.265848 H =       +61.657 eV
 1109. b 554 a                     +2.265848 H =       +61.657 eV
 1108. a 555 a                     +2.265790 H =       +61.655 eV
 1107. a 554 a                     +2.265790 H =       +61.655 eV
 1106. b 553 a                     +2.259624 H =       +61.488 eV
 1105. a 553 a                     +2.259217 H =       +61.476 eV
 1104. b 552 a                     +2.257981 H =       +61.443 eV
 1103. b 551 a                     +2.257980 H =       +61.443 eV
 1102. a 552 a                     +2.257892 H =       +61.440 eV
 1101. a 551 a                     +2.257891 H =       +61.440 eV
 1100. b 550 a                     +2.257785 H =       +61.437 eV
 1099. b 549 a                     +2.256941 H =       +61.414 eV
 1098. b 548 a                     +2.256940 H =       +61.414 eV
 1097. a 550 a                     +2.256807 H =       +61.411 eV
 1096. a 549 a                     +2.256806 H =       +61.411 eV
 1095. a 548 a                     +2.255859 H =       +61.385 eV
 1094. b 547 a                     +2.251544 H =       +61.268 eV
 1093. a 547 a                     +2.251537 H =       +61.267 eV
 1092. b 546 a                     +2.251443 H =       +61.265 eV
 1091. a 546 a                     +2.251432 H =       +61.265 eV
 1090. b 545 a                     +2.248086 H =       +61.174 eV
 1089. a 545 a                     +2.245472 H =       +61.102 eV
 1088. b 544 a                     +2.234024 H =       +60.791 eV
 1087. a 544 a                     +2.233981 H =       +60.790 eV
 1086. b 543 a                     +2.232995 H =       +60.763 eV
 1085. a 543 a                     +2.232954 H =       +60.762 eV
 1084. b 542 a                     +2.232190 H =       +60.741 eV
 1083. b 541 a                     +2.232188 H =       +60.741 eV
 1082. a 542 a                     +2.231949 H =       +60.734 eV
 1081. a 541 a                     +2.231948 H =       +60.734 eV
 1080. b 540 a                     +2.224476 H =       +60.531 eV
 1079. b 539 a                     +2.224473 H =       +60.531 eV
 1078. a 540 a                     +2.221853 H =       +60.460 eV
 1077. a 539 a                     +2.221851 H =       +60.460 eV
 1076. b 538 a                     +2.219559 H =       +60.397 eV
 1075. a 538 a                     +2.216742 H =       +60.321 eV
 1074. b 537 a                     +2.200214 H =       +59.871 eV
 1073. a 537 a                     +2.197506 H =       +59.797 eV
 1072. b 536 a                     +2.192135 H =       +59.651 eV
 1071. a 536 a                     +2.190809 H =       +59.615 eV
 1070. b 535 a                     +2.187658 H =       +59.529 eV
 1069. a 535 a                     +2.187487 H =       +59.525 eV
 1068. b 534 a                     +2.186474 H =       +59.497 eV
 1067. b 533 a                     +2.186143 H =       +59.488 eV
 1066. a 534 a                     +2.186068 H =       +59.486 eV
 1065. a 533 a                     +2.182436 H =       +59.387 eV
 1064. b 532 a                     +2.159364 H =       +58.759 eV
 1063. a 532 a                     +2.157016 H =       +58.695 eV
 1062. b 531 a                     +2.136724 H =       +58.143 eV
 1061. b 530 a                     +2.136534 H =       +58.138 eV
 1060. b 529 a                     +2.136531 H =       +58.138 eV
 1059. a 531 a                     +2.136469 H =       +58.136 eV
 1058. a 530 a                     +2.135396 H =       +58.107 eV
 1057. a 529 a                     +2.135393 H =       +58.107 eV
 1056. b 528 a                     +2.129507 H =       +57.947 eV
 1055. a 528 a                     +2.129352 H =       +57.943 eV
 1054. b 527 a                     +2.127190 H =       +57.884 eV
 1053. b 526 a                     +2.127187 H =       +57.884 eV
 1052. a 527 a                     +2.126573 H =       +57.867 eV
 1051. a 526 a                     +2.126569 H =       +57.867 eV
 1050. b 525 a                     +2.122169 H =       +57.747 eV
 1049. a 525 a                     +2.121244 H =       +57.722 eV
 1048. b 524 a                     +2.120794 H =       +57.710 eV
 1047. b 523 a                     +2.120792 H =       +57.710 eV
 1046. a 524 a                     +2.119437 H =       +57.673 eV
 1045. a 523 a                     +2.119434 H =       +57.673 eV
 1044. b 522 a                     +2.112689 H =       +57.489 eV
 1043. a 522 a                     +2.112401 H =       +57.481 eV
 1042. b 521 a                     +2.107939 H =       +57.360 eV
 1041. b 520 a                     +2.107934 H =       +57.360 eV
 1040. a 521 a                     +2.105456 H =       +57.292 eV
 1039. a 520 a                     +2.105453 H =       +57.292 eV
 1038. b 519 a                     +2.101565 H =       +57.186 eV
 1037. b 518 a                     +2.101564 H =       +57.186 eV
 1036. a 519 a                     +2.097409 H =       +57.073 eV
 1035. a 518 a                     +2.097409 H =       +57.073 eV
 1034. b 517 a                     +2.080009 H =       +56.600 eV
 1033. b 516 a                     +2.080008 H =       +56.600 eV
 1032. b 515 a                     +2.079967 H =       +56.599 eV
 1031. a 517 a                     +2.079104 H =       +56.575 eV
 1030. a 516 a                     +2.077027 H =       +56.519 eV
 1029. a 515 a                     +2.077026 H =       +56.519 eV
 1028. b 514 a                     +2.071563 H =       +56.370 eV
 1027. a 514 a                     +2.068340 H =       +56.282 eV
 1026. b 513 a                     +2.063508 H =       +56.151 eV
 1025. a 513 a                     +2.059688 H =       +56.047 eV
 1024. b 512 a                     +2.052672 H =       +55.856 eV
 1023. b 511 a                     +2.052665 H =       +55.856 eV
 1022. a 512 a                     +2.051121 H =       +55.814 eV
 1021. a 511 a                     +2.051111 H =       +55.814 eV
 1020. b 510 a                     +2.050834 H =       +55.806 eV
 1019. a 510 a                     +2.050553 H =       +55.798 eV
 1018. b 509 a                     +2.047875 H =       +55.726 eV
 1017. a 509 a                     +2.047597 H =       +55.718 eV
 1016. b 508 a                     +2.038704 H =       +55.476 eV
 1015. b 507 a                     +2.038703 H =       +55.476 eV
 1014. a 508 a                     +2.038095 H =       +55.459 eV
 1013. a 507 a                     +2.038094 H =       +55.459 eV
 1012. b 506 a                     +2.030253 H =       +55.246 eV
 1011. b 505 a                     +2.029712 H =       +55.231 eV
 1010. a 506 a                     +2.028988 H =       +55.212 eV
 1009. b 504 a                     +2.028687 H =       +55.203 eV
 1008. b 503 a                     +2.028662 H =       +55.203 eV
 1007. a 505 a                     +2.026553 H =       +55.145 eV
 1006. a 504 a                     +2.025916 H =       +55.128 eV
 1005. a 503 a                     +2.025893 H =       +55.127 eV
 1004. b 502 a                     +2.015582 H =       +54.847 eV
 1003. a 502 a                     +2.015027 H =       +54.832 eV
 1002. b 501 a                     +2.005509 H =       +54.573 eV
 1001. b 500 a                     +2.005500 H =       +54.572 eV
 1000. a 501 a                     +2.005100 H =       +54.562 eV
  999. a 500 a                     +2.005089 H =       +54.561 eV
  998. b 499 a                     +1.992075 H =       +54.207 eV
  997. a 499 a                     +1.991248 H =       +54.185 eV
  996. b 498 a                     +1.986646 H =       +54.059 eV
  995. a 498 a                     +1.985157 H =       +54.019 eV
  994. b 497 a                     +1.984920 H =       +54.012 eV
  993. b 496 a                     +1.984911 H =       +54.012 eV
  992. a 497 a                     +1.982349 H =       +53.942 eV
  991. a 496 a                     +1.982338 H =       +53.942 eV
  990. b 495 a                     +1.960646 H =       +53.352 eV
  989. a 495 a                     +1.958656 H =       +53.298 eV
  988. b 494 a                     +1.958502 H =       +53.294 eV
  987. a 494 a                     +1.958381 H =       +53.290 eV
  986. b 493 a                     +1.951863 H =       +53.113 eV
  985. b 492 a                     +1.951300 H =       +53.098 eV
  984. a 493 a                     +1.950907 H =       +53.087 eV
  983. a 492 a                     +1.950180 H =       +53.067 eV
  982. b 491 a                     +1.948566 H =       +53.023 eV
  981. b 490 a                     +1.948566 H =       +53.023 eV
  980. a 491 a                     +1.948126 H =       +53.011 eV
  979. a 490 a                     +1.948125 H =       +53.011 eV
  978. b 489 a                     +1.946354 H =       +52.963 eV
  977. a 489 a                     +1.944792 H =       +52.920 eV
  976. b 488 a                     +1.934958 H =       +52.653 eV
  975. a 488 a                     +1.934268 H =       +52.634 eV
  974. b 487 a                     +1.929031 H =       +52.492 eV
  973. b 486 a                     +1.929026 H =       +52.491 eV
  972. a 487 a                     +1.928171 H =       +52.468 eV
  971. a 486 a                     +1.928164 H =       +52.468 eV
  970. b 485 a                     +1.924785 H =       +52.376 eV
  969. b 484 a                     +1.924781 H =       +52.376 eV
  968. a 485 a                     +1.924086 H =       +52.357 eV
  967. a 484 a                     +1.924081 H =       +52.357 eV
  966. b 483 a                     +1.917038 H =       +52.165 eV
  965. b 482 a                     +1.917037 H =       +52.165 eV
  964. a 483 a                     +1.917005 H =       +52.164 eV
  963. a 482 a                     +1.917005 H =       +52.164 eV
  962. b 481 a                     +1.916587 H =       +52.153 eV
  961. b 480 a                     +1.914648 H =       +52.100 eV
  960. a 481 a                     +1.914036 H =       +52.084 eV
  959. b 479 a                     +1.910713 H =       +51.993 eV
  958. a 480 a                     +1.909801 H =       +51.968 eV
  957. a 479 a                     +1.907985 H =       +51.919 eV
  956. b 478 a                     +1.907394 H =       +51.903 eV
  955. a 478 a                     +1.906443 H =       +51.877 eV
  954. b 477 a                     +1.895789 H =       +51.587 eV
  953. a 477 a                     +1.894240 H =       +51.545 eV
  952. b 476 a                     +1.877732 H =       +51.096 eV
  951. b 475 a                     +1.877728 H =       +51.096 eV
  950. a 476 a                     +1.875783 H =       +51.043 eV
  949. a 475 a                     +1.875779 H =       +51.043 eV
  948. b 474 a                     +1.870821 H =       +50.908 eV
  947. a 474 a                     +1.869017 H =       +50.859 eV
  946. b 473 a                     +1.862091 H =       +50.670 eV
  945. a 473 a                     +1.860158 H =       +50.617 eV
  944. b 472 a                     +1.851362 H =       +50.378 eV
  943. b 471 a                     +1.851360 H =       +50.378 eV
  942. a 472 a                     +1.850710 H =       +50.360 eV
  941. a 471 a                     +1.850708 H =       +50.360 eV
  940. b 470 a                     +1.849050 H =       +50.315 eV
  939. a 470 a                     +1.846784 H =       +50.254 eV
  938. b 469 a                     +1.838836 H =       +50.037 eV
  937. b 468 a                     +1.837907 H =       +50.012 eV
  936. a 469 a                     +1.837542 H =       +50.002 eV
  935. b 467 a                     +1.837091 H =       +49.990 eV
  934. b 466 a                     +1.837087 H =       +49.990 eV
  933. a 468 a                     +1.836723 H =       +49.980 eV
  932. b 465 a                     +1.836663 H =       +49.978 eV
  931. a 467 a                     +1.836263 H =       +49.967 eV
  930. a 466 a                     +1.835575 H =       +49.949 eV
  929. a 465 a                     +1.835571 H =       +49.948 eV
  928. b 464 a                     +1.813354 H =       +49.344 eV
  927. b 463 a                     +1.813353 H =       +49.344 eV
  926. a 464 a                     +1.812797 H =       +49.329 eV
  925. a 463 a                     +1.812796 H =       +49.329 eV
  924. b 462 a                     +1.812400 H =       +49.318 eV
  923. a 462 a                     +1.812245 H =       +49.314 eV
  922. b 461 a                     +1.811448 H =       +49.292 eV
  921. a 461 a                     +1.811353 H =       +49.289 eV
  920. b 460 a                     +1.797160 H =       +48.903 eV
  919. b 459 a                     +1.797157 H =       +48.903 eV
  918. a 460 a                     +1.796102 H =       +48.874 eV
  917. a 459 a                     +1.796099 H =       +48.874 eV
  916. b 458 a                     +1.795275 H =       +48.852 eV
  915. a 458 a                     +1.794128 H =       +48.821 eV
  914. b 457 a                     +1.785138 H =       +48.576 eV
  913. b 456 a                     +1.785137 H =       +48.576 eV
  912. b 455 a                     +1.783694 H =       +48.537 eV
  911. a 457 a                     +1.783516 H =       +48.532 eV
  910. a 456 a                     +1.783516 H =       +48.532 eV
  909. a 455 a                     +1.783480 H =       +48.531 eV
  908. b 454 a                     +1.778577 H =       +48.398 eV
  907. a 454 a                     +1.777187 H =       +48.360 eV
  906. b 453 a                     +1.758898 H =       +47.862 eV
  905. a 453 a                     +1.757392 H =       +47.821 eV
  904. b 452 a                     +1.753460 H =       +47.714 eV
  903. b 451 a                     +1.753448 H =       +47.714 eV
  902. a 452 a                     +1.751056 H =       +47.649 eV
  901. a 451 a                     +1.751042 H =       +47.648 eV
  900. b 450 a                     +1.749040 H =       +47.594 eV
  899. a 450 a                     +1.747899 H =       +47.563 eV
  898. b 449 a                     +1.737014 H =       +47.267 eV
  897. b 448 a                     +1.737003 H =       +47.266 eV
  896. a 449 a                     +1.735163 H =       +47.216 eV
  895. a 448 a                     +1.735151 H =       +47.216 eV
  894. b 447 a                     +1.723715 H =       +46.905 eV
  893. a 447 a                     +1.722303 H =       +46.866 eV
  892. b 446 a                     +1.716735 H =       +46.715 eV
  891. a 446 a                     +1.715691 H =       +46.686 eV
  890. b 445 a                     +1.712706 H =       +46.605 eV
  889. b 444 a                     +1.712684 H =       +46.605 eV
  888. b 443 a                     +1.711607 H =       +46.575 eV
  887. a 445 a                     +1.711471 H =       +46.571 eV
  886. a 444 a                     +1.711448 H =       +46.571 eV
  885. b 442 a                     +1.710748 H =       +46.552 eV
  884. a 443 a                     +1.709989 H =       +46.531 eV
  883. a 442 a                     +1.708332 H =       +46.486 eV
  882. b 441 a                     +1.705381 H =       +46.406 eV
  881. b 440 a                     +1.705380 H =       +46.406 eV
  880. a 441 a                     +1.704911 H =       +46.393 eV
  879. a 440 a                     +1.704909 H =       +46.393 eV
  878. b 439 a                     +1.703983 H =       +46.368 eV
  877. b 438 a                     +1.703982 H =       +46.368 eV
  876. a 439 a                     +1.703675 H =       +46.359 eV
  875. a 438 a                     +1.703675 H =       +46.359 eV
  874. b 437 a                     +1.701414 H =       +46.298 eV
  873. a 437 a                     +1.700508 H =       +46.273 eV
  872. b 436 a                     +1.692322 H =       +46.050 eV
  871. a 436 a                     +1.691931 H =       +46.040 eV
  870. b 435 a                     +1.691580 H =       +46.030 eV
  869. a 435 a                     +1.690102 H =       +45.990 eV
  868. b 434 a                     +1.687828 H =       +45.928 eV
  867. b 433 a                     +1.687358 H =       +45.915 eV
  866. b 432 a                     +1.687358 H =       +45.915 eV
  865. a 434 a                     +1.687017 H =       +45.906 eV
  864. a 433 a                     +1.687017 H =       +45.906 eV
  863. a 432 a                     +1.686954 H =       +45.904 eV
  862. b 431 a                     +1.678704 H =       +45.680 eV
  861. a 431 a                     +1.675727 H =       +45.599 eV
  860. b 430 a                     +1.666311 H =       +45.343 eV
  859. a 430 a                     +1.662640 H =       +45.243 eV
  858. b 429 a                     +1.660153 H =       +45.175 eV
  857. a 429 a                     +1.659530 H =       +45.158 eV
  856. b 428 a                     +1.656282 H =       +45.070 eV
  855. b 427 a                     +1.656267 H =       +45.069 eV
  854. a 428 a                     +1.655589 H =       +45.051 eV
  853. a 427 a                     +1.655575 H =       +45.050 eV
  852. b 426 a                     +1.644876 H =       +44.759 eV
  851. a 426 a                     +1.644435 H =       +44.747 eV
  850. b 425 a                     +1.641583 H =       +44.670 eV
  849. a 425 a                     +1.641027 H =       +44.655 eV
  848. b 424 a                     +1.636096 H =       +44.520 eV
  847. b 423 a                     +1.636080 H =       +44.520 eV
  846. a 424 a                     +1.634422 H =       +44.475 eV
  845. a 423 a                     +1.634405 H =       +44.474 eV
  844. b 422 a                     +1.617862 H =       +44.024 eV
  843. b 421 a                     +1.617850 H =       +44.024 eV
  842. b 420 a                     +1.616887 H =       +43.998 eV
  841. a 422 a                     +1.615404 H =       +43.957 eV
  840. a 421 a                     +1.615254 H =       +43.953 eV
  839. a 420 a                     +1.615240 H =       +43.953 eV
  838. b 419 a                     +1.607705 H =       +43.748 eV
  837. a 419 a                     +1.605960 H =       +43.700 eV
  836. b 418 a                     +1.599128 H =       +43.514 eV
  835. a 418 a                     +1.594514 H =       +43.389 eV
  834. b 417 a                     +1.571136 H =       +42.753 eV
  833. b 416 a                     +1.571130 H =       +42.753 eV
  832. a 417 a                     +1.569778 H =       +42.716 eV
  831. a 416 a                     +1.569771 H =       +42.716 eV
  830. b 415 a                     +1.567439 H =       +42.652 eV
  829. a 415 a                     +1.566805 H =       +42.635 eV
  828. b 414 a                     +1.547874 H =       +42.120 eV
  827. b 413 a                     +1.543199 H =       +41.993 eV
  826. a 414 a                     +1.542995 H =       +41.987 eV
  825. a 413 a                     +1.539162 H =       +41.883 eV
  824. b 412 a                     +1.518107 H =       +41.310 eV
  823. a 412 a                     +1.517399 H =       +41.291 eV
  822. b 411 a                     +1.501766 H =       +40.865 eV
  821. b 410 a                     +1.501764 H =       +40.865 eV
  820. b 409 a                     +1.493803 H =       +40.648 eV
  819. a 411 a                     +1.488885 H =       +40.515 eV
  818. a 410 a                     +1.488885 H =       +40.515 eV
  817. b 408 a                     +1.486700 H =       +40.455 eV
  816. b 407 a                     +1.486700 H =       +40.455 eV
  815. a 409 a                     +1.484736 H =       +40.402 eV
  814. a 408 a                     +1.484733 H =       +40.402 eV
  813. b 406 a                     +1.483411 H =       +40.366 eV
  812. a 407 a                     +1.480752 H =       +40.293 eV
  811. a 406 a                     +1.472659 H =       +40.073 eV
  810. b 405 a                     +1.469845 H =       +39.997 eV
  809. a 405 a                     +1.465694 H =       +39.884 eV
  808. b 404 a                     +1.445429 H =       +39.332 eV
  807. b 403 a                     +1.444563 H =       +39.309 eV
  806. b 402 a                     +1.444563 H =       +39.309 eV
  805. a 404 a                     +1.444104 H =       +39.296 eV
  804. a 403 a                     +1.444104 H =       +39.296 eV
  803. a 402 a                     +1.443780 H =       +39.287 eV
  802. b 401 a                     +1.439753 H =       +39.178 eV
  801. a 401 a                     +1.435736 H =       +39.068 eV
  800. b 400 a                     +1.434407 H =       +39.032 eV
  799. a 400 a                     +1.433423 H =       +39.005 eV
  798. b 399 a                     +1.433194 H =       +38.999 eV
  797. a 399 a                     +1.431340 H =       +38.949 eV
  796. b 398 a                     +1.415634 H =       +38.521 eV
  795. a 398 a                     +1.414226 H =       +38.483 eV
  794. b 397 a                     +1.409495 H =       +38.354 eV
  793. a 397 a                     +1.409360 H =       +38.351 eV
  792. b 396 a                     +1.395601 H =       +37.976 eV
  791. b 395 a                     +1.395599 H =       +37.976 eV
  790. b 394 a                     +1.393318 H =       +37.914 eV
  789. a 396 a                     +1.393085 H =       +37.908 eV
  788. a 395 a                     +1.393084 H =       +37.908 eV
  787. a 394 a                     +1.387418 H =       +37.754 eV
  786. b 393 a                     +1.371827 H =       +37.329 eV
  785. a 393 a                     +1.369882 H =       +37.276 eV
  784. b 392 a                     +1.366454 H =       +37.183 eV
  783. b 391 a                     +1.366453 H =       +37.183 eV
  782. a 392 a                     +1.364957 H =       +37.142 eV
  781. a 391 a                     +1.364957 H =       +37.142 eV
  780. b 390 a                     +1.349052 H =       +36.710 eV
  779. a 390 a                     +1.348078 H =       +36.683 eV
  778. b 389 a                     +1.328485 H =       +36.150 eV
  777. b 388 a                     +1.328483 H =       +36.150 eV
  776. b 387 a                     +1.320337 H =       +35.928 eV
  775. b 386 a                     +1.320275 H =       +35.927 eV
  774. a 389 a                     +1.320180 H =       +35.924 eV
  773. b 385 a                     +1.320018 H =       +35.920 eV
  772. a 388 a                     +1.319832 H =       +35.914 eV
  771. a 387 a                     +1.319540 H =       +35.907 eV
  770. a 386 a                     +1.319536 H =       +35.906 eV
  769. a 385 a                     +1.318677 H =       +35.883 eV
  768. b 384 a                     +1.312102 H =       +35.704 eV
  767. b 383 a                     +1.312101 H =       +35.704 eV
  766. a 384 a                     +1.309619 H =       +35.637 eV
  765. a 383 a                     +1.309619 H =       +35.637 eV
  764. b 382 a                     +1.294528 H =       +35.226 eV
  763. b 381 a                     +1.294523 H =       +35.226 eV
  762. a 382 a                     +1.293066 H =       +35.186 eV
  761. a 381 a                     +1.293062 H =       +35.186 eV
  760. b 380 a                     +1.279179 H =       +34.808 eV
  759. b 379 a                     +1.277275 H =       +34.756 eV
  758. a 380 a                     +1.275016 H =       +34.695 eV
  757. a 379 a                     +1.274384 H =       +34.678 eV
  756. b 378 a                     +1.273885 H =       +34.664 eV
  755. b 377 a                     +1.273879 H =       +34.664 eV
  754. b 376 a                     +1.272345 H =       +34.622 eV
  753. a 378 a                     +1.272208 H =       +34.619 eV
  752. a 377 a                     +1.268797 H =       +34.526 eV
  751. a 376 a                     +1.268790 H =       +34.526 eV
  750. b 375 a                     +1.235917 H =       +33.631 eV
  749. a 375 a                     +1.232757 H =       +33.545 eV
  748. b 374 a                     +1.216305 H =       +33.097 eV
  747. b 373 a                     +1.216301 H =       +33.097 eV
  746. a 374 a                     +1.213330 H =       +33.016 eV
  745. a 373 a                     +1.213324 H =       +33.016 eV
  744. b 372 a                     +1.193852 H =       +32.486 eV
  743. a 372 a                     +1.193281 H =       +32.471 eV
  742. b 371 a                     +1.185239 H =       +32.252 eV
  741. b 370 a                     +1.185232 H =       +32.252 eV
  740. a 371 a                     +1.184174 H =       +32.223 eV
  739. a 370 a                     +1.184167 H =       +32.223 eV
  738. b 369 a                     +1.178197 H =       +32.060 eV
  737. a 369 a                     +1.177620 H =       +32.045 eV
  736. b 368 a                     +1.150366 H =       +31.303 eV
  735. b 367 a                     +1.150361 H =       +31.303 eV
  734. a 368 a                     +1.149303 H =       +31.274 eV
  733. a 367 a                     +1.149298 H =       +31.274 eV
  732. b 366 a                     +1.139273 H =       +31.001 eV
  731. b 365 a                     +1.137584 H =       +30.955 eV
  730. a 366 a                     +1.135058 H =       +30.887 eV
  729. a 365 a                     +1.133304 H =       +30.839 eV
  728. b 364 a                     +1.110123 H =       +30.208 eV
  727. b 363 a                     +1.110121 H =       +30.208 eV
  726. a 364 a                     +1.109822 H =       +30.200 eV
  725. a 363 a                     +1.109819 H =       +30.200 eV
  724. b 362 a                     +1.102482 H =       +30.000 eV
  723. a 362 a                     +1.102284 H =       +29.995 eV
  722. b 361 a                     +1.098469 H =       +29.891 eV
  721. b 360 a                     +1.096563 H =       +29.839 eV
  720. a 361 a                     +1.096276 H =       +29.831 eV
  719. a 360 a                     +1.095614 H =       +29.813 eV
  718. b 359 a                     +1.081603 H =       +29.432 eV
  717. b 358 a                     +1.081600 H =       +29.432 eV
  716. a 359 a                     +1.078333 H =       +29.343 eV
  715. a 358 a                     +1.078327 H =       +29.343 eV
  714. b 357 a                     +1.071689 H =       +29.162 eV
  713. a 357 a                     +1.070744 H =       +29.136 eV
  712. b 356 a                     +1.070045 H =       +29.117 eV
  711. a 356 a                     +1.069452 H =       +29.101 eV
  710. b 355 a                     +1.026579 H =       +27.935 eV
  709. a 355 a                     +1.025203 H =       +27.897 eV
  708. b 354 a                     +1.022255 H =       +27.817 eV
  707. b 353 a                     +1.020234 H =       +27.762 eV
  706. b 352 a                     +1.020019 H =       +27.756 eV
  705. a 354 a                     +1.019994 H =       +27.755 eV
  704. a 353 a                     +1.019810 H =       +27.750 eV
  703. a 352 a                     +1.019776 H =       +27.750 eV
  702. b 351 a                     +1.004081 H =       +27.322 eV
  701. b 350 a                     +1.004079 H =       +27.322 eV
  700. a 351 a                     +1.002336 H =       +27.275 eV
  699. a 350 a                     +1.002333 H =       +27.275 eV
  698. b 349 a                     +0.986510 H =       +26.844 eV
  697. a 349 a                     +0.983476 H =       +26.762 eV
  696. b 348 a                     +0.979396 H =       +26.651 eV
  695. b 347 a                     +0.979395 H =       +26.651 eV
  694. a 348 a                     +0.977239 H =       +26.592 eV
  693. a 347 a                     +0.977239 H =       +26.592 eV
  692. b 346 a                     +0.967337 H =       +26.323 eV
  691. b 345 a                     +0.967326 H =       +26.322 eV
  690. a 346 a                     +0.965797 H =       +26.281 eV
  689. a 345 a                     +0.965785 H =       +26.280 eV
  688. b 344 a                     +0.959834 H =       +26.118 eV
  687. a 344 a                     +0.957727 H =       +26.061 eV
  686. b 343 a                     +0.945822 H =       +25.737 eV
  685. a 343 a                     +0.944632 H =       +25.705 eV
  684. b 342 a                     +0.941665 H =       +25.624 eV
  683. b 341 a                     +0.941664 H =       +25.624 eV
  682. a 342 a                     +0.941274 H =       +25.613 eV
  681. a 341 a                     +0.941273 H =       +25.613 eV
  680. b 340 a                     +0.935952 H =       +25.469 eV
  679. b 339 a                     +0.935949 H =       +25.468 eV
  678. a 340 a                     +0.935458 H =       +25.455 eV
  677. a 339 a                     +0.935455 H =       +25.455 eV
  676. b 338 a                     +0.922003 H =       +25.089 eV
  675. a 338 a                     +0.921691 H =       +25.080 eV
  674. b 337 a                     +0.906059 H =       +24.655 eV
  673. b 336 a                     +0.906057 H =       +24.655 eV
  672. a 337 a                     +0.905747 H =       +24.647 eV
  671. a 336 a                     +0.905745 H =       +24.647 eV
  670. b 335 a                     +0.904962 H =       +24.625 eV
  669. a 335 a                     +0.904736 H =       +24.619 eV
  668. b 334 a                     +0.867540 H =       +23.607 eV
  667. a 334 a                     +0.866451 H =       +23.577 eV
  666. b 333 a                     +0.865326 H =       +23.547 eV
  665. b 332 a                     +0.865324 H =       +23.547 eV
  664. a 333 a                     +0.864994 H =       +23.538 eV
  663. a 332 a                     +0.864992 H =       +23.538 eV
  662. b 331 a                     +0.862704 H =       +23.475 eV
  661. a 331 a                     +0.862625 H =       +23.473 eV
  660. b 330 a                     +0.856322 H =       +23.302 eV
  659. a 330 a                     +0.855853 H =       +23.289 eV
  658. b 329 a                     +0.855832 H =       +23.288 eV
  657. a 329 a                     +0.854608 H =       +23.255 eV
  656. b 328 a                     +0.854482 H =       +23.252 eV
  655. b 327 a                     +0.854479 H =       +23.252 eV
  654. a 328 a                     +0.853892 H =       +23.236 eV
  653. a 327 a                     +0.853889 H =       +23.235 eV
  652. b 326 a                     +0.848610 H =       +23.092 eV
  651. a 326 a                     +0.847498 H =       +23.062 eV
  650. b 325 a                     +0.836207 H =       +22.754 eV
  649. b 324 a                     +0.836206 H =       +22.754 eV
  648. a 325 a                     +0.835776 H =       +22.743 eV
  647. a 324 a                     +0.835775 H =       +22.743 eV
  646. b 323 a                     +0.834450 H =       +22.707 eV
  645. a 323 a                     +0.832274 H =       +22.647 eV
  644. b 322 a                     +0.826459 H =       +22.489 eV
  643. a 322 a                     +0.824750 H =       +22.443 eV
  642. b 321 a                     +0.821239 H =       +22.347 eV
  641. a 321 a                     +0.820715 H =       +22.333 eV
  640. b 320 a                     +0.817212 H =       +22.237 eV
  639. a 320 a                     +0.815430 H =       +22.189 eV
  638. b 319 a                     +0.812946 H =       +22.121 eV
  637. b 318 a                     +0.812944 H =       +22.121 eV
  636. a 319 a                     +0.811509 H =       +22.082 eV
  635. a 318 a                     +0.811507 H =       +22.082 eV
  634. b 317 a                     +0.811236 H =       +22.075 eV
  633. a 317 a                     +0.810667 H =       +22.059 eV
  632. b 316 a                     +0.809809 H =       +22.036 eV
  631. b 315 a                     +0.808571 H =       +22.002 eV
  630. b 314 a                     +0.808570 H =       +22.002 eV
  629. a 316 a                     +0.808563 H =       +22.002 eV
  628. a 315 a                     +0.808113 H =       +21.990 eV
  627. a 314 a                     +0.808112 H =       +21.990 eV
  626. b 313 a                     +0.802964 H =       +21.850 eV
  625. b 312 a                     +0.802963 H =       +21.850 eV
  624. a 313 a                     +0.802630 H =       +21.841 eV
  623. a 312 a                     +0.802628 H =       +21.841 eV
  622. b 311 a                     +0.796310 H =       +21.669 eV
  621. a 311 a                     +0.796301 H =       +21.668 eV
  620. b 310 a                     +0.792038 H =       +21.552 eV
  619. a 310 a                     +0.791685 H =       +21.543 eV
  618. b 309 a                     +0.784943 H =       +21.359 eV
  617. a 309 a                     +0.783921 H =       +21.332 eV
  616. b 308 a                     +0.783378 H =       +21.317 eV
  615. a 308 a                     +0.782543 H =       +21.294 eV
  614. b 307 a                     +0.777691 H =       +21.162 eV
  613. a 307 a                     +0.775725 H =       +21.109 eV
  612. b 306 a                     +0.773370 H =       +21.044 eV
  611. b 305 a                     +0.773364 H =       +21.044 eV
  610. a 306 a                     +0.772841 H =       +21.030 eV
  609. a 305 a                     +0.772835 H =       +21.030 eV
  608. b 304 a                     +0.770938 H =       +20.978 eV
  607. a 304 a                     +0.770897 H =       +20.977 eV
  606. b 303 a                     +0.769933 H =       +20.951 eV
  605. b 302 a                     +0.769928 H =       +20.951 eV
  604. b 301 a                     +0.769508 H =       +20.939 eV
  603. a 303 a                     +0.769413 H =       +20.937 eV
  602. a 302 a                     +0.769255 H =       +20.933 eV
  601. a 301 a                     +0.769250 H =       +20.932 eV
  600. b 300 a                     +0.761488 H =       +20.721 eV
  599. b 299 a                     +0.761478 H =       +20.721 eV
  598. b 298 a                     +0.761290 H =       +20.716 eV
  597. a 300 a                     +0.761240 H =       +20.714 eV
  596. a 299 a                     +0.761045 H =       +20.709 eV
  595. b 297 a                     +0.760959 H =       +20.707 eV
  594. b 296 a                     +0.760954 H =       +20.707 eV
  593. a 298 a                     +0.760444 H =       +20.693 eV
  592. a 297 a                     +0.760439 H =       +20.693 eV
  591. a 296 a                     +0.760231 H =       +20.687 eV
  590. b 295 a                     +0.754472 H =       +20.530 eV
  589. a 295 a                     +0.753253 H =       +20.497 eV
  588. b 294 a                     +0.753046 H =       +20.491 eV
  587. a 294 a                     +0.752761 H =       +20.484 eV
  586. b 293 a                     +0.743007 H =       +20.218 eV
  585. a 293 a                     +0.742557 H =       +20.206 eV
  584. b 292 a                     +0.731805 H =       +19.913 eV
  583. b 291 a                     +0.731800 H =       +19.913 eV
  582. a 292 a                     +0.731401 H =       +19.902 eV
  581. a 291 a                     +0.731395 H =       +19.902 eV
  580. b 290 a                     +0.728830 H =       +19.832 eV
  579. a 290 a                     +0.728802 H =       +19.832 eV
  578. b 289 a                     +0.725393 H =       +19.739 eV
  577. a 289 a                     +0.724700 H =       +19.720 eV
  576. b 288 a                     +0.722707 H =       +19.666 eV
  575. a 288 a                     +0.722676 H =       +19.665 eV
  574. b 287 a                     +0.722072 H =       +19.649 eV
  573. b 286 a                     +0.722071 H =       +19.649 eV
  572. a 287 a                     +0.720906 H =       +19.617 eV
  571. a 286 a                     +0.720905 H =       +19.617 eV
  570. b 285 a                     +0.718486 H =       +19.551 eV
  569. a 285 a                     +0.717102 H =       +19.513 eV
  568. b 284 a                     +0.714091 H =       +19.431 eV
  567. b 283 a                     +0.714088 H =       +19.431 eV
  566. a 284 a                     +0.712599 H =       +19.391 eV
  565. a 283 a                     +0.712595 H =       +19.391 eV
  564. b 282 a                     +0.707141 H =       +19.242 eV
  563. b 281 a                     +0.707138 H =       +19.242 eV
  562. a 282 a                     +0.707041 H =       +19.240 eV
  561. a 281 a                     +0.707038 H =       +19.239 eV
  560. b 280 a                     +0.694974 H =       +18.911 eV
  559. a 280 a                     +0.693100 H =       +18.860 eV
  558. b 279 a                     +0.686359 H =       +18.677 eV
  557. b 278 a                     +0.686356 H =       +18.677 eV
  556. a 279 a                     +0.686212 H =       +18.673 eV
  555. a 278 a                     +0.686209 H =       +18.673 eV
  554. b 277 a                     +0.679720 H =       +18.496 eV
  553. a 277 a                     +0.678870 H =       +18.473 eV
  552. b 276 a                     +0.674217 H =       +18.346 eV
  551. a 276 a                     +0.674156 H =       +18.345 eV
  550. b 275 a                     +0.672129 H =       +18.290 eV
  549. b 274 a                     +0.672125 H =       +18.289 eV
  548. a 275 a                     +0.670982 H =       +18.258 eV
  547. a 274 a                     +0.670980 H =       +18.258 eV
  546. b 273 a                     +0.670592 H =       +18.248 eV
  545. a 273 a                     +0.670533 H =       +18.246 eV
  544. b 272 a                     +0.663993 H =       +18.068 eV
  543. b 271 a                     +0.663969 H =       +18.068 eV
  542. a 272 a                     +0.663154 H =       +18.045 eV
  541. a 271 a                     +0.663128 H =       +18.045 eV
  540. b 270 a                     +0.647625 H =       +17.623 eV
  539. a 270 a                     +0.644816 H =       +17.546 eV
  538. b 269 a                     +0.643915 H =       +17.522 eV
  537. b 268 a                     +0.643913 H =       +17.522 eV
  536. a 269 a                     +0.643194 H =       +17.502 eV
  535. a 268 a                     +0.643193 H =       +17.502 eV
  534. b 267 a                     +0.609125 H =       +16.575 eV
  533. a 267 a                     +0.608555 H =       +16.560 eV
  532. b 266 a                     +0.608434 H =       +16.556 eV
  531. a 266 a                     +0.608163 H =       +16.549 eV
  530. b 265 a                     +0.608070 H =       +16.546 eV
  529. b 264 a                     +0.608065 H =       +16.546 eV
  528. a 265 a                     +0.606911 H =       +16.515 eV
  527. a 264 a                     +0.606906 H =       +16.515 eV
  526. b 263 a                     +0.599484 H =       +16.313 eV
  525. a 263 a                     +0.596532 H =       +16.232 eV
  524. b 262 a                     +0.584029 H =       +15.892 eV
  523. b 261 a                     +0.584017 H =       +15.892 eV
  522. a 262 a                     +0.582596 H =       +15.853 eV
  521. a 261 a                     +0.582583 H =       +15.853 eV
  520. b 260 a                     +0.579503 H =       +15.769 eV
  519. a 260 a                     +0.578650 H =       +15.746 eV
  518. b 259 a                     +0.577103 H =       +15.704 eV
  517. a 259 a                     +0.576759 H =       +15.694 eV
  516. b 258 a                     +0.573711 H =       +15.611 eV
  515. a 258 a                     +0.573319 H =       +15.601 eV
  514. b 257 a                     +0.562868 H =       +15.316 eV
  513. a 257 a                     +0.562181 H =       +15.298 eV
  512. b 256 a                     +0.560376 H =       +15.249 eV
  511. b 255 a                     +0.560048 H =       +15.240 eV
  510. b 254 a                     +0.560042 H =       +15.240 eV
  509. a 256 a                     +0.559721 H =       +15.231 eV
  508. a 255 a                     +0.559412 H =       +15.222 eV
  507. a 254 a                     +0.559407 H =       +15.222 eV
  506. b 253 a                     +0.558710 H =       +15.203 eV
  505. a 253 a                     +0.558150 H =       +15.188 eV
  504. b 252 a                     +0.550728 H =       +14.986 eV
  503. b 251 a                     +0.550725 H =       +14.986 eV
  502. a 252 a                     +0.550544 H =       +14.981 eV
  501. a 251 a                     +0.550540 H =       +14.981 eV
  500. b 250 a                     +0.531516 H =       +14.463 eV
  499. a 250 a                     +0.530799 H =       +14.444 eV
  498. b 249 a                     +0.529818 H =       +14.417 eV
  497. a 249 a                     +0.529185 H =       +14.400 eV
  496. b 248 a                     +0.525137 H =       +14.290 eV
  495. b 247 a                     +0.525135 H =       +14.290 eV
  494. a 248 a                     +0.523570 H =       +14.247 eV
  493. a 247 a                     +0.523568 H =       +14.247 eV
  492. b 246 a                     +0.521593 H =       +14.193 eV
  491. b 245 a                     +0.521329 H =       +14.186 eV
  490. a 246 a                     +0.521278 H =       +14.185 eV
  489. a 245 a                     +0.519130 H =       +14.126 eV
  488. b 244 a                     +0.518567 H =       +14.111 eV
  487. a 244 a                     +0.518510 H =       +14.109 eV
  486. b 243 a                     +0.515972 H =       +14.040 eV
  485. a 243 a                     +0.514668 H =       +14.005 eV
  484. b 242 a                     +0.493278 H =       +13.423 eV
  483. b 241 a                     +0.493273 H =       +13.423 eV
  482. a 242 a                     +0.492708 H =       +13.407 eV
  481. a 241 a                     +0.492702 H =       +13.407 eV
  480. a 240 a                     +0.492249 H =       +13.395 eV
  479. b 240 a                     +0.492197 H =       +13.393 eV
  478. b 239 a                     +0.474146 H =       +12.902 eV
  477. b 238 a                     +0.474139 H =       +12.902 eV
  476. b 237 a                     +0.474132 H =       +12.902 eV
  475. a 239 a                     +0.474103 H =       +12.901 eV
  474. a 238 a                     +0.472927 H =       +12.869 eV
  473. a 237 a                     +0.472919 H =       +12.869 eV
  472. b 236 a                     +0.472165 H =       +12.848 eV
  471. a 236 a                     +0.471999 H =       +12.844 eV
  470. b 235 a                     +0.467082 H =       +12.710 eV
  469. b 234 a                     +0.467079 H =       +12.710 eV
  468. a 235 a                     +0.466896 H =       +12.705 eV
  467. a 234 a                     +0.466893 H =       +12.705 eV
  466. b 233 a                     +0.456197 H =       +12.414 eV
  465. a 233 a                     +0.456055 H =       +12.410 eV
  464. b 232 a                     +0.454973 H =       +12.380 eV
  463. a 232 a                     +0.452481 H =       +12.313 eV
  462. b 231 a                     +0.452035 H =       +12.301 eV
  461. a 231 a                     +0.451944 H =       +12.298 eV
  460. b 230 a                     +0.451049 H =       +12.274 eV
  459. a 230 a                     +0.450236 H =       +12.252 eV
  458. b 229 a                     +0.440760 H =       +11.994 eV
  457. b 228 a                     +0.440747 H =       +11.993 eV
  456. a 229 a                     +0.440113 H =       +11.976 eV
  455. a 228 a                     +0.440105 H =       +11.976 eV
  454. b 227 a                     +0.439082 H =       +11.948 eV
  453. b 226 a                     +0.439078 H =       +11.948 eV
  452. a 227 a                     +0.438359 H =       +11.928 eV
  451. a 226 a                     +0.438349 H =       +11.928 eV
  450. b 225 a                     +0.416699 H =       +11.339 eV
  449. a 225 a                     +0.410235 H =       +11.163 eV
  448. b 224 a                     +0.408804 H =       +11.124 eV
  447. b 223 a                     +0.408757 H =       +11.123 eV
  446. a 224 a                     +0.407903 H =       +11.100 eV
  445. a 223 a                     +0.407855 H =       +11.098 eV
  444. b 222 a                     +0.403278 H =       +10.974 eV
  443. a 222 a                     +0.401783 H =       +10.933 eV
  442. b 221 a                     +0.393391 H =       +10.705 eV
  441. a 221 a                     +0.391203 H =       +10.645 eV
  440. b 220 a                     +0.389463 H =       +10.598 eV
  439. b 219 a                     +0.389457 H =       +10.598 eV
  438. a 220 a                     +0.388299 H =       +10.566 eV
  437. a 219 a                     +0.388294 H =       +10.566 eV
  436. b 218 a                     +0.381657 H =       +10.385 eV
  435. b 217 a                     +0.381632 H =       +10.385 eV
  434. a 218 a                     +0.381159 H =       +10.372 eV
  433. a 217 a                     +0.381134 H =       +10.371 eV
  432. b 216 a                     +0.370723 H =       +10.088 eV
  431. a 216 a                     +0.369035 H =       +10.042 eV
  430. b 215 a                     +0.362320 H =        +9.859 eV
  429. a 215 a                     +0.361758 H =        +9.844 eV
  428. b 214 a                     +0.361269 H =        +9.831 eV
  427. b 213 a                     +0.360306 H =        +9.804 eV
  426. b 212 a                     +0.360298 H =        +9.804 eV
  425. a 214 a                     +0.360109 H =        +9.799 eV
  424. a 213 a                     +0.359671 H =        +9.787 eV
  423. a 212 a                     +0.359663 H =        +9.787 eV
  422. b 211 a                     +0.356168 H =        +9.692 eV
  421. b 210 a                     +0.355312 H =        +9.669 eV
  420. a 211 a                     +0.355067 H =        +9.662 eV
  419. a 210 a                     +0.353811 H =        +9.628 eV
  418. b 209 a                     +0.348205 H =        +9.475 eV
  417. a 209 a                     +0.347360 H =        +9.452 eV
  416. b 208 a                     +0.343730 H =        +9.353 eV
  415. b 207 a                     +0.343728 H =        +9.353 eV
  414. a 208 a                     +0.342570 H =        +9.322 eV
  413. a 207 a                     +0.342568 H =        +9.322 eV
  412. b 206 a                     +0.326030 H =        +8.872 eV
  411. a 206 a                     +0.323916 H =        +8.814 eV
  410. b 205 a                     +0.323517 H =        +8.803 eV
  409. b 204 a                     +0.323504 H =        +8.803 eV
  408. a 205 a                     +0.322718 H =        +8.782 eV
  407. a 204 a                     +0.322705 H =        +8.781 eV
  406. b 203 a                     +0.320933 H =        +8.733 eV
  405. a 203 a                     +0.319800 H =        +8.702 eV
  404. b 202 a                     +0.317595 H =        +8.642 eV
  403. a 202 a                     +0.316923 H =        +8.624 eV
  402. b 201 a                     +0.314090 H =        +8.547 eV
  401. b 200 a                     +0.312729 H =        +8.510 eV
  400. a 201 a                     +0.312500 H =        +8.504 eV
  399. a 200 a                     +0.312244 H =        +8.497 eV
  398. b 199 a                     +0.287189 H =        +7.815 eV
  397. b 198 a                     +0.286390 H =        +7.793 eV
  396. b 197 a                     +0.286385 H =        +7.793 eV
  395. a 199 a                     +0.286326 H =        +7.791 eV
  394. a 198 a                     +0.285603 H =        +7.772 eV
  393. a 197 a                     +0.285596 H =        +7.771 eV
  392. b 196 a                     +0.280475 H =        +7.632 eV
  391. b 195 a                     +0.280466 H =        +7.632 eV
  390. a 196 a                     +0.279217 H =        +7.598 eV
  389. a 195 a                     +0.279207 H =        +7.598 eV
  388. b 194 a                     +0.275422 H =        +7.495 eV
  387. a 194 a                     +0.272189 H =        +7.407 eV
  386. b 193 a                     +0.263194 H =        +7.162 eV
  385. b 192 a                     +0.263187 H =        +7.162 eV
  384. a 193 a                     +0.262727 H =        +7.149 eV
  383. a 192 a                     +0.262721 H =        +7.149 eV
  382. b 191 a                     +0.253320 H =        +6.893 eV
  381. b 190 a                     +0.252169 H =        +6.862 eV
  380. a 191 a                     +0.250793 H =        +6.824 eV
  379. a 190 a                     +0.249279 H =        +6.783 eV
  378. b 189 a                     +0.244656 H =        +6.657 eV
  377. a 189 a                     +0.244475 H =        +6.653 eV
  376. b 188 a                     +0.242559 H =        +6.600 eV
  375. b 187 a                     +0.242549 H =        +6.600 eV
  374. a 188 a                     +0.241082 H =        +6.560 eV
  373. a 187 a                     +0.241073 H =        +6.560 eV
  372. b 186 a                     +0.240769 H =        +6.552 eV
  371. b 185 a                     +0.240134 H =        +6.534 eV
  370. a 186 a                     +0.240071 H =        +6.533 eV
  369. a 185 a                     +0.239951 H =        +6.529 eV
  368. b 184 a                     +0.235911 H =        +6.419 eV
  367. b 183 a                     +0.235906 H =        +6.419 eV
  366. a 184 a                     +0.235705 H =        +6.414 eV
  365. a 183 a                     +0.235699 H =        +6.414 eV
  364. b 182 a                     +0.231764 H =        +6.307 eV
  363. a 182 a                     +0.230872 H =        +6.282 eV
  362. b 181 a                     +0.225038 H =        +6.124 eV
  361. b 180 a                     +0.225036 H =        +6.124 eV
  360. b 179 a                     +0.223519 H =        +6.082 eV
  359. a 181 a                     +0.223178 H =        +6.073 eV
  358. a 180 a                     +0.223177 H =        +6.073 eV
  357. a 179 a                     +0.222650 H =        +6.059 eV
  356. b 178 a                     +0.221348 H =        +6.023 eV
  355. a 178 a                     +0.219861 H =        +5.983 eV
  354. b 177 a                     +0.211641 H =        +5.759 eV
  353. a 177 a                     +0.210606 H =        +5.731 eV
  352. b 176 a                     +0.208366 H =        +5.670 eV
  351. a 176 a                     +0.207942 H =        +5.658 eV
  350. b 175 a                     +0.203027 H =        +5.525 eV
  349. a 175 a                     +0.203017 H =        +5.524 eV
  348. a 174 a                     +0.202951 H =        +5.523 eV
  347. b 174 a                     +0.202938 H =        +5.522 eV
  346. b 173 a                     +0.201569 H =        +5.485 eV
  345. b 172 a                     +0.201565 H =        +5.485 eV
  344. a 173 a                     +0.201045 H =        +5.471 eV
  343. a 172 a                     +0.201041 H =        +5.471 eV
  342. b 171 a                     +0.199937 H =        +5.441 eV
  341. a 171 a                     +0.199621 H =        +5.432 eV
  340. b 170 a                     +0.194995 H =        +5.306 eV
  339. a 170 a                     +0.194157 H =        +5.283 eV
  338. b 169 a                     +0.188215 H =        +5.122 eV
  337. b 168 a                     +0.188208 H =        +5.121 eV
  336. a 169 a                     +0.187696 H =        +5.107 eV
  335. a 168 a                     +0.187689 H =        +5.107 eV
  334. b 167 a                     +0.180267 H =        +4.905 eV
  333. a 167 a                     +0.177849 H =        +4.840 eV
  332. b 166 a                     +0.174001 H =        +4.735 eV
  331. a 166 a                     +0.172355 H =        +4.690 eV
  330. b 165 a                     +0.166640 H =        +4.535 eV
  329. b 164 a                     +0.166637 H =        +4.534 eV
  328. a 165 a                     +0.165445 H =        +4.502 eV
  327. a 164 a                     +0.165444 H =        +4.502 eV
  326. b 163 a                     +0.152802 H =        +4.158 eV
  325. a 163 a                     +0.152175 H =        +4.141 eV
  324. b 162 a                     +0.152166 H =        +4.141 eV
  323. b 161 a                     +0.152159 H =        +4.140 eV
  322. b 160 a                     +0.152036 H =        +4.137 eV
  321. a 162 a                     +0.151932 H =        +4.134 eV
  320. a 161 a                     +0.151925 H =        +4.134 eV
  319. a 160 a                     +0.151909 H =        +4.134 eV
  318. a 159 a                     +0.150526 H =        +4.096 eV
  317. b 159 a                     +0.150460 H =        +4.094 eV
  316. b 158 a                     +0.142021 H =        +3.865 eV
  315. b 157 a                     +0.142018 H =        +3.864 eV
  314. a 158 a                     +0.141634 H =        +3.854 eV
  313. a 157 a                     +0.141631 H =        +3.854 eV
  312. b 156 a                     +0.128368 H =        +3.493 eV
  311. a 156 a                     +0.127988 H =        +3.483 eV
  310. b 155 a                     +0.116298 H =        +3.165 eV
  309. b 154 a                     +0.116297 H =        +3.165 eV
  308. a 155 a                     +0.115215 H =        +3.135 eV
  307. a 154 a                     +0.115213 H =        +3.135 eV
  306. b 153 a                     +0.114244 H =        +3.109 eV
  305. b 152 a                     +0.114110 H =        +3.105 eV
  304. a 153 a                     +0.113715 H =        +3.094 eV
  303. b 151 a                     +0.111415 H =        +3.032 eV
  302. a 152 a                     +0.111391 H =        +3.031 eV
  301. a 151 a                     +0.110728 H =        +3.013 eV
  300. b 150 a                     +0.104964 H =        +2.856 eV
  299. a 150 a                     +0.104568 H =        +2.845 eV
  298. b 149 a                     +0.104216 H =        +2.836 eV
  297. a 149 a                     +0.103808 H =        +2.825 eV
  296. b 148 a                     +0.102781 H =        +2.797 eV
  295. a 148 a                     +0.100902 H =        +2.746 eV
  294. b 147 a                     +0.092762 H =        +2.524 eV
  293. b 146 a                     +0.092741 H =        +2.524 eV
  292. a 147 a                     +0.092459 H =        +2.516 eV
  291. a 146 a                     +0.092438 H =        +2.515 eV
  290. b 145 a                     +0.082740 H =        +2.251 eV
  289. b 144 a                     +0.082727 H =        +2.251 eV
  288. a 145 a                     +0.082275 H =        +2.239 eV
  287. a 144 a                     +0.082261 H =        +2.238 eV
  286. b 143 a                     +0.078539 H =        +2.137 eV
  285. a 143 a                     +0.076461 H =        +2.081 eV
  284. b 142 a                     +0.073747 H =        +2.007 eV
  283. a 142 a                     +0.072027 H =        +1.960 eV
  282. b 141 a                     +0.063749 H =        +1.735 eV
  281. b 140 a                     +0.063746 H =        +1.735 eV
  280. a 141 a                     +0.063582 H =        +1.730 eV
  279. a 140 a                     +0.063579 H =        +1.730 eV
  278. b 139 a                     +0.062979 H =        +1.714 eV
  277. a 139 a                     +0.062663 H =        +1.705 eV
  276. b 138 a                     +0.056948 H =        +1.550 eV
  275. b 137 a                     +0.056563 H =        +1.539 eV
  274. a 138 a                     +0.056310 H =        +1.532 eV
  273. a 137 a                     +0.056157 H =        +1.528 eV
  272. b 136 a                     +0.049747 H =        +1.354 eV
  271. b 135 a                     +0.049744 H =        +1.354 eV
  270. a 136 a                     +0.049429 H =        +1.345 eV
  269. a 135 a                     +0.049426 H =        +1.345 eV
  268. b 134 a                     +0.043691 H =        +1.189 eV
  267. b 133 a                     +0.043687 H =        +1.189 eV
  266. a 134 a                     +0.043184 H =        +1.175 eV
  265. a 133 a                     +0.043180 H =        +1.175 eV
  264. b 132 a                     +0.043158 H =        +1.174 eV
  263. a 132 a                     +0.042741 H =        +1.163 eV
  262. b 131 a                     +0.038081 H =        +1.036 eV
  261. a 131 a                     +0.037958 H =        +1.033 eV
  260. b 130 a                     +0.035690 H =        +0.971 eV
  259. a 130 a                     +0.035247 H =        +0.959 eV
  258. b 129 a                     +0.029112 H =        +0.792 eV
  257. a 129 a                     +0.024001 H =        +0.653 eV
  256. b 128 a                     +0.017091 H =        +0.465 eV
  255. b 127 a                     +0.017088 H =        +0.465 eV
  254. a 128 a                     +0.016419 H =        +0.447 eV
  253. a 127 a                     +0.016416 H =        +0.447 eV
  252. b 126 a                     +0.011532 H =        +0.314 eV
  251. a 126 a                     +0.000661 H =        +0.018 eV
  250. b 125 a                     -0.031207 H =        -0.849 eV
  249. b 124 a                     -0.031219 H =        -0.850 eV
  248. a 125 a                     -0.034940 H =        -0.951 eV
  247. a 124 a                     -0.034955 H =        -0.951 eV
  246. b 123 a                     -0.061284 H =        -1.668 eV
  245. b 122 a                     -0.062612 H =        -1.704 eV
  244. b 121 a                     -0.069269 H =        -1.885 eV
  243. a 123 a                     -0.071508 H =        -1.946 eV
  242. a 122 a                     -0.074488 H =        -2.027 eV
  241. a 121 a        1.000        -0.126027 H =        -3.429 eV
  240. a 120 a        1.000        -0.178869 H =        -4.867 eV
  239. b 120 a        1.000        -0.179661 H =        -4.889 eV
  238. b 119 a        1.000        -0.184214 H =        -5.013 eV
  237. b 118 a        1.000        -0.184234 H =        -5.013 eV
  236. a 119 a        1.000        -0.184584 H =        -5.023 eV
  235. a 118 a        1.000        -0.184606 H =        -5.023 eV
  234. b 117 a        1.000        -0.202467 H =        -5.509 eV
  233. b 116 a        1.000        -0.202472 H =        -5.510 eV
  232. a 117 a        1.000        -0.202555 H =        -5.512 eV
  231. a 116 a        1.000        -0.202560 H =        -5.512 eV
  230. b 115 a        1.000        -0.209950 H =        -5.713 eV
  229. a 115 a        1.000        -0.210571 H =        -5.730 eV
  228. b 114 a        1.000        -0.211710 H =        -5.761 eV
  227. b 113 a        1.000        -0.211721 H =        -5.761 eV
  226. b 112 a        1.000        -0.214214 H =        -5.829 eV
  225. b 111 a        1.000        -0.214359 H =        -5.833 eV
  224. a 114 a        1.000        -0.214416 H =        -5.835 eV
  223. a 113 a        1.000        -0.214536 H =        -5.838 eV
  222. a 112 a        1.000        -0.215669 H =        -5.869 eV
  221. a 111 a        1.000        -0.215673 H =        -5.869 eV
  220. a 110 a        1.000        -0.219639 H =        -5.977 eV
  219. b 110 a        1.000        -0.219641 H =        -5.977 eV
  218. b 109 a        1.000        -0.237354 H =        -6.459 eV
  217. b 108 a        1.000        -0.237364 H =        -6.459 eV
  216. b 107 a        1.000        -0.238184 H =        -6.481 eV
  215. a 109 a        1.000        -0.238688 H =        -6.495 eV
  214. a 108 a        1.000        -0.238690 H =        -6.495 eV
  213. a 107 a        1.000        -0.242936 H =        -6.611 eV
  212. b 106 a        1.000        -0.267199 H =        -7.271 eV
  211. b 105 a        1.000        -0.270041 H =        -7.348 eV
  210. a 106 a        1.000        -0.272492 H =        -7.415 eV
  209. b 104 a        1.000        -0.273137 H =        -7.432 eV
  208. b 103 a        1.000        -0.273140 H =        -7.433 eV
  207. a 105 a        1.000        -0.274332 H =        -7.465 eV
  206. b 102 a        1.000        -0.275021 H =        -7.484 eV
  205. b 101 a        1.000        -0.275422 H =        -7.495 eV
  204. a 104 a        1.000        -0.276564 H =        -7.526 eV
  203. a 103 a        1.000        -0.276567 H =        -7.526 eV
  202. a 102 a        1.000        -0.281713 H =        -7.666 eV
  201. a 101 a        1.000        -0.294602 H =        -8.017 eV
  200. b 100 a        1.000        -0.330157 H =        -8.984 eV
  199. a 100 a        1.000        -0.330167 H =        -8.984 eV
  198. b  99 a        1.000        -0.330167 H =        -8.984 eV
  197. b  98 a        1.000        -0.330169 H =        -8.984 eV
  196. a  99 a        1.000        -0.330175 H =        -8.985 eV
  195. a  98 a        1.000        -0.330176 H =        -8.985 eV
  194. b  97 a        1.000        -0.330196 H =        -8.985 eV
  193. a  97 a        1.000        -0.330209 H =        -8.985 eV
  192. b  96 a        1.000        -0.332097 H =        -9.037 eV
  191. b  95 a        1.000        -0.332099 H =        -9.037 eV
  190. a  96 a        1.000        -0.332116 H =        -9.037 eV
  189. a  95 a        1.000        -0.332117 H =        -9.037 eV
  188. b  94 a        1.000        -0.332958 H =        -9.060 eV
  187. a  94 a        1.000        -0.332961 H =        -9.060 eV
  186. b  93 a        1.000        -0.333161 H =        -9.066 eV
  185. a  93 a        1.000        -0.333177 H =        -9.066 eV
  184. b  92 a        1.000        -0.334074 H =        -9.091 eV
  183. b  91 a        1.000        -0.334075 H =        -9.091 eV
  182. a  92 a        1.000        -0.334095 H =        -9.091 eV
  181. a  91 a        1.000        -0.334095 H =        -9.091 eV
  180. b  90 a        1.000        -0.348126 H =        -9.473 eV
  179. b  89 a        1.000        -0.348127 H =        -9.473 eV
  178. a  90 a        1.000        -0.348140 H =        -9.473 eV
  177. a  89 a        1.000        -0.348141 H =        -9.473 eV
  176. b  88 a        1.000        -0.348615 H =        -9.486 eV
  175. a  88 a        1.000        -0.348625 H =        -9.487 eV
  174. b  87 a        1.000        -0.348628 H =        -9.487 eV
  173. a  87 a        1.000        -0.348639 H =        -9.487 eV
  172. b  86 a        1.000        -0.350945 H =        -9.550 eV
  171. b  85 a        1.000        -0.350959 H =        -9.550 eV
  170. b  84 a        1.000        -0.350959 H =        -9.550 eV
  169. a  86 a        1.000        -0.350976 H =        -9.551 eV
  168. a  85 a        1.000        -0.350977 H =        -9.551 eV
  167. a  84 a        1.000        -0.351026 H =        -9.552 eV
  166. b  83 a        1.000        -0.351520 H =        -9.565 eV
  165. a  83 a        1.000        -0.351585 H =        -9.567 eV
  164. b  82 a        1.000        -0.358152 H =        -9.746 eV
  163. b  81 a        1.000        -0.358260 H =        -9.749 eV
  162. a  82 a        1.000        -0.358493 H =        -9.755 eV
  161. a  81 a        1.000        -0.358542 H =        -9.756 eV
  160. b  80 a        1.000        -0.475487 H =       -12.939 eV
  159. b  79 a        1.000        -0.475487 H =       -12.939 eV
  158. a  80 a        1.000        -0.475506 H =       -12.939 eV
  157. a  79 a        1.000        -0.475506 H =       -12.939 eV
  156. b  78 a        1.000        -0.480428 H =       -13.073 eV
  155. a  78 a        1.000        -0.480462 H =       -13.074 eV
  154. b  77 a        1.000        -0.480551 H =       -13.076 eV
  153. a  77 a        1.000        -0.480590 H =       -13.078 eV
  152. a  76 a        1.000        -0.489592 H =       -13.322 eV
  151. b  76 a        1.000        -0.489599 H =       -13.323 eV
  150. a  75 a        1.000        -0.489600 H =       -13.323 eV
  149. b  75 a        1.000        -0.489607 H =       -13.323 eV
  148. b  74 a        1.000        -0.489916 H =       -13.331 eV
  147. b  73 a        1.000        -0.489917 H =       -13.331 eV
  146. a  74 a        1.000        -0.489949 H =       -13.332 eV
  145. a  73 a        1.000        -0.489949 H =       -13.332 eV
  144. b  72 a        1.000        -0.492555 H =       -13.403 eV
  143. b  71 a        1.000        -0.492568 H =       -13.403 eV
  142. a  72 a        1.000        -0.492597 H =       -13.404 eV
  141. a  71 a        1.000        -0.492616 H =       -13.405 eV
  140. a  70 a        1.000        -0.495562 H =       -13.485 eV
  139. a  69 a        1.000        -0.495563 H =       -13.485 eV
  138. b  70 a        1.000        -0.495565 H =       -13.485 eV
  137. b  69 a        1.000        -0.495566 H =       -13.485 eV
  136. b  68 a        1.000        -0.597048 H =       -16.247 eV
  135. b  67 a        1.000        -0.598012 H =       -16.273 eV
  134. b  66 a        1.000        -0.598043 H =       -16.274 eV
  133. a  68 a        1.000        -0.599070 H =       -16.302 eV
  132. a  67 a        1.000        -0.599480 H =       -16.313 eV
  131. a  66 a        1.000        -0.599514 H =       -16.314 eV
  130. b  65 a        1.000        -0.614007 H =       -16.708 eV
  129. a  65 a        1.000        -0.615473 H =       -16.748 eV
  128. b  64 a        1.000        -0.648122 H =       -17.636 eV
  127. b  63 a        1.000        -0.648123 H =       -17.636 eV
  126. a  64 a        1.000        -0.648159 H =       -17.637 eV
  125. a  63 a        1.000        -0.648159 H =       -17.637 eV
  124. a  62 a        1.000        -0.650262 H =       -17.695 eV
  123. a  61 a        1.000        -0.650265 H =       -17.695 eV
  122. b  62 a        1.000        -0.650292 H =       -17.695 eV
  121. b  61 a        1.000        -0.650294 H =       -17.695 eV
  120. a  60 a        1.000        -0.651338 H =       -17.724 eV
  119. a  59 a        1.000        -0.651341 H =       -17.724 eV
  118. b  60 a        1.000        -0.651370 H =       -17.725 eV
  117. b  59 a        1.000        -0.651372 H =       -17.725 eV
  116. b  58 a        1.000        -0.651661 H =       -17.733 eV
  115. b  57 a        1.000        -0.651683 H =       -17.733 eV
  114. a  58 a        1.000        -0.651697 H =       -17.734 eV
  113. a  57 a        1.000        -0.651720 H =       -17.734 eV
  112. b  56 a        1.000        -0.807040 H =       -21.961 eV
  111. b  55 a        1.000        -0.807042 H =       -21.961 eV
  110. a  56 a        1.000        -0.807071 H =       -21.962 eV
  109. a  55 a        1.000        -0.807072 H =       -21.962 eV
  108. b  54 a        1.000        -0.817387 H =       -22.242 eV
  107. a  54 a        1.000        -0.817390 H =       -22.242 eV
  106. b  53 a        1.000        -0.817403 H =       -22.243 eV
  105. a  53 a        1.000        -0.817408 H =       -22.243 eV
  104. b  51 a        1.000        -0.994819 H =       -27.070 eV
  103. b  52 a        1.000        -0.994820 H =       -27.070 eV
  102. b  50 a        1.000        -0.995476 H =       -27.088 eV
  101. b  49 a        1.000        -0.995649 H =       -27.093 eV
  100. a  52 a        1.000        -0.995777 H =       -27.096 eV
   99. a  51 a        1.000        -0.995955 H =       -27.101 eV
   98. a  50 a        1.000        -0.996416 H =       -27.114 eV
   97. a  49 a        1.000        -0.996417 H =       -27.114 eV
   96. b  48 a        1.000        -1.001962 H =       -27.265 eV
   95. b  47 a        1.000        -1.001964 H =       -27.265 eV
   94. a  48 a        1.000        -1.002582 H =       -27.282 eV
   93. a  47 a        1.000        -1.002584 H =       -27.282 eV
   92. b  46 a        1.000        -1.513236 H =       -41.177 eV
   91. b  45 a        1.000        -1.533661 H =       -41.733 eV
   90. b  44 a        1.000        -1.533669 H =       -41.733 eV
   89. a  46 a        1.000        -1.548630 H =       -42.140 eV
   88. a  45 a        1.000        -1.549077 H =       -42.153 eV
   87. a  44 a        1.000        -1.549078 H =       -42.153 eV
   86. b  43 a        1.000        -1.779193 H =       -48.414 eV
   85. b  42 a        1.000        -1.779197 H =       -48.414 eV
   84. a  43 a        1.000        -1.779779 H =       -48.430 eV
   83. a  42 a        1.000        -1.779784 H =       -48.430 eV
   82. b  41 a        1.000        -2.518546 H =       -68.533 eV
   81. a  41 a        1.000        -2.536986 H =       -69.035 eV
   80. b  40 a        1.000        -5.740681 H =      -156.212 eV
   79. b  39 a        1.000        -5.740681 H =      -156.212 eV
   78. b  38 a        1.000        -5.740685 H =      -156.212 eV
   77. b  37 a        1.000        -5.740685 H =      -156.212 eV
   76. a  40 a        1.000        -5.741606 H =      -156.237 eV
   75. a  39 a        1.000        -5.741607 H =      -156.237 eV
   74. a  38 a        1.000        -5.741611 H =      -156.237 eV
   73. a  37 a        1.000        -5.741613 H =      -156.237 eV
   72. a  36 a        1.000        -5.741765 H =      -156.241 eV
   71. a  35 a        1.000        -5.741766 H =      -156.241 eV
   70. a  34 a        1.000        -5.741768 H =      -156.241 eV
   69. a  33 a        1.000        -5.741769 H =      -156.242 eV
   68. b  36 a        1.000        -5.741895 H =      -156.245 eV
   67. b  35 a        1.000        -5.741897 H =      -156.245 eV
   66. b  34 a        1.000        -5.741897 H =      -156.245 eV
   65. b  33 a        1.000        -5.741899 H =      -156.245 eV
   64. a  32 a        1.000        -5.741946 H =      -156.246 eV
   63. a  31 a        1.000        -5.741948 H =      -156.246 eV
   62. b  32 a        1.000        -5.741951 H =      -156.246 eV
   61. a  30 a        1.000        -5.741951 H =      -156.246 eV
   60. a  29 a        1.000        -5.741952 H =      -156.246 eV
   59. b  31 a        1.000        -5.741952 H =      -156.246 eV
   58. b  30 a        1.000        -5.741955 H =      -156.247 eV
   57. b  29 a        1.000        -5.741958 H =      -156.247 eV
   56. b  28 a        1.000        -7.795418 H =      -212.124 eV
   55. b  27 a        1.000        -7.795420 H =      -212.124 eV
   54. b  26 a        1.000        -7.795423 H =      -212.124 eV
   53. b  25 a        1.000        -7.795424 H =      -212.124 eV
   52. a  28 a        1.000        -7.795588 H =      -212.129 eV
   51. a  27 a        1.000        -7.795589 H =      -212.129 eV
   50. a  26 a        1.000        -7.795593 H =      -212.129 eV
   49. a  25 a        1.000        -7.795594 H =      -212.129 eV
   48. b  24 a        1.000       -10.098546 H =      -274.795 eV
   47. b  23 a        1.000       -10.098551 H =      -274.796 eV
   46. b  22 a        1.000       -10.098561 H =      -274.796 eV
   45. b  21 a        1.000       -10.098563 H =      -274.796 eV
   44. a  24 a        1.000       -10.098596 H =      -274.797 eV
   43. a  23 a        1.000       -10.098601 H =      -274.797 eV
   42. a  22 a        1.000       -10.098611 H =      -274.797 eV
   41. a  21 a        1.000       -10.098612 H =      -274.797 eV
   40. a  20 a        1.000       -10.101787 H =      -274.884 eV
   39. a  19 a        1.000       -10.101788 H =      -274.884 eV
   38. b  20 a        1.000       -10.101810 H =      -274.884 eV
   37. b  19 a        1.000       -10.101811 H =      -274.884 eV
   36. a  18 a        1.000       -10.101822 H =      -274.885 eV
   35. a  17 a        1.000       -10.101826 H =      -274.885 eV
   34. b  18 a        1.000       -10.101844 H =      -274.885 eV
   33. b  17 a        1.000       -10.101848 H =      -274.885 eV
   32. a  16 a        1.000       -10.101857 H =      -274.886 eV
   31. a  15 a        1.000       -10.101859 H =      -274.886 eV
   30. a  14 a        1.000       -10.101871 H =      -274.886 eV
   29. a  13 a        1.000       -10.101872 H =      -274.886 eV
   28. b  16 a        1.000       -10.101881 H =      -274.886 eV
   27. b  15 a        1.000       -10.101884 H =      -274.886 eV
   26. b  14 a        1.000       -10.101895 H =      -274.887 eV
   25. b  13 a        1.000       -10.101896 H =      -274.887 eV
   24. a  12 a        1.000       -10.102286 H =      -274.897 eV
   23. a  11 a        1.000       -10.102287 H =      -274.897 eV
   22. b  12 a        1.000       -10.102295 H =      -274.897 eV
   21. b  11 a        1.000       -10.102296 H =      -274.897 eV
   20. a  10 a        1.000       -10.102315 H =      -274.898 eV
   19. a   9 a        1.000       -10.102317 H =      -274.898 eV
   18. b  10 a        1.000       -10.102324 H =      -274.898 eV
   17. b   9 a        1.000       -10.102326 H =      -274.898 eV
   16. a   8 a        1.000       -10.102655 H =      -274.907 eV
   15. a   7 a        1.000       -10.102656 H =      -274.907 eV
   14. b   8 a        1.000       -10.102662 H =      -274.907 eV
   13. b   7 a        1.000       -10.102664 H =      -274.907 eV
   12. a   6 a        1.000       -10.102690 H =      -274.908 eV
   11. a   5 a        1.000       -10.102693 H =      -274.908 eV
   10. b   6 a        1.000       -10.102697 H =      -274.908 eV
    9. b   5 a        1.000       -10.102700 H =      -274.908 eV
    8. b   4 a        1.000       -88.647104 H =     -2412.211 eV
    7. b   3 a        1.000       -88.647105 H =     -2412.211 eV
    6. b   2 a        1.000       -88.647106 H =     -2412.211 eV
    5. b   1 a        1.000       -88.647107 H =     -2412.211 eV
    4. a   4 a        1.000       -88.647288 H =     -2412.216 eV
    3. a   3 a        1.000       -88.647289 H =     -2412.216 eV
    2. a   2 a        1.000       -88.647290 H =     -2412.216 eV
    1. a   1 a        1.000       -88.647291 H =     -2412.216 eV


    ------------------------------------------------------------------------
         total  cpu-time :   0.80 seconds
         total wall-time :  1 minutes and 22 seconds
    ------------------------------------------------------------------------

   ****  eiger : all done  ****


    2020-09-24 12:49:22.919 

