
 ridft (login-i16) : TURBOMOLE rev. V7.5.0 compiled 13 Jun 2020 at 23:29:25
 Copyright (C) 2020 TURBOMOLE GmbH, Karlsruhe


    2020-09-24 12:51:53.467 



                                  r i d f t

                        DFT program with RI approximation 
                                for coulomb part 




                                                 
                                 References:     
                                                 
          TURBOMOLE:                             
              R. Ahlrichs, M. Baer, M. Haeser, H. Horn, and
              C. Koelmel
              Electronic structure calculations on workstation
              computers: the program system TURBOMOLE
              Chem. Phys. Lett. 162: 165 (1989)
          Density Functional:                              
              O. Treutler and R. Ahlrichs                      
              Efficient Molecular Numerical Integration Schemes
              J. Chem. Phys. 102: 346 (1995)                   
          Parallel Version:                                
              Performance of parallel TURBOMOLE for Density    
              Functional Calculations                          
              M. v. Arnim and R. Ahlrichs                      
              J. Comp. Chem. 19: 1746 (1998)                   
          RI-J Method:                                     
              Auxiliary Basis Sets to approximate Coulomb      
              Potentials                                       
              Chem. Phys. Lett. 240: 283 (1995)                
              K. Eichkorn, O. Treutler, H. Oehm, M. Haeser     
              and R. Ahlrichs                                  
              Chem. Phys. Lett. 242: 652 (1995)                
                                                           
              Auxiliary Basis Sets for Main Row Atoms and their
              Use to approximate Coulomb Potentials            
              K. Eichkorn, F. Weigend, O. Treutler and         
              R. Ahlrichs                                      
              Theo. Chem. Acc. 97: 119 (1997)                   
                                                           
              Accurate Coulomb-fitting basis sets for H to Rn 
              F. Weigend                                        
              Phys. Chem. Chem. Phys. 8: 1057 (2006)            
                                                           
          Multipole accelerated RI-J (MARI-J):             
              Fast evaluation of the Coulomb potential for     
              electron densities using multipole accelerated   
              resolution of identity approximation             
              M. Sierka, A. Hogekamp and R. Ahlrichs           
              J. Chem. Phys. 118: 9136 (2003)                  
          RI-JK Method:                                     
              A fully direct RI-HF algorithm: Implementation,
              optimised auxiliary basis sets, demonstration of
              accuracy and efficiency                         
              F. Weigend                                      
              Phys. Chem. Chem. Phys. 4: 4285 (2002)           
          Two-component HF and DFT with spin-orbit coupling:  
              Self-consistent treatment of spin-orbit         
              interactions with efficient Hartree-Fock and    
              density functional methods                      
              M. K. Armbruster, F. Weigend, C. van Wüllen and 
              W. Klopper                                      
              Phys. Chem. Chem. Phys. 10: 1748 (2008)         
          Two-component difference density and DIIS algorithm 
              Efficient two-component self-consistent field   
              procedures and gradients: implementation in     
              TURBOMOLE and application to Au20-              
              A. Baldes, F. Weigend                           
              Mol. Phys. 111: 2617 (2013)                     
          Relativistic all-electron 2c calculations           
              An efficient implementation of two-component    
              relativistic exact-decoupling methods for large 
              molecules                                       
              D. Peng, N. Middendorf, F. Weigend, M. Reiher   
              J. Chem. Phys. 138: 184105 (2013)               
          Finite nucleus model and SNSO approximation         
              Efficient implementation of one- and two-       
              component analytical energy gradients in exact  
              two-component theory                            
              Y. J. Franzke, N. Middendorf, F. Weigend        
              J. Chem. Phys. 148: 104110 (2018)               
          Grids for all-electron relativistic methods         
              Error-consistent segmented contracted all-      
              electron relativistic basis sets of double-     
              and triple-zeta quality for NMR shielding       
              constants                                       
              Y. J. Franzke, R. Tress, T. M. Pazdera,         
              F. Weigend                                      
              Phys. Chem. Chem. Phys. 21: 166658 (2019)       
          Seminumerical exchange algorithms                   
              Seminumerical calculation of the Hartree-Fock   
              exchange matirx: Application to two-component   
              procedures and efficient evaluation of local    
              hybrid functionsl                               
              P. Plessow, F. Weigend,                         
              J. Comput. Chem. 33: 810 (2012)                 
          Improved seminumerical algorithms                   
              C. Holzer, in preparation (2020)                
                                         




              +--------------------------------------------------+
              |      general information about current run       |
              +--------------------------------------------------+

 
no calculation of wave function, analysis of properties only

 DENSITY CONVERGENCE CHECK SWITCHED ON !
 SCF CONVERGENCE IF RMS(delta[D]) <     0.1000000000E-06

 TPSS global hybrid functional
 exchange:    9/10 (LDA+TPSS) + 1/10 HF
 correlation: LDA (PW) + TPSS
 A Hybrid-DFT calculation using the RI-J approximation will be carried out.
 Allocatable memory for RI due to $ricore (MB):                 55000


              +--------------------------------------------------+
              | Atomic coordinate, charge and isotop information |
              +--------------------------------------------------+

                    atomic coordinates            atom    charge  isotop
          0.00000000    0.00000000    0.00000000    mo    42.000     0
          0.00000000    0.00000000   -6.32223334    y     39.000     0
          0.00000000    0.00000000    6.32223334    y     39.000     0
          2.43124401    2.43124401   -2.42568759    s     16.000     0
         -2.43124401   -2.43124401   -2.42568759    s     16.000     0
          2.43124401   -2.43124401    2.42568759    s     16.000     0
         -2.43124401    2.43124401    2.42568759    s     16.000     0
          4.58746125   -1.51720420   -7.53735509    c      6.000     0
          3.52729453   -3.52729453   -6.10884725    c      6.000     0
          1.51720420   -4.58746125   -7.53735509    c      6.000     0
          1.33839634   -3.23972958   -9.85329654    c      6.000     0
          3.23972958   -1.33839634   -9.85329654    c      6.000     0
         -1.51720420    4.58746125   -7.53735509    c      6.000     0
         -3.52729453    3.52729453   -6.10884725    c      6.000     0
         -4.58746125    1.51720420   -7.53735509    c      6.000     0
         -3.23972958    1.33839634   -9.85329654    c      6.000     0
         -1.33839634    3.23972958   -9.85329654    c      6.000     0
          1.51720420    4.58746125    7.53735509    c      6.000     0
          1.33839634    3.23972958    9.85329654    c      6.000     0
          3.23972958    1.33839634    9.85329654    c      6.000     0
          4.58746125    1.51720420    7.53735509    c      6.000     0
          3.52729453    3.52729453    6.10884725    c      6.000     0
         -4.58746125   -1.51720420    7.53735509    c      6.000     0
         -3.23972958   -1.33839634    9.85329654    c      6.000     0
         -1.33839634   -3.23972958    9.85329654    c      6.000     0
         -1.51720420   -4.58746125    7.53735509    c      6.000     0
         -3.52729453   -3.52729453    6.10884725    c      6.000     0
          0.31738606   -6.15628408   -6.95105948    h      1.000     0
         -0.00384009   -3.60991771  -11.37159623    h      1.000     0
          4.10903117   -4.10903117   -4.22060246    h      1.000     0
          3.60991771    0.00384009  -11.37159623    h      1.000     0
          6.15628408   -0.31738606   -6.95105948    h      1.000     0
          0.00384009    3.60991771  -11.37159623    h      1.000     0
         -0.31738606    6.15628408   -6.95105948    h      1.000     0
         -4.10903117    4.10903117   -4.22060246    h      1.000     0
         -6.15628408    0.31738606   -6.95105948    h      1.000     0
         -3.60991771   -0.00384009  -11.37159623    h      1.000     0
         -0.31738606   -6.15628408    6.95105948    h      1.000     0
         -4.10903117   -4.10903117    4.22060246    h      1.000     0
         -6.15628408   -0.31738606    6.95105948    h      1.000     0
         -3.60991771    0.00384009   11.37159623    h      1.000     0
          0.00384009   -3.60991771   11.37159623    h      1.000     0
         -0.00384009    3.60991771   11.37159623    h      1.000     0
          0.31738606    6.15628408    6.95105948    h      1.000     0
          4.10903117    4.10903117    4.22060246    h      1.000     0
          3.60991771   -0.00384009   11.37159623    h      1.000     0
          6.15628408    0.31738606    6.95105948    h      1.000     0
 
       center of nuclear mass  :    0.00000000    0.00000000   -0.00000000
       center of nuclear charge:   -0.00000000    0.00000000    0.00000000

              +--------------------------------------------------+
              |               basis set information              |
              +--------------------------------------------------+

              we will work with the 1s 3p 5d 7f 9g ... basis set
              ...i.e. with spherical basis functions...

   type   atoms  prim   cont   basis
   ---------------------------------------------------------------------------
    mo       1     60     40   def2-TZVP   [6s4p3d1f|7s7p5d1f]
    y        2     60     40   def2-TZVP   [6s4p3d1f|7s7p5d1f]
    s        4     63     37   def2-TZVP   [5s5p2d1f|14s9p3d1f]
    c       20     24     14   def2-SVP   [3s2p1d|7s4p1d]
    h       20      7      5   def2-SVP   [2s1p|4s1p]
   ---------------------------------------------------------------------------
   total:   47   1052    648
   ---------------------------------------------------------------------------

   total number of primitive shells          :   84
   total number of contracted shells         :  274
   total number of cartesian basis functions :  706
   total number of SCF-basis functions       :  648

 number of unique ecp types :                     2

 integral neglect threshold       :  0.47E-11
 integral storage threshold THIZE :  0.10E-04
 integral storage threshold THIME :         5

 RI-J AUXILIARY BASIS SET information:

              we will work with the 1s 3p 5d 7f 9g ... basis set
              ...i.e. with spherical basis functions...

   type   atoms  prim   cont   basis
   ---------------------------------------------------------------------------
    mo       1     99     89   def2-TZVP   [8s5p5d2f3g|11s5p5d3f3g]
    y        2     99     89   def2-TZVP   [8s5p5d2f3g|11s5p5d3f3g]
    s        4     77     51   def2-TZVP   [8s4p3d1f1g|14s5p5d2f1g]
    c       20     70     49   def2-SVP   [6s4p3d1f1g|12s5p4d2f1g]
    h       20     16     11   def2-SVP   [3s1p1d|5s2p1d]
   ---------------------------------------------------------------------------
   total:   47   2325   1671
   ---------------------------------------------------------------------------

   total number of primitive shells          :  113
   total number of contracted shells         :  537
   total number of cartesian basis functions : 2066
   total number of SCF-basis functions       : 1671


 symmetry group of the molecule :   c1 

 the group has the following generators :
   c1(z)

    1 symmetry operations found

 there are 1 real representations :   a   

 maximum number of shells which are related by symmetry :  1

  
           ------------------
           density functional
           ------------------
 TPSS global hybrid functional
 exchange:    9/10 (LDA+TPSS) + 1/10 HF
 correlation: LDA (PW) + TPSS

 spherical integration : Lebedev's spherical grid
 spherical gridsize    :                     4
    i.e. gridpoints    :                   434
 value for diffuse not defined
 radial integration    : Chebyshev 2nd kind (scaling 3)
 radial gridsize       :                     6
 integration cells     :                    47
 partition function    : becke
 partition sharpness   :                     3
  
 
 Derivatives of quadrature weights will be included
 

 biggest AO integral is expected to be     9.804440325

          ------------------------
          nuclear repulsion energy  :   3420.00549460    
          ------------------------

  _________________________________
 |                                 |
 |         DFTD3 V3.1 Rev 0        |
 | S.Grimme, University Bonn       |
 |            June  2014           |
 |   see standalone version        |
 |       dftd3 -h for options      |
 |_________________________________|
 
 Please cite DFT-D3 work done with this code as:
 S. Grimme, J. Antony, S. Ehrlich and H. Krieg,
 J. Chem. Phys, 132 (2010), 154104.
 If used with BJ-damping cite also
 S. Grimme, S. Ehrlich and L. Goerigk,
 J. Comput. Chem. 32 (2011), 1456-1465
 For DFT-D2 the reference is
 S. Grimme, J. Comput. Chem., 27 (2006), 1787-1799
 
C6 coefficients used:
                     2  C6 for element                      1
Z=  1 CN= 0.912     C6(AA)=    3.03
Z=  1 CN= 0.000     C6(AA)=    7.59
                     5  C6 for element                      6
Z=  6 CN= 0.000     C6(AA)=   49.11
Z=  6 CN= 0.987     C6(AA)=   43.25
Z=  6 CN= 1.998     C6(AA)=   29.36
Z=  6 CN= 2.999     C6(AA)=   25.78
Z=  6 CN= 3.984     C6(AA)=   18.21
                     3  C6 for element                     16
Z= 16 CN= 0.000     C6(AA)=  134.01
Z= 16 CN= 0.995     C6(AA)=  131.00
Z= 16 CN= 1.990     C6(AA)=  125.81
                     3  C6 for element                     39
Z= 39 CN= 0.000     C6(AA)= 2365.89
Z= 39 CN= 1.915     C6(AA)= 1132.30
Z= 39 CN= 2.890     C6(AA)=  451.08
                     3  C6 for element                     42
Z= 42 CN= 0.000     C6(AA)=  845.90
Z= 42 CN= 1.942     C6(AA)=  502.01
Z= 42 CN=11.056     C6(AA)=  337.11

#           XYZ [au]              R0(AA) [Ang.]  CN          C6(AA)     C8(AA)   C10(AA) [au]
  1   0.00000   0.00000   0.00000   mo  1.286  5.576       502.0     57804.9   8153712.7
  2   0.00000   0.00000  -6.32223   y   1.655 11.622       451.1     86005.2  20087594.1
  3   0.00000   0.00000   6.32223   y   1.655 11.622       451.1     86005.2  20087594.1
  4   2.43124   2.43124  -2.42569   s   0.839  2.037       125.9      6166.9    370100.0
  5  -2.43124  -2.43124  -2.42569   s   0.839  2.037       125.9      6166.9    370100.0
  6   2.43124  -2.43124   2.42569   s   0.839  2.037       125.9      6166.9    370100.0
  7  -2.43124   2.43124   2.42569   s   0.839  2.037       125.9      6166.9    370100.0
  8   4.58746  -1.51720  -7.53736   c   0.644  4.101        18.3       528.1     18711.2
  9   3.52729  -3.52729  -6.10885   c   0.644  4.099        18.3       528.2     18712.4
 10   1.51720  -4.58746  -7.53736   c   0.644  4.101        18.3       528.1     18711.2
 11   1.33840  -3.23973  -9.85330   c   0.644  4.100        18.3       528.1     18711.8
 12   3.23973  -1.33840  -9.85330   c   0.644  4.100        18.3       528.1     18711.8
 13  -1.51720   4.58746  -7.53736   c   0.644  4.101        18.3       528.1     18711.2
 14  -3.52729   3.52729  -6.10885   c   0.644  4.099        18.3       528.2     18712.4
 15  -4.58746   1.51720  -7.53736   c   0.644  4.101        18.3       528.1     18711.2
 16  -3.23973   1.33840  -9.85330   c   0.644  4.100        18.3       528.1     18711.8
 17  -1.33840   3.23973  -9.85330   c   0.644  4.100        18.3       528.1     18711.8
 18   1.51720   4.58746   7.53736   c   0.644  4.101        18.3       528.1     18711.2
 19   1.33840   3.23973   9.85330   c   0.644  4.100        18.3       528.1     18711.8
 20   3.23973   1.33840   9.85330   c   0.644  4.100        18.3       528.1     18711.8
 21   4.58746   1.51720   7.53736   c   0.644  4.101        18.3       528.1     18711.2
 22   3.52729   3.52729   6.10885   c   0.644  4.099        18.3       528.2     18712.4
 23  -4.58746  -1.51720   7.53736   c   0.644  4.101        18.3       528.1     18711.2
 24  -3.23973  -1.33840   9.85330   c   0.644  4.100        18.3       528.1     18711.8
 25  -1.33840  -3.23973   9.85330   c   0.644  4.100        18.3       528.1     18711.8
 26  -1.51720  -4.58746   7.53736   c   0.644  4.101        18.3       528.1     18711.2
 27  -3.52729  -3.52729   6.10885   c   0.644  4.099        18.3       528.2     18712.4
 28   0.31739  -6.15628  -6.95106   h   0.417  1.012         3.1        37.3       552.2
 29  -0.00384  -3.60992 -11.37160   h   0.417  1.012         3.1        37.3       552.3
 30   4.10903  -4.10903  -4.22060   h   0.417  1.014         3.1        37.3       552.2
 31   3.60992   0.00384 -11.37160   h   0.417  1.012         3.1        37.3       552.3
 32   6.15628  -0.31739  -6.95106   h   0.417  1.012         3.1        37.3       552.2
 33   0.00384   3.60992 -11.37160   h   0.417  1.012         3.1        37.3       552.3
 34  -0.31739   6.15628  -6.95106   h   0.417  1.012         3.1        37.3       552.2
 35  -4.10903   4.10903  -4.22060   h   0.417  1.014         3.1        37.3       552.2
 36  -6.15628   0.31739  -6.95106   h   0.417  1.012         3.1        37.3       552.2
 37  -3.60992  -0.00384 -11.37160   h   0.417  1.012         3.1        37.3       552.3
 38  -0.31739  -6.15628   6.95106   h   0.417  1.012         3.1        37.3       552.2
 39  -4.10903  -4.10903   4.22060   h   0.417  1.014         3.1        37.3       552.2
 40  -6.15628  -0.31739   6.95106   h   0.417  1.012         3.1        37.3       552.2
 41  -3.60992   0.00384  11.37160   h   0.417  1.012         3.1        37.3       552.3
 42   0.00384  -3.60992  11.37160   h   0.417  1.012         3.1        37.3       552.3
 43  -0.00384   3.60992  11.37160   h   0.417  1.012         3.1        37.3       552.3
 44   0.31739   6.15628   6.95106   h   0.417  1.012         3.1        37.3       552.2
 45   4.10903   4.10903   4.22060   h   0.417  1.014         3.1        37.3       552.2
 46   3.60992  -0.00384  11.37160   h   0.417  1.012         3.1        37.3       552.3
 47   6.15628   0.31739   6.95106   h   0.417  1.012         3.1        37.3       552.2

molecular C6(AA) [au] =     52004.16

           DFT-D V3(BJ)
 DF tpssh                                             
 parameters
 s6       :    1.0000
 s8       :    2.2382
 a1       :    0.4529
 a2       :    4.6550
 k1-k3    :   16.0000    1.3333   -4.0000
 
 Edisp /kcal,au:   -69.2467 -0.11035161

 E6    /kcal :   -27.2885
 E8    /kcal :   -41.9582
 % E8        : 60.59
 nuclear repulsion energy                  =    3420.005494603
 empirical dispersive energy correction    =      -0.110351613
 nuclear repulsion + dispersion correction =    3419.895142990


         -----------------
         -S,T+V- integrals
         -----------------

 1e-integrals will be neglected if expon. factor < 0.473366E-12


          ----------------
          -ecp-  integrals
          ----------------
 
   Difference densities algorithm switched on.
   The maximal number of linear combinations of
   difference densities is                    20 .

 DIIS switched on: error vector is FDS-SDF
 Max. Iterations for DIIS is     :   4
 DIIS matrix (see manual) 
    Scaling factor of diagonals  :  1.200
    threshold for scaling factor :  0.000

 scf convergence criterion : increment of total energy < .1000000D-06
                  and increment of one-electron energy < .1000000D-03

 MOs are in ASCII format !


    mo occupation :
   irrep   mo's   occupied
    a      648      121
 
 number of basis functions   :   648
 number of occupied orbitals :   121
 

 reading orbital data $uhfmo_alpha  from file alpha
 orbital characterization : scfconv=7

 reading orbital data $uhfmo_beta  from file beta
 orbital characterization : scfconv=7
 mo-orthogonalization by Cholesky decomposition
 mo-orthogonalization by Cholesky decomposition

 UHF mode switched on !

 closed shell shift switched on 
 all occupied orbitals are shifted by    0.05000

  
           ------------------------
               RI-J - INFORMATION
           ------------------------
 Contributions to RI integral batches: 
  neglected integral batches:                 14682
  direct contribution:                            0
  memory contribution:                 22993
 Memory core needed for (P|Q) and Cholesky     22 MByte
 Memory core minimum needed except of (P|Q)     2 MByte
 Total minimum memory core needed (sum)        24 MByte
  
 ****************************************
 Memory allocated for RI-J  2557 MByte
 ****************************************
                                            
 
 
 
 ==============================================================================
                           electrostatic moments
 ==============================================================================

 reference point for electrostatic moments:    0.00000   0.00000   0.00000

 
              nuc           elec       ->  total
 ------------------------------------------------------------------------------
                          charge      
 ------------------------------------------------------------------------------
         240.000000    -241.000000      -1.000000
 a-b                                     1.000000
 
 ------------------------------------------------------------------------------
                       dipole moment  
 ------------------------------------------------------------------------------
   x      -0.000000      -0.000086      -0.000086
   y       0.000000       0.000187       0.000187
   z      -0.000000       0.001096       0.001096
 
   | dipole moment | =     0.0011 a.u. =     0.0028 debye 
 
 ------------------------------------------------------------------------------
                     quadrupole moment
 ------------------------------------------------------------------------------
  xx    1803.781581   -1999.212702    -195.431121
  yy    1803.781581   -1999.208583    -195.427002
  zz   11031.017518  -11224.904669    -193.887151
  xy      -0.000000      -0.010701      -0.010701
  xz       0.000000       0.002233       0.002233
  yz      -0.000000      -0.002174      -0.002174
 
     1/3  trace=    -194.915091
     anisotropy=       1.542035



 ==============================================================================
                  MULLIKEN POPULATION ANALYSIS (CAO-BASIS)
 ==============================================================================

         BRUTTO POPULATIONS  
 
       values displayed are larger than   0.010000
 
 
       Analysis is done for cartesian functions (CAOs)
 
       sequence of contributions:
     p:  x   y   z
     d: xx  yy  zz  xy  xz  yz
     f:xxx yyy zzz xxy xxz xyy yyz xzz yzz xyz
 
 
 atomic populations from total density:
 
 atom      charge    n(s)      n(p)      n(d)      n(f)      n(g)
 
     1mo     0.95516   2.32137   6.40339   4.29142   0.02866
       p:  2.172  2.172  2.059
       d:  0.563  0.563  0.817  0.771  0.789  0.789
 
     2y      0.29260   2.48176   6.60232   1.48947   0.13385
       p:  2.234  2.234  2.135
       d:  0.235  0.235  0.180  0.214  0.313  0.313
       f:  0.006  0.006 -0.002  0.021  0.017  0.021  0.017  0.017  0.017  0.016
 
     3y      0.29190   2.48174   6.60245   1.49006   0.13385
       p:  2.234  2.234  2.135
       d:  0.235  0.235  0.180  0.214  0.313  0.313
       f:  0.006  0.006 -0.002  0.021  0.017  0.021  0.017  0.017  0.017  0.016
 
     4s     -0.64212   5.95670  10.61464   0.06463   0.00615
       p:  3.556  3.556  3.502
       d:  0.005  0.005  0.016  0.014  0.012  0.012
 
     5s     -0.64212   5.95670  10.61464   0.06463   0.00615
       p:  3.556  3.556  3.502
       d:  0.005  0.005  0.016  0.014  0.012  0.012
 
     6s     -0.64108   5.95666  10.61365   0.06462   0.00615
       p:  3.556  3.556  3.502
       d:  0.005  0.005  0.016  0.014  0.012  0.012
 
     7s     -0.64108   5.95666  10.61365   0.06462   0.00615
       p:  3.556  3.556  3.502
       d:  0.005  0.005  0.016  0.014  0.012  0.012
 
     8c     -0.04575   3.22273   2.78499   0.03803
       p:  0.905  0.941  0.939
 
     9c     -0.03722   3.21406   2.78553   0.03763
       p:  0.957  0.957  0.871
 
    10c     -0.04582   3.22273   2.78506   0.03803
       p:  0.941  0.905  0.940
 
    11c     -0.05909   3.22887   2.79242   0.03780
       p:  0.935  0.972  0.885
 
    12c     -0.05913   3.22892   2.79242   0.03780
       p:  0.972  0.935  0.885
 
    13c     -0.04578   3.22271   2.78504   0.03803
       p:  0.941  0.905  0.940
 
    14c     -0.03721   3.21409   2.78548   0.03763
       p:  0.957  0.957  0.871
 
    15c     -0.04565   3.22265   2.78497   0.03803
       p:  0.905  0.940  0.939
 
    16c     -0.05919   3.22895   2.79244   0.03780
       p:  0.972  0.936  0.885
 
    17c     -0.05902   3.22882   2.79240   0.03780
       p:  0.935  0.972  0.885
 
    18c     -0.04590   3.22282   2.78505   0.03803
       p:  0.941  0.905  0.940
 
    19c     -0.05910   3.22887   2.79242   0.03780
       p:  0.935  0.972  0.885
 
    20c     -0.05914   3.22888   2.79247   0.03780
       p:  0.972  0.935  0.885
 
    21c     -0.04581   3.22273   2.78505   0.03803
       p:  0.905  0.941  0.940
 
    22c     -0.03705   3.21400   2.78542   0.03763
       p:  0.957  0.957  0.871
 
    23c     -0.04583   3.22272   2.78507   0.03803
       p:  0.905  0.941  0.939
 
    24c     -0.05916   3.22893   2.79243   0.03780
       p:  0.972  0.936  0.885
 
    25c     -0.05897   3.22882   2.79235   0.03780
       p:  0.935  0.972  0.885
 
    26c     -0.04596   3.22284   2.78509   0.03803
       p:  0.941  0.905  0.940
 
    27c     -0.03711   3.21399   2.78549   0.03763
       p:  0.957  0.957  0.871
 
    28h      0.05444   0.92277   0.02279
       p:  0.008  0.010  0.004
 
    29h      0.04386   0.93332   0.02281
 
    30h      0.05716   0.91994   0.02289
       p:  0.005  0.005  0.013
 
    31h      0.04380   0.93339   0.02281
 
    32h      0.05443   0.92278   0.02279
       p:  0.010  0.008  0.004
 
    33h      0.04384   0.93335   0.02281
 
    34h      0.05442   0.92279   0.02279
       p:  0.008  0.010  0.004
 
    35h      0.05706   0.92005   0.02289
       p:  0.005  0.005  0.013
 
    36h      0.05441   0.92280   0.02279
       p:  0.010  0.008  0.004
 
    37h      0.04378   0.93341   0.02281
 
    38h      0.05442   0.92279   0.02279
       p:  0.008  0.010  0.004
 
    39h      0.05717   0.91993   0.02289
       p:  0.005  0.005  0.013
 
    40h      0.05448   0.92273   0.02279
       p:  0.010  0.008  0.004
 
    41h      0.04378   0.93341   0.02281
 
    42h      0.04385   0.93334   0.02281
 
    43h      0.04387   0.93332   0.02281
 
    44h      0.05443   0.92278   0.02279
       p:  0.008  0.010  0.004
 
    45h      0.05709   0.92002   0.02289
       p:  0.005  0.005  0.013
 
    46h      0.04384   0.93335   0.02281
 
    47h      0.05449   0.92272   0.02279
       p:  0.010  0.008  0.004
 
 
 moments (from total density versus population analysis)
 <charge> =            -1.000000           -1.000000
 <x   >   =            -0.000086            0.000345
 <y   >   =             0.000187           -0.000256
 <z   >   =             0.001096            0.000763
 
 Unpaired electrons from D(alpha)-D(beta)
 
 atom      total     n(s)      n(p)      n(d)      n(f)      n(g)
 
     1mo     0.71501   0.02083   0.00692   0.68703   0.00023
       d:  0.120  0.120  0.385  0.027  0.017  0.017
 
     2y      0.05716   0.00809   0.00726   0.03998   0.00182
       d:  0.006  0.006 -0.006  0.036 -0.001 -0.001
 
     3y      0.05709   0.00808   0.00726   0.03993   0.00182
       d:  0.006  0.006 -0.006  0.036 -0.001 -0.001
 
     4s      0.04445  -0.00064   0.03578   0.00864   0.00067
       p:  0.007  0.007  0.022
 
     5s      0.04445  -0.00064   0.03578   0.00864   0.00067
       p:  0.007  0.007  0.022
 
     6s      0.04436  -0.00064   0.03570   0.00863   0.00067
       p:  0.007  0.007  0.022
 
     7s      0.04436  -0.00064   0.03570   0.00863   0.00067
       p:  0.007  0.007  0.022
 
 
 
 MULLIKEN BRUTTO POPULATIONS FOR SELECTED MOS:

   120a     a  energy/a.u.:     -0.1788693
 atom      total       s         p         d         f
     4s      0.19111   0.00000   0.19115  -0.00007   0.00002
       p:  0.096  0.096 -0.000
 
     5s      0.19111  -0.00000   0.19116  -0.00007   0.00002
       p:  0.096  0.096  0.000
 
     6s      0.19116   0.00000   0.19121  -0.00007   0.00002
       p:  0.096  0.096  0.000
 
     7s      0.19120   0.00000   0.19125  -0.00007   0.00002
       p:  0.096  0.096  0.000
 
     8c      0.01777  -0.00047   0.01817   0.00007
 
    10c      0.01777  -0.00047   0.01817   0.00007
 
    13c      0.01779  -0.00047   0.01820   0.00007
 
    15c      0.01780  -0.00047   0.01820   0.00007
 
    18c      0.01778  -0.00047   0.01818   0.00007
 
    21c      0.01778  -0.00047   0.01818   0.00007
 
    23c      0.01780  -0.00047   0.01820   0.00007
 
    26c      0.01780  -0.00047   0.01820   0.00007
 
 
   121a     a  energy/a.u.:     -0.1260273
 atom      total       s         p         d         f
     1mo     0.44469  -0.00269   0.00000   0.44735   0.00003
       d:  0.078  0.078  0.292  0.000  0.000  0.000
 
     2y      0.05899   0.00964   0.00499   0.04244   0.00191
       d:  0.003  0.003  0.000  0.036  0.000  0.000
 
     3y      0.05894   0.00963   0.00500   0.04239   0.00191
       d:  0.003  0.003  0.000  0.036  0.000  0.000
 
     4s      0.10618   0.00029   0.09665   0.00865   0.00059
       p:  0.024  0.024  0.048
 
     5s      0.10618   0.00029   0.09665   0.00865   0.00059
       p:  0.024  0.024  0.048
 
     6s      0.10616   0.00029   0.09663   0.00864   0.00059
       p:  0.024  0.024  0.048
 
     7s      0.10616   0.00029   0.09664   0.00864   0.00059
       p:  0.024  0.024  0.048
 
 
   122a     a  energy/a.u.:     -0.0744876
 atom      total       s         p         d         f
     1mo     0.51054   0.00000   0.00000   0.51054   0.00000
       d:  0.255  0.255  0.000  0.000  0.000  0.000
 
     2y      0.01081   0.00000   0.00000   0.00927   0.00154
 
     3y      0.01087  -0.00000  -0.00000   0.00933   0.00155
 
     4s      0.11028   0.00000   0.10097   0.00872   0.00059
       p:  0.050  0.050  0.000
 
     5s      0.11028   0.00000   0.10097   0.00872   0.00059
       p:  0.050  0.050  0.000
 
     6s      0.11041   0.00000   0.10110   0.00872   0.00059
       p:  0.051  0.051  0.000
 
     7s      0.11041   0.00000   0.10110   0.00872   0.00059
       p:  0.051  0.051  0.000
 
 
   123a     a  energy/a.u.:     -0.0715077
 atom      total       s         p         d         f
     1mo     0.34193   0.00000   0.07487   0.26704   0.00002
       p:  0.000 -0.000  0.075
       d:  0.000  0.000  0.000  0.267  0.000  0.000
 
     2y      0.17792   0.02433  -0.00545   0.15829   0.00074
       d:  0.014  0.014  0.030  0.100  0.000  0.000
 
     3y      0.17804   0.02434  -0.00544   0.15840   0.00074
       d:  0.014  0.014  0.030  0.100  0.000  0.000
 
     4s      0.05622   0.00196   0.03928   0.01448   0.00050
       p: -0.001 -0.001  0.041
 
     5s      0.05622   0.00196   0.03929   0.01448   0.00050
       p: -0.001 -0.001  0.041
 
     6s      0.05626   0.00197   0.03932   0.01448   0.00050
       p: -0.001 -0.001  0.041
 
     7s      0.05626   0.00197   0.03932   0.01448   0.00050
       p: -0.001 -0.001  0.041
 
 
   129a     a  energy/a.u.:      0.0240010
 atom      total       s         p         d         f
     1mo     0.15471   0.00000  -0.01062   0.16465   0.00068
       p: -0.000 -0.000 -0.011
       d:  0.000  0.000  0.000  0.165  0.000  0.000
 
     2y      0.14638   0.00600   0.00133   0.13700   0.00205
       d:  0.011  0.011  0.030  0.085  0.000  0.000
 
     3y      0.14665   0.00614   0.00137   0.13708   0.00205
       d:  0.011  0.011  0.030  0.085 -0.000  0.000
 
     4s      0.06316   0.00117   0.05927   0.00252   0.00020
       p:  0.006  0.006  0.047
 
     5s      0.06316   0.00117   0.05928   0.00252   0.00020
       p:  0.006  0.006  0.047
 
     6s      0.06317   0.00117   0.05929   0.00251   0.00020
       p:  0.006  0.006  0.047
 
     7s      0.06318   0.00117   0.05930   0.00251   0.00020
       p:  0.006  0.006  0.047
 
     8c      0.01966   0.00016   0.01912   0.00038
 
     9c      0.02973   0.00024   0.02940   0.00010
       p:  0.013  0.013  0.003
 
    10c      0.01965   0.00016   0.01911   0.00038
 
    13c      0.01964   0.00016   0.01910   0.00038
 
    14c      0.02971   0.00024   0.02937   0.00010
       p:  0.013  0.013  0.003
 
    15c      0.01964   0.00016   0.01910   0.00038
 
    18c      0.01967   0.00016   0.01913   0.00038
 
    21c      0.01967   0.00016   0.01914   0.00038
 
    22c      0.02976   0.00024   0.02943   0.00010
       p:  0.013  0.013  0.003
 
    23c      0.01965   0.00016   0.01912   0.00038
 
    26c      0.01966   0.00016   0.01912   0.00038
 
    27c      0.02975   0.00024   0.02941   0.00010
       p:  0.013  0.013  0.003
 
 
   112a     b  energy/a.u.:     -0.2142142
 atom      total       s         p         d         f
     1mo     0.02662   0.00000   0.02507   0.00152   0.00003
       p:  0.000  0.000  0.025
 
     2y      0.04275   0.00243  -0.01025   0.05011   0.00046
       p: -0.000  0.000 -0.010
       d:  0.005  0.005  0.024  0.015  0.000  0.000
 
     3y      0.04281   0.00243  -0.01026   0.05019   0.00046
       p:  0.000  0.000 -0.010
       d:  0.005  0.005  0.025  0.015  0.000  0.000
 
     9c      0.07882   0.00038   0.07833   0.00011
       p:  0.032  0.032  0.015
 
    11c      0.05976   0.00047   0.05887   0.00042
       p:  0.025  0.020  0.013
 
    12c      0.05972   0.00047   0.05883   0.00042
       p:  0.020  0.025  0.013
 
    14c      0.07860   0.00038   0.07811   0.00011
       p:  0.032  0.032  0.015
 
    16c      0.05958   0.00047   0.05870   0.00042
       p:  0.020  0.025  0.013
 
    17c      0.05960   0.00047   0.05871   0.00042
       p:  0.025  0.020  0.013
 
    19c      0.05984   0.00047   0.05895   0.00042
       p:  0.025  0.020  0.013
 
    20c      0.05980   0.00047   0.05891   0.00042
       p:  0.020  0.025  0.013
 
    22c      0.07892   0.00039   0.07843   0.00011
       p:  0.032  0.032  0.015
 
    24c      0.05973   0.00047   0.05885   0.00042
       p:  0.020  0.025  0.013
 
    25c      0.05971   0.00047   0.05882   0.00042
       p:  0.025  0.020  0.013
 
    27c      0.07877   0.00038   0.07828   0.00011
       p:  0.032  0.032  0.015
 
 
   113a     b  energy/a.u.:     -0.2117208
 atom      total       s         p         d         f
     2y      0.07934   0.00000   0.00821   0.06888   0.00224
       d:  0.000  0.000  0.000  0.000  0.028  0.041
 
     3y      0.04951   0.00000   0.00727   0.04163   0.00060
       d:  0.000  0.000  0.000  0.000  0.014  0.027
 
     4s      0.26321   0.00149   0.26152   0.00021  -0.00001
       p:  0.072  0.047  0.142
 
     5s      0.26320   0.00149   0.26151   0.00021  -0.00001
       p:  0.072  0.047  0.142
 
     6s      0.08229   0.00003   0.08176   0.00048   0.00002
       p:  0.052  0.027  0.002
 
     7s      0.08230   0.00003   0.08177   0.00048   0.00002
       p:  0.052  0.027  0.002
 
    19c      0.02226   0.00004   0.02207   0.00014
       p:  0.011  0.009  0.003
 
    20c      0.01953   0.00005   0.01932   0.00016
 
    22c      0.03343   0.00012   0.03328   0.00003
       p:  0.013  0.013  0.007
 
    24c      0.01965   0.00005   0.01944   0.00016
 
    25c      0.02242   0.00004   0.02223   0.00014
       p:  0.011  0.009  0.003
 
    27c      0.03364   0.00012   0.03349   0.00003
       p:  0.013  0.013  0.007
 
 
 
 ==============================================================================
 
HOMO-LUMO Separation
 HOMO         :   -0.12602733 H =     -3.42938 eV
 LUMO         :   -0.07448756 H =     -2.02691 eV
 HOMO-LUMO gap:    0.05153977 H =     +1.40247 eV
 
 ==============================================================================


    ------------------------------------------------------------------------
         total  cpu-time :   3.99 seconds
         total wall-time :  3 minutes and 38 seconds
    ------------------------------------------------------------------------

   ****  ridft : all done  ****


    2020-09-24 12:55:22.157 

