#############################################################
#                                                           #
#                      N u m F o r c e                      #
#                Numerical Second Derivatives               #
#                                                           #
#############################################################

 running on hpc3-14-20
 date: Sat Aug 15 11:42:37 PDT 2020

NumForce has been started with the -mfile option, hence it can be
    run in parallel. This is most efficient if the serial binaries
    are used and started independently at a time. 

    -> Starting several serial single-point jobs for optimal speed up...
execute parallel run using 20 cores on this SMP node
Using 20 cores on one SMP node
#############################################################
                    
 NumForce Settings:
    differentiation increment = 0.02
    type                      = 'ecnomic'
    dimension of calculation  = 'norm'
    number of atoms           = 47
    #CPUs                     = 20
    machine file              = ./hostlist
    restart                   = 
    gradient check            = on
    stop after preparation    = 
    scripts directory         = /share/crsp/lab/ffurche/share/release_v7.5/scripts
                    
 TURBOMOLE Settings:
    load directory            = /share/crsp/lab/ffurche/share/release_v7.5/bin/em64t-unknown-linux-gnu
    SCF-convergence $scfconv  = 7
    level of calculation      = ri scf
    program to generate MOs     /share/crsp/lab/ffurche/share/release_v7.5/bin/em64t-unknown-linux-gnu/ridft
    program for gradients       /share/crsp/lab/ffurche/share/release_v7.5/bin/em64t-unknown-linux-gnu/rdgrad
                    
#############################################################

CHECKING GRADIENT NORM
error in /share/crsp/lab/ffurche/share/release_v7.5/bin/em64t-unknown-linux-gnu/rdgrad
