
   OpenMP run-time library returned nthreads = 20

 data group $actual step is not empty 
 due to the abend of escf


 escf (hpc3-15-25) : TURBOMOLE rev. V7.5.0 compiled 17 Jun 2020 at 09:15:30
 Copyright (C) 2020 TURBOMOLE GmbH, Karlsruhe


    2020-08-10 00:01:38.322 




                                e s c f

                             TURBOMOLE GmbH


          integral direct evaluation of 

                    * excitation energies and transition moments 
                    * dynamic response properties 
                    * stabilities



          OpenMP Shared-Memory Parallelization: 20 CPUs.

            By: Erik P. Almaraz and Filipp Furche
            Copyright 2009-2011 by UCI and TURBOMOLE GmbH.

            Revised by: Christof Holzer and Yannick J. Franzke



          references (see also programs dscf and ridft) 

          implementation and benchmarks (review) 
          F. Furche and D. Rappoport,  
          "Density functional methods for excited states: 
          equilibrium structure and electronic spectra",
          ch. III of "Computational Photochemistry", ed. by 
          M. Olivucci, vol. 16 of "Theoretical and Computational 
          Chemistry", Elsevier, Amsterdam, 2005.

          Bethe-Salpeter equation
          K. Krause and W. Klopper,
          J. Comput. Chem. 38 (2017) 383.

          2c BSE, GW and hybrid TD-DFT
          C. Holzer and W. Klopper
          J. Chem. Phys. 150, 204116 (2019)

          nonorthonormal Krylov space methods 
          F. Furche, B. T. Krull, B. D. Nguyen, and J. Kwon, 
          J. Chem. Phys. 144 (2016), 174105.

          two-component GW quasi particle energies 
          M. Kuehn and F. Weigend, 
          J. Chem. Theory Comput. 11 (2015), 969.

          two-component TDDFT with spin-orbit coupling 
          M. Kuehn and F. Weigend, 
          J. Chem. Theory Comput. 9 (2013), 5341.
          M. Kuehn and F. Weigend, 
          J. Chem. Phys. 142 (2015), 034116.

          GW quasi particle energies
          M. J. van Setten, F. Weigend, and F. Evers,
          J. Chem. Theory Comput. 9 (2013), 232.

          Fast GW methods: RIGW, contour deformation
          J. Chem. Phys. 150, 204116 (2019)

          current-density dependent meta-GGA Linear Response
          J. E. Bates and F. Furche, 
          J. Chem. Phys. 137 (2012), 164105.

          spin-flip method 
          M. Kuehn and F. Weigend, 
          Chem. Phys. Chem. 12 (2011), 3331.

          RI-J method 
          R. Bauernschmitt, M. Haeser, O. Treutler, and R. Ahlrichs,
          Chem. Phys. Lett. 264 (1997), 573.

          density functional implementation               
          R. Bauernschmitt and R. Ahlrichs,
          Chem. Phys. Lett. 256 (1996), 454.
          R. Bauernschmitt and R. Ahlrichs,
          J. Chem. Phys. 104 (1996), 9047.

          UHF extension (RPA and CIS)
          C. Ochsenfeld, J. Gauss, and R. Ahlrichs, 
          J. Chem. Phys. 103 (1995), 7401.

          integral direct algorithm                 
          H. Weiss, R. Ahlrichs, and M. Haeser, 
          J. Chem. Phys. 99 (1993), 1262.

          Seminumerical and pseudospectral algorithms
          C. Holzer, in preparation (2020)

          Two-component static/dynamic polarizabilities,
          and relativistic damped-response approach,
          polarizabilities and damped response at GW-BSE level
          M. Kehry, Y. J. Franzke, C. Holzer, and W. Klopper,
          Mol. Phys. (2020)
                                     



 UHF mode switched on !


              +--------------------------------------------------+
              | Atomic coordinate, charge and isotop information |
              +--------------------------------------------------+

                    atomic coordinates            atom    charge  isotop
          0.00000000    0.00000000    0.00000000    mo    42.000     0
          0.00000000    0.00000000   -6.54330169    y     39.000     0
          2.36187020    2.36187020   -2.58892114    s     16.000     0
         -2.36187020   -2.36187020   -2.58892114    s     16.000     0
          2.36187020   -2.36187020    2.58892114    s     16.000     0
         -2.36187020    2.36187020    2.58892114    s     16.000     0
          4.68059172   -1.61239404   -7.52057464    c      6.000     0
          3.55620078   -3.55620078   -6.05400512    c      6.000     0
          1.61239404   -4.68059172   -7.52057464    c      6.000     0
          1.55540112   -3.45772845   -9.91197027    c      6.000     0
          3.45772845   -1.55540112   -9.91197027    c      6.000     0
         -1.61239404    4.68059172   -7.52057464    c      6.000     0
         -3.55620078    3.55620078   -6.05400512    c      6.000     0
         -4.68059172    1.61239404   -7.52057464    c      6.000     0
         -3.45772845    1.55540112   -9.91197027    c      6.000     0
         -1.55540112    3.45772845   -9.91197027    c      6.000     0
          0.06126389   -6.93204436   -6.77447730    c      6.000     0
          0.11525494   -4.38660098  -12.16731097    c      6.000     0
          4.40163024   -4.40163024   -3.49373870    c      6.000     0
          4.38660098   -0.11525494  -12.16731097    c      6.000     0
          6.93204436   -0.06126389   -6.77447730    c      6.000     0
         -0.11525494    4.38660098  -12.16731097    c      6.000     0
         -4.40163024    4.40163024   -3.49373870    c      6.000     0
         -6.93204436    0.06126389   -6.77447730    c      6.000     0
         -4.38660098    0.11525494  -12.16731097    c      6.000     0
          5.86455051   -5.86455051   -3.64835608    h      1.000     0
          2.84141401   -5.18197724   -2.39609805    h      1.000     0
         -2.84141401    5.18197724   -2.39609805    h      1.000     0
         -5.86455051    5.86455051   -3.64835608    h      1.000     0
          5.18197724   -2.84141401   -2.39609805    h      1.000     0
         -5.18197724    2.84141401   -2.39609805    h      1.000     0
          6.89739715    1.80954737   -7.65046519    h      1.000     0
          8.69751027   -0.98221795   -7.35731993    h      1.000     0
          7.00064779    0.21591448   -4.73278001    h      1.000     0
         -6.89739715   -1.80954737   -7.65046519    h      1.000     0
         -8.69751027    0.98221795   -7.35731993    h      1.000     0
         -7.00064779   -0.21591448   -4.73278001    h      1.000     0
         -0.06126389    6.93204436   -6.77447730    c      6.000     0
         -0.98221795    8.69751027   -7.35731993    h      1.000     0
          1.80954737    6.89739715   -7.65046519    h      1.000     0
          0.21591448    7.00064779   -4.73278001    h      1.000     0
          0.98221795   -8.69751027   -7.35731993    h      1.000     0
         -1.80954737   -6.89739715   -7.65046519    h      1.000     0
          2.94993390    0.02012182  -13.63850562    h      1.000     0
         -2.94993390   -0.02012182  -13.63850562    h      1.000     0
         -1.05680464    6.03566703  -13.00315822    h      1.000     0
          1.05680464   -6.03566703  -13.00315822    h      1.000     0
         -0.21591448   -7.00064779   -4.73278001    h      1.000     0
          0.00000000    0.00000000    6.54330169    y     39.000     0
          1.61239404    4.68059172    7.52057464    c      6.000     0
         -1.61239404   -4.68059172    7.52057464    c      6.000     0
          4.68059172    1.61239404    7.52057464    c      6.000     0
         -4.68059172   -1.61239404    7.52057464    c      6.000     0
          3.55620078    3.55620078    6.05400512    c      6.000     0
         -3.55620078   -3.55620078    6.05400512    c      6.000     0
          3.45772845    1.55540112    9.91197027    c      6.000     0
         -3.45772845   -1.55540112    9.91197027    c      6.000     0
          1.55540112    3.45772845    9.91197027    c      6.000     0
         -1.55540112   -3.45772845    9.91197027    c      6.000     0
          6.93204436    0.06126389    6.77447730    c      6.000     0
         -6.93204436   -0.06126389    6.77447730    c      6.000     0
          0.06126389    6.93204436    6.77447730    c      6.000     0
         -0.06126389   -6.93204436    6.77447730    c      6.000     0
          4.38660098    0.11525494   12.16731097    c      6.000     0
         -4.38660098   -0.11525494   12.16731097    c      6.000     0
          0.11525494    4.38660098   12.16731097    c      6.000     0
         -0.11525494   -4.38660098   12.16731097    c      6.000     0
          4.40163024    4.40163024    3.49373870    c      6.000     0
         -4.40163024   -4.40163024    3.49373870    c      6.000     0
          5.86455051    5.86455051    3.64835608    h      1.000     0
         -5.86455051   -5.86455051    3.64835608    h      1.000     0
          5.18197724    2.84141401    2.39609805    h      1.000     0
         -5.18197724   -2.84141401    2.39609805    h      1.000     0
          2.84141401    5.18197724    2.39609805    h      1.000     0
         -2.84141401   -5.18197724    2.39609805    h      1.000     0
         -1.80954737    6.89739715    7.65046519    h      1.000     0
          1.80954737   -6.89739715    7.65046519    h      1.000     0
          6.89739715   -1.80954737    7.65046519    h      1.000     0
         -6.89739715    1.80954737    7.65046519    h      1.000     0
          0.98221795    8.69751027    7.35731993    h      1.000     0
         -0.98221795   -8.69751027    7.35731993    h      1.000     0
          8.69751027    0.98221795    7.35731993    h      1.000     0
         -8.69751027   -0.98221795    7.35731993    h      1.000     0
         -0.21591448    7.00064779    4.73278001    h      1.000     0
          0.21591448   -7.00064779    4.73278001    h      1.000     0
          7.00064779   -0.21591448    4.73278001    h      1.000     0
         -7.00064779    0.21591448    4.73278001    h      1.000     0
          4.97132604   -1.80565266   11.68635069    h      1.000     0
         -1.80565266   -4.97132604  -11.68635069    h      1.000     0
          1.80565266    4.97132604  -11.68635069    h      1.000     0
         -0.02012182    2.94993390   13.63850562    h      1.000     0
          0.02012182   -2.94993390   13.63850562    h      1.000     0
          2.94993390   -0.02012182   13.63850562    h      1.000     0
         -0.02012182   -2.94993390  -13.63850562    h      1.000     0
         -2.94993390    0.02012182   13.63850562    h      1.000     0
          0.02012182    2.94993390  -13.63850562    h      1.000     0
         -4.97132604    1.80565266   11.68635069    h      1.000     0
          1.80565266   -4.97132604   11.68635069    h      1.000     0
         -4.97132604   -1.80565266  -11.68635069    h      1.000     0
         -1.80565266    4.97132604   11.68635069    h      1.000     0
          4.97132604    1.80565266  -11.68635069    h      1.000     0
         -6.03566703   -1.05680464   13.00315822    h      1.000     0
          6.03566703    1.05680464   13.00315822    h      1.000     0
         -1.05680464   -6.03566703   13.00315822    h      1.000     0
         -6.03566703    1.05680464  -13.00315822    h      1.000     0
          1.05680464    6.03566703   13.00315822    h      1.000     0
          6.03566703   -1.05680464  -13.00315822    h      1.000     0
 
       center of nuclear mass  :   -0.00000000    0.00000000   -0.00000000
       center of nuclear charge:    0.00000000   -0.00000000   -0.00000000

              +--------------------------------------------------+
              |               basis set information              |
              +--------------------------------------------------+

              we will work with the 1s 3p 5d 7f 9g ... basis set
              ...i.e. with spherical basis functions...

   type   atoms  prim   cont   basis
   ---------------------------------------------------------------------------
    mo       1     60     40   def2-TZVP   [6s4p3d1f|7s7p5d1f]
    y        2     60     40   def2-TZVP   [6s4p3d1f|7s7p5d1f]
    s        4     63     37   def2-TZVP   [5s5p2d1f|14s9p3d1f]
    c       40     46     31   def2-TZVP   [5s3p2d1f|11s6p2d1f]
    h       60      8      6   def2-TZVP   [3s1p|5s1p]
   ---------------------------------------------------------------------------
   total:  107   2752   1868
   ---------------------------------------------------------------------------

   total number of primitive shells          :   93
   total number of contracted shells         :  774
   total number of cartesian basis functions : 2106
   total number of SCF-basis functions       : 1868

 number of unique ecp types :                     2

 residuum convergence criterium   :  0.10E-04


 integral neglect threshold       :  0.16E-11
 integral storage threshold THIZE :  0.10E-04
 integral storage threshold THIME :         5

 
             FOUND RI-J FLAG !
 
  
 AUXILIARY BASIS SET information:

              we will work with the 1s 3p 5d 7f 9g ... basis set
              ...i.e. with spherical basis functions...

   type   atoms  prim   cont   basis
   ---------------------------------------------------------------------------
    mo       1     99     89   def2-TZVP   [8s5p5d2f3g|11s5p5d3f3g]
    y        2     99     89   def2-TZVP   [8s5p5d2f3g|11s5p5d3f3g]
    s        4     77     51   def2-TZVP   [8s4p3d1f1g|14s5p5d2f1g]
    c       40     70     49   def2-TZVP   [6s4p3d1f1g|12s5p4d2f1g]
    h       60     16     11   def2-TZVP   [3s1p1d|5s2p1d]
   ---------------------------------------------------------------------------
   total:  107   4365   3091
   ---------------------------------------------------------------------------

   total number of primitive shells          :  113
   total number of contracted shells         : 1037
   total number of cartesian basis functions : 3766
   total number of SCF-basis functions       : 3091

 RPA UHF-EXCITATION-CALCULATION (spin-conserved)
 
             FOUND DFT-FLAG !
 

 symmetry group of the molecule :   c1 

 the group has the following generators :
   c1(z)

    1 symmetry operations found

 there are 1 real representations :   a   

 maximum number of shells which are related by symmetry :  1

 IRREPs of excited states :   a   

    mo occupation :
   irrep   mo's   occupied
    a     1868      201
 
 number of basis functions   :  1868
 number of occupied orbitals :   201
 
 ALPHA-Occupation:                   201
 BETA-Occupation :                   200
  
           ------------------
           density functional
           ------------------
 TPSS global hybrid functional
 exchange:    9/10 (LDA+TPSS) + 1/10 HF
 correlation: LDA (PW) + TPSS

 spherical integration : Lebedev's spherical grid
 spherical gridsize    :                     4
    i.e. gridpoints    :                   434
 value for diffuse not defined
 radial integration    : Chebyshev 2nd kind (scaling 3)
 radial gridsize       :                     6
 integration cells     :                   107
 partition function    : becke
 partition sharpness   :                     3
  
 
 Derivatives of quadrature weights will be included
 

 The current-density response will be included
 for meta-GGA functionals in TDDFT.

  
           ----------------------
               RI - INFORMATION
           ----------------------

 biggest AO integral is expected to be     9.804440325

 Threshold for integral neglect (rithr2):   0.16E-11
 Threshold for integral neglect (rithr1):   0.16E-11

 Contributions to RI integral batches: 
  neglected integral batches:                144617
  direct contribution:                            0
  memory contribution:                155308
 Core memory available (ricore)            65000 MiB
 Core memory needed for (P|Q) and Cholesky 73 MiB
 Core memory used for integrals            32532 MiB
  
 ****************************************
 Memory allocated for RIDFT 32605 MiB
 ****************************************
                                            
  MOs are in ASCII format !


 reading orbital data $uhfmo_alpha  from file alpha
 orbital characterization : scfconv=7

 reading orbital data $uhfmo_beta  from file beta
 orbital characterization : scfconv=7
 preparing DFT   numerical integration ....
          Overall gridpoints after grid construction =        976332
 Ordering of quadrature gridpoints disabled.

 Calculating ground state density on molecular grid

 Integral of ground state total density: Na =   400.9998589511061    

 Integral of ground state spin density:  Nb =  0.9999912221418796    


 all orbitals will be included in the transformation

 number of non-frozen orbitals          :  1868
 number of non-frozen occupied orbitals :   201
 all orbitals will be included in the transformation

 number of non-frozen orbitals          :  1868
 number of non-frozen occupied orbitals :   200

 dimension of super-tensorspace: 2

          IRREP   tensor space dimension   number of roots

           a            668667                 100

 maximum number of Davidson iterations set to   35


 machine precision: 2.22D-16


 logfile unrs_a    will be constructed


                       Nonorthonormal Krylov Space Iteration


 total number of roots to be determined: 100


 maximum core memory set to        75000 MB,
 corresponding to      553 vectors in CAO basis


 maximum number of simultaneously treated vectors (including degeneracy):      108


 Iteration IRREP Converged      Max. Euclidean
                 roots          residual norm

    1       a        0        1.138876481764673D-01
 
