
   OpenMP run-time library returned nthreads = 20

 escf (hpc3-14-16) : TURBOMOLE rev. V7-5-tag-28-gbe0a187fad compiled 7 Apr 2020 at 04:41:40
 Copyright (C) 2020 TURBOMOLE GmbH, Karlsruhe


    2020-07-31 11:45:34.809 




                                e s c f

                             TURBOMOLE GmbH


          integral direct evaluation of 

                    * excitation energies and transition moments 
                    * dynamic response properties 
                    * stabilities



          OpenMP Shared-Memory Parallelization: 20 CPUs.

            By: Erik P. Almaraz and Filipp Furche
            Copyright 2009-2011 by UCI and TURBOMOLE GmbH.

            Revised by: Christof Holzer and Yannick J. Franzke



          references (see also programs dscf and ridft) 

          implementation and benchmarks (review) 
          F. Furche and D. Rappoport,  
          "Density functional methods for excited states: 
          equilibrium structure and electronic spectra",
          ch. III of "Computational Photochemistry", ed. by 
          M. Olivucci, vol. 16 of "Theoretical and Computational 
          Chemistry", Elsevier, Amsterdam, 2005.

          Bethe-Salpeter equation
          K. Krause and W. Klopper,
          J. Comput. Chem. 38 (2017) 383.

          2c BSE, GW and hybrid TD-DFT
          C. Holzer and W. Klopper
          J. Chem. Phys. 150, 204116 (2019)

          nonorthonormal Krylov space methods 
          F. Furche, B. T. Krull, B. D. Nguyen, and J. Kwon, 
          J. Chem. Phys. 144 (2016), 174105.

          two-component GW quasi particle energies 
          M. Kuehn and F. Weigend, 
          J. Chem. Theory Comput. 11 (2015), 969.

          two-component TDDFT with spin-orbit coupling 
          M. Kuehn and F. Weigend, 
          J. Chem. Theory Comput. 9 (2013), 5341.
          M. Kuehn and F. Weigend, 
          J. Chem. Phys. 142 (2015), 034116.

          GW quasi particle energies
          M. J. van Setten, F. Weigend, and F. Evers,
          J. Chem. Theory Comput. 9 (2013), 232.

          Fast GW methods: RIGW, contour deformation
          J. Chem. Phys. 150, 204116 (2019)

          current-density dependent meta-GGA Linear Response
          J. E. Bates and F. Furche, 
          J. Chem. Phys. 137 (2012), 164105.

          spin-flip method 
          M. Kuehn and F. Weigend, 
          Chem. Phys. Chem. 12 (2011), 3331.

          RI-J method 
          R. Bauernschmitt, M. Haeser, O. Treutler, and R. Ahlrichs,
          Chem. Phys. Lett. 264 (1997), 573.

          density functional implementation               
          R. Bauernschmitt and R. Ahlrichs,
          Chem. Phys. Lett. 256 (1996), 454.
          R. Bauernschmitt and R. Ahlrichs,
          J. Chem. Phys. 104 (1996), 9047.

          UHF extension (RPA and CIS)
          C. Ochsenfeld, J. Gauss, and R. Ahlrichs, 
          J. Chem. Phys. 103 (1995), 7401.

          integral direct algorithm                 
          H. Weiss, R. Ahlrichs, and M. Haeser, 
          J. Chem. Phys. 99 (1993), 1262.

          Seminumerical and pseudospectral algorithms
          C. Holzer, in preparation (2020)

          Two-component static/dynamic polarizabilities,
          and relativistic damped-response approach,
          polarizabilities and damped response at GW-BSE level
          M. Kehry, Y. J. Franzke, C. Holzer, and W. Klopper,
          submitted (2020)
                                     



 UHF mode switched on !


              +--------------------------------------------------+
              | Atomic coordinate, charge and isotop information |
              +--------------------------------------------------+

                    atomic coordinates            atom    charge  isotop
          0.00000000    0.00000000    0.00000000    mo    42.000     0
          0.00000000    0.00000000   -6.34375126    dy    66.000     0
          0.00000000    0.00000000    6.34375126    dy    66.000     0
          2.43167149    2.43167149   -2.51250762    s     16.000     0
         -2.43167149   -2.43167149   -2.51250762    s     16.000     0
          2.43167149   -2.43167149    2.51250762    s     16.000     0
         -2.43167149    2.43167149    2.51250762    s     16.000     0
          4.62184251   -1.55444327   -7.57040577    c      6.000     0
          3.55462612   -3.55462612   -6.13861805    c      6.000     0
          1.55444327   -4.62184251   -7.57040577    c      6.000     0
          1.37008065   -3.27171112   -9.88287754    c      6.000     0
          3.27171112   -1.37008065   -9.88287754    c      6.000     0
         -1.55444327    4.62184251   -7.57040577    c      6.000     0
         -3.55462612    3.55462612   -6.13861805    c      6.000     0
         -4.62184251    1.55444327   -7.57040577    c      6.000     0
         -3.27171112    1.37008065   -9.88287754    c      6.000     0
         -1.37008065    3.27171112   -9.88287754    c      6.000     0
          1.55444327    4.62184251    7.57040577    c      6.000     0
          1.37008065    3.27171112    9.88287754    c      6.000     0
          3.27171112    1.37008065    9.88287754    c      6.000     0
          4.62184251    1.55444327    7.57040577    c      6.000     0
          3.55462612    3.55462612    6.13861805    c      6.000     0
         -4.62184251   -1.55444327    7.57040577    c      6.000     0
         -3.27171112   -1.37008065    9.88287754    c      6.000     0
         -1.37008065   -3.27171112    9.88287754    c      6.000     0
         -1.55444327   -4.62184251    7.57040577    c      6.000     0
         -3.55462612   -3.55462612    6.13861805    c      6.000     0
          0.34207754   -6.17729226   -6.96643838    h      1.000     0
          0.02619030   -3.64184635  -11.40428923    h      1.000     0
          4.11460422   -4.11460422   -4.23483151    h      1.000     0
          3.64184635   -0.02619030  -11.40428923    h      1.000     0
          6.17729226   -0.34207754   -6.96643838    h      1.000     0
         -0.02619030    3.64184635  -11.40428923    h      1.000     0
         -0.34207754    6.17729226   -6.96643838    h      1.000     0
         -4.11460422    4.11460422   -4.23483151    h      1.000     0
         -6.17729226    0.34207754   -6.96643838    h      1.000     0
         -3.64184635    0.02619030  -11.40428923    h      1.000     0
         -0.34207754   -6.17729226    6.96643838    h      1.000     0
         -4.11460422   -4.11460422    4.23483151    h      1.000     0
         -6.17729226   -0.34207754    6.96643838    h      1.000     0
         -3.64184635   -0.02619030   11.40428923    h      1.000     0
         -0.02619030   -3.64184635   11.40428923    h      1.000     0
          0.02619030    3.64184635   11.40428923    h      1.000     0
          0.34207754    6.17729226    6.96643838    h      1.000     0
          4.11460422    4.11460422    4.23483151    h      1.000     0
          3.64184635    0.02619030   11.40428923    h      1.000     0
          6.17729226    0.34207754    6.96643838    h      1.000     0
 
       center of nuclear mass  :   -0.00000000   -0.00000000    0.00000000
       center of nuclear charge:   -0.00000000   -0.00000000   -0.00000000

              +--------------------------------------------------+
              |               basis set information              |
              +--------------------------------------------------+

              we will work with the 1s 3p 5d 7f 9g ... basis set
              ...i.e. with spherical basis functions...

   type   atoms  prim   cont   basis
   ---------------------------------------------------------------------------
    mo       1     60     34   def2-SVPD   [5s4p2d1f|7s7p5d1f]
    dy       2    153     78   def2-SVP   [10s6p4d3f1g|14s12p9d7f1g]
    s        4     45     27   def2-SVPD   [5s4p2d|11s8p2d]
    c       20     24     14   def2-SV(P)   [3s2p1d|7s4p1d]
    h       20      4      2   def2-SV(P)   [2s|4s]
   ---------------------------------------------------------------------------
   total:   47   1106    618
   ---------------------------------------------------------------------------

   total number of primitive shells          :  100
   total number of contracted shells         :  264
   total number of cartesian basis functions :  689
   total number of SCF-basis functions       :  618

 number of unique ecp types :                     2

 residuum convergence criterium   :  0.10E-03

 COSMO is enabled, use tighter integral                screening thresholds 
                     7

 integral neglect threshold       :  0.48E-13
 integral storage threshold THIZE :  0.10E-04
 integral storage threshold THIME :         5

 
             FOUND RI-J FLAG !
 
  
 AUXILIARY BASIS SET information:

              we will work with the 1s 3p 5d 7f 9g ... basis set
              ...i.e. with spherical basis functions...

   type   atoms  prim   cont   basis
   ---------------------------------------------------------------------------
    mo       1     99     89   universal-ecp-   [8s5p5d2f3g|11s5p5d3f3g]
    dy       2    263    200   def2-SVP   [14s7p6d6f5g2h2i|18s7p6d6f6g3h5i]
    s        4     77     51   universal   [8s4p3d1f1g|14s5p5d2f1g]
    c       20     70     49   universal   [6s4p3d1f1g|12s5p4d2f1g]
    h       20     16     11   universal   [3s1p1d|5s2p1d]
   ---------------------------------------------------------------------------
   total:   47   2653   1893
   ---------------------------------------------------------------------------

   total number of primitive shells          :  137
   total number of contracted shells         :  575
   total number of cartesian basis functions : 2438
   total number of SCF-basis functions       : 1893

 RPA UHF-EXCITATION-CALCULATION (spin-conserved)
 
             FOUND DFT-FLAG !
 

 symmetry group of the molecule :   c1 

 the group has the following generators :
   c1(z)

    1 symmetry operations found

 there are 1 real representations :   a   

 maximum number of shells which are related by symmetry :  1

 IRREPs of excited states :   a   

    mo occupation :
   irrep   mo's   occupied
    a      618      154
 
 number of basis functions   :   618
 number of occupied orbitals :   154
 
 ALPHA-Occupation:                   141
 BETA-Occupation :                   154
 COSMO: symmetry in response calc. w/out guarantee
 ==============================================================================
                      COSMO switched on
 ==============================================================================
 COSMO stati: segments per atom: H   32 other atoms   92
 COSMO statistics: nps   1603 npspher:    667
 COSMO surface:
   number of segments: 1603
   area (bohr**2):     1483.895811
   volume (bohr**3):   3853.783024
 COSMO: check number of disjunct cavities:

       ... OK contiguous cavity found
 Using refractive index n                   =    1.30000000000000     
 Screening function (n**2-1)/(n**2+0.5)     =   0.315068493150685     
  
           ------------------
           density functional
           ------------------
 TPSS global hybrid functional
 exchange:    9/10 (LDA+TPSS) + 1/10 HF
 correlation: LDA (PW) + TPSS

 iterations will be done with small grid
  
 spherical integration : Lebedev's spherical grid
 spherical gridsize    :                     4
    i.e. gridpoints    :                   434
 value for diffuse not defined
 radial integration    : Chebyshev 2nd kind (scaling 3)
 radial gridsize       :                     6
 integration cells     :                    47
 partition function    : becke
 partition sharpness   :                     3
  

 The current-density response will be included
 for meta-GGA functionals in TDDFT.

  
           ----------------------
               RI - INFORMATION
           ----------------------

 biggest AO integral is expected to be    25.290768932

 Threshold for integral neglect (rithr2):   0.48E-13
 Threshold for integral neglect (rithr1):   0.48E-13

 Contributions to RI integral batches: 
  neglected integral batches:                  9865
  direct contribution:                            0
  memory contribution:                 25115
 Core memory available (ricore)            15000 MiB
 Core memory needed for (P|Q) and Cholesky 28 MiB
 Core memory used for integrals            3228 MiB
  
 ****************************************
 Memory allocated for RIDFT 3255 MiB
 ****************************************
                                            
  MOs are in ASCII format !


 reading orbital data $uhfmo_alpha  from file alpha
 orbital characterization : scfconv=6

 reading orbital data $uhfmo_beta  from file beta
 orbital characterization : scfconv=6
 preparing DFT   numerical integration ....
          Overall gridpoints after grid construction =        140594

 Calculating ground state density on molecular grid

 Integral of ground state total density: Na =   295.0100625491026    

 Integral of ground state spin density:  Nb =  -13.00026713322040    


 all orbitals will be included in the transformation

 number of non-frozen orbitals          :   618
 number of non-frozen occupied orbitals :   141
 all orbitals will be included in the transformation

 number of non-frozen orbitals          :   618
 number of non-frozen occupied orbitals :   154

 dimension of super-tensorspace: 2

          IRREP   tensor space dimension   number of roots

           a            138713                 100

 maximum number of Davidson iterations set to   35


 machine precision: 2.22D-16


 logfile unrs_a    will be constructed


                       Nonorthonormal Krylov Space Iteration


 total number of roots to be determined: 100


 maximum core memory set to        70000 MB,
 corresponding to     4818 vectors in CAO basis


 maximum number of simultaneously treated vectors (including degeneracy):      108


 Iteration IRREP Converged      Max. Euclidean
                 roots          residual norm

 ritz2: A-B has negative eigenvalue:  -0.46471710D-02
 switching algorithm...
    1       a        0        1.732552439469049D-01
 
    2       a        0        9.452498816353969D-02
 
    3       a        0        9.114761693431649D-02
 
    4       a        0        1.755327398900374D-02
 
    5       a       11        6.796832639580152D-03
 
    6       a       26        4.959378707025412D-03
 
    7       a       40        4.959291242575814D-03
 
    8       a       41        4.959289973696756D-03
 
    9       a       42        4.959289981957457D-03
 
   10       a       42        4.959289994341746D-03
 
   11       a       42        4.959289994851339D-03
 
   12       a       42        4.959289994842644D-03
 
   13       a       42        4.959289994885369D-03
 
 Orthogonal subspace update failed - check your input  !
