
 ridft (login-i16) : TURBOMOLE rev. V7.5.0 compiled 13 Jun 2020 at 23:29:25
 Copyright (C) 2020 TURBOMOLE GmbH, Karlsruhe


    2020-08-01 16:59:41.876 



                                  r i d f t

                        DFT program with RI approximation 
                                for coulomb part 




                                                 
                                 References:     
                                                 
          TURBOMOLE:                             
              R. Ahlrichs, M. Baer, M. Haeser, H. Horn, and
              C. Koelmel
              Electronic structure calculations on workstation
              computers: the program system TURBOMOLE
              Chem. Phys. Lett. 162: 165 (1989)
          Density Functional:                              
              O. Treutler and R. Ahlrichs                      
              Efficient Molecular Numerical Integration Schemes
              J. Chem. Phys. 102: 346 (1995)                   
          Parallel Version:                                
              Performance of parallel TURBOMOLE for Density    
              Functional Calculations                          
              M. v. Arnim and R. Ahlrichs                      
              J. Comp. Chem. 19: 1746 (1998)                   
          RI-J Method:                                     
              Auxiliary Basis Sets to approximate Coulomb      
              Potentials                                       
              Chem. Phys. Lett. 240: 283 (1995)                
              K. Eichkorn, O. Treutler, H. Oehm, M. Haeser     
              and R. Ahlrichs                                  
              Chem. Phys. Lett. 242: 652 (1995)                
                                                           
              Auxiliary Basis Sets for Main Row Atoms and their
              Use to approximate Coulomb Potentials            
              K. Eichkorn, F. Weigend, O. Treutler and         
              R. Ahlrichs                                      
              Theo. Chem. Acc. 97: 119 (1997)                   
                                                           
              Accurate Coulomb-fitting basis sets for H to Rn 
              F. Weigend                                        
              Phys. Chem. Chem. Phys. 8: 1057 (2006)            
                                                           
          Multipole accelerated RI-J (MARI-J):             
              Fast evaluation of the Coulomb potential for     
              electron densities using multipole accelerated   
              resolution of identity approximation             
              M. Sierka, A. Hogekamp and R. Ahlrichs           
              J. Chem. Phys. 118: 9136 (2003)                  
          RI-JK Method:                                     
              A fully direct RI-HF algorithm: Implementation,
              optimised auxiliary basis sets, demonstration of
              accuracy and efficiency                         
              F. Weigend                                      
              Phys. Chem. Chem. Phys. 4: 4285 (2002)           
          Two-component HF and DFT with spin-orbit coupling:  
              Self-consistent treatment of spin-orbit         
              interactions with efficient Hartree-Fock and    
              density functional methods                      
              M. K. Armbruster, F. Weigend, C. van Wüllen and 
              W. Klopper                                      
              Phys. Chem. Chem. Phys. 10: 1748 (2008)         
          Two-component difference density and DIIS algorithm 
              Efficient two-component self-consistent field   
              procedures and gradients: implementation in     
              TURBOMOLE and application to Au20-              
              A. Baldes, F. Weigend                           
              Mol. Phys. 111: 2617 (2013)                     
          Relativistic all-electron 2c calculations           
              An efficient implementation of two-component    
              relativistic exact-decoupling methods for large 
              molecules                                       
              D. Peng, N. Middendorf, F. Weigend, M. Reiher   
              J. Chem. Phys. 138: 184105 (2013)               
          Finite nucleus model and SNSO approximation         
              Efficient implementation of one- and two-       
              component analytical energy gradients in exact  
              two-component theory                            
              Y. J. Franzke, N. Middendorf, F. Weigend        
              J. Chem. Phys. 148: 104110 (2018)               
          Grids for all-electron relativistic methods         
              Error-consistent segmented contracted all-      
              electron relativistic basis sets of double-     
              and triple-zeta quality for NMR shielding       
              constants                                       
              Y. J. Franzke, R. Tress, T. M. Pazdera,         
              F. Weigend                                      
              Phys. Chem. Chem. Phys. 21: 166658 (2019)       
          Seminumerical exchange algorithms                   
              Seminumerical calculation of the Hartree-Fock   
              exchange matirx: Application to two-component   
              procedures and efficient evaluation of local    
              hybrid functionsl                               
              P. Plessow, F. Weigend,                         
              J. Comput. Chem. 33: 810 (2012)                 
          Improved seminumerical algorithms                   
              C. Holzer, in preparation (2020)                
                                         




              +--------------------------------------------------+
              |      general information about current run       |
              +--------------------------------------------------+

 
no calculation of wave function, analysis of properties only

 DENSITY CONVERGENCE CHECK SWITCHED ON !
 SCF CONVERGENCE IF RMS(delta[D]) <     0.1000000000E-06

 TPSS global hybrid functional
 exchange:    9/10 (LDA+TPSS) + 1/10 HF
 correlation: LDA (PW) + TPSS
 A Hybrid-DFT calculation using the RI-J approximation will be carried out.
 Allocatable memory for RI due to $ricore (MB):                 55000
 Multipole approximation for Coulomb integrals is used


              +--------------------------------------------------+
              | Atomic coordinate, charge and isotop information |
              +--------------------------------------------------+

                    atomic coordinates            atom    charge  isotop
          0.00000000    0.00000000    0.00000000    mo    42.000     0
          0.00000000    0.00000000   -6.36917774    tb    65.000     0
          0.00000000    0.00000000    6.36917774    tb    65.000     0
          2.40732579    2.40732579   -2.48520528    s     16.000     0
         -2.40732579   -2.40732579   -2.48520528    s     16.000     0
          2.40732579   -2.40732579    2.48520528    s     16.000     0
         -2.40732579    2.40732579    2.48520528    s     16.000     0
          4.65057448   -1.59767676   -7.63228113    c      6.000     0
          3.59599919   -3.59599919   -6.21146817    c      6.000     0
          1.59767676   -4.65057448   -7.63228113    c      6.000     0
          1.40937476   -3.30164140   -9.93346863    c      6.000     0
          3.30164140   -1.40937476   -9.93346863    c      6.000     0
         -1.59767676    4.65057448   -7.63228113    c      6.000     0
         -3.59599919    3.59599919   -6.21146817    c      6.000     0
         -4.65057448    1.59767676   -7.63228113    c      6.000     0
         -3.30164140    1.40937476   -9.93346863    c      6.000     0
         -1.40937476    3.30164140   -9.93346863    c      6.000     0
          1.59767676    4.65057448    7.63228113    c      6.000     0
          1.40937476    3.30164140    9.93346863    c      6.000     0
          3.30164140    1.40937476    9.93346863    c      6.000     0
          4.65057448    1.59767676    7.63228113    c      6.000     0
          3.59599919    3.59599919    6.21146817    c      6.000     0
         -4.65057448   -1.59767676    7.63228113    c      6.000     0
         -3.30164140   -1.40937476    9.93346863    c      6.000     0
         -1.40937476   -3.30164140    9.93346863    c      6.000     0
         -1.59767676   -4.65057448    7.63228113    c      6.000     0
         -3.59599919   -3.59599919    6.21146817    c      6.000     0
          0.39232132   -6.18597004   -7.03241418    h      1.000     0
          0.06754981   -3.65776729  -11.43197291    h      1.000     0
          4.14774758   -4.14774758   -4.32505583    h      1.000     0
          3.65776729   -0.06754981  -11.43197291    h      1.000     0
          6.18597004   -0.39232132   -7.03241418    h      1.000     0
         -0.06754981    3.65776729  -11.43197291    h      1.000     0
         -0.39232132    6.18597004   -7.03241418    h      1.000     0
         -4.14774758    4.14774758   -4.32505583    h      1.000     0
         -6.18597004    0.39232132   -7.03241418    h      1.000     0
         -3.65776729    0.06754981  -11.43197291    h      1.000     0
         -0.39232132   -6.18597004    7.03241418    h      1.000     0
         -4.14774758   -4.14774758    4.32505583    h      1.000     0
         -6.18597004   -0.39232132    7.03241418    h      1.000     0
         -3.65776729   -0.06754981   11.43197291    h      1.000     0
         -0.06754981   -3.65776729   11.43197291    h      1.000     0
          0.06754981    3.65776729   11.43197291    h      1.000     0
          0.39232132    6.18597004    7.03241418    h      1.000     0
          4.14774758    4.14774758    4.32505583    h      1.000     0
          3.65776729    0.06754981   11.43197291    h      1.000     0
          6.18597004    0.39232132    7.03241418    h      1.000     0
 
       center of nuclear mass  :   -0.00000000    0.00000000   -0.00000000
       center of nuclear charge:    0.00000000    0.00000000   -0.00000000

              +--------------------------------------------------+
              |               basis set information              |
              +--------------------------------------------------+

              we will work with the 1s 3p 5d 7f 9g ... basis set
              ...i.e. with spherical basis functions...

   type   atoms  prim   cont   basis
   ---------------------------------------------------------------------------
    mo       1     60     40   def2-TZVP   [6s4p3d1f|7s7p5d1f]
    tb       2    171     93   def2-TZVP   [10s7p5d4f1g|14s14p10d8f1g]
    s        4     63     37   def2-TZVP   [5s5p2d1f|14s9p3d1f]
    c       20     46     31   def2-TZVP   [5s3p2d1f|11s6p2d1f]
    h       20      8      6   def2-TZVP   [3s1p|5s1p]
   ---------------------------------------------------------------------------
   total:   47   1734   1114
   ---------------------------------------------------------------------------

   total number of primitive shells          :  120
   total number of contracted shells         :  420
   total number of cartesian basis functions : 1286
   total number of SCF-basis functions       : 1114

 number of unique ecp types :                     2

 integral neglect threshold       :  0.26E-11
 integral storage threshold THIZE :  0.10E-04
 integral storage threshold THIME :         5

 RI-J AUXILIARY BASIS SET information:

              we will work with the 1s 3p 5d 7f 9g ... basis set
              ...i.e. with spherical basis functions...

   type   atoms  prim   cont   basis
   ---------------------------------------------------------------------------
    mo       1     99     89   def2-TZVP   [8s5p5d2f3g|11s5p5d3f3g]
    tb       2    263    200   def2-TZVP   [14s7p6d6f5g2h2i|18s7p6d6f6g3h5i]
    s        4     77     51   def2-TZVP   [8s4p3d1f1g|14s5p5d2f1g]
    c       20     70     49   def2-TZVP   [6s4p3d1f1g|12s5p4d2f1g]
    h       20     16     11   def2-TZVP   [3s1p1d|5s2p1d]
   ---------------------------------------------------------------------------
   total:   47   2653   1893
   ---------------------------------------------------------------------------

   total number of primitive shells          :  137
   total number of contracted shells         :  575
   total number of cartesian basis functions : 2438
   total number of SCF-basis functions       : 1893


 symmetry group of the molecule :   c1 

 the group has the following generators :
   c1(z)

    1 symmetry operations found

 there are 1 real representations :   a   

 maximum number of shells which are related by symmetry :  1

  
           ------------------
           density functional
           ------------------
 TPSS global hybrid functional
 exchange:    9/10 (LDA+TPSS) + 1/10 HF
 correlation: LDA (PW) + TPSS

 spherical integration : Lebedev's spherical grid
 spherical gridsize    :                     4
    i.e. gridpoints    :                   434
 value for diffuse not defined
 radial integration    : Chebyshev 2nd kind (scaling 3)
 radial gridsize       :                     6
 integration cells     :                    47
 partition function    : becke
 partition sharpness   :                     3
  
 
 Derivatives of quadrature weights will be included
 

 biggest AO integral is expected to be    24.498957202

          ------------------------
          nuclear repulsion energy  :   5042.75880361    
          ------------------------

  _________________________________
 |                                 |
 |         DFTD3 V3.1 Rev 0        |
 | S.Grimme, University Bonn       |
 |            June  2014           |
 |   see standalone version        |
 |       dftd3 -h for options      |
 |_________________________________|
 
 Please cite DFT-D3 work done with this code as:
 S. Grimme, J. Antony, S. Ehrlich and H. Krieg,
 J. Chem. Phys, 132 (2010), 154104.
 If used with BJ-damping cite also
 S. Grimme, S. Ehrlich and L. Goerigk,
 J. Comput. Chem. 32 (2011), 1456-1465
 For DFT-D2 the reference is
 S. Grimme, J. Comput. Chem., 27 (2006), 1787-1799
 
C6 coefficients used:
                     2  C6 for element                      1
Z=  1 CN= 0.912     C6(AA)=    3.03
Z=  1 CN= 0.000     C6(AA)=    7.59
                     5  C6 for element                      6
Z=  6 CN= 0.000     C6(AA)=   49.11
Z=  6 CN= 0.987     C6(AA)=   43.25
Z=  6 CN= 1.998     C6(AA)=   29.36
Z=  6 CN= 2.999     C6(AA)=   25.78
Z=  6 CN= 3.984     C6(AA)=   18.21
                     3  C6 for element                     16
Z= 16 CN= 0.000     C6(AA)=  134.01
Z= 16 CN= 0.995     C6(AA)=  131.00
Z= 16 CN= 1.990     C6(AA)=  125.81
                     3  C6 for element                     42
Z= 42 CN= 0.000     C6(AA)=  845.90
Z= 42 CN= 1.942     C6(AA)=  502.01
Z= 42 CN=11.056     C6(AA)=  337.11
                     2  C6 for element                     65
Z= 65 CN= 0.000     C6(AA)= 2851.67
Z= 65 CN= 2.909     C6(AA)=  524.92

#           XYZ [au]              R0(AA) [Ang.]  CN          C6(AA)     C8(AA)   C10(AA) [au]
  1   0.00000   0.00000   0.00000   mo  1.286  5.613       502.0     57804.9   8153712.7
  2   0.00000   0.00000  -6.36918   tb  1.828 11.691       524.9    122112.4  34798715.8
  3   0.00000   0.00000   6.36918   tb  1.828 11.691       524.9    122112.4  34798715.8
  4   2.40733   2.40733  -2.48521   s   0.839  2.047       125.9      6166.6    370085.9
  5  -2.40733  -2.40733  -2.48521   s   0.839  2.047       125.9      6166.6    370085.9
  6   2.40733  -2.40733   2.48521   s   0.839  2.047       125.9      6166.6    370085.9
  7  -2.40733   2.40733   2.48521   s   0.839  2.047       125.9      6166.6    370085.9
  8   4.65057  -1.59768  -7.63228   c   0.644  4.116        18.3       528.0     18705.3
  9   3.59600  -3.59600  -6.21147   c   0.644  4.110        18.3       528.0     18707.4
 10   1.59768  -4.65057  -7.63228   c   0.644  4.116        18.3       528.0     18705.3
 11   1.40937  -3.30164  -9.93347   c   0.644  4.117        18.3       528.0     18704.9
 12   3.30164  -1.40937  -9.93347   c   0.644  4.117        18.3       528.0     18704.9
 13  -1.59768   4.65057  -7.63228   c   0.644  4.116        18.3       528.0     18705.3
 14  -3.59600   3.59600  -6.21147   c   0.644  4.110        18.3       528.0     18707.4
 15  -4.65057   1.59768  -7.63228   c   0.644  4.116        18.3       528.0     18705.3
 16  -3.30164   1.40937  -9.93347   c   0.644  4.117        18.3       528.0     18704.9
 17  -1.40937   3.30164  -9.93347   c   0.644  4.117        18.3       528.0     18704.9
 18   1.59768   4.65057   7.63228   c   0.644  4.116        18.3       528.0     18705.3
 19   1.40937   3.30164   9.93347   c   0.644  4.117        18.3       528.0     18704.9
 20   3.30164   1.40937   9.93347   c   0.644  4.117        18.3       528.0     18704.9
 21   4.65057   1.59768   7.63228   c   0.644  4.116        18.3       528.0     18705.3
 22   3.59600   3.59600   6.21147   c   0.644  4.110        18.3       528.0     18707.4
 23  -4.65057  -1.59768   7.63228   c   0.644  4.116        18.3       528.0     18705.3
 24  -3.30164  -1.40937   9.93347   c   0.644  4.117        18.3       528.0     18704.9
 25  -1.40937  -3.30164   9.93347   c   0.644  4.117        18.3       528.0     18704.9
 26  -1.59768  -4.65057   7.63228   c   0.644  4.116        18.3       528.0     18705.3
 27  -3.59600  -3.59600   6.21147   c   0.644  4.110        18.3       528.0     18707.4
 28   0.39232  -6.18597  -7.03241   h   0.417  1.017         3.1        37.3       551.9
 29   0.06755  -3.65777 -11.43197   h   0.417  1.016         3.1        37.3       552.0
 30   4.14775  -4.14775  -4.32506   h   0.417  1.018         3.1        37.3       551.8
 31   3.65777  -0.06755 -11.43197   h   0.417  1.016         3.1        37.3       552.0
 32   6.18597  -0.39232  -7.03241   h   0.417  1.017         3.1        37.3       551.9
 33  -0.06755   3.65777 -11.43197   h   0.417  1.016         3.1        37.3       552.0
 34  -0.39232   6.18597  -7.03241   h   0.417  1.017         3.1        37.3       551.9
 35  -4.14775   4.14775  -4.32506   h   0.417  1.018         3.1        37.3       551.8
 36  -6.18597   0.39232  -7.03241   h   0.417  1.017         3.1        37.3       551.9
 37  -3.65777   0.06755 -11.43197   h   0.417  1.016         3.1        37.3       552.0
 38  -0.39232  -6.18597   7.03241   h   0.417  1.017         3.1        37.3       551.9
 39  -4.14775  -4.14775   4.32506   h   0.417  1.018         3.1        37.3       551.8
 40  -6.18597  -0.39232   7.03241   h   0.417  1.017         3.1        37.3       551.9
 41  -3.65777  -0.06755  11.43197   h   0.417  1.016         3.1        37.3       552.0
 42  -0.06755  -3.65777  11.43197   h   0.417  1.016         3.1        37.3       552.0
 43   0.06755   3.65777  11.43197   h   0.417  1.016         3.1        37.3       552.0
 44   0.39232   6.18597   7.03241   h   0.417  1.017         3.1        37.3       551.9
 45   4.14775   4.14775   4.32506   h   0.417  1.018         3.1        37.3       551.8
 46   3.65777   0.06755  11.43197   h   0.417  1.016         3.1        37.3       552.0
 47   6.18597   0.39232   7.03241   h   0.417  1.017         3.1        37.3       551.9

molecular C6(AA) [au] =     53529.84

           DFT-D V3(BJ)
 DF tpssh                                             
 parameters
 s6       :    1.0000
 s8       :    2.2382
 a1       :    0.4529
 a2       :    4.6550
 k1-k3    :   16.0000    1.3333   -4.0000
 
 Edisp /kcal,au:   -67.9273 -0.10824905

 E6    /kcal :   -26.5741
 E8    /kcal :   -41.3532
 % E8        : 60.88
 nuclear repulsion energy                  =    5042.758803613
 empirical dispersive energy correction    =      -0.108249047
 nuclear repulsion + dispersion correction =    5042.650554566


         -----------------
         -S,T+V- integrals
         -----------------

 1e-integrals will be neglected if expon. factor < 0.259873E-12


          ----------------
          -ecp-  integrals
          ----------------
 
   Difference densities algorithm switched on.
   The maximal number of linear combinations of
   difference densities is                    20 .

 DIIS switched on: error vector is FDS-SDF
 Max. Iterations for DIIS is     :   4
 DIIS matrix (see manual) 
    Scaling factor of diagonals  :  1.200
    threshold for scaling factor :  0.000

 scf convergence criterion : increment of total energy < .1000000D-06
                  and increment of one-electron energy < .1000000D-03

 MOs are in ASCII format !


    mo occupation :
   irrep   mo's   occupied
    a     1114      152
 
 number of basis functions   :  1114
 number of occupied orbitals :   152
 

 reading orbital data $uhfmo_alpha  from file alpha
 orbital characterization : scfconv=7

 reading orbital data $uhfmo_beta  from file beta
 orbital characterization : scfconv=7
 mo-orthogonalization by Cholesky decomposition
 mo-orthogonalization by Cholesky decomposition

 UHF mode switched on !

 closed shell shift switched on 
 all occupied orbitals are shifted by    0.10000

  
           ------------------------
               RI-J - INFORMATION
           ------------------------
 
    +---------------- Multipole Accelerated RI-J ---------------+
    -------------------------------------------------------------
      Number of bins for density partition        :  8
      Maximum multipole moment used               : 14
      Multipole precision parameter               :  1.0000E-08
      Threshold for moment summation              :  1.0000E-24
      Minimum separation between boxes            :  0.0000E+00
      Maximum allowed extent                      :  2.0000E+01
    +-----------------------------------------------------------+
 
 Extensions and centers of shell-pairs:
  number of shells with a single center:    47333
  number of shells with double centers:      1262
 Contributions to RI integral batches: 
  neglected integral batches:                     39815
  multipole/direct contribution:                      0
  multipole/memory contribution:                  48595
 Memory core needed for (P|Q) and Cholesky     28 MByte
 Memory core minimum needed except of (P|Q)     6 MByte
 Total minimum memory core needed (sum)        33 MByte
  
 ****************************************
 Memory allocated for RI-J  8693 MByte
 ****************************************
                                            
 
 
 
 ==============================================================================
                           electrostatic moments
 ==============================================================================

 reference point for electrostatic moments:    0.00000   0.00000   0.00000

 
              nuc           elec       ->  total
 ------------------------------------------------------------------------------
                          charge      
 ------------------------------------------------------------------------------
         292.000000    -293.000000      -1.000000
 a-b                                    11.000000
 
 ------------------------------------------------------------------------------
                       dipole moment  
 ------------------------------------------------------------------------------
   x       0.000000      -0.000045      -0.000045
   y      -0.000000       0.000371       0.000371
   z      -0.000000       0.001003       0.001003
 
   | dipole moment | =     0.0011 a.u. =     0.0027 debye 
 
 ------------------------------------------------------------------------------
                     quadrupole moment
 ------------------------------------------------------------------------------
  xx    1846.896158   -2054.963122    -208.066964
  yy    1846.896158   -2054.961330    -208.065172
  zz   13371.579190  -13583.469958    -211.890768
  xy       0.000000      -0.010541      -0.010541
  xz       0.000000       0.000804       0.000804
  yz       0.000000      -0.001054      -0.001054
 
     1/3  trace=    -209.340968
     anisotropy=       3.824744



 ==============================================================================
                  MULLIKEN POPULATION ANALYSIS (CAO-BASIS)
 ==============================================================================

         BRUTTO POPULATIONS  
 
       values displayed are larger than   0.010000
 
 
       Analysis is done for cartesian functions (CAOs)
 
       sequence of contributions:
     p:  x   y   z
     d: xx  yy  zz  xy  xz  yz
     f:xxx yyy zzz xxy xxz xyy yyz xzz yzz xyz
 
 
 atomic populations from total density:
 
 atom      charge    n(s)      n(p)      n(d)      n(f)      n(g)
 
     1mo     1.08202   2.28842   6.31661   4.28466   0.02829
       p:  2.153  2.153  2.011
       d:  0.559  0.559  0.829  0.779  0.779  0.779
 
     2tb     0.61878   5.12729  12.34765  11.40798   7.49252   0.00577
       p:  4.125  4.125  4.097
       d:  1.549  1.549  1.501  2.176  2.316  2.316
       f:  0.406  0.406  0.402  0.816  0.814  0.816  0.814  0.818  0.818  1.383
 
     3tb     0.61867   5.12732  12.34772  11.40803   7.49249   0.00577
       p:  4.125  4.125  4.097
       d:  1.549  1.549  1.501  2.176  2.316  2.316
       f:  0.406  0.406  0.402  0.816  0.814  0.816  0.814  0.818  0.818  1.383
 
     4s     -0.61970   5.96258  10.58449   0.06636   0.00627
       p:  3.554  3.554  3.477
       d:  0.004  0.004  0.020  0.014  0.013  0.013
 
     5s     -0.61970   5.96258  10.58449   0.06636   0.00627
       p:  3.554  3.554  3.477
       d:  0.004  0.004  0.020  0.014  0.013  0.013
 
     6s     -0.61882   5.96255  10.58365   0.06634   0.00627
       p:  3.553  3.553  3.477
       d:  0.004  0.004  0.020  0.014  0.013  0.013
 
     7s     -0.61883   5.96255  10.58366   0.06634   0.00627
       p:  3.553  3.553  3.477
       d:  0.004  0.004  0.020  0.014  0.013  0.013
 
     8c     -0.19731   3.18397   2.91086   0.09477   0.00770
       p:  1.016  0.960  0.935
       d:  0.013  0.008  0.017  0.018  0.018  0.020
 
     9c     -0.11107   3.12388   2.88584   0.09361   0.00774
       p:  0.960  0.960  0.966
       d:  0.012  0.012  0.023  0.016  0.016  0.016
 
    10c     -0.19731   3.18389   2.91094   0.09477   0.00770
       p:  0.960  1.016  0.936
       d:  0.008  0.013  0.017  0.018  0.020  0.018
 
    11c     -0.20340   3.19464   2.90698   0.09411   0.00766
       p:  0.967  0.970  0.969
       d:  0.007  0.012  0.020  0.012  0.025  0.017
 
    12c     -0.20350   3.19464   2.90708   0.09412   0.00766
       p:  0.970  0.967  0.969
       d:  0.012  0.007  0.020  0.012  0.017  0.025
 
    13c     -0.19732   3.18389   2.91096   0.09477   0.00770
       p:  0.960  1.016  0.936
       d:  0.008  0.013  0.017  0.018  0.020  0.018
 
    14c     -0.11121   3.12399   2.88586   0.09362   0.00774
       p:  0.960  0.960  0.966
       d:  0.012  0.012  0.023  0.016  0.016  0.016
 
    15c     -0.19723   3.18390   2.91086   0.09477   0.00770
       p:  1.016  0.960  0.935
       d:  0.013  0.008  0.017  0.018  0.018  0.020
 
    16c     -0.20354   3.19461   2.90714   0.09412   0.00766
       p:  0.970  0.968  0.969
       d:  0.012  0.007  0.020  0.012  0.017  0.025
 
    17c     -0.20327   3.19456   2.90694   0.09410   0.00766
       p:  0.967  0.970  0.969
       d:  0.007  0.012  0.020  0.012  0.025  0.017
 
    18c     -0.19754   3.18409   2.91096   0.09478   0.00770
       p:  0.960  1.015  0.936
       d:  0.008  0.013  0.017  0.018  0.020  0.018
 
    19c     -0.20334   3.19457   2.90698   0.09412   0.00766
       p:  0.967  0.970  0.969
       d:  0.007  0.012  0.020  0.012  0.025  0.017
 
    20c     -0.20348   3.19468   2.90702   0.09412   0.00766
       p:  0.970  0.967  0.969
       d:  0.012  0.007  0.020  0.012  0.017  0.025
 
    21c     -0.19731   3.18398   2.91086   0.09477   0.00770
       p:  1.016  0.960  0.935
       d:  0.013  0.008  0.017  0.018  0.018  0.020
 
    22c     -0.11092   3.12378   2.88579   0.09360   0.00774
       p:  0.960  0.960  0.966
       d:  0.012  0.012  0.023  0.016  0.016  0.016
 
    23c     -0.19744   3.18403   2.91093   0.09478   0.00770
       p:  1.016  0.960  0.935
       d:  0.013  0.008  0.017  0.018  0.018  0.020
 
    24c     -0.20359   3.19466   2.90714   0.09412   0.00766
       p:  0.970  0.967  0.969
       d:  0.012  0.007  0.020  0.012  0.017  0.025
 
    25c     -0.20316   3.19446   2.90692   0.09411   0.00766
       p:  0.967  0.970  0.969
       d:  0.007  0.012  0.020  0.012  0.025  0.017
 
    26c     -0.19760   3.18412   2.91099   0.09478   0.00770
       p:  0.960  1.015  0.936
       d:  0.008  0.013  0.017  0.018  0.020  0.018
 
    27c     -0.11097   3.12378   2.88585   0.09360   0.00774
       p:  0.960  0.960  0.966
       d:  0.012  0.012  0.023  0.016  0.016  0.016
 
    28h      0.14091   0.83819   0.02090
 
    29h      0.13668   0.84234   0.02098
 
    30h      0.14681   0.83208   0.02111
       p:  0.005  0.005  0.011
 
    31h      0.13675   0.84228   0.02098
 
    32h      0.14091   0.83820   0.02090
 
    33h      0.13664   0.84238   0.02098
 
    34h      0.14089   0.83821   0.02090
 
    35h      0.14678   0.83211   0.02111
       p:  0.005  0.005  0.011
 
    36h      0.14091   0.83819   0.02089
 
    37h      0.13672   0.84230   0.02098
 
    38h      0.14085   0.83825   0.02090
 
    39h      0.14687   0.83202   0.02111
       p:  0.005  0.005  0.011
 
    40h      0.14094   0.83817   0.02090
 
    41h      0.13672   0.84230   0.02098
 
    42h      0.13669   0.84233   0.02098
 
    43h      0.13670   0.84232   0.02098
 
    44h      0.14086   0.83824   0.02090
 
    45h      0.14687   0.83202   0.02111
       p:  0.005  0.005  0.011
 
    46h      0.13663   0.84239   0.02098
 
    47h      0.14093   0.83818   0.02090
 
 
 moments (from total density versus population analysis)
 <charge> =            -1.000000           -1.000000
 <x   >   =            -0.000045            0.000929
 <y   >   =             0.000371           -0.000153
 <z   >   =             0.001003            0.001823
 
 Unpaired electrons from D(alpha)-D(beta)
 
 atom      total     n(s)      n(p)      n(d)      n(f)      n(g)
 
     1mo    -0.66405  -0.00800   0.02696  -0.68267  -0.00034
       p: -0.003 -0.003  0.034
       d: -0.120 -0.120 -0.377 -0.036 -0.014 -0.014
 
     2tb     5.92545  -0.73250   0.01999   0.08008   6.55789  -0.00000
       d:  0.009  0.009  0.024 -0.009  0.024  0.024
       f:  0.399  0.399  0.400  0.789  0.791  0.789  0.791  0.789  0.789  0.622
 
     3tb     5.92549  -0.73252   0.01999   0.08011   6.55792  -0.00000
       d:  0.009  0.009  0.024 -0.009  0.024  0.024
       f:  0.399  0.399  0.400  0.789  0.791  0.789  0.791  0.789  0.789  0.622
 
     4s     -0.04580  -0.00028  -0.03587  -0.00893  -0.00071
       p: -0.008 -0.008 -0.019
 
     5s     -0.04580  -0.00028  -0.03587  -0.00893  -0.00071
       p: -0.008 -0.008 -0.019
 
     6s     -0.04573  -0.00028  -0.03580  -0.00893  -0.00071
       p: -0.008 -0.008 -0.019
 
     7s     -0.04573  -0.00028  -0.03580  -0.00893  -0.00071
       p: -0.008 -0.008 -0.019
 
     9c      0.01140   0.01120   0.00033  -0.00010  -0.00002
 
    14c      0.01139   0.01119   0.00032  -0.00010  -0.00002
 
    22c      0.01141   0.01120   0.00033  -0.00010  -0.00002
 
    27c      0.01140   0.01119   0.00033  -0.00010  -0.00002
 
 
 
 MULLIKEN BRUTTO POPULATIONS FOR SELECTED MOS:

   152a     a  energy/a.u.:     -0.1828745
 atom      total       s         p         d         f
     4s      0.17329   0.00000   0.17334  -0.00007   0.00002
       p:  0.087  0.087  0.000
 
     5s      0.17339  -0.00000   0.17344  -0.00007   0.00002
       p:  0.087  0.087  0.000
 
     6s      0.17341   0.00000   0.17345  -0.00007   0.00002
       p:  0.087  0.087 -0.000
 
     7s      0.17356  -0.00000   0.17360  -0.00007   0.00002
       p:  0.087  0.087  0.000
 
     8c      0.02294  -0.00096   0.02366   0.00021   0.00002
 
    10c      0.02295  -0.00096   0.02368   0.00021   0.00002
 
    11c      0.01116  -0.00000   0.01039   0.00072   0.00005
 
    12c      0.01117  -0.00000   0.01041   0.00071   0.00005
 
    13c      0.02300  -0.00096   0.02372   0.00022   0.00002
 
    15c      0.02301  -0.00096   0.02374   0.00021   0.00002
 
    16c      0.01118  -0.00000   0.01042   0.00072   0.00005
 
    17c      0.01120  -0.00000   0.01044   0.00072   0.00005
 
    18c      0.02297  -0.00096   0.02369   0.00021   0.00002
 
    19c      0.01116  -0.00000   0.01040   0.00072   0.00005
 
    20c      0.01119  -0.00000   0.01043   0.00072   0.00005
 
    21c      0.02295  -0.00096   0.02367   0.00022   0.00002
 
    23c      0.02301  -0.00096   0.02374   0.00021   0.00002
 
    24c      0.01118  -0.00000   0.01042   0.00072   0.00005
 
    25c      0.01121  -0.00001   0.01045   0.00072   0.00005
 
    26c      0.02299  -0.00096   0.02371   0.00022   0.00002
 
 
   155a     a  energy/a.u.:     -0.0689193
 atom      total       s         p         d         f
     1mo     0.55044   0.00000   0.00000   0.55044   0.00000
       d:  0.275  0.275  0.000  0.000  0.000  0.000
 
     4s      0.09966   0.00000   0.08867   0.01034   0.00066
       p:  0.044  0.044  0.000
 
     5s      0.09966   0.00000   0.08867   0.01034   0.00066
       p:  0.044  0.044  0.000
 
     6s      0.09975   0.00000   0.08876   0.01034   0.00065
       p:  0.044  0.044  0.000
 
     7s      0.09975   0.00000   0.08876   0.01034   0.00065
       p:  0.044  0.044  0.000
 
 
   138a     b  energy/a.u.:     -0.1840973
 atom      total       s         p         d         f         g
     2tb     0.01105  -0.00000  -0.00000   0.00333   0.00762   0.00010
 
     3tb     0.01105  -0.00000  -0.00000   0.00333   0.00762   0.00010
 
     4s      0.17323   0.00000   0.17324  -0.00003   0.00002
       p:  0.087  0.087 -0.000
 
     5s      0.17326  -0.00000   0.17328  -0.00003   0.00002
       p:  0.087  0.087  0.000
 
     6s      0.17331   0.00000   0.17332  -0.00003   0.00002
       p:  0.087  0.087 -0.000
 
     7s      0.17336   0.00000   0.17337  -0.00003   0.00002
       p:  0.087  0.087  0.000
 
     8c      0.02232  -0.00085   0.02292   0.00023   0.00002
 
    10c      0.02232  -0.00085   0.02292   0.00023   0.00002
 
    11c      0.01143  -0.00009   0.01076   0.00072   0.00005
 
    12c      0.01144  -0.00009   0.01076   0.00072   0.00005
 
    13c      0.02237  -0.00085   0.02297   0.00023   0.00002
 
    15c      0.02238  -0.00085   0.02298   0.00023   0.00002
 
    16c      0.01146  -0.00009   0.01078   0.00072   0.00005
 
    17c      0.01146  -0.00009   0.01079   0.00072   0.00005
 
    18c      0.02233  -0.00084   0.02292   0.00023   0.00002
 
    19c      0.01144  -0.00010   0.01077   0.00072   0.00005
 
    20c      0.01144  -0.00010   0.01077   0.00072   0.00005
 
    21c      0.02232  -0.00085   0.02292   0.00023   0.00002
 
    23c      0.02237  -0.00085   0.02297   0.00023   0.00002
 
    24c      0.01145  -0.00010   0.01078   0.00072   0.00005
 
    25c      0.01147  -0.00010   0.01080   0.00072   0.00005
 
    26c      0.02236  -0.00084   0.02296   0.00023   0.00002
 
 
   139a     b  energy/a.u.:     -0.1704684
 atom      total       s         p         d         f         g
     1mo     0.08944  -0.00821   0.00000   0.09763   0.00002
       d:  0.018  0.018  0.061  0.000  0.000  0.000
 
     2tb     0.44336   0.31249   0.00100   0.00327   0.12659   0.00001
       f:  0.000  0.000  0.000  0.000  0.000  0.000  0.000  0.000  0.000  0.126
 
     3tb     0.44457   0.31330   0.00101   0.00328   0.12698   0.00001
       f:  0.000  0.000  0.000  0.000  0.000  0.000  0.000  0.000  0.000  0.127
 
 
   141a     b  energy/a.u.:     -0.1283133
 atom      total       s         p         d         f         g
     1mo     0.35776  -0.00773   0.00000   0.36545   0.00004
       d:  0.065  0.065  0.235  0.000  0.000  0.000
 
     2tb     0.11565   0.00963   0.00506   0.02084   0.07999   0.00013
       d:  0.002  0.002  0.001  0.016  0.000  0.000
       f:  0.000  0.000  0.002  0.000  0.002  0.000  0.002  0.000  0.000  0.075
 
     3tb     0.11561   0.00963   0.00507   0.02081   0.07997   0.00013
       d:  0.002  0.002  0.001  0.016  0.000  0.000
       f:  0.000  0.000  0.002  0.000  0.002  0.000  0.002  0.000  0.000  0.075
 
     4s      0.10139  -0.00000   0.09327   0.00761   0.00051
       p:  0.024  0.024  0.045
 
     5s      0.10139  -0.00000   0.09327   0.00761   0.00051
       p:  0.024  0.024  0.045
 
     6s      0.10137  -0.00000   0.09326   0.00761   0.00051
       p:  0.024  0.024  0.045
 
     7s      0.10137  -0.00000   0.09326   0.00761   0.00051
       p:  0.024  0.024  0.045
 
 
   142a     b  energy/a.u.:     -0.0818652
 atom      total       s         p         d         f         g
     1mo     0.50631   0.00000   0.00000   0.50631   0.00000
       d:  0.253  0.253  0.000  0.000  0.000  0.000
 
     2tb     0.01765  -0.00000   0.00000   0.00574   0.01187   0.00004
 
     3tb     0.01768  -0.00000  -0.00000   0.00576   0.01189   0.00004
 
     4s      0.10679   0.00000   0.09746   0.00874   0.00058
       p:  0.049  0.049  0.000
 
     5s      0.10679   0.00000   0.09746   0.00874   0.00058
       p:  0.049  0.049  0.000
 
     6s      0.10692   0.00000   0.09759   0.00874   0.00058
       p:  0.049  0.049  0.000
 
     7s      0.10692   0.00000   0.09759   0.00874   0.00058
       p:  0.049  0.049 -0.000
 
 
   143a     b  energy/a.u.:     -0.0783745
 atom      total       s         p         d         f         g
     1mo     0.36211   0.00000   0.07400   0.28809   0.00003
       p: -0.000  0.000  0.074
       d:  0.000  0.000  0.000  0.288  0.000  0.000
 
     2tb     0.17817   0.03275  -0.00873   0.09747   0.05667   0.00002
       d:  0.011  0.011  0.021  0.054  0.000  0.000
       f:  0.000  0.000  0.003  0.000  0.002  0.000  0.002  0.000  0.000  0.049
 
     3tb     0.17833   0.03277  -0.00872   0.09751   0.05675   0.00002
       d:  0.011  0.011  0.021  0.054  0.000  0.000
       f:  0.000  0.000  0.003  0.000  0.002  0.000  0.002  0.000  0.000  0.049
 
     4s      0.05761   0.00199   0.04053   0.01456   0.00054
       p: -0.000 -0.000  0.041
 
     5s      0.05762   0.00199   0.04053   0.01456   0.00054
       p: -0.000 -0.000  0.041
 
     6s      0.05765   0.00199   0.04055   0.01456   0.00054
       p: -0.000 -0.000  0.041
 
     7s      0.05765   0.00199   0.04055   0.01456   0.00054
       p: -0.000 -0.000  0.041
 
 
   152a     b  energy/a.u.:     -0.0256342
 atom      total       s         p         d         f         g
     1mo    -0.02400  -0.03594   0.00000   0.01187   0.00008
       d:  0.000  0.000  0.012  0.000  0.000  0.000
 
     2tb     0.47657   0.17481   0.00731   0.00376   0.29067   0.00002
       f:  0.000  0.000  0.003  0.000  0.002  0.000  0.002  0.000  0.000  0.284
 
     3tb     0.47789   0.17529   0.00732   0.00378   0.29148   0.00002
       f:  0.000  0.000  0.003  0.000  0.002  0.000  0.002  0.000  0.000  0.285
 
     4s      0.01976   0.00048   0.01788   0.00139   0.00002
       p:  0.002  0.002  0.013
 
     5s      0.01977   0.00048   0.01788   0.00139   0.00002
       p:  0.002  0.002  0.013
 
     6s      0.01983   0.00048   0.01794   0.00140   0.00002
       p:  0.002  0.002  0.013
 
     7s      0.01983   0.00048   0.01794   0.00140   0.00002
       p:  0.002  0.002  0.013
 
 
   153a     b  energy/a.u.:     -0.0246101
 atom      total       s         p         d         f         g
     1mo     0.01687  -0.00000  -0.00533   0.02220   0.00000
       d: -0.000 -0.000  0.000  0.022  0.000  0.000
 
     2tb     0.44308   0.15191  -0.00062   0.01462   0.27714   0.00001
       d: -0.000 -0.000  0.003  0.013  0.000  0.000
       f:  0.000  0.000  0.002  0.000  0.001  0.000  0.001  0.000  0.000  0.273
 
     3tb     0.44171   0.15141  -0.00062   0.01463   0.27627   0.00001
       d: -0.000 -0.000  0.003  0.013  0.000  0.000
       f:  0.000  0.000  0.002  0.000  0.001  0.000  0.001  0.000  0.000  0.272
 
     4s      0.02239   0.00007   0.01985   0.00243   0.00004
       p:  0.000  0.000  0.019
 
     5s      0.02239   0.00007   0.01985   0.00243   0.00004
       p:  0.000  0.000  0.019
 
     6s      0.02233   0.00007   0.01980   0.00243   0.00004
       p:  0.000  0.000  0.019
 
     7s      0.02234   0.00007   0.01980   0.00243   0.00004
       p:  0.000  0.000  0.019
 
 
 
 ==============================================================================
 
HOMO-LUMO Separation
 HOMO         :   -0.12831333 H =     -3.49159 eV
 LUMO         :   -0.08186517 H =     -2.22767 eV
 HOMO-LUMO gap:    0.04644816 H =     +1.26392 eV
 
 ==============================================================================


    ------------------------------------------------------------------------
         total  cpu-time :   9.48 seconds
         total wall-time :   9.95 seconds
    ------------------------------------------------------------------------

   ****  ridft : all done  ****


    2020-08-01 16:59:51.763 

